76 26 56 1 28 54 2
1 28 54 9 29 60 6
9 29 60 3 21 50 12
3 21 50 73 19 38 12
73 19 38 50 20 34 4
50 20 34 6 17 30 5
6 17 30 53 8 36 10
53 8 36 45 0 40 8
45 0 40 11 0 39 1
11 0 39 16 5 46 8
16 5 46 55 7 26 20
55 7 26 82 9 32 6
82 9 32 0 30 34 21
0 30 34 22 38 43 12
22 38 43 29 32 46 6
29 32 46 30 50 43 18
30 50 43 32 48 38 5
32 48 38 72 42 29 10
72 42 29 34 51 81 52
34 51 81 12 49 82 2
12 49 82 25 61 87 13
25 61 87 71 64 88 3
71 64 88 2 75 89 11
2 75 89 43 79 89 4
43 79 89 26 62 75 22
26 62 75 41 40 74 22
41 40 74 38 31 86 15
38 31 86 21 11 89 20
21 11 89 18 11 78 11
18 11 78 44 16 89 12
44 16 89 49 16 87 2
49 16 87 42 16 82 5
42 16 82 85 34 76 18
85 34 76 80 37 82 6
80 37 82 46 51 69 19
46 51 69 74 44 53 17
74 44 53 77 58 48 14
77 58 48 78 53 35 13
78 53 35 4 56 31 5
4 56 31 47 55 28 3
47 55 28 14 57 37 9
14 57 37 88 65 35 8
88 65 35 40 52 38 13
40 52 38 39 30 33 22
39 30 33 58 30 32 1
58 30 32 83 25 29 5
83 25 29 61 26 5 24
61 26 5 17 0 9 26
17 0 9 52 5 15 7
52 5 15 13 13 18 8
13 13 18 63 4 1 19
63 4 1 5 6 1 2
5 6 1 24 30 11 26
24 30 11 65 38 9 8
65 38 9 66 79 35 48
66 79 35 8 72 43 10
8 72 43 81 75 51 8
81 75 51 23 67 56 9
23 67 56 33 77 57 10
33 77 57 28 65 20 38
28 65 20 15 61 16 5
15 61 16 69 69 5 13
69 69 5 35 74 0 7
35 74 0 19 73 19 19
19 73 19 31 62 19 11
31 62 19 59 54 24 9
59 54 24 37 51 18 6
37 51 18 48 49 24 6
48 49 24 84 69 26 20
84 69 26 60 88 13 23
60 88 13 67 81 11 7
67 81 11 87 83 9 2
87 83 9 7 84 6 3
7 84 6 68 83 37 31
68 83 37 62 88 53 16
62 88 53 36 84 72 19
36 84 72 54 89 89 17
54 89 89 64 83 79 11
64 83 79 51 81 82 3
51 81 82 75 87 40 42
75 87 40 89 33 37 54
89 33 37 70 22 50 17
70 22 50 86 19 54 5
86 19 54 20 0 64 21
20 0 64 57 0 61 3
57 0 61 56 0 57 4
56 0 57 27 12 49 14
27 12 49 10 30 65 24
10 30 65 79 25 70 7
79 25 70 76 26 56 14
