1 16 14 12 19 21 7
12 19 21 0 15 72 51
0 15 72 4 31 72 16
4 31 72 11 15 58 21
11 15 58 5 24 55 9
5 24 55 19 14 63 12
19 14 63 73 11 64 3
73 11 64 22 17 56 10
22 17 56 31 14 55 3
31 14 55 44 6 50 9
44 6 50 55 15 54 9
55 15 54 71 15 48 6
71 15 48 63 52 59 38
63 52 59 7 69 63 17
7 69 63 39 69 64 1
39 69 64 48 69 68 4
48 69 68 72 69 52 16
72 69 52 50 44 38 28
50 44 38 8 38 31 9
8 38 31 57 43 30 5
57 43 30 61 38 47 17
61 38 47 37 37 52 5
37 37 52 54 31 49 6
54 31 49 62 48 60 20
62 48 60 46 38 60 10
46 38 60 67 54 47 20
67 54 47 68 53 62 15
68 53 62 2 53 68 6
2 53 68 3 51 69 2
3 51 69 13 56 73 6
13 56 73 15 52 65 8
15 52 65 70 8 73 44
70 8 73 29 3 63 11
29 3 63 26 3 58 5
26 3 58 32 39 8 61
32 39 8 20 33 9 6
20 33 9 6 34 4 5
6 34 4 35 25 8 9
35 25 8 59 30 6 5
59 30 6 33 27 20 14
33 27 20 45 32 18 5
45 32 18 65 26 24 8
65 26 24 30 30 31 8
30 30 31 49 28 34 3
49 28 34 36 10 24 20
36 10 24 27 11 31 7
27 11 31 25 9 35 4
25 9 35 52 2 16 20
52 2 16 47 19 35 25
47 19 35 28 20 34 1
28 20 34 58 21 32 2
58 21 32 69 14 38 9
69 14 38 17 10 43 6
17 10 43 51 64 13 61
51 64 13 16 72 6 10
16 72 6 24 60 15 15
24 60 15 10 60 18 3
10 60 18 41 58 9 9
41 58 9 42 58 12 3
42 58 12 18 53 13 5
18 53 13 43 57 6 8
43 57 6 60 60 11 5
60 60 11 56 53 21 12
56 53 21 21 57 30 9
21 57 30 38 55 25 5
38 55 25 66 49 16 10
66 49 16 64 73 16 24
64 73 16 23 69 17 4
23 69 17 53 69 18 1
53 69 18 14 70 27 9
14 70 27 40 19 1 57
40 19 1 34 11 5 8
34 11 5 9 8 2 4
9 8 2 1 16 14 14
