1 115 8 102 117 7 2
102 117 7 9 103 6 14
9 103 6 115 55 10 48
115 55 10 21 27 10 28
21 27 10 41 20 7 7
41 20 7 18 18 16 9
18 18 16 61 9 16 9
61 9 16 82 11 5 11
82 11 5 89 12 9 4
89 12 9 110 6 3 8
110 6 3 63 27 10 22
63 27 10 32 68 7 41
32 68 7 29 72 19 12
29 72 19 71 61 2 20
71 61 2 86 71 7 11
86 71 7 70 80 4 9
70 80 4 53 43 19 39
53 43 19 8 40 25 6
8 40 25 73 52 19 13
73 52 19 36 52 60 41
36 52 60 14 36 63 16
14 36 63 11 37 61 2
11 37 61 51 39 63 2
51 39 63 87 36 59 5
87 36 59 15 29 48 13
15 29 48 4 28 52 4
4 28 52 112 15 43 15
112 15 43 49 1 29 19
49 1 29 59 3 24 5
59 3 24 105 4 45 21
105 4 45 37 6 37 8
37 6 37 108 16 47 14
108 16 47 26 47 70 38
26 47 70 60 47 72 2
60 47 72 0 47 101 29
0 47 101 28 61 110 16
28 61 110 24 64 105 5
24 64 105 114 62 101 4
114 62 101 68 66 99 4
68 66 99 95 60 100 6
95 60 100 35 67 113 14
35 67 113 3 72 110 5
3 72 110 5 82 116 11
5 82 116 55 70 111 13
55 70 111 42 42 114 28
42 42 114 111 51 113 9
111 51 113 75 3 79 58
75 3 79 48 6 69 10
48 6 69 56 11 57 13
56 11 57 85 12 57 1
85 12 57 50 11 94 37
50 11 94 22 13 87 7
22 13 87 39 18 100 13
39 18 100 58 3 108 17
58 3 108 116 8 108 5
116 8 108 23 13 106 5
23 13 106 45 8 117 12
45 8 117 81 55 92 53
81 55 92 19 55 84 8
19 55 84 38 53 78 6
38 53 78 67 59 77 6
67 59 77 113 55 83 7
113 55 83 97 61 97 15
97 61 97 106 67 88 10
106 67 88 13 77 83 11
13 77 83 98 79 89 6
98 79 89 109 52 89 27
109 52 89 83 115 108 65
83 115 108 46 109 68 40
46 109 68 17 109 55 13
17 109 55 30 97 48 13
30 97 48 94 93 50 4
94 93 50 76 105 56 13
76 105 56 104 111 44 13
104 111 44 90 97 74 33
90 97 74 40 91 82 10
40 91 82 57 113 98 27
57 113 98 65 94 99 19
65 94 99 44 101 93 9
44 101 93 92 111 88 11
92 111 88 77 105 117 29
77 105 117 93 33 83 79
93 33 83 117 27 82 6
117 27 82 103 36 100 20
103 36 100 43 24 110 15
43 24 110 79 30 97 14
79 30 97 47 61 55 52
47 61 55 2 71 56 10
2 71 56 99 76 55 5
99 76 55 78 78 59 4
78 78 59 91 74 56 5
91 74 56 69 61 52 13
69 61 52 20 68 44 10
20 68 44 100 77 67 24
100 77 67 10 87 58 13
10 87 58 25 83 49 9
25 83 49 52 70 69 23
52 70 69 54 85 74 15
54 85 74 80 57 62 30
80 57 62 96 47 46 18
96 47 46 12 56 36 13
12 56 36 101 55 41 5
101 55 41 27 91 29 37
27 91 29 16 87 19 10
16 87 19 31 95 38 20
31 95 38 33 91 41 5
33 91 41 64 99 42 8
64 99 42 66 86 25 21
66 86 25 62 81 31 7
62 81 31 107 95 25 15
107 95 25 7 107 30 13
7 107 30 34 91 2 32
34 91 2 72 90 9 7
72 90 9 74 91 12 3
74 91 12 88 102 14 11
88 102 14 6 107 16 5
6 107 16 84 112 20 6
84 112 20 1 115 8 12
