1 66 17 68 63 18 3
68 63 18 10 69 13 7
10 69 13 0 45 45 40
0 45 45 4 64 44 19
4 64 44 24 64 32 12
24 64 32 2 61 36 5
2 61 36 6 55 37 6
6 55 37 33 69 40 14
33 69 40 42 70 41 1
42 70 41 59 66 43 4
59 66 43 62 64 46 3
62 64 46 25 39 55 26
25 39 55 3 33 61 8
3 33 61 66 32 61 1
66 32 61 5 23 68 11
5 23 68 32 16 67 7
32 16 67 19 13 75 8
19 13 75 74 1 76 12
74 1 76 29 5 70 7
29 5 70 40 5 74 4
40 5 74 46 13 61 15
46 13 61 55 13 69 8
55 13 69 61 19 69 6
61 19 69 49 23 59 10
49 23 59 14 22 58 1
14 22 58 44 20 57 2
44 20 57 67 24 61 5
67 24 61 58 12 53 14
58 12 53 15 2 61 12
15 2 61 18 17 55 16
18 17 55 34 21 52 5
34 21 52 63 7 57 14
63 7 57 13 48 66 41
13 48 66 9 46 76 10
9 46 76 45 51 65 12
45 51 65 65 39 50 19
65 39 50 28 63 63 27
28 63 63 72 60 60 4
72 60 60 7 63 58 3
7 63 58 35 64 58 1
35 64 58 38 55 59 9
38 55 59 75 64 69 13
75 64 69 21 67 72 4
21 67 72 50 67 74 2
50 67 74 27 58 68 10
27 58 68 43 61 71 4
43 61 71 53 71 68 10
53 71 68 48 8 19 79
48 8 19 20 11 23 5
20 11 23 23 17 25 6
23 17 25 39 14 26 3
39 14 26 64 22 26 8
64 22 26 31 21 22 4
31 21 22 52 20 25 3
52 20 25 37 0 17 21
37 0 17 70 10 5 15
70 10 5 73 19 7 9
73 19 7 30 26 6 7
30 26 6 11 30 9 5
11 30 9 51 36 9 6
51 36 9 76 7 33 37
76 7 33 12 9 37 4
12 9 37 26 12 41 5
26 12 41 69 2 46 11
69 2 46 56 27 31 29
56 27 31 41 27 24 7
41 27 24 16 69 9 44
16 69 9 36 76 26 18
36 76 26 8 75 20 6
8 75 20 17 74 33 13
17 74 33 54 56 13 26
54 56 13 22 51 3 11
22 51 3 57 42 3 9
57 42 3 47 51 13 13
47 51 13 71 63 4 15
71 63 4 60 58 2 5
60 58 2 1 66 17 17
