1 17 125 71 33 128 16
71 33 128 57 36 129 3
57 36 129 93 40 133 5
93 40 133 73 53 134 13
73 53 134 49 12 83 65
49 12 83 9 1 81 11
9 1 81 27 36 80 35
27 36 80 48 32 71 9
48 32 71 113 38 54 18
113 38 54 0 127 51 89
0 127 51 6 155 34 32
6 155 34 155 154 13 21
155 154 13 16 146 5 11
16 146 5 38 134 40 37
38 134 40 55 140 44 7
55 140 44 12 140 45 1
12 140 45 24 149 51 10
24 149 51 50 120 63 31
50 120 63 20 132 65 12
20 132 65 23 113 67 19
23 113 67 75 113 57 10
75 113 57 41 114 57 1
41 114 57 58 139 129 76
58 139 129 36 126 137 15
36 126 137 29 126 131 6
29 126 131 72 118 127 8
72 118 127 17 114 135 8
17 114 135 106 139 144 26
106 139 144 37 138 121 23
37 138 121 60 135 109 12
60 135 109 56 124 109 11
56 124 109 77 129 112 5
77 129 112 96 135 107 7
96 135 107 108 142 117 12
108 142 117 68 144 68 49
68 144 68 86 140 64 5
86 140 64 97 136 94 30
97 136 94 13 134 91 3
13 134 91 54 147 102 17
54 147 102 123 155 91 13
123 155 91 87 86 59 76
87 86 59 28 86 49 10
28 86 49 30 71 45 15
30 71 45 81 81 37 12
81 81 37 110 55 46 27
110 55 46 64 52 46 3
64 52 46 34 92 48 40
34 92 48 127 96 46 4
127 96 46 142 92 42 5
142 92 42 43 68 69 36
43 68 69 4 75 63 9
4 75 63 5 65 64 10
5 65 64 53 63 61 3
53 63 61 59 60 55 6
59 60 55 74 69 58 9
74 69 58 40 61 96 38
40 61 96 80 65 99 5
80 65 99 102 70 74 25
102 70 74 103 78 79 9
103 78 79 128 60 82 18
128 60 82 78 60 80 2
78 60 80 99 59 82 2
99 59 82 92 102 72 44
92 102 72 138 106 73 4
138 106 73 149 102 70 5
149 102 70 104 95 106 36
104 95 106 46 83 128 25
46 83 128 8 82 129 1
8 82 129 19 79 142 13
19 79 142 3 72 139 7
3 72 139 117 82 155 18
117 82 155 98 80 127 28
98 80 127 139 70 130 10
139 70 130 15 96 137 26
15 96 137 21 99 140 4
21 99 140 132 92 129 13
132 92 129 144 104 131 12
144 104 131 35 104 136 5
35 104 136 122 107 122 14
122 107 122 82 87 111 22
82 87 111 79 88 117 6
79 88 117 109 91 105 12
109 91 105 115 95 114 9
115 95 114 61 101 113 6
61 101 113 120 92 97 18
120 92 97 146 81 96 11
146 81 96 100 121 43 66
100 121 43 84 121 38 5
84 121 38 94 124 28 10
94 124 28 69 124 28 0
69 124 28 135 114 37 13
135 114 37 105 102 23 18
105 102 23 42 96 16 9
42 96 16 76 87 17 9
76 87 17 66 120 17 33
66 120 17 112 118 14 3
112 118 14 130 129 11 11
130 129 11 70 128 0 11
70 128 0 140 135 11 13
140 135 11 95 139 12 4
95 139 12 153 121 10 18
153 121 10 83 103 10 18
83 103 10 125 101 2 8
125 101 2 143 74 14 29
143 74 14 32 54 23 21
32 54 23 22 64 30 12
22 64 30 101 50 15 20
101 50 15 52 51 8 7
52 51 8 145 55 26 18
145 55 26 25 57 24 2
25 57 24 151 51 28 7
151 51 28 47 65 13 20
47 65 13 10 68 17 5
10 68 17 148 77 15 9
148 77 15 154 78 4 11
154 78 4 150 94 30 30
150 94 30 18 91 29 3
18 91 29 137 105 36 15
137 105 36 63 23 75 90
63 23 75 67 10 79 13
67 10 79 114 9 69 10
114 9 69 131 10 67 2
131 10 67 111 8 49 18
111 8 49 44 18 33 18
44 18 33 11 17 28 5
11 17 28 133 11 35 9
133 11 35 65 30 12 29
65 30 12 39 36 15 6
39 36 15 51 6 0 33
51 6 0 136 3 4 5
136 3 4 118 31 25 35
118 31 25 26 30 20 5
26 30 20 85 5 51 39
85 5 51 88 0 49 5
88 0 49 121 22 100 55
121 22 100 2 33 106 12
2 33 106 152 37 112 7
152 37 112 116 41 109 5
116 41 109 45 21 109 20
45 21 109 90 25 89 20
90 25 89 124 13 99 15
124 13 99 62 17 98 4
62 17 98 119 1 104 17
119 1 104 91 35 143 51
91 35 143 107 38 149 6
107 38 149 126 33 154 7
126 33 154 129 33 120 34
129 33 120 141 44 120 11
141 44 120 33 52 119 8
33 52 119 134 67 114 15
134 67 114 147 61 113 6
147 61 113 7 12 143 57
7 12 143 31 0 151 14
31 0 151 14 5 119 32
14 5 119 89 11 112 9
89 11 112 1 17 125 14
