123 33 7 1 26 6 7
1 26 6 95 25 4 2
95 25 4 9 49 12 25
9 49 12 24 50 10 2
24 50 10 132 49 8 2
132 49 8 49 37 8 12
49 37 8 52 16 10 21
52 16 10 90 10 13 6
90 10 13 120 43 39 42
120 43 39 19 55 36 12
19 55 36 86 63 40 8
86 63 40 107 48 47 16
107 48 47 17 57 49 9
17 57 49 20 61 45 5
20 61 45 25 36 68 33
25 36 68 6 60 83 28
6 60 83 43 72 68 19
43 72 68 75 68 57 11
75 68 57 113 68 52 5
113 68 52 133 46 87 41
133 46 87 29 35 86 11
29 35 86 98 47 96 15
98 47 96 48 38 96 9
48 38 96 0 123 65 90
0 123 65 2 107 67 16
2 107 67 42 89 81 22
42 89 81 127 80 79 9
127 80 79 32 79 74 5
32 79 74 99 110 70 31
99 110 70 83 112 68 2
83 112 68 112 101 59 14
112 101 59 74 103 61 2
74 103 61 105 96 60 7
105 96 60 23 112 9 53
23 112 9 31 130 6 18
31 130 6 22 133 24 18
22 133 24 134 132 18 6
134 132 18 68 136 16 4
68 136 16 30 136 1 15
30 136 1 35 125 15 17
35 125 15 118 124 18 3
118 124 18 88 125 2 16
88 125 2 46 88 28 45
46 88 28 36 86 17 11
36 86 17 40 74 34 20
40 74 34 45 72 22 12
45 72 22 87 101 29 29
87 101 29 76 98 32 4
76 98 32 102 102 24 8
102 102 24 115 106 28 5
115 106 28 63 90 0 32
63 90 0 16 85 8 9
16 85 8 67 98 1 14
67 98 1 85 98 0 1
85 98 0 101 113 5 15
101 113 5 121 105 10 9
121 105 10 58 114 134 124
58 114 134 5 107 115 20
5 107 115 11 110 93 22
11 110 93 39 118 100 10
39 118 100 89 101 90 19
89 101 90 117 100 93 3
117 100 93 103 110 90 10
103 110 90 37 98 112 25
37 98 112 131 96 105 7
131 96 105 8 126 132 40
8 126 132 111 135 126 10
111 135 126 114 129 131 7
114 129 131 62 75 112 57
62 75 112 12 67 105 10
12 67 105 28 56 101 11
28 56 101 65 87 100 31
65 87 100 50 87 93 7
50 87 93 15 78 94 9
15 78 94 84 48 131 47
84 48 131 4 41 112 20
4 41 112 33 49 117 9
33 49 117 61 34 108 17
61 34 108 119 23 121 17
119 23 121 10 20 136 15
10 20 136 21 15 129 8
21 15 129 51 46 132 31
51 46 132 109 36 124 12
109 36 124 56 58 121 22
56 58 121 91 68 132 14
91 68 132 64 53 132 15
64 53 132 27 56 128 5
27 56 128 108 97 134 41
108 97 134 106 90 129 8
106 90 129 124 102 127 12
124 102 127 125 128 117 27
125 128 117 14 133 104 13
14 133 104 54 132 101 3
54 132 101 93 126 101 6
93 126 101 38 126 102 1
38 126 102 60 135 106 9
60 135 106 96 136 110 4
96 136 110 80 127 119 12
80 127 119 7 119 124 9
7 119 124 110 121 118 6
110 121 118 100 126 64 54
100 126 64 122 120 48 17
122 120 48 18 128 44 8
18 128 44 72 134 37 9
72 134 37 66 107 44 27
66 107 44 41 101 44 6
41 101 44 44 95 40 7
44 95 40 92 121 52 28
92 121 52 130 136 76 28
130 136 76 79 134 81 5
79 134 81 53 51 68 84
53 51 68 57 37 66 14
57 37 66 104 39 65 2
104 39 65 59 30 75 13
59 30 75 70 20 82 12
70 20 82 26 26 87 7
26 26 87 47 19 95 10
47 19 95 116 27 95 8
116 27 95 55 13 76 23
55 13 76 13 13 72 4
13 13 72 129 9 85 13
129 9 85 126 6 104 19
126 6 104 81 1 123 19
81 1 123 3 0 119 4
3 0 119 34 6 126 9
34 6 126 128 6 96 30
128 6 96 135 20 70 29
135 20 70 73 18 65 5
73 18 65 97 11 56 11
97 11 56 69 0 66 14
69 0 66 71 17 58 18
71 17 58 77 21 48 10
77 21 48 94 23 61 13
94 23 61 136 16 37 25
136 16 37 78 1 20 22
78 1 20 82 25 35 28
82 25 35 123 33 7 29
