1 1 19 5 3 20 2
5 3 20 21 7 24 5
21 7 24 37 10 30 6
37 10 30 3 8 35 5
3 8 35 4 5 32 4
4 5 32 10 1 35 5
10 1 35 34 6 33 5
34 6 33 13 15 25 12
13 15 25 19 17 32 7
19 17 32 36 24 33 7
36 24 33 24 25 35 2
24 25 35 0 20 11 24
0 20 11 14 22 13 2
14 22 13 7 25 22 9
7 25 22 27 23 26 4
27 23 26 28 29 24 6
28 29 24 8 24 16 9
8 24 16 35 26 14 2
35 26 14 15 29 16 3
15 29 16 18 29 18 2
18 29 18 16 8 11 22
16 8 11 31 5 13 3
31 5 13 26 16 5 13
26 16 5 9 18 6 2
9 18 6 23 15 5 3
23 15 5 29 26 2 11
29 26 2 25 28 4 2
25 28 4 30 14 12 16
30 14 12 32 36 12 22
32 36 12 11 33 8 5
11 33 8 6 34 8 1
6 34 8 22 31 5 4
22 31 5 17 35 31 26
17 35 31 2 31 30 4
2 31 30 12 30 32 2
12 30 32 33 31 29 3
33 31 29 20 36 23 7
20 36 23 1 1 19 35
