1 9 138 131 20 146 13
131 20 146 117 18 123 23
117 18 123 41 32 114 16
41 32 114 48 37 121 8
48 37 121 135 38 119 2
135 38 119 0 43 63 56
0 43 63 10 56 70 14
10 56 70 127 59 84 14
127 59 84 57 55 89 6
57 55 89 91 59 85 5
91 59 85 145 63 63 22
145 63 63 17 4 61 59
17 4 61 104 6 60 2
104 6 60 103 7 42 18
103 7 42 9 10 39 4
9 10 39 143 5 69 30
143 5 69 35 84 34 86
35 84 34 22 104 47 23
22 104 47 15 103 45 2
15 103 45 52 103 44 1
52 103 44 29 121 76 36
29 121 76 75 127 91 16
75 127 91 18 133 90 6
18 133 90 79 134 86 4
79 134 86 106 109 66 32
106 109 66 24 115 67 6
24 115 67 144 107 66 8
144 107 66 44 120 44 25
44 120 44 78 118 47 3
78 118 47 96 140 43 22
96 140 43 5 138 41 2
5 138 41 38 140 29 12
38 140 29 11 149 58 30
11 149 58 114 139 56 10
114 139 56 88 143 59 5
88 143 59 121 147 71 12
121 147 71 46 147 79 8
46 147 79 51 152 88 10
51 152 88 102 98 49 66
102 98 49 82 100 55 6
82 100 55 58 74 24 40
58 74 24 105 68 26 6
105 68 26 56 61 26 7
56 61 26 109 77 15 19
109 77 15 13 82 15 5
13 82 15 115 73 15 9
115 73 15 27 72 7 8
27 72 7 59 92 1 20
59 92 1 53 86 3 6
53 86 3 65 86 30 27
65 86 30 26 91 33 5
26 91 33 73 96 30 5
73 96 30 68 66 43 32
68 66 43 54 74 45 8
54 74 45 111 59 14 34
111 59 14 67 65 18 7
67 65 18 119 55 17 10
119 55 17 123 50 21 6
123 50 21 129 87 41 42
129 87 41 146 85 43 2
146 85 43 130 104 22 28
130 104 22 8 127 15 24
8 127 15 64 149 15 22
64 149 15 107 131 18 18
107 131 18 43 131 26 8
43 131 26 110 124 8 19
110 124 8 32 94 18 31
32 94 18 55 88 16 6
55 88 16 92 102 32 21
92 102 32 101 110 20 14
101 110 20 100 114 14 7
100 114 14 39 78 69 65
39 78 69 19 79 69 1
19 79 69 83 77 80 11
83 77 80 118 82 83 5
118 82 83 97 84 70 13
97 84 70 45 89 65 7
45 89 65 125 75 56 16
125 75 56 99 67 54 8
99 67 54 95 61 53 6
95 61 53 148 85 54 24
148 85 54 151 76 66 15
151 76 66 77 28 60 48
77 28 60 33 24 71 11
33 24 71 112 33 72 9
112 33 72 47 29 50 22
47 29 50 80 47 62 21
80 47 62 93 26 23 44
93 26 23 2 27 30 7
2 27 30 98 25 37 7
98 25 37 30 16 39 9
30 16 39 90 36 4 40
90 36 4 62 35 7 3
62 35 7 147 40 8 5
147 40 8 87 41 6 2
87 41 6 116 19 25 29
116 19 25 34 0 3 29
34 0 3 74 5 5 5
74 5 5 40 17 23 21
40 17 23 94 41 63 46
94 41 63 128 39 84 21
128 39 84 25 41 100 16
25 41 100 14 31 103 10
14 31 103 50 27 100 5
50 27 100 36 44 77 28
36 44 77 6 50 84 9
6 50 84 60 16 88 34
60 16 88 72 18 96 8
72 18 96 89 0 87 20
89 0 87 4 6 87 6
4 6 87 134 32 92 26
134 32 92 86 27 86 7
86 27 86 137 45 49 41
137 45 49 42 49 52 5
42 49 52 81 47 35 17
81 47 35 69 40 26 11
69 40 26 16 38 33 7
16 38 33 140 75 109 84
140 75 109 70 59 101 17
70 59 101 7 50 103 9
7 50 103 132 67 96 18
132 67 96 85 83 105 18
85 83 105 3 83 92 13
3 83 92 120 88 94 5
120 88 94 138 94 96 6
138 94 96 12 104 90 11
12 104 90 139 104 106 16
139 104 106 126 82 132 34
126 82 132 61 76 146 15
61 76 146 23 70 142 7
23 70 142 150 71 131 11
150 71 131 133 105 142 35
133 105 142 122 130 128 28
122 130 128 37 123 127 7
37 123 127 28 121 114 13
28 121 114 76 119 130 16
76 119 130 84 135 122 17
84 135 122 108 141 128 8
108 141 128 141 146 129 5
141 146 129 113 123 135 23
113 123 135 31 128 140 7
31 128 140 71 121 142 7
71 121 142 136 135 138 14
136 135 138 153 107 144 28
153 107 144 49 106 153 9
49 106 153 142 60 121 56
142 60 121 66 52 141 21
66 52 141 20 40 138 12
20 40 138 63 54 149 17
63 54 149 124 47 137 13
124 47 137 152 4 116 47
152 4 116 149 29 148 40
149 29 148 21 5 149 24
21 5 149 1 9 138 11
