5 6 6 1 11 5 5
1 11 5 3 6 8 5
3 6 8 11 5 14 6
11 5 14 0 3 30 16
0 3 30 9 0 27 4
9 0 27 25 1 24 3
25 1 24 10 15 27 14
10 15 27 6 22 30 7
6 22 30 14 23 23 7
14 23 23 29 26 29 6
29 26 29 27 16 21 12
27 16 21 7 19 21 3
7 19 21 2 22 18 4
2 22 18 26 17 20 5
26 17 20 15 3 29 16
15 3 29 8 7 25 5
8 7 25 17 11 17 8
17 11 17 18 9 17 2
18 9 17 24 9 14 3
24 9 14 4 11 12 2
4 11 12 20 22 10 11
20 22 10 19 19 10 3
19 19 10 13 17 10 2
13 17 10 23 22 5 7
23 22 5 21 25 3 3
21 25 3 30 29 3 4
30 29 3 28 29 5 2
28 29 5 16 0 5 29
16 0 5 22 2 1 4
22 2 1 12 2 0 1
12 2 0 5 6 6 7
