28 51 36 1 52 42 6
1 52 42 49 47 49 8
49 47 49 19 51 47 4
19 51 47 31 46 46 5
31 46 46 8 47 47 1
8 47 47 44 43 49 4
44 43 49 3 51 39 12
3 51 39 0 51 35 4
0 51 35 16 52 21 14
16 52 21 12 51 18 3
12 51 18 48 50 15 3
48 50 15 11 50 12 3
11 50 12 9 48 12 2
9 48 12 17 50 21 9
17 50 21 21 38 19 12
21 38 19 18 17 7 24
18 17 7 34 10 4 7
34 10 4 45 8 6 2
45 8 6 37 2 7 6
37 2 7 40 3 22 15
40 3 22 10 10 22 7
10 10 22 6 11 25 3
6 11 25 14 4 25 7
14 4 25 5 3 27 2
5 3 27 42 22 2 31
42 22 2 33 29 1 7
33 29 1 36 25 4 5
36 25 4 25 26 17 13
25 26 17 4 26 12 5
4 26 12 13 25 13 1
13 25 13 41 28 8 5
41 28 8 29 33 8 5
29 33 8 32 45 17 15
32 45 17 22 48 8 9
22 48 8 26 46 4 4
26 46 4 43 43 1 4
43 43 1 39 42 23 22
39 42 23 47 34 18 9
47 34 18 50 34 28 10
50 34 28 38 30 23 6
38 30 23 23 38 37 16
23 38 37 2 32 37 6
2 32 37 30 28 35 4
30 28 35 35 17 51 19
35 17 51 15 19 44 7
15 19 44 27 3 42 16
27 3 42 7 4 40 2
7 4 40 46 3 41 1
46 3 41 52 10 50 11
52 10 50 20 39 43 29
20 39 43 51 46 31 13
51 46 31 24 41 29 5
24 41 29 28 51 36 12
