32 7 14 1 5 19 5
1 5 19 8 1 11 8
8 1 11 23 11 14 10
23 11 14 19 11 11 3
19 11 11 7 12 15 4
7 12 15 0 28 27 20
0 28 27 10 41 38 17
10 41 38 18 25 32 17
18 25 32 24 22 34 3
24 22 34 6 17 28 7
6 17 28 15 13 30 4
15 13 30 11 20 38 10
11 20 38 25 15 40 5
25 15 40 5 9 34 8
5 9 34 12 7 30 4
12 7 30 27 8 29 1
27 8 29 16 10 33 4
16 10 33 26 12 35 2
26 12 35 33 4 40 9
33 4 40 38 4 41 1
38 4 41 31 29 41 25
31 29 41 34 33 38 5
34 33 38 20 31 7 31
20 31 7 13 38 10 7
13 38 10 36 41 6 5
36 41 6 14 29 9 12
14 29 9 21 26 1 8
21 26 1 2 14 0 12
2 14 0 17 1 0 13
17 1 0 22 5 5 6
22 5 5 28 32 17 29
28 32 17 4 33 13 4
4 33 13 29 26 24 13
29 26 24 37 32 23 6
37 32 23 30 40 22 8
30 40 22 3 39 23 1
3 39 23 40 29 23 10
40 29 23 9 16 20 13
9 16 20 35 14 15 5
35 14 15 39 17 13 3
39 17 13 41 16 12 1
41 16 12 32 7 14 9
