1 30 50 61 14 38 20
61 14 38 43 14 53 15
43 14 53 0 36 83 37
0 36 83 5 53 81 17
5 53 81 2 51 73 8
2 51 73 24 50 56 17
24 50 56 40 49 69 13
40 49 69 29 67 5 66
29 67 5 14 52 14 17
14 52 14 26 76 18 24
26 76 18 12 82 13 7
12 82 13 18 75 23 12
18 75 23 38 80 23 5
38 80 23 55 85 22 5
55 85 22 56 85 30 8
56 85 30 35 83 31 2
35 83 31 60 79 5 26
60 79 5 6 78 6 1
6 78 6 72 76 3 3
72 76 3 47 77 3 1
47 77 3 67 78 0 3
67 78 0 69 62 37 40
69 62 37 16 71 47 13
16 71 47 22 81 37 14
22 81 37 48 71 45 12
48 71 45 49 80 46 9
49 80 46 13 76 44 4
13 76 44 51 69 44 7
51 69 44 21 47 31 25
21 47 31 41 48 35 4
41 48 35 7 52 35 4
7 52 35 75 63 32 11
75 63 32 71 58 27 7
71 58 27 74 73 4 27
74 73 4 19 72 1 3
19 72 1 78 63 12 14
78 63 12 9 63 9 3
9 63 9 79 65 11 2
79 65 11 31 28 76 74
31 28 76 76 21 79 7
76 21 79 83 7 73 15
83 7 73 10 13 69 7
10 13 69 84 11 71 2
84 11 71 17 3 83 14
17 3 83 36 39 74 37
36 39 74 42 35 65 9
42 35 65 46 42 64 7
46 42 64 63 75 70 33
63 75 70 20 82 72 7
20 82 72 3 85 60 12
3 85 60 33 74 82 24
33 74 82 53 72 60 22
53 72 60 85 67 73 13
85 67 73 66 27 30 58
66 27 30 25 21 26 7
25 21 26 52 19 22 4
52 19 22 30 25 32 11
30 25 32 37 31 26 8
37 31 26 32 27 18 8
32 27 18 4 27 10 8
4 27 10 81 33 16 8
81 33 16 23 32 18 2
23 32 18 54 23 36 20
54 23 36 45 22 35 1
45 22 35 80 7 27 17
80 7 27 28 14 27 7
28 14 27 58 2 24 12
58 2 24 39 5 22 3
39 5 22 50 0 28 7
50 0 28 64 1 28 1
64 1 28 59 12 3 27
59 12 3 8 13 10 7
8 13 10 68 6 4 9
68 6 4 27 7 5 1
27 7 5 73 10 3 3
73 10 3 34 9 2 1
34 9 2 82 6 37 35
82 6 37 15 3 34 4
15 3 34 57 4 47 13
57 4 47 65 5 52 5
65 5 52 77 0 60 9
77 0 60 11 24 50 26
11 24 50 44 30 58 10
44 30 58 70 35 46 13
70 35 46 62 30 40 7
62 30 40 1 30 50 10
