14 13 93 1 10 81 12
1 10 81 8 26 86 16
8 26 86 4 26 79 7
4 26 79 61 24 78 2
61 24 78 80 55 74 31
80 55 74 31 68 89 19
31 68 89 18 66 99 10
18 66 99 73 61 93 7
73 61 93 30 72 91 11
30 72 91 37 55 103 20
37 55 103 75 48 98 8
75 48 98 39 74 58 47
39 74 58 33 90 60 16
33 90 60 20 95 60 5
20 95 60 44 96 65 5
44 96 65 55 100 60 6
55 100 60 103 90 67 12
103 90 67 58 81 55 15
58 81 55 108 82 52 3
108 82 52 106 74 67 17
106 74 67 9 70 70 5
9 70 70 40 78 73 8
40 78 73 78 79 66 7
78 79 66 41 49 64 30
41 49 64 69 44 61 5
69 44 61 45 92 39 52
45 92 39 25 85 33 9
25 85 33 47 82 41 8
47 82 41 66 73 39 9
66 73 39 65 74 25 14
65 74 25 35 78 25 4
35 78 25 28 90 39 18
28 90 39 102 97 31 10
102 97 31 21 105 29 8
21 105 29 88 108 16 13
88 108 16 6 108 15 1
6 108 15 17 103 12 5
17 103 12 87 97 31 19
87 97 31 105 109 44 17
105 109 44 10 100 48 9
10 100 48 71 105 48 5
71 105 48 64 109 59 11
64 109 59 68 47 82 66
68 47 82 26 39 84 8
26 39 84 42 42 73 11
42 42 73 77 35 77 8
77 35 77 79 62 65 29
79 62 65 0 6 40 61
0 6 40 11 57 3 63
11 57 3 32 58 11 8
32 58 11 82 55 16 5
82 55 16 34 72 2 22
34 72 2 2 98 2 26
2 98 2 36 95 16 14
36 95 16 84 104 1 17
84 104 1 72 70 9 34
72 70 9 83 44 18 27
83 44 18 93 37 16 7
93 37 16 57 35 20 4
57 35 20 15 33 42 22
15 33 42 49 32 58 16
49 32 58 5 37 61 5
5 37 61 70 38 60 1
70 38 60 12 37 56 4
12 37 56 107 39 55 2
107 39 55 19 26 52 13
19 26 52 43 27 55 3
43 27 55 95 36 48 11
95 36 48 46 42 51 6
46 42 51 109 41 34 17
109 41 34 50 42 41 7
50 42 41 38 16 36 26
38 16 36 24 26 28 12
24 26 28 101 24 21 7
101 24 21 51 0 39 30
51 0 39 62 9 7 33
62 9 7 23 6 20 13
23 6 20 76 10 16 5
76 10 16 27 19 13 9
27 19 13 104 2 51 41
104 2 51 3 0 50 2
3 0 50 52 12 66 20
52 12 66 74 20 60 10
74 20 60 7 26 65 7
7 26 65 59 25 64 1
59 25 64 99 22 56 8
99 22 56 90 5 46 19
90 5 46 96 88 101 99
96 88 101 81 104 75 30
81 104 75 13 106 75 2
13 106 75 53 104 73 2
53 104 73 56 105 83 10
56 105 83 85 105 83 0
85 105 83 89 76 106 37
89 76 106 54 83 109 7
54 83 109 67 73 101 12
67 73 101 94 98 107 25
94 98 107 16 101 109 3
16 101 109 98 85 83 30
98 85 83 100 90 81 5
100 90 81 29 35 94 56
29 35 94 63 32 95 3
63 32 95 86 41 96 9
86 41 96 97 38 104 8
97 38 104 22 10 98 28
22 10 98 60 9 102 4
60 9 102 91 4 97 7
91 4 97 48 4 91 6
48 4 91 92 16 95 12
92 16 95 14 13 93 3
