1 3 28 16 11 13 17
16 11 13 3 8 14 3
3 8 14 13 7 14 1
13 7 14 9 10 11 4
9 10 11 11 3 12 7
11 3 12 0 25 26 26
0 25 26 5 24 17 9
5 24 17 7 26 20 3
7 26 20 15 24 16 4
15 24 16 24 24 10 6
24 24 10 18 23 6 4
18 23 6 2 24 5 1
2 24 5 25 24 2 3
25 24 2 14 26 2 2
14 26 2 12 27 25 23
12 27 25 17 24 26 3
17 24 26 21 22 26 2
21 22 26 4 21 21 5
4 21 21 19 14 23 7
19 14 23 20 15 0 23
20 15 0 6 11 1 4
6 11 1 10 8 2 3
10 8 2 26 12 2 4
26 12 2 28 11 0 2
28 11 0 22 3 3 8
22 3 3 23 13 10 12
23 13 10 8 1 26 20
8 1 26 27 6 22 6
27 6 22 1 3 28 6
