59 52 4 1 84 31 41
1 84 31 14 79 84 53
14 79 84 3 79 84 0
3 79 84 7 68 75 14
7 68 75 4 68 73 2
4 68 73 45 69 82 9
45 69 82 84 61 73 12
84 61 73 46 59 77 4
46 59 77 52 61 68 9
52 61 68 73 65 68 4
73 65 68 17 83 17 54
17 83 17 48 63 46 35
48 63 46 21 59 37 9
21 59 37 40 56 35 3
40 56 35 68 54 57 22
68 54 57 32 52 59 2
32 52 59 16 48 56 5
16 48 56 41 57 63 11
41 57 63 42 54 59 5
42 54 59 69 74 52 21
69 74 52 5 82 49 8
5 82 49 18 75 58 11
18 75 58 26 79 67 9
26 79 67 23 79 66 1
23 79 66 39 71 61 9
39 71 61 57 76 38 23
57 76 38 47 73 39 3
47 73 39 83 77 25 14
83 77 25 2 79 26 2
2 79 26 56 73 27 6
56 73 27 29 81 2 26
29 81 2 49 83 5 3
49 83 5 0 16 1 67
0 16 1 8 30 3 14
8 30 3 27 38 16 15
27 38 16 79 39 18 2
79 39 18 34 24 14 15
34 24 14 15 27 11 4
15 27 11 30 30 17 6
30 30 17 77 25 6 12
77 25 6 22 23 7 2
22 23 7 28 17 2 7
28 17 2 33 8 30 29
33 8 30 10 13 37 8
10 13 37 37 8 41 6
37 8 41 20 13 44 5
20 13 44 35 20 27 18
35 20 27 70 24 29 4
70 24 29 36 23 35 6
36 23 35 60 18 63 28
60 18 63 43 34 82 24
43 34 82 55 40 79 6
55 40 79 80 49 75 9
80 49 75 65 49 78 3
65 49 78 74 51 77 2
74 51 77 58 10 52 48
58 10 52 19 15 55 5
19 15 55 54 2 58 13
54 2 58 62 27 67 26
62 27 67 13 33 72 7
13 33 72 71 39 68 7
71 39 68 63 3 81 38
63 3 81 72 24 52 35
72 24 52 12 20 48 5
12 20 48 6 20 51 3
6 20 51 9 23 47 5
9 23 47 51 25 54 7
51 25 54 66 7 0 56
66 7 0 82 3 3 5
82 3 3 61 62 1 59
61 62 1 64 40 31 37
64 40 31 11 44 31 4
11 44 31 38 45 24 7
38 45 24 31 48 21 4
31 48 21 44 52 33 12
44 52 33 81 46 33 6
81 46 33 24 40 54 21
24 40 54 50 42 44 10
50 42 44 53 50 44 8
53 50 44 75 44 48 7
75 44 48 25 29 40 17
25 29 40 76 32 26 14
76 32 26 67 32 28 2
67 32 28 78 39 29 7
78 39 29 59 52 4 28
