7 60 15 1 56 16 4
1 56 16 12 62 1 16
12 62 1 62 39 13 25
62 39 13 10 44 0 13
10 44 0 40 49 2 5
40 49 2 15 47 25 23
15 47 25 18 46 19 6
18 46 19 28 55 29 13
28 55 29 31 57 34 5
31 57 34 35 55 38 4
35 55 38 48 46 29 12
48 46 29 8 51 32 5
8 51 32 51 49 37 5
51 49 37 32 43 13 24
32 43 13 37 45 7 6
37 45 7 61 46 8 1
61 46 8 22 49 10 3
22 49 10 47 46 10 3
47 46 10 54 35 22 16
54 35 22 17 30 30 9
17 30 30 44 40 26 10
44 40 26 19 37 31 5
19 37 31 0 26 14 20
0 26 14 4 16 30 18
4 16 30 9 18 32 2
9 18 32 11 17 39 7
11 17 39 42 14 24 15
42 14 24 53 17 29 5
53 17 29 59 5 44 19
59 5 44 26 10 44 5
26 10 44 16 12 48 4
16 12 48 5 29 12 39
5 29 12 25 40 59 48
25 40 59 2 34 56 6
2 34 56 43 34 56 0
43 34 56 3 33 45 11
3 33 45 50 37 38 8
50 37 38 41 38 37 1
41 38 37 55 26 50 17
55 26 50 13 18 62 14
13 18 62 6 14 55 8
6 14 55 14 16 55 2
14 16 55 33 9 59 8
33 9 59 29 26 61 17
29 26 61 23 45 62 19
23 45 62 27 39 59 6
27 39 59 34 9 5 61
34 9 5 38 7 7 2
38 7 7 45 12 14 8
45 12 14 21 13 17 3
21 13 17 36 11 18 2
36 11 18 49 3 18 8
49 3 18 56 2 25 7
56 2 25 58 9 1 25
58 9 1 60 27 7 18
60 27 7 20 22 2 7
20 22 2 24 34 2 12
24 34 2 52 33 0 2
52 33 0 57 60 7 27
57 60 7 30 58 21 14
30 58 21 39 61 23 3
39 61 23 46 57 24 4
46 57 24 7 60 15 9
