1 15 11 33 13 19 8
33 13 19 54 0 10 15
54 0 10 95 12 69 60
95 12 69 53 17 57 13
53 17 57 29 23 58 6
29 23 58 31 22 55 3
31 22 55 43 1 41 25
43 1 41 78 13 48 13
78 13 48 108 8 47 5
108 8 47 65 13 80 33
65 13 80 64 3 91 14
64 3 91 69 24 84 22
69 24 84 52 23 86 2
52 23 86 0 51 88 28
0 51 88 22 59 109 22
22 59 109 3 57 111 2
3 57 111 56 73 98 20
56 73 98 100 69 109 11
100 69 109 2 70 105 4
2 70 105 40 54 70 38
40 54 70 27 63 62 12
27 63 62 42 59 54 8
42 59 54 105 53 51 6
105 53 51 7 51 50 2
7 51 50 94 47 51 4
94 47 51 111 55 38 15
111 55 38 8 59 34 5
8 59 34 44 57 29 5
44 57 29 60 66 40 14
60 66 40 109 64 35 5
109 64 35 96 40 31 24
96 40 31 19 42 40 9
19 42 40 20 35 31 11
20 35 31 58 29 30 6
58 29 30 59 31 23 7
59 31 23 63 46 28 15
63 46 28 30 49 29 3
30 49 29 35 39 67 39
35 39 67 11 34 60 8
11 34 60 101 38 53 8
101 38 53 17 46 61 11
17 46 61 76 48 74 13
76 48 74 61 102 85 55
61 102 85 5 102 53 32
5 102 53 32 96 60 9
32 96 60 34 109 54 14
34 109 54 39 112 48 6
39 112 48 36 105 48 7
36 105 48 83 106 46 2
83 106 46 45 105 59 13
45 105 59 67 91 48 17
67 91 48 48 80 35 17
48 80 35 24 77 40 5
24 77 40 80 73 40 4
80 73 40 97 81 34 10
97 81 34 99 91 52 20
99 91 52 73 105 52 14
73 105 52 41 101 70 18
41 101 70 23 94 67 7
23 94 67 71 89 67 5
71 89 67 86 91 67 2
86 91 67 47 105 16 52
47 105 16 9 110 10 7
9 110 10 82 108 8 2
82 108 8 72 98 18 14
72 98 18 18 98 11 7
18 98 11 21 99 0 11
21 99 0 84 93 16 17
84 93 16 38 88 18 5
38 88 18 85 91 16 3
85 91 16 92 71 0 25
92 71 0 77 87 5 16
77 87 5 110 86 1 4
110 86 1 79 74 2 12
79 74 2 87 80 5 6
87 80 5 102 65 13 17
102 65 13 55 59 3 11
55 59 3 103 56 5 3
103 56 5 28 48 3 8
28 48 3 70 52 2 4
70 52 2 57 50 12 10
57 50 12 104 68 10 18
104 68 10 107 64 22 12
107 64 22 98 103 16 39
98 103 16 112 105 25 9
112 105 25 25 102 33 8
25 102 33 74 104 31 2
74 104 31 26 104 27 4
26 104 27 46 105 21 6
46 105 21 51 83 78 61
51 83 78 10 71 80 12
10 71 80 106 91 85 20
106 91 85 49 88 82 4
49 88 82 68 104 96 21
68 104 96 6 111 103 9
6 111 103 90 95 105 16
90 95 105 15 84 101 11
15 84 101 81 80 100 4
81 80 100 93 79 108 8
93 79 108 75 99 110 20
75 99 110 62 24 104 75
62 24 104 12 37 109 13
12 37 109 14 11 108 26
14 11 108 91 28 103 17
91 28 103 66 3 2 104
66 3 2 89 6 0 3
89 6 0 13 11 3 5
13 11 3 37 8 30 27
37 8 30 4 8 30 0
4 8 30 16 2 29 6
16 2 29 50 17 21 17
50 17 21 88 28 10 15
88 28 10 1 15 11 13
