1 46 115 30 39 121 9
30 39 121 3 36 106 15
3 36 106 115 51 101 15
115 51 101 11 44 102 7
11 44 102 53 46 104 2
53 46 104 78 55 104 9
78 55 104 98 56 106 2
98 56 106 103 57 102 4
103 57 102 74 58 103 1
74 58 103 50 74 97 17
50 74 97 0 30 64 55
0 30 64 26 35 66 5
26 35 66 5 44 70 9
5 44 70 2 54 74 10
2 54 74 112 52 72 2
112 52 72 15 44 81 12
15 44 81 33 35 53 29
33 35 53 4 22 51 13
4 22 51 105 25 50 3
105 25 50 23 53 11 48
23 53 11 22 50 27 16
22 50 27 45 58 29 8
45 58 29 84 60 30 2
84 60 30 39 35 12 30
39 35 12 43 33 15 3
43 33 15 42 34 16 1
42 34 16 88 40 8 10
88 40 8 117 32 6 8
117 32 6 123 21 4 11
123 21 4 101 11 7 10
101 11 7 41 11 0 7
41 11 0 7 5 3 6
7 5 3 80 73 5 68
80 73 5 49 87 3 14
49 87 3 119 78 18 17
119 78 18 59 59 45 33
59 59 45 36 57 42 3
36 57 42 90 69 38 12
90 69 38 29 74 33 7
29 74 33 38 64 35 10
38 64 35 18 61 37 3
18 61 37 92 48 45 15
92 48 45 94 61 47 13
94 61 47 86 30 56 32
86 30 56 122 35 50 7
122 35 50 89 18 68 24
89 18 68 28 8 62 11
28 8 62 10 7 64 2
10 7 64 61 4 62 3
61 4 62 70 14 121 59
70 14 121 55 10 123 4
55 10 123 85 15 114 10
85 15 114 99 20 106 9
99 20 106 97 20 119 13
97 20 119 87 20 86 33
87 20 86 64 11 83 9
64 11 83 63 3 83 8
63 3 83 66 31 87 28
66 31 87 120 36 91 6
120 36 91 37 41 90 5
37 41 90 76 21 92 20
76 21 92 72 25 97 6
72 25 97 102 27 101 4
102 27 101 79 12 98 15
79 12 98 9 13 96 2
9 13 96 13 7 95 6
13 7 95 111 14 103 10
111 14 103 108 1 39 65
108 1 39 48 5 44 6
48 5 44 106 17 34 15
106 17 34 52 8 19 17
52 8 19 27 4 15 5
27 4 15 46 19 16 15
46 19 16 93 10 23 11
93 10 23 58 32 33 24
58 32 33 32 25 31 7
32 25 31 69 40 34 15
69 40 34 77 34 29 7
77 34 29 67 15 30 19
67 15 30 100 18 34 5
100 18 34 54 76 111 96
54 76 111 8 92 106 16
8 92 106 16 96 105 4
16 96 105 83 104 101 8
83 104 101 20 105 119 18
20 105 119 40 66 119 39
40 66 119 95 57 115 9
95 57 115 113 55 120 5
113 55 120 56 112 32 104
56 112 32 17 94 38 18
17 94 38 91 89 33 7
91 89 33 31 81 37 8
31 81 37 71 81 34 3
71 81 34 60 80 35 1
60 80 35 109 97 40 17
109 97 40 81 121 55 28
81 121 55 19 119 47 8
19 119 47 51 108 51 11
51 108 51 34 121 60 15
34 121 60 114 109 39 24
114 109 39 118 109 27 12
118 109 27 14 95 18 16
14 95 18 110 99 8 10
110 99 8 57 114 10 15
57 114 10 47 125 7 11
47 125 7 73 77 67 76
73 77 67 12 82 57 11
12 82 57 25 72 52 11
25 72 52 21 66 54 6
21 66 54 96 93 57 27
96 93 57 116 71 93 42
116 71 93 104 64 85 10
104 64 85 121 76 103 21
121 76 103 125 90 86 22
125 90 86 62 93 75 11
62 93 75 75 113 91 25
75 113 91 24 119 83 10
24 119 83 35 113 76 9
35 113 76 44 116 91 15
44 116 91 65 115 101 10
65 115 101 82 108 85 17
82 108 85 107 86 90 22
107 86 90 68 86 98 8
68 86 98 124 46 95 40
124 46 95 6 32 100 14
6 32 100 1 46 115 20
