1 53 101 55 50 99 3
55 50 99 24 52 107 8
24 52 107 39 61 99 12
39 61 99 129 41 67 37
129 41 67 54 41 79 12
54 41 79 40 38 90 11
40 38 90 64 53 80 18
64 53 80 49 60 74 9
49 60 74 53 35 52 33
53 35 52 52 5 72 36
52 5 72 21 4 82 10
21 4 82 47 9 90 9
47 9 90 63 18 71 21
63 18 71 44 19 63 8
44 19 63 128 20 58 5
128 20 58 62 27 80 23
62 27 80 139 21 88 10
139 21 88 77 25 73 15
77 25 73 85 4 112 44
85 4 112 17 8 108 5
17 8 108 56 9 107 1
56 9 107 65 10 109 2
65 10 109 66 6 117 8
66 6 117 140 6 122 5
140 6 122 81 0 128 8
81 0 128 51 2 133 5
51 2 133 107 5 63 70
107 5 63 0 51 46 49
0 51 46 5 69 10 40
5 69 10 29 60 12 9
29 60 12 20 57 8 5
20 57 8 76 92 6 35
76 92 6 88 67 21 29
88 67 21 138 66 23 2
138 66 23 19 100 138 119
19 100 138 36 120 124 24
36 120 124 3 129 113 14
3 129 113 115 128 106 7
115 128 106 48 116 127 24
48 116 127 75 114 130 3
75 114 130 50 120 124 8
50 120 124 95 132 92 34
95 132 92 34 139 94 7
34 139 94 136 140 95 1
136 140 95 68 128 78 20
68 128 78 111 127 76 2
111 127 76 125 124 92 16
125 124 92 91 127 93 3
91 127 93 97 120 131 38
97 120 131 90 141 140 22
90 141 140 127 113 121 33
127 113 121 86 110 106 15
86 110 106 121 110 96 10
121 110 96 2 103 96 7
2 103 96 105 101 123 27
105 101 123 30 99 122 2
30 99 122 123 88 126 11
123 88 126 22 82 123 6
22 82 123 110 80 128 5
110 80 128 106 44 134 36
106 44 134 11 17 138 27
11 17 138 4 15 127 11
4 15 127 27 27 140 17
27 27 140 100 59 121 37
100 59 121 84 69 130 13
84 69 130 101 31 122 38
101 31 122 60 41 123 10
60 41 123 61 22 112 21
61 22 112 116 22 105 7
116 22 105 16 22 99 6
16 22 99 94 30 115 17
94 30 115 112 25 119 6
112 25 119 113 60 141 41
113 60 141 109 105 138 45
109 105 138 132 110 137 5
132 110 137 42 119 140 9
42 119 140 23 116 137 4
23 116 137 37 74 61 86
37 74 61 32 75 53 8
32 75 53 33 131 38 57
33 131 38 13 130 30 8
13 130 30 10 133 25 5
10 133 25 46 132 24 1
46 132 24 108 138 28 7
108 138 28 28 127 38 14
28 127 38 80 127 12 26
80 127 12 8 113 8 14
8 113 8 135 115 2 6
135 115 2 9 125 14 15
9 125 14 15 123 6 8
15 123 6 18 132 20 16
18 132 20 43 120 14 13
43 120 14 12 116 12 4
12 116 12 141 122 16 7
141 122 16 78 139 1 22
78 139 1 133 135 45 44
133 135 45 38 80 80 65
38 80 80 83 81 79 1
83 81 79 122 87 99 20
122 87 99 14 94 102 7
14 94 102 131 88 93 10
131 88 93 7 94 88 7
7 94 88 25 92 89 2
25 92 89 137 82 87 10
137 82 87 102 72 59 29
102 72 59 119 81 67 12
119 81 67 124 63 61 18
124 63 61 120 55 66 9
120 55 66 69 32 23 48
69 32 23 57 27 25 5
57 27 25 71 24 35 10
71 24 35 45 24 33 2
45 24 33 74 16 23 12
74 16 23 82 20 16 8
82 20 16 130 7 6 16
130 7 6 58 8 13 7
58 8 13 92 46 19 38
92 46 19 99 54 23 8
99 54 23 103 38 22 16
103 38 22 96 38 18 4
96 38 18 67 37 15 3
67 37 15 134 34 29 14
134 34 29 93 61 44 30
93 61 44 104 41 37 21
104 41 37 114 69 33 28
114 69 33 41 80 35 11
41 80 35 31 89 23 15
31 89 23 117 98 44 22
117 98 44 118 99 36 8
118 99 36 72 61 34 38
72 61 34 59 32 44 30
59 32 44 70 37 46 5
70 37 46 73 18 45 19
73 18 45 79 13 48 5
79 13 48 35 9 44 5
35 9 44 6 5 49 6
6 5 49 89 11 35 15
89 11 35 26 17 31 7
26 17 31 87 36 60 34
87 36 60 98 50 91 34
98 50 91 126 34 104 20
126 34 104 1 53 101 19
