83 80 76 1 78 72 4
1 78 72 17 82 68 5
17 82 68 19 80 61 7
19 80 61 71 75 73 13
71 75 73 113 81 94 21
113 81 94 41 95 91 14
41 95 91 85 93 91 2
85 93 91 126 91 82 9
126 91 82 68 91 73 9
68 91 73 70 96 106 33
70 96 106 91 109 116 16
91 109 116 13 106 114 3
13 106 114 101 114 117 8
101 114 117 114 109 133 16
114 109 133 99 105 134 4
99 105 134 110 113 133 8
110 113 133 29 124 135 11
29 124 135 133 113 135 11
133 113 135 130 102 127 13
130 102 127 23 69 107 38
23 69 107 14 78 134 28
14 78 134 8 76 133 2
8 76 133 15 80 134 4
15 80 134 105 81 135 1
105 81 135 52 14 81 86
52 14 81 9 33 83 19
9 33 83 86 28 72 12
86 28 72 117 58 77 30
117 58 77 47 60 68 9
47 60 68 111 63 63 5
111 63 63 106 65 75 12
106 65 75 0 64 5 70
0 64 5 36 87 16 25
36 87 16 25 85 22 6
25 85 22 58 79 32 11
58 79 32 120 70 43 14
120 70 43 57 60 41 10
57 60 41 122 70 54 16
122 70 54 131 75 30 24
131 75 30 95 79 7 23
95 79 7 61 74 16 10
61 74 16 50 43 5 32
50 43 5 45 39 6 4
45 39 6 97 39 4 2
97 39 4 62 113 15 74
62 113 15 11 124 0 18
11 124 0 22 129 7 8
22 129 7 124 135 6 6
124 135 6 132 128 4 7
132 128 4 30 113 3 15
30 113 3 37 126 15 17
37 126 15 90 105 31 26
90 105 31 20 100 42 12
20 100 42 54 97 49 7
54 97 49 135 88 45 9
135 88 45 107 116 36 29
107 116 36 44 124 28 11
44 124 28 48 125 43 15
48 125 43 121 129 53 10
121 129 53 128 102 27 37
128 102 27 102 128 78 57
102 128 78 18 134 89 12
18 134 89 76 128 91 6
76 128 91 3 133 97 7
3 133 97 27 122 76 23
27 122 76 21 109 63 18
21 109 63 87 106 62 3
87 106 62 49 107 61 1
49 107 61 64 111 79 18
64 111 79 118 106 73 7
118 106 73 55 99 69 8
55 99 69 31 109 92 25
31 109 92 24 121 103 16
24 121 103 32 124 103 3
32 124 103 39 128 103 4
39 128 103 93 134 118 16
93 134 118 80 125 78 41
80 125 78 92 134 74 9
92 134 74 96 132 65 9
96 132 65 112 60 27 81
112 60 27 63 53 31 8
63 53 31 123 63 21 14
123 63 21 59 62 18 3
59 62 18 81 68 23 7
81 68 23 115 64 11 12
115 64 11 116 28 27 39
116 28 27 33 36 16 13
33 36 16 109 38 13 3
109 38 13 89 19 8 19
89 19 8 16 28 11 9
16 28 11 34 14 12 14
34 14 12 88 14 4 8
88 14 4 77 12 3 2
77 12 3 94 37 26 33
94 37 26 38 43 30 7
38 43 30 65 45 39 9
65 45 39 74 48 22 17
74 48 22 75 44 24 4
75 44 24 84 46 30 6
84 46 30 98 21 38 26
98 21 38 78 28 45 9
78 28 45 82 15 42 13
82 15 42 56 6 86 44
56 6 86 60 29 104 29
60 29 104 2 24 112 9
2 24 112 12 21 110 3
12 21 110 7 37 126 22
7 37 126 6 37 120 6
6 37 120 26 28 124 9
26 28 124 100 39 135 15
100 39 135 40 10 122 31
40 10 122 79 4 114 10
79 4 114 46 0 117 5
46 0 117 108 3 110 7
108 3 110 53 35 95 35
53 35 95 103 27 107 14
103 27 107 134 24 98 9
134 24 98 66 16 98 8
66 16 98 69 15 60 38
69 15 60 10 15 56 4
10 15 56 35 20 49 8
35 20 49 43 3 50 17
43 3 50 73 38 58 35
73 38 58 127 37 65 7
127 37 65 5 40 70 5
5 40 70 42 45 72 5
42 45 72 129 33 58 18
129 33 58 104 7 75 31
104 7 75 51 65 123 75
51 65 123 67 53 132 15
67 53 132 72 77 110 32
72 77 110 125 65 102 14
125 65 102 28 68 101 3
28 68 101 119 55 102 13
119 55 102 4 53 91 11
4 53 91 83 80 76 30
