71 58 38 1 59 45 7
1 59 45 37 59 44 1
37 59 44 68 56 37 7
68 56 37 41 53 39 3
41 53 39 52 52 37 2
52 52 37 69 45 31 9
69 45 31 23 45 28 3
23 45 28 29 43 39 11
29 43 39 11 38 40 5
11 38 40 0 43 21 19
0 43 21 5 3 2 44
5 3 2 27 9 11 10
27 9 11 15 3 20 10
15 3 20 58 8 17 5
58 8 17 49 11 9 8
49 11 9 61 17 5 7
61 17 5 42 24 5 7
42 24 5 14 39 23 23
14 39 23 56 38 26 3
56 38 26 25 54 10 22
25 54 10 34 67 3 14
34 67 3 10 71 5 4
10 71 5 50 63 3 8
50 63 3 67 59 12 9
67 59 12 38 35 72 64
38 35 72 8 40 54 18
8 40 54 46 31 46 12
46 31 46 12 25 46 6
12 25 46 39 27 41 5
39 27 41 20 39 72 33
20 39 72 18 51 72 12
18 51 72 30 33 69 18
30 33 69 36 28 63 7
36 28 63 24 29 61 2
24 29 61 4 25 56 6
4 25 56 19 25 53 3
19 25 53 73 0 63 26
73 0 63 21 3 70 7
21 3 70 63 12 67 9
63 12 67 72 1 74 13
72 1 74 59 2 58 16
59 2 58 22 10 59 8
22 10 59 60 2 53 10
60 2 53 44 64 25 68
44 64 25 7 72 25 8
7 72 25 32 74 43 18
32 74 43 2 74 40 3
2 74 40 64 71 40 3
64 71 40 26 69 53 13
26 69 53 31 60 55 9
31 60 55 40 60 53 2
40 60 53 65 74 23 33
65 74 23 16 56 22 18
16 56 22 17 62 29 9
17 62 29 28 65 18 11
28 65 18 9 66 13 5
9 66 13 13 65 19 6
13 65 19 55 33 25 32
55 33 25 35 26 24 7
35 26 24 43 18 38 16
43 18 38 6 10 49 13
6 10 49 66 17 48 7
66 17 48 33 9 35 15
33 9 35 45 15 39 7
45 15 39 54 16 35 4
54 16 35 53 34 27 19
53 34 27 3 36 32 5
3 36 32 48 32 31 4
48 32 31 62 30 18 13
62 30 18 47 34 20 4
47 34 20 74 34 17 3
74 34 17 57 46 17 12
57 46 17 51 40 8 10
51 40 8 70 54 40 34
70 54 40 71 58 38 4
