1 94 63 18 97 63 3
18 97 63 103 100 66 4
103 100 66 45 99 70 4
45 99 70 13 91 66 8
13 91 66 59 101 49 19
59 101 49 6 90 53 11
6 90 53 82 86 52 4
82 86 52 53 82 4 48
53 82 4 21 74 26 23
21 74 26 0 40 30 34
0 40 30 3 47 49 20
3 47 49 5 65 48 18
5 65 48 38 67 55 7
38 67 55 20 66 56 1
20 66 56 68 74 62 10
68 74 62 58 77 63 3
58 77 63 19 46 53 32
19 46 53 7 38 58 9
7 38 58 83 43 48 11
83 43 48 23 37 47 6
23 37 47 17 41 0 47
17 41 0 16 19 3 22
16 19 3 36 0 0 19
36 0 0 62 2 6 6
62 2 6 50 8 9 6
50 8 9 14 8 10 1
14 8 10 48 42 5 34
48 42 5 42 47 27 22
42 47 27 66 35 27 12
66 35 27 78 50 20 16
78 50 20 56 54 13 8
56 54 13 79 56 5 8
79 56 5 64 63 1 8
64 63 1 86 61 17 16
86 61 17 2 68 20 7
2 68 20 71 59 26 10
71 59 26 92 36 39 26
92 36 39 43 41 41 5
43 41 41 93 47 78 37
93 47 78 30 66 92 23
30 66 92 85 54 94 12
85 54 94 70 48 98 7
70 48 98 87 88 99 40
87 88 99 40 100 91 14
40 100 91 22 104 100 9
22 104 100 100 92 90 15
100 92 90 98 75 95 17
98 75 95 15 77 100 5
15 77 100 99 81 98 4
99 81 98 39 75 92 8
39 75 92 24 74 86 6
24 74 86 37 55 69 25
37 55 69 9 67 75 13
9 67 75 102 83 80 16
102 83 80 26 83 86 6
26 83 86 52 79 80 7
52 79 80 44 54 73 25
44 54 73 47 51 67 6
47 51 67 96 60 74 11
96 60 74 72 50 81 12
72 50 81 75 24 65 30
75 24 65 27 6 57 19
27 6 57 28 0 67 11
28 0 67 55 7 63 8
55 7 63 95 2 55 9
95 2 55 34 24 65 24
34 24 65 35 22 60 5
35 22 60 84 19 71 11
84 19 71 76 45 72 26
76 45 72 41 41 72 4
41 41 72 89 34 94 23
89 34 94 67 19 84 18
67 19 84 25 29 81 10
25 29 81 46 30 80 1
46 30 80 65 33 75 5
65 33 75 63 18 80 15
63 18 80 69 0 102 28
69 0 102 54 3 99 4
54 3 99 91 37 99 34
91 37 99 94 40 25 74
94 40 25 81 39 17 8
81 39 17 104 23 30 20
104 23 30 57 27 32 4
57 27 32 60 1 36 26
60 1 36 29 6 42 7
29 6 42 97 13 45 7
97 13 45 74 2 28 20
74 2 28 90 1 41 13
90 1 41 88 26 17 34
88 26 17 51 26 13 4
51 26 13 61 98 9 72
61 98 9 11 93 11 5
11 93 11 12 99 10 6
12 99 10 77 102 4 6
77 102 4 101 74 3 28
101 74 3 8 73 1 2
8 73 1 10 71 10 9
10 71 10 31 71 12 2
31 71 12 105 75 6 7
105 75 6 73 101 30 35
73 101 30 4 100 33 3
4 100 33 32 101 36 3
32 101 36 33 97 39 5
33 97 39 49 99 30 9
49 99 30 80 99 26 4
80 99 26 1 94 63 37
