133 55 75 1 56 97 22
1 56 97 19 53 96 3
19 53 96 127 56 129 33
127 56 129 29 56 131 2
29 56 131 68 49 141 12
68 49 141 134 53 50 91
134 53 50 26 62 59 12
26 62 59 28 70 56 8
28 70 56 100 60 58 10
100 60 58 50 58 45 13
50 58 45 5 55 39 6
5 55 39 139 56 38 1
139 56 38 62 69 39 13
62 69 39 72 71 32 7
72 71 32 120 79 31 8
120 79 31 16 84 37 7
16 84 37 24 76 23 16
24 76 23 31 70 15 10
31 70 15 70 49 45 36
70 49 45 21 50 31 14
21 50 31 47 40 51 22
47 40 51 71 49 39 15
71 49 39 81 23 66 37
81 23 66 84 17 56 11
84 17 56 2 5 60 12
2 5 60 80 12 59 7
80 12 59 90 17 68 10
90 17 68 119 6 88 22
119 6 88 49 18 128 41
49 18 128 44 22 128 4
44 22 128 122 13 127 9
122 13 127 51 1 122 13
51 1 122 89 15 113 16
89 15 113 30 19 111 4
30 19 111 138 31 121 15
138 31 121 52 30 113 8
52 30 113 60 24 108 7
60 24 108 66 42 118 20
66 42 118 74 36 135 18
74 36 135 141 33 137 3
141 33 137 76 29 122 15
76 29 122 61 17 86 37
61 17 86 39 19 83 3
39 19 83 101 20 98 15
101 20 98 8 21 100 2
8 21 100 78 8 94 14
78 8 94 137 29 75 28
137 29 75 11 27 78 3
11 27 78 131 24 79 3
131 24 79 130 21 79 3
130 21 79 25 31 74 11
25 31 74 142 28 57 17
142 28 57 92 23 53 6
92 23 53 88 50 62 28
88 50 62 132 43 62 7
132 43 62 111 25 30 36
111 25 30 35 15 44 17
35 15 44 46 46 17 41
46 46 17 41 39 7 12
41 39 7 3 34 6 5
3 34 6 106 47 16 16
106 47 16 118 60 6 16
118 60 6 34 57 11 5
34 57 11 86 52 12 5
86 52 12 58 54 3 9
58 54 3 57 7 22 50
57 7 22 124 8 13 9
124 8 13 96 5 15 3
96 5 15 104 10 11 6
104 10 11 83 25 24 19
83 25 24 23 28 22 3
23 28 22 102 28 17 5
102 28 17 91 36 24 10
91 36 24 0 94 58 67
0 94 58 6 101 13 45
6 101 13 10 86 1 19
10 86 1 48 108 26 33
48 108 26 67 110 26 2
67 110 26 99 121 13 17
99 121 13 85 102 26 23
85 102 26 54 101 6 20
54 101 6 13 107 69 63
13 107 69 22 111 80 11
22 111 80 45 112 83 3
45 112 83 56 130 97 22
56 130 97 37 133 94 4
37 133 94 53 129 85 9
53 129 85 93 124 105 20
93 124 105 97 137 105 13
97 137 105 32 109 67 47
32 109 67 59 98 52 18
59 98 52 73 120 56 22
73 120 56 107 118 67 11
107 118 67 79 125 72 8
79 125 72 113 134 64 12
113 134 64 7 141 62 7
7 141 62 125 123 56 18
125 123 56 82 126 55 3
82 126 55 140 122 51 5
140 122 51 64 133 41 14
64 133 41 33 130 32 9
33 130 32 95 123 29 7
95 123 29 115 133 19 14
115 133 19 87 134 13 6
87 134 13 20 133 11 2
20 133 11 94 102 46 46
94 102 46 63 101 47 1
63 101 47 116 108 42 8
116 108 42 129 98 34 12
129 98 34 114 99 33 1
114 99 33 126 86 77 45
126 86 77 9 79 94 18
9 79 94 77 83 94 4
77 83 94 110 81 104 10
110 81 104 112 75 102 6
112 75 102 40 83 69 33
40 83 69 15 82 66 3
15 82 66 117 100 95 34
117 100 95 4 95 97 5
4 95 97 42 90 91 7
42 90 91 38 129 127 53
38 129 127 12 126 115 12
12 126 115 121 139 136 24
121 139 136 14 142 134 3
14 142 134 98 139 136 3
98 139 136 108 138 131 5
108 138 131 103 106 106 40
103 106 106 55 100 110 7
55 100 110 69 110 102 12
69 110 102 109 106 104 4
109 106 104 123 96 124 22
123 96 124 27 103 120 8
27 103 120 105 108 117 5
105 108 117 36 100 129 14
36 100 129 17 90 136 12
17 90 136 135 106 134 16
135 106 134 75 83 119 27
75 83 119 43 76 125 9
43 76 125 18 80 123 4
18 80 123 65 81 115 8
65 81 115 136 105 89 35
136 105 89 128 95 79 14
128 95 79 133 55 75 40
