96 39 40 1 47 34 10
1 47 34 3 51 42 8
3 51 42 65 47 41 4
65 47 41 5 51 33 8
5 51 33 11 51 56 23
11 51 56 79 56 67 12
79 56 67 25 54 79 12
25 54 79 14 56 83 4
14 56 83 105 52 85 4
105 52 85 97 66 75 17
97 66 75 84 61 77 5
84 61 77 23 33 36 49
23 33 36 26 28 49 13
26 28 49 28 28 49 0
28 28 49 81 38 46 10
81 38 46 0 39 12 34
0 39 12 2 82 33 47
2 82 33 32 89 37 8
32 89 37 56 86 26 11
56 86 26 118 99 14 17
118 99 14 16 100 15 1
16 100 15 20 100 12 3
20 100 12 113 104 4 8
113 104 4 94 100 18 14
94 100 18 57 121 18 21
57 121 18 21 116 12 7
21 116 12 58 117 20 8
58 117 20 85 120 24 5
85 120 24 103 114 19 7
103 114 19 80 70 30 45
80 70 30 8 70 28 2
8 70 28 31 66 26 4
31 66 26 71 72 22 7
71 72 22 78 71 29 7
78 71 29 90 63 37 11
90 63 37 87 99 47 37
87 99 47 37 92 52 8
37 92 52 77 91 60 8
77 91 60 108 112 53 22
108 112 53 95 119 40 14
95 119 40 62 122 41 3
62 122 41 117 114 43 8
117 114 43 99 77 31 38
99 77 31 111 97 84 56
111 97 84 9 93 88 5
9 93 88 18 103 106 20
18 103 106 6 103 119 13
6 103 119 53 83 116 20
53 83 116 50 87 112 5
50 87 112 60 123 114 36
60 123 114 73 123 110 4
73 123 110 39 108 90 25
39 108 90 34 106 95 5
34 106 95 112 117 95 11
112 117 95 15 115 90 5
15 115 90 49 89 74 30
49 89 74 19 90 77 3
19 90 77 100 95 75 5
100 95 75 104 115 74 20
104 115 74 24 114 66 8
24 114 66 51 104 66 10
51 104 66 122 121 61 17
122 121 61 75 108 78 21
75 108 78 7 4 122 112
7 4 122 116 15 108 17
116 15 108 13 6 108 9
13 6 108 107 9 105 4
107 9 105 41 13 103 4
41 13 103 29 12 103 1
29 12 103 52 19 105 7
52 19 105 109 23 104 4
109 23 104 27 25 105 2
27 25 105 76 7 99 18
76 7 99 86 40 117 37
86 40 117 36 41 115 2
36 41 115 44 40 112 3
44 40 112 33 36 109 5
33 36 109 47 33 123 14
47 33 123 68 30 119 5
68 30 119 91 47 118 17
91 47 118 114 48 115 3
114 48 115 119 25 83 39
119 25 83 22 12 82 13
22 12 82 93 2 78 10
93 2 78 83 6 67 11
83 6 67 40 37 88 37
40 37 88 12 43 89 6
12 43 89 64 49 89 6
64 49 89 66 56 99 12
66 56 99 98 69 106 14
98 69 106 82 74 104 5
82 74 104 110 76 103 2
110 76 103 106 58 89 22
106 58 89 102 30 95 28
102 30 95 121 26 80 15
121 26 80 45 33 76 8
45 33 76 63 32 68 8
63 32 68 46 42 0 68
46 42 0 67 42 0 0
67 42 0 92 51 1 9
92 51 1 59 10 7 41
59 10 7 38 1 23 18
38 1 23 54 13 28 13
54 13 28 74 0 38 16
74 0 38 17 5 52 14
17 5 52 61 11 49 6
61 11 49 88 0 19 31
88 0 19 72 4 12 8
72 4 12 115 18 0 18
115 18 0 48 25 4 8
48 25 4 120 17 12 11
120 17 12 43 21 15 5
43 21 15 70 62 13 41
70 62 13 10 63 6 7
10 63 6 55 72 11 10
55 72 11 30 78 16 7
30 78 16 35 74 5 11
35 74 5 69 89 0 15
69 89 0 42 84 6 7
42 84 6 89 75 13 11
89 75 13 101 28 14 47
101 28 14 123 28 22 8
123 28 22 4 26 27 5
4 26 27 96 39 40 18
