1 46 0 26 38 2 8
26 38 2 28 38 6 4
28 38 6 14 35 14 8
14 35 14 36 30 14 5
36 30 14 5 31 16 2
5 31 16 24 29 18 2
24 29 18 43 22 13 8
43 22 13 0 19 33 20
0 19 33 35 13 30 6
35 13 30 40 1 33 12
40 1 33 2 2 21 12
2 2 21 13 11 18 9
13 11 18 54 9 15 3
54 9 15 55 11 20 5
55 11 20 45 1 33 16
45 1 33 42 51 42 50
42 51 42 3 58 42 7
3 58 42 39 56 46 4
39 56 46 10 49 48 7
10 49 48 23 46 36 12
23 46 36 4 50 34 4
4 50 34 27 42 48 16
27 42 48 9 38 57 9
9 38 57 38 41 48 9
38 41 48 29 45 24 24
29 45 24 15 41 19 6
15 41 19 18 47 23 7
18 47 23 56 44 28 5
56 44 28 44 16 40 30
44 16 40 8 11 46 7
8 11 46 22 12 46 1
22 12 46 57 12 46 0
57 12 46 58 0 57 16
58 0 57 21 11 38 21
21 11 38 6 9 37 2
6 9 37 19 11 37 2
19 11 37 32 18 40 7
32 18 40 51 18 49 9
51 18 49 11 18 48 1
11 18 48 37 17 49 1
37 17 49 46 19 46 3
46 19 46 25 18 45 1
25 18 45 47 19 52 7
47 19 52 49 15 54 4
49 15 54 50 19 32 22
50 19 32 12 21 25 7
12 21 25 17 29 24 8
17 29 24 52 28 35 11
52 28 35 20 32 44 9
20 32 44 16 33 47 3
16 33 47 34 34 33 14
34 34 33 7 37 28 5
7 37 28 41 46 11 19
41 46 11 33 54 15 8
33 54 15 53 39 7 17
53 39 7 30 43 5 4
30 43 5 31 37 3 6
31 37 3 48 25 0 12
48 25 0 1 46 0 21
