1 71 25 79 66 17 9
79 66 17 61 59 16 7
61 59 16 39 58 8 8
39 58 8 4 50 10 8
4 50 10 40 47 4 6
40 47 4 18 32 13 17
18 32 13 11 28 13 4
11 28 13 34 23 15 5
34 23 15 16 48 23 26
16 48 23 19 51 26 4
19 51 26 44 54 30 5
44 54 30 69 52 37 7
69 52 37 71 54 39 2
71 54 39 66 55 49 10
66 55 49 56 44 25 26
56 44 25 72 44 27 2
72 44 27 80 51 18 11
80 51 18 50 52 15 3
50 52 15 0 4 37 52
0 4 37 7 19 59 26
7 19 59 23 17 48 11
23 17 48 49 16 49 1
49 16 49 75 16 47 2
75 16 47 24 17 77 30
24 17 77 12 19 75 2
12 19 75 53 23 60 15
53 23 60 29 32 49 14
29 32 49 10 33 44 5
10 33 44 31 34 54 10
31 34 54 48 33 38 16
48 33 38 5 36 40 3
5 36 40 36 35 35 5
36 35 35 37 30 39 6
37 30 39 33 59 68 41
33 59 68 30 64 69 5
30 64 69 38 51 68 13
38 51 68 27 47 62 7
27 47 62 28 51 72 10
28 51 72 65 71 49 30
65 71 49 35 73 39 10
35 73 39 32 73 34 5
32 73 34 63 71 37 3
63 71 37 78 71 60 23
78 71 60 2 77 63 6
2 77 63 25 76 57 6
25 76 57 68 70 57 6
68 70 57 74 69 76 19
74 69 76 20 60 79 9
20 60 79 46 23 68 38
46 23 68 3 30 75 9
3 30 75 76 33 69 6
76 33 69 58 21 69 12
58 21 69 73 8 58 17
73 8 58 8 6 65 7
8 6 65 52 0 64 6
52 0 64 9 8 59 9
9 8 59 21 2 51 10
21 2 51 60 1 53 2
60 1 53 55 12 57 11
55 12 57 54 13 59 2
54 13 59 13 4 32 28
13 4 32 45 2 22 10
45 2 22 14 7 20 5
14 7 20 62 7 25 5
62 7 25 26 6 25 1
26 6 25 70 6 40 15
70 6 40 6 3 42 3
6 3 42 57 16 38 13
57 16 38 22 18 0 38
22 18 0 67 8 3 10
67 8 3 77 8 7 4
77 8 7 41 30 18 24
41 30 18 59 31 25 7
59 31 25 42 34 9 16
42 34 9 43 19 22 19
43 19 22 15 24 29 8
15 24 29 17 12 17 16
17 12 17 64 8 15 4
64 8 15 51 32 13 24
51 32 13 47 63 9 31
47 63 9 1 71 25 17
