1 1 20 0 1 22 2
0 1 22 4 13 21 12
4 13 21 2 16 17 5
2 16 17 15 16 15 2
15 16 15 25 24 14 8
25 24 14 3 21 16 3
3 21 16 7 23 12 4
7 23 12 8 21 14 2
8 21 14 12 24 14 3
12 24 14 18 25 8 6
18 25 8 6 10 19 18
6 10 19 10 18 24 9
10 18 24 20 15 11 13
20 15 11 19 17 8 3
19 17 8 21 16 9 1
21 16 9 24 19 5 5
24 19 5 17 20 6 1
17 20 6 23 14 7 6
23 14 7 16 7 4 7
16 7 4 14 2 5 5
14 2 5 13 0 3 2
13 0 3 26 1 25 22
26 1 25 27 7 20 7
27 7 20 9 1 14 8
9 1 14 5 1 12 2
5 1 12 11 2 10 2
11 2 10 22 3 14 4
22 3 14 1 1 20 6
