19 67 19 1 65 17 2
1 65 17 14 52 26 15
14 52 26 24 49 24 3
24 49 24 69 51 22 2
69 51 22 81 42 24 9
81 42 24 0 52 9 18
0 52 9 7 84 0 33
7 84 0 74 86 15 15
74 86 15 30 85 15 1
30 85 15 87 87 3 12
87 87 3 9 54 10 33
9 54 10 29 80 85 79
29 80 85 37 66 69 21
37 66 69 38 69 73 5
38 69 73 32 64 77 6
32 64 77 40 62 64 13
40 62 64 31 61 65 1
31 61 65 51 52 72 11
51 52 72 59 57 81 10
59 57 81 26 63 86 7
26 63 86 84 53 77 13
84 53 77 27 46 78 7
27 46 78 54 63 69 19
54 63 69 75 60 71 3
75 60 71 42 79 87 24
42 79 87 71 84 78 10
71 84 78 63 86 81 3
63 86 81 35 44 12 80
35 44 12 18 47 9 4
18 47 9 23 38 15 10
23 38 15 41 39 6 9
41 39 6 50 29 13 12
50 29 13 3 30 14 1
3 30 14 78 32 19 5
78 32 19 8 12 4 25
8 12 4 2 14 10 6
2 14 10 36 12 7 3
36 12 7 17 27 4 15
17 27 4 55 28 3 1
55 28 3 66 33 3 5
66 33 3 47 21 28 27
47 21 28 5 30 34 10
5 30 34 6 22 20 16
6 22 20 57 20 22 2
57 20 22 11 12 25 8
11 12 25 13 20 30 9
13 20 30 25 13 34 8
25 13 34 53 5 31 8
53 5 31 80 1 20 11
80 1 20 73 10 46 27
73 10 46 20 7 41 5
20 7 41 68 51 4 57
68 51 4 70 51 50 46
70 51 50 10 51 45 5
10 51 45 21 69 46 18
21 69 46 12 72 39 7
12 72 39 44 77 44 7
44 77 44 62 71 34 11
62 71 34 15 68 49 15
15 68 49 61 64 42 8
61 64 42 33 57 35 9
33 57 35 34 66 36 9
34 66 36 48 58 55 20
48 58 55 43 58 51 4
43 58 51 46 58 58 7
46 58 58 83 51 63 8
83 51 63 22 51 62 1
22 51 62 56 56 55 8
56 56 55 58 63 57 7
58 63 57 67 35 63 28
67 35 63 4 21 59 14
4 21 59 45 23 65 6
45 23 65 76 24 59 6
76 24 59 49 29 70 12
49 29 70 52 25 72 4
52 25 72 64 30 80 9
64 30 80 77 44 46 36
77 44 46 39 37 47 7
39 37 47 79 43 55 10
79 43 55 85 48 49 7
85 48 49 86 6 70 46
86 6 70 60 3 75 5
60 3 75 16 9 81 8
16 9 81 72 11 71 10
72 11 71 65 19 75 8
65 19 75 82 53 8 75
82 53 8 28 74 9 21
28 74 9 19 67 19 12
