43 106 93 1 89 90 17
1 89 90 22 75 98 16
22 75 98 33 123 103 48
33 123 103 101 132 104 9
101 132 104 17 137 98 7
17 137 98 97 146 96 9
97 146 96 138 133 103 14
138 133 103 0 149 129 30
0 149 129 28 29 43 147
28 29 43 7 17 38 13
7 17 38 78 21 36 4
78 21 36 74 24 36 3
74 24 36 137 14 30 11
137 14 30 49 6 56 27
49 6 56 3 19 55 13
3 19 55 47 26 66 13
47 26 66 18 25 79 13
18 25 79 21 14 70 14
21 14 70 44 37 70 23
44 37 70 86 0 73 37
86 0 73 146 12 55 21
146 12 55 6 11 46 9
6 11 46 107 28 41 17
107 28 41 129 49 53 24
129 49 53 83 56 52 7
83 56 52 99 80 37 28
99 80 37 55 70 33 10
55 70 33 76 67 29 5
76 67 29 100 64 20 9
100 64 20 113 87 24 23
113 87 24 13 81 22 6
13 81 22 58 86 29 8
58 86 29 133 90 22 8
133 90 22 114 84 48 26
114 84 48 130 89 38 11
130 89 38 141 56 81 54
141 56 81 4 51 69 13
4 51 69 16 68 75 18
16 68 75 104 80 70 13
104 80 70 27 61 86 24
27 61 86 126 59 84 2
126 59 84 80 57 86 2
80 57 86 45 36 103 27
45 36 103 46 40 106 5
46 40 106 35 39 112 6
35 39 112 123 36 112 3
123 36 112 56 40 100 12
56 40 100 66 22 95 18
66 22 95 50 8 97 14
50 8 97 140 13 98 5
140 13 98 77 20 89 11
77 20 89 145 16 88 4
145 16 88 41 10 90 6
41 10 90 87 25 133 45
87 25 133 26 36 144 15
26 36 144 12 50 149 14
12 50 149 149 50 148 1
149 50 148 31 22 148 28
31 22 148 102 22 148 0
102 22 148 38 10 126 25
38 10 126 82 9 138 12
82 9 138 112 9 122 16
112 9 122 64 20 114 13
64 20 114 53 11 109 10
53 11 109 42 31 136 33
42 31 136 48 29 141 5
48 29 141 94 30 99 42
94 30 99 136 50 107 21
136 50 107 147 47 113 6
147 47 113 85 50 117 5
85 50 117 110 43 81 36
110 43 81 148 21 17 67
148 21 17 40 17 3 14
40 17 3 20 12 11 9
20 12 11 142 5 3 10
142 5 3 69 24 22 26
69 24 22 70 36 13 15
70 36 13 14 47 16 11
14 47 16 10 51 11 6
10 51 11 73 41 26 18
73 41 26 135 53 33 13
135 53 33 63 36 6 31
63 36 6 143 5 22 34
143 5 22 57 3 29 7
57 3 29 75 138 45 135
75 138 45 24 143 70 25
24 143 70 62 130 75 13
62 130 75 37 129 76 1
37 129 76 81 126 83 7
81 126 83 124 137 67 19
124 137 67 19 139 67 2
19 139 67 139 150 65 11
139 150 65 32 124 53 28
32 124 53 79 120 33 20
79 120 33 36 126 39 8
36 126 39 60 102 47 25
60 102 47 34 100 55 8
34 100 55 90 92 61 10
90 92 61 52 94 46 15
52 94 46 65 113 22 30
65 113 22 105 109 17 6
105 109 17 109 112 16 3
109 112 16 68 122 26 14
68 122 26 84 101 13 24
84 101 13 9 99 7 6
9 99 7 23 101 4 3
23 101 4 30 84 7 17
30 84 7 54 98 16 16
54 98 16 91 92 13 6
91 92 13 117 118 3 27
117 118 3 125 145 52 55
125 145 52 150 145 28 24
150 145 28 51 143 33 5
51 143 33 88 148 38 7
88 148 38 71 139 10 29
71 139 10 108 147 5 9
108 147 5 128 148 25 20
128 148 25 118 137 120 95
118 137 120 93 139 121 2
93 139 121 132 147 118 8
132 147 118 120 130 125 18
120 130 125 131 126 135 10
131 126 135 29 113 123 17
29 113 123 61 127 132 16
61 127 132 59 99 106 38
59 99 106 96 117 84 28
96 117 84 25 114 69 15
25 114 69 15 116 71 2
15 116 71 106 113 92 21
106 113 92 115 93 121 35
115 93 121 11 88 114 8
11 88 114 67 89 125 11
67 89 125 95 81 124 8
95 81 124 72 61 130 20
72 61 130 98 59 134 4
98 59 134 5 65 149 16
5 65 149 2 67 148 2
2 67 148 103 58 147 9
103 58 147 119 69 132 18
119 69 132 122 44 125 25
122 44 125 111 75 117 32
111 75 117 89 63 114 12
89 63 114 121 61 115 2
121 61 115 134 86 133 30
134 86 133 39 86 131 2
39 86 131 92 104 148 24
92 104 148 116 106 142 6
116 106 142 144 99 80 62
144 99 80 8 99 70 10
8 99 70 127 105 71 6
127 105 71 43 106 93 22
