1 48 155 30 65 147 18
30 65 147 3 67 144 3
3 67 144 33 68 135 9
33 68 135 32 76 142 10
32 76 142 39 75 143 1
39 75 143 93 25 130 51
93 25 130 16 21 131 4
16 21 131 40 29 123 11
40 29 123 108 34 115 9
108 34 115 104 32 108 7
104 32 108 89 27 111 5
89 27 111 87 24 108 4
87 24 108 124 40 112 16
124 40 112 25 43 111 3
25 43 111 133 26 117 18
133 26 117 80 18 154 37
80 18 154 53 14 154 4
53 14 154 116 21 157 7
116 21 157 27 105 104 99
27 105 104 5 103 102 2
5 103 102 12 126 154 56
12 126 154 46 144 156 18
46 144 156 13 148 147 9
13 148 147 118 158 132 18
118 158 132 115 115 153 47
115 115 153 120 99 150 16
120 99 150 154 133 155 34
154 133 155 0 129 9 146
0 129 9 29 130 22 13
29 130 22 59 140 26 10
59 140 26 60 126 27 14
60 126 27 75 129 30 4
75 129 30 83 135 35 7
83 135 35 42 136 36 1
42 136 36 101 130 22 15
101 130 22 67 111 23 19
67 111 23 44 119 33 12
44 119 33 150 115 26 8
150 115 26 114 84 6 36
114 84 6 70 86 13 7
70 86 13 97 91 3 11
97 91 3 37 102 2 11
37 102 2 21 105 1 3
21 105 1 134 89 4 16
134 89 4 145 81 8 8
145 81 8 146 67 18 17
146 67 18 23 60 23 8
23 60 23 92 45 18 15
92 45 18 19 38 26 10
19 38 26 52 37 30 4
52 37 30 152 19 15 23
152 19 15 15 23 27 12
15 23 27 123 11 11 20
123 11 11 34 7 7 5
34 7 7 136 25 11 18
136 25 11 66 59 8 34
66 59 8 22 54 12 6
22 54 12 102 69 20 17
102 69 20 141 66 12 8
141 66 12 139 153 20 87
139 153 20 28 155 15 5
28 155 15 132 154 5 10
132 154 5 140 152 41 36
140 152 41 155 123 53 31
155 123 53 45 138 60 16
45 138 60 78 132 73 14
78 132 73 73 149 78 17
73 149 78 14 157 71 10
14 157 71 111 147 71 10
111 147 71 96 107 49 45
96 107 49 71 96 39 14
71 96 39 10 86 46 12
10 86 46 36 92 51 7
36 92 51 100 90 44 7
100 90 44 26 100 38 11
26 100 38 72 105 44 7
72 105 44 131 111 42 6
131 111 42 91 106 57 15
91 106 57 50 104 94 37
50 104 94 58 98 87 9
58 98 87 149 95 85 3
149 95 85 79 116 89 21
79 116 89 81 110 76 14
81 110 76 94 107 108 32
94 107 108 63 109 113 5
63 109 113 143 100 124 14
143 100 124 158 96 137 13
158 96 137 51 102 133 7
51 102 133 7 108 138 7
7 108 138 99 94 137 14
99 94 137 130 136 112 48
130 136 112 41 140 108 5
41 140 108 24 145 105 5
24 145 105 68 145 97 8
68 145 97 54 126 130 38
54 126 130 61 119 129 7
61 119 129 65 129 122 12
65 129 122 103 129 112 10
103 129 112 8 119 110 10
8 119 110 151 78 68 58
151 78 68 9 85 79 13
9 85 79 20 87 77 2
20 87 77 109 82 86 10
109 82 86 142 79 86 3
142 79 86 147 73 81 7
147 73 81 17 84 64 20
17 84 64 56 61 85 31
56 61 85 38 66 93 9
38 66 93 47 62 80 13
47 62 80 43 51 72 13
43 51 72 18 59 70 8
18 59 70 57 57 79 9
57 57 79 84 65 79 8
84 65 79 82 70 68 12
82 70 68 35 68 60 8
35 68 60 74 72 61 4
74 72 61 90 66 47 15
90 66 47 95 71 34 13
95 71 34 107 40 44 32
107 40 44 31 35 59 15
31 35 59 110 34 67 8
110 34 67 106 29 39 28
106 29 39 119 48 53 23
119 48 53 113 56 61 11
113 56 61 112 9 117 73
112 9 117 62 0 138 22
62 0 138 98 4 136 4
98 4 136 137 1 146 10
137 1 146 88 10 61 85
88 10 61 6 2 56 9
6 2 56 76 20 49 19
76 20 49 126 20 44 5
126 20 44 4 10 39 11
4 10 39 105 9 30 9
105 9 30 125 28 74 47
125 28 74 49 32 89 15
49 32 89 77 28 84 6
77 28 84 85 29 83 1
85 29 83 148 37 96 15
148 37 96 121 17 71 32
121 17 71 153 31 77 15
153 31 77 69 37 74 6
69 37 74 138 12 99 35
138 12 99 117 16 101 4
117 16 101 86 14 105 4
86 14 105 129 17 103 3
129 17 103 144 14 89 14
144 14 89 2 18 82 8
2 18 82 64 8 85 10
64 8 85 122 54 116 55
122 54 116 11 46 118 8
11 46 118 55 45 134 16
55 45 134 127 61 107 31
127 61 107 128 77 129 27
128 77 129 156 63 138 16
156 63 138 157 71 137 8
157 71 137 135 50 152 25
135 50 152 48 58 157 9
48 58 157 1 48 155 10
