52 56 6 1 50 8 6
1 50 8 26 53 1 7
26 53 1 39 59 11 11
39 59 11 11 54 21 11
11 54 21 32 56 28 7
32 56 28 27 52 30 4
27 52 30 0 40 61 33
0 40 61 5 14 1 65
5 14 1 3 30 15 21
3 30 15 31 32 14 2
31 32 14 34 37 17 5
34 37 17 36 20 27 19
36 20 27 21 19 34 7
21 19 34 22 14 25 10
22 14 25 44 28 25 14
44 28 25 37 36 0 26
37 36 0 12 38 8 8
12 38 8 54 43 10 5
54 43 10 59 45 1 9
59 45 1 40 25 16 25
40 25 16 7 26 17 1
7 26 17 25 22 12 6
25 22 12 45 20 18 6
45 20 18 55 29 10 12
55 29 10 16 14 9 15
16 14 9 30 3 17 13
30 3 17 51 1 11 6
51 1 11 60 12 15 11
60 12 15 38 15 2 13
38 15 2 14 31 45 45
14 31 45 6 34 46 3
6 34 46 58 37 49 4
58 37 49 8 24 50 13
8 24 50 46 29 39 12
46 29 39 50 30 42 3
50 30 42 17 52 52 24
17 52 52 33 59 46 9
33 59 46 28 56 44 3
28 56 44 35 57 39 5
35 57 39 56 59 60 21
56 59 60 9 58 57 3
9 58 57 61 48 58 10
61 48 58 41 40 54 8
41 40 54 19 34 52 6
19 34 52 29 32 54 2
29 32 54 24 43 51 11
24 43 51 42 37 61 11
42 37 61 53 30 58 7
53 30 58 49 1 43 32
49 1 43 2 3 32 11
2 3 32 4 13 60 29
4 13 60 18 16 57 4
18 16 57 57 6 48 13
57 6 48 15 14 45 8
15 14 45 48 18 43 4
48 18 43 47 44 37 26
47 44 37 43 42 43 6
43 42 43 13 50 25 19
13 50 25 20 55 18 8
20 55 18 10 59 17 4
10 59 17 23 52 14 7
23 52 14 52 56 6 8
