1 84 33 114 84 31 2
114 84 31 87 82 40 9
87 82 40 88 80 38 2
88 80 38 30 76 24 14
30 76 24 57 63 13 17
57 63 13 2 47 17 16
2 47 17 62 9 23 38
62 9 23 26 16 24 7
26 16 24 50 8 26 8
50 8 26 5 7 26 1
5 7 26 109 6 18 8
109 6 18 17 13 10 10
17 13 10 24 1 9 12
24 1 9 6 3 13 4
6 3 13 118 1 49 36
118 1 49 34 10 48 9
34 10 48 70 49 26 44
70 49 26 96 37 0 28
96 37 0 95 19 2 18
95 19 2 14 18 4 2
14 18 4 117 27 12 12
117 27 12 120 34 24 13
120 34 24 7 34 33 9
7 34 33 113 23 37 11
113 23 37 21 66 23 45
21 66 23 53 55 7 19
53 55 7 93 47 1 10
93 47 1 0 120 86 112
0 120 86 18 0 121 125
18 0 121 19 38 124 38
19 38 124 23 29 124 9
23 29 124 37 39 104 22
37 39 104 11 33 97 9
11 33 97 105 40 105 10
105 40 105 59 57 121 23
59 57 121 110 57 121 0
110 57 121 44 17 88 51
44 17 88 54 18 84 4
54 18 84 111 12 77 9
111 12 77 49 10 74 3
49 10 74 115 11 68 6
115 11 68 20 9 67 2
20 9 67 64 29 59 21
64 29 59 60 31 64 5
60 31 64 48 36 67 5
48 36 67 99 33 67 3
99 33 67 125 32 71 4
125 32 71 68 21 50 23
68 21 50 104 23 64 14
104 23 64 119 29 57 9
119 29 57 74 13 88 34
74 13 88 45 13 89 1
45 13 89 63 4 83 10
63 4 83 85 21 97 22
85 21 97 90 17 99 4
90 17 99 100 30 81 22
100 30 81 38 26 78 5
38 26 78 102 26 86 8
102 26 86 71 29 91 5
71 29 91 52 9 118 33
52 9 118 80 17 126 11
80 17 126 66 0 102 29
66 0 102 84 5 108 7
84 5 108 81 13 107 8
81 13 107 22 89 108 76
22 89 108 32 104 121 19
32 104 121 51 99 124 5
51 99 124 116 121 126 22
116 121 126 77 71 103 55
77 71 103 108 65 112 10
108 65 112 121 73 120 11
121 73 120 123 63 94 27
123 63 94 43 57 96 6
43 57 96 82 89 96 32
82 89 96 40 92 89 7
40 92 89 36 96 86 5
36 96 86 58 91 97 12
58 91 97 47 115 100 24
47 115 100 9 112 94 6
9 112 94 35 123 108 17
35 123 108 4 117 109 6
4 117 109 83 75 66 60
83 75 66 55 88 71 13
55 88 71 112 99 80 14
112 99 80 56 78 61 28
56 78 61 8 83 63 5
8 83 63 92 83 56 7
92 83 56 86 80 54 3
86 80 54 97 78 62 8
97 78 62 67 57 79 27
67 57 79 3 57 80 1
3 57 80 15 45 70 15
15 45 70 39 52 58 13
39 52 58 28 45 87 29
28 45 87 29 51 92 7
29 51 92 78 44 83 11
78 44 83 98 62 82 18
98 62 82 107 65 80 3
107 65 80 69 67 55 25
69 67 55 10 71 54 4
10 71 54 101 62 47 11
101 62 47 41 52 42 11
41 52 42 31 45 40 7
31 45 40 65 65 41 20
65 65 41 79 99 50 35
79 99 50 73 93 58 10
73 93 58 103 110 40 24
103 110 40 75 111 37 3
75 111 37 91 121 44 12
91 121 44 25 119 41 3
25 119 41 122 123 37 5
122 123 37 126 115 75 38
126 115 75 27 125 59 18
27 125 59 76 74 3 75
76 74 3 13 81 5 7
13 81 5 94 94 7 13
94 94 7 33 92 15 8
33 92 15 16 85 12 7
16 85 12 61 104 19 20
61 104 19 89 108 20 4
89 108 20 12 118 12 12
12 118 12 72 121 26 14
72 121 26 124 97 27 24
124 97 27 106 102 29 5
106 102 29 42 106 33 5
42 106 33 46 79 21 29
46 79 21 1 84 33 13
