35 91 92 1 119 101 29
1 119 101 94 117 90 11
94 117 90 48 123 84 8
48 123 84 108 123 111 27
108 123 111 14 134 106 12
14 134 106 74 136 109 3
74 136 109 75 136 106 3
75 136 106 4 79 76 64
4 79 76 86 67 77 12
86 67 77 16 63 71 7
16 63 71 18 67 77 7
18 67 77 60 66 85 8
60 66 85 90 65 91 6
90 65 91 137 80 80 18
137 80 80 37 46 42 50
37 46 42 9 66 55 23
9 66 55 67 67 61 6
67 67 61 131 76 64 9
131 76 64 82 78 51 13
82 78 51 10 83 53 5
10 83 53 44 77 54 6
44 77 54 0 34 29 49
0 34 29 27 19 14 21
27 19 14 5 17 19 5
5 17 19 2 10 14 8
2 10 14 107 11 16 2
107 11 16 112 0 11 12
112 0 11 59 22 21 24
59 22 21 139 17 23 5
139 17 23 104 19 11 12
104 19 11 33 98 2 79
33 98 2 6 98 1 1
6 98 1 25 113 0 15
25 113 0 70 121 11 13
70 121 11 85 124 38 27
85 124 38 56 139 40 15
56 139 40 120 138 52 12
120 138 52 115 129 41 14
115 129 41 69 130 44 3
69 130 44 116 113 42 17
116 113 42 22 103 48 11
22 103 48 105 106 36 12
105 106 36 140 114 23 15
140 114 23 110 96 6 24
110 96 6 119 136 3 40
119 136 3 57 139 9 6
57 139 9 13 132 11 7
13 132 11 122 74 22 59
122 74 22 20 88 23 14
20 88 23 133 86 29 6
133 86 29 65 69 33 17
65 69 33 126 60 20 15
126 60 20 129 77 12 18
129 77 12 63 77 6 6
63 77 6 72 83 12 8
72 83 12 83 89 15 6
83 89 15 77 43 25 47
77 43 25 41 44 8 17
41 44 8 8 39 4 6
8 39 4 102 37 4 2
102 37 4 68 59 4 22
68 59 4 123 43 22 24
123 43 22 88 31 32 15
88 31 32 49 19 28 12
49 19 28 92 8 27 11
92 8 27 124 6 38 11
124 6 38 141 29 41 23
141 29 41 15 22 62 22
15 22 62 62 16 54 10
62 16 54 40 13 60 6
40 13 60 78 16 49 11
78 16 49 79 3 57 15
79 3 57 95 40 88 48
95 40 88 11 52 84 12
11 52 84 61 51 90 6
61 51 90 52 35 107 23
52 35 107 32 43 107 8
32 43 107 100 47 106 4
100 47 106 136 44 104 3
136 44 104 38 23 109 21
38 23 109 39 20 115 6
39 20 115 53 47 129 30
53 47 129 45 28 141 22
45 28 141 130 26 137 4
130 26 137 54 37 118 21
54 37 118 47 33 122 5
47 33 122 91 38 119 5
91 38 119 46 42 121 4
46 42 121 114 34 100 22
114 34 100 118 37 112 12
118 37 112 93 45 89 24
93 45 89 99 44 81 8
99 44 81 19 44 75 6
19 44 75 101 48 70 6
101 48 70 98 5 72 43
98 5 72 138 7 73 2
138 7 73 127 6 91 18
127 6 91 17 5 82 9
17 5 82 26 3 85 3
26 3 85 42 16 83 13
42 16 83 28 10 108 25
28 10 108 96 9 117 9
96 9 117 143 2 139 23
143 2 139 51 12 134 11
51 12 134 132 25 47 87
132 25 47 76 107 68 84
76 107 68 29 110 67 3
29 110 67 58 129 63 19
58 129 63 117 103 66 26
117 103 66 87 103 99 33
87 103 99 7 110 98 7
7 110 98 64 107 110 12
64 107 110 71 102 96 14
71 102 96 106 105 97 3
106 105 97 103 91 116 23
103 91 116 21 95 108 8
21 95 108 31 87 113 9
31 87 113 36 87 119 6
36 87 119 80 85 142 23
80 85 142 24 93 133 12
24 93 133 55 90 132 3
55 90 132 89 92 126 6
89 92 126 84 69 142 28
84 69 142 121 58 140 11
121 58 140 97 78 120 28
97 78 120 12 70 118 8
12 70 118 66 64 125 9
66 64 125 30 70 129 7
30 70 129 125 64 131 6
125 64 131 142 61 119 12
142 61 119 109 81 102 26
109 81 102 43 64 103 17
43 64 103 50 79 94 17
50 79 94 113 90 99 12
113 90 99 128 130 136 54
128 130 136 23 135 132 6
23 135 132 34 133 121 11
34 133 121 73 132 115 6
73 132 115 3 127 118 5
3 127 118 81 115 123 13
81 115 123 135 119 126 5
135 119 126 134 115 134 8
134 115 134 111 126 141 13
111 126 141 35 91 92 60
