7 30 18 1 34 16 4
1 34 16 18 37 1 15
18 37 1 20 41 12 11
20 41 12 9 39 11 2
9 39 11 4 34 35 24
4 34 35 0 25 40 10
0 25 40 10 22 39 3
10 22 39 11 12 40 10
11 12 40 19 11 41 1
19 11 41 25 10 37 4
25 10 37 8 5 39 5
8 5 39 16 8 35 5
16 8 35 22 12 34 4
22 12 34 27 18 43 10
27 18 43 37 15 8 35
37 15 8 12 17 4 4
12 17 4 30 13 2 4
30 13 2 21 4 7 10
21 4 7 38 9 7 5
38 9 7 28 20 12 12
28 20 12 24 24 16 5
24 24 16 17 22 20 4
17 22 20 40 25 11 9
40 25 11 15 25 8 3
15 25 8 43 19 12 7
43 19 12 34 15 18 7
34 15 18 5 18 17 3
5 18 17 26 17 17 1
26 17 17 35 14 26 9
35 14 26 39 2 27 12
39 2 27 31 4 32 5
31 4 32 14 3 33 1
14 3 33 36 2 22 11
36 2 22 2 8 21 6
2 8 21 3 4 18 5
3 4 18 32 5 21 3
32 5 21 6 43 27 38
6 43 27 41 40 21 6
41 40 21 29 39 19 2
29 39 19 13 39 39 20
13 39 39 23 30 28 14
23 30 28 42 27 24 5
42 27 24 33 36 29 10
33 36 29 7 30 18 12
