1 51 10 16 53 16 6
16 53 16 20 38 25 17
20 38 25 3 23 40 21
3 23 40 12 9 47 15
12 9 47 61 7 54 7
61 7 54 97 4 55 3
97 4 55 30 29 39 29
30 29 39 81 23 34 7
81 23 34 35 23 28 6
35 23 28 95 22 57 29
95 22 57 38 29 53 8
38 29 53 57 15 60 15
57 15 60 99 18 45 15
99 18 45 25 30 6 40
25 30 6 0 94 96 110
0 94 96 8 92 80 16
8 92 80 39 87 80 5
39 87 80 51 100 84 13
51 100 84 80 96 70 14
80 96 70 32 99 76 6
32 99 76 56 89 93 19
56 89 93 62 93 91 4
62 93 91 64 29 100 64
64 29 100 28 30 87 13
28 30 87 2 21 75 15
2 21 75 49 15 78 6
49 15 78 52 4 70 13
52 4 70 66 3 80 10
66 3 80 18 41 68 39
18 41 68 5 47 71 6
5 47 71 29 45 77 6
29 45 77 85 49 70 8
85 49 70 54 55 68 6
54 55 68 13 44 68 11
13 44 68 86 40 65 5
86 40 65 58 40 54 11
58 40 54 75 29 83 31
75 29 83 78 45 93 18
78 45 93 84 48 91 3
84 48 91 98 53 96 7
98 53 96 92 23 93 30
92 23 93 77 13 95 10
77 13 95 4 16 92 4
4 16 92 17 16 89 3
17 16 89 94 6 98 13
94 6 98 83 21 89 17
83 21 89 68 90 56 76
68 90 56 14 67 52 23
14 67 52 27 78 39 17
27 78 39 34 70 41 8
34 70 41 88 81 36 12
88 81 36 41 83 62 26
41 83 62 90 84 67 5
90 84 67 9 78 73 8
9 78 73 36 79 73 1
36 79 73 91 73 65 10
91 73 65 55 70 73 8
55 70 73 71 89 24 52
71 89 24 11 74 22 15
11 74 22 87 75 19 3
87 75 19 93 73 14 5
93 73 14 100 73 12 2
100 73 12 50 89 27 21
50 89 27 76 89 14 13
76 89 14 44 90 8 6
44 90 8 23 82 2 10
23 82 2 72 97 43 43
72 97 43 70 70 94 57
70 70 94 19 62 91 8
19 62 91 48 52 82 13
48 52 82 21 57 84 5
21 57 84 63 53 77 8
63 53 77 24 54 78 1
24 54 78 22 66 94 20
22 66 94 69 71 83 12
69 71 83 7 67 82 4
7 67 82 46 69 82 2
46 69 82 73 70 87 5
73 70 87 45 70 87 0
45 70 87 26 18 8 94
26 18 8 60 20 14 6
60 20 14 15 18 22 8
15 18 22 96 16 26 4
96 16 26 31 24 1 26
31 24 1 67 5 0 19
67 5 0 65 11 4 7
65 11 4 6 14 2 3
6 14 2 79 15 4 2
79 15 4 82 31 10 17
82 31 10 37 32 10 1
37 32 10 40 42 21 14
40 42 21 42 38 27 7
42 38 27 47 38 35 8
47 38 35 59 45 36 7
59 45 36 74 43 35 2
74 43 35 33 64 9 33
33 64 9 43 54 28 21
43 54 28 10 59 28 5
10 59 28 53 60 21 7
53 60 21 89 63 17 5
89 63 17 1 51 10 13
