1 24 39 83 28 47 8
83 28 47 36 26 52 5
36 26 52 2 24 61 9
2 24 61 0 12 19 43
0 12 19 6 15 14 5
6 15 14 39 29 11 14
39 29 11 26 41 16 13
26 41 16 58 47 18 6
58 47 18 22 46 26 8
22 46 26 60 51 34 9
60 51 34 17 46 34 5
17 46 34 84 47 38 4
84 47 38 61 40 35 7
61 40 35 73 56 26 18
73 56 26 88 61 39 13
88 61 39 33 61 35 4
33 61 35 46 67 37 6
46 67 37 75 35 20 36
75 35 20 16 30 28 9
16 30 28 31 28 17 11
31 28 17 42 15 20 13
42 15 20 72 3 26 13
72 3 26 9 8 36 11
9 8 36 37 16 31 9
37 16 31 45 7 35 9
45 7 35 76 70 63 68
76 70 63 5 84 25 40
5 84 25 4 76 38 15
4 76 38 15 79 38 3
15 79 38 18 74 33 7
18 74 33 68 77 41 8
68 77 41 27 81 18 23
27 81 18 10 75 12 8
10 75 12 47 85 7 11
47 85 7 49 88 12 5
49 88 12 66 65 10 23
66 65 10 14 68 13 4
14 68 13 89 68 18 5
89 68 18 23 61 14 8
23 61 14 13 68 60 46
13 68 60 34 60 54 10
34 60 54 40 58 54 2
40 58 54 74 52 46 10
74 52 46 11 54 48 2
11 54 48 41 73 54 19
41 73 54 65 83 54 10
65 83 54 55 93 42 15
55 93 42 70 72 82 45
70 72 82 67 72 79 3
67 72 79 63 75 79 3
63 75 79 81 79 92 13
81 79 92 29 85 94 6
29 85 94 92 79 77 18
92 79 77 86 78 81 4
86 78 81 71 89 71 14
71 89 71 12 88 74 3
12 88 74 48 87 73 1
48 87 73 44 88 81 8
44 88 81 30 90 82 2
30 90 82 19 94 80 4
19 94 80 35 90 87 8
35 90 87 69 88 79 8
69 88 79 82 8 23 97
82 8 23 32 23 78 57
32 23 78 21 19 81 5
21 19 81 52 25 80 6
52 25 80 25 31 81 6
25 31 81 43 39 88 10
43 39 88 87 26 91 13
87 26 91 62 20 90 6
62 20 90 77 14 94 7
77 14 94 94 30 93 16
94 30 93 91 45 91 15
91 45 91 24 45 92 1
24 45 92 54 54 94 9
54 54 94 56 55 83 11
56 55 83 93 39 93 18
93 39 93 57 28 60 34
57 28 60 80 3 76 29
80 3 76 3 0 71 5
3 0 71 59 11 69 11
59 11 69 78 15 70 4
78 15 70 85 6 51 21
85 6 51 7 0 52 6
7 0 52 8 6 58 8
8 6 58 28 10 58 4
28 10 58 50 14 44 14
50 14 44 51 11 43 3
51 11 43 53 5 53 11
53 5 53 90 39 52 34
90 39 52 64 40 49 3
64 40 49 79 35 48 5
79 35 48 38 30 53 7
38 30 53 20 30 54 1
20 30 54 1 24 39 16
