0 49 40 1 15 55 37
1 15 55 9 10 61 7
9 10 61 7 4 61 6
7 4 61 44 0 55 7
44 0 55 79 1 50 5
79 1 50 50 12 71 23
50 12 71 26 4 79 11
26 4 79 29 13 77 9
29 13 77 45 10 46 31
45 10 46 59 9 28 18
59 9 28 46 15 26 6
46 15 26 5 53 28 38
5 53 28 39 56 29 3
39 56 29 18 58 31 2
18 58 31 55 57 25 6
55 57 25 65 48 31 10
65 48 31 8 58 37 11
8 58 37 32 75 41 17
32 75 41 78 71 43 4
78 71 43 74 59 35 14
74 59 35 10 34 39 25
10 34 39 23 38 40 4
23 38 40 34 21 34 18
34 21 34 3 21 43 9
3 21 43 75 22 31 12
75 22 31 28 24 32 2
28 24 32 77 30 20 13
77 30 20 15 34 24 5
15 34 24 30 26 5 20
30 26 5 22 24 9 4
22 24 9 36 15 2 11
36 15 2 41 27 3 12
41 27 3 35 42 19 21
35 42 19 49 29 20 13
49 29 20 64 29 27 7
64 29 27 27 48 48 28
27 48 48 13 47 50 2
13 47 50 42 56 54 9
42 56 54 40 66 56 10
40 66 56 2 72 63 9
2 72 63 24 73 72 9
24 73 72 54 72 59 13
54 72 59 47 71 50 9
47 71 50 68 43 47 28
68 43 47 48 42 44 3
48 42 44 58 71 13 42
58 71 13 12 65 22 10
12 65 22 19 63 20 2
19 63 20 33 69 28 10
33 69 28 37 74 33 7
37 74 33 72 66 24 12
72 66 24 4 66 26 2
4 66 26 14 65 6 20
14 65 6 16 60 0 7
16 60 0 67 45 3 15
67 45 3 6 50 4 5
6 50 4 70 47 8 5
70 47 8 53 71 4 24
53 71 4 61 64 8 8
61 64 8 11 59 10 5
11 59 10 60 53 10 6
60 53 10 43 65 12 12
43 65 12 52 74 12 9
52 74 12 56 70 17 6
56 70 17 62 69 19 2
62 69 19 73 39 55 46
73 39 55 38 51 63 14
38 51 63 17 53 65 2
17 53 65 20 53 63 2
20 53 63 31 60 63 7
31 60 63 25 56 79 16
25 56 79 51 61 74 7
51 61 74 21 60 74 1
21 60 74 69 53 71 7
69 53 71 57 35 48 29
57 35 48 63 35 48 0
63 35 48 66 30 59 12
66 30 59 76 37 66 9
76 37 66 71 40 61 5
71 40 61 0 49 40 22
