2 40 42 1 39 47 5
1 39 47 48 37 47 2
48 37 47 10 42 37 11
10 42 37 43 40 30 7
43 40 30 3 35 32 5
3 35 32 4 38 26 6
4 38 26 12 42 32 7
12 42 32 17 43 22 10
17 43 22 34 42 19 3
34 42 19 36 47 21 5
36 47 21 0 22 15 25
0 22 15 18 16 24 10
18 16 24 24 22 32 10
24 22 32 20 25 33 3
20 25 33 31 26 33 1
31 26 33 37 30 37 5
37 30 37 23 19 36 11
23 19 36 47 17 48 12
47 17 48 26 15 8 40
26 15 8 16 19 6 4
16 19 6 22 5 8 14
22 5 8 8 9 3 6
8 9 3 28 12 9 6
28 12 9 30 8 18 9
30 8 18 44 7 19 1
44 7 19 14 6 20 1
14 6 20 45 0 19 6
45 0 19 27 22 13 22
27 22 13 33 3 31 26
33 3 31 6 2 40 9
6 2 40 21 0 33 7
21 0 33 29 0 31 2
29 0 31 25 9 36 10
25 9 36 9 12 34 3
9 12 34 15 8 39 6
15 8 39 39 7 27 12
39 7 27 35 24 13 22
35 24 13 40 34 16 10
40 34 16 19 31 17 3
19 31 17 38 40 6 14
38 40 6 5 38 3 3
5 38 3 32 44 12 10
32 44 12 41 36 18 10
41 36 18 11 37 20 2
11 37 20 46 37 37 17
46 37 37 7 38 37 1
7 38 37 13 38 39 2
13 38 39 42 44 42 6
42 44 42 2 40 42 4
