77 22 85 1 27 83 5
1 27 83 7 6 82 21
7 6 82 62 7 83 1
62 7 83 8 18 77 12
8 18 77 85 16 75 2
85 16 75 29 31 80 15
29 31 80 61 33 74 6
61 33 74 76 14 87 23
76 14 87 0 23 55 33
0 23 55 19 19 47 8
19 19 47 57 13 49 6
57 13 49 9 9 49 4
9 9 49 28 14 61 13
28 14 61 37 9 62 5
37 9 62 38 57 24 61
38 57 24 21 55 27 3
21 55 27 53 55 30 3
53 55 30 35 82 9 34
35 82 9 39 80 19 10
39 80 19 6 79 17 2
6 79 17 65 76 20 4
65 76 20 78 75 10 10
78 75 10 71 71 10 4
71 71 10 24 65 3 9
24 65 3 48 44 19 26
48 44 19 3 44 28 9
3 44 28 47 41 13 15
47 41 13 81 35 15 6
81 35 15 13 33 16 2
13 33 16 58 33 4 12
58 33 4 50 58 13 26
50 58 13 11 61 13 3
11 61 13 56 60 25 12
56 60 25 40 66 19 8
40 66 19 63 70 37 18
63 70 37 45 75 41 6
45 75 41 51 40 47 35
51 40 47 46 39 36 11
46 39 36 54 43 37 4
54 43 37 52 42 42 5
52 42 42 74 44 58 16
74 44 58 83 47 45 13
83 47 45 72 59 74 31
72 59 74 5 69 68 11
5 69 68 26 72 68 3
26 72 68 86 73 66 2
86 73 66 44 68 72 7
44 68 72 33 55 76 13
33 55 76 20 50 78 5
20 50 78 32 43 74 8
32 43 74 60 42 85 11
60 42 85 49 56 70 20
49 56 70 10 51 64 7
10 51 64 22 48 64 3
22 48 64 15 47 65 1
15 47 65 67 84 74 38
67 84 74 27 76 72 8
27 76 72 80 65 80 13
80 65 80 36 72 88 10
36 72 88 17 71 83 5
17 71 83 87 59 54 31
87 59 54 2 53 56 6
2 53 56 14 53 56 0
14 53 56 16 52 51 5
16 52 51 25 58 52 6
25 58 52 82 30 63 30
82 30 63 18 30 57 6
18 30 57 75 28 68 11
75 28 68 23 30 70 2
23 30 70 84 25 32 38
84 25 32 30 3 25 23
30 3 25 64 8 33 9
64 8 33 70 10 1 32
70 10 1 12 2 9 11
12 2 9 79 17 3 16
79 17 3 41 17 27 24
41 17 27 43 12 26 5
43 12 26 42 10 28 2
42 10 28 68 24 36 16
68 24 36 31 26 36 2
31 26 36 69 24 37 2
69 24 37 88 24 38 1
88 24 38 55 28 43 6
55 28 43 73 26 23 20
73 26 23 34 25 20 3
34 25 20 4 24 15 5
4 24 15 59 28 10 6
59 28 10 66 17 12 11
66 17 12 77 22 85 73
