0 30 25 1 29 38 13
1 29 38 9 32 34 5
9 32 34 27 31 32 2
27 31 32 21 36 40 9
21 36 40 33 13 46 23
33 13 46 8 17 44 4
8 17 44 19 6 52 13
19 6 52 28 2 50 4
28 2 50 3 1 45 5
3 1 45 40 2 49 4
40 2 49 37 11 40 12
37 11 40 34 24 34 14
34 24 34 35 27 49 15
35 27 49 26 28 53 4
26 28 53 6 25 28 25
6 25 28 12 15 22 11
12 15 22 4 11 26 5
4 11 26 15 14 27 3
15 14 27 51 16 34 7
51 16 34 14 5 27 13
14 5 27 2 8 26 3
2 8 26 29 6 29 3
29 6 29 44 4 35 6
44 4 35 17 4 39 4
17 4 39 36 0 14 25
36 0 14 7 0 12 2
7 0 12 52 8 8 8
52 8 8 39 7 2 6
39 7 2 45 3 1 4
45 3 1 48 4 27 26
48 4 27 18 17 19 15
18 17 19 32 16 24 5
32 16 24 23 47 38 34
23 47 38 38 45 48 10
38 45 48 41 37 52 8
41 37 52 13 37 47 5
13 37 47 46 53 34 20
46 53 34 30 43 25 13
30 43 25 10 40 20 5
10 40 20 11 38 27 7
11 38 27 24 54 22 16
24 54 22 47 28 15 26
47 28 15 31 28 13 2
31 28 13 25 24 9 5
25 24 9 50 23 17 8
50 23 17 53 30 28 13
53 30 28 5 28 29 2
5 28 29 16 33 30 5
16 33 30 54 49 6 28
54 49 6 22 44 11 7
22 44 11 42 44 9 2
42 44 9 20 40 4 6
20 40 4 43 50 4 10
43 50 4 49 54 6 4
49 54 6 0 30 25 30
