96 41 106 1 39 107 2
1 39 107 30 55 105 16
30 55 105 116 70 77 31
116 70 77 22 60 88 14
22 60 88 43 78 79 20
43 78 79 65 82 71 8
65 82 71 0 84 43 28
0 84 43 20 84 46 3
20 84 46 64 80 46 4
64 80 46 34 124 108 76
34 124 108 61 136 82 28
61 136 82 4 124 76 13
4 124 76 83 125 75 1
83 125 75 91 118 78 7
91 118 78 71 132 81 14
71 132 81 107 140 64 18
107 140 64 74 116 98 41
74 116 98 73 105 88 14
73 105 88 108 126 93 21
108 126 93 76 133 111 19
76 133 111 11 136 114 4
11 136 114 125 97 120 39
125 97 120 86 87 112 12
86 87 112 3 88 109 3
3 88 109 133 89 114 5
133 89 114 144 97 125 13
144 97 125 128 116 110 24
128 116 110 129 137 122 24
129 137 122 44 144 124 7
44 144 124 120 141 127 4
120 141 127 142 128 132 13
142 128 132 24 135 130 7
24 135 130 104 118 128 17
104 118 128 119 125 140 13
119 125 140 139 76 144 49
139 76 144 75 64 134 15
75 64 134 25 37 144 28
25 37 144 93 42 138 7
93 42 138 62 37 134 6
62 37 134 136 39 134 2
136 39 134 70 49 138 10
70 49 138 90 42 139 7
90 42 139 99 86 139 44
99 86 139 138 80 129 11
138 80 129 10 86 130 6
10 86 130 95 80 121 10
95 80 121 67 46 26 100
67 46 26 15 46 42 16
15 46 42 42 26 42 20
42 26 42 56 31 49 8
56 31 49 69 15 36 20
69 15 36 66 21 66 30
66 21 66 47 21 57 9
47 21 57 59 22 53 4
59 22 53 60 6 69 22
60 6 69 88 26 82 23
88 26 82 137 30 93 11
137 30 93 122 51 50 47
122 51 50 117 46 4 46
117 46 4 94 56 12 12
94 56 12 127 64 9 8
127 64 9 130 18 12 46
130 18 12 26 3 16 15
26 3 16 112 8 19 5
112 8 19 9 10 17 2
9 10 17 63 2 30 15
63 2 30 37 27 19 27
37 27 19 38 27 23 4
38 27 23 77 22 29 7
77 22 29 46 31 19 13
46 31 19 57 12 12 20
57 12 12 89 12 13 1
89 12 13 87 23 14 11
87 23 14 97 12 1 17
97 12 1 18 1 1 11
18 1 1 58 0 0 1
58 0 0 143 1 6 6
143 1 6 85 104 43 109
85 104 43 13 118 57 19
13 118 57 21 123 62 7
21 123 62 35 120 54 8
35 120 54 29 111 37 19
29 111 37 80 111 29 8
80 111 29 68 109 26 3
68 109 26 109 102 56 30
109 102 56 52 98 67 11
52 98 67 79 100 55 12
79 100 55 140 102 41 14
140 102 41 121 97 33 9
121 97 33 126 100 25 8
126 100 25 92 78 26 22
92 78 26 55 83 22 6
55 83 22 98 79 16 7
98 79 16 2 88 14 9
2 88 14 49 77 18 11
49 77 18 101 65 45 29
101 65 45 53 67 37 8
53 67 37 124 58 60 24
124 58 60 14 41 73 21
14 41 73 16 39 78 5
16 39 78 78 33 74 7
78 33 74 23 43 81 12
23 43 81 110 55 59 25
110 55 59 106 85 42 34
106 85 42 131 109 2 46
131 109 2 48 90 2 19
48 90 2 28 87 4 3
28 87 4 54 94 3 7
54 94 3 39 98 5 4
39 98 5 115 110 2 12
115 110 2 132 124 4 14
132 124 4 5 133 27 24
5 133 27 45 137 40 13
45 137 40 102 133 14 26
102 133 14 72 124 17 9
72 124 17 135 84 97 89
135 84 97 141 3 108 81
141 3 108 27 16 97 17
27 16 97 32 24 105 11
32 24 105 50 29 107 5
50 29 107 111 15 94 19
111 15 94 31 3 85 15
31 3 85 6 8 83 5
6 8 83 41 10 85 2
41 10 85 100 2 84 8
100 2 84 105 11 121 38
105 11 121 7 15 130 9
7 15 130 12 19 126 5
12 19 126 81 23 139 13
81 23 139 103 7 144 16
103 7 144 114 3 141 5
114 3 141 113 0 136 5
113 0 136 19 8 124 14
19 8 124 123 25 122 17
123 25 122 118 26 121 1
118 26 121 36 57 118 31
36 57 118 33 67 110 12
33 67 110 40 48 124 23
40 48 124 8 40 124 8
8 40 124 17 40 122 2
17 40 122 51 48 129 10
51 48 129 84 52 95 34
84 52 95 134 55 100 5
134 55 100 82 60 100 5
82 60 100 96 41 106 19
