1 7 10 21 9 8 2
21 9 8 15 23 4 14
15 23 4 8 35 5 12
8 35 5 3 35 19 14
3 35 19 18 32 22 4
18 32 22 14 20 4 21
14 20 4 7 19 6 2
7 19 6 0 9 35 30
0 9 35 9 14 28 8
9 14 28 23 15 30 2
23 15 30 6 18 32 3
6 18 32 27 17 24 8
27 17 24 4 27 26 10
4 27 26 22 30 33 7
22 30 33 12 34 32 4
12 34 32 29 27 30 7
29 27 30 34 28 23 7
34 28 23 35 16 21 12
35 16 21 32 12 25 5
32 12 25 28 4 26 8
28 4 26 5 2 18 8
5 2 18 25 5 25 7
25 5 25 33 9 31 7
33 9 31 2 8 29 2
2 8 29 16 27 7 29
16 27 7 13 28 11 4
13 28 11 10 29 15 4
10 29 15 17 22 9 9
17 22 9 11 22 17 8
11 22 17 24 19 15 3
24 19 15 26 18 17 2
26 18 17 19 16 2 15
19 16 2 20 27 2 11
20 27 2 30 7 7 20
30 7 7 31 13 11 7
31 13 11 1 7 10 6
