1 2 11 24 9 8 7
24 9 8 21 16 8 7
21 16 8 22 5 2 12
22 5 2 17 11 1 6
17 11 1 26 14 3 3
26 14 3 28 7 4 7
28 7 4 3 4 19 15
3 4 19 0 20 27 17
0 20 27 2 23 28 3
2 23 28 8 16 23 8
8 16 23 4 19 21 3
4 19 21 9 16 21 3
9 16 21 15 27 22 11
15 27 22 27 27 20 2
27 27 20 16 25 14 6
16 25 14 7 25 15 1
7 25 15 10 25 12 3
10 25 12 14 19 17 7
14 19 17 20 28 13 9
20 28 13 19 29 12 1
19 29 12 29 20 1 14
29 20 1 5 7 27 29
5 7 27 25 9 26 2
25 9 26 11 11 27 2
11 11 27 6 0 19 13
6 0 19 18 5 23 6
18 5 23 13 2 24 3
13 2 24 23 10 16 11
23 10 16 12 13 15 3
12 13 15 1 2 11 11
