1 29 68 56 26 68 3
56 26 68 68 27 64 4
68 27 64 3 23 62 4
3 23 62 39 30 55 9
39 30 55 18 34 56 4
18 34 56 27 37 52 5
27 37 52 61 32 43 10
61 32 43 14 33 47 4
14 33 47 34 36 42 5
34 36 42 62 37 39 3
62 37 39 67 40 41 3
67 40 41 57 28 43 12
57 28 43 40 19 28 17
40 19 28 9 12 39 13
9 12 39 23 9 38 3
23 9 38 51 21 45 13
51 21 45 65 9 56 16
65 9 56 11 8 55 1
11 8 55 47 10 49 6
47 10 49 36 4 63 15
36 4 63 17 16 25 39
17 16 25 13 13 30 5
13 13 30 0 7 21 10
0 7 21 10 7 19 2
10 7 19 24 12 12 8
24 12 12 22 11 11 1
22 11 11 41 1 8 10
41 1 8 55 14 11 13
55 14 11 37 13 5 6
37 13 5 35 27 5 14
35 27 5 15 39 8 12
15 39 8 5 38 19 11
5 38 19 54 41 25 6
54 41 25 45 39 6 19
45 39 6 59 38 1 5
59 38 1 53 42 8 8
53 42 8 58 36 9 6
58 36 9 21 32 4 6
21 32 4 38 61 24 35
38 61 24 6 50 26 11
6 50 26 26 47 34 8
26 47 34 42 48 41 7
42 48 41 66 47 39 2
66 47 39 33 51 20 19
33 51 20 29 63 25 13
29 63 25 32 69 27 6
32 69 27 43 59 17 14
43 59 17 20 70 13 11
20 70 13 30 63 1 13
30 63 1 50 64 47 46
50 64 47 8 67 66 19
8 67 66 4 67 66 0
4 67 66 70 55 68 12
70 55 68 31 53 62 6
31 53 62 69 48 67 7
69 48 67 19 47 65 2
19 47 65 12 56 41 25
12 56 41 16 58 52 11
16 58 52 64 49 52 9
64 49 52 7 50 49 3
7 50 49 52 67 53 17
52 67 53 25 68 56 3
25 68 56 28 65 54 3
28 65 54 60 61 32 22
60 61 32 44 28 11 39
44 28 11 48 10 19 19
48 10 19 49 0 25 11
49 0 25 2 1 21 4
2 1 21 46 2 29 8
46 2 29 63 20 26 18
63 20 26 1 29 68 42
