1 45 22 15 42 25 4
15 42 25 11 47 32 8
11 47 32 90 29 15 24
90 29 15 2 29 15 0
2 29 15 69 44 9 16
69 44 9 73 56 2 13
73 56 2 0 17 10 39
0 17 10 18 13 1 9
18 13 1 6 13 1 0
6 13 1 40 16 17 16
40 16 17 25 16 22 5
25 16 22 75 16 25 3
75 16 25 38 22 17 10
38 22 17 59 22 22 5
59 22 22 62 26 27 6
62 26 27 41 10 21 17
41 10 21 36 11 25 4
36 11 25 78 4 28 7
78 4 28 19 1 25 4
19 1 25 48 88 11 88
48 88 11 7 82 23 13
7 82 23 51 89 22 7
51 89 22 22 91 27 5
22 91 27 35 90 20 7
35 90 20 49 88 21 2
49 88 21 72 84 35 14
72 84 35 30 88 35 4
30 88 35 39 89 1 34
39 89 1 45 75 5 14
45 75 5 27 71 5 4
27 71 5 81 71 39 34
81 71 39 24 56 40 15
24 56 40 85 52 42 4
85 52 42 28 71 45 19
28 71 45 14 73 47 2
14 73 47 17 75 51 4
17 75 51 23 68 44 9
23 68 44 58 66 43 2
58 66 43 52 90 91 53
52 90 91 68 73 84 18
68 73 84 12 71 83 2
12 71 83 20 78 84 7
20 78 84 16 78 87 3
16 78 87 57 88 48 40
57 88 48 43 78 57 13
43 78 57 9 70 58 8
9 70 58 77 63 57 7
77 63 57 21 80 66 19
21 80 66 42 79 71 5
42 79 71 71 83 62 9
71 83 62 91 85 66 4
91 85 66 37 87 73 7
37 87 73 70 89 59 14
70 89 59 10 88 60 1
10 88 60 89 84 12 48
89 84 12 65 4 62 94
65 4 62 32 7 69 7
32 7 69 31 9 66 3
31 9 66 29 14 68 5
29 14 68 60 14 91 23
60 14 91 3 9 81 11
3 9 81 53 11 75 6
53 11 75 50 20 90 17
50 20 90 26 21 80 10
26 21 80 46 27 88 10
46 27 88 82 7 91 20
82 7 91 66 3 90 4
66 3 90 64 22 49 45
64 22 49 54 26 42 8
54 26 42 63 38 54 16
63 38 54 13 43 51 5
13 43 51 44 47 52 4
44 47 52 87 52 54 5
87 52 54 34 35 46 18
34 35 46 47 31 71 25
47 31 71 4 30 68 3
4 30 68 79 35 79 12
79 35 79 83 34 81 2
83 34 81 55 59 70 27
55 59 70 80 57 68 2
80 57 68 8 47 65 10
8 47 65 88 60 71 14
88 60 71 56 58 73 2
56 58 73 84 12 40 56
84 12 40 61 10 35 5
61 10 35 67 1 53 20
67 1 53 5 5 52 4
5 5 52 76 9 55 5
76 9 55 86 39 36 35
86 39 36 74 40 35 1
74 40 35 33 60 20 25
33 60 20 1 45 22 15
