1 48 43 104 49 48 5
104 49 48 108 51 51 3
108 51 51 56 41 55 10
56 41 55 4 38 44 11
4 38 44 25 37 36 8
25 37 36 15 26 36 11
15 26 36 79 25 35 1
79 25 35 109 4 12 31
109 4 12 18 28 6 24
18 28 6 107 28 14 8
107 28 14 116 32 2 12
116 32 2 124 32 1 1
124 32 1 55 10 18 27
55 10 18 28 18 22 8
28 18 22 86 15 10 12
86 15 10 98 1 5 14
98 1 5 68 73 6 72
68 73 6 52 62 0 12
52 62 0 75 59 0 3
75 59 0 88 48 3 11
88 48 3 45 41 8 8
45 41 8 62 71 9 30
62 71 9 0 46 128 121
0 46 128 3 117 112 72
3 117 112 19 112 101 12
19 112 101 53 101 108 13
53 101 108 26 91 95 16
26 91 95 11 80 84 15
11 80 84 59 77 91 7
59 77 91 106 73 85 7
106 73 85 120 76 80 5
120 76 80 7 73 71 9
7 73 71 78 94 97 33
78 94 97 119 100 90 9
119 100 90 123 96 80 10
123 96 80 42 97 69 11
42 97 69 85 127 88 35
85 127 88 32 121 83 7
32 121 83 96 125 95 12
96 125 95 65 123 91 4
65 123 91 114 120 65 26
114 120 65 38 110 65 10
38 110 65 91 122 63 12
91 122 63 94 116 64 6
94 116 64 93 112 118 54
93 112 118 61 113 129 11
61 113 129 99 94 120 21
99 94 120 66 89 121 5
66 89 121 44 85 113 8
44 85 113 111 84 121 8
111 84 121 9 36 120 48
9 36 120 29 34 115 5
29 34 115 67 23 116 11
67 23 116 12 22 123 7
12 22 123 128 12 128 11
128 12 128 129 24 113 19
129 24 113 24 64 115 40
24 64 115 2 58 112 6
2 58 112 10 70 125 17
10 70 125 76 69 128 3
76 69 128 84 75 121 9
84 75 121 54 68 114 9
54 68 114 13 74 115 6
13 74 115 95 75 101 14
95 75 101 47 69 98 6
47 69 98 70 57 126 30
70 57 126 35 56 126 1
35 56 126 126 39 106 26
126 39 106 14 42 106 3
14 42 106 102 52 99 12
102 52 99 5 58 91 10
5 58 91 97 54 103 12
97 54 103 43 47 112 11
43 47 112 92 50 113 3
92 50 113 100 43 116 7
100 43 116 90 30 86 32
90 30 86 49 5 73 28
49 5 73 17 16 70 11
17 16 70 69 18 56 14
69 18 56 58 15 55 3
58 15 55 48 17 53 2
48 17 53 89 11 70 18
89 11 70 71 2 56 16
71 2 56 112 0 73 17
112 0 73 51 49 82 49
51 49 82 40 58 77 10
40 58 77 103 41 67 19
103 41 67 118 45 64 5
118 45 64 87 26 84 27
87 26 84 110 38 91 13
110 38 91 113 16 96 22
113 16 96 27 8 102 10
27 8 102 60 16 86 17
60 16 86 115 9 90 8
115 9 90 121 39 100 31
121 39 100 125 41 102 2
125 41 102 81 90 33 84
81 90 33 16 73 54 27
16 73 54 122 64 50 9
122 64 50 105 62 42 8
105 62 42 50 55 41 7
50 55 41 21 96 29 42
21 96 29 36 99 51 22
36 99 51 80 77 40 24
80 77 40 127 85 23 18
127 85 23 6 79 21 6
6 79 21 37 82 17 5
37 82 17 82 126 10 44
82 126 10 20 121 21 12
20 121 21 31 126 40 19
31 126 40 33 114 50 15
33 114 50 23 120 52 6
23 120 52 34 116 33 19
34 116 33 22 107 29 9
22 107 29 41 110 4 25
41 110 4 63 112 8 4
63 112 8 101 92 9 20
101 92 9 73 102 11 10
73 102 11 57 100 18 7
57 100 18 77 102 12 6
77 102 12 74 90 16 12
74 90 16 46 89 19 3
46 89 19 83 88 7 12
83 88 7 39 31 26 60
39 31 26 8 25 28 6
8 25 28 117 41 26 16
117 41 26 72 46 15 12
72 46 15 30 41 49 34
30 41 49 64 39 42 7
64 39 42 1 48 43 9
