1 62 25 0 65 56 31
0 65 56 4 67 68 12
4 67 68 6 73 51 18
6 73 51 7 80 54 7
7 80 54 27 71 47 11
27 71 47 40 71 43 4
40 71 43 15 73 39 4
15 73 39 9 54 64 31
9 54 64 17 35 71 20
17 35 71 50 31 71 4
50 31 71 57 60 69 29
57 60 69 63 51 55 16
63 51 55 60 45 54 6
60 45 54 10 76 79 39
10 76 79 19 79 79 3
19 79 79 76 81 68 11
76 81 68 54 81 64 4
54 81 64 44 62 62 19
44 62 62 68 6 67 56
68 6 67 5 7 60 7
5 7 60 13 11 71 11
13 11 71 51 13 80 9
51 13 80 66 23 63 19
66 23 63 41 26 67 5
41 26 67 58 19 65 7
58 19 65 22 9 47 20
22 9 47 43 11 46 2
43 11 46 20 10 38 8
20 10 38 38 17 37 7
38 17 37 75 1 44 17
75 1 44 29 2 67 23
29 2 67 39 1 62 5
39 1 62 46 4 24 38
46 4 24 34 1 16 8
34 1 16 36 10 26 13
36 10 26 21 11 20 6
21 11 20 47 3 28 11
47 3 28 48 4 25 3
48 4 25 67 10 12 14
67 10 12 26 6 2 10
26 6 2 18 7 3 1
18 7 3 77 3 0 5
77 3 0 37 15 13 17
37 15 13 12 15 7 6
12 15 7 69 13 2 5
69 13 2 59 18 14 13
59 18 14 78 7 70 57
78 7 70 72 54 46 52
72 54 46 73 61 44 7
73 61 44 16 54 11 33
16 54 11 2 57 17 6
2 57 17 11 52 13 6
11 52 13 56 48 15 4
56 48 15 61 44 8 8
61 44 8 24 31 6 13
24 31 6 33 28 1 5
33 28 1 80 27 10 9
80 27 10 49 23 9 4
49 23 9 71 40 13 17
71 40 13 74 54 8 14
74 54 8 28 41 29 24
28 41 29 8 35 25 7
8 35 25 14 28 23 7
14 28 23 3 23 21 5
3 23 21 45 25 18 3
45 25 18 30 32 19 7
30 32 19 23 29 15 5
23 29 15 52 29 16 1
52 29 16 62 33 19 5
62 33 19 42 24 28 12
42 24 28 64 26 30 2
64 26 30 81 20 27 6
81 20 27 55 43 26 23
55 43 26 79 36 30 8
79 36 30 25 31 30 5
25 31 30 32 70 17 41
32 70 17 31 71 15 2
31 71 15 35 69 32 17
35 69 32 70 68 28 4
70 68 28 65 73 3 25
65 73 3 53 76 11 8
53 76 11 1 62 25 19
