1 108 84 87 106 72 12
87 106 72 6 93 77 13
6 93 77 50 96 71 6
50 96 71 26 110 63 16
26 110 63 3 102 42 22
3 102 42 16 102 49 7
16 102 49 31 98 37 12
31 98 37 34 104 30 9
34 104 30 74 95 43 15
74 95 43 70 84 41 11
70 84 41 99 105 19 30
99 105 19 15 109 13 7
15 109 13 29 105 10 5
29 105 10 63 108 1 9
63 108 1 89 107 1 1
89 107 1 23 104 15 14
23 104 15 66 41 82 91
66 41 82 14 73 88 32
14 73 88 4 67 92 7
4 67 92 18 61 87 7
18 61 87 78 63 87 2
78 63 87 24 65 81 6
24 65 81 41 69 107 26
41 69 107 12 58 105 11
12 58 105 48 97 108 39
48 97 108 60 97 100 8
60 97 100 107 99 94 6
107 99 94 77 102 94 3
77 102 94 105 95 91 7
105 95 91 72 107 109 21
72 107 109 83 72 88 40
83 72 88 30 52 52 41
30 52 52 9 61 52 9
9 61 52 55 62 58 6
55 62 58 13 51 65 13
13 51 65 49 53 73 8
49 53 73 69 50 47 26
69 50 47 20 58 41 10
20 58 41 88 63 34 8
88 63 34 76 70 37 7
76 70 37 58 46 47 26
58 46 47 94 37 52 10
94 37 52 95 31 54 6
95 31 54 75 76 52 45
75 76 52 32 69 58 9
32 69 58 43 68 59 1
43 68 59 46 69 64 5
46 69 64 54 80 53 15
54 80 53 59 91 57 11
59 91 57 103 78 60 13
103 78 60 80 77 59 1
80 77 59 86 69 48 13
86 69 48 93 73 55 8
93 73 55 44 49 85 38
44 49 85 0 2 7 91
0 2 7 27 4 1 6
27 4 1 19 6 3 2
19 6 3 35 56 5 50
35 56 5 45 55 0 5
45 55 0 81 46 9 12
81 46 9 25 46 2 7
25 46 2 52 51 21 19
52 51 21 22 49 25 4
22 49 25 106 39 10 18
106 39 10 92 61 8 22
92 61 8 40 61 8 0
40 61 8 68 66 6 5
68 66 6 71 81 8 15
71 81 8 82 94 2 14
82 94 2 100 98 6 5
100 98 6 90 86 20 18
90 86 20 10 74 26 13
10 74 26 67 74 28 2
67 74 28 37 29 2 51
37 29 2 104 29 8 6
104 29 8 38 31 16 8
38 31 16 42 19 22 13
42 19 22 5 11 40 19
5 11 40 39 12 33 7
39 12 33 51 13 41 8
51 13 41 7 21 49 11
7 21 49 57 16 48 5
57 16 48 11 13 26 22
11 13 26 85 27 25 14
85 27 25 8 38 35 14
8 38 35 28 25 22 18
28 25 22 33 24 35 13
33 24 35 97 15 3 33
97 15 3 110 17 3 2
110 17 3 101 2 8 15
101 2 8 102 2 13 5
102 2 13 84 40 89 84
84 40 89 36 39 98 9
36 39 98 64 44 106 9
64 44 106 91 45 108 2
91 45 108 79 29 93 21
79 29 93 98 20 76 19
98 20 76 47 29 74 9
47 29 74 56 18 85 15
56 18 85 53 21 89 5
53 21 89 96 13 59 31
96 13 59 62 23 62 10
62 23 62 108 41 76 22
108 41 76 17 41 77 1
17 41 77 109 7 104 43
109 7 104 21 4 105 3
21 4 105 61 9 106 5
61 9 106 65 14 103 5
65 14 103 73 9 88 15
73 9 88 2 1 78 12
2 1 78 1 108 84 107
