28 6 32 1 6 30 2
1 6 30 9 9 32 3
9 9 32 0 14 32 5
0 14 32 10 0 34 14
10 0 34 33 0 21 13
33 0 21 29 3 17 5
29 3 17 21 1 18 2
21 1 18 16 29 16 28
16 29 16 3 26 3 13
3 26 3 8 20 7 7
8 20 7 2 19 10 3
2 19 10 12 26 4 9
12 26 4 31 25 8 4
31 25 8 34 29 0 8
34 29 0 14 28 24 24
14 28 24 5 34 29 7
5 34 29 27 28 32 6
27 28 32 26 26 22 10
26 26 22 15 34 17 9
15 34 17 6 32 17 2
6 32 17 11 34 18 2
11 34 18 24 33 9 9
24 33 9 32 27 15 8
32 27 15 7 20 15 7
7 20 15 23 27 13 7
23 27 13 18 14 29 20
18 14 29 13 14 26 3
13 14 26 19 11 25 3
19 11 25 20 19 25 8
20 19 25 17 11 13 14
17 11 13 22 7 5 8
22 7 5 4 9 2 3
4 9 2 25 0 5 9
25 0 5 30 23 23 29
30 23 23 28 6 32 19
