1 46 118 63 32 125 15
63 32 125 23 63 119 31
23 63 119 19 94 136 35
19 94 136 12 93 123 13
12 93 123 87 104 118 12
87 104 118 83 98 114 7
83 98 114 34 91 132 19
34 91 132 44 128 135 37
44 128 135 50 121 139 8
50 121 139 79 137 139 16
79 137 139 131 122 128 18
131 122 128 72 119 114 14
72 119 114 84 101 134 26
84 101 134 26 103 127 7
26 103 127 54 57 113 48
54 57 113 37 57 105 8
37 57 105 73 64 118 14
73 64 118 75 67 123 5
75 67 123 94 88 109 25
94 88 109 38 90 98 11
38 90 98 2 105 102 15
2 105 102 10 107 99 3
10 107 99 46 106 104 5
46 106 104 76 109 96 8
76 109 96 35 110 99 3
35 110 99 95 79 98 31
95 79 98 88 82 101 4
88 82 101 102 71 98 11
102 71 98 116 79 109 13
116 79 109 105 67 109 12
105 67 109 39 23 125 46
39 23 125 57 27 132 8
57 27 132 58 36 140 12
58 36 140 0 7 65 80
0 7 65 18 11 76 11
18 11 76 64 17 73 6
64 17 73 67 13 91 18
67 13 91 52 22 100 12
52 22 100 61 28 97 6
61 28 97 29 25 69 28
29 25 69 11 31 72 6
11 31 72 14 25 75 6
14 25 75 127 27 88 13
127 27 88 77 21 88 6
77 21 88 126 19 64 24
126 19 64 80 31 15 50
80 31 15 6 36 19 6
6 36 19 28 62 10 27
28 62 10 22 64 2 8
22 64 2 49 52 2 12
49 52 2 123 50 4 2
123 50 4 25 35 8 15
25 35 8 13 32 5 4
13 32 5 31 39 3 7
31 39 3 27 25 15 18
27 25 15 132 4 19 21
132 4 19 4 9 9 11
4 9 9 59 26 2 18
59 26 2 96 50 78 79
96 50 78 78 49 61 17
78 49 61 5 59 47 17
5 59 47 85 61 53 6
85 61 53 43 50 57 11
43 50 57 135 48 49 8
135 48 49 62 50 63 14
62 50 63 30 46 69 7
30 46 69 137 55 62 11
137 55 62 98 57 61 2
98 57 61 125 44 60 13
125 44 60 140 54 81 23
140 54 81 97 30 50 39
97 30 50 124 26 33 17
124 26 33 91 31 38 7
91 31 38 117 24 28 12
117 24 28 139 94 44 71
139 94 44 21 93 40 4
21 93 40 68 88 42 5
68 88 42 109 89 37 5
109 89 37 92 110 51 25
92 110 51 9 122 53 12
9 122 53 7 130 38 17
7 130 38 100 126 36 4
100 126 36 111 135 41 10
111 135 41 81 140 58 17
81 140 58 122 140 71 13
122 140 71 82 121 46 31
82 121 46 71 114 62 17
71 114 62 36 121 91 29
36 121 91 8 140 97 19
8 140 97 55 136 113 16
55 136 113 119 116 95 26
119 116 95 107 119 69 26
107 119 69 90 127 79 12
90 127 79 17 131 80 4
17 131 80 99 106 50 39
99 106 50 101 89 25 30
101 89 25 106 94 22 5
106 94 22 45 88 8 15
45 88 8 108 87 76 68
108 87 76 70 88 82 6
70 88 82 120 85 83 3
120 85 83 138 81 86 5
138 81 86 33 77 82 5
33 77 82 66 76 84 2
66 76 84 130 71 79 7
130 71 79 56 66 69 11
56 66 69 128 72 86 18
128 72 86 110 80 42 44
110 80 42 32 75 40 5
32 75 40 93 72 32 8
93 72 32 103 73 40 8
103 73 40 133 62 31 14
133 62 31 121 77 49 23
121 77 49 41 82 52 5
41 82 52 47 71 59 13
47 71 59 129 71 54 5
129 71 54 60 73 46 8
60 73 46 113 89 56 18
113 89 56 65 93 65 9
65 93 65 86 85 58 10
86 85 58 3 83 64 6
3 83 64 42 79 59 6
42 79 59 69 77 59 2
69 77 59 114 115 11 61
114 115 11 16 139 16 24
16 139 16 40 133 4 13
40 133 4 53 110 19 27
53 110 19 136 118 17 8
136 118 17 24 121 26 9
24 121 26 112 127 17 10
112 127 17 74 35 127 143
74 35 127 115 34 125 2
115 34 125 118 12 116 23
118 12 116 20 12 112 4
20 12 112 104 4 138 27
104 4 138 134 4 139 1
134 4 139 48 44 114 47
48 44 114 51 53 119 10
51 53 119 15 53 120 1
15 53 120 89 44 122 9
89 44 122 1 46 118 4
