1 10 19 0 13 18 3
0 13 18 4 2 18 11
4 2 18 22 2 30 12
22 2 30 29 5 29 3
29 5 29 7 4 29 1
7 4 29 16 14 22 12
16 14 22 21 12 26 4
21 12 26 28 11 29 3
28 11 29 25 16 32 5
25 16 32 24 15 21 11
24 15 21 19 12 17 5
19 12 17 26 31 19 19
26 31 19 3 24 15 8
3 24 15 13 22 19 4
13 22 19 8 22 22 3
8 22 22 6 28 20 6
6 28 20 11 31 24 5
11 31 24 17 30 13 11
17 30 13 20 29 12 1
20 29 12 12 26 9 4
12 26 9 27 28 30 21
27 28 30 31 32 19 11
31 32 19 30 15 12 18
30 15 12 5 10 8 6
5 10 8 2 4 7 6
2 4 7 18 4 8 1
18 4 8 10 18 8 14
10 18 8 14 20 5 3
14 20 5 32 21 11 6
32 21 11 23 13 13 8
23 13 13 9 11 21 8
9 11 21 15 10 18 3
15 10 18 1 10 19 1
