99 126 82 1 131 99 17
1 131 99 82 120 112 17
82 120 112 40 124 105 8
40 124 105 72 131 73 32
72 131 73 121 127 72 4
121 127 72 4 126 64 8
4 126 64 103 129 54 10
103 129 54 116 88 63 41
116 88 63 12 78 48 18
12 78 48 42 72 41 9
42 72 41 56 77 40 5
56 77 40 61 83 44 7
61 83 44 127 77 55 12
127 77 55 134 79 58 3
134 79 58 41 82 56 3
41 82 56 43 98 67 19
43 98 67 129 106 66 8
129 106 66 44 107 65 1
44 107 65 54 99 46 20
54 99 46 22 92 42 8
22 92 42 30 92 42 0
30 92 42 70 94 48 6
70 94 48 81 110 46 16
81 110 46 13 123 43 13
13 123 43 25 123 44 1
25 123 44 45 119 41 5
45 119 41 32 106 51 16
32 106 51 88 103 77 26
88 103 77 38 104 88 11
38 104 88 66 113 95 11
66 113 95 109 97 125 34
109 97 125 63 100 121 5
63 100 121 91 97 120 3
91 97 120 125 104 119 7
125 104 119 132 98 122 6
132 98 122 75 98 127 5
75 98 127 46 103 126 5
46 103 126 57 116 129 13
57 116 129 21 118 124 5
21 118 124 108 121 133 9
108 121 133 107 97 129 24
107 97 129 84 97 132 3
84 97 132 89 82 120 19
89 82 120 15 72 112 12
15 72 112 37 74 107 5
37 74 107 62 62 115 14
62 62 115 55 59 125 10
55 59 125 77 70 129 11
77 70 129 78 85 120 17
78 85 120 110 85 120 0
110 85 120 106 102 101 25
106 102 101 79 98 95 7
79 98 95 6 89 100 10
6 89 100 74 88 98 2
74 88 98 80 88 97 1
80 88 97 64 84 90 8
64 84 90 69 81 97 7
69 81 97 83 104 103 23
83 104 103 51 42 40 88
51 42 40 34 33 80 41
34 33 80 2 34 127 47
2 34 127 31 46 130 12
31 46 130 68 3 125 43
68 3 125 20 13 127 10
20 13 127 114 17 129 4
114 17 129 71 30 119 16
71 30 119 11 27 105 14
11 27 105 19 26 115 10
19 26 115 104 27 111 4
104 27 111 35 50 75 42
35 50 75 28 54 71 5
28 54 71 93 55 76 5
93 55 76 96 51 102 26
96 51 102 85 46 91 12
85 46 91 123 47 106 15
123 47 106 50 54 111 8
50 54 111 115 54 112 1
115 54 112 105 61 79 33
105 61 79 73 62 77 2
73 62 77 122 62 73 4
122 62 73 58 21 81 41
58 21 81 8 18 83 3
8 18 83 14 25 80 7
14 25 80 26 20 78 5
26 20 78 120 21 78 1
120 21 78 65 0 83 21
65 0 83 126 12 83 12
126 12 83 128 19 90 9
128 19 90 48 12 103 14
48 12 103 97 15 107 5
97 15 107 130 23 86 22
130 23 86 87 30 75 13
87 30 75 0 28 11 64
0 28 11 5 40 5 13
5 40 5 92 44 8 5
92 44 8 29 43 10 2
29 43 10 60 32 21 15
60 32 21 112 51 16 19
112 51 16 33 105 1 56
33 105 1 24 105 22 21
24 105 22 27 98 29 9
27 98 29 102 107 19 13
102 107 19 49 112 0 19
49 112 0 76 107 8 9
76 107 8 113 112 6 5
113 112 6 98 76 16 37
98 76 16 9 76 18 2
9 76 18 100 81 10 9
100 81 10 47 84 0 10
47 84 0 53 84 2 2
53 84 2 131 68 21 24
131 68 21 111 68 25 4
111 68 25 133 19 19 49
133 19 19 7 9 31 15
7 9 31 39 15 31 6
39 15 31 118 9 32 6
118 9 32 10 12 15 17
10 12 15 94 10 4 11
94 10 4 67 59 37 59
67 59 37 18 73 31 15
18 73 31 16 84 31 11
16 84 31 52 53 31 31
52 53 31 101 61 42 13
101 61 42 95 26 45 35
95 26 45 59 21 37 9
59 21 37 117 20 60 23
117 20 60 3 31 60 11
3 31 60 86 10 58 21
86 10 58 17 9 59 1
17 9 59 23 14 52 8
23 14 52 90 6 50 8
90 6 50 119 58 58 52
119 58 58 36 52 61 6
36 52 61 124 82 62 30
124 82 62 99 126 82 48
