0 25 1 1 23 2 2
1 23 2 4 15 5 8
4 15 5 3 17 3 2
3 17 3 7 11 6 6
7 11 6 2 4 8 7
2 4 8 10 3 23 15
10 3 23 16 1 19 4
16 1 19 24 0 17 2
24 0 17 26 1 28 11
26 1 28 20 5 0 28
20 5 0 28 17 13 17
28 17 13 12 21 13 4
12 21 13 40 16 33 20
40 16 33 6 18 30 3
6 18 30 13 25 27 7
13 25 27 14 8 32 17
14 8 32 29 15 28 8
29 15 28 30 22 38 12
30 22 38 19 24 41 3
19 24 41 36 25 42 1
36 25 42 32 25 36 6
32 25 36 41 22 34 3
41 22 34 42 19 37 4
42 19 37 11 25 8 29
11 25 8 15 38 34 29
15 38 34 31 37 42 8
31 37 42 8 41 42 4
8 41 42 25 34 40 7
25 34 40 34 33 37 3
34 33 37 23 31 39 2
23 31 39 37 29 41 2
37 29 41 35 38 26 17
35 38 26 22 35 28 3
22 35 28 38 35 25 3
38 35 25 17 30 26 5
17 30 26 21 29 16 10
21 29 16 9 29 20 4
9 29 20 33 40 16 11
33 40 16 18 41 14 2
18 41 14 27 37 21 8
27 37 21 39 34 8 13
39 34 8 5 34 6 2
5 34 6 0 25 1 10
