14 0 23 1 1 35 12
1 1 35 30 5 40 6
30 5 40 6 17 31 15
6 17 31 7 9 35 8
7 9 35 44 10 40 5
44 10 40 35 10 42 2
35 10 42 20 25 31 18
20 25 31 21 13 31 12
21 13 31 38 19 43 13
38 19 43 22 14 45 5
22 14 45 13 10 45 4
13 10 45 31 29 41 19
31 29 41 25 24 39 5
25 24 39 45 26 44 5
45 26 44 11 2 16 36
11 2 16 3 3 18 2
3 3 18 10 0 4 14
10 0 4 33 11 11 13
33 11 11 0 45 26 37
0 45 26 9 42 30 5
9 42 30 24 42 36 6
24 42 36 42 41 35 1
42 41 35 29 37 25 10
29 37 25 41 33 23 4
41 33 23 18 34 23 1
18 34 23 39 29 17 7
39 29 17 15 32 12 5
15 32 12 26 36 12 4
26 36 12 4 38 12 2
4 38 12 16 24 14 14
16 24 14 27 17 21 9
27 17 21 28 13 25 5
28 13 25 32 21 4 22
32 21 4 8 22 6 2
8 22 6 23 17 0 7
23 17 0 17 38 6 21
17 38 6 5 31 5 7
5 31 5 43 29 5 2
43 29 5 2 28 6 1
2 28 6 12 39 7 11
12 39 7 37 45 6 6
37 45 6 19 45 5 1
19 45 5 34 35 18 16
34 35 18 36 28 17 7
36 28 17 40 43 23 16
40 43 23 14 0 23 43
