1 22 139 41 18 129 10
41 18 129 75 32 116 19
75 32 116 17 25 94 23
17 25 94 58 24 97 3
58 24 97 59 34 96 10
59 34 96 113 14 100 20
113 14 100 32 18 98 4
32 18 98 61 9 94 9
61 9 94 115 31 82 25
115 31 82 135 36 88 7
135 36 88 60 40 128 40
60 40 128 134 50 114 17
134 50 114 12 49 117 3
12 49 117 71 52 114 4
71 52 114 77 66 64 51
77 66 64 18 101 89 43
18 101 89 100 108 81 10
100 108 81 46 105 77 5
46 105 77 98 113 87 12
98 113 87 104 108 80 8
104 108 80 106 100 101 22
106 100 101 36 106 105 7
36 106 105 73 97 107 9
73 97 107 151 97 104 3
151 97 104 120 99 101 3
120 99 101 155 90 84 19
155 90 84 21 61 95 31
21 61 95 117 50 97 11
117 50 97 91 48 102 5
91 48 102 27 51 105 4
27 51 105 148 68 88 24
148 68 88 16 79 90 11
16 79 90 30 72 96 9
30 72 96 102 79 102 9
102 79 102 24 66 68 36
24 66 68 79 63 75 7
79 63 75 0 56 18 57
0 56 18 7 68 21 12
7 68 21 92 72 13 8
92 72 13 97 79 31 19
97 79 31 23 83 20 11
23 83 20 121 89 21 6
121 89 21 141 82 36 16
141 82 36 37 156 57 76
37 156 57 3 155 34 23
3 155 34 8 149 32 6
8 149 32 65 157 29 8
65 157 29 29 136 63 39
29 136 63 52 138 57 6
52 138 57 11 138 51 6
11 138 51 80 125 63 17
80 125 63 122 122 54 9
122 122 54 78 105 56 17
78 105 56 144 120 34 26
144 120 34 90 129 44 13
90 129 44 54 127 41 3
54 127 41 118 123 31 10
118 123 31 66 127 33 4
66 127 33 56 146 58 31
56 146 58 133 145 62 4
133 145 62 95 149 79 17
95 149 79 74 130 91 22
74 130 91 150 122 95 8
150 122 95 103 155 83 35
103 155 83 129 154 7 76
129 154 7 45 136 6 18
45 136 6 6 125 3 11
6 125 3 15 116 2 9
15 116 2 26 123 6 8
26 123 6 72 142 8 19
72 142 8 153 134 20 14
153 134 20 110 130 18 4
110 130 18 136 142 119 101
136 142 119 14 137 112 8
14 137 112 40 120 113 17
40 120 113 88 116 108 6
88 116 108 116 108 119 13
116 108 119 33 111 113 6
33 111 113 55 118 135 23
55 118 135 67 101 136 17
67 101 136 82 96 155 19
82 96 155 119 104 156 8
119 104 156 143 114 154 10
143 114 154 70 138 135 30
70 138 135 125 141 153 18
125 141 153 149 143 151 2
149 143 151 157 145 147 4
157 145 147 83 139 125 22
83 139 125 47 54 34 124
47 54 34 19 54 37 3
19 54 37 68 39 37 15
68 39 37 62 38 57 20
62 38 57 84 30 66 12
84 30 66 63 22 74 11
63 22 74 96 58 27 59
96 58 27 50 39 1 32
50 39 1 35 42 9 8
35 42 9 87 30 9 12
87 30 9 93 18 0 15
93 18 0 20 19 11 11
20 19 11 108 11 3 11
108 11 3 123 63 7 52
123 63 7 22 90 2 27
22 90 2 13 77 0 13
13 77 0 34 93 13 20
34 93 13 99 98 13 5
99 98 13 57 60 2 39
57 60 2 48 62 3 2
48 62 3 109 59 3 3
109 59 3 140 57 9 6
140 57 9 146 64 13 8
146 64 13 124 48 15 16
124 48 15 154 14 46 46
154 14 46 5 12 50 4
5 12 50 69 7 55 7
69 7 55 85 8 68 13
85 8 68 25 13 25 43
25 13 25 132 14 34 9
132 14 34 147 24 26 12
147 24 26 39 13 43 20
39 13 43 9 5 41 8
9 5 41 101 16 44 11
101 16 44 81 82 69 70
81 82 69 2 77 62 8
2 77 62 131 90 69 14
131 90 69 112 77 52 21
112 77 52 38 90 46 14
38 90 46 130 99 33 15
130 99 33 10 102 34 3
10 102 34 111 101 28 6
111 101 28 142 90 46 21
142 90 46 64 64 48 26
64 64 48 126 52 78 32
126 52 78 4 50 77 2
4 50 77 105 43 81 8
105 43 81 128 7 155 82
128 7 155 138 3 140 15
138 3 140 145 21 154 22
145 21 154 152 56 136 39
152 56 136 76 72 120 22
76 72 120 94 74 125 5
94 74 125 31 84 126 10
31 84 126 86 81 125 3
86 81 125 114 64 136 20
114 64 136 127 63 149 13
127 63 149 89 63 150 1
89 63 150 139 67 148 4
139 67 148 28 76 145 9
28 76 145 51 68 146 8
51 68 146 137 50 133 22
137 50 133 43 45 136 5
43 45 136 156 22 113 32
156 22 113 53 13 111 9
53 13 111 49 12 118 7
49 12 118 44 20 122 8
44 20 122 42 20 141 19
42 20 141 107 13 140 7
107 13 140 1 22 139 9
