1 32 93 148 35 94 3
148 35 94 2 32 87 7
2 32 87 64 38 73 15
64 38 73 7 49 79 12
7 49 79 22 45 81 4
22 45 81 94 46 85 4
94 46 85 151 54 80 9
151 54 80 34 38 49 34
34 38 49 41 30 55 10
41 30 55 120 30 45 10
120 30 45 38 20 67 24
38 20 67 44 15 52 15
44 15 52 108 9 54 6
108 9 54 137 4 57 5
137 4 57 125 12 75 19
125 12 75 52 76 73 64
52 76 73 31 61 59 20
31 61 59 45 82 84 32
45 82 84 15 89 82 7
15 89 82 68 81 100 19
68 81 100 60 80 101 1
60 80 101 0 98 58 46
0 98 58 12 120 56 22
12 120 56 116 123 70 14
116 123 70 136 135 59 16
136 135 59 76 135 57 2
76 135 57 106 134 66 9
106 134 66 111 135 60 6
111 135 60 135 130 54 7
135 130 54 143 113 41 21
143 113 41 58 113 33 8
58 113 33 16 65 24 48
16 65 24 6 47 15 20
6 47 15 4 44 18 4
4 44 18 48 54 5 16
48 54 5 87 64 4 10
87 64 4 75 42 12 23
75 42 12 155 33 17 10
155 33 17 13 36 31 14
13 36 31 99 29 6 25
99 29 6 92 31 9 3
92 31 9 80 52 19 23
80 52 19 43 8 16 44
43 8 16 21 1 3 14
21 1 3 24 19 32 34
24 19 32 10 4 41 17
10 4 41 33 4 34 7
33 4 34 152 13 5 30
152 13 5 117 10 5 3
117 10 5 109 80 3 70
109 80 3 114 105 0 25
114 105 0 124 70 38 51
124 70 38 26 68 37 2
26 68 37 29 60 38 8
29 60 38 42 79 29 21
42 79 29 8 84 27 5
8 84 27 149 63 19 22
149 63 19 23 144 43 84
23 144 43 65 139 41 5
65 139 41 69 151 31 15
69 151 31 103 159 26 9
103 159 26 74 139 17 21
74 139 17 56 157 3 22
56 157 3 115 154 9 6
115 154 9 150 140 17 16
150 140 17 154 138 23 6
154 138 23 89 124 20 14
89 124 20 79 136 33 17
79 136 33 59 142 31 6
59 142 31 84 142 41 10
84 142 41 102 144 39 2
102 144 39 72 144 36 3
72 144 36 112 154 67 32
112 154 67 73 141 72 13
73 141 72 61 139 69 3
61 139 69 118 144 77 9
118 144 77 123 140 73 5
123 140 73 28 100 57 43
28 100 57 39 94 46 12
39 94 46 119 96 26 20
119 96 26 146 87 53 28
146 87 53 85 134 89 59
85 134 89 9 135 91 2
9 135 91 70 134 102 11
70 134 102 100 154 107 20
100 154 107 51 141 125 22
51 141 125 126 138 114 11
126 138 114 144 157 159 48
144 157 159 78 158 140 19
78 158 140 107 154 107 33
107 154 107 128 154 98 9
128 154 98 138 143 89 14
138 143 89 122 148 82 8
122 148 82 113 82 151 95
113 82 151 17 88 124 27
17 88 124 66 95 114 12
66 95 114 3 103 119 9
3 103 119 57 90 117 13
57 90 117 67 89 127 10
67 89 127 97 68 122 21
97 68 122 157 73 133 12
157 73 133 130 76 133 3
130 76 133 129 87 133 11
129 87 133 19 92 153 20
19 92 153 104 90 151 2
104 90 151 147 103 158 14
147 103 158 93 74 147 31
93 74 147 141 57 158 20
141 57 158 27 46 159 11
27 46 159 145 103 143 59
145 103 143 25 99 138 6
25 99 138 32 117 149 21
32 117 149 11 120 150 3
11 120 150 71 126 159 10
71 126 159 81 113 130 31
81 113 130 50 108 130 5
50 108 130 159 37 124 71
159 37 124 37 31 106 18
37 31 106 47 40 109 9
47 40 109 90 21 98 21
90 21 98 14 16 98 5
14 16 98 156 8 97 8
156 8 97 18 6 97 2
18 6 97 82 39 136 51
82 39 136 77 38 137 1
77 38 137 63 35 143 6
63 35 143 86 51 142 16
86 51 142 62 61 134 12
62 61 134 121 40 134 21
121 40 134 88 34 117 18
88 34 117 127 37 115 3
127 37 115 95 35 112 3
95 35 112 132 27 114 8
132 27 114 98 46 116 19
98 46 116 46 48 126 10
46 48 126 83 54 112 15
83 54 112 134 61 105 9
134 61 105 131 1 142 70
131 1 142 53 4 136 6
53 4 136 40 1 131 5
40 1 131 96 17 158 31
96 17 158 54 17 147 11
54 17 147 55 30 157 16
55 30 157 49 32 158 2
49 32 158 101 8 125 40
101 8 125 35 3 111 14
35 3 111 158 0 153 42
158 0 153 36 8 152 8
36 8 152 140 27 129 29
140 27 129 5 23 124 6
5 23 124 105 32 132 12
105 32 132 110 28 131 4
110 28 131 153 97 79 86
153 97 79 133 73 66 27
133 73 66 139 62 78 16
139 62 78 142 61 93 15
142 61 93 91 48 94 13
91 48 94 30 32 81 20
30 32 81 20 30 93 12
20 30 93 1 32 93 2
