13 11 32 1 15 34 4
1 15 34 25 15 36 2
25 15 36 0 8 45 11
0 8 45 5 26 37 19
5 26 37 12 45 63 32
12 45 63 18 54 69 10
18 54 69 22 65 58 15
22 65 58 3 62 50 8
3 62 50 47 58 58 8
47 58 58 37 55 53 5
37 55 53 45 57 62 9
45 57 62 55 40 61 17
55 40 61 38 38 63 2
38 38 63 56 37 54 9
56 37 54 67 33 62 8
67 33 62 62 44 65 11
62 44 65 15 30 30 37
15 30 30 19 26 29 4
19 26 29 35 36 30 10
35 36 30 42 27 41 14
42 27 41 51 23 36 6
51 23 36 66 43 45 21
66 43 45 8 47 39 7
8 47 39 7 19 11 39
7 19 11 17 26 10 7
17 26 10 27 30 10 4
27 30 10 24 35 13 5
24 35 13 16 33 12 2
16 33 12 31 26 3 11
31 26 3 58 34 0 8
58 34 0 65 35 0 1
65 35 0 28 21 21 25
28 21 21 53 17 24 5
53 17 24 36 57 14 41
36 57 14 20 43 21 15
20 43 21 23 50 29 10
23 50 29 33 52 19 10
33 52 19 29 60 24 9
29 60 24 50 49 22 11
50 49 22 39 52 1 21
39 52 1 26 58 0 6
26 58 0 48 41 5 17
48 41 5 10 39 1 4
10 39 1 44 65 9 27
44 65 9 52 64 8 1
52 64 8 40 63 3 5
40 63 3 57 64 4 1
57 64 4 54 60 15 11
54 60 15 41 4 14 56
41 4 14 21 4 20 6
21 4 20 46 9 11 10
46 9 11 60 2 4 9
60 2 4 64 5 6 3
64 5 6 9 8 48 42
9 8 48 30 2 52 7
30 2 52 4 0 52 2
4 0 52 49 12 67 19
49 12 67 43 28 69 16
43 28 69 61 11 56 21
61 11 56 6 17 53 6
6 17 53 14 12 60 8
14 12 60 68 9 47 13
68 9 47 34 16 46 7
34 16 46 59 4 38 14
59 4 38 2 2 33 5
2 2 33 63 7 45 13
63 7 45 32 14 29 17
32 14 29 69 2 27 12
69 2 27 11 0 30 3
11 0 30 13 11 32 11
