1 13 34 7 17 35 4
7 17 35 9 4 20 19
9 4 20 2 0 19 4
2 0 19 5 1 23 4
5 1 23 3 3 34 11
3 3 34 21 6 28 6
21 6 28 26 4 29 2
26 4 29 8 6 14 15
8 6 14 13 4 14 2
13 4 14 28 4 10 4
28 4 10 0 14 10 10
0 14 10 10 16 4 6
10 16 4 14 21 0 6
14 21 0 12 32 10 14
12 32 10 4 31 6 4
4 31 6 6 30 0 6
6 30 0 11 28 1 2
11 28 1 16 31 3 3
16 31 3 32 36 0 5
32 36 0 29 30 16 17
29 30 16 30 28 16 2
30 28 16 31 36 23 10
31 36 23 17 34 29 6
17 34 29 22 23 14 18
22 23 14 18 24 16 2
18 24 16 23 14 15 10
23 14 15 27 18 19 5
27 18 19 25 8 2 19
25 8 2 15 7 5 3
15 7 5 35 4 5 3
35 4 5 34 5 6 1
34 5 6 36 1 3 5
36 1 3 24 2 4 1
24 2 4 33 13 10 12
33 13 10 19 10 11 3
19 10 11 20 27 35 29
20 27 35 1 13 34 14
