22 58 14 1 54 8 7
1 54 8 29 64 6 10
29 64 6 0 41 2 23
0 41 2 18 40 15 13
18 40 15 44 38 18 3
44 38 18 20 52 0 22
20 52 0 24 58 30 30
24 58 30 16 53 48 18
16 53 48 8 56 47 3
8 56 47 13 66 65 20
13 66 65 45 65 60 5
45 65 60 21 52 59 13
21 52 59 35 41 56 11
35 41 56 27 37 60 5
27 37 60 39 37 58 2
39 37 58 64 28 65 11
64 28 65 49 43 54 18
49 43 54 62 55 65 16
62 55 65 43 53 63 2
43 53 63 59 55 50 13
59 55 50 2 56 50 1
2 56 50 53 60 51 4
53 60 51 46 61 54 3
46 61 54 56 55 53 6
56 55 53 17 66 38 18
17 66 38 19 55 31 13
19 55 31 54 53 34 3
54 53 34 38 51 39 5
38 51 39 50 54 26 13
50 54 26 14 57 21 5
14 57 21 51 63 32 12
51 63 32 65 59 32 4
65 59 32 26 28 10 38
26 28 10 25 10 7 18
25 10 7 28 7 2 5
28 7 2 5 9 0 2
5 9 0 63 15 2 6
63 15 2 40 26 15 17
40 26 15 42 30 26 11
42 30 26 3 31 26 1
3 31 26 34 11 29 20
34 11 29 4 7 24 6
4 7 24 10 8 26 2
10 8 26 11 4 28 4
11 4 28 30 12 28 8
30 12 28 33 13 39 11
33 13 39 36 15 24 15
36 15 24 41 14 26 2
41 14 26 61 12 24 2
61 12 24 9 10 22 2
9 10 22 37 5 53 31
37 5 53 6 0 44 10
6 0 44 57 5 44 5
57 5 44 31 8 51 7
31 8 51 32 7 58 7
32 7 58 55 1 65 9
55 1 65 48 14 63 13
48 14 63 52 24 29 35
52 24 29 12 22 28 2
12 22 28 47 21 32 4
47 21 32 60 31 32 10
60 31 32 15 32 41 9
15 32 41 66 37 45 6
66 37 45 58 29 50 9
58 29 50 7 19 50 10
7 19 50 23 64 13 58
23 64 13 22 58 14 6
