1 50 53 45 60 63 14
45 60 63 0 49 27 37
0 49 27 6 48 27 1
6 48 27 9 55 18 11
9 55 18 2 57 19 2
2 57 19 18 62 5 14
18 62 5 26 55 4 7
26 55 4 49 61 5 6
49 61 5 25 59 12 7
25 59 12 38 64 13 5
38 64 13 55 52 11 12
55 52 11 36 46 17 8
36 46 17 15 56 25 12
15 56 25 19 62 39 15
19 62 39 40 58 45 7
40 58 45 29 56 47 2
29 56 47 31 56 44 3
31 56 44 54 61 30 14
54 61 30 56 57 34 5
56 57 34 37 39 23 21
37 39 23 42 46 30 9
42 46 30 61 45 31 1
61 45 31 51 27 34 18
51 27 34 12 20 24 12
12 20 24 7 20 30 6
7 20 30 20 5 8 26
20 5 8 39 9 4 5
39 9 4 33 10 0 4
33 10 0 22 13 19 19
22 13 19 32 5 22 8
32 5 22 24 26 18 21
24 26 18 8 27 9 9
8 27 9 47 21 11 6
47 21 11 58 20 2 9
58 20 2 43 29 20 20
43 29 20 48 25 39 19
48 25 39 4 25 43 4
4 25 43 28 29 47 5
28 29 47 5 28 46 1
5 28 46 50 34 35 12
50 34 35 13 35 30 5
13 35 30 44 37 44 14
44 37 44 62 38 43 1
62 38 43 59 20 49 18
59 20 49 23 14 51 6
23 14 51 10 14 51 0
10 14 51 11 4 43 12
11 4 43 52 8 33 10
52 8 33 3 4 37 5
3 4 37 16 11 54 18
16 11 54 30 9 55 2
30 9 55 17 10 47 8
17 10 47 21 8 60 13
21 8 60 35 21 63 13
35 21 63 60 15 51 13
60 15 51 63 22 49 7
63 22 49 57 49 30 33
57 49 30 64 61 58 30
64 61 58 14 40 64 21
14 40 64 27 49 63 9
27 49 63 34 54 51 13
34 54 51 41 54 48 3
41 54 48 46 51 49 3
46 51 49 53 55 53 5
53 55 53 1 50 53 5
