1 8 17 0 6 76 59
0 6 76 3 10 57 19
3 10 57 9 16 67 11
9 16 67 27 5 54 17
27 5 54 56 29 55 24
56 29 55 66 27 54 2
66 27 54 71 10 50 17
71 10 50 43 11 46 4
43 11 46 51 12 53 7
51 12 53 21 80 56 68
21 80 56 7 80 81 25
7 80 81 13 69 56 27
13 69 56 59 72 51 5
59 72 51 89 65 53 7
89 65 53 26 58 47 9
26 58 47 5 57 44 3
5 57 44 14 56 50 6
14 56 50 73 60 56 7
73 60 56 19 72 3 54
19 72 3 2 66 17 15
2 66 17 6 68 19 2
6 68 19 25 61 30 13
25 61 30 29 65 27 5
29 65 27 35 87 2 33
35 87 2 31 86 20 18
31 86 20 28 79 13 9
28 79 13 36 85 3 11
36 85 3 52 57 1 28
52 57 1 78 57 11 10
78 57 11 76 73 3 17
76 73 3 65 81 46 43
65 81 46 37 70 45 11
37 70 45 41 84 42 14
41 84 42 90 78 36 8
90 78 36 32 76 37 2
32 76 37 58 84 30 10
58 84 30 86 74 30 10
86 74 30 55 73 32 2
55 73 32 68 88 51 24
68 88 51 75 79 68 19
75 79 68 30 80 69 1
30 80 69 88 80 74 5
88 80 74 42 76 68 7
42 76 68 69 68 71 8
69 68 71 15 59 85 16
15 59 85 62 57 87 2
62 57 87 40 58 73 14
40 58 73 81 77 59 23
81 77 59 84 80 52 7
84 80 52 38 12 78 72
38 12 78 77 0 84 13
77 0 84 45 6 87 6
45 6 87 79 36 85 30
79 36 85 4 33 79 6
4 33 79 22 36 74 5
22 36 74 16 42 73 6
16 42 73 10 37 68 7
10 37 68 46 46 61 11
46 46 61 63 51 62 5
63 51 62 39 25 84 34
39 25 84 60 23 84 2
60 23 84 11 19 82 4
11 19 82 8 17 87 5
8 17 87 18 39 19 71
18 39 19 47 46 19 7
47 46 19 34 54 20 8
34 54 20 12 55 23 3
12 55 23 44 46 15 12
44 46 15 61 43 21 6
61 43 21 50 29 21 14
50 29 21 53 40 32 15
53 40 32 49 49 33 9
49 49 33 83 34 37 15
83 34 37 57 37 43 6
57 37 43 82 42 15 28
82 42 15 87 43 8 7
87 43 8 54 41 9 2
54 41 9 48 36 9 5
48 36 9 20 4 12 32
20 4 12 24 8 5 8
24 8 5 33 2 3 6
33 2 3 67 1 3 1
67 1 3 64 22 30 34
64 22 30 23 29 29 7
23 29 29 70 26 29 3
70 26 29 85 26 36 7
85 26 36 72 24 39 3
72 24 39 80 27 38 3
80 27 38 74 3 35 24
74 3 35 17 4 40 5
17 4 40 1 8 17 23
