1 19 44 9 32 29 19
9 32 29 41 36 21 8
41 36 21 16 42 11 11
16 42 11 7 37 12 5
7 37 12 58 44 8 8
58 44 8 25 18 12 26
25 18 12 19 25 9 7
19 25 9 31 24 21 12
31 24 21 39 16 12 12
39 16 12 65 12 9 5
65 12 9 74 3 15 10
74 3 15 20 2 10 5
20 2 10 62 0 6 4
62 0 6 21 11 21 18
21 11 21 22 3 34 15
22 3 34 24 11 24 12
24 11 24 29 11 18 6
29 11 18 63 1 13 11
63 1 13 0 73 51 81
0 73 51 10 55 57 18
10 55 57 13 57 55 2
13 57 55 81 62 52 5
81 62 52 32 39 75 32
32 39 75 8 13 75 26
8 13 75 11 4 74 9
11 4 74 6 8 70 5
6 8 70 36 20 74 12
36 20 74 40 41 79 21
40 41 79 42 34 73 9
42 34 73 15 29 81 9
15 29 81 49 46 75 18
49 46 75 3 45 76 1
3 45 76 54 48 45 31
54 48 45 61 54 71 26
61 54 71 18 55 72 1
18 55 72 72 52 67 5
72 52 67 26 52 67 0
26 52 67 83 63 72 12
83 63 72 2 68 77 7
2 68 77 50 69 79 2
50 69 79 56 69 81 2
56 69 81 67 60 80 9
67 60 80 66 59 60 20
66 59 60 75 48 60 11
75 48 60 76 41 61 7
76 41 61 68 34 61 7
68 34 61 47 30 66 6
47 30 66 5 22 65 8
5 22 65 12 25 69 5
12 25 69 37 79 61 54
37 79 61 38 82 76 15
38 82 76 53 68 19 58
53 68 19 23 65 10 9
23 65 10 78 65 0 10
78 65 0 59 80 3 15
59 80 3 64 59 2 21
64 59 2 33 64 33 31
33 64 33 79 59 30 5
79 59 30 30 58 33 3
30 58 33 57 68 23 14
57 68 23 73 66 57 34
73 66 57 48 70 65 8
48 70 65 27 74 68 5
27 74 68 43 51 24 49
43 51 24 17 50 16 8
17 50 16 51 36 22 15
51 36 22 55 51 3 24
55 51 3 60 55 8 6
60 55 8 34 58 8 3
34 58 8 69 22 33 43
69 22 33 44 23 32 1
44 23 32 71 40 31 17
71 40 31 80 34 37 8
80 34 37 46 36 33 4
46 36 33 77 38 41 8
77 38 41 4 18 38 20
4 18 38 28 24 50 13
28 24 50 14 25 51 1
14 25 51 35 27 54 3
35 27 54 52 18 53 9
52 18 53 70 14 57 5
70 14 57 82 5 53 9
82 5 53 45 4 53 1
45 4 53 1 19 44 17
