63 90 83 1 78 94 16
1 78 94 12 87 114 21
12 87 114 6 80 107 9
6 80 107 82 84 107 4
82 84 107 76 88 94 13
76 88 94 81 72 96 16
81 72 96 43 96 86 26
43 96 86 29 95 86 1
29 95 86 55 92 79 7
55 92 79 40 96 63 16
40 96 63 79 104 47 17
79 104 47 4 114 32 18
4 114 32 32 89 44 27
32 89 44 68 86 47 4
68 86 47 21 79 47 7
21 79 47 77 92 45 13
77 92 45 110 91 52 7
110 91 52 5 68 12 46
5 68 12 0 14 14 54
0 14 14 38 22 28 16
38 22 28 41 28 30 6
41 28 30 51 13 75 47
51 13 75 42 3 85 14
42 3 85 112 2 90 5
112 2 90 115 9 85 8
115 9 85 64 19 82 10
64 19 82 19 22 85 4
19 22 85 70 24 89 4
70 24 89 62 31 101 13
62 31 101 24 29 104 3
24 29 104 28 33 107 5
28 33 107 46 24 103 9
46 24 103 91 38 109 15
91 38 109 93 26 93 20
93 26 93 88 45 86 20
88 45 86 10 54 80 10
10 54 80 100 62 81 8
100 62 81 105 52 77 10
105 52 77 73 45 94 18
73 45 94 35 58 102 15
35 58 102 30 64 107 7
30 64 107 83 59 93 14
83 59 93 53 45 95 14
53 45 95 109 13 93 32
109 13 93 56 16 93 3
56 16 93 72 18 111 18
72 18 111 94 11 99 13
94 11 99 7 18 101 7
7 18 101 86 5 61 42
86 5 61 74 3 58 3
74 3 58 99 3 59 1
99 3 59 92 5 62 3
92 5 62 54 1 10 52
54 1 10 57 3 19 9
57 3 19 78 23 12 21
78 23 12 45 20 15 4
45 20 15 106 13 6 11
106 13 6 103 11 8 2
103 11 8 113 19 44 36
113 19 44 11 35 40 16
11 35 40 48 27 39 8
48 27 39 59 29 44 5
59 29 44 69 29 36 8
69 29 36 90 38 38 9
90 38 38 49 31 57 20
49 31 57 27 25 60 6
27 25 60 36 40 51 17
36 40 51 47 44 66 15
47 44 66 22 45 62 4
22 45 62 23 44 68 6
23 44 68 9 43 70 2
9 43 70 97 49 68 6
97 49 68 96 56 71 7
96 56 71 65 20 43 45
65 20 43 98 19 39 4
98 19 39 66 9 46 12
66 9 46 25 4 43 5
25 4 43 8 97 6 100
8 97 6 3 90 1 8
3 90 1 111 109 8 20
111 109 8 61 106 3 5
61 106 3 17 84 20 27
17 84 20 31 82 16 4
31 82 16 26 51 8 32
26 51 8 39 47 19 11
39 47 19 34 74 37 32
34 74 37 37 76 32 5
37 76 32 2 74 29 3
2 74 29 52 67 48 20
52 67 48 15 58 52 9
15 58 52 16 51 51 7
16 51 51 71 65 58 15
71 65 58 95 64 59 1
95 64 59 104 63 62 3
104 63 62 101 57 33 29
101 57 33 60 76 14 26
60 76 14 80 81 10 6
80 81 10 58 86 11 5
58 86 11 75 99 58 48
75 99 58 84 88 71 17
84 88 71 33 88 69 2
33 88 69 44 76 71 12
44 76 71 102 72 64 8
102 72 64 114 91 61 19
114 91 61 14 87 64 5
14 87 64 85 93 82 18
85 93 82 107 99 95 14
107 99 95 13 115 96 16
13 115 96 20 104 104 13
20 104 104 87 107 115 11
87 107 115 18 112 114 5
18 112 114 67 106 111 6
67 106 111 89 99 98 14
89 99 98 50 94 106 9
50 94 106 108 104 98 12
108 104 98 63 90 83 20
