1 49 49 12 44 52 5
12 44 52 8 43 44 8
8 43 44 37 52 33 14
37 52 33 16 43 23 13
16 43 23 26 36 13 12
26 36 13 14 29 6 9
14 29 6 70 25 12 7
70 25 12 31 38 27 19
31 38 27 36 43 19 9
36 43 19 62 42 17 2
62 42 17 35 47 38 21
35 47 38 57 45 38 2
57 45 38 0 66 21 27
0 66 21 48 68 23 2
48 68 23 54 70 23 2
54 70 23 30 70 26 3
30 70 26 56 58 9 20
56 58 9 19 68 0 13
19 68 0 10 71 6 6
10 71 6 25 55 10 16
25 55 10 66 53 9 2
66 53 9 42 60 12 7
42 60 12 50 56 4 8
50 56 4 5 49 3 7
5 49 3 24 43 6 6
24 43 6 58 46 5 3
58 46 5 64 60 24 23
64 60 24 38 52 22 8
38 52 22 69 25 54 41
69 25 54 6 21 47 8
6 21 47 15 14 53 9
15 14 53 29 12 57 4
29 12 57 34 28 33 28
34 28 33 9 28 34 1
9 28 34 44 34 33 6
44 34 33 52 26 28 9
52 26 28 63 13 34 14
63 13 34 41 4 36 9
41 4 36 55 2 34 2
55 2 34 43 6 6 28
43 6 6 4 7 7 1
4 7 7 27 8 4 3
27 8 4 11 12 0 5
11 12 0 53 19 6 9
53 19 6 47 1 20 22
47 1 20 67 2 25 5
67 2 25 13 2 23 2
13 2 23 22 1 25 2
22 1 25 46 10 66 41
46 10 66 2 2 62 8
2 2 62 3 2 52 10
3 2 52 59 0 53 2
59 0 53 18 6 70 18
18 6 70 20 9 70 3
20 9 70 60 9 66 4
60 9 66 71 21 66 12
71 21 66 7 21 66 0
7 21 66 17 28 68 7
17 28 68 23 16 67 12
23 16 67 49 33 56 20
49 33 56 65 38 64 9
65 38 64 61 40 70 6
61 40 70 40 57 39 35
40 57 39 68 61 41 4
68 61 41 33 60 54 13
33 60 54 21 59 63 9
21 59 63 28 60 61 2
28 60 61 32 52 62 8
32 52 62 45 70 70 19
45 70 70 39 56 51 23
39 56 51 51 66 55 10
51 66 55 1 49 49 18
