108 44 53 1 46 53 2
1 46 53 7 39 64 13
7 39 64 58 55 50 21
58 55 50 55 49 43 9
55 49 43 127 46 36 7
127 46 36 4 45 31 5
4 45 31 118 40 32 5
118 40 32 40 36 31 4
40 36 31 11 82 13 49
11 82 13 158 118 40 45
158 118 40 67 115 26 14
67 115 26 132 118 10 16
132 118 10 134 130 5 13
134 130 5 145 118 12 13
145 118 12 76 136 29 24
76 136 29 6 132 40 11
6 132 40 39 142 30 14
39 142 30 81 159 14 23
81 159 14 73 154 11 5
73 154 11 139 134 25 24
139 134 25 143 112 41 27
143 112 41 149 100 43 12
149 100 43 91 86 41 14
91 86 41 112 105 55 23
112 105 55 116 88 59 17
116 88 59 23 93 55 6
23 93 55 96 76 80 30
96 76 80 34 69 72 10
34 69 72 142 81 64 14
142 81 64 113 72 60 9
113 72 60 0 160 78 89
0 160 78 31 159 76 2
31 159 76 46 158 137 61
46 158 137 44 146 120 20
44 146 120 49 149 116 5
49 149 116 99 154 117 5
99 154 117 146 144 124 12
146 144 124 141 141 128 5
141 141 128 136 145 130 4
136 145 130 60 158 147 21
60 158 147 107 159 160 13
107 159 160 69 160 160 1
69 160 160 82 161 162 2
82 161 162 89 162 162 1
89 162 162 110 145 158 17
110 145 158 28 142 159 3
28 142 159 144 139 152 7
144 139 152 66 124 156 15
66 124 156 13 131 156 7
13 131 156 65 128 159 4
65 128 159 78 122 144 16
78 122 144 128 127 137 8
128 127 137 97 139 161 26
97 139 161 159 96 151 44
159 96 151 37 97 156 5
37 97 156 54 102 158 5
54 102 158 57 84 162 18
57 84 162 79 71 152 16
79 71 152 32 67 140 12
32 67 140 47 70 154 14
47 70 154 157 60 158 10
157 60 158 161 81 145 24
161 81 145 138 7 155 74
138 7 155 24 22 117 40
24 22 117 19 28 124 9
19 28 124 102 26 122 2
102 26 122 25 23 114 8
25 23 114 36 20 116 3
36 20 116 50 36 104 20
50 36 104 21 33 112 8
21 33 112 117 36 96 16
117 36 96 123 29 86 12
123 29 86 105 27 137 51
105 27 137 33 30 148 11
33 30 148 45 31 145 3
45 31 145 62 10 157 24
62 10 157 90 16 158 6
90 16 158 106 8 150 11
106 8 150 115 4 146 5
115 4 146 147 111 132 107
147 111 132 53 103 128 8
53 103 128 14 104 119 9
14 104 119 124 110 122 6
124 110 122 95 96 125 14
95 96 125 160 95 139 14
160 95 139 94 96 132 7
94 96 132 59 94 134 2
59 94 134 109 95 144 10
109 95 144 133 149 98 70
133 149 98 155 143 104 8
155 143 104 16 134 109 10
16 134 109 153 160 45 69
153 160 45 101 158 43 2
101 158 43 9 147 48 12
9 147 48 154 130 75 31
154 130 75 71 125 81 7
71 125 81 104 119 73 10
104 119 73 137 139 64 21
137 139 64 22 129 59 11
22 129 59 80 130 65 6
80 130 65 140 129 87 22
140 129 87 148 102 88 27
148 102 88 3 99 72 16
3 99 72 56 93 71 6
56 93 71 68 104 66 12
68 104 66 18 99 98 32
18 99 98 119 67 114 35
119 67 114 12 57 96 20
12 57 96 41 51 97 6
41 51 97 30 50 131 34
30 50 131 51 45 144 13
51 45 144 2 42 137 7
2 42 137 29 48 150 14
29 48 150 86 54 123 27
86 54 123 75 78 120 24
75 78 120 162 110 95 40
162 110 95 48 113 111 16
48 113 111 42 109 107 5
42 109 107 70 120 106 11
70 120 106 26 77 30 87
26 77 30 63 69 33 8
63 69 33 131 97 17 32
131 97 17 122 92 21 6
122 92 21 135 7 8 85
135 7 8 20 19 20 16
20 19 20 83 34 20 15
83 34 20 10 34 18 2
10 34 18 152 33 16 2
152 33 16 15 40 14 7
15 40 14 27 33 13 7
27 33 13 84 36 23 10
84 36 23 111 6 37 33
111 6 37 5 5 44 7
5 5 44 151 1 47 5
151 1 47 64 0 54 7
64 0 54 52 1 14 40
52 1 14 130 1 14 0
130 1 14 114 21 1 23
114 21 1 38 30 1 9
38 30 1 156 60 16 33
156 60 16 87 57 28 12
87 57 28 35 50 22 9
35 50 22 72 51 26 4
72 51 26 88 68 21 17
88 68 21 93 65 5 16
93 65 5 120 46 1 19
120 46 1 61 61 59 59
61 61 59 77 53 48 13
77 53 48 43 53 45 3
43 53 45 98 50 54 9
98 50 54 103 30 43 22
103 30 43 85 29 41 2
85 29 41 17 25 34 8
17 25 34 74 34 36 9
74 34 36 121 34 49 13
121 34 49 125 27 56 9
125 27 56 8 12 76 25
8 12 76 92 6 73 6
92 6 73 100 5 76 3
100 5 76 129 10 79 5
129 10 79 126 24 48 34
126 24 48 150 17 47 7
150 17 47 108 44 53 27
