1 41 34 20 33 30 8
20 33 30 5 32 11 19
5 32 11 15 43 9 11
15 43 9 41 41 7 2
41 41 7 24 30 9 11
24 30 9 36 20 2 12
36 20 2 27 30 12 14
27 30 12 42 22 15 8
42 22 15 45 35 13 13
45 35 13 13 32 23 10
13 32 23 19 36 33 10
19 36 33 0 29 43 12
0 29 43 8 31 45 2
8 31 45 40 26 39 7
40 26 39 11 20 44 7
11 20 44 17 26 38 8
17 26 38 46 1 46 26
46 1 46 12 8 41 8
12 8 41 23 1 27 15
23 1 27 7 2 32 5
7 2 32 2 8 34 6
2 8 34 10 2 10 24
10 2 10 14 4 1 9
14 4 1 22 7 1 3
22 7 1 29 4 10 9
29 4 10 32 5 6 4
32 5 6 21 2 6 3
21 2 6 35 0 13 7
35 0 13 43 0 9 4
43 0 9 34 0 28 19
34 0 28 39 7 25 7
39 7 25 9 10 25 3
9 10 25 28 5 26 5
28 5 26 25 22 28 17
25 22 28 26 21 24 4
26 21 24 16 16 20 6
16 16 20 18 10 17 6
18 10 17 44 21 20 11
44 21 20 30 25 33 13
30 25 33 31 33 27 10
31 33 27 3 37 25 4
3 37 25 33 30 35 12
33 30 35 37 33 32 4
37 33 32 38 42 26 10
38 42 26 4 46 29 5
4 46 29 6 38 38 12
6 38 38 1 41 34 5
