1 13 41 56 14 37 4
56 14 37 15 12 35 2
15 12 35 37 7 30 7
37 7 30 17 5 34 4
17 5 34 42 6 36 2
42 6 36 29 1 30 7
29 1 30 11 1 44 14
11 1 44 63 1 52 8
63 1 52 45 3 53 2
45 3 53 54 8 65 13
54 8 65 10 19 22 44
10 19 22 0 33 12 17
0 33 12 18 36 25 13
18 36 25 20 29 11 15
20 29 11 38 26 5 6
38 26 5 23 50 28 33
23 50 28 3 52 14 14
3 52 14 36 63 12 11
36 63 12 5 48 27 21
5 48 27 27 58 28 10
27 58 28 28 57 22 6
28 57 22 40 57 36 14
40 57 36 34 44 42 14
34 44 42 6 45 42 1
6 45 42 22 41 38 5
22 41 38 41 39 36 2
41 39 36 55 40 34 2
55 40 34 24 43 52 18
24 43 52 9 56 56 13
9 56 56 31 64 62 10
31 64 62 51 60 63 4
51 60 63 33 43 49 22
33 43 49 57 41 64 15
57 41 64 8 36 58 7
8 36 58 4 38 61 3
4 38 61 16 24 65 14
16 24 65 43 33 62 9
43 33 62 64 41 64 8
64 41 64 52 46 41 23
52 46 41 13 51 45 6
13 51 45 59 40 46 11
59 40 46 61 37 42 5
61 37 42 35 36 40 2
35 36 40 60 50 25 20
60 50 25 44 41 4 22
44 41 4 30 49 6 8
30 49 6 19 25 34 36
19 25 34 12 19 46 13
12 19 46 32 28 51 10
32 28 51 65 32 48 5
65 32 48 46 23 48 9
46 23 48 21 23 47 1
21 23 47 49 23 48 1
49 23 48 14 32 40 12
14 32 40 2 30 37 3
2 30 37 25 31 41 4
25 31 41 53 32 41 1
53 32 41 48 22 25 18
48 22 25 58 16 15 11
58 16 15 7 12 4 11
7 12 4 26 13 12 8
26 13 12 62 1 1 16
62 1 1 39 0 12 11
39 0 12 47 1 8 4
47 1 8 50 2 28 20
50 2 28 1 13 41 17
