1 68 121 102 77 109 15
102 77 109 63 80 107 3
63 80 107 7 97 111 17
7 97 111 50 49 100 49
50 49 100 18 44 97 5
18 44 97 54 47 94 4
54 47 94 139 42 84 11
139 42 84 43 57 76 17
43 57 76 133 25 116 51
133 25 116 4 24 132 16
4 24 132 110 24 133 1
110 24 133 11 20 104 29
11 20 104 58 26 93 12
58 26 93 51 37 119 28
51 37 119 20 38 122 3
20 38 122 104 42 128 7
104 42 128 34 42 130 2
34 42 130 98 35 144 15
98 35 144 68 11 158 27
68 11 158 23 12 159 1
23 12 159 41 17 155 6
41 17 155 17 21 156 4
17 21 156 122 15 147 10
122 15 147 85 46 142 31
85 46 142 135 34 149 13
135 34 149 109 38 153 5
109 38 153 53 43 154 5
53 43 154 112 26 121 37
112 26 121 128 2 113 25
128 2 113 72 2 130 17
72 2 130 66 2 145 15
66 2 145 105 4 99 46
105 4 99 150 5 91 8
150 5 91 92 0 85 7
92 0 85 137 1 76 9
137 1 76 155 10 93 19
155 10 93 0 128 106 118
0 128 106 26 117 87 21
26 117 87 45 111 96 10
45 111 96 2 110 99 3
2 110 99 39 110 105 6
39 110 105 84 99 93 16
84 99 93 127 109 71 24
127 109 71 52 117 75 8
52 117 75 33 158 66 41
33 158 66 70 152 57 10
70 152 57 115 144 76 20
115 144 76 8 137 81 8
8 137 81 124 149 75 13
124 149 75 149 138 46 31
149 138 46 35 153 30 21
35 153 30 44 152 25 5
44 152 25 69 143 40 17
69 143 40 74 132 45 12
74 132 45 96 134 57 12
96 134 57 145 141 63 9
145 141 63 142 138 35 28
142 138 35 143 142 28 8
143 142 28 158 125 46 24
158 125 46 47 122 109 63
47 122 109 100 117 124 15
100 117 124 83 117 126 2
83 117 126 106 110 119 9
106 110 119 101 106 127 8
101 106 127 60 127 103 31
60 127 103 130 139 106 12
130 139 106 28 144 108 5
28 144 108 138 147 109 3
138 147 109 91 139 91 19
91 139 91 131 154 100 17
131 154 100 13 158 121 21
13 158 121 121 159 119 2
121 159 119 146 158 131 12
146 158 131 123 154 129 4
123 154 129 132 155 88 41
132 155 88 21 152 83 5
21 152 83 141 109 27 70
141 109 27 25 106 31 5
25 106 31 37 111 25 7
37 111 25 57 111 23 2
57 111 23 79 117 20 6
79 117 20 22 118 9 11
22 118 9 87 112 21 13
87 112 21 95 125 32 17
95 125 32 42 85 31 40
42 85 31 6 86 19 12
6 86 19 5 91 8 12
5 91 8 27 89 0 8
27 89 0 97 74 27 30
97 74 27 156 79 33 7
156 79 33 111 79 29 4
111 79 29 71 103 17 26
71 103 17 93 144 5 42
93 144 5 62 155 9 11
62 155 9 10 160 1 9
10 160 1 114 152 6 9
114 152 6 94 107 54 65
94 107 54 48 100 46 10
48 100 46 116 87 60 19
116 87 60 14 76 60 11
14 76 60 59 60 52 17
59 60 52 119 89 58 29
119 89 58 77 96 60 7
77 96 60 129 111 48 19
129 111 48 108 55 18 63
108 55 18 3 62 16 7
3 62 16 40 67 8 9
40 67 8 82 66 1 7
82 66 1 89 67 21 20
89 67 21 30 20 41 51
30 20 41 125 26 49 10
125 26 49 19 11 57 17
19 11 57 64 34 48 24
64 34 48 78 39 41 8
78 39 41 80 20 48 20
80 20 48 103 24 71 23
103 24 71 15 31 69 7
15 31 69 46 38 67 7
46 38 67 160 39 68 1
160 39 68 32 38 69 1
32 38 69 55 24 69 14
55 24 69 157 20 65 5
157 20 65 120 21 74 9
120 21 74 153 30 31 43
153 30 31 73 42 32 12
73 42 32 148 58 22 18
148 58 22 152 54 12 10
152 54 12 36 23 4 32
36 23 4 12 34 1 11
12 34 1 31 14 6 20
31 14 6 90 16 11 5
90 16 11 113 1 9 15
113 1 9 159 57 14 56
159 57 14 144 132 118 128
144 132 118 161 125 148 30
161 125 148 9 122 141 7
9 122 141 99 124 134 7
99 124 134 24 118 148 15
24 118 148 38 105 140 15
38 105 140 118 93 157 20
118 93 157 126 81 155 12
126 81 155 140 114 159 33
140 114 159 107 137 145 26
107 137 145 67 150 137 15
67 150 137 65 84 88 82
65 84 88 29 88 76 12
29 88 76 16 88 79 3
16 88 79 88 98 77 10
88 98 77 61 82 92 21
61 82 92 147 74 90 8
147 74 90 86 83 107 19
86 83 107 134 80 98 9
134 80 98 117 71 139 41
117 71 139 76 85 143 14
76 85 143 81 66 153 21
81 66 153 151 58 132 22
151 58 132 49 59 129 3
49 59 129 136 58 130 1
136 58 130 154 64 142 13
154 64 142 56 68 126 16
56 68 126 75 62 120 8
75 62 120 1 68 121 6
