31 41 21 29 40 22 1
42 42 35 69 41 35 1
68 22 67 11 22 68 1
37 60 34 25 59 33 1
5 70 4 9 68 5 2
0 52 47 8 51 49 2
57 60 69 35 58 69 2
26 28 63 50 30 62 2
40 41 33 69 41 35 2
65 42 44 22 41 41 3
32 19 24 49 22 24 3
57 60 69 24 61 72 3
13 25 36 71 26 39 3
38 28 6 74 31 7 3
19 13 8 61 10 8 3
34 11 18 20 8 19 3
52 53 57 6 50 58 3
54 37 38 2 33 39 4
55 41 26 29 40 22 4
6 50 58 75 46 57 4
43 58 58 3 61 61 4
50 30 62 73 33 65 4
67 42 14 12 38 14 4
46 74 67 7 72 63 4
21 55 51 8 51 49 4
5 70 4 48 74 6 4
28 27 10 38 28 6 4
47 24 55 77 28 54 4
45 66 46 76 65 50 4
54 37 38 22 41 41 5
60 19 19 32 19 24 5
15 62 40 4 66 36 5
52 53 57 43 58 58 5
54 37 38 69 41 35 5
44 43 62 75 46 57 5
38 28 6 18 23 4 5
51 9 77 33 14 75 5
37 60 34 15 62 40 6
16 70 15 53 76 14 6
6 50 58 58 51 64 6
19 13 8 30 10 2 6
4 66 36 56 72 38 6
21 55 51 52 53 57 6
36 0 27 14 2 33 6
41 36 3 74 31 7 6
39 7 71 51 9 77 6
66 43 51 75 46 57 6
26 28 63 11 22 68 7
15 62 40 45 66 46 7
42 42 35 59 49 34 7
67 42 14 31 41 21 7
55 41 26 40 41 33 7
39 7 71 27 1 67 7
63 70 22 16 70 15 7
2 33 39 71 26 39 7
66 43 51 65 42 44 7
11 22 68 70 14 64 8
3 61 61 57 60 69 8
60 19 19 34 11 18 8
1 34 47 65 42 44 8
47 24 55 26 28 63 8
64 19 46 23 11 45 8
48 74 6 53 76 14 8
62 29 20 49 22 24 8
71 26 39 64 19 46 9
77 28 54 1 34 47 9
70 14 64 39 7 71 9
72 2 58 27 1 67 9
74 31 7 12 38 14 9
28 27 10 62 29 20 10
76 65 50 43 58 58 10
19 13 8 18 23 4 10
36 0 27 20 8 19 11
7 72 63 3 61 61 11
17 57 14 16 70 15 13
10 43 75 58 51 64 13
63 70 22 4 66 36 14
