19 11 41 11 12 40 1
31 4 32 14 3 33 1
28 20 12 43 19 12 1
5 18 17 26 17 17 1
9 39 11 20 41 12 2
34 15 18 26 17 17 2
16 8 35 25 10 37 2
29 39 19 41 40 21 2
10 22 39 0 25 40 3
11 12 40 25 10 37 3
22 12 34 25 10 37 3
15 25 8 40 25 11 3
32 5 21 2 8 21 3
36 2 22 32 5 21 3
32 5 21 3 4 18 3
12 17 4 30 13 2 4
7 30 18 1 34 16 4
12 17 4 37 15 8 4
24 24 16 17 22 20 4
40 25 11 24 24 16 5
36 2 22 39 2 27 5
26 17 17 28 20 12 5
28 20 12 40 25 11 5
39 2 27 31 4 32 5
14 3 33 16 8 35 5
21 4 7 38 9 7 5
16 8 35 8 5 39 5
42 27 24 23 30 28 5
10 22 39 27 18 43 5
29 39 19 1 34 16 5
37 15 8 43 19 12 5
7 30 18 24 24 16 6
11 12 40 27 18 43 6
4 34 35 13 39 39 6
37 15 8 38 9 7 6
23 30 28 33 36 29 6
7 30 18 42 27 24 6
4 34 35 33 36 29 6
6 43 27 41 40 21 6
34 15 18 2 8 21 7
2 8 21 35 14 26 7
29 39 19 20 41 12 7
9 39 11 18 37 1 10
