64 83 64 26 83 64 0
88 3 22 25 1 24 2
66 13 74 36 12 72 2
54 57 30 10 59 30 2
49 18 52 19 16 50 2
32 89 2 30 89 4 2
52 4 0 75 6 0 2
16 52 75 92 52 73 2
63 93 58 74 91 55 3
43 61 70 7 63 73 3
57 64 70 7 63 73 3
60 63 67 57 64 70 3
83 52 70 92 52 73 3
35 77 33 22 75 36 3
81 81 13 73 84 11 3
80 91 24 21 92 27 3
61 29 24 15 26 23 3
91 44 19 12 41 21 3
46 9 71 36 12 72 3
49 18 52 45 17 55 3
69 63 64 60 63 67 3
29 81 9 73 84 11 3
89 41 48 9 45 49 4
20 36 75 8 36 71 4
48 25 71 59 21 70 4
89 41 48 47 37 49 4
37 67 73 57 64 70 4
37 67 73 56 70 76 4
58 56 5 33 56 9 4
17 65 31 67 65 36 5
4 35 6 68 32 10 5
78 26 29 34 29 33 5
19 16 50 42 11 51 5
93 27 44 14 32 45 5
61 29 24 78 26 29 5
27 14 23 51 17 19 5
81 81 13 40 77 17 5
52 4 0 79 1 4 5
66 13 74 71 15 79 5
58 56 5 77 52 1 5
85 87 43 72 89 48 5
84 25 80 76 22 84 5
32 89 2 31 83 2 6
74 91 55 2 85 55 6
82 66 25 17 65 31 6
24 66 9 87 71 5 6
7 63 73 86 62 79 6
46 9 71 6 8 65 6
1 9 57 42 11 51 6
14 32 45 47 37 49 6
23 21 43 93 27 44 6
17 65 31 10 59 30 6
62 81 79 41 77 74 6
26 83 64 50 84 71 7
67 65 36 5 64 43 7
68 32 10 0 27 15 7
50 84 71 41 77 74 7
33 56 9 55 49 10 7
31 83 2 29 81 9 7
69 63 64 3 62 57 7
56 70 76 41 77 74 7
72 89 48 74 91 55 7
88 3 22 90 0 15 7
44 88 33 21 92 27 7
6 8 65 1 9 57 8
19 16 50 23 21 43 8
71 15 79 11 13 87 8
15 26 23 0 27 15 8
66 13 74 59 21 70 8
56 70 76 38 73 84 8
13 90 77 50 84 71 8
76 22 84 71 15 79 8
47 37 49 39 39 58 9
2 85 55 64 83 64 9
92 52 73 43 61 70 9
51 17 19 15 26 23 9
70 38 34 34 29 33 9
55 49 10 91 44 19 10
22 75 36 67 65 36 10
29 81 9 87 71 5 10
85 87 43 44 88 33 10
28 29 92 76 22 84 10
24 66 9 33 56 9 10
44 88 33 35 77 33 11
90 0 15 79 1 4 11
34 29 33 93 27 44 11
8 36 71 48 25 71 11
53 54 87 86 62 79 11
88 3 22 27 14 23 11
18 75 47 22 75 36 11
25 1 24 65 4 36 12
61 29 24 12 41 21 12
82 66 25 40 77 17 13
