26 16 100 63 16 100 0
64 35 31 51 35 30 1
13 72 83 141 73 84 1
119 117 47 84 115 47 2
82 30 120 62 29 118 2
67 143 47 136 143 49 2
56 59 115 9 59 117 2
142 91 90 118 93 90 2
61 35 28 51 35 30 2
22 13 39 135 15 38 2
81 142 109 25 143 107 2
31 123 63 124 125 61 2
102 93 13 47 91 12 2
22 13 39 49 11 38 2
125 56 48 1 59 47 3
4 78 120 41 81 122 3
70 10 50 8 10 53 3
7 139 111 81 142 109 3
98 75 94 123 72 92 3
125 56 48 35 53 47 3
52 119 64 31 123 63 4
99 6 137 100 2 137 4
94 117 111 145 119 115 4
11 104 25 33 101 28 4
121 95 98 77 91 99 4
71 64 18 69 60 20 4
92 144 69 21 141 72 4
107 89 51 48 89 55 4
102 93 13 109 95 9 4
90 60 16 71 64 18 4
37 46 47 73 49 50 4
34 145 53 136 143 49 4
44 105 140 139 107 135 5
37 46 47 138 41 50 5
114 143 127 103 145 122 5
140 28 40 130 23 37 5
115 109 76 39 111 71 5
3 55 13 90 60 16 5
66 94 42 29 90 45 5
54 13 105 26 16 100 5
5 33 40 140 28 40 5
91 93 124 83 88 125 5
30 54 137 36 55 142 5
73 49 50 35 53 47 5
42 121 51 119 117 47 5
80 119 124 58 124 121 5
29 90 45 107 89 51 6
144 25 143 20 28 137 6
65 67 77 59 64 83 6
91 93 124 116 98 120 6
4 78 120 16 74 115 6
10 15 94 63 16 100 6
108 51 19 89 45 22 6
46 109 47 84 115 47 6
94 117 111 2 111 109 6
42 121 51 110 127 53 6
79 143 4 104 142 10 6
101 116 55 42 121 51 6
41 81 122 83 88 125 7
50 62 62 38 55 61 7
27 2 95 43 9 98 7
65 67 77 13 72 83 7
43 9 98 63 16 100 7
126 142 144 17 145 137 7
48 89 55 127 83 60 7
10 15 94 128 19 88 7
68 137 53 136 143 49 7
112 131 14 19 125 19 7
145 119 115 58 124 121 7
97 135 117 7 139 111 7
14 41 134 12 46 129 7
137 48 63 38 55 61 7
3 55 13 108 51 19 7
98 75 94 143 73 101 7
87 90 62 127 83 60 7
2 111 109 45 105 113 7
15 24 104 63 16 100 8
130 23 37 135 15 38 8
95 54 30 75 55 38 8
121 95 98 142 91 90 8
110 127 53 124 125 61 8
141 73 84 123 72 92 8
57 56 81 59 64 83 8
116 98 120 78 106 123 8
75 55 38 1 59 47 9
53 49 87 57 56 81 9
6 28 53 74 33 61 9
116 98 120 45 105 113 9
92 144 69 18 138 62 9
68 137 53 18 138 62 9
64 35 31 5 33 40 9
132 0 128 100 2 137 9
39 111 71 52 119 64 10
22 13 39 122 20 47 10
17 145 137 114 143 127 10
82 30 120 88 40 116 10
122 20 47 70 10 50 10
32 71 43 113 77 34 10
105 42 72 137 48 63 10
68 137 53 110 127 53 10
65 67 77 93 73 69 10
72 133 36 106 143 36 10
6 28 53 122 20 47 10
127 83 60 133 74 54 10
112 131 14 104 142 10 11
87 90 62 134 101 64 11
32 71 43 133 74 54 11
113 77 34 24 81 23 11
97 135 117 103 145 122 11
115 109 76 60 105 87 11
95 54 30 108 51 19 11
89 45 22 61 35 28 11
106 143 36 67 143 47 11
8 10 53 86 3 62 11
30 54 137 12 46 129 11
0 130 76 21 141 72 11
58 124 121 97 135 117 11
139 107 135 78 106 123 12
118 93 90 60 105 87 12
73 49 50 38 55 61 12
134 101 64 39 111 71 12
111 8 83 128 19 88 12
111 8 83 85 17 74 12
129 0 116 132 0 128 12
30 54 137 131 66 137 12
71 64 18 28 74 11 12
1 59 47 32 71 43 12
93 73 69 127 83 60 13
23 141 94 25 143 107 13
55 36 12 89 45 22 13
40 16 119 62 29 118 13
14 41 134 20 28 137 13
15 24 104 62 29 118 14
16 74 115 143 73 101 14
88 40 116 12 46 129 14
112 131 14 76 125 1 14
120 22 7 55 36 12 14
56 59 115 117 58 101 14
47 91 12 24 81 23 14
16 74 115 56 59 115 15
33 101 28 66 94 42 15
129 0 116 40 16 119 16
0 130 76 96 123 92 17
12 46 129 9 59 117 17
19 125 19 72 133 36 18
