3 21 50 70 22 50 1
45 0 40 11 0 39 1
39 30 33 0 30 34 1
39 30 33 58 30 32 1
87 83 9 67 81 11 2
76 26 56 1 28 54 2
49 16 87 44 16 89 2
5 6 1 63 4 1 2
34 51 81 12 49 82 2
40 52 38 78 53 35 3
71 64 88 25 61 87 3
64 83 79 51 81 82 3
4 56 31 47 55 28 3
7 84 6 87 83 9 3
20 0 64 57 0 61 3
15 61 16 31 62 19 3
28 65 20 31 62 19 3
66 79 35 68 83 37 4
78 53 35 14 57 37 4
3 21 50 86 19 54 4
59 54 24 47 55 28 4
57 0 61 56 0 57 4
50 20 34 73 19 38 4
0 30 34 89 33 37 4
40 52 38 32 48 38 4
53 8 36 82 9 32 4
43 79 89 2 75 89 4
48 49 24 59 54 24 5
21 11 89 44 16 89 5
76 26 56 9 29 60 5
30 50 43 32 48 38 5
9 29 60 10 30 65 5
78 53 35 4 56 31 5
83 25 29 58 30 32 5
50 20 34 6 17 30 5
75 87 40 68 83 37 5
42 16 82 49 16 87 5
82 9 32 55 7 26 6
33 77 57 81 75 51 6
87 83 9 60 88 13 6
18 11 78 42 16 82 6
41 40 74 85 34 76 6
29 32 46 22 38 43 6
37 51 18 59 54 24 6
85 34 76 80 37 82 6
69 69 5 35 74 0 7
38 31 86 80 37 82 7
22 38 43 89 33 37 7
28 65 20 84 69 26 7
64 83 79 36 84 72 7
16 5 46 27 12 49 7
76 26 56 3 21 50 7
50 20 34 83 25 29 7
24 30 11 61 26 5 7
17 0 9 52 5 15 7
79 25 70 10 30 65 7
51 81 82 43 79 89 7
45 0 40 16 5 46 7
53 8 36 45 0 40 8
65 38 9 24 30 11 8
84 69 26 19 73 19 8
52 5 15 13 13 18 8
72 42 29 48 49 24 8
17 0 9 63 4 1 8
81 75 51 8 72 43 8
6 17 30 82 9 32 8
29 32 46 1 28 54 8
14 57 37 88 65 35 8
31 62 19 59 54 24 9
30 50 43 77 58 48 9
23 67 56 81 75 51 9
13 13 18 55 7 26 10
66 79 35 8 72 43 10
85 34 76 79 25 70 10
54 89 89 43 79 89 10
88 65 35 8 72 43 10
25 61 87 34 51 81 11
35 74 0 7 84 6 11
62 88 53 33 77 57 11
71 64 88 2 75 89 11
32 48 38 22 38 43 11
67 81 11 19 73 19 11
74 44 53 22 38 43 11
26 62 75 25 61 87 12
41 40 74 46 51 69 12
46 51 69 34 51 81 12
16 5 46 56 0 57 12
38 31 86 44 16 89 15
65 38 9 37 51 18 15
