71 22 21 73 21 22 1
7 37 3 86 36 4 1
29 79 4 92 78 4 1
47 64 46 66 63 47 1
3 39 84 52 38 84 1
51 11 7 56 12 8 1
102 7 2 83 6 3 1
15 46 61 31 45 59 2
76 26 36 43 27 38 2
89 88 43 44 90 42 2
59 20 78 22 22 78 2
29 79 4 97 77 1 3
30 86 6 78 89 4 3
3 39 84 70 39 87 3
6 50 33 18 47 32 3
80 53 47 53 53 44 3
26 20 14 79 17 13 3
54 4 0 102 7 2 3
19 46 98 35 46 101 3
87 33 12 45 30 14 3
12 53 78 98 50 79 3
37 84 91 21 86 87 4
68 67 14 38 64 17 4
45 30 14 63 26 12 4
33 7 101 46 11 101 4
71 22 21 9 24 25 4
80 53 47 69 57 46 4
96 17 24 73 21 22 4
21 86 87 81 87 83 4
100 62 95 103 63 99 4
48 42 31 34 38 35 5
72 45 66 15 46 61 5
65 16 99 46 11 101 5
48 42 31 18 47 32 5
49 84 29 101 84 34 5
8 43 14 85 42 9 5
25 34 32 34 38 35 5
36 38 92 70 39 87 5
64 22 69 14 19 65 5
83 6 3 60 3 8 5
37 84 91 40 86 96 5
26 20 14 63 26 12 6
69 57 46 66 63 47 6
4 73 81 95 67 81 6
77 46 53 31 45 59 6
59 20 78 57 14 77 6
51 11 7 102 7 2 6
11 52 62 15 46 61 6
81 87 83 0 93 80 6
2 25 95 84 31 96 6
94 31 26 25 34 32 6
75 9 27 67 2 26 7
30 86 6 29 79 4 7
11 52 62 58 57 57 7
26 20 14 71 22 21 7
20 39 53 77 46 53 7
79 17 13 56 12 8 7
16 27 84 22 22 78 7
7 37 3 85 42 9 7
72 45 66 55 38 64 7
78 89 4 88 93 10 7
9 24 25 94 31 26 7
41 25 5 63 26 12 7
99 96 68 91 89 69 7
93 78 96 37 84 91 7
42 54 20 17 58 28 8
75 9 27 96 17 24 8
55 38 64 32 30 64 8
33 7 101 10 6 93 8
27 38 101 84 31 96 8
19 46 98 27 38 101 8
21 86 87 104 94 90 8
62 9 16 79 17 13 8
87 33 12 86 36 4 8
76 26 36 25 34 32 8
84 31 96 36 38 92 8
28 85 104 40 86 96 8
11 52 62 24 56 69 8
95 67 81 74 60 86 8
12 53 78 24 56 69 9
32 30 64 64 22 69 9
22 22 78 64 22 69 9
61 92 19 88 93 10 9
82 1 35 67 2 26 9
89 88 43 101 84 34 9
74 60 86 100 62 95 9
101 84 34 5 78 41 9
80 53 47 77 46 53 9
65 16 99 2 25 95 9
6 50 33 17 58 28 9
38 64 17 42 54 20 10
12 53 78 74 60 86 10
50 90 59 91 89 69 10
82 1 35 39 8 43 10
49 84 29 13 73 30 11
2 25 95 16 27 84 11
53 53 44 6 50 33 11
20 39 53 1 28 50 11
0 93 80 91 89 69 11
44 90 42 23 102 45 12
49 84 29 61 92 19 12
47 64 46 5 78 41 14
37 84 91 4 73 81 14
90 1 66 57 14 77 17
