77 56 41 97 57 40 1
94 71 89 92 72 88 1
2 49 96 64 48 96 1
21 36 88 48 38 88 2
40 5 44 74 5 42 2
47 50 71 82 52 69 2
9 3 50 75 4 48 2
65 31 72 10 29 74 2
66 75 95 46 73 93 2
36 106 51 52 106 49 2
80 42 55 91 44 57 2
95 100 25 106 97 25 3
65 31 72 51 34 74 3
45 93 102 69 94 105 3
39 42 17 62 45 17 3
6 30 85 73 26 87 4
58 18 63 5 16 67 4
38 74 32 30 77 35 4
94 71 89 46 73 93 4
75 4 48 40 5 44 4
33 73 72 53 77 73 4
12 56 71 82 52 69 4
60 38 72 51 34 74 4
101 87 2 84 83 1 4
24 67 36 70 64 39 4
83 26 71 10 29 74 4
14 99 80 105 96 83 4
0 11 65 19 10 69 4
15 69 85 94 71 89 4
8 22 85 73 26 87 4
85 64 98 41 61 101 4
101 87 2 4 88 6 4
71 34 10 99 34 6 4
7 78 1 84 83 1 5
16 0 45 75 4 48 5
82 52 69 23 56 66 5
35 92 10 4 88 6 5
15 69 85 100 64 85 5
76 19 12 78 24 14 5
44 42 91 11 43 96 5
5 16 67 0 11 65 5
44 42 91 48 38 88 5
42 60 20 87 62 15 5
87 62 15 56 57 14 5
100 64 85 54 62 90 5
64 48 96 11 43 96 5
61 5 3 55 1 7 5
31 81 107 1 75 107 6
72 81 61 25 75 58 6
21 36 88 6 30 85 6
90 61 49 29 57 54 6
92 72 88 57 77 83 7
70 64 39 97 57 40 7
60 38 72 26 44 76 7
83 26 71 102 20 75 7
106 97 25 86 91 20 7
59 23 25 96 30 23 7
104 16 90 8 22 85 7
99 34 6 20 40 2 7
68 48 10 62 45 17 7
32 82 78 53 77 73 7
28 48 82 26 44 76 7
26 44 76 47 50 71 7
32 82 78 57 77 83 7
87 62 15 3 64 7 8
106 97 25 18 93 32 8
13 78 43 30 77 35 8
25 75 58 88 79 51 8
69 94 105 63 102 104 8
103 8 90 104 16 90 8
88 79 51 13 78 43 8
85 64 98 54 62 90 8
14 99 80 27 99 72 8
102 20 75 5 16 67 8
38 74 32 24 67 36 8
96 30 23 98 31 32 9
107 3 29 79 10 22 9
90 61 49 77 56 41 9
68 48 10 56 57 14 9
17 71 16 87 62 15 9
0 11 65 43 2 61 9
18 93 32 49 102 36 9
28 48 82 44 42 91 10
96 30 23 78 24 14 10
35 92 10 86 91 20 10
104 16 90 93 19 100 10
71 34 10 78 24 14 10
39 42 17 71 34 10 10
34 103 91 105 96 83 10
59 23 25 22 15 33 11
37 97 61 27 99 72 11
93 19 100 50 8 103 11
89 29 56 81 30 45 11
9 3 50 43 2 61 11
1 75 107 66 75 95 12
22 15 33 107 3 29 12
23 56 66 29 57 54 12
67 41 40 81 30 45 12
53 77 73 72 81 61 12
67 41 40 98 31 32 12
34 103 91 63 102 104 13
69 94 105 31 81 107 13
22 15 33 74 5 42 13
80 42 55 89 29 56 13
49 102 36 52 106 49 13
36 106 51 37 97 61 13
61 5 3 76 19 12 16
