9 11 10 28 10 9 1
30 19 13 16 20 14 1
42 31 41 1 31 40 1
4 38 27 34 40 29 2
4 38 27 37 40 27 2
25 30 25 23 31 23 2
35 35 31 27 37 30 2
31 8 8 28 10 9 2
32 31 35 39 29 36 2
4 38 27 27 37 30 3
37 40 27 20 39 24 3
31 8 8 0 5 6 3
32 31 35 15 28 33 3
3 12 36 41 10 39 3
21 16 38 19 18 35 3
3 12 36 21 16 38 4
6 21 18 16 20 14 4
44 18 7 7 22 7 4
22 36 0 12 35 4 4
34 40 29 11 44 31 4
23 31 23 2 31 19 4
33 21 32 8 23 36 4
40 7 24 5 11 23 4
33 21 32 19 18 35 4
39 29 36 1 31 40 4
36 9 44 41 10 39 5
14 3 1 10 8 2 5
35 35 31 32 31 35 5
8 23 36 15 28 33 5
25 30 25 24 25 27 5
5 11 23 18 13 18 5
0 5 6 14 3 1 5
15 28 33 24 25 27 6
44 18 7 30 19 13 6
43 3 19 40 7 24 6
30 19 13 18 13 18 7
17 3 33 13 3 40 7
41 10 39 13 3 40 7
21 16 38 26 21 44 7
44 18 7 9 11 10 7
40 7 24 17 3 33 9
1 31 40 29 40 44 9
38 39 14 2 31 19 9
12 35 4 38 39 14 10
