57 19 68 32 18 69 1
57 19 68 13 20 67 1
88 72 12 30 71 11 1
49 20 86 52 19 85 1
21 12 86 39 11 87 1
65 23 88 37 22 87 1
12 76 69 36 78 68 2
49 20 86 37 22 87 2
47 37 12 31 38 10 2
4 73 18 58 75 19 2
80 80 4 83 78 2 2
54 92 4 67 91 2 2
0 81 56 17 83 56 2
86 86 92 79 84 92 2
53 62 72 26 64 73 2
58 75 19 77 77 19 2
45 57 37 59 56 39 2
12 76 69 70 75 67 2
8 98 67 68 97 70 3
85 31 3 51 33 0 3
81 34 36 28 31 34 3
17 83 56 43 84 53 3
34 65 42 97 66 45 3
35 70 15 88 72 12 3
46 28 37 28 31 34 4
36 78 68 20 82 69 4
40 41 1 96 45 0 4
29 39 67 11 35 69 4
35 70 15 4 73 18 4
95 45 98 33 49 97 4
65 23 88 3 27 90 4
18 88 72 61 88 76 4
84 31 96 75 32 92 4
50 83 73 20 82 69 4
24 59 24 78 56 27 4
32 18 69 89 14 71 4
28 31 34 9 29 29 5
74 84 82 72 80 85 5
63 62 18 93 61 13 5
57 19 68 92 22 73 5
18 88 72 50 83 73 5
3 27 90 75 32 92 5
48 49 44 25 51 49 5
5 64 28 27 69 29 5
31 38 10 41 43 7 5
40 41 1 41 43 7 6
64 72 51 66 75 45 6
92 22 73 38 26 78 6
77 77 19 1 77 25 6
5 64 28 24 59 24 6
41 43 7 10 49 8 6
19 24 42 46 28 37 6
54 92 4 82 98 6 6
63 62 18 24 59 24 6
15 42 61 29 39 67 6
73 40 48 94 39 42 6
55 91 84 74 84 82 7
61 88 76 74 84 82 7
16 84 26 1 77 25 7
21 12 86 52 19 85 7
42 1 29 22 2 22 7
94 39 42 81 34 36 7
23 87 62 17 83 56 7
87 55 71 76 51 77 7
53 62 72 87 55 71 7
60 37 27 2 32 21 7
63 62 18 35 70 15 8
97 66 45 64 72 51 8
40 41 1 51 33 0 8
59 56 39 48 49 44 8
2 32 21 9 29 29 8
72 80 85 79 84 92 8
69 59 97 44 55 90 8
20 82 69 23 87 62 8
22 2 22 71 10 19 8
37 22 87 38 26 78 9
33 49 97 44 55 90 9
59 56 39 34 65 42 9
68 97 70 18 88 72 9
6 49 21 78 56 27 9
48 49 44 73 40 48 9
14 14 43 19 24 42 10
2 32 21 90 22 20 10
45 57 37 78 56 27 10
91 57 57 25 51 49 10
64 72 51 0 81 56 10
47 37 12 2 32 21 10
7 4 66 89 14 71 11
83 78 2 30 71 11 11
80 80 4 67 91 2 11
90 22 20 98 18 9 11
12 76 69 26 64 73 12
16 84 26 62 96 25 12
90 22 20 71 10 19 12
11 35 69 38 26 78 12
43 84 53 56 96 46 13
73 40 48 15 42 61 13
76 51 77 44 55 90 13
