24 47 31 43 47 31 0
89 70 52 6 70 51 1
14 69 80 53 70 81 1
41 89 3 74 89 5 2
28 73 42 84 71 41 2
96 100 40 47 99 42 2
95 53 22 0 51 24 2
53 70 81 45 72 79 2
40 75 74 30 73 72 2
51 66 30 15 65 32 2
83 27 49 90 25 50 2
47 99 42 101 101 43 2
102 97 20 97 95 17 3
71 65 27 51 66 30 3
101 101 43 38 101 46 3
15 65 32 73 62 32 3
64 2 100 25 5 100 3
87 33 99 46 34 102 3
62 74 54 57 75 57 3
54 72 37 84 71 41 4
62 74 54 89 70 52 4
35 44 95 88 45 91 4
79 22 53 90 25 50 4
41 89 3 29 85 2 4
81 11 88 86 13 92 4
63 98 58 26 98 62 4
80 1 37 34 3 41 4
39 102 84 92 102 79 5
5 55 17 95 53 22 5
20 39 22 32 42 18 5
55 58 68 68 63 68 5
13 34 86 16 39 83 5
73 62 32 2 59 27 5
12 34 65 82 39 63 5
77 48 38 75 51 34 5
40 75 74 45 72 79 5
0 51 24 66 47 20 5
2 59 27 9 62 23 5
6 70 51 1 67 46 5
97 95 17 85 96 12 5
10 94 55 63 98 58 5
52 21 102 33 17 98 5
75 51 34 43 47 31 5
42 73 67 30 73 72 5
32 42 18 66 47 20 5
21 69 11 36 63 13 6
63 98 58 98 92 61 6
102 97 20 23 102 16 6
56 78 49 62 74 54 6
1 67 46 84 71 41 6
37 65 98 100 71 97 6
83 27 49 11 29 43 6
78 15 71 44 22 68 7
10 94 55 60 88 51 7
70 46 77 7 41 71 7
66 47 20 99 49 13 7
94 27 87 13 34 86 7
33 17 98 86 13 92 7
27 2 30 80 1 37 7
12 34 65 48 30 59 7
95 53 22 2 59 27 7
60 88 51 3 88 43 8
34 3 41 18 9 47 8
15 65 32 54 72 37 8
82 39 63 7 41 71 8
43 47 31 0 51 24 8
36 63 13 5 55 17 8
8 5 19 93 13 22 8
76 98 32 96 100 40 8
72 55 85 58 56 93 8
67 92 93 22 99 97 8
31 89 27 65 83 34 9
59 17 81 81 11 88 9
91 83 63 98 92 61 9
74 89 5 85 96 12 9
16 39 83 70 46 77 9
79 22 53 48 30 59 10
76 98 32 31 89 27 10
65 83 34 3 88 43 10
31 89 27 102 97 20 10
16 39 83 88 45 91 10
60 88 51 56 78 49 10
61 17 6 4 25 12 10
68 63 68 42 73 67 10
17 38 1 69 48 2 10
77 48 38 49 54 47 10
91 83 63 42 73 67 10
19 46 54 49 54 47 10
59 17 81 78 15 71 10
58 56 93 37 65 98 10
94 27 87 59 17 81 11
99 49 13 69 48 2 11
72 55 85 88 45 91 11
8 5 19 27 2 30 11
82 39 63 19 46 54 11
86 13 92 25 5 100 11
35 44 95 87 33 99 11
50 3 58 18 9 47 12
67 92 93 39 102 84 13
18 9 47 79 22 53 14
93 13 22 4 25 12 15
26 98 62 92 102 79 17
