48 57 66 87 57 66 0
84 58 66 87 57 66 1
36 112 78 108 111 77 1
83 106 12 30 104 10 2
75 19 16 41 18 18 2
35 68 103 44 66 102 2
103 88 86 66 86 88 2
73 50 37 51 52 39 2
89 60 63 84 58 66 3
88 20 32 95 20 35 3
1 8 9 39 11 9 3
15 97 109 82 100 107 3
27 71 4 64 72 7 3
28 5 9 1 8 9 3
30 104 10 34 101 12 3
23 18 62 13 21 61 3
63 36 81 10 36 77 4
101 82 67 33 78 67 4
100 71 15 94 74 12 4
8 107 71 57 103 70 4
105 103 3 70 106 0 4
81 55 62 48 57 66 4
93 104 63 46 100 64 4
26 67 16 100 71 15 4
31 68 1 27 71 4 4
98 41 86 14 44 90 5
45 52 7 2 56 3 5
94 74 12 64 72 7 5
24 68 97 44 66 102 5
34 101 12 68 98 16 5
104 101 76 59 106 77 5
64 72 7 107 76 4 5
69 52 114 29 57 112 5
17 49 11 45 52 7 5
12 46 7 17 49 11 5
62 81 10 9 84 6 5
77 51 0 2 56 3 5
22 83 54 91 80 59 5
37 63 19 26 67 16 5
59 106 77 108 111 77 5
29 57 112 52 63 112 6
62 81 10 109 84 16 6
21 68 27 55 62 27 6
11 88 60 72 92 65 6
59 106 77 8 107 71 6
46 100 64 57 103 70 6
61 47 76 54 49 82 6
109 84 16 32 90 14 6
112 21 81 18 19 87 6
16 94 58 11 88 60 6
81 55 62 78 54 56 6
107 76 4 62 81 10 7
113 33 32 76 27 28 7
31 68 1 79 65 8 7
21 68 27 3 71 34 7
74 80 75 90 87 77 7
24 68 97 56 73 91 7
91 80 59 67 73 62 7
67 73 62 33 78 67 7
33 78 67 86 71 70 7
82 100 107 4 102 100 7
98 41 86 63 36 81 7
105 103 3 30 104 10 7
22 83 54 11 88 60 7
52 63 112 5 70 114 7
60 107 37 43 108 45 8
14 44 90 102 48 98 8
37 63 19 55 62 27 8
74 80 75 33 78 67 8
4 102 100 49 110 96 8
32 90 14 68 98 16 8
46 100 64 16 94 58 8
112 21 81 97 25 73 8
47 31 48 111 28 40 8
71 39 111 38 46 106 8
76 27 28 88 20 32 8
54 49 82 98 41 86 8
49 110 96 99 111 104 8
42 7 90 6 3 82 8
42 7 90 114 3 97 8
47 31 48 106 38 53 8
38 46 106 102 48 98 8
106 38 53 7 42 62 9
103 88 86 90 87 77 9
20 6 0 1 8 9 9
111 28 40 113 33 32 9
23 18 62 19 9 64 9
50 45 28 58 39 19 10
110 31 105 71 39 111 10
25 20 51 13 21 61 10
39 11 9 75 19 16 10
44 66 102 52 63 112 10
2 56 3 79 65 8 10
53 5 44 40 5 34 10
69 52 114 38 46 106 10
92 25 97 110 31 105 10
50 45 28 73 50 37 10
3 71 34 85 80 40 10
18 19 87 92 25 97 11
114 3 97 0 14 100 11
25 20 51 47 31 48 11
92 25 97 0 14 100 11
58 39 19 17 49 11 12
13 21 61 97 25 73 12
113 33 32 50 45 28 12
54 49 82 96 61 86 12
78 54 56 7 42 62 13
65 70 49 67 73 62 13
76 27 28 41 18 18 13
86 71 70 84 58 66 13
80 93 43 85 80 40 13
40 5 34 88 20 32 15
80 93 43 60 107 37 15
49 110 96 36 112 78 18
