42 137 69 45 136 70 1
74 44 134 143 44 133 1
67 118 48 137 117 48 1
140 80 63 61 80 62 1
99 112 136 49 112 137 1
56 61 54 95 60 55 1
119 115 77 46 114 75 2
139 28 41 102 28 39 2
0 110 28 52 108 30 2
66 64 12 58 64 10 2
22 91 35 142 93 33 2
37 82 58 101 83 56 2
24 138 98 134 140 100 2
28 29 54 54 31 56 2
9 11 142 100 14 140 3
30 55 109 7 52 111 3
75 124 101 126 124 98 3
28 29 54 63 32 52 3
26 5 85 105 2 84 3
23 91 52 88 93 49 3
86 48 79 116 48 76 3
67 118 48 128 120 45 3
35 145 3 18 144 6 3
70 133 12 146 135 16 4
75 124 101 110 121 104 4
17 100 21 4 104 23 4
49 112 137 136 108 139 4
117 10 8 138 11 12 4
37 82 58 61 80 62 4
142 93 33 27 95 29 4
141 124 92 55 123 88 4
137 117 48 129 118 53 5
77 112 142 49 112 137 5
128 120 45 60 124 42 5
16 10 18 40 5 16 5
83 69 76 106 65 80 5
126 124 98 118 129 97 5
103 2 89 26 5 85 5
96 68 109 19 63 111 5
64 60 120 107 56 124 5
62 76 48 89 78 53 5
139 28 41 38 32 45 5
11 118 98 98 115 93 5
34 138 10 70 133 12 5
101 83 56 89 78 53 5
57 145 51 120 141 54 5
136 108 139 53 103 135 6
125 67 101 1 73 102 6
44 103 34 52 108 30 6
126 124 98 141 124 92 6
123 21 51 114 18 57 6
11 118 98 126 124 98 6
114 18 57 135 21 63 6
108 64 24 73 66 30 6
16 10 18 138 11 12 6
143 44 133 121 40 128 6
17 100 21 131 100 15 6
70 133 12 31 127 13 6
88 93 49 71 95 43 6
11 118 98 32 112 103 7
2 11 62 3 4 63 7
27 95 29 69 91 23 7
145 49 128 143 44 133 7
81 32 71 6 29 64 7
68 59 142 65 52 142 7
92 131 136 43 135 130 7
0 110 28 4 104 23 7
125 67 101 91 60 103 7
30 55 109 91 60 103 7
63 32 52 38 32 45 7
34 138 10 18 144 6 7
12 106 98 32 112 103 7
47 110 60 109 104 56 7
125 67 101 96 68 109 8
80 56 20 108 64 24 8
92 131 136 8 125 130 8
127 98 101 12 106 98 8
58 64 10 144 72 12 8
80 56 20 124 49 25 8
124 49 25 132 41 25 8
123 21 51 28 29 54 8
145 49 128 107 56 124 8
115 108 110 32 112 103 8
39 127 110 110 121 104 8
130 79 131 51 76 123 8
135 21 63 6 29 64 8
59 22 17 82 26 24 8
133 4 41 76 10 47 8
114 18 57 2 11 62 8
22 91 35 71 95 43 8
23 91 52 101 83 56 8
31 127 13 10 120 6 9
17 100 21 69 91 23 9
48 24 100 21 15 99 9
100 14 140 93 22 145 9
118 129 97 24 138 98 9
64 60 120 19 63 111 9
111 107 44 137 117 48 10
44 103 34 111 107 44 10
29 126 70 45 136 70 10
58 64 10 25 55 5 10
122 146 74 42 137 69 10
94 28 4 14 38 8 10
129 118 53 47 110 60 10
92 131 136 85 127 146 10
90 67 42 62 76 48 10
97 145 84 122 146 74 10
34 138 10 41 133 0 11
123 21 51 76 10 47 11
84 52 47 95 60 55 11
74 44 134 65 52 142 11
15 99 146 136 108 139 11
66 64 12 80 56 20 11
16 10 18 59 22 17 12
78 49 97 91 60 103 12
72 47 64 116 48 76 12
22 91 35 104 79 32 12
112 139 39 13 131 30 12
73 66 30 90 67 42 12
79 93 64 23 91 52 12
1 73 102 113 85 99 12
55 123 88 119 115 77 13
60 124 42 13 131 30 13
36 81 144 130 79 131 13
113 85 99 127 98 101 13
112 139 39 57 145 51 13
131 100 15 50 95 3 13
56 61 54 90 67 42 13
119 115 77 29 126 70 13
99 112 136 8 125 130 14
81 32 71 87 22 81 14
13 131 30 146 135 16 14
59 22 17 94 28 4 14
47 110 60 46 114 75 15
82 26 24 102 28 39 15
5 84 78 83 69 76 15
72 47 64 95 60 55 15
5 84 78 140 80 63 15
82 26 24 132 41 25 15
103 2 89 21 15 99 16
96 68 109 51 76 123 16
20 0 129 100 14 140 17
87 22 81 26 5 85 17
15 99 146 36 81 144 18
100 14 140 33 20 121 19
121 40 128 33 20 121 21
