7 12 15 23 11 14 1
41 16 12 39 17 13 1
5 9 34 16 10 33 1
33 4 40 38 4 41 1
30 40 22 3 39 23 1
27 8 29 12 7 30 1
16 10 33 26 12 35 2
7 12 15 35 14 15 2
14 29 9 20 31 7 2
40 29 23 29 26 24 3
23 11 14 19 11 11 3
40 29 23 37 32 23 3
35 14 15 41 16 12 3
24 22 34 18 25 32 3
29 26 24 0 28 27 3
15 13 30 16 10 33 4
23 11 14 32 7 14 4
12 7 30 5 9 34 4
15 13 30 6 17 28 4
4 33 13 28 32 17 4
24 22 34 11 20 38 4
13 38 10 4 33 13 5
31 29 41 34 33 38 5
0 28 27 18 25 32 5
13 38 10 36 41 6 5
25 15 40 11 20 38 5
35 14 15 9 16 20 5
32 7 14 1 5 19 5
14 29 9 4 33 13 5
26 12 35 25 15 40 5
17 1 0 22 5 5 6
28 32 17 37 32 23 6
8 1 11 32 7 14 6
20 31 7 21 26 1 7
22 5 5 8 1 11 7
33 4 40 5 9 34 7
3 39 23 37 32 23 7
10 41 38 34 33 38 8
6 17 28 9 16 20 8
24 22 34 31 29 41 9
2 14 0 22 5 5 10
