15 3 29 0 3 30 1
22 2 1 12 2 0 1
26 17 20 27 16 21 1
30 29 3 28 29 5 2
18 9 17 17 11 17 2
5 6 6 3 6 8 2
26 17 20 7 19 21 2
4 11 12 24 9 14 2
13 17 10 19 19 10 2
18 9 17 24 9 14 3
19 19 10 20 22 10 3
23 22 5 21 25 3 3
9 0 27 15 3 29 3
25 1 24 9 0 27 3
28 29 5 21 25 3 4
22 2 1 16 0 5 4
14 23 23 7 19 21 4
24 9 14 11 5 14 4
29 26 29 6 22 30 4
7 19 21 2 22 18 4
5 6 6 1 11 5 5
8 7 25 15 3 29 5
23 22 5 19 19 10 5
13 17 10 4 11 12 6
27 16 21 17 11 17 6
10 15 27 27 16 21 6
16 0 5 5 6 6 6
11 5 14 3 6 8 6
14 23 23 29 26 29 6
10 15 27 8 7 25 8
