41 62 119 89 62 119 0
83 65 24 76 65 24 0
80 123 115 119 123 115 0
77 10 15 22 9 16 1
125 5 122 75 4 121 1
77 10 15 28 11 15 1
88 113 65 26 111 67 2
95 44 52 15 44 50 2
50 27 91 102 26 93 2
94 82 4 68 84 6 2
41 62 119 11 64 117 2
5 60 62 16 60 64 2
53 50 111 62 52 108 3
4 35 10 34 35 7 3
29 58 67 16 60 64 3
43 124 118 119 123 115 3
92 7 5 67 7 8 3
31 32 6 34 35 7 3
97 126 62 2 123 63 3
65 108 3 99 105 3 3
3 25 25 113 28 22 4
43 124 118 36 120 119 4
23 39 78 112 43 77 4
57 75 56 110 76 52 4
44 86 10 68 84 6 4
100 13 33 19 10 36 4
117 52 27 51 51 31 4
67 7 8 105 12 7 5
100 13 33 109 13 28 5
80 123 115 38 120 110 5
32 36 94 127 41 92 5
106 5 34 19 10 36 5
81 6 39 19 10 36 5
20 98 114 74 100 109 5
8 71 107 104 75 104 5
62 52 108 90 53 103 5
91 40 119 55 45 122 5
121 31 96 102 26 93 5
17 48 24 117 52 27 5
121 31 96 32 36 94 5
90 53 103 79 49 98 6
18 121 20 49 125 25 6
90 53 103 60 59 104 6
122 54 62 29 58 67 6
79 49 98 64 55 96 6
88 113 65 114 114 59 6
108 18 82 118 24 82 6
54 94 32 71 100 30 6
9 91 115 120 92 109 6
0 70 71 116 75 75 6
99 105 3 73 99 3 6
124 125 49 40 119 48 6
57 75 56 27 69 58 6
66 30 82 118 24 82 6
120 92 109 20 98 114 7
82 96 121 20 98 114 7
63 74 63 57 75 56 7
67 7 8 77 10 15 7
14 14 105 21 8 109 7
86 50 17 17 48 24 7
115 31 121 84 37 127 8
56 32 36 72 25 41 8
0 70 71 63 74 63 8
87 111 47 103 103 49 8
31 32 6 85 24 10 8
40 119 48 87 111 47 8
44 86 10 1 79 14 8
91 40 119 84 37 127 8
58 118 78 107 110 76 8
5 60 62 78 57 54 8
12 57 75 29 58 67 8
47 17 48 93 9 47 8
38 120 110 61 127 106 8
93 9 47 81 6 39 8
101 88 124 82 96 121 8
111 60 35 52 69 39 9
52 69 39 33 64 47 9
33 64 47 78 57 54 9
22 9 16 96 1 21 9
98 54 45 78 57 54 9
26 111 67 107 110 76 9
120 92 109 46 96 100 9
61 127 106 70 123 97 9
59 87 100 46 96 100 9
69 42 61 95 44 52 9
50 27 91 66 30 82 9
27 69 58 5 60 62 9
14 14 105 48 18 114 9
114 114 59 2 123 63 9
13 119 11 18 121 20 9
23 39 78 66 30 82 9
51 51 31 111 60 35 9
39 114 91 70 123 97 10
121 31 96 45 31 106 10
47 17 48 72 25 41 10
93 9 47 10 0 53 10
25 50 86 127 41 92 10
6 73 87 37 83 83 10
126 72 6 1 79 14 10
42 73 123 11 64 117 10
79 49 98 127 41 92 10
30 106 126 82 96 121 11
15 44 50 98 54 45 11
116 75 75 37 83 83 11
123 95 58 35 99 69 11
21 8 109 75 4 121 12
123 95 58 103 103 49 12
55 45 122 53 50 111 12
114 114 59 40 119 48 12
104 75 104 59 87 100 12
60 59 104 8 71 107 12
11 64 117 8 71 107 12
85 24 10 113 28 22 12
109 13 28 22 9 16 12
83 65 24 111 60 35 12
24 47 5 34 35 7 12
109 13 28 3 25 25 12
24 47 5 86 50 17 12
25 50 86 12 57 75 13
13 119 11 65 108 3 13
39 114 91 58 118 78 13
76 65 24 7 79 29 14
73 99 3 44 86 10 14
48 18 114 115 31 121 14
36 120 119 30 106 126 15
7 79 29 1 79 14 15
7 79 29 54 94 32 15
