49 107 61 87 106 62 1
15 80 134 105 81 135 1
14 78 134 8 76 133 2
110 113 133 133 113 135 2
41 95 91 85 93 91 2
45 39 6 97 39 4 2
15 80 134 14 78 134 2
49 107 61 21 109 63 2
88 14 4 77 12 3 2
125 65 102 28 68 101 3
1 78 72 71 75 73 3
27 122 76 80 125 78 3
22 129 7 132 128 4 3
109 38 13 33 36 16 3
91 109 116 13 106 114 3
32 124 103 24 121 103 3
102 128 78 80 125 78 3
103 27 107 60 29 104 3
2 24 112 12 21 110 3
59 62 18 123 63 21 3
38 43 30 84 46 30 3
114 109 133 110 113 133 4
83 80 76 1 78 72 4
108 3 110 79 4 114 4
32 124 103 39 128 103 4
10 15 56 69 15 60 4
50 43 5 45 39 6 4
58 79 32 131 75 30 4
75 44 24 74 48 22 4
99 105 134 114 109 133 4
90 105 31 128 102 27 5
17 82 68 1 78 72 5
2 24 112 103 27 107 5
129 33 58 73 38 58 5
91 109 116 101 114 117 5
5 40 70 127 37 65 5
79 4 114 46 0 117 5
47 60 68 111 63 63 5
42 45 72 5 40 70 5
81 68 23 123 63 21 5
11 124 0 132 128 4 5
34 14 12 89 19 8 6
112 60 27 123 63 21 6
23 69 107 125 65 102 6
75 44 24 84 46 30 6
88 14 4 89 19 8 6
22 129 7 124 135 6 6
18 134 89 76 128 91 6
0 64 5 115 64 11 6
7 37 126 6 37 120 6
36 87 16 25 85 22 6
19 80 61 17 82 68 7
82 15 42 98 21 38 7
134 24 98 60 29 104 7
102 128 78 92 134 74 7
94 37 26 38 43 30 7
39 128 103 3 133 97 7
73 38 58 127 37 65 7
109 38 13 45 39 6 7
84 46 30 63 53 31 7
54 97 49 20 100 42 7
3 133 97 76 128 91 7
115 64 11 59 62 18 7
118 106 73 64 111 79 7
106 65 75 117 58 77 7
99 105 134 130 102 127 7
35 20 49 82 15 42 8
134 24 98 66 16 98 8
78 28 45 35 20 49 8
10 15 56 35 20 49 8
72 77 110 23 69 107 8
112 60 27 63 53 31 8
68 91 73 55 99 69 8
47 60 68 106 65 75 8
55 99 69 118 106 73 8
22 129 7 37 126 15 8
68 91 73 126 91 82 9
38 43 30 65 45 39 9
85 93 91 126 91 82 9
6 37 120 26 28 124 9
87 106 62 55 99 69 9
116 28 27 94 37 26 9
7 37 126 100 39 135 9
92 134 74 96 132 65 9
81 68 23 61 74 16 9
16 28 11 33 36 16 9
56 6 86 52 14 81 9
52 14 81 104 7 75 9
16 28 11 89 19 8 9
131 75 30 81 68 23 9
54 97 49 135 88 45 9
53 35 95 60 29 104 10
17 82 68 68 91 73 10
121 129 53 48 125 43 10
40 10 122 79 4 114 10
71 75 73 106 65 75 10
119 55 102 125 65 102 10
120 70 43 57 60 41 10
95 79 7 61 74 16 10
33 36 16 94 37 26 10
133 113 135 29 124 135 11
4 53 91 119 55 102 11
30 113 3 11 124 0 11
64 111 79 27 122 76 11
44 124 28 107 116 36 11
48 125 43 107 116 36 11
122 70 54 111 63 63 11
127 37 65 86 28 72 11
120 70 43 122 70 54 11
25 85 22 58 79 32 11
20 100 42 90 105 31 12
96 132 65 121 129 53 12
57 60 41 63 53 31 12
26 28 124 2 24 112 12
102 128 78 18 134 89 12
53 35 95 9 33 83 12
107 116 36 90 105 31 12
70 96 106 13 106 114 12
113 81 94 85 93 91 12
86 28 72 9 33 83 12
30 113 3 62 113 15 12
13 106 114 130 102 127 13
43 3 50 10 15 56 13
116 28 27 98 21 38 13
78 28 45 129 33 58 13
44 124 28 37 126 15 13
64 111 79 31 109 92 13
100 39 135 67 53 132 14
28 68 101 113 81 94 14
8 76 133 51 65 123 14
67 53 132 51 65 123 15
85 93 91 70 96 106 15
56 6 86 66 16 98 15
93 134 118 39 128 103 16
40 10 122 12 21 110 16
