42 30 26 3 31 26 1
30 12 28 34 11 29 1
2 56 50 59 55 50 1
30 12 28 41 14 26 2
27 37 60 39 37 58 2
9 10 22 61 12 24 2
16 53 48 59 55 50 2
4 7 24 10 8 26 2
43 53 63 62 55 65 2
41 14 26 61 12 24 2
41 14 26 36 15 24 2
49 43 54 35 41 56 2
5 9 0 28 7 2 2
52 24 29 12 22 28 2
24 58 30 65 59 32 2
8 56 47 59 55 50 3
19 55 31 24 58 30 3
37 5 53 31 8 51 3
19 55 31 54 53 34 3
46 61 54 53 60 51 3
59 55 50 56 55 53 3
18 40 15 44 38 18 3
4 7 24 9 10 22 3
53 60 51 2 56 50 4
47 21 32 52 24 29 4
39 37 58 35 41 56 4
51 63 32 65 59 32 4
10 8 26 11 4 28 4
43 53 63 21 52 59 4
14 57 21 50 54 26 5
24 58 30 50 54 26 5
57 5 44 6 0 44 5
25 10 7 28 7 2 5
13 66 65 45 65 60 5
38 51 39 54 53 34 5
40 26 15 26 28 10 5
37 5 53 32 7 58 5
56 55 53 21 52 59 6
23 64 13 22 58 14 6
51 63 32 17 66 38 6
52 24 29 42 30 26 6
15 32 41 66 37 45 6
60 31 32 42 30 26 6
63 15 2 5 9 0 6
31 8 51 57 5 44 7
22 58 14 14 57 21 7
46 61 54 45 65 60 7
23 64 13 29 64 6 7
22 58 14 1 54 8 7
1 54 8 20 52 0 8
36 15 24 12 22 28 8
32 7 58 48 14 63 8
58 29 50 15 32 41 9
16 53 48 38 51 39 9
57 5 44 33 13 39 9
15 32 41 60 31 32 9
32 7 58 55 1 65 9
47 21 32 33 13 39 10
66 37 45 49 43 54 10
3 31 26 44 38 18 10
64 28 65 27 37 60 10
21 52 59 49 43 54 10
7 19 50 58 29 50 10
20 52 0 0 41 2 11
42 30 26 40 26 15 11
26 28 10 63 15 2 15
