54 26 21 49 26 21 0
6 38 55 25 39 54 1
34 79 56 59 79 55 1
25 39 54 55 40 53 1
75 62 49 50 61 49 1
69 1 6 16 3 7 2
39 77 77 46 79 78 2
17 62 76 8 62 78 2
44 26 18 54 26 21 3
72 82 39 71 79 40 3
34 79 56 47 80 59 3
10 41 19 0 38 17 3
34 79 56 13 76 56 3
82 40 61 9 43 60 3
74 46 18 38 47 21 3
11 77 2 30 77 5 3
65 14 18 66 14 15 3
17 62 76 7 62 73 3
1 35 54 6 38 55 3
67 40 80 57 39 76 4
6 38 55 42 36 59 4
38 47 21 81 50 24 4
78 47 61 53 46 57 4
31 33 71 52 34 67 4
42 36 59 82 40 61 4
68 25 25 54 26 21 4
9 43 60 78 47 61 4
64 60 22 18 55 22 5
0 38 17 28 35 22 5
12 57 27 18 55 22 5
22 65 10 40 69 6 5
26 59 54 4 62 58 5
30 77 5 61 77 10 5
41 69 44 24 64 41 5
26 59 54 50 61 49 5
0 38 17 36 41 13 5
60 59 62 4 62 58 5
57 39 76 80 40 71 5
74 46 18 10 41 19 5
48 30 64 52 34 67 5
2 8 43 35 3 43 5
81 50 24 18 55 22 5
29 69 0 40 69 6 6
53 46 57 77 47 51 6
31 33 71 21 30 77 6
73 10 73 14 7 79 6
57 39 76 31 33 71 7
67 40 80 5 47 77 7
48 30 64 58 25 70 7
76 69 57 13 76 56 7
79 14 81 14 7 79 7
33 14 35 20 7 34 7
15 22 9 56 29 6 7
36 41 13 37 47 8 7
42 36 59 48 30 64 7
76 69 57 4 62 58 7
33 14 35 45 18 41 7
11 77 2 29 69 0 8
61 77 10 32 81 17 8
51 70 70 7 62 73 8
50 61 49 24 64 41 8
43 81 67 47 80 59 8
28 35 22 70 38 30 8
19 17 50 45 18 41 9
51 70 70 39 77 77 9
62 33 38 70 38 30 9
15 22 9 44 26 18 9
28 35 22 49 26 21 9
55 40 53 63 41 44 9
20 7 34 2 8 43 9
15 22 9 66 14 15 10
64 60 22 23 70 24 10
71 79 40 41 69 44 10
27 41 0 37 47 8 10
39 77 77 43 81 67 10
63 41 44 62 33 38 10
35 3 43 3 1 54 11
78 47 61 60 59 62 12
22 65 10 64 60 22 13
66 14 15 16 3 7 13
68 25 25 33 14 35 14
58 25 70 73 10 73 15
