14 6 20 44 7 19 1
7 38 37 46 37 37 1
44 7 19 30 8 18 1
31 26 33 20 25 33 1
41 36 18 11 37 20 2
13 38 39 7 38 37 2
40 34 16 41 36 18 2
48 37 47 1 39 47 2
27 22 13 0 22 15 2
29 0 31 21 0 33 2
35 24 13 0 22 15 2
12 42 32 43 40 30 2
20 25 33 24 22 32 3
21 0 33 33 3 31 3
25 9 36 9 12 34 3
2 40 42 13 38 39 3
25 9 36 15 8 39 3
34 42 19 17 43 22 3
5 38 3 38 40 6 3
26 15 8 28 12 9 3
19 31 17 40 34 16 3
4 38 26 43 40 30 4
26 15 8 16 19 6 4
13 38 39 10 42 37 4
2 40 42 42 44 42 4
17 43 22 36 47 21 4
2 40 42 1 39 47 5
37 30 37 31 26 33 5
23 19 36 24 22 32 5
7 38 37 3 35 32 5
39 7 27 33 3 31 5
12 42 32 10 42 37 5
34 42 19 11 37 20 5
4 38 26 11 37 20 6
22 5 8 8 9 3 6
45 0 19 14 6 20 6
6 2 40 15 8 39 6
8 9 3 28 12 9 6
14 6 20 39 7 27 7
37 30 37 46 37 37 7
16 19 6 27 22 13 7
6 2 40 21 0 33 7
32 44 12 38 40 6 7
34 42 19 32 44 12 7
23 19 36 9 12 34 7
19 31 17 35 24 13 8
39 7 27 18 16 24 9
23 19 36 47 17 48 12
