37 26 42 78 27 41 1
107 141 129 29 141 128 1
108 144 99 45 146 101 2
100 27 27 136 26 25 2
55 16 133 92 15 135 2
74 36 14 56 38 15 2
31 132 7 116 131 10 3
35 63 132 122 66 133 3
72 69 73 75 66 74 3
12 26 4 8 27 1 3
42 83 94 34 84 91 3
90 58 124 94 58 121 3
43 144 86 79 145 89 3
33 17 6 46 14 8 3
35 63 132 113 60 132 3
64 14 120 124 14 116 4
135 116 45 49 117 41 4
116 131 10 19 130 14 4
110 116 0 101 117 4 4
128 8 128 147 6 124 4
87 65 90 32 66 94 4
133 126 123 139 122 121 4
58 111 60 123 116 63 5
26 32 111 119 33 116 5
39 82 83 144 80 88 5
57 28 136 115 31 140 5
52 78 31 132 73 30 5
70 38 144 84 40 139 5
39 82 83 140 77 81 5
144 80 88 34 84 91 5
89 134 56 68 139 55 5
67 102 100 91 99 104 5
21 8 51 85 5 47 5
57 28 136 77 28 131 5
63 99 48 103 105 45 6
86 98 137 60 94 142 6
92 15 135 106 19 140 6
46 14 8 114 8 9 6
13 68 80 75 66 74 6
48 120 135 36 126 133 6
44 132 77 62 133 71 6
1 85 134 66 87 140 6
104 2 129 128 8 128 6
141 136 136 50 135 142 6
149 124 79 2 118 80 6
96 28 19 136 26 25 6
86 98 137 129 104 140 6
68 139 55 25 146 56 7
14 61 100 32 66 94 7
60 94 142 66 87 140 7
124 14 116 4 19 111 7
53 30 64 130 24 59 7
144 80 88 40 76 94 7
18 78 38 52 78 31 7
22 130 50 89 134 56 7
72 69 73 126 72 66 7
14 61 100 131 68 102 7
135 116 45 120 110 50 7
103 105 45 120 110 50 7
90 58 124 65 65 121 7
15 102 93 67 102 100 7
7 36 129 77 28 131 8
78 27 41 73 35 45 8
3 8 1 114 8 9 8
112 56 2 99 64 2 8
44 132 77 149 124 79 8
28 32 94 148 30 86 8
0 83 49 41 75 47 8
115 31 140 70 38 144 8
107 141 129 141 136 136 8
17 92 18 81 100 14 8
129 104 140 138 104 148 8
133 126 123 102 129 115 8
27 16 99 38 22 93 8
147 6 124 64 14 120 8
121 90 54 0 83 49 8
82 110 71 146 108 79 8
90 58 124 113 60 132 8
74 36 14 96 28 19 9
41 75 47 18 78 38 9
117 17 52 130 24 59 9
109 149 65 25 146 56 9
13 68 80 140 77 81 9
20 114 112 142 120 105 9
81 100 14 118 106 21 9
117 17 52 21 8 51 9
132 73 30 97 69 39 9
92 15 135 128 8 128 9
51 3 115 147 6 124 9
58 111 60 5 102 58 9
57 28 136 106 19 140 9
88 36 57 53 30 64 9
33 17 6 12 26 4 9
65 65 121 93 72 115 9
11 62 64 134 64 55 9
40 76 94 32 66 94 10
38 22 93 148 30 86 10
93 72 115 10 80 108 10
11 62 64 126 72 66 10
79 145 89 108 144 99 10
10 80 108 137 87 116 10
127 43 115 119 33 116 10
105 55 92 14 61 100 10
120 110 50 58 111 60 10
97 69 39 61 63 30 10
142 120 105 80 130 102 10
36 126 133 141 136 136 10
143 47 86 6 54 78 10
82 110 71 123 116 63 10
63 99 48 121 90 54 10
88 36 57 54 46 60 10
133 126 123 36 126 133 10
103 105 45 98 98 37 10
146 108 79 2 118 80 10
143 47 86 105 55 92 10
16 126 33 23 116 28 11
111 49 131 113 60 132 11
24 10 147 106 19 140 11
69 52 26 61 63 30 11
95 53 49 134 64 55 12
4 19 111 27 16 99 12
29 141 128 125 141 116 12
139 122 121 20 114 112 12
84 40 139 111 49 131 12
17 92 18 71 82 10 12
59 144 6 31 132 7 12
118 106 21 23 116 28 12
16 126 33 49 117 41 12
88 36 57 73 35 45 12
7 36 129 119 33 116 13
134 64 55 41 75 47 13
68 139 55 47 144 42 13
10 80 108 131 68 102 13
114 8 9 83 1 20 13
95 53 49 54 46 60 13
50 135 142 9 149 143 14
139 122 121 145 108 126 14
145 108 126 86 98 137 14
12 26 4 74 36 14 14
76 100 0 81 100 14 14
108 144 99 80 130 102 14
135 116 45 22 130 50 14
100 27 27 78 27 41 14
30 72 147 122 66 133 15
15 102 93 146 108 79 15
44 132 77 43 144 86 15
101 117 4 116 131 10 15
110 116 0 76 100 0 16
71 82 10 99 64 2 19
