20 28 13 19 29 12 1
16 25 14 7 25 15 1
5 7 27 25 9 26 2
22 5 2 28 7 4 2
16 25 14 10 25 12 2
9 16 21 8 16 23 2
27 27 20 15 27 22 2
25 9 26 11 11 27 2
18 5 23 13 2 24 3
16 25 14 20 28 13 3
4 19 21 8 16 23 3
12 13 15 23 10 16 3
0 20 27 2 23 28 3
17 11 1 26 14 3 3
18 5 23 5 7 27 4
18 5 23 3 4 19 4
4 19 21 14 19 17 4
28 7 4 24 9 8 4
6 0 19 3 4 19 4
8 16 23 0 20 27 5
17 11 1 28 7 4 5
27 27 20 7 25 15 5
26 14 3 21 16 8 5
8 16 23 11 11 27 6
14 19 17 16 25 14 6
3 4 19 23 10 16 6
29 20 1 26 14 3 6
12 13 15 21 16 8 7
1 2 11 24 9 8 7
