14 0 31 29 1 30 1
46 26 6 16 25 5 1
12 29 13 31 28 14 1
19 14 5 33 12 3 2
18 36 7 20 38 7 2
32 15 47 41 13 45 2
25 24 26 27 22 27 2
34 28 34 37 30 34 2
43 21 44 7 20 47 3
22 41 8 28 39 11 3
34 28 34 45 25 36 3
13 15 11 44 14 8 3
12 29 13 3 32 15 3
11 11 42 41 13 45 3
22 41 8 20 38 7 3
9 18 27 0 15 29 3
44 14 8 19 14 5 3
45 25 36 1 28 39 4
25 24 26 39 23 22 4
15 40 46 30 44 47 4
33 12 3 6 9 6 4
6 9 6 24 5 5 4
37 30 34 36 34 32 4
4 43 4 22 41 8 4
27 22 27 9 18 27 4
23 9 47 41 13 45 4
24 5 5 38 8 0 5
17 43 20 47 43 15 5
8 29 2 46 26 6 5
10 0 22 42 5 25 5
28 39 11 47 43 15 5
7 20 47 32 15 47 5
16 25 5 26 20 7 5
40 2 10 24 5 5 5
2 35 2 18 36 7 5
5 6 15 40 2 10 6
26 20 7 19 14 5 6
21 18 18 39 23 22 6
29 1 30 42 5 25 6
8 29 2 2 35 2 6
21 18 18 13 15 11 7
12 29 13 46 26 6 7
43 21 44 45 25 36 8
25 24 26 34 28 34 8
35 42 29 36 34 32 8
5 6 15 10 0 22 9
15 40 46 1 28 39 13
