121 139 136 98 139 136 0
46 46 17 106 47 16 1
129 98 34 114 99 33 1
63 101 47 94 102 46 1
139 56 38 5 55 39 1
29 56 131 127 56 129 2
101 20 98 8 21 100 2
67 110 26 48 108 26 2
104 10 11 124 8 13 2
13 107 69 32 109 67 2
138 31 121 76 29 122 2
26 62 59 100 60 58 2
103 106 106 109 106 104 2
25 31 74 137 29 75 2
20 133 11 87 134 13 2
1 56 97 19 53 96 3
121 139 136 14 142 134 3
137 29 75 11 27 78 3
39 19 83 61 17 86 3
83 25 24 23 28 22 3
125 123 56 82 126 55 3
22 111 80 45 112 83 3
124 8 13 96 5 15 3
73 120 56 125 123 56 3
131 24 79 130 21 79 3
15 82 66 40 83 69 3
131 24 79 11 27 78 3
74 36 135 141 33 137 3
89 15 113 30 19 111 4
49 18 128 44 22 128 4
65 81 115 75 83 119 4
9 79 94 77 83 94 4
39 19 83 130 21 79 4
37 133 94 56 130 97 4
69 110 102 109 106 104 4
43 76 125 18 80 123 4
14 142 134 108 138 131 5
73 120 56 140 122 51 5
117 100 95 4 95 97 5
60 24 108 30 19 111 5
80 12 59 84 17 56 5
118 60 6 34 57 11 5
3 34 6 41 39 7 5
18 80 123 75 83 119 5
27 103 120 105 108 117 5
122 13 127 49 18 128 5
59 98 52 63 101 47 5
86 52 12 34 57 11 5
23 28 22 102 28 17 5
123 96 124 36 100 129 6
70 49 45 134 53 50 6
78 8 94 119 6 88 6
48 108 26 85 102 26 6
106 47 16 86 52 12 6
81 23 66 90 17 68 6
92 23 53 142 28 57 6
84 17 56 92 23 53 6
5 55 39 71 49 39 6
5 55 39 50 58 45 6
87 134 13 115 133 19 6
83 25 24 111 25 30 6
112 75 102 110 81 104 6
71 49 39 70 49 45 6
58 54 3 118 60 6 6
16 84 37 120 79 31 7
85 102 26 114 99 33 7
0 94 58 59 98 52 7
117 100 95 136 105 89 7
77 83 94 42 90 91 7
103 106 106 55 100 110 7
116 108 42 94 102 46 7
42 90 91 4 95 97 7
72 71 32 62 69 39 7
6 101 13 54 101 6 7
2 5 60 80 12 59 7
36 100 129 135 106 134 7
88 50 62 132 43 62 7
33 130 32 95 123 29 7
113 134 64 7 141 62 7
60 24 108 52 30 113 7
57 7 22 96 5 15 7
28 70 56 26 62 59 8
107 118 67 79 125 72 8
60 24 108 8 21 100 8
126 86 77 40 83 69 8
91 36 24 23 28 22 8
138 31 121 52 30 113 8
9 79 94 112 75 102 8
120 79 31 72 71 32 8
71 49 39 21 50 31 8
123 96 124 27 103 120 8
24 76 23 120 79 31 8
107 118 67 32 109 67 9
33 130 32 64 133 41 9
136 105 89 45 112 83 9
44 22 128 76 29 122 9
126 86 77 128 95 79 9
37 133 94 53 129 85 9
108 138 131 38 129 127 9
81 23 66 142 28 57 10
137 29 75 81 23 66 10
88 50 62 100 60 58 10
93 124 105 12 126 115 10
24 76 23 31 70 15 10
56 130 97 97 137 105 10
134 53 50 100 60 58 10
93 124 105 56 130 97 10
47 40 51 70 49 45 10
109 106 104 117 100 95 10
105 108 117 55 100 110 10
119 6 88 61 17 86 11
66 42 118 138 31 121 11
110 81 104 65 81 115 11
13 107 69 22 111 80 11
107 118 67 73 120 56 11
101 20 98 61 17 86 12
62 69 39 50 58 45 12
41 39 7 106 47 16 12
116 108 42 129 98 34 12
68 49 141 29 56 131 12
113 134 64 82 126 55 12
91 36 24 46 46 17 12
17 90 136 36 100 129 12
12 126 115 38 129 127 12
35 15 44 84 17 56 12
20 133 11 99 121 13 12
34 57 11 31 70 15 13
51 1 122 122 13 127 13
42 90 91 128 95 79 13
115 133 19 33 130 32 13
79 125 72 53 129 85 13
88 50 62 133 55 75 13
142 28 57 47 40 51 13
67 110 26 95 123 29 13
85 102 26 6 101 13 13
74 36 135 76 29 122 14
140 122 51 64 133 41 14
74 36 135 68 49 141 14
129 98 34 16 84 37 14
10 86 1 54 101 6 15
104 10 11 102 28 17 18
1 56 97 112 75 102 19
