2 5 1 28 5 1 0
1 0 3 19 0 3 0
32 31 17 31 31 18 1
33 27 21 25 28 21 1
22 26 21 33 27 21 1
3 30 16 32 31 17 1
21 19 4 11 18 5 1
13 30 8 7 32 8 2
9 0 5 1 0 3 2
27 5 19 14 6 17 2
20 3 32 29 5 33 2
28 5 1 15 8 2 3
15 8 2 23 11 0 3
20 3 32 17 2 29 3
6 20 31 30 17 30 3
26 12 21 10 9 22 3
25 28 21 31 31 18 4
11 18 5 4 22 7 4
12 18 26 30 17 30 4
10 9 22 24 7 27 5
27 5 19 10 9 22 5
17 2 29 24 7 27 5
28 5 1 19 0 3 5
5 2 24 17 2 29 5
30 17 30 16 13 27 5
16 13 27 24 7 27 6
8 27 31 6 20 31 7
11 18 5 18 12 10 7
0 21 14 4 22 7 7
3 30 16 7 32 8 8
23 11 0 21 19 4 8
4 22 7 13 30 8 8
12 18 26 22 26 21 9
