130 103 6 25 103 6 0
19 112 64 96 113 63 1
38 58 122 47 59 120 2
68 26 69 117 28 71 2
60 92 13 7 94 11 2
28 32 56 104 30 58 2
71 58 135 72 57 137 2
122 140 4 63 140 2 2
82 52 31 118 50 32 2
10 142 78 17 140 77 2
15 145 67 73 143 67 2
18 130 106 138 128 108 2
88 59 124 38 58 122 2
72 57 137 48 59 140 3
119 117 90 129 120 90 3
26 128 134 133 127 137 3
50 131 15 98 134 14 3
22 133 18 50 131 15 3
142 29 25 124 26 25 3
30 54 138 72 57 137 3
143 73 12 53 74 9 3
37 104 41 75 100 43 4
97 18 118 70 15 115 4
101 101 107 69 105 109 4
104 30 58 59 33 61 4
95 145 102 126 148 99 4
5 105 55 44 103 51 4
83 16 61 1 20 62 4
133 127 137 79 127 141 4
80 136 0 63 140 2 4
77 92 51 23 96 51 4
0 96 99 134 97 103 4
39 19 17 139 20 13 4
106 90 99 21 92 94 5
66 133 111 138 128 108 5
86 105 36 37 104 41 5
71 58 135 144 62 132 5
121 115 7 58 113 12 5
16 131 37 102 128 32 5
76 26 54 78 30 50 5
136 52 110 33 57 112 5
38 58 122 12 53 124 5
108 90 77 112 95 76 5
76 26 54 104 30 58 5
101 101 107 134 97 103 5
29 85 101 106 90 99 5
84 49 49 115 54 48 5
100 104 0 130 103 6 6
3 138 38 42 140 32 6
127 53 61 64 57 56 6
59 33 61 36 39 60 6
89 85 54 90 82 60 6
106 90 99 0 96 99 6
13 110 70 19 112 64 6
54 71 60 27 68 54 6
140 43 55 36 39 60 6
32 121 7 121 115 7 6
105 52 70 34 45 68 7
143 73 12 125 77 18 7
56 124 14 32 121 7 7
23 96 51 44 103 51 7
89 85 54 77 92 51 7
69 105 109 55 109 103 7
113 136 144 8 137 137 7
65 74 49 27 68 54 7
79 127 141 137 128 148 7
56 124 14 50 131 15 7
51 8 70 85 2 66 7
16 131 37 3 138 38 7
4 129 74 148 123 70 7
114 66 119 47 59 120 7
20 70 67 54 71 60 7
146 131 85 128 132 92 7
23 96 51 75 100 43 8
140 43 55 84 49 49 8
144 62 132 88 59 124 8
47 59 120 33 57 112 8
67 96 129 61 99 137 8
145 131 45 16 131 37 8
141 51 102 136 52 110 8
137 128 148 113 136 144 8
115 54 48 64 57 56 8
43 117 19 56 124 14 8
74 60 42 115 54 48 8
116 130 65 148 123 70 8
35 21 135 46 29 133 8
3 138 38 52 141 46 8
92 21 78 123 26 85 8
117 28 71 92 21 78 9
105 52 70 127 53 61 9
62 95 60 23 96 51 9
68 26 69 1 20 62 9
107 54 86 120 45 85 9
103 120 41 91 115 33 9
1 20 62 76 26 54 10
73 143 67 17 140 77 10
94 72 133 57 81 128 10
144 62 132 94 72 133 10
103 120 41 147 120 51 10
135 125 124 9 116 118 10
91 115 33 86 105 36 10
26 128 134 135 125 124 10
7 94 11 130 103 6 10
124 26 25 39 19 17 10
8 137 137 87 143 129 10
95 145 102 111 145 113 11
96 113 63 5 105 55 11
122 140 4 98 134 14 11
110 62 4 131 52 10 11
130 103 6 58 113 12 11
145 131 45 103 120 41 11
93 83 87 21 92 94 11
27 68 54 64 57 56 11
2 12 5 139 20 13 11
54 71 60 90 82 60 11
40 73 144 94 72 133 11
146 131 85 4 129 74 11
4 129 74 17 140 77 11
109 3 113 70 15 115 12
61 99 137 24 111 135 12
29 85 101 81 87 113 12
96 113 63 148 123 70 12
51 8 70 83 16 61 12
93 83 87 108 90 77 12
111 145 113 66 133 111 12
129 120 90 146 131 85 12
132 8 126 97 18 118 12
41 105 85 112 95 76 13
99 9 84 92 21 78 13
110 62 4 143 73 12 13
11 71 35 74 60 42 13
74 60 42 82 52 31 13
31 12 29 39 19 17 13
14 38 15 142 29 25 13
45 42 143 30 54 138 13
41 105 85 119 117 90 13
69 105 109 9 116 118 14
128 132 92 18 130 106 14
131 52 10 14 38 15 14
102 128 32 22 133 18 14
57 81 128 67 96 129 15
125 77 18 60 92 13 15
35 21 135 132 8 126 15
81 87 113 57 81 128 16
141 51 102 107 54 86 16
45 42 143 46 29 133 16
83 16 61 49 5 48 17
35 21 135 6 4 147 20
