10 103 72 118 103 72 0
111 27 99 85 27 99 0
18 78 115 119 77 114 1
80 57 68 5 58 68 1
48 56 68 80 57 68 1
47 77 107 30 75 108 2
126 20 45 131 18 44 2
94 74 124 66 74 122 2
108 95 73 42 94 71 2
134 46 106 19 45 108 2
109 126 39 137 124 40 2
62 37 114 58 38 117 3
77 107 76 64 106 79 3
115 87 8 113 88 12 4
125 90 55 129 86 54 4
124 133 69 61 136 66 4
131 18 44 63 14 42 4
55 88 100 41 92 98 4
5 58 68 135 62 68 4
35 2 90 11 5 87 4
106 14 32 100 15 28 4
6 72 88 37 75 93 5
72 134 48 52 129 48 5
25 117 63 81 112 61 5
64 106 79 60 111 80 5
89 112 104 87 107 104 5
25 117 63 46 121 59 5
128 96 51 51 101 51 5
39 58 59 0 53 57 5
47 77 107 122 82 104 5
77 107 76 10 103 72 5
37 75 93 117 80 93 5
134 46 106 79 43 102 5
39 58 59 97 63 62 5
57 0 66 43 5 63 5
76 109 34 21 105 38 5
123 5 111 29 10 109 5
32 53 136 7 49 133 5
22 1 102 33 3 97 5
31 90 80 53 87 85 5
28 114 37 76 109 34 5
86 58 96 88 56 91 5
44 136 126 45 130 128 6
40 114 30 76 109 34 6
36 107 6 74 103 1 6
135 62 68 97 63 62 6
92 10 125 103 4 122 6
55 88 100 95 92 105 6
91 104 115 83 110 118 6
73 83 110 122 82 104 6
133 113 11 90 119 13 6
26 78 70 27 78 76 6
65 41 51 110 47 50 6
72 134 48 17 133 42 6
119 77 114 30 75 108 6
46 121 59 107 120 53 6
102 130 3 112 123 1 7
17 133 42 109 126 39 7
38 67 122 66 74 122 7
55 88 100 122 82 104 7
39 58 59 105 59 52 7
33 3 97 35 2 90 7
78 126 68 124 133 69 7
132 80 49 129 86 54 7
24 51 113 19 45 108 7
125 90 55 128 96 51 7
98 59 45 105 59 52 7
29 10 109 54 11 102 7
133 113 11 36 107 6 7
125 90 55 93 93 62 7
120 65 80 49 59 76 7
127 42 83 71 34 84 8
29 10 109 75 12 117 8
108 95 73 31 90 80 8
66 74 122 18 78 115 8
86 58 96 13 65 100 8
45 130 128 67 123 132 8
118 103 72 108 95 73 8
135 62 68 49 59 76 8
65 41 51 59 42 59 8
83 110 118 70 116 124 8
43 5 63 23 3 55 8
96 129 11 102 130 3 8
75 12 117 92 10 125 8
78 126 68 114 128 77 9
9 133 57 61 136 66 9
7 49 133 3 40 136 9
9 133 57 72 134 48 9
93 93 62 42 94 71 9
89 112 104 101 114 95 9
33 3 97 54 11 102 9
0 53 57 110 47 50 9
70 116 124 50 113 133 9
84 31 13 2 35 22 9
69 20 122 75 12 117 9
3 40 136 4 37 127 9
130 127 110 136 133 101 10
106 14 32 63 14 42 10
67 123 132 50 113 133 10
99 55 35 98 59 45 10
96 129 11 90 119 13 10
82 75 20 15 67 13 10
20 18 18 100 15 28 10
21 105 38 34 98 30 10
55 88 100 117 80 93 10
52 129 48 107 120 53 10
58 38 117 4 37 127 10
117 80 93 53 87 85 10
28 114 37 137 124 40 10
62 37 114 19 45 108 10
120 65 80 6 72 88 10
91 104 115 87 107 104 11
56 125 88 114 128 77 11
32 53 136 104 64 134 11
34 98 30 116 98 19 11
37 75 93 13 65 100 12
113 88 12 116 98 19 12
27 78 76 31 90 80 12
17 133 42 121 137 30 12
38 67 122 104 64 134 12
101 114 95 56 125 88 13
14 45 13 2 35 22 13
106 14 32 8 1 30 13
20 18 18 84 31 13 13
51 101 51 21 105 38 13
132 80 49 16 77 35 14
68 0 136 92 10 125 14
82 75 20 113 88 12 15
56 125 88 136 133 101 15
36 107 6 116 98 19 15
79 43 102 85 27 99 16
111 27 99 71 34 84 16
54 11 102 85 27 99 16
71 34 84 12 23 72 16
8 1 30 1 1 13 17
23 3 55 63 14 42 17
12 23 72 43 5 63 20
