100 154 107 107 154 107 0
77 38 137 82 39 136 1
73 141 72 123 140 73 1
74 139 17 150 140 17 1
60 80 101 68 81 100 1
111 135 60 136 135 59 1
26 68 37 124 70 38 2
136 135 59 76 135 57 2
82 39 136 121 40 134 2
55 30 157 49 32 158 2
85 134 89 9 135 91 2
23 144 43 84 142 41 2
140 27 129 110 28 131 2
102 144 39 84 142 41 2
20 30 93 1 32 93 2
18 6 97 156 8 97 2
28 100 57 0 98 58 2
104 90 151 19 92 153 2
73 141 72 61 139 69 3
84 142 41 65 139 41 3
92 31 9 99 29 6 3
152 13 5 117 10 5 3
72 144 36 102 144 39 3
127 37 115 88 34 117 3
157 73 133 130 76 133 3
17 88 124 67 89 127 3
127 37 115 95 35 112 3
1 32 93 148 35 94 3
11 120 150 32 117 149 3
110 28 131 105 32 132 4
94 46 85 22 45 81 4
6 47 15 4 44 18 4
7 49 79 22 45 81 4
14 16 98 90 21 98 5
47 40 109 95 35 112 5
72 144 36 59 142 31 5
81 113 130 50 108 130 5
149 63 19 16 65 24 5
6 47 15 75 42 12 5
76 135 57 135 130 54 5
73 141 72 118 144 77 5
53 4 136 40 1 131 5
42 79 29 8 84 27 5
108 9 54 137 4 57 5
106 134 66 61 139 69 5
7 49 79 151 54 80 5
57 90 117 66 95 114 5
122 148 82 118 144 77 6
150 140 17 154 138 23 6
56 157 3 115 154 9 6
6 47 15 80 52 19 6
63 35 143 77 38 137 6
129 87 133 67 89 127 6
108 9 54 44 15 52 6
140 27 129 5 23 124 6
111 135 60 106 134 66 6
25 99 138 145 103 143 6
1 32 93 2 32 87 6
30 32 81 2 32 87 6
79 136 33 59 142 31 6
53 4 136 131 1 142 6
33 4 34 10 4 41 7
15 89 82 45 82 84 7
132 27 114 88 34 117 7
37 31 106 95 35 112 7
159 37 124 88 34 117 7
77 38 137 105 32 132 7
17 88 124 57 90 117 7
52 76 73 133 73 66 7
153 97 79 15 89 82 8
29 60 38 26 68 37 8
9 135 91 138 143 89 8
92 31 9 155 33 17 8
138 143 89 122 148 82 8
156 8 97 14 16 98 8
72 144 36 69 151 31 8
113 82 151 93 74 147 8
154 138 23 59 142 31 8
120 30 45 34 38 49 8
143 113 41 58 113 33 8
36 8 152 158 0 153 8
113 82 151 104 90 151 8
139 62 78 151 54 80 8
83 54 112 98 46 116 8
127 37 115 98 46 116 9
117 10 5 21 1 3 9
146 87 53 39 94 46 9
101 8 125 40 1 131 9
83 54 112 134 61 105 9
3 103 119 66 95 114 9
94 46 85 91 48 94 9
128 154 98 107 154 107 9
159 37 124 105 32 132 9
69 151 31 103 159 26 9
75 42 12 155 33 17 10
22 45 81 64 38 73 10
120 30 45 41 30 55 10
64 38 73 30 32 81 10
48 54 5 87 64 4 10
12 120 56 135 130 54 10
96 17 158 36 8 152 10
46 48 126 98 46 116 10
54 17 147 36 8 152 10
90 21 98 20 30 93 10
71 126 159 11 120 150 10
129 87 133 130 76 133 11
125 12 75 38 20 67 11
149 63 19 80 52 19 11
158 0 153 131 1 142 11
117 10 5 43 8 16 11
141 57 158 27 46 159 11
70 134 102 9 135 91 11
126 138 114 51 141 125 11
106 134 66 116 123 70 11
48 54 5 6 47 15 12
52 76 73 45 82 84 12
126 138 114 70 134 102 12
157 73 133 62 61 134 12
8 84 27 119 96 26 12
19 92 153 147 103 158 12
25 99 138 50 108 130 12
50 108 130 3 103 119 12
142 61 93 134 61 105 12
42 79 29 124 70 38 12
37 31 106 90 21 98 12
0 98 58 39 94 46 12
97 68 122 157 73 133 12
86 51 142 62 61 134 12
108 9 54 10 4 41 13
16 65 24 26 68 37 13
86 51 142 77 38 137 13
73 141 72 112 154 67 13
55 30 157 96 17 158 13
31 61 59 133 73 66 13
35 3 111 156 8 97 14
27 46 159 49 32 158 14
13 36 31 155 33 17 14
19 92 153 145 103 143 14
52 76 73 139 62 78 14
128 154 98 138 143 89 14
35 3 111 101 8 125 14
89 124 20 154 138 23 14
38 20 67 41 30 55 15
44 15 52 38 20 67 15
13 36 31 120 30 45 15
32 117 149 145 103 143 15
135 130 54 65 139 41 15
33 4 34 24 19 32 15
45 82 84 68 81 100 16
12 120 56 143 113 41 16
115 154 9 150 140 17 16
109 80 3 87 64 4 16
152 13 5 99 29 6 16
119 96 26 58 113 33 18
64 38 73 38 20 67 18
146 87 53 133 73 66 19
78 158 140 144 157 159 19
78 158 140 51 141 125 22
114 105 0 109 80 3 25
