102 97 31 87 97 31 0
85 105 83 56 105 83 0
5 37 61 70 38 60 1
6 108 15 88 108 16 1
59 25 64 7 26 65 1
12 37 56 107 39 55 2
81 104 75 13 106 75 2
3 0 50 104 2 51 2
53 104 73 81 104 75 2
61 24 78 4 26 79 2
45 92 39 28 90 39 2
29 35 94 63 32 95 3
19 26 52 43 27 55 3
94 98 107 16 101 109 3
58 81 55 108 82 52 3
14 13 93 92 16 95 3
60 9 102 22 10 98 4
31 68 89 30 72 91 4
99 22 56 74 20 60 4
65 74 25 35 78 25 4
93 37 16 57 35 20 4
12 37 56 70 38 60 4
90 5 46 104 2 51 5
20 95 60 55 100 60 5
49 32 58 5 37 61 5
20 95 60 33 90 60 5
69 44 61 41 49 64 5
19 26 52 99 22 56 5
46 42 51 107 39 55 5
76 10 16 23 6 20 5
106 74 67 78 79 66 5
67 73 101 89 76 106 5
49 32 58 43 27 55 5
20 95 60 44 96 65 5
98 85 83 100 90 81 5
17 103 12 6 108 15 5
106 74 67 9 70 70 5
105 109 44 71 105 48 5
22 10 98 14 13 93 5
71 105 48 10 100 48 5
82 55 16 32 58 11 5
95 36 48 46 42 51 6
74 20 60 59 25 64 6
29 35 94 86 41 96 6
84 104 1 2 98 2 6
51 0 39 0 6 40 6
22 10 98 91 4 97 6
95 36 48 15 33 42 6
91 4 97 48 4 91 6
69 44 61 70 38 60 6
0 6 40 90 5 46 6
44 96 65 103 90 67 6
8 26 86 4 26 79 7
25 85 33 28 90 39 7
78 79 66 40 78 73 7
109 41 34 50 42 41 7
75 48 98 86 41 96 7
18 66 99 73 61 93 7
67 73 101 18 66 99 7
72 70 9 34 72 2 7
39 74 58 58 81 55 7
54 83 109 89 76 106 7
93 37 16 83 44 18 7
24 26 28 101 24 21 7
81 104 75 56 105 83 8
77 35 77 26 39 84 8
102 97 31 21 105 29 8
73 61 93 31 68 89 8
47 82 41 25 85 33 8
97 38 104 86 41 96 8
11 57 3 32 58 11 8
77 35 77 42 42 73 8
75 48 98 37 55 103 8
68 47 82 26 39 84 8
17 103 12 36 95 16 8
27 19 13 101 24 21 9
77 35 77 4 26 79 9
95 36 48 50 42 41 9
106 74 67 39 74 58 9
45 92 39 102 97 31 9
76 10 16 27 19 13 9
54 83 109 96 88 101 9
55 100 60 64 109 59 9
9 70 70 79 62 65 9
47 82 41 66 73 39 9
76 10 16 62 9 7 9
38 16 36 0 6 40 10
52 12 66 74 20 60 10
35 78 25 25 85 33 10
8 26 86 63 32 95 10
33 90 60 58 81 55 10
80 55 74 41 49 64 11
94 98 107 96 88 101 11
84 104 1 17 103 12 11
73 61 93 37 55 103 11
53 104 73 44 96 65 11
64 109 59 71 105 48 11
47 82 41 108 82 52 11
82 55 16 83 44 18 11
80 55 74 79 62 65 11
68 47 82 80 55 74 11
101 24 21 57 35 20 11
48 4 91 1 10 81 11
38 16 36 24 26 28 12
32 58 11 72 70 9 12
98 85 83 40 78 73 12
92 16 95 8 26 86 13
88 108 16 21 105 29 13
24 26 28 15 33 42 15
