105 89 80 68 89 81 1
10 17 93 85 16 93 1
116 11 106 127 10 107 1
37 122 62 73 124 60 2
39 14 92 85 16 93 2
110 117 5 67 119 5 2
106 19 95 10 17 93 2
93 20 4 34 19 6 2
32 34 62 47 35 60 2
34 19 6 131 17 7 2
61 22 98 87 24 99 2
19 34 58 47 35 60 2
94 5 4 128 3 1 3
58 95 125 14 92 125 3
54 54 6 108 55 3 3
46 37 63 32 34 62 3
111 2 90 18 5 88 3
72 98 127 58 95 125 3
29 26 49 91 26 52 3
120 37 87 124 34 88 3
61 22 98 106 19 95 4
55 51 40 71 50 44 4
121 107 58 15 103 56 4
70 40 119 129 36 119 4
131 17 7 118 16 3 4
17 128 84 65 124 82 4
68 89 81 90 85 79 4
96 114 2 110 117 5 4
28 108 12 80 104 11 4
30 31 55 19 34 58 4
78 8 47 25 12 50 5
11 39 92 120 37 87 5
20 91 13 8 88 18 5
104 115 12 36 119 16 5
50 25 4 93 20 4 5
38 24 90 21 25 85 5
125 57 75 59 52 73 5
67 119 5 97 124 6 5
3 69 87 103 73 90 5
30 31 55 91 26 52 5
121 107 58 100 106 63 5
45 113 19 69 118 22 5
27 47 96 13 51 100 5
75 51 116 48 47 120 5
20 91 13 49 95 8 6
45 113 19 36 119 16 6
113 49 1 108 55 3 6
75 51 116 7 45 113 6
123 74 5 122 78 0 6
83 130 9 97 124 6 6
4 24 64 56 29 68 6
115 7 82 18 5 88 6
41 53 88 76 47 87 6
44 55 16 1 51 21 6
16 33 94 11 39 92 6
98 131 15 83 130 9 6
108 55 3 23 62 4 7
112 128 91 17 128 84 7
74 130 98 112 128 91 7
100 106 63 42 113 64 7
104 115 12 28 108 12 7
48 47 120 70 40 119 7
22 68 118 43 74 122 7
106 19 95 38 24 90 7
129 36 119 6 36 112 7
110 117 5 104 115 12 7
34 19 6 130 24 12 7
32 34 62 56 29 68 7
89 114 43 33 116 50 7
114 30 79 21 25 85 7
63 85 7 20 91 13 8
26 90 72 105 89 80 8
11 39 92 27 47 96 8
0 84 107 5 90 101 8
101 98 73 26 90 72 8
43 74 122 35 82 126 8
59 52 73 64 45 68 8
109 61 87 41 53 88 8
127 10 107 126 2 106 8
3 69 87 109 61 87 8
60 104 79 101 98 73 8
99 21 21 130 24 12 9
42 113 64 37 122 62 9
80 104 11 49 95 8 9
76 47 87 11 39 92 9
18 5 88 39 14 92 9
114 30 79 124 34 88 9
63 85 7 122 78 0 9
66 49 30 1 51 21 9
1 51 21 77 43 16 9
82 65 70 125 57 75 9
9 92 112 0 84 107 9
64 45 68 46 37 63 9
81 105 97 92 99 88 10
54 54 6 44 55 16 10
55 51 40 66 49 30 10
14 92 125 35 82 126 10
40 115 94 81 105 97 10
89 114 43 117 116 33 10
60 104 79 92 99 88 10
84 9 14 131 17 7 10
12 86 38 86 96 40 10
84 9 14 94 5 4 10
117 116 33 102 126 33 10
55 51 40 2 62 43 11
1 51 21 57 62 25 11
69 118 22 117 116 33 11
114 30 79 56 29 68 11
53 125 124 52 115 130 11
73 124 60 33 116 50 12
103 73 90 88 64 99 12
23 62 4 123 74 5 12
101 98 73 100 106 63 12
99 21 21 62 14 32 13
79 54 57 71 50 44 13
116 11 106 85 16 93 13
24 73 18 123 74 5 13
9 92 112 14 92 125 13
52 115 130 95 109 118 13
112 128 91 40 115 94 13
72 98 127 95 109 118 14
7 45 113 13 51 100 14
79 54 57 64 45 68 14
91 26 52 25 12 50 14
92 99 88 5 90 101 15
119 0 60 78 8 47 15
31 3 122 51 17 128 15
107 83 57 26 90 72 16
126 2 106 31 3 122 16
62 14 32 78 8 47 16
15 103 56 86 96 40 17
