30 80 69 75 79 68 1
19 72 3 76 73 3 1
33 2 3 67 1 3 1
15 59 85 62 57 87 2
60 23 84 39 25 84 2
90 78 36 32 76 37 2
2 66 17 6 68 19 2
55 73 32 86 74 30 2
66 27 54 56 29 55 2
87 43 8 54 41 9 2
85 26 36 80 27 38 2
35 87 2 36 85 3 2
51 12 53 71 10 50 3
14 56 50 26 58 47 3
75 79 68 42 76 68 3
61 43 21 47 46 19 3
85 26 36 72 24 39 3
12 55 23 34 54 20 3
70 26 29 23 29 29 3
26 58 47 5 57 44 3
60 23 84 11 19 82 4
21 80 56 84 80 52 4
70 26 29 64 22 30 4
61 43 21 18 39 19 4
47 46 19 44 46 15 4
44 46 15 82 42 15 4
43 11 46 71 10 50 4
21 80 56 81 77 59 4
51 12 53 3 10 57 4
89 65 53 73 60 56 5
63 51 62 46 46 61 5
32 76 37 55 73 32 5
48 36 9 54 41 9 5
13 69 56 59 72 51 5
89 65 53 13 69 56 5
22 36 74 4 33 79 5
3 10 57 27 5 54 5
29 65 27 25 61 30 5
88 80 74 30 80 69 5
41 84 42 65 81 46 5
8 17 87 11 19 82 5
17 4 40 74 3 35 5
57 37 43 83 34 37 6
77 0 84 45 6 87 6
38 12 78 0 6 76 6
82 42 15 54 41 9 6
20 4 12 1 8 17 6
24 8 5 33 2 3 6
4 33 79 79 36 85 6
65 81 46 84 80 52 6
59 72 51 37 70 45 6
22 36 74 10 37 68 6
16 42 73 22 36 74 6
83 34 37 53 40 32 7
23 29 29 85 26 36 7
80 27 38 83 34 37 7
73 60 56 14 56 50 7
88 80 74 7 80 81 7
59 72 51 84 80 52 8
38 12 78 11 19 82 8
41 84 42 90 78 36 8
23 29 29 50 29 21 8
29 65 27 6 68 19 8
34 54 20 47 46 19 8
90 78 36 58 84 30 8
69 68 71 42 76 68 8
20 4 12 24 8 5 8
68 88 51 65 81 46 8
78 57 11 34 54 20 9
42 76 68 81 77 59 9
43 11 46 17 4 40 9
25 61 30 12 55 23 9
49 49 33 53 40 32 9
55 73 32 29 65 27 9
39 25 84 4 33 79 9
28 79 13 31 86 20 9
18 39 19 50 29 21 10
63 51 62 73 60 56 10
52 57 1 78 57 11 10
31 86 20 58 84 30 10
38 12 78 45 6 87 10
69 68 71 40 58 73 10
28 79 13 76 73 3 11
10 37 68 46 46 61 11
36 85 3 28 79 13 11
3 10 57 9 16 67 11
9 16 67 38 12 78 11
15 59 85 40 58 73 12
66 27 54 57 37 43 14
1 8 17 74 3 35 18
