35 32 76 41 32 76 0
47 21 86 19 21 86 0
86 41 40 18 40 41 1
26 18 22 50 18 21 1
50 18 21 44 16 23 2
45 68 53 11 66 51 2
65 46 69 21 44 67 2
22 10 20 62 12 21 2
55 45 22 74 47 23 2
22 10 20 64 8 22 2
6 28 78 56 30 79 2
66 41 20 2 43 18 2
68 42 69 21 44 67 2
22 10 20 79 11 17 3
51 54 9 53 56 12 3
76 1 60 27 0 57 3
3 21 16 60 20 13 3
35 32 76 56 30 79 3
4 23 9 71 20 8 3
82 34 54 14 38 54 4
70 30 20 40 28 16 4
44 16 23 62 12 21 4
69 47 50 7 51 48 4
0 12 2 72 8 2 4
25 37 38 18 40 41 4
38 67 36 12 63 38 4
25 37 38 80 41 36 4
48 29 83 56 30 79 4
43 43 51 69 47 50 4
55 45 22 2 43 18 4
79 11 17 10 15 15 4
67 37 71 68 42 69 5
17 52 23 74 47 23 5
35 32 76 75 37 79 5
40 28 16 83 33 13 5
60 20 13 4 23 9 5
10 15 15 60 20 13 5
43 43 51 14 38 54 5
82 34 54 1 31 49 5
66 41 20 20 36 19 5
30 79 81 9 73 80 6
70 30 20 20 36 19 6
69 47 50 32 48 56 6
16 42 28 55 45 22 6
77 29 68 52 23 71 6
65 46 69 42 51 65 6
2 43 18 84 44 12 6
34 61 84 33 56 80 6
31 11 10 10 15 15 6
9 73 80 81 68 76 6
41 32 76 67 37 71 7
85 31 61 77 29 68 7
78 24 47 1 31 49 7
40 28 16 3 21 16 7
59 6 42 63 5 49 7
70 30 20 23 25 26 7
15 34 26 70 30 20 7
13 44 76 75 37 79 7
61 80 16 39 83 23 7
82 34 54 85 31 61 7
77 29 68 41 32 76 8
77 29 68 37 23 62 8
80 41 36 16 42 28 8
24 13 82 19 21 86 8
48 29 83 47 21 86 8
31 11 10 0 12 2 8
64 8 22 28 7 30 8
5 72 20 61 80 16 8
63 5 49 27 0 57 9
73 54 34 12 63 38 9
84 44 12 46 45 3 9
84 44 12 51 54 9 10
81 68 76 34 61 84 10
54 61 65 42 51 65 10
18 40 41 43 43 51 10
5 72 20 36 70 10 10
38 67 36 49 77 42 11
8 85 50 49 77 42 11
17 52 23 73 54 34 11
24 13 82 58 2 78 11
57 77 61 45 68 53 12
33 56 80 13 44 76 12
57 77 61 29 86 70 12
28 7 30 59 6 42 12
54 61 65 45 68 53 13
53 56 12 36 70 10 14
