28 55 58 90 56 58 1
66 124 116 110 123 115 1
69 118 66 2 119 66 1
109 119 92 114 120 94 2
50 112 71 119 114 73 2
39 104 84 91 104 82 2
58 76 85 14 76 83 2
23 108 37 31 109 35 2
4 70 83 108 69 85 2
4 70 83 79 72 85 2
12 109 20 70 108 18 2
95 66 30 65 66 32 2
39 104 84 49 105 87 3
87 106 26 75 109 27 3
13 0 116 57 2 119 3
124 86 120 19 83 122 3
35 44 21 100 46 18 3
73 2 66 123 3 69 3
80 84 90 92 83 86 4
42 20 107 20 24 109 4
14 76 83 79 72 85 4
85 20 28 34 18 24 4
46 50 113 76 50 117 4
54 65 96 74 68 99 4
48 95 13 112 99 13 4
8 101 87 39 104 84 4
57 2 119 45 3 123 4
43 87 70 102 87 65 5
104 64 103 74 68 99 5
43 87 70 9 82 67 5
73 2 66 5 7 63 5
24 62 36 97 57 37 5
24 62 36 65 66 32 5
33 93 52 78 88 54 5
107 66 90 108 69 85 5
34 18 24 38 13 27 5
120 20 56 52 24 53 5
14 76 83 36 80 79 5
98 51 36 40 48 32 5
7 0 111 13 0 116 5
70 108 18 15 113 15 5
21 18 112 42 20 107 5
33 93 52 41 90 48 5
77 112 95 51 111 101 6
40 48 32 63 49 26 6
81 68 23 62 67 17 6
29 86 39 122 83 45 6
56 98 48 53 104 51 6
54 65 96 107 66 90 6
87 106 26 12 109 20 6
16 103 57 53 104 51 6
0 22 19 34 18 24 6
61 86 96 80 84 90 6
10 105 100 88 99 102 6
97 57 37 98 51 36 6
10 105 100 51 111 101 6
33 93 52 56 98 48 6
89 79 51 25 73 50 6
41 90 48 122 83 45 7
90 56 58 32 55 65 7
112 99 13 113 104 8 7
122 83 45 89 79 51 7
72 26 102 20 24 109 7
86 30 91 44 32 84 7
95 66 30 81 68 23 7
63 49 26 35 44 21 7
36 80 79 92 83 86 7
17 99 24 87 106 26 7
77 112 95 109 119 92 7
50 112 71 69 118 66 7
117 28 115 20 24 109 7
11 58 98 104 64 103 7
111 92 124 124 86 120 7
116 34 70 82 41 69 7
3 38 15 67 39 8 7
21 18 112 59 21 120 8
31 109 35 75 109 27 8
68 22 93 93 15 88 8
80 84 90 47 78 96 8
3 38 15 100 46 18 8
68 22 93 99 15 97 8
104 64 103 1 66 111 8
83 91 32 29 86 39 8
103 121 26 101 119 34 8
68 22 93 86 30 91 8
105 25 67 116 34 70 9
18 63 120 1 66 111 9
68 22 93 72 26 102 9
108 69 85 94 61 80 9
30 116 53 84 121 45 9
55 121 103 114 120 94 9
47 78 96 6 80 105 9
82 41 69 96 50 75 10
123 3 69 118 3 79 10
37 76 29 65 66 32 10
60 34 25 3 38 15 10
52 24 53 22 34 56 10
113 104 8 70 108 18 10
77 112 95 49 105 87 10
101 119 34 31 109 35 10
32 55 65 121 65 68 10
17 99 24 83 91 32 11
32 55 65 96 50 75 11
78 88 54 102 87 65 11
118 3 79 106 0 90 11
43 87 70 36 80 79 11
123 3 69 115 13 74 11
71 18 39 85 20 28 11
84 121 45 101 119 34 11
98 51 36 27 47 47 11
120 20 56 105 25 67 12
96 50 75 94 61 80 12
55 121 103 110 123 115 12
27 47 47 28 55 58 13
30 116 53 69 118 66 13
119 114 73 91 104 82 13
115 13 74 105 25 67 13
67 39 8 64 26 4 13
46 50 113 26 42 102 13
60 34 25 0 22 19 13
18 63 120 76 50 117 13
44 32 84 116 34 70 14
6 80 105 124 86 120 16
57 2 119 21 18 112 17
