138 22 31 99 22 30 1
44 30 61 126 29 62 1
63 74 91 137 73 92 1
138 22 31 43 24 33 2
80 48 103 26 46 101 2
25 22 9 123 23 7 2
53 134 117 27 136 119 2
78 57 49 128 56 51 2
69 74 47 89 72 49 2
27 136 119 90 137 121 2
14 124 54 85 123 56 2
132 82 124 120 82 127 3
4 108 101 20 106 104 3
57 119 85 7 117 82 3
13 25 42 47 22 43 3
115 113 68 9 116 70 3
134 79 54 64 77 51 3
87 133 102 17 136 99 4
58 44 79 16 40 81 4
61 74 81 38 72 85 4
92 33 72 54 34 68 4
86 131 7 122 127 8 4
88 8 112 56 9 108 4
62 134 95 17 136 99 4
2 139 96 17 136 99 4
96 102 104 20 106 104 4
21 29 45 13 25 42 5
117 63 77 136 59 74 5
89 72 49 100 70 44 5
28 97 106 0 95 101 5
96 102 104 28 97 106 5
95 107 15 50 104 19 5
51 45 107 80 48 103 5
29 115 31 11 117 26 5
35 89 71 36 84 68 5
139 113 122 79 115 117 5
75 45 129 71 40 132 5
30 115 75 9 116 70 5
66 58 89 98 57 94 5
69 74 47 64 77 51 5
62 134 95 105 134 90 5
128 56 51 52 59 55 5
31 58 28 19 53 26 5
127 83 12 41 79 7 6
89 72 49 65 69 55 6
73 16 99 46 10 98 6
72 24 49 47 22 43 6
82 39 1 84 41 7 6
135 81 109 94 79 115 6
3 55 60 52 59 55 6
91 102 98 96 102 104 6
128 56 51 33 50 52 6
106 134 111 53 134 117 6
63 74 91 38 72 85 6
22 55 83 66 58 89 6
59 133 18 60 133 24 6
136 59 74 1 57 68 6
109 44 32 131 39 36 6
102 57 110 130 53 116 7
111 9 57 97 16 55 7
129 91 89 8 98 88 7
81 120 125 139 113 122 7
11 117 26 104 124 26 7
37 67 131 12 74 134 7
101 8 76 107 15 77 7
126 29 62 54 34 68 7
48 122 44 118 129 47 7
71 40 132 40 43 139 7
7 117 82 30 115 75 7
84 41 7 125 35 11 7
48 122 44 77 117 50 7
23 83 60 134 79 54 7
125 35 11 116 38 18 7
113 5 90 119 1 82 8
74 128 63 85 123 56 8
15 24 118 67 24 110 8
14 124 54 118 129 47 8
70 32 122 15 24 118 8
36 84 68 23 83 60 8
15 24 118 83 16 115 8
76 0 51 45 1 59 8
1 57 68 3 55 60 8
45 1 59 111 9 57 8
88 8 112 93 6 120 8
112 100 138 24 107 134 8
77 117 50 34 113 57 8
83 16 115 88 8 112 8
106 134 111 87 133 102 9
74 128 63 18 135 56 9
104 124 26 60 133 24 9
126 29 62 5 22 68 9
47 22 43 121 14 38 9
46 10 98 113 5 90 9
43 24 33 13 25 42 9
22 55 83 136 59 74 9
119 1 82 101 8 76 9
55 55 125 130 53 116 9
33 50 52 133 41 49 9
133 41 49 114 41 58 9
94 79 115 132 82 124 9
52 59 55 65 69 55 10
110 69 34 39 76 26 10
127 83 12 6 89 20 10
75 45 129 55 55 125 10
100 70 44 110 69 34 10
8 98 88 91 102 98 10
67 24 110 10 34 108 10
120 82 127 12 74 134 10
124 17 126 15 24 118 10
95 107 15 42 99 8 10
46 10 98 56 9 108 10
72 24 49 97 16 55 10
19 53 26 109 44 32 10
58 44 79 22 55 83 11
122 127 8 59 133 18 11
138 22 31 68 12 25 11
51 45 107 10 34 108 11
35 89 71 103 100 70 11
107 15 77 5 22 68 11
16 40 81 92 33 72 11
61 74 81 117 63 77 11
49 52 10 84 41 7 11
115 113 68 34 113 57 11
80 48 103 102 57 110 11
123 23 7 125 35 11 12
73 16 99 108 25 90 12
31 58 28 110 69 34 12
21 29 45 133 41 49 12
103 100 70 115 113 68 13
32 67 1 41 79 7 13
24 107 134 139 113 122 13
55 55 125 37 67 131 13
48 122 44 29 115 31 14
39 76 26 6 89 20 14
50 104 19 11 117 26 14
57 119 85 105 134 90 15
109 44 32 116 38 18 15
79 115 117 20 106 104 15
0 95 101 135 81 109 16
