30 92 42 22 92 42 0
78 85 120 110 85 120 0
26 20 78 120 21 78 1
80 88 97 74 88 98 1
129 106 66 44 107 65 1
118 9 32 7 9 31 1
13 123 43 25 123 44 1
86 10 58 17 9 59 1
115 54 112 50 54 111 1
75 98 127 109 97 125 2
98 76 16 9 76 18 2
83 104 103 106 102 101 2
75 98 127 107 97 129 2
29 43 10 92 44 8 2
105 61 79 73 62 77 2
132 98 122 63 100 121 2
74 88 98 6 89 100 2
132 98 122 91 97 120 2
47 84 0 53 84 2 2
78 85 120 89 82 120 3
107 97 129 84 97 132 3
127 77 55 134 79 58 3
41 82 56 134 79 58 3
102 107 19 24 105 22 3
58 21 81 8 18 83 3
58 21 81 26 20 78 3
132 98 122 109 97 125 3
20 13 127 114 17 129 4
45 119 41 13 123 43 4
131 68 21 111 68 25 4
14 25 80 58 21 81 4
125 104 119 63 100 121 4
121 127 72 72 131 73 4
19 26 115 104 27 111 4
73 62 77 122 62 73 4
96 51 102 123 47 106 5
93 55 76 28 54 71 5
46 103 126 75 98 127 5
42 72 41 56 77 40 5
21 118 124 57 116 129 5
92 44 8 5 40 5 5
15 72 112 37 74 107 5
28 54 71 35 50 75 5
8 18 83 130 23 86 5
128 19 90 130 23 86 5
76 107 8 113 112 6 5
87 30 75 34 33 80 5
48 12 103 97 15 107 5
19 26 115 71 30 119 5
101 61 42 67 59 37 5
124 82 62 134 79 58 5
54 99 46 70 94 48 5
12 78 48 61 83 44 6
49 112 0 113 112 6 6
124 82 62 116 88 63 6
70 94 48 22 92 42 6
126 12 83 8 18 83 6
81 110 46 32 106 51 6
57 116 129 108 121 133 6
7 9 31 39 15 31 6
105 61 79 93 55 76 6
36 52 61 119 58 58 6
104 27 111 11 27 105 6
23 14 52 86 10 58 7
100 81 10 98 76 16 7
14 25 80 87 30 75 7
61 83 44 56 77 40 7
49 112 0 33 105 1 7
18 73 31 111 68 25 7
106 102 101 79 98 95 7
12 78 48 127 77 55 7
80 88 97 69 81 97 7
69 81 97 64 84 90 7
10 12 15 133 19 19 8
67 59 37 52 53 31 8
90 6 50 86 10 58 8
115 54 112 62 62 115 8
54 99 46 32 106 51 8
71 30 119 2 34 127 8
43 98 67 129 106 66 8
40 124 105 82 120 112 8
59 21 37 39 15 31 8
121 127 72 4 126 64 8
53 84 2 100 81 10 8
123 47 106 50 54 111 8
9 76 18 131 68 21 8
22 92 42 61 83 44 9
38 104 88 79 98 95 9
95 26 45 59 21 37 9
24 105 22 27 98 29 9
56 77 40 18 73 31 9
40 124 105 1 131 99 9
117 20 60 86 10 58 10
68 3 125 20 13 127 10
72 131 73 99 126 82 10
0 28 11 60 32 21 10
6 89 100 79 98 95 10
36 52 61 28 54 71 10
92 44 8 112 51 16 10
15 72 112 62 62 115 10
55 59 125 62 62 115 10
4 126 64 103 129 54 10
81 110 46 45 119 41 10
43 98 67 116 88 63 10
117 20 60 3 31 60 11
76 107 8 102 107 19 11
38 104 88 88 103 77 11
38 104 88 66 113 95 11
77 70 129 55 59 125 11
18 73 31 16 84 31 11
25 123 44 103 129 54 11
129 106 66 88 103 77 11
42 72 41 101 61 42 11
10 12 15 94 10 4 11
31 46 130 2 34 127 12
91 97 120 110 85 120 12
39 15 31 133 19 19 12
96 51 102 85 46 91 12
89 82 120 15 72 112 12
0 28 11 133 19 19 12
37 74 107 69 81 97 12
97 15 107 11 27 105 12
21 118 124 82 120 112 12
126 12 83 65 0 83 12
95 26 45 23 14 52 13
46 103 126 57 116 129 13
31 46 130 55 59 125 13
5 40 5 0 28 11 13
22 92 42 27 98 29 14
128 19 90 48 12 103 14
51 42 40 52 53 31 14
52 53 31 112 51 16 15
101 61 42 119 58 58 16
114 17 129 71 30 119 16
