16 88 57 1 88 57 0
45 91 64 3 90 65 1
82 9 4 14 8 4 1
24 70 1 38 71 2 1
39 1 67 91 2 69 2
2 71 10 76 73 12 2
22 90 31 28 92 31 2
55 63 74 27 63 76 2
66 79 81 5 77 81 2
79 15 61 57 17 60 2
6 78 83 5 77 81 2
7 47 83 81 46 80 3
12 80 48 10 79 51 3
64 74 1 38 71 2 3
20 68 5 24 70 1 4
16 88 57 48 84 56 4
48 84 56 89 80 58 4
77 67 87 35 71 86 4
54 50 79 81 46 80 4
30 52 55 85 48 54 4
31 16 52 17 20 50 4
46 17 22 63 13 22 4
88 76 60 89 80 58 4
22 90 31 0 87 36 5
10 79 51 47 75 48 5
30 52 55 53 49 59 5
80 66 11 2 71 10 5
52 38 66 4 35 61 5
58 76 88 35 71 86 5
73 49 73 9 49 68 5
74 60 3 69 59 8 5
58 76 88 6 78 83 5
2 71 10 20 68 5 5
83 91 40 90 92 45 5
69 59 8 67 54 7 5
11 80 64 88 76 60 5
0 87 36 83 91 40 5
12 80 48 50 79 42 6
15 31 22 34 37 24 6
73 49 73 54 50 79 6
42 70 21 72 68 27 6
5 77 81 68 71 78 6
33 42 4 60 48 2 6
51 58 55 30 52 55 6
70 67 33 72 68 27 6
4 35 61 59 36 55 6
10 79 51 48 84 56 7
66 79 81 56 82 74 7
16 88 57 45 91 64 7
79 15 61 36 16 68 7
8 25 77 78 20 82 7
22 90 31 62 83 29 7
80 66 11 69 59 8 7
67 54 7 60 48 2 7
63 13 22 25 6 21 7
86 37 10 33 42 4 7
55 63 74 29 65 67 7
65 24 7 21 26 14 7
37 35 74 52 38 66 8
55 63 74 68 71 78 8
34 37 24 40 42 31 8
41 67 50 47 75 48 8
51 58 55 87 55 47 8
92 59 40 87 55 47 8
18 59 22 75 51 18 8
31 16 52 57 17 60 8
49 12 86 78 20 82 8
32 36 42 13 45 42 9
9 49 68 53 49 59 9
17 20 50 84 18 41 9
25 6 21 71 1 29 9
21 26 14 15 31 22 9
44 51 31 40 42 31 9
76 73 12 42 70 21 9
71 1 29 43 7 38 10
72 68 27 18 59 22 10
78 20 82 19 28 88 10
8 25 77 37 35 74 10
56 82 74 11 80 64 10
0 87 36 50 79 42 10
92 59 40 70 67 33 10
41 67 50 51 58 55 10
43 7 38 26 1 48 11
13 45 42 40 42 31 11
49 12 86 23 1 87 11
87 55 47 13 45 42 11
84 18 41 43 7 38 11
9 49 68 52 38 66 11
46 17 22 21 26 14 12
64 74 1 61 87 5 13
36 16 68 91 2 69 14
65 24 7 82 9 4 15
