35 33 18 32 34 17 1
56 0 19 11 1 19 1
37 46 35 60 48 37 2
29 50 33 61 52 33 2
14 3 17 11 1 19 2
46 5 15 14 3 17 2
58 34 22 5 35 24 2
14 3 17 18 2 15 2
29 50 33 44 52 35 2
53 9 17 63 10 14 3
1 59 34 28 56 34 3
13 44 21 59 47 20 3
44 52 35 42 53 38 3
26 3 27 48 0 27 3
23 58 45 50 54 43 4
60 48 37 29 50 33 4
21 31 12 6 27 11 4
27 29 3 41 33 4 4
53 9 17 25 8 21 4
17 27 25 39 26 21 4
44 52 35 28 56 34 4
59 47 20 45 51 19 4
4 28 48 10 30 52 4
31 62 43 23 58 45 4
25 8 21 55 4 23 4
26 3 27 55 4 23 4
35 33 18 58 34 22 4
53 9 17 46 5 15 4
57 54 48 34 49 49 5
57 54 48 50 54 43 5
21 31 12 32 34 17 5
3 51 28 61 52 33 5
30 39 36 19 35 40 5
38 5 57 47 7 62 5
12 40 30 7 44 27 5
36 0 59 38 5 57 5
50 54 43 42 53 38 5
2 57 20 45 51 19 6
30 39 36 12 40 30 6
7 44 27 13 44 21 6
33 14 3 22 8 5 6
27 29 3 15 22 0 7
30 39 36 37 46 35 7
43 41 46 40 38 53 7
12 40 30 5 35 24 7
57 54 48 54 56 55 7
17 27 25 58 34 22 7
25 8 21 52 16 21 8
43 41 46 19 35 40 8
10 30 52 40 38 53 8
62 29 34 19 35 40 8
33 14 3 15 22 0 8
21 31 12 41 33 4 8
32 34 17 0 40 11 8
4 28 48 51 19 47 9
51 19 47 49 12 40 9
63 10 14 22 8 5 9
9 23 58 10 30 52 9
54 56 55 20 49 61 9
8 32 61 10 30 52 9
38 5 57 24 1 47 10
45 51 19 16 51 9 10
49 12 40 24 1 47 13
