19 24 41 36 25 42 1
36 25 42 37 29 41 4
37 29 41 23 31 39 2
23 31 39 34 33 37 2
34 33 37 25 34 40 3
25 34 40 31 37 42 3
31 37 42 8 41 42 4
8 41 42 15 38 34 8
15 38 34 22 35 28 6
22 35 28 38 35 25 3
38 35 25 35 38 26 3
35 38 26 27 37 21 5
27 37 21 33 40 16 5
33 40 16 18 41 14 2
18 41 14 39 34 8 9
39 34 8 5 34 6 2
5 34 6 17 30 26 20
17 30 26 13 25 27 5
13 25 27 9 29 20 8
9 29 20 21 29 16 4
21 29 16 12 21 13 8
12 21 13 28 17 13 4
28 17 13 11 25 8 9
11 25 8 1 23 2 6
1 23 2 0 25 1 2
0 25 1 3 17 3 8
3 17 3 4 15 5 2
4 15 5 7 11 6 4
7 11 6 2 4 8 7
2 4 8 20 5 0 8
20 5 0 30 22 38 41
30 22 38 42 19 37 3
42 19 37 32 25 36 6
32 25 36 41 22 34 3
41 22 34 6 18 30 5
6 18 30 40 16 33 3
40 16 33 14 8 32 8
14 8 32 26 1 28 8
26 1 28 10 3 23 5
10 3 23 16 1 19 4
16 1 19 24 0 17 2
24 0 17 29 15 28 18
29 15 28 19 24 41 15
