7 21 66 71 21 66 0
71 21 66 23 16 67 5
23 16 67 46 10 66 6
46 10 66 60 9 66 1
60 9 66 2 2 62 8
2 2 62 59 0 53 9
59 0 53 3 2 52 2
3 2 52 20 9 70 19
20 9 70 18 6 70 3
18 6 70 29 12 57 14
29 12 57 15 14 53 4
15 14 53 6 21 47 9
6 21 47 69 25 54 8
69 25 54 49 33 56 8
49 33 56 65 38 64 9
65 38 64 61 40 70 6
61 40 70 12 44 52 18
12 44 52 1 49 49 5
1 49 49 8 43 44 7
8 43 44 57 45 38 6
57 45 38 35 47 38 2
35 47 38 37 52 33 7
37 52 33 40 57 39 7
40 57 39 68 61 41 4
68 61 41 38 52 22 21
38 52 22 64 60 24 8
64 60 24 0 66 21 6
0 66 21 48 68 23 2
48 68 23 54 70 23 2
54 70 23 30 70 26 3
30 70 26 36 43 19 27
36 43 19 62 42 17 2
62 42 17 26 36 13 7
26 36 13 14 29 6 9
14 29 6 70 25 12 7
70 25 12 53 19 6 8
53 19 6 11 12 0 9
11 12 0 27 8 4 5
27 8 4 43 6 6 2
43 6 6 4 7 7 1
4 7 7 47 1 20 14
47 1 20 13 2 23 3
13 2 23 22 1 25 2
22 1 25 67 2 25 1
67 2 25 55 2 34 9
55 2 34 41 4 36 2
41 4 36 63 13 34 9
63 13 34 24 43 6 41
24 43 6 58 46 5 3
58 46 5 5 49 3 3
5 49 3 66 53 9 7
66 53 9 25 55 10 2
25 55 10 56 58 9 3
56 58 9 42 60 12 3
42 60 12 50 56 4 8
50 56 4 19 68 0 12
19 68 0 10 71 6 6
10 71 6 16 43 23 32
16 43 23 31 38 27 6
31 38 27 44 34 33 7
44 34 33 9 28 34 6
9 28 34 34 28 33 1
34 28 33 52 26 28 5
52 26 28 39 56 51 37
39 56 51 33 60 54 5
33 60 54 51 66 55 6
51 66 55 28 60 61 8
28 60 61 21 59 63 2
21 59 63 32 52 62 7
32 52 62 45 70 70 19
45 70 70 17 28 68 42
17 28 68 7 21 66 7
