114 116 45 14 117 45 1
14 117 45 27 121 34 11
27 121 34 56 117 34 4
56 117 34 5 121 30 5
5 121 30 34 119 18 12
34 119 18 54 113 9 10
54 113 9 15 114 4 5
15 114 4 60 110 1 5
60 110 1 3 108 2 2
3 108 2 79 98 3 10
79 98 3 55 89 12 12
55 89 12 104 86 22 10
104 86 22 11 84 30 8
11 84 30 43 81 32 3
43 81 32 99 77 33 4
99 77 33 28 68 37 9
28 68 37 61 65 29 8
61 65 29 31 58 38 11
31 58 38 33 58 42 4
33 58 42 18 49 35 11
18 49 35 86 42 34 7
86 42 34 93 39 32 3
93 39 32 108 42 21 11
108 42 21 117 44 18 3
117 44 18 39 47 16 3
39 47 16 65 62 11 15
65 62 11 76 65 12 3
76 65 12 12 73 6 10
12 73 6 59 77 3 5
59 77 3 47 38 19 42
47 38 19 78 34 8 11
78 34 8 0 26 6 8
0 26 6 113 21 8 5
113 21 8 50 17 2 7
50 17 2 1 17 0 2
1 17 0 53 12 8 9
53 12 8 48 4 10 8
48 4 10 75 2 12 2
75 2 12 94 21 19 20
94 21 19 58 23 22 3
58 23 22 80 19 33 11
80 19 33 83 17 33 2
83 17 33 22 13 30 5
22 13 30 24 5 26 8
24 5 26 49 1 35 9
49 1 35 64 26 36 25
64 26 36 70 36 44 12
70 36 44 57 31 55 12
57 31 55 46 32 56 1
46 32 56 121 42 69 16
121 42 69 74 20 55 26
74 20 55 77 20 52 3
77 20 52 84 12 62 12
84 12 62 101 6 67 7
101 6 67 38 0 69 6
38 0 69 42 15 76 16
42 15 76 16 15 80 4
16 15 80 41 21 84 7
41 21 84 4 29 85 8
4 29 85 25 30 83 2
25 30 83 63 32 86 3
63 32 86 51 29 89 4
51 29 89 110 33 91 4
110 33 91 109 36 102 11
109 36 102 98 34 107 5
98 34 107 44 43 114 11
44 43 114 8 46 113 3
8 46 113 89 57 120 13
89 57 120 120 62 118 5
120 62 118 20 65 108 10
20 65 108 88 57 101 10
88 57 101 100 37 121 28
100 37 121 13 34 120 3
13 34 120 118 43 100 21
118 43 100 62 24 100 19
62 24 100 112 6 85 23
112 6 85 102 5 93 8
102 5 93 106 2 97 5
106 2 97 32 11 101 9
32 11 101 85 48 45 67
85 48 45 96 57 54 12
96 57 54 35 66 61 11
35 66 61 97 67 65 4
97 67 65 92 66 70 5
92 66 70 9 75 74 9
9 75 74 90 66 85 14
90 66 85 91 84 41 47
91 84 41 87 85 48 7
87 85 48 45 85 55 7
45 85 55 95 90 56 5
95 90 56 73 97 54 7
73 97 54 82 100 54 3
82 100 54 21 104 53 4
21 104 53 71 102 47 6
71 102 47 36 96 46 6
36 96 46 115 98 41 5
115 98 41 23 96 38 3
23 96 38 19 96 37 1
19 96 37 26 102 60 23
26 102 60 81 102 63 3
81 102 63 111 111 63 9
111 111 63 2 112 70 7
2 112 70 103 117 77 8
103 117 77 66 118 85 8
66 118 85 72 116 87 2
72 116 87 30 110 95 10
30 110 95 6 103 106 13
6 103 106 116 92 115 14
116 92 115 17 78 119 14
17 78 119 37 116 112 38
37 116 112 67 119 106 6
67 119 106 105 121 89 17
105 121 89 68 87 66 41
68 87 66 119 90 69 4
119 90 69 69 98 76 10
69 98 76 40 102 77 4
40 102 77 52 91 90 17
52 91 90 29 93 91 2
29 93 91 7 78 57 37
7 78 57 10 103 12 51
10 103 12 107 103 14 2
107 103 14 114 116 45 33
