110 57 121 59 57 121 0
59 57 121 108 65 112 12
108 65 112 77 71 103 10
77 71 103 123 63 94 12
123 63 94 43 57 96 6
43 57 96 29 51 92 7
29 51 92 28 45 87 7
28 45 87 78 44 83 4
78 44 83 15 45 70 13
15 45 70 48 36 67 9
48 36 67 99 33 67 3
99 33 67 60 31 64 3
60 31 64 64 29 59 5
64 29 59 119 29 57 2
119 29 57 68 21 50 10
68 21 50 34 10 48 11
34 10 48 118 1 49 9
118 1 49 113 23 37 25
113 23 37 7 34 33 11
7 34 33 120 34 24 9
120 34 24 117 27 12 13
117 27 12 95 19 2 12
95 19 2 14 18 4 2
14 18 4 17 13 10 7
17 13 10 109 6 18 10
109 6 18 62 9 23 5
62 9 23 50 8 26 3
50 8 26 5 7 26 1
5 7 26 26 16 24 9
26 16 24 6 3 13 17
6 3 13 24 1 9 4
24 1 9 2 47 17 46
2 47 17 70 49 26 9
70 49 26 53 55 7 19
53 55 7 57 63 13 10
57 63 13 21 66 23 10
21 66 23 30 76 24 10
30 76 24 46 79 21 4
46 79 21 16 85 12 10
16 85 12 33 92 15 7
33 92 15 94 94 7 8
94 94 7 61 104 19 15
61 104 19 89 108 20 4
89 108 20 12 118 12 12
12 118 12 124 97 27 25
124 97 27 106 102 29 5
106 102 29 42 106 33 5
42 106 33 75 111 37 6
75 111 37 103 110 40 3
103 110 40 25 119 41 9
25 119 41 91 121 44 3
91 121 44 27 125 59 15
27 125 59 122 123 37 22
122 123 37 72 121 26 11
72 121 26 13 81 5 45
13 81 5 76 74 3 7
76 74 3 114 84 31 29
114 84 31 1 84 33 2
1 84 33 88 80 38 6
88 80 38 87 82 40 2
87 82 40 93 47 1 52
93 47 1 96 37 0 10
96 37 0 31 45 40 40
31 45 40 41 52 42 7
41 52 42 101 62 47 11
101 62 47 65 65 41 6
65 65 41 69 67 55 14
69 67 55 10 71 54 4
10 71 54 86 80 54 9
86 80 54 92 83 56 3
92 83 56 56 78 61 7
56 78 61 97 78 62 1
97 78 62 8 83 63 5
8 83 63 55 88 71 9
55 88 71 112 99 80 14
112 99 80 36 96 86 6
36 96 86 40 92 89 5
40 92 89 82 89 96 7
82 89 96 58 91 97 2
58 91 97 22 89 108 11
22 89 108 126 115 75 42
126 115 75 0 120 86 12
0 120 86 9 112 94 11
9 112 94 47 115 100 6
47 115 100 4 117 109 9
4 117 109 35 123 108 6
35 123 108 116 121 126 18
116 121 126 32 104 121 17
32 104 121 51 99 124 5
51 99 124 83 75 66 62
83 75 66 73 93 58 19
73 93 58 79 99 50 10
79 99 50 104 23 64 77
104 23 64 125 32 71 11
125 32 71 38 26 78 9
38 26 78 100 30 81 5
100 30 81 102 26 86 6
102 26 86 71 29 91 5
71 29 91 11 33 97 7
11 33 97 37 39 104 9
37 39 104 105 40 105 1
105 40 105 54 18 84 30
54 18 84 44 17 88 4
44 17 88 74 13 88 4
74 13 88 45 13 89 1
45 13 89 63 4 83 10
63 4 83 85 21 97 22
85 21 97 90 17 99 4
90 17 99 81 13 107 8
81 13 107 84 5 108 8
84 5 108 66 0 102 7
66 0 102 52 9 118 18
52 9 118 18 0 121 9
18 0 121 80 17 126 17
80 17 126 23 29 124 12
23 29 124 19 38 124 9
19 38 124 111 12 77 53
111 12 77 49 10 74 3
49 10 74 115 11 68 6
115 11 68 20 9 67 2
20 9 67 39 52 58 43
39 52 58 98 62 82 26
98 62 82 107 65 80 3
107 65 80 67 57 79 8
67 57 79 3 57 80 1
3 57 80 121 73 120 43
121 73 120 110 57 121 16
