6 11 1 28 11 0 1
28 11 0 26 12 2 2
26 12 2 20 15 0 3
20 15 0 23 13 10 10
23 13 10 9 10 11 3
9 10 11 16 11 13 2
16 11 13 3 8 14 3
3 8 14 13 7 14 1
13 7 14 11 3 12 4
11 3 12 27 6 22 10
27 6 22 1 3 28 6
1 3 28 8 1 26 2
8 1 26 19 14 23 13
19 14 23 4 21 21 7
4 21 21 17 24 26 5
17 24 26 0 25 26 1
0 25 26 12 27 25 2
12 27 25 7 26 20 5
7 26 20 5 24 17 3
5 24 17 15 24 16 1
15 24 16 24 24 10 6
24 24 10 18 23 6 4
18 23 6 2 24 5 1
2 24 5 14 26 2 3
14 26 2 25 24 2 2
25 24 2 21 22 26 24
21 22 26 10 8 2 27
10 8 2 22 3 3 5
22 3 3 6 11 1 8
