7 12 15 23 11 14 1
23 11 14 19 11 11 3
19 11 11 32 7 14 5
32 7 14 1 5 19 5
1 5 19 8 1 11 8
8 1 11 22 5 5 7
22 5 5 17 1 0 6
17 1 0 2 14 0 13
2 14 0 35 14 15 15
35 14 15 41 16 12 3
41 16 12 39 17 13 1
39 17 13 9 16 20 7
9 16 20 6 17 28 8
6 17 28 15 13 30 4
15 13 30 16 10 33 4
16 10 33 5 9 34 1
5 9 34 12 7 30 4
12 7 30 27 8 29 1
27 8 29 33 4 40 11
33 4 40 38 4 41 1
38 4 41 26 12 35 10
26 12 35 25 15 40 5
25 15 40 11 20 38 5
11 20 38 24 22 34 4
24 22 34 18 25 32 3
18 25 32 0 28 27 5
0 28 27 29 26 24 3
29 26 24 40 29 23 3
40 29 23 37 32 23 3
37 32 23 28 32 17 6
28 32 17 4 33 13 4
4 33 13 13 38 10 5
13 38 10 36 41 6 5
36 41 6 14 29 9 12
14 29 9 20 31 7 2
20 31 7 21 26 1 7
21 26 1 3 39 23 25
3 39 23 30 40 22 1
30 40 22 31 29 41 21
31 29 41 34 33 38 5
34 33 38 10 41 38 8
10 41 38 7 12 15 37
