83 95 101 69 95 101 0
69 95 101 51 100 103 5
51 100 103 70 108 107 8
70 108 107 37 111 110 4
37 111 110 101 101 115 11
101 101 115 55 109 95 21
55 109 95 112 111 93 2
112 111 93 60 94 85 18
60 94 85 77 94 72 13
77 94 72 74 93 71 1
74 93 71 29 100 68 7
29 100 68 94 103 68 3
94 103 68 97 102 63 5
97 102 63 103 108 57 8
103 108 57 11 111 57 3
11 111 57 66 86 72 29
66 86 72 114 79 80 10
114 79 80 106 73 82 6
106 73 82 23 69 94 12
23 69 94 24 67 93 2
24 67 93 90 62 89 6
90 62 89 26 57 92 5
26 57 92 113 53 88 5
113 53 88 15 57 82 7
15 57 82 79 43 87 14
79 43 87 54 35 86 8
54 35 86 59 28 82 8
59 28 82 52 25 80 3
52 25 80 62 24 82 2
62 24 82 86 23 72 10
86 23 72 38 33 70 10
38 33 70 13 43 63 12
13 43 63 81 47 75 12
81 47 75 5 37 50 26
5 37 50 76 32 46 6
76 32 46 80 33 43 3
80 33 43 46 26 37 9
46 26 37 21 20 47 11
21 20 47 84 10 42 11
84 10 42 40 9 42 1
40 9 42 36 9 39 3
36 9 39 39 4 44 7
39 4 44 31 23 25 26
31 23 25 109 26 20 5
109 26 20 22 23 13 7
22 23 13 107 13 12 10
107 13 12 61 10 9 4
61 10 9 111 9 1 8
111 9 1 57 2 11 12
57 2 11 78 13 23 16
78 13 23 56 1 24 12
56 1 24 102 26 91 71
102 26 91 92 16 88 10
92 16 88 63 12 98 10
63 12 98 50 10 76 22
50 10 76 3 8 67 9
3 8 67 17 8 58 9
17 8 58 28 31 100 47
28 31 100 20 36 97 5
20 36 97 85 34 105 8
85 34 105 4 38 104 4
4 38 104 43 42 104 4
43 42 104 93 45 109 5
93 45 109 105 44 113 4
105 44 113 115 48 116 5
115 48 116 41 51 104 12
41 51 104 53 29 113 23
53 29 113 91 24 116 5
91 24 116 99 22 109 7
99 22 109 1 15 116 9
1 15 116 2 76 95 64
2 76 95 12 77 103 8
12 77 103 45 70 109 9
45 70 109 108 75 113 6
108 75 113 42 74 74 39
42 74 74 71 64 70 10
71 64 70 44 92 64 28
44 92 64 48 91 59 5
48 91 59 10 94 46 13
10 94 46 18 90 43 5
18 90 43 25 90 31 12
25 90 31 87 89 31 1
87 89 31 35 91 27 4
35 91 27 14 87 26 4
14 87 26 16 87 24 2
16 87 24 34 87 21 3
34 87 21 104 90 21 3
104 90 21 7 98 11 12
7 98 11 88 97 9 2
88 97 9 72 93 0 9
72 93 0 100 108 17 22
100 108 17 68 110 12 5
68 110 12 65 112 21 9
65 112 21 30 112 22 1
30 112 22 98 114 39 17
98 114 39 27 79 25 37
27 79 25 116 79 36 11
116 79 36 6 79 37 1
6 79 37 33 74 35 5
33 74 35 73 62 39 12
73 62 39 47 60 36 3
47 60 36 75 54 37 6
75 54 37 96 62 26 13
96 62 26 67 55 21 8
67 55 21 89 56 16 5
89 56 16 95 60 12 5
95 60 12 8 65 5 8
8 65 5 32 64 3 2
32 64 3 0 66 0 3
0 66 0 64 49 13 21
64 49 13 58 49 17 4
58 49 17 9 46 18 3
9 46 18 49 41 21 5
49 41 21 19 44 13 8
19 44 13 110 67 48 41
110 67 48 82 74 49 7
82 74 49 83 95 101 56
