24 11 33 60 10 32 1
60 10 32 4 6 29 5
4 6 29 91 0 31 6
91 0 31 67 7 22 11
67 7 22 65 6 20 2
65 6 20 101 4 22 2
101 4 22 72 12 14 11
72 12 14 75 15 15 3
75 15 15 70 23 11 8
70 23 11 84 28 10 5
84 28 10 93 31 15 5
93 31 15 46 28 16 3
46 28 16 96 24 26 10
96 24 26 49 23 28 2
49 23 28 22 35 14 18
22 35 14 80 42 16 7
80 42 16 19 45 21 5
19 45 21 82 37 28 10
82 37 28 39 38 30 2
39 38 30 27 41 32 3
27 41 32 15 35 34 6
15 35 34 86 48 8 29
86 48 8 5 53 4 6
5 53 4 89 63 3 10
89 63 3 0 60 13 10
0 60 13 18 60 22 9
18 60 22 87 68 22 8
87 68 22 6 68 20 2
6 68 20 41 78 24 10
41 78 24 54 86 31 10
54 86 31 35 89 39 8
35 89 39 71 98 36 9
71 98 36 77 100 34 2
77 100 34 33 99 30 4
33 99 30 17 100 27 3
17 100 27 55 55 35 45
55 55 35 53 62 40 8
53 62 40 42 55 46 9
42 55 46 23 50 50 6
23 50 50 26 43 53 7
26 43 53 8 49 62 10
8 49 62 13 45 66 5
13 45 66 3 48 68 3
3 48 68 74 47 71 3
74 47 71 47 51 72 4
47 51 72 36 49 79 7
36 49 79 9 51 86 7
9 51 86 45 46 88 5
45 46 88 51 45 89 1
51 45 89 95 40 86 5
95 40 86 10 37 84 3
10 37 84 29 34 83 3
29 34 83 48 31 80 4
48 31 80 61 21 85 11
61 21 85 12 7 89 14
12 7 89 81 1 84 7
81 1 84 28 42 93 41
28 42 93 34 39 97 5
34 39 97 90 34 95 5
90 34 95 7 26 99 8
7 26 99 83 46 87 23
83 46 87 52 55 89 9
52 55 89 68 60 91 5
68 60 91 63 65 89 5
63 65 89 66 63 83 6
66 63 83 30 70 79 8
30 70 79 97 75 86 8
97 75 86 32 73 71 15
32 73 71 21 71 69 2
21 71 69 44 54 101 36
44 54 101 92 38 62 42
92 38 62 38 57 61 19
38 57 61 11 60 63 3
11 60 63 40 64 57 7
40 64 57 88 74 56 10
88 74 56 2 71 48 8
2 71 48 25 73 40 8
25 73 40 64 86 60 23
64 86 60 56 86 58 2
56 86 58 85 92 59 6
85 92 59 99 93 64 5
99 93 64 37 100 62 7
37 100 62 1 95 73 12
1 95 73 78 98 94 21
78 98 94 31 76 4 92
31 76 4 16 86 4 10
16 86 4 50 97 3 11
50 97 3 62 97 9 6
62 97 9 14 30 4 67
14 30 4 69 23 2 7
69 23 2 76 13 9 12
76 13 9 20 14 8 1
20 14 8 58 7 44 36
58 7 44 43 14 52 10
43 14 52 57 16 51 2
57 16 51 98 16 63 12
98 16 63 100 22 66 6
100 22 66 94 21 71 5
94 21 71 59 14 73 7
59 14 73 73 10 70 5
73 10 70 79 9 69 1
79 9 69 24 11 33 36
