111 20 88 74 21 87 1
74 21 87 70 22 84 3
70 22 84 64 20 83 2
64 20 83 51 15 76 8
51 15 76 68 5 84 12
68 5 84 65 3 66 18
65 3 66 19 24 78 24
19 24 78 5 25 77 1
5 25 77 71 24 97 20
71 24 97 8 34 103 11
8 34 103 118 37 93 10
118 37 93 84 43 96 6
84 43 96 62 50 96 7
62 50 96 55 55 94 5
55 55 94 69 61 85 10
69 61 85 33 60 75 10
33 60 75 53 59 72 3
53 59 72 90 55 66 7
90 55 66 86 53 59 7
86 53 59 49 45 54 9
49 45 54 56 38 62 10
56 38 62 93 34 61 4
93 34 61 7 30 63 4
7 30 63 117 29 59 4
117 29 59 16 18 64 12
16 18 64 18 14 53 11
18 14 53 17 8 48 7
17 8 48 95 5 49 3
95 5 49 36 10 44 7
36 10 44 82 18 35 12
82 18 35 25 15 29 6
25 15 29 94 8 20 11
94 8 20 112 0 19 8
112 0 19 114 20 18 20
114 20 18 48 15 7 12
48 15 7 35 12 7 3
35 12 7 96 8 5 4
96 8 5 85 9 0 5
85 9 0 21 26 30 34
21 26 30 98 27 28 2
98 27 28 72 35 22 10
72 35 22 113 38 29 7
113 38 29 106 46 27 8
106 46 27 37 45 36 9
37 45 36 73 58 41 13
73 58 41 28 40 8 37
28 40 8 22 45 11 5
22 45 11 88 33 6 13
88 33 6 75 40 68 62
75 40 68 9 64 53 28
9 64 53 58 66 52 2
58 66 52 42 49 73 27
42 49 73 107 66 70 17
107 66 70 92 75 66 9
92 75 66 43 82 64 7
43 82 64 40 85 76 12
40 85 76 91 94 71 10
91 94 71 63 74 82 22
63 74 82 29 75 88 6
29 75 88 101 73 95 7
101 73 95 0 83 88 12
0 83 88 20 88 95 8
20 88 95 2 83 102 8
2 83 102 14 84 109 7
14 84 109 89 91 106 7
89 91 106 32 94 111 5
32 94 111 26 102 107 8
26 102 107 34 109 110 7
34 109 110 1 115 111 6
1 115 111 116 117 107 4
116 117 107 104 74 109 43
104 74 109 46 58 112 16
46 58 112 60 58 117 5
60 58 117 45 50 113 8
45 50 113 31 96 97 48
31 96 97 23 102 96 6
23 102 96 105 99 88 8
105 99 88 13 110 84 11
13 110 84 3 113 81 4
3 113 81 47 118 82 5
47 118 82 11 109 73 12
11 109 73 76 110 70 3
76 110 70 66 107 58 12
66 107 58 4 109 55 3
4 109 55 67 112 54 3
67 112 54 77 118 40 15
77 118 40 54 102 49 18
54 102 49 110 92 53 10
110 92 53 27 90 48 5
27 90 48 50 96 39 10
50 96 39 97 91 32 8
97 91 32 57 99 27 9
57 99 27 115 101 26 2
115 101 26 99 101 20 6
99 101 20 103 107 14 8
103 107 14 102 104 11 4
102 104 11 78 106 10 2
78 106 10 12 99 5 8
12 99 5 24 100 3 2
24 100 3 59 102 1 2
59 102 1 100 106 1 4
100 106 1 80 89 3 17
80 89 3 38 90 12 9
38 90 12 52 90 20 8
52 90 20 87 79 26 12
87 79 26 61 76 28 3
61 76 28 79 69 18 12
79 69 18 10 63 23 7
10 63 23 30 65 6 17
30 65 6 15 69 6 4
15 69 6 41 68 2 4
41 68 2 81 75 4 7
81 75 4 6 75 0 4
6 75 0 39 110 21 40
39 110 21 44 38 82 94
44 38 82 108 25 110 30
108 25 110 109 29 114 5
109 29 114 83 15 113 14
83 15 113 111 20 88 25
