130 1 14 52 1 14 0
52 1 14 135 7 8 8
135 7 8 114 21 1 15
114 21 1 38 30 1 9
38 30 1 27 33 13 12
27 33 13 152 33 16 3
152 33 16 10 34 18 2
10 34 18 83 34 20 2
83 34 20 84 36 23 3
84 36 23 40 36 31 8
40 36 31 118 40 32 4
118 40 32 4 45 31 5
4 45 31 127 46 36 5
127 46 36 55 49 43 7
55 49 43 43 53 45 4
43 53 45 77 53 48 3
77 53 48 58 55 50 2
58 55 50 61 61 59 10
61 61 59 113 72 60 11
113 72 60 142 81 64 9
142 81 64 116 88 59 8
116 88 59 23 93 55 6
23 93 55 112 105 55 12
112 105 55 68 104 66 11
68 104 66 3 99 72 7
3 99 72 56 93 71 6
56 93 71 148 102 88 19
148 102 88 18 99 98 10
18 99 98 162 110 95 11
162 110 95 42 109 107 12
42 109 107 48 113 111 5
48 113 111 70 120 106 8
70 120 106 16 134 109 14
16 134 109 155 143 104 10
155 143 104 133 149 98 8
133 149 98 0 160 78 22
0 160 78 31 159 76 2
31 159 76 49 149 116 41
49 149 116 44 146 120 5
44 146 120 146 144 124 4
146 144 124 141 141 128 5
141 141 128 136 145 130 4
136 145 130 46 158 137 14
46 158 137 60 158 147 10
60 158 147 107 159 160 13
107 159 160 69 160 160 1
69 160 160 82 161 162 2
82 161 162 89 162 162 1
89 162 162 110 145 158 17
110 145 158 28 142 159 3
28 142 159 97 139 161 3
97 139 161 144 139 152 9
144 139 152 13 131 156 8
13 131 156 65 128 159 4
65 128 159 66 124 156 5
66 124 156 78 122 144 12
78 122 144 128 127 137 8
128 127 137 99 154 117 33
99 154 117 124 110 122 44
124 110 122 14 104 119 6
14 104 119 53 103 128 9
53 103 128 95 96 125 7
95 96 125 94 96 132 7
94 96 132 59 94 134 2
59 94 134 160 95 139 5
160 95 139 109 95 144 5
109 95 144 159 96 151 7
159 96 151 37 97 156 5
37 97 156 54 102 158 5
54 102 158 57 84 162 18
57 84 162 161 81 145 17
161 81 145 79 71 152 12
79 71 152 47 70 154 2
47 70 154 157 60 158 10
157 60 158 29 48 150 14
29 48 150 51 45 144 6
51 45 144 2 42 137 7
2 42 137 30 50 131 10
30 50 131 86 54 123 8
86 54 123 119 67 114 15
119 67 114 75 78 120 12
75 78 120 45 31 145 53
45 31 145 33 30 148 3
33 30 148 90 16 158 17
90 16 158 62 10 157 6
62 10 157 138 7 155 3
138 7 155 106 8 150 5
106 8 150 115 4 146 5
115 4 146 105 27 137 24
105 27 137 19 28 124 13
19 28 124 102 26 122 2
102 26 122 24 22 117 6
24 22 117 36 20 116 2
36 20 116 25 23 114 3
25 23 114 21 33 112 10
21 33 112 50 36 104 8
50 36 104 117 36 96 8
117 36 96 123 29 86 12
123 29 86 41 51 97 24
41 51 97 12 57 96 6
12 57 96 32 67 140 45
32 67 140 147 111 132 44
147 111 132 104 119 73 59
104 119 73 71 125 81 10
71 125 81 140 129 87 7
140 129 87 154 130 75 12
154 130 75 80 130 65 10
80 130 65 22 129 59 6
22 129 59 137 139 64 11
137 139 64 149 100 43 44
149 100 43 143 112 41 12
143 112 41 158 118 40 6
158 118 40 67 115 26 14
67 115 26 145 118 12 14
145 118 12 132 118 10 2
132 118 10 134 130 5 13
134 130 5 6 132 40 35
6 132 40 76 136 29 11
76 136 29 139 134 25 4
139 134 25 39 142 30 9
39 142 30 73 154 11 22
73 154 11 81 159 14 5
81 159 14 9 147 48 36
9 147 48 101 158 43 12
101 158 43 153 160 45 2
153 160 45 91 86 41 74
91 86 41 34 69 72 35
34 69 72 96 76 80 10
96 76 80 98 50 54 36
98 50 54 1 46 53 4
1 46 53 108 44 53 2
108 44 53 7 39 64 12
7 39 64 72 51 26 39
72 51 26 35 50 22 4
35 50 22 156 60 16 11
156 60 16 88 68 21 9
88 68 21 26 77 30 12
26 77 30 63 69 33 8
63 69 33 11 82 13 23
11 82 13 122 92 21 12
122 92 21 131 97 17 6
131 97 17 93 65 5 34
93 65 5 87 57 28 24
87 57 28 74 34 36 24
74 34 36 85 29 41 7
85 29 41 103 30 43 2
103 30 43 121 34 49 7
121 34 49 126 24 48 10
126 24 48 150 17 47 7
150 17 47 5 5 44 12
5 5 44 151 1 47 5
151 1 47 64 0 54 7
64 0 54 92 6 73 19
92 6 73 100 5 76 3
100 5 76 129 10 79 5
129 10 79 8 12 76 3
8 12 76 111 6 37 39
111 6 37 125 27 56 28
125 27 56 17 25 34 22
17 25 34 15 40 14 25
15 40 14 120 46 1 14
120 46 1 20 19 20 33
20 19 20 130 1 14 18
