75 24 65 34 24 65 0
34 24 65 84 19 71 7
84 19 71 63 18 80 9
63 18 80 67 19 84 4
67 19 84 25 29 81 10
25 29 81 46 30 80 1
46 30 80 65 33 75 5
65 33 75 41 41 72 8
41 41 72 76 45 72 4
76 45 72 93 47 78 6
93 47 78 72 50 81 4
72 50 81 85 54 94 13
85 54 94 70 48 98 7
70 48 98 91 37 99 11
91 37 99 89 34 94 5
89 34 94 30 66 92 32
30 66 92 98 75 95 9
98 75 95 39 75 92 3
39 75 92 24 74 86 6
24 74 86 52 79 80 7
52 79 80 102 83 80 4
102 83 80 26 83 86 6
26 83 86 100 92 90 9
100 92 90 40 100 91 8
40 100 91 22 104 100 9
22 104 100 15 77 100 27
15 77 100 99 81 98 4
99 81 98 87 88 99 7
87 88 99 47 51 67 48
47 51 67 37 55 69 4
37 55 69 44 54 73 4
44 54 73 96 60 74 6
96 60 74 9 67 75 7
9 67 75 68 74 62 14
68 74 62 58 77 63 3
58 77 63 82 86 52 14
82 86 52 6 90 53 4
6 90 53 1 94 63 10
1 94 63 18 97 63 3
18 97 63 103 100 66 4
103 100 66 45 99 70 4
45 99 70 13 91 66 8
13 91 66 59 101 49 19
59 101 49 33 97 39 10
33 97 39 32 101 36 5
32 101 36 4 100 33 3
4 100 33 49 99 30 3
49 99 30 73 101 30 2
73 101 30 80 99 26 4
80 99 26 38 67 55 43
38 67 55 20 66 56 1
20 66 56 5 65 48 8
5 65 48 19 46 53 19
19 46 53 3 47 49 4
3 47 49 83 43 48 4
83 43 48 23 37 47 6
23 37 47 43 41 41 7
43 41 41 92 36 39 5
92 36 39 0 40 30 9
0 40 30 94 40 25 5
94 40 25 66 35 27 5
66 35 27 57 27 32 9
57 27 32 104 23 30 4
104 23 30 88 26 17 13
88 26 17 51 26 13 4
51 26 13 16 19 3 12
16 19 3 50 8 9 12
50 8 9 14 8 10 1
14 8 10 62 2 6 7
62 2 6 36 0 0 6
36 0 0 42 47 27 54
42 47 27 78 50 20 7
78 50 20 56 54 13 8
56 54 13 86 61 17 8
86 61 17 2 68 20 7
2 68 20 31 71 12 8
31 71 12 10 71 10 2
10 71 10 105 75 6 5
105 75 6 101 74 3 3
101 74 3 8 73 1 2
8 73 1 53 82 4 9
53 82 4 11 93 11 13
11 93 11 61 98 9 5
61 98 9 12 99 10 1
12 99 10 77 102 4 6
77 102 4 21 74 26 35
21 74 26 71 59 26 15
71 59 26 79 56 5 21
79 56 5 64 63 1 8
64 63 1 81 39 17 28
81 39 17 48 42 5 12
48 42 5 17 41 0 5
17 41 0 7 38 58 58
7 38 58 54 3 99 53
54 3 99 69 0 102 4
69 0 102 55 7 63 39
55 7 63 27 6 57 6
27 6 57 95 2 55 4
95 2 55 29 6 42 13
29 6 42 90 1 41 5
90 1 41 60 1 36 5
60 1 36 74 2 28 8
74 2 28 97 13 45 20
97 13 45 28 0 67 25
28 0 67 35 22 60 23
35 22 60 75 24 65 5
