28 65 18 13 65 19 1
13 65 19 44 64 25 6
44 64 25 17 62 29 4
17 62 29 71 58 38 9
71 58 38 68 56 37 2
68 56 37 70 54 40 3
70 54 40 41 53 39 1
41 53 39 52 52 37 2
52 52 37 29 43 39 9
29 43 39 11 38 40 5
11 38 40 46 31 46 9
46 31 46 12 25 46 6
12 25 46 39 27 41 5
39 27 41 43 18 38 9
43 18 38 54 16 35 3
54 16 35 45 15 39 4
45 15 39 33 9 35 7
33 9 35 19 25 53 24
19 25 53 4 25 56 3
4 25 56 24 29 61 6
24 29 61 36 28 63 2
36 28 63 30 33 69 7
30 33 69 38 35 72 3
38 35 72 20 39 72 4
20 39 72 18 51 72 12
18 51 72 66 17 48 41
66 17 48 6 10 49 7
6 10 49 60 2 53 8
60 2 53 59 2 58 5
59 2 58 73 0 63 5
73 0 63 21 3 70 7
21 3 70 72 1 74 4
72 1 74 22 10 59 17
22 10 59 63 12 67 8
63 12 67 8 40 54 30
8 40 54 69 45 31 23
69 45 31 23 45 28 3
23 45 28 14 39 23 7
14 39 23 56 38 26 3
56 38 26 53 34 27 4
53 34 27 55 33 25 2
55 33 25 48 32 31 6
48 32 31 3 36 32 4
3 36 32 0 43 21 13
0 43 21 57 46 17 5
57 46 17 47 34 20 12
47 34 20 74 34 17 3
74 34 17 51 40 8 10
51 40 8 62 30 18 14
62 30 18 35 26 24 7
35 26 24 42 24 5 19
42 24 5 61 17 5 7
61 17 5 49 11 9 7
49 11 9 27 9 11 2
27 9 11 58 8 17 6
58 8 17 15 3 20 5
15 3 20 5 3 2 18
5 3 2 37 59 44 70
37 59 44 1 59 45 1
1 59 45 40 60 53 8
40 60 53 31 60 55 2
31 60 55 26 69 53 9
26 69 53 32 74 43 11
32 74 43 2 74 40 3
2 74 40 64 71 40 3
64 71 40 7 72 25 15
7 72 25 65 74 23 2
65 74 23 16 56 22 18
16 56 22 9 66 13 13
9 66 13 67 59 12 7
67 59 12 25 54 10 5
25 54 10 50 63 3 11
50 63 3 34 67 3 4
34 67 3 10 71 5 4
10 71 5 28 65 18 14
