35 33 18 32 34 17 1
32 34 17 21 31 12 5
21 31 12 6 27 11 4
6 27 11 41 33 4 9
41 33 4 27 29 3 4
27 29 3 15 22 0 7
15 22 0 33 14 3 8
33 14 3 22 8 5 6
22 8 5 63 10 14 9
63 10 14 53 9 17 3
53 9 17 25 8 21 4
25 8 21 55 4 23 4
55 4 23 26 3 27 4
26 3 27 48 0 27 3
48 0 27 52 16 21 17
52 16 21 46 5 15 12
46 5 15 14 3 17 2
14 3 17 11 1 19 2
11 1 19 56 0 19 1
56 0 19 18 2 15 4
18 2 15 0 40 11 38
0 40 11 58 34 22 12
58 34 22 5 35 24 2
5 35 24 12 40 30 7
12 40 30 7 44 27 5
7 44 27 13 44 21 6
13 44 21 59 47 20 3
59 47 20 45 51 19 4
45 51 19 2 57 20 6
2 57 20 16 51 9 12
16 51 9 30 39 36 29
30 39 36 19 35 40 5
19 35 40 43 41 46 8
43 41 46 40 38 53 7
40 38 53 10 30 52 8
10 30 52 4 28 48 4
4 28 48 51 19 47 9
51 19 47 49 12 40 9
49 12 40 24 1 47 13
24 1 47 38 5 57 10
38 5 57 47 7 62 5
47 7 62 36 0 59 7
36 0 59 9 23 58 23
9 23 58 8 32 61 9
8 32 61 62 29 34 27
62 29 34 37 46 35 17
37 46 35 60 48 37 2
60 48 37 29 50 33 4
29 50 33 61 52 33 2
61 52 33 3 51 28 5
3 51 28 44 52 35 7
44 52 35 42 53 38 3
42 53 38 50 54 43 5
50 54 43 23 58 45 4
23 58 45 31 62 43 4
31 62 43 57 54 48 9
57 54 48 34 49 49 5
34 49 49 54 56 55 9
54 56 55 20 49 61 9
20 49 61 28 56 34 27
28 56 34 1 59 34 3
1 59 34 17 27 25 33
17 27 25 39 26 21 4
39 26 21 35 33 18 7
