40 1 33 45 1 33 0
45 1 33 6 9 37 8
6 9 37 21 11 38 2
21 11 38 19 11 37 1
19 11 37 44 16 40 5
44 16 40 32 18 40 2
32 18 40 25 18 45 5
25 18 45 46 19 46 1
46 19 46 11 18 48 2
11 18 48 51 18 49 1
51 18 49 37 17 49 1
37 17 49 57 12 46 5
57 12 46 22 12 46 0
22 12 46 8 11 46 1
8 11 46 47 19 52 10
47 19 52 49 15 54 4
49 15 54 58 0 57 15
58 0 57 0 19 33 30
0 19 33 50 19 32 1
50 19 32 12 21 25 7
12 21 25 17 29 24 8
17 29 24 24 29 18 6
24 29 18 5 31 16 2
5 31 16 36 30 14 2
36 30 14 14 35 14 5
14 35 14 15 41 19 7
15 41 19 29 45 24 6
29 45 24 18 47 23 2
18 47 23 56 44 28 5
56 44 28 7 37 28 7
7 37 28 34 34 33 5
34 34 33 52 28 35 6
52 28 35 23 46 36 18
23 46 36 4 50 34 4
4 50 34 42 51 42 8
42 51 42 10 49 48 6
10 49 48 27 42 48 7
27 42 48 38 41 48 1
38 41 48 16 33 47 8
16 33 47 20 32 44 3
20 32 44 9 38 57 14
9 38 57 39 56 46 21
39 56 46 3 58 42 4
3 58 42 28 38 6 41
28 38 6 53 39 7 1
53 39 7 30 43 5 4
30 43 5 1 46 0 5
1 46 0 41 46 11 11
41 46 11 33 54 15 8
33 54 15 31 37 3 20
31 37 3 26 38 2 1
26 38 2 48 25 0 13
48 25 0 43 22 13 13
43 22 13 35 13 30 19
35 13 30 55 11 20 10
55 11 20 13 11 18 2
13 11 18 54 9 15 3
54 9 15 2 2 21 9
2 2 21 40 1 33 12
