29 19 1 26 20 1 1
26 20 1 3 21 1 1
3 21 1 4 25 3 4
4 25 3 20 25 8 5
20 25 8 16 28 9 3
16 28 9 2 29 10 1
2 29 10 22 30 11 1
22 30 11 19 27 12 3
19 27 12 1 26 12 1
1 26 12 23 22 13 4
23 22 13 0 30 17 8
0 30 17 10 29 18 1
10 29 18 25 31 20 2
25 31 20 11 24 20 7
11 24 20 24 20 22 4
24 20 22 30 20 25 3
30 20 25 17 16 27 4
17 16 27 18 27 29 11
18 27 29 31 16 21 13
31 16 21 7 14 1 20
7 14 1 27 11 1 3
27 11 1 14 15 9 8
14 15 9 9 14 12 3
9 14 12 28 7 9 7
28 7 9 13 0 11 7
13 0 11 8 0 14 3
8 0 14 6 2 17 3
6 2 17 21 4 19 2
21 4 19 12 5 23 4
12 5 23 15 4 24 1
15 4 24 5 2 27 3
5 2 27 29 19 1 31
