9 11 10 28 10 9 1
28 10 9 31 8 8 2
31 8 8 0 5 6 3
0 5 6 14 3 1 5
14 3 1 10 8 2 5
10 8 2 44 18 7 11
44 18 7 7 22 7 4
7 22 7 30 19 13 6
30 19 13 16 20 14 1
16 20 14 6 21 18 4
6 21 18 18 13 18 8
18 13 18 5 11 23 5
5 11 23 40 7 24 4
40 7 24 43 3 19 6
43 3 19 17 3 33 14
17 3 33 13 3 40 7
13 3 40 41 10 39 7
41 10 39 3 12 36 3
3 12 36 21 16 38 4
21 16 38 19 18 35 3
19 18 35 33 21 32 4
33 21 32 8 23 36 4
8 23 36 15 28 33 5
15 28 33 32 31 35 3
32 31 35 39 29 36 2
39 29 36 1 31 40 4
1 31 40 42 31 41 1
42 31 41 29 40 44 9
29 40 44 35 35 31 13
35 35 31 27 37 30 2
27 37 30 4 38 27 3
4 38 27 34 40 29 2
34 40 29 11 44 31 4
11 44 31 37 40 27 5
37 40 27 20 39 24 3
20 39 24 24 25 27 14
24 25 27 25 30 25 5
25 30 25 23 31 23 2
23 31 23 2 31 19 4
2 31 19 38 39 14 9
38 39 14 12 35 4 10
12 35 4 22 36 0 4
22 36 0 26 21 44 46
26 21 44 36 9 44 12
36 9 44 9 11 10 34
