20 29 12 17 30 13 1
17 30 13 12 26 9 5
12 26 9 3 24 15 6
3 24 15 13 22 19 4
13 22 19 8 22 22 3
8 22 22 6 28 20 6
6 28 20 26 31 19 3
26 31 19 31 32 19 1
31 32 19 11 31 24 5
11 31 24 27 28 30 6
27 28 30 32 21 11 20
32 21 11 10 18 8 4
10 18 8 14 20 5 3
14 20 5 30 15 12 8
30 15 12 23 13 13 2
23 13 13 19 12 17 4
19 12 17 0 13 18 1
0 13 18 24 15 21 3
24 15 21 16 14 22 1
16 14 22 21 12 26 4
21 12 26 28 11 29 3
28 11 29 25 16 32 5
25 16 32 29 5 29 11
29 5 29 7 4 29 1
7 4 29 22 2 30 2
22 2 30 15 10 18 14
15 10 18 1 10 19 1
1 10 19 9 11 21 2
9 11 21 4 2 18 9
4 2 18 5 10 8 12
5 10 8 2 4 7 6
2 4 7 18 4 8 1
18 4 8 20 29 12 25
