18 32 13 51 32 13 0
51 32 13 42 34 9 4
42 34 9 11 28 13 7
11 28 13 34 23 15 5
34 23 15 43 19 22 8
43 19 22 17 12 17 8
17 12 17 64 8 15 4
64 8 15 77 8 7 8
77 8 7 67 8 3 4
67 8 3 22 18 0 10
22 18 0 14 7 20 22
14 7 20 62 7 25 5
62 7 25 26 6 25 1
26 6 25 45 2 22 5
45 2 22 13 4 32 10
13 4 32 0 4 37 5
0 4 37 70 6 40 3
70 6 40 6 3 42 3
6 3 42 21 2 51 9
21 2 51 60 1 53 2
60 1 53 73 8 58 8
73 8 58 9 8 59 1
9 8 59 55 12 57 4
55 12 57 54 13 59 2
54 13 59 7 19 59 6
7 19 59 53 23 60 4
53 23 60 46 23 68 8
46 23 68 58 21 69 2
58 21 69 12 19 75 6
12 19 75 24 17 77 2
24 17 77 3 30 75 13
3 30 75 76 33 69 6
76 33 69 49 16 49 26
49 16 49 23 17 48 1
23 17 48 75 16 47 1
75 16 47 57 16 38 9
57 16 38 8 6 65 28
8 6 65 52 0 64 6
52 0 64 15 24 29 42
15 24 29 41 30 18 12
41 30 18 59 31 25 7
59 31 25 36 35 35 10
36 35 35 48 33 38 3
48 33 38 37 30 39 3
37 30 39 10 33 44 5
10 33 44 29 32 49 5
29 32 49 31 34 54 5
31 34 54 5 36 40 14
5 36 40 72 44 27 15
72 44 27 56 44 25 2
56 44 25 16 48 23 4
16 48 23 19 51 26 4
19 51 26 44 54 30 5
44 54 30 69 52 37 7
69 52 37 71 54 39 2
71 54 39 66 55 49 10
66 55 49 80 51 18 31
80 51 18 50 52 15 3
50 52 15 4 50 10 5
4 50 10 40 47 4 6
40 47 4 61 59 16 16
61 59 16 79 66 17 7
79 66 17 1 71 25 9
1 71 25 32 73 34 9
32 73 34 63 71 37 3
63 71 37 35 73 39 2
35 73 39 65 71 49 10
65 71 49 68 70 57 8
68 70 57 78 71 60 3
78 71 60 25 76 57 5
25 76 57 2 77 63 6
2 77 63 30 64 69 14
30 64 69 33 59 68 5
33 59 68 38 51 68 8
38 51 68 28 51 72 4
28 51 72 27 47 62 10
27 47 62 74 69 76 26
74 69 76 20 60 79 9
20 60 79 39 58 8 71
39 58 8 47 63 9 5
47 63 9 18 32 13 31
