30 92 42 22 92 42 0
22 92 42 70 94 48 6
70 94 48 54 99 46 5
54 99 46 32 106 51 8
32 106 51 81 110 46 6
81 110 46 45 119 41 10
45 119 41 13 123 43 4
13 123 43 25 123 44 1
25 123 44 103 129 54 11
103 129 54 4 126 64 10
4 126 64 121 127 72 8
121 127 72 72 131 73 4
72 131 73 99 126 82 10
99 126 82 61 83 44 57
61 83 44 12 78 48 6
12 78 48 127 77 55 7
127 77 55 134 79 58 3
134 79 58 41 82 56 3
41 82 56 124 82 62 6
124 82 62 116 88 63 6
116 88 63 43 98 67 10
43 98 67 129 106 66 8
129 106 66 44 107 65 1
44 107 65 88 103 77 12
88 103 77 38 104 88 11
38 104 88 79 98 95 9
79 98 95 106 102 101 7
106 102 101 83 104 103 2
83 104 103 6 89 100 15
6 89 100 74 88 98 2
74 88 98 80 88 97 1
80 88 97 69 81 97 7
69 81 97 64 84 90 7
64 84 90 37 74 107 19
37 74 107 15 72 112 5
15 72 112 62 62 115 10
62 62 115 115 54 112 8
115 54 112 50 54 111 1
50 54 111 123 47 106 8
123 47 106 96 51 102 5
96 51 102 85 46 91 12
85 46 91 55 59 125 36
55 59 125 77 70 129 11
77 70 129 31 46 130 24
31 46 130 2 34 127 12
2 34 127 71 30 119 8
71 30 119 19 26 115 5
19 26 115 104 27 111 4
104 27 111 11 27 105 6
11 27 105 97 15 107 12
97 15 107 48 12 103 5
48 12 103 128 19 90 14
128 19 90 130 23 86 5
130 23 86 8 18 83 5
8 18 83 58 21 81 3
58 21 81 26 20 78 3
26 20 78 120 21 78 1
120 21 78 14 25 80 4
14 25 80 87 30 75 7
87 30 75 34 33 80 5
34 33 80 126 12 83 21
126 12 83 65 0 83 12
65 0 83 114 17 129 49
114 17 129 20 13 127 4
20 13 127 68 3 125 10
68 3 125 89 82 120 79
89 82 120 78 85 120 3
78 85 120 110 85 120 0
110 85 120 91 97 120 12
91 97 120 132 98 122 2
132 98 122 63 100 121 2
63 100 121 125 104 119 4
125 104 119 109 97 125 9
109 97 125 75 98 127 2
75 98 127 107 97 129 2
107 97 129 84 97 132 3
84 97 132 46 103 126 8
46 103 126 57 116 129 13
57 116 129 21 118 124 5
21 118 124 82 120 112 12
82 120 112 40 124 105 8
40 124 105 1 131 99 9
1 131 99 108 121 133 35
108 121 133 66 113 95 38
66 113 95 56 77 40 65
56 77 40 42 72 41 5
42 72 41 101 61 42 11
101 61 42 67 59 37 5
67 59 37 52 53 31 8
52 53 31 51 42 40 14
51 42 40 112 51 16 25
112 51 16 92 44 8 10
92 44 8 29 43 10 2
29 43 10 5 40 5 5
5 40 5 0 28 11 13
0 28 11 60 32 21 10
60 32 21 133 19 19 13
133 19 19 10 12 15 8
10 12 15 94 10 4 11
94 10 4 39 15 31 27
39 15 31 7 9 31 6
7 9 31 118 9 32 1
118 9 32 59 21 37 13
59 21 37 95 26 45 9
95 26 45 23 14 52 13
23 14 52 86 10 58 7
86 10 58 17 9 59 1
17 9 59 90 6 50 9
90 6 50 117 20 60 17
117 20 60 3 31 60 11
3 31 60 119 58 58 27
119 58 58 36 52 61 6
36 52 61 28 54 71 10
28 54 71 93 55 76 5
93 55 76 105 61 79 6
105 61 79 73 62 77 2
73 62 77 122 62 73 4
122 62 73 35 50 75 12
35 50 75 18 73 31 49
18 73 31 111 68 25 7
111 68 25 131 68 21 4
131 68 21 9 76 18 8
9 76 18 98 76 16 2
98 76 16 100 81 10 7
100 81 10 53 84 2 8
53 84 2 47 84 0 2
47 84 0 16 84 31 31
16 84 31 27 98 29 14
27 98 29 24 105 22 9
24 105 22 102 107 19 3
102 107 19 76 107 8 11
76 107 8 113 112 6 5
113 112 6 49 112 0 6
49 112 0 33 105 1 7
33 105 1 30 92 42 43
