4 67 66 8 67 66 0
8 67 66 25 68 56 10
25 68 56 52 67 53 3
52 67 53 28 65 54 2
28 65 54 50 64 47 7
50 64 47 16 58 52 7
16 58 52 7 50 49 8
7 50 49 64 49 52 3
64 49 52 31 53 62 10
31 53 62 19 47 65 6
19 47 65 69 48 67 2
69 48 67 70 55 68 7
70 55 68 42 48 41 27
42 48 41 66 47 39 2
66 47 39 26 47 34 5
26 47 34 6 50 26 8
6 50 26 33 51 20 6
33 51 20 43 59 17 8
43 59 17 38 61 24 7
38 61 24 29 63 25 2
29 63 25 32 69 27 6
32 69 27 60 61 32 9
60 61 32 20 70 13 21
20 70 13 30 63 1 13
30 63 1 54 41 25 32
54 41 25 5 38 19 6
5 38 19 58 36 9 10
58 36 9 15 39 8 3
15 39 8 45 39 6 2
45 39 6 53 42 8 3
53 42 8 59 38 1 8
59 38 1 21 32 4 6
21 32 4 35 27 5 5
35 27 5 44 28 11 6
44 28 11 67 40 41 32
67 40 41 62 37 39 3
62 37 39 34 36 42 3
34 36 42 61 32 43 4
61 32 43 57 28 43 4
57 28 43 51 21 45 7
51 21 45 9 12 39 10
9 12 39 23 9 38 3
23 9 38 13 13 30 8
13 13 30 17 16 25 5
17 16 25 40 19 28 4
40 19 28 63 20 26 2
63 20 26 48 10 19 12
48 10 19 10 7 19 3
10 7 19 0 7 21 2
0 7 21 2 1 21 6
2 1 21 49 0 25 4
49 0 25 46 2 29 4
46 2 29 24 12 12 19
24 12 12 22 11 11 1
22 11 11 37 13 5 6
37 13 5 41 1 8 12
41 1 8 55 14 11 13
55 14 11 47 10 49 38
47 10 49 11 8 55 6
11 8 55 65 9 56 1
65 9 56 36 4 63 8
36 4 63 14 33 47 33
14 33 47 27 37 52 6
27 37 52 18 34 56 5
18 34 56 39 30 55 4
39 30 55 68 27 64 9
68 27 64 56 26 68 4
56 26 68 1 29 68 3
1 29 68 3 23 62 8
3 23 62 12 56 41 39
12 56 41 4 67 66 27
