35 32 76 41 32 76 0
41 32 76 67 37 71 7
67 37 71 68 42 69 5
68 42 69 21 44 67 2
21 44 67 65 46 69 2
65 46 69 42 51 65 6
42 51 65 54 61 65 10
54 61 65 45 68 53 13
45 68 53 11 66 51 2
11 66 51 57 77 61 14
57 77 61 29 86 70 12
29 86 70 77 29 68 57
77 29 68 52 23 71 6
52 23 71 85 31 61 12
85 31 61 82 34 54 7
82 34 54 14 38 54 4
14 38 54 43 43 51 5
43 43 51 69 47 50 4
69 47 50 7 51 48 4
7 51 48 32 48 56 8
32 48 56 18 40 41 17
18 40 41 86 41 40 1
86 41 40 25 37 38 4
25 37 38 80 41 36 4
80 41 36 16 42 28 8
16 42 28 55 45 22 6
55 45 22 74 47 23 2
74 47 23 17 52 23 5
17 52 23 73 54 34 11
73 54 34 12 63 38 9
12 63 38 38 67 36 4
38 67 36 49 77 42 11
49 77 42 8 85 50 11
8 85 50 2 43 18 52
2 43 18 66 41 20 2
66 41 20 20 36 19 5
20 36 19 70 30 20 6
70 30 20 40 28 16 4
40 28 16 83 33 13 5
83 33 13 3 21 16 12
3 21 16 60 20 13 3
60 20 13 4 23 9 5
4 23 9 71 20 8 3
71 20 8 10 15 15 8
10 15 15 79 11 17 4
79 11 17 22 10 20 3
22 10 20 62 12 21 2
62 12 21 44 16 23 4
44 16 23 50 18 21 2
50 18 21 26 18 22 1
26 18 22 64 8 22 10
64 8 22 28 7 30 8
28 7 30 59 6 42 12
59 6 42 63 5 49 7
63 5 49 27 0 57 9
27 0 57 76 1 60 3
76 1 60 31 11 10 50
31 11 10 0 12 2 8
0 12 2 72 8 2 4
72 8 2 23 25 26 29
23 25 26 15 34 26 9
15 34 26 84 44 12 17
84 44 12 46 45 3 9
46 45 3 51 54 9 10
51 54 9 53 56 12 3
53 56 12 36 70 10 14
36 70 10 5 72 20 10
5 72 20 61 80 16 8
61 80 16 39 83 23 7
39 83 23 1 31 49 58
1 31 49 78 24 47 7
78 24 47 37 23 62 15
37 23 62 56 30 79 18
56 30 79 6 28 78 2
6 28 78 48 29 83 5
48 29 83 47 21 86 8
47 21 86 19 21 86 0
19 21 86 24 13 82 8
24 13 82 58 2 78 11
58 2 78 75 37 79 35
75 37 79 13 44 76 7
13 44 76 33 56 80 12
33 56 80 34 61 84 6
34 61 84 81 68 76 10
81 68 76 9 73 80 6
9 73 80 30 79 81 6
30 79 81 35 32 76 47
