103 57 102 74 58 103 1
74 58 103 78 55 104 3
78 55 104 98 56 106 2
98 56 106 95 57 115 9
95 57 115 113 55 120 5
113 55 120 1 46 115 10
1 46 115 30 39 121 9
30 39 121 40 66 119 27
40 66 119 54 76 111 12
54 76 111 121 76 103 8
121 76 103 50 74 97 6
50 74 97 116 71 93 5
116 71 93 104 64 85 10
104 64 85 68 86 98 25
68 86 98 107 86 90 8
107 86 90 125 90 86 5
125 90 86 62 93 75 11
62 93 75 8 92 106 31
8 92 106 16 96 105 4
16 96 105 83 104 101 8
83 104 101 65 115 101 11
65 115 101 75 113 91 10
75 113 91 44 116 91 3
44 116 91 24 119 83 8
24 119 83 35 113 76 9
35 113 76 82 108 85 10
82 108 85 20 105 119 34
20 105 119 115 51 101 56
115 51 101 53 46 104 5
53 46 104 11 44 102 2
11 44 102 124 46 95 7
124 46 95 37 41 90 7
37 41 90 120 36 91 5
120 36 91 66 31 87 6
66 31 87 15 44 81 14
15 44 81 5 44 70 11
5 44 70 112 52 72 8
112 52 72 2 54 74 2
2 54 74 26 35 66 20
26 35 66 0 30 64 5
0 30 64 86 30 56 8
86 30 56 33 35 53 5
33 35 53 122 35 50 3
122 35 50 92 48 45 13
92 48 45 36 57 42 9
36 57 42 59 59 45 3
59 59 45 94 61 47 2
94 61 47 21 66 54 8
21 66 54 25 72 52 6
25 72 52 12 82 57 11
12 82 57 96 93 57 11
96 93 57 73 77 67 18
73 77 67 18 61 37 34
18 61 37 38 64 35 3
38 64 35 90 69 38 5
90 69 38 29 74 33 7
29 74 33 60 80 35 6
60 80 35 71 81 34 1
71 81 34 31 81 37 3
31 81 37 91 89 33 8
91 89 33 17 94 38 7
17 94 38 109 97 40 3
109 97 40 114 109 39 12
114 109 39 56 112 32 7
56 112 32 118 109 27 5
118 109 27 51 108 51 24
51 108 51 19 119 47 11
19 119 47 81 121 55 8
81 121 55 34 121 60 5
34 121 60 119 78 18 60
119 78 18 80 73 5 13
80 73 5 49 87 3 14
49 87 3 110 99 8 13
110 99 8 14 95 18 10
14 95 18 57 114 10 20
57 114 10 47 125 7 11
47 125 7 84 60 30 68
84 60 30 45 58 29 2
45 58 29 22 50 27 8
22 50 27 69 40 34 12
69 40 34 77 34 29 7
77 34 29 58 32 33 4
58 32 33 32 25 31 7
32 25 31 100 18 34 7
100 18 34 106 17 34 1
106 17 34 67 15 30 4
67 15 30 93 10 23 8
93 10 23 52 8 19 4
52 8 19 27 4 15 5
27 4 15 101 11 7 10
101 11 7 41 11 0 7
41 11 0 7 5 3 6
7 5 3 123 21 4 16
123 21 4 117 32 6 11
117 32 6 39 35 12 6
39 35 12 43 33 15 3
43 33 15 42 34 16 1
42 34 16 88 40 8 10
88 40 8 23 53 11 13
23 53 11 46 19 16 34
46 19 16 48 5 44 31
48 5 44 108 1 39 6
108 1 39 105 25 50 26
105 25 50 4 22 51 3
4 22 51 89 18 68 17
89 18 68 28 8 62 11
28 8 62 10 7 64 2
10 7 64 61 4 62 3
61 4 62 3 36 106 54
3 36 106 6 32 100 7
6 32 100 102 27 101 5
102 27 101 72 25 97 4
72 25 97 76 21 92 6
76 21 92 87 20 86 6
87 20 86 64 11 83 9
64 11 83 63 3 83 8
63 3 83 9 13 96 16
9 13 96 79 12 98 2
79 12 98 111 14 103 5
111 14 103 99 20 106 6
99 20 106 85 15 114 9
85 15 114 97 20 119 7
97 20 119 70 14 121 6
70 14 121 55 10 123 4
55 10 123 13 7 95 28
13 7 95 103 57 102 50
