33 69 40 42 70 41 1
42 70 41 59 66 43 4
59 66 43 4 64 44 2
4 64 44 62 64 46 2
62 64 46 35 64 58 12
35 64 58 7 63 58 1
7 63 58 72 60 60 3
72 60 60 28 63 63 4
28 63 63 75 64 69 6
75 64 69 43 61 71 3
43 61 71 27 58 68 4
27 58 68 45 51 65 7
45 51 65 13 48 66 3
13 48 66 9 46 76 10
9 46 76 21 67 72 21
21 67 72 50 67 74 2
50 67 74 53 71 68 7
53 71 68 38 55 59 18
38 55 59 17 74 33 32
17 74 33 36 76 26 7
36 76 26 8 75 20 6
8 75 20 1 66 17 9
1 66 17 68 63 18 3
68 63 18 54 56 13 8
54 56 13 47 51 13 5
47 51 13 10 69 13 18
10 69 13 16 69 9 4
16 69 9 71 63 4 7
71 63 4 60 58 2 5
60 58 2 22 51 3 7
22 51 3 57 42 3 9
57 42 3 51 36 9 8
51 36 9 11 30 9 6
11 30 9 30 26 6 5
30 26 6 73 19 7 7
73 19 7 70 10 5 9
70 10 5 2 61 36 59
2 61 36 24 64 32 5
24 64 32 6 55 37 10
6 55 37 0 45 45 12
0 45 45 65 39 50 7
65 39 50 25 39 55 5
25 39 55 3 33 61 8
3 33 61 66 32 61 1
66 32 61 67 24 61 8
67 24 61 49 23 59 2
49 23 59 14 22 58 1
14 22 58 44 20 57 2
44 20 57 18 17 55 3
18 17 55 58 12 53 5
58 12 53 63 7 57 6
63 7 57 15 2 61 6
15 2 61 26 12 41 22
26 12 41 12 9 37 5
12 9 37 76 7 33 4
76 7 33 39 14 26 9
39 14 26 23 17 25 3
23 17 25 52 20 25 3
52 20 25 64 22 26 2
64 22 26 41 27 24 5
41 27 24 56 27 31 7
56 27 31 31 21 22 10
31 21 22 20 11 23 10
20 11 23 48 8 19 5
48 8 19 37 0 17 8
37 0 17 69 2 46 29
69 2 46 46 13 61 18
46 13 61 32 16 67 6
32 16 67 61 19 69 3
61 19 69 5 23 68 4
5 23 68 55 13 69 10
55 13 69 19 13 75 6
19 13 75 40 5 74 8
40 5 74 74 1 76 4
74 1 76 29 5 70 7
29 5 70 34 21 52 24
34 21 52 33 69 40 49
