105 89 80 68 89 81 1
68 89 81 90 85 79 4
90 85 79 26 90 72 8
26 90 72 101 98 73 8
101 98 73 60 104 79 8
60 104 79 92 99 88 10
92 99 88 81 105 97 10
81 105 97 40 115 94 10
40 115 94 112 128 91 13
112 128 91 17 128 84 7
17 128 84 65 124 82 4
65 124 82 74 130 98 17
74 130 98 5 90 101 40
5 90 101 0 84 107 8
0 84 107 9 92 112 9
9 92 112 14 92 125 13
14 92 125 58 95 125 3
58 95 125 72 98 127 3
72 98 127 95 109 118 14
95 109 118 52 115 130 13
52 115 130 53 125 124 11
53 125 124 35 82 126 43
35 82 126 43 74 122 8
43 74 122 22 68 118 7
22 68 118 100 106 63 66
100 106 63 121 107 58 5
121 107 58 15 103 56 4
15 103 56 86 96 40 17
86 96 40 12 86 38 10
12 86 38 42 113 64 37
42 113 64 37 122 62 9
37 122 62 73 124 60 2
73 124 60 33 116 50 12
33 116 50 89 114 43 7
89 114 43 117 116 33 10
117 116 33 102 126 33 10
102 126 33 69 118 22 13
69 118 22 45 113 19 5
45 113 19 36 119 16 6
36 119 16 104 115 12 5
104 115 12 28 108 12 7
28 108 12 80 104 11 4
80 104 11 49 95 8 9
49 95 8 20 91 13 6
20 91 13 8 88 18 5
8 88 18 63 85 7 11
63 85 7 122 78 0 9
122 78 0 123 74 5 6
123 74 5 23 62 4 12
23 62 4 108 55 3 7
108 55 3 54 54 6 3
54 54 6 44 55 16 10
44 55 16 1 51 21 6
1 51 21 66 49 30 9
66 49 30 55 51 40 10
55 51 40 71 50 44 4
71 50 44 79 54 57 13
79 54 57 64 45 68 14
64 45 68 59 52 73 8
59 52 73 125 57 75 5
125 57 75 82 65 70 9
82 65 70 46 37 63 28
46 37 63 32 34 62 3
32 34 62 47 35 60 2
47 35 60 19 34 58 2
19 34 58 30 31 55 4
30 31 55 91 26 52 5
91 26 52 29 26 49 3
29 26 49 25 12 50 14
25 12 50 78 8 47 5
78 8 47 119 0 60 15
119 0 60 62 14 32 31
62 14 32 99 21 21 13
99 21 21 130 24 12 9
130 24 12 34 19 6 7
34 19 6 93 20 4 2
93 20 4 50 25 4 5
50 25 4 131 17 7 8
131 17 7 118 16 3 4
118 16 3 84 9 14 13
84 9 14 94 5 4 10
94 5 4 128 3 1 3
128 3 1 56 29 68 71
56 29 68 4 24 64 6
4 24 64 114 30 79 16
114 30 79 21 25 85 7
21 25 85 38 24 90 5
38 24 90 106 19 95 7
106 19 95 10 17 93 2
10 17 93 85 16 93 1
85 16 93 39 14 92 2
39 14 92 18 5 88 9
18 5 88 111 2 90 3
111 2 90 115 7 82 9
115 7 82 116 11 106 24
116 11 106 127 10 107 1
127 10 107 126 2 106 8
126 2 106 31 3 122 16
31 3 122 51 17 128 15
51 17 128 61 22 98 30
61 22 98 87 24 99 2
87 24 99 124 34 88 14
124 34 88 120 37 87 3
120 37 87 11 39 92 5
11 39 92 16 33 94 6
16 33 94 27 47 96 14
27 47 96 13 51 100 5
13 51 100 7 45 113 14
7 45 113 75 51 116 6
75 51 116 48 47 120 5
48 47 120 70 40 119 7
70 40 119 129 36 119 4
129 36 119 6 36 112 7
6 36 112 76 47 87 27
76 47 87 41 53 88 6
41 53 88 109 61 87 8
109 61 87 3 69 87 8
3 69 87 103 73 90 5
103 73 90 88 64 99 12
88 64 99 2 62 43 56
2 62 43 77 43 16 33
77 43 16 57 62 25 21
57 62 25 113 49 1 27
113 49 1 24 73 18 29
24 73 18 110 117 5 45
110 117 5 67 119 5 2
67 119 5 97 124 6 5
97 124 6 83 130 9 6
83 130 9 98 131 15 6
98 131 15 96 114 2 21
96 114 2 107 83 57 63
107 83 57 105 89 80 23
