23 51 91 61 50 90 1
61 50 90 12 45 93 5
12 45 93 43 40 95 5
43 40 95 134 39 99 4
134 39 99 28 44 102 5
28 44 102 5 42 108 6
5 42 108 91 52 103 11
91 52 103 65 32 95 21
65 32 95 89 22 95 10
89 22 95 136 19 99 5
136 19 99 9 13 108 10
9 13 108 31 19 114 8
31 19 114 129 22 113 3
129 22 113 106 31 108 10
106 31 108 83 18 124 20
83 18 124 20 16 130 6
20 16 130 96 22 134 7
96 22 134 52 34 130 12
52 34 130 2 37 131 3
2 37 131 26 48 124 13
26 48 124 98 50 122 2
98 50 122 11 61 136 17
11 61 136 72 67 133 6
72 67 133 69 68 136 3
69 68 136 80 75 133 7
80 75 133 13 72 126 7
13 72 126 121 71 123 3
121 71 123 115 90 121 19
115 90 121 16 34 125 56
16 34 125 59 7 131 27
59 7 131 62 16 91 41
62 16 91 103 65 90 49
103 65 90 117 73 79 13
117 73 79 36 71 75 4
36 71 75 131 74 66 9
131 74 66 48 68 62 7
48 68 62 53 60 61 8
53 60 61 74 56 66 6
74 56 66 34 53 64 3
34 53 64 126 50 70 6
126 50 70 87 51 73 3
87 51 73 3 48 74 3
3 48 74 112 40 60 16
112 40 60 44 34 62 6
44 34 62 30 33 61 1
30 33 61 132 26 62 7
132 26 62 125 22 64 4
125 22 64 71 23 69 5
71 23 69 138 25 76 7
138 25 76 100 27 76 2
100 27 76 0 16 71 12
0 16 71 57 16 77 6
57 16 77 54 14 57 20
54 14 57 128 36 66 23
128 36 66 119 45 53 15
119 45 53 68 40 38 15
68 40 38 10 39 37 1
10 39 37 29 32 40 7
29 32 40 130 32 26 14
130 32 26 37 34 23 3
37 34 23 51 48 26 14
51 48 26 82 52 28 4
82 52 28 124 48 15 13
124 48 15 38 36 9 13
38 36 9 86 29 7 7
86 29 7 66 23 12 7
66 23 12 95 19 19 8
95 19 19 101 13 19 6
101 13 19 60 0 16 13
60 0 16 8 10 34 20
8 10 34 127 59 5 56
127 59 5 1 63 8 5
1 63 8 90 65 10 2
90 65 10 50 70 0 11
50 70 0 4 74 0 4
4 74 0 73 88 0 14
73 88 0 55 92 12 12
55 92 12 109 92 15 3
109 92 15 76 87 22 8
76 87 22 49 84 17 5
49 84 17 92 81 15 3
92 81 15 84 92 27 16
84 92 27 118 99 23 8
118 99 23 114 107 15 11
114 107 15 108 60 74 75
108 60 74 45 63 49 25
45 63 49 21 57 43 8
21 57 43 67 84 66 35
67 84 66 24 86 57 9
24 86 57 79 89 58 3
79 89 58 85 94 62 6
85 94 62 122 101 55 9
122 101 55 7 106 53 5
7 106 53 75 113 52 7
75 113 52 35 116 58 6
35 116 58 70 122 57 6
70 122 57 116 128 68 12
116 128 68 120 132 70 4
120 132 70 102 138 63 9
102 138 63 42 117 44 28
42 117 44 47 122 36 9
47 122 36 19 124 33 3
19 124 33 64 126 30 3
64 126 30 110 124 28 2
110 124 28 137 120 26 4
137 120 26 22 131 28 11
22 131 28 111 130 14 14
111 130 14 81 133 13 3
81 133 13 33 135 12 2
33 135 12 107 132 9 4
107 132 9 15 125 12 7
15 125 12 135 125 39 27
135 125 39 78 129 38 4
78 129 38 97 109 37 20
97 109 37 39 105 68 31
39 105 68 56 112 74 9
56 112 74 18 113 80 6
18 113 80 77 113 84 4
77 113 84 104 115 89 5
104 115 89 123 119 86 5
123 119 86 88 118 102 16
88 118 102 25 115 106 5
25 115 106 99 109 108 6
99 109 108 40 131 96 25
40 131 96 46 138 92 8
46 138 92 133 132 110 18
133 132 110 93 138 111 6
93 138 111 63 130 121 12
63 130 121 41 126 125 5
41 126 125 105 127 130 5
105 127 130 6 128 137 7
6 128 137 113 104 81 60
113 104 81 94 99 79 5
94 99 79 27 88 44 36
27 88 44 58 78 91 48
58 78 91 14 80 96 5
14 80 96 17 84 91 6
17 84 91 32 97 98 14
32 97 98 23 51 91 46
