37 26 42 78 27 41 1
78 27 41 73 35 45 8
73 35 45 88 36 57 12
88 36 57 53 30 64 9
53 30 64 130 24 59 7
130 24 59 117 17 52 9
117 17 52 21 8 51 9
21 8 51 85 5 47 5
85 5 47 54 46 60 43
54 46 60 95 53 49 13
95 53 49 134 64 55 12
134 64 55 11 62 64 9
11 62 64 126 72 66 10
126 72 66 72 69 73 7
72 69 73 75 66 74 3
75 66 74 13 68 80 6
13 68 80 140 77 81 9
140 77 81 39 82 83 5
39 82 83 144 80 88 5
144 80 88 34 84 91 5
34 84 91 42 83 94 3
42 83 94 40 76 94 7
40 76 94 32 66 94 10
32 66 94 87 65 90 4
87 65 90 14 61 100 10
14 61 100 131 68 102 7
131 68 102 10 80 108 13
10 80 108 93 72 115 10
93 72 115 65 65 121 9
65 65 121 90 58 124 7
90 58 124 94 58 121 3
94 58 121 113 60 132 11
113 60 132 35 63 132 3
35 63 132 122 66 133 3
122 66 133 30 72 147 15
30 72 147 111 49 131 28
111 49 131 84 40 139 12
84 40 139 70 38 144 5
70 38 144 115 31 140 8
115 31 140 57 28 136 5
57 28 136 77 28 131 5
77 28 131 7 36 129 8
7 36 129 119 33 116 13
119 33 116 26 32 111 5
26 32 111 127 43 115 11
127 43 115 106 19 140 34
106 19 140 92 15 135 6
92 15 135 55 16 133 2
55 16 133 128 8 128 9
128 8 128 147 6 124 4
147 6 124 64 14 120 8
64 14 120 124 14 116 4
124 14 116 4 19 111 7
4 19 111 27 16 99 12
27 16 99 38 22 93 8
38 22 93 148 30 86 10
148 30 86 28 32 94 8
28 32 94 51 3 115 35
51 3 115 104 2 129 14
104 2 129 24 10 147 19
24 10 147 137 87 116 83
137 87 116 105 55 92 40
105 55 92 143 47 86 10
143 47 86 6 54 78 10
6 54 78 41 75 47 37
41 75 47 0 83 49 8
0 83 49 121 90 54 8
121 90 54 63 99 48 10
63 99 48 103 105 45 6
103 105 45 120 110 50 7
120 110 50 135 116 45 7
135 116 45 49 117 41 4
49 117 41 16 126 33 12
16 126 33 23 116 28 11
23 116 28 118 106 21 12
118 106 21 81 100 14 9
81 100 14 17 92 18 8
17 92 18 71 82 10 12
71 82 10 99 64 2 19
99 64 2 112 56 2 8
112 56 2 76 100 0 44
76 100 0 110 116 0 16
110 116 0 101 117 4 4
101 117 4 116 131 10 15
116 131 10 31 132 7 3
31 132 7 59 144 6 12
59 144 6 19 130 14 16
19 130 14 22 130 50 36
22 130 50 89 134 56 7
89 134 56 68 139 55 5
68 139 55 25 146 56 7
25 146 56 109 149 65 9
109 149 65 47 144 42 23
47 144 42 58 111 60 37
58 111 60 123 116 63 5
123 116 63 82 110 71 10
82 110 71 146 108 79 8
146 108 79 2 118 80 10
2 118 80 149 124 79 6
149 124 79 44 132 77 8
44 132 77 62 133 71 6
62 133 71 43 144 86 18
43 144 86 79 145 89 3
79 145 89 108 144 99 10
108 144 99 45 146 101 2
45 146 101 80 130 102 16
80 130 102 142 120 105 10
142 120 105 20 114 112 9
20 114 112 139 122 121 12
139 122 121 133 126 123 4
133 126 123 102 129 115 8
102 129 115 36 126 133 18
36 126 133 48 120 135 6
48 120 135 141 136 136 16
141 136 136 50 135 142 6
50 135 142 9 149 143 14
9 149 143 107 141 129 16
107 141 129 29 141 128 1
29 141 128 125 141 116 12
125 141 116 145 108 126 34
145 108 126 86 98 137 14
86 98 137 60 94 142 6
60 94 142 66 87 140 7
66 87 140 1 85 134 6
1 85 134 129 104 140 19
129 104 140 138 104 148 8
138 104 148 15 102 93 55
15 102 93 67 102 100 7
67 102 100 91 99 104 5
91 99 104 5 102 58 46
5 102 58 98 98 37 21
98 98 37 18 78 38 20
18 78 38 52 78 31 7
52 78 31 132 73 30 5
132 73 30 97 69 39 9
97 69 39 61 63 30 10
61 63 30 69 52 26 11
69 52 26 100 27 27 25
100 27 27 136 26 25 2
136 26 25 96 28 19 6
96 28 19 74 36 14 9
74 36 14 56 38 15 2
56 38 15 12 26 4 16
12 26 4 8 27 1 3
8 27 1 33 17 6 11
33 17 6 46 14 8 3
46 14 8 114 8 9 6
114 8 9 3 8 1 8
3 8 1 83 1 20 20
83 1 20 37 26 42 33
