59 119 70 127 119 71 1
127 119 71 55 124 78 8
55 124 78 100 132 87 12
100 132 87 71 134 94 7
71 134 94 57 131 97 4
57 131 97 124 125 98 6
124 125 98 113 124 95 3
113 124 95 13 117 102 9
13 117 102 29 114 96 6
29 114 96 5 108 96 6
5 108 96 52 107 86 10
52 107 86 102 98 102 18
102 98 102 146 96 109 7
146 96 109 115 116 113 20
115 116 113 43 122 118 7
43 122 118 37 126 121 5
37 126 121 6 134 124 8
6 134 124 103 142 129 9
103 142 129 60 142 140 11
60 142 140 50 138 113 27
50 138 113 31 136 112 2
31 136 112 8 131 109 5
8 131 109 140 146 105 15
140 146 105 122 116 123 34
122 116 123 80 112 123 4
80 112 123 39 116 128 6
39 116 128 129 119 135 7
129 119 135 96 121 140 5
96 121 140 121 110 57 83
121 110 57 135 119 54 9
135 119 54 110 110 45 12
110 110 45 138 109 38 7
138 109 38 21 109 35 3
21 109 35 25 126 42 18
25 126 42 76 132 35 9
76 132 35 4 142 31 10
4 142 31 78 145 33 3
78 145 33 42 133 17 20
42 133 17 47 125 4 15
47 125 4 116 145 3 20
116 145 3 41 122 31 36
41 122 31 125 116 22 10
125 116 22 87 110 12 11
87 110 12 92 102 5 10
92 102 5 36 99 8 4
36 99 8 12 97 0 8
12 97 0 131 86 2 11
131 86 2 117 80 9 9
117 80 9 112 88 13 8
112 88 13 119 90 19 6
119 90 19 49 93 27 8
49 93 27 101 93 28 1
101 93 28 109 95 36 8
109 95 36 66 90 41 7
66 90 41 89 93 46 5
89 93 46 56 97 47 4
56 97 47 15 84 53 14
15 84 53 79 86 60 7
79 86 60 62 82 63 5
62 82 63 67 79 66 4
67 79 66 107 79 74 8
107 79 74 77 89 72 10
77 89 72 2 77 87 19
2 77 87 128 82 90 5
128 82 90 130 80 93 3
130 80 93 30 72 94 8
30 72 94 1 67 99 7
1 67 99 145 69 105 6
145 69 105 133 71 104 2
133 71 104 97 75 103 4
97 75 103 111 77 109 6
111 77 109 44 62 113 15
44 62 113 95 66 129 16
95 66 129 53 63 129 3
53 63 129 9 59 136 8
9 59 136 118 65 140 7
118 65 140 143 69 140 4
143 69 140 68 64 147 8
68 64 147 126 56 145 8
126 56 145 114 47 134 14
114 47 134 33 49 126 8
33 49 126 65 40 122 9
65 40 122 139 37 127 5
139 37 127 46 33 128 4
46 33 128 81 18 125 15
81 18 125 132 14 137 12
132 14 137 136 19 142 7
136 19 142 106 18 145 3
106 18 145 17 10 146 8
17 10 146 20 8 144 2
20 8 144 84 5 145 3
84 5 145 38 1 144 4
38 1 144 85 33 145 32
85 33 145 28 6 133 29
28 6 133 105 5 126 7
105 5 126 137 43 110 41
137 43 110 26 42 108 2
26 42 108 88 31 103 12
88 31 103 3 29 103 2
3 29 103 91 69 132 49
91 69 132 48 87 130 18
48 87 130 16 97 139 13
16 97 139 83 61 98 54
83 61 98 141 60 100 2
141 60 100 69 61 87 13
69 61 87 11 54 82 8
11 54 82 70 48 70 13
70 48 70 10 39 67 9
10 39 67 18 41 57 10
18 41 57 93 45 50 8
93 45 50 64 53 49 8
64 53 49 134 54 56 7
134 54 56 74 66 56 12
74 66 56 22 29 45 38
22 29 45 98 19 56 14
98 19 56 75 15 56 4
75 15 56 40 14 58 2
40 14 58 147 6 68 12
147 6 68 7 14 39 30
7 14 39 99 15 30 9
99 15 30 51 21 27 6
51 21 27 54 13 22 9
54 13 22 82 0 26 13
82 0 26 63 1 32 6
63 1 32 32 10 6 27
32 10 6 45 6 2 5
45 6 2 34 16 5 10
34 16 5 72 27 77 72
72 27 77 73 20 84 9
73 20 84 94 0 96 23
94 0 96 142 82 34 102
142 82 34 14 72 38 10
14 72 38 0 64 40 8
0 64 40 27 77 18 25
27 77 18 24 70 20 7
24 70 20 90 64 25 7
90 64 25 23 57 28 7
23 57 28 144 56 27 1
144 56 27 104 55 32 5
104 55 32 123 48 36 8
123 48 36 19 45 31 5
19 45 31 86 46 21 10
86 46 21 120 40 14 9
120 40 14 61 32 6 11
61 32 6 58 42 0 11
58 42 0 35 52 1 10
35 52 1 108 138 49 98
108 138 49 59 119 70 28
