24 47 31 43 47 31 0
43 47 31 75 51 34 5
75 51 34 77 48 38 5
77 48 38 49 54 47 10
49 54 47 19 46 54 10
19 46 54 82 39 63 11
82 39 63 12 34 65 5
12 34 65 48 30 59 7
48 30 59 79 22 53 10
79 22 53 90 25 50 4
90 25 50 83 27 49 2
83 27 49 11 29 43 6
11 29 43 18 9 47 20
18 9 47 34 3 41 8
34 3 41 80 1 37 4
80 1 37 27 2 30 7
27 2 30 8 5 19 11
8 5 19 93 13 22 8
93 13 22 4 25 12 15
4 25 12 61 17 6 10
61 17 6 50 3 58 53
50 3 58 7 41 71 40
7 41 71 70 46 77 7
70 46 77 16 39 83 9
16 39 83 13 34 86 5
13 34 86 94 27 87 7
94 27 87 59 17 81 11
59 17 81 81 11 88 9
81 11 88 86 13 92 4
86 13 92 33 17 98 7
33 17 98 52 21 102 5
52 21 102 25 5 100 16
25 5 100 64 2 100 3
64 2 100 78 15 71 31
78 15 71 44 22 68 7
44 22 68 88 45 91 32
88 45 91 35 44 95 4
35 44 95 87 33 99 11
87 33 99 46 34 102 3
46 34 102 72 55 85 27
72 55 85 58 56 93 8
58 56 93 37 65 98 10
37 65 98 100 71 97 6
100 71 97 0 51 24 75
0 51 24 95 53 22 2
95 53 22 5 55 17 5
5 55 17 36 63 13 8
36 63 13 21 69 11 6
21 69 11 2 59 27 18
2 59 27 73 62 32 5
73 62 32 15 65 32 3
15 65 32 51 66 30 2
51 66 30 71 65 27 3
71 65 27 54 72 37 12
54 72 37 84 71 41 4
84 71 41 28 73 42 2
28 73 42 1 67 46 7
1 67 46 6 70 51 5
6 70 51 89 70 52 1
89 70 52 62 74 54 4
62 74 54 57 75 57 3
57 75 57 56 78 49 8
56 78 49 60 88 51 10
60 88 51 10 94 55 7
10 94 55 63 98 58 5
63 98 58 26 98 62 4
26 98 62 92 102 79 17
92 102 79 39 102 84 5
39 102 84 67 92 93 13
67 92 93 22 99 97 8
22 99 97 98 92 61 36
98 92 61 91 83 63 9
91 83 63 42 73 67 10
42 73 67 30 73 72 5
30 73 72 40 75 74 2
40 75 74 45 72 79 5
45 72 79 53 70 81 2
53 70 81 14 69 80 1
14 69 80 68 63 68 13
68 63 68 55 58 68 5
55 58 68 3 88 43 39
3 88 43 65 83 34 10
65 83 34 31 89 27 9
31 89 27 76 98 32 10
76 98 32 96 100 40 8
96 100 40 47 99 42 2
47 99 42 101 101 43 2
101 101 43 38 101 46 3
38 101 46 102 97 20 26
102 97 20 97 95 17 3
97 95 17 85 96 12 5
85 96 12 74 89 5 9
74 89 5 41 89 3 2
41 89 3 29 85 2 4
29 85 2 23 102 16 22
23 102 16 9 62 23 40
9 62 23 66 47 20 15
66 47 20 32 42 18 5
32 42 18 20 39 22 5
20 39 22 99 49 13 13
99 49 13 69 48 2 11
69 48 2 17 38 1 10
17 38 1 24 47 31 31
