130 103 6 25 103 6 0
25 103 6 100 104 0 6
100 104 0 7 94 11 14
7 94 11 60 92 13 2
60 92 13 125 77 18 15
125 77 18 143 73 12 7
143 73 12 53 74 9 3
53 74 9 110 62 4 13
110 62 4 131 52 10 11
131 52 10 14 38 15 14
14 38 15 142 29 25 13
142 29 25 124 26 25 3
124 26 25 39 19 17 10
39 19 17 139 20 13 4
139 20 13 2 12 5 11
2 12 5 31 12 29 24
31 12 29 58 113 12 102
58 113 12 121 115 7 5
121 115 7 32 121 7 6
32 121 7 56 124 14 7
56 124 14 50 131 15 7
50 131 15 98 134 14 3
98 134 14 122 140 4 11
122 140 4 63 140 2 2
63 140 2 80 136 0 4
80 136 0 22 133 18 18
22 133 18 102 128 32 14
102 128 32 16 131 37 5
16 131 37 3 138 38 7
3 138 38 42 140 32 6
42 140 32 52 141 46 14
52 141 46 145 131 45 10
145 131 45 103 120 41 11
103 120 41 91 115 33 9
91 115 33 86 105 36 10
86 105 36 37 104 41 5
37 104 41 75 100 43 4
75 100 43 23 96 51 8
23 96 51 77 92 51 4
77 92 51 89 85 54 7
89 85 54 90 82 60 6
90 82 60 54 71 60 11
54 71 60 27 68 54 6
27 68 54 65 74 49 7
65 74 49 64 57 56 18
64 57 56 127 53 61 6
127 53 61 105 52 70 9
105 52 70 34 45 68 7
34 45 68 115 54 48 21
115 54 48 84 49 49 5
84 49 49 140 43 55 8
140 43 55 36 39 60 6
36 39 60 59 33 61 6
59 33 61 104 30 58 4
104 30 58 28 32 56 2
28 32 56 76 26 54 6
76 26 54 78 30 50 5
78 30 50 1 20 62 15
1 20 62 83 16 61 4
83 16 61 51 8 70 12
51 8 70 85 2 66 7
85 2 66 49 5 48 18
49 5 48 68 26 69 29
68 26 69 117 28 71 2
117 28 71 92 21 78 9
92 21 78 123 26 85 8
123 26 85 99 9 84 17
99 9 84 74 60 42 66
74 60 42 11 71 35 13
11 71 35 82 52 31 19
82 52 31 118 50 32 2
118 50 32 20 70 67 40
20 70 67 44 103 51 36
44 103 51 5 105 55 4
5 105 55 96 113 63 11
96 113 63 19 112 64 1
19 112 64 13 110 70 6
13 110 70 148 123 70 13
148 123 70 4 129 74 7
4 129 74 146 131 85 11
146 131 85 128 132 92 7
128 132 92 18 130 106 14
18 130 106 138 128 108 2
138 128 108 66 133 111 5
66 133 111 111 145 113 12
111 145 113 95 145 102 11
95 145 102 126 148 99 4
126 148 99 129 120 90 29
129 120 90 119 117 90 3
119 117 90 41 105 85 13
41 105 85 112 95 76 13
112 95 76 108 90 77 5
108 90 77 93 83 87 12
93 83 87 21 92 94 11
21 92 94 106 90 99 5
106 90 99 29 85 101 5
29 85 101 81 87 113 12
81 87 113 57 81 128 16
57 81 128 94 72 133 10
94 72 133 144 62 132 10
144 62 132 71 58 135 5
71 58 135 72 57 137 2
72 57 137 48 59 140 3
48 59 140 30 54 138 5
30 54 138 45 42 143 13
45 42 143 46 29 133 16
46 29 133 35 21 135 8
35 21 135 132 8 126 15
132 8 126 97 18 118 12
97 18 118 70 15 115 4
70 15 115 109 3 113 12
109 3 113 6 4 147 34
6 4 147 88 59 124 59
88 59 124 38 58 122 2
38 58 122 47 59 120 2
47 59 120 114 66 119 7
114 66 119 33 57 112 11
33 57 112 136 52 110 5
136 52 110 141 51 102 8
141 51 102 107 54 86 16
107 54 86 120 45 85 9
120 45 85 12 53 124 39
12 53 124 40 73 144 28
40 73 144 67 96 129 27
67 96 129 61 99 137 8
61 99 137 24 111 135 12
24 111 135 0 96 99 39
0 96 99 134 97 103 4
134 97 103 101 101 107 5
101 101 107 69 105 109 4
69 105 109 55 109 103 7
55 109 103 9 116 118 16
9 116 118 135 125 124 10
135 125 124 26 128 134 10
26 128 134 133 127 137 3
133 127 137 79 127 141 4
79 127 141 137 128 148 7
137 128 148 113 136 144 8
113 136 144 8 137 137 7
8 137 137 87 143 129 10
87 143 129 17 140 77 52
17 140 77 10 142 78 2
10 142 78 73 143 67 11
73 143 67 15 145 67 2
15 145 67 116 130 65 15
116 130 65 62 95 60 35
62 95 60 147 120 51 26
147 120 51 43 117 19 32
43 117 19 130 103 6 19
