26 28 49 28 28 49 0
28 28 49 81 38 46 10
81 38 46 96 39 40 6
96 39 40 23 33 36 7
23 33 36 4 26 27 11
4 26 27 123 28 22 5
123 28 22 101 28 14 8
101 28 14 43 21 15 7
43 21 15 120 17 12 5
120 17 12 59 10 7 8
59 10 7 72 4 12 7
72 4 12 88 0 19 8
88 0 19 38 1 23 4
38 1 23 54 13 28 13
54 13 28 48 25 4 26
48 25 4 115 18 0 8
115 18 0 0 39 12 24
0 39 12 46 42 0 12
46 42 0 67 42 0 0
67 42 0 92 51 1 9
92 51 1 65 47 41 40
65 47 41 3 51 42 4
3 51 42 11 51 56 14
11 51 56 79 56 67 12
79 56 67 84 61 77 11
84 61 77 97 66 75 5
97 66 75 25 54 79 12
25 54 79 14 56 83 4
14 56 83 105 52 85 4
105 52 85 64 49 89 5
64 49 89 12 43 89 6
12 43 89 40 37 88 6
40 37 88 102 30 95 9
102 30 95 27 25 105 11
27 25 105 109 23 104 2
109 23 104 52 19 105 4
52 19 105 116 15 108 5
116 15 108 41 13 103 5
41 13 103 29 12 103 1
29 12 103 107 9 105 3
107 9 105 13 6 108 4
13 6 108 7 4 122 14
7 4 122 76 7 99 23
76 7 99 33 36 109 30
33 36 109 44 40 112 5
44 40 112 36 41 115 3
36 41 115 86 40 117 2
86 40 117 47 33 123 9
47 33 123 68 30 119 5
68 30 119 91 47 118 17
91 47 118 114 48 115 3
114 48 115 45 33 76 41
45 33 76 121 26 80 8
121 26 80 119 25 83 3
119 25 83 22 12 82 13
22 12 82 93 2 78 10
93 2 78 83 6 67 11
83 6 67 17 5 52 15
17 5 52 61 11 49 6
61 11 49 74 0 38 15
74 0 38 63 32 68 43
63 32 68 106 58 89 33
106 58 89 66 56 99 10
66 56 99 98 69 106 14
98 69 106 82 74 104 5
82 74 104 110 76 103 2
110 76 103 50 87 112 14
50 87 112 53 83 116 5
53 83 116 1 47 34 89
1 47 34 5 51 33 4
5 51 33 90 63 37 12
90 63 37 80 70 30 9
80 70 30 78 71 29 1
78 71 29 8 70 28 1
8 70 28 31 66 26 4
31 66 26 71 72 22 7
71 72 22 30 78 16 8
30 78 16 89 75 13 4
89 75 13 55 72 11 3
55 72 11 35 74 5 6
35 74 5 42 84 6 10
42 84 6 69 89 0 7
69 89 0 113 104 4 15
113 104 4 20 100 12 8
20 100 12 118 99 14 2
118 99 14 16 100 15 1
16 100 15 94 100 18 3
94 100 18 103 114 19 14
103 114 19 58 117 20 3
58 117 20 57 121 18 4
57 121 18 85 120 24 6
85 120 24 21 116 12 12
21 116 12 70 62 13 54
70 62 13 10 63 6 7
10 63 6 99 77 31 28
99 77 31 2 82 33 5
2 82 33 32 89 37 8
32 89 37 87 99 47 14
87 99 47 37 92 52 8
37 92 52 77 91 60 8
77 91 60 51 104 66 14
51 104 66 24 114 66 10
24 114 66 122 121 61 8
122 121 61 108 112 53 12
108 112 53 117 114 43 10
117 114 43 95 119 40 5
95 119 40 62 122 41 3
62 122 41 104 115 74 33
104 115 74 75 108 78 8
75 108 78 39 108 90 12
39 108 90 34 106 95 5
34 106 95 18 103 106 11
18 103 106 6 103 119 13
6 103 119 15 115 90 31
15 115 90 112 117 95 5
112 117 95 73 123 110 16
73 123 110 60 123 114 4
60 123 114 111 97 84 39
111 97 84 9 93 88 5
9 93 88 100 95 75 13
100 95 75 19 90 77 5
19 90 77 49 89 74 3
49 89 74 56 86 26 48
56 86 26 26 28 49 62
