62 84 114 50 83 114 1
50 83 114 2 85 118 4
2 85 118 25 80 120 5
25 80 120 38 82 109 11
38 82 109 54 76 112 6
54 76 112 92 76 113 1
92 76 113 74 76 108 5
74 76 108 111 74 99 9
111 74 99 9 78 99 4
9 78 99 4 73 88 12
4 73 88 22 81 83 9
22 81 83 30 89 89 10
30 89 89 63 99 90 10
63 99 90 29 105 81 10
29 105 81 32 110 85 6
32 110 85 120 115 83 5
120 115 83 18 119 80 5
18 119 80 8 115 91 11
8 115 91 17 96 76 24
17 96 76 78 91 73 5
78 91 73 94 102 71 11
94 102 71 116 107 71 5
116 107 71 99 99 64 10
99 99 64 35 97 59 5
35 97 59 80 97 55 4
80 97 55 10 100 49 6
10 100 49 19 91 54 10
19 91 54 13 88 58 5
13 88 58 46 83 55 5
46 83 55 112 85 52 3
112 85 52 26 84 48 4
26 84 48 88 85 47 1
88 85 47 21 88 44 4
21 88 44 5 86 38 6
5 86 38 79 84 35 3
79 84 35 57 79 41 7
57 79 41 55 73 38 6
55 73 38 70 62 32 12
70 62 32 51 69 23 11
51 69 23 91 77 18 9
91 77 18 72 80 14 5
72 80 14 34 91 8 12
34 91 8 52 101 8 10
52 101 8 106 103 8 2
106 103 8 23 115 5 12
23 115 5 56 119 10 6
56 119 10 73 116 15 5
73 116 15 117 111 27 13
117 111 27 65 109 32 5
65 109 32 90 104 32 5
90 104 32 45 119 32 15
45 119 32 83 118 39 7
83 118 39 39 102 15 28
39 102 15 113 96 20 7
113 96 20 37 71 13 25
37 71 13 75 69 12 2
75 69 12 85 70 4 8
85 70 4 43 90 34 36
43 90 34 47 79 60 28
47 79 60 105 67 56 12
105 67 56 96 67 50 6
96 67 50 36 61 45 7
36 61 45 109 56 54 10
109 56 54 103 51 46 9
103 51 46 16 40 47 11
16 40 47 28 36 45 4
28 36 45 11 35 36 9
11 35 36 20 36 36 1
20 36 36 101 35 32 4
101 35 32 31 47 28 12
31 47 28 95 53 16 13
95 53 16 119 41 14 12
119 41 14 3 36 13 5
3 36 13 82 38 54 41
82 38 54 41 30 58 8
41 30 58 0 41 63 12
0 41 63 15 38 65 3
15 38 65 33 35 69 5
33 35 69 49 37 73 4
49 37 73 61 38 72 1
61 38 72 86 44 72 6
86 44 72 89 41 79 7
89 41 79 48 36 85 7
48 36 85 7 36 88 3
7 36 88 68 40 97 9
68 40 97 114 45 97 5
114 45 97 77 53 95 8
77 53 95 64 45 109 16
64 45 109 69 48 114 5
69 48 114 98 46 116 2
98 46 116 102 45 115 1
102 45 115 66 35 111 10
66 35 111 42 30 116 7
42 30 116 60 17 114 13
60 17 114 100 1 114 16
100 1 114 53 52 115 51
53 52 115 81 63 118 11
81 63 118 59 27 82 50
59 27 82 12 22 83 5
12 22 83 40 15 80 7
40 15 80 14 12 88 8
14 12 88 6 18 72 17
6 18 72 104 25 72 7
104 25 72 71 16 60 15
71 16 60 76 12 57 5
76 12 57 107 1 56 11
107 1 56 67 21 46 22
67 21 46 1 15 37 10
1 15 37 44 15 27 10
44 15 27 27 15 13 14
27 15 13 115 13 9 4
115 13 9 118 15 0 9
118 15 0 93 24 3 9
93 24 3 58 1 7 23
58 1 7 97 1 32 25
97 1 32 87 103 101 123
87 103 101 24 107 104 5
24 107 104 108 109 110 6
108 109 110 84 74 73 50
84 74 73 110 70 72 4
110 70 72 62 84 114 44
