11 49 29 33 49 29 0
33 49 29 10 46 33 5
10 46 33 15 45 32 1
15 45 32 8 40 30 5
8 40 30 40 33 25 8
40 33 25 27 33 21 4
27 33 21 38 25 15 10
38 25 15 35 26 10 5
35 26 10 21 25 6 4
21 25 6 25 29 3 5
25 29 3 4 39 6 10
4 39 6 45 39 4 2
45 39 4 18 44 4 5
18 44 4 39 49 3 5
39 49 3 3 20 6 29
3 20 6 17 45 38 40
17 45 38 44 43 42 4
44 43 42 32 41 42 2
32 41 42 34 37 44 4
34 37 44 16 37 45 1
16 37 45 5 30 49 8
5 30 49 37 26 49 4
37 26 49 20 24 44 5
20 24 44 26 22 36 8
26 22 36 48 23 33 3
48 23 33 28 17 32 6
28 17 32 24 14 26 6
24 14 26 7 13 23 3
7 13 23 23 11 15 8
23 11 15 19 5 15 6
19 5 15 30 4 11 4
30 4 11 9 2 11 2
9 2 11 1 1 8 3
1 1 8 41 8 6 7
41 8 6 0 8 4 2
0 8 4 42 10 3 2
42 10 3 2 9 1 2
2 9 1 22 11 28 27
22 11 28 31 4 32 8
31 4 32 6 3 25 7
6 3 25 14 12 37 15
14 12 37 12 8 41 5
12 8 41 36 9 42 1
36 9 42 29 15 41 6
29 15 41 47 24 25 18
47 24 25 43 46 23 22
43 46 23 13 42 19 5
13 42 19 46 44 17 2
46 44 17 49 49 17 5
49 49 17 11 49 29 12
