64 41 64 57 41 64 0
57 41 64 4 38 61 4
4 38 61 8 36 58 3
8 36 58 24 43 52 9
24 43 52 33 43 49 3
33 43 49 59 40 46 4
59 40 46 34 44 42 5
34 44 42 6 45 42 1
6 45 42 52 46 41 1
52 46 41 22 41 38 5
22 41 38 41 39 36 2
41 39 36 55 40 34 2
55 40 34 18 36 25 9
18 36 25 35 36 40 15
35 36 40 61 37 42 2
61 37 42 14 32 40 5
14 32 40 25 31 41 1
25 31 41 53 32 41 1
53 32 41 65 32 48 7
65 32 48 32 28 51 5
32 28 51 49 23 48 5
49 23 48 46 23 48 0
46 23 48 12 19 46 4
12 19 46 1 13 41 7
1 13 41 56 14 37 4
56 14 37 15 12 35 2
15 12 35 42 6 36 6
42 6 36 17 5 34 2
17 5 34 37 7 30 4
37 7 30 50 2 28 5
50 2 28 29 1 30 2
29 1 30 11 1 44 14
11 1 44 63 1 52 8
63 1 52 45 3 53 2
45 3 53 54 8 65 13
54 8 65 21 23 47 23
21 23 47 2 30 37 12
2 30 37 19 25 34 5
19 25 34 48 22 25 9
48 22 25 10 19 22 4
10 19 22 58 16 15 7
58 16 15 26 13 12 4
26 13 12 7 12 4 8
7 12 4 47 1 8 11
47 1 8 39 0 12 4
39 0 12 62 1 1 11
62 1 1 13 51 45 66
13 51 45 40 57 36 10
40 57 36 27 58 28 8
27 58 28 28 57 22 6
28 57 22 60 50 25 7
60 50 25 5 48 27 2
5 48 27 23 50 28 2
23 50 28 3 52 14 14
3 52 14 30 49 6 8
30 49 6 44 41 4 8
44 41 4 0 33 12 11
0 33 12 20 29 11 4
20 29 11 38 26 5 6
38 26 5 36 63 12 37
36 63 12 9 56 56 44
9 56 56 51 60 63 8
51 60 63 31 64 62 4
31 64 62 43 33 62 31
43 33 62 16 24 65 9
16 24 65 64 41 64 17
