7 26 17 40 25 16 1
40 25 16 25 22 12 5
25 22 12 45 20 18 6
45 20 18 60 12 15 8
60 12 15 16 14 9 6
16 14 9 38 15 2 7
38 15 2 5 14 1 1
5 14 1 30 3 17 19
30 3 17 51 1 11 6
51 1 11 3 30 15 29
3 30 15 31 32 14 2
31 32 14 55 29 10 5
55 29 10 34 37 17 10
34 37 17 12 38 8 9
12 38 8 54 43 10 5
54 43 10 1 50 8 7
1 50 8 23 52 14 6
23 52 14 20 55 18 5
20 55 18 11 54 21 3
11 54 21 13 50 25 5
13 50 25 27 52 30 5
27 52 30 32 56 28 4
32 56 28 10 59 17 11
10 59 17 39 59 11 6
39 59 11 52 56 6 5
52 56 6 26 53 1 5
26 53 1 59 45 1 8
59 45 1 37 36 0 9
37 36 0 44 28 25 26
44 28 25 36 20 27 8
36 20 27 22 14 25 6
22 14 25 21 19 34 10
21 19 34 48 18 43 9
48 18 43 15 14 45 4
15 14 45 57 6 48 8
57 6 48 49 1 43 7
49 1 43 2 3 32 11
2 3 32 8 24 50 27
8 24 50 14 31 45 8
14 31 45 6 34 46 3
6 34 46 58 37 49 4
58 37 49 19 34 52 4
19 34 52 29 32 54 2
29 32 54 53 30 58 4
53 30 58 42 37 61 7
42 37 61 0 40 61 3
0 40 61 41 40 54 7
41 40 54 24 43 51 4
24 43 51 61 48 58 8
61 48 58 17 52 52 7
17 52 52 9 58 57 7
9 58 57 56 59 60 3
56 59 60 28 56 44 16
28 56 44 33 59 46 3
33 59 46 35 57 39 7
35 57 39 43 42 43 15
43 42 43 47 44 37 6
47 44 37 50 30 42 14
50 30 42 46 29 39 3
46 29 39 18 16 57 22
18 16 57 4 13 60 4
4 13 60 7 26 17 44
