30 6 2 43 7 1 1
43 7 1 25 6 7 6
25 6 7 21 5 8 1
21 5 8 34 10 15 8
34 10 15 26 14 12 5
26 14 12 17 18 7 6
17 18 7 55 17 5 2
55 17 5 31 17 1 4
31 17 1 3 22 11 11
3 22 11 27 19 17 6
27 19 17 44 23 4 13
44 23 4 23 31 4 8
23 31 4 8 38 2 7
8 38 2 59 43 7 7
59 43 7 13 52 7 9
13 52 7 62 57 3 6
62 57 3 61 60 2 3
61 60 2 41 63 3 3
41 63 3 53 49 15 18
53 49 15 5 47 17 2
5 47 17 45 46 17 1
45 46 17 18 39 24 9
18 39 24 16 36 29 5
16 36 29 9 38 30 2
9 38 30 52 32 36 8
52 32 36 65 30 37 2
65 30 37 67 29 42 5
67 29 42 60 24 42 5
60 24 42 38 24 47 5
38 24 47 35 21 58 11
35 21 58 48 16 60 5
48 16 60 39 12 63 5
39 12 63 19 17 42 21
19 17 42 56 8 41 9
56 8 41 63 2 40 6
63 2 40 7 1 33 7
7 1 33 49 0 31 2
49 0 31 22 1 49 18
22 1 49 40 25 36 27
40 25 36 28 22 29 7
28 22 29 57 36 41 18
57 36 41 37 40 45 5
37 40 45 29 41 41 4
29 41 41 54 46 39 5
54 46 39 12 52 37 6
12 52 37 33 52 39 2
33 52 39 14 56 37 4
14 56 37 32 63 36 7
32 63 36 10 63 28 8
10 63 28 58 65 28 2
58 65 28 2 60 25 5
2 60 25 42 58 26 2
42 58 26 64 67 20 10
64 67 20 47 43 51 39
47 43 51 20 47 54 5
20 47 54 1 52 50 6
1 52 50 46 50 61 11
46 50 61 4 52 65 4
4 52 65 0 63 67 11
0 63 67 51 39 60 25
51 39 60 24 39 62 2
24 39 62 50 32 12 50
50 32 12 66 30 12 2
66 30 12 15 32 16 4
15 32 16 6 31 18 2
6 31 18 11 10 22 21
11 10 22 36 10 23 1
36 10 23 30 6 2 21
