63 35 48 57 35 48 0
57 35 48 73 39 55 8
73 39 55 71 40 61 6
71 40 61 76 37 66 5
76 37 66 66 30 59 9
66 30 59 68 43 47 17
68 43 47 48 42 44 3
48 42 44 23 38 40 5
23 38 40 10 34 39 4
10 34 39 13 47 50 17
13 47 50 27 48 48 2
27 48 48 0 49 40 8
0 49 40 8 58 37 9
8 58 37 74 59 35 2
74 59 35 18 58 31 4
18 58 31 39 56 29 2
39 56 29 5 53 28 3
5 53 28 65 48 31 5
65 48 31 55 57 25 10
55 57 25 19 63 20 7
19 63 20 12 65 22 2
12 65 22 72 66 24 2
72 66 24 4 66 26 2
4 66 26 33 69 28 3
33 69 28 37 74 33 7
37 74 33 32 75 41 8
32 75 41 78 71 43 4
78 71 43 47 71 50 7
47 71 50 40 66 56 7
40 66 56 54 72 59 6
54 72 59 2 72 63 4
2 72 63 24 73 72 9
24 73 72 31 60 63 15
31 60 63 20 53 63 7
20 53 63 38 51 63 2
38 51 63 17 53 65 2
17 53 65 69 53 71 6
69 53 71 21 60 74 7
21 60 74 51 61 74 1
51 61 74 25 56 79 7
25 56 79 42 56 54 25
42 56 54 62 69 19 37
62 69 19 56 70 17 2
56 70 17 58 71 13 4
58 71 13 52 74 12 3
52 74 12 43 65 12 9
43 65 12 61 64 8 4
61 64 8 14 65 6 2
14 65 6 53 71 4 6
53 71 4 16 60 0 11
16 60 0 11 59 10 10
11 59 10 60 53 10 6
60 53 10 70 47 8 6
70 47 8 67 45 3 5
67 45 3 6 50 4 5
6 50 4 35 42 19 17
35 42 19 15 34 24 9
15 34 24 77 30 20 5
77 30 20 49 29 20 1
49 29 20 22 24 9 12
22 24 9 30 26 5 4
30 26 5 41 27 3 2
41 27 3 36 15 2 12
36 15 2 64 29 27 28
64 29 27 28 24 32 7
28 24 32 75 22 31 2
75 22 31 34 21 34 3
34 21 34 3 21 43 9
3 21 43 45 10 46 11
45 10 46 79 1 50 9
79 1 50 44 0 55 5
44 0 55 7 4 61 7
7 4 61 9 10 61 6
9 10 61 1 15 55 7
1 15 55 50 12 71 16
50 12 71 29 13 77 6
29 13 77 26 4 79 9
26 4 79 46 15 26 54
46 15 26 59 9 28 6
59 9 28 63 35 48 32
