68 6 4 27 7 5 1
27 7 5 34 9 2 3
34 9 2 73 10 3 1
73 10 3 59 12 3 2
59 12 3 8 13 10 7
8 13 10 52 19 22 13
52 19 22 25 21 26 4
25 21 26 66 27 30 7
66 27 30 30 25 32 2
30 25 32 54 23 36 4
54 23 36 45 22 35 1
45 22 35 61 14 38 8
61 14 38 62 30 40 16
62 30 40 70 35 46 7
70 35 46 1 30 50 6
1 30 50 11 24 50 6
11 24 50 43 14 53 10
43 14 53 65 5 52 9
65 5 52 57 4 47 5
57 4 47 77 0 60 13
77 0 60 44 30 58 30
44 30 58 42 35 65 8
42 35 65 46 42 64 7
46 42 64 40 49 69 8
40 49 69 2 51 73 4
2 51 73 5 53 81 8
5 53 81 85 67 73 16
85 67 73 63 75 70 8
63 75 70 20 82 72 7
20 82 72 3 85 60 12
3 85 60 53 72 60 13
53 72 60 16 71 47 13
16 71 47 48 71 45 2
48 71 45 51 69 44 2
51 69 44 69 62 37 9
69 62 37 75 63 32 5
75 63 32 71 58 27 7
71 58 27 7 52 35 10
7 52 35 41 48 35 4
41 48 35 21 47 31 4
21 47 31 13 76 44 31
13 76 44 49 80 46 4
49 80 46 22 81 37 9
22 81 37 35 83 31 6
35 83 31 56 85 30 2
56 85 30 38 80 23 8
38 80 23 55 85 22 5
55 85 22 18 75 23 10
18 75 23 26 76 18 5
26 76 18 12 82 13 7
12 82 13 60 79 5 8
60 79 5 6 78 6 1
6 78 6 47 77 3 3
47 77 3 72 76 3 1
72 76 3 67 78 0 3
67 78 0 74 73 4 6
74 73 4 19 72 1 3
19 72 1 29 67 5 6
29 67 5 9 63 9 5
9 63 9 79 65 11 2
79 65 11 78 63 12 2
78 63 12 14 52 14 11
14 52 14 33 74 82 71
33 74 82 24 50 56 35
24 50 56 36 39 74 21
36 39 74 0 36 83 9
0 36 83 31 28 76 10
31 28 76 76 21 79 7
76 21 79 10 13 69 12
10 13 69 84 11 71 2
84 11 71 83 7 73 4
83 7 73 17 3 83 10
17 3 83 37 31 26 63
37 31 26 32 27 18 8
32 27 18 23 32 18 5
23 32 18 81 33 16 2
81 33 16 4 27 10 8
4 27 10 28 14 27 21
28 14 27 80 7 27 7
80 7 27 58 2 24 5
58 2 24 39 5 22 3
39 5 22 50 0 28 7
50 0 28 64 1 28 1
64 1 28 15 3 34 6
15 3 34 82 6 37 4
82 6 37 68 6 4 33
