30 80 69 75 79 68 1
75 79 68 42 76 68 3
42 76 68 69 68 71 8
69 68 71 40 58 73 10
40 58 73 15 59 85 12
15 59 85 62 57 87 2
62 57 87 81 77 59 34
81 77 59 21 80 56 4
21 80 56 84 80 52 4
84 80 52 65 81 46 6
65 81 46 41 84 42 5
41 84 42 90 78 36 8
90 78 36 32 76 37 2
32 76 37 55 73 32 5
55 73 32 86 74 30 2
86 74 30 29 65 27 9
29 65 27 25 61 30 5
25 61 30 12 55 23 9
12 55 23 34 54 20 3
34 54 20 47 46 19 8
47 46 19 61 43 21 3
61 43 21 18 39 19 4
18 39 19 50 29 21 10
50 29 21 23 29 29 8
23 29 29 70 26 29 3
70 26 29 64 22 30 4
64 22 30 85 26 36 7
85 26 36 80 27 38 2
80 27 38 83 34 37 7
83 34 37 57 37 43 6
57 37 43 66 27 54 14
66 27 54 56 29 55 2
56 29 55 53 40 32 25
53 40 32 49 49 33 9
49 49 33 72 24 39 25
72 24 39 44 46 15 32
44 46 15 82 42 15 4
82 42 15 54 41 9 6
54 41 9 87 43 8 2
87 43 8 48 36 9 7
48 36 9 78 57 11 21
78 57 11 52 57 1 10
52 57 1 6 68 19 21
6 68 19 2 66 17 2
2 66 17 58 84 30 22
58 84 30 31 86 20 10
31 86 20 28 79 13 9
28 79 13 76 73 3 11
76 73 3 19 72 3 1
19 72 3 36 85 3 13
36 85 3 35 87 2 2
35 87 2 68 88 51 49
68 88 51 59 72 51 16
59 72 51 13 69 56 5
13 69 56 89 65 53 5
89 65 53 73 60 56 5
73 60 56 14 56 50 7
14 56 50 26 58 47 3
26 58 47 5 57 44 3
5 57 44 63 51 62 18
63 51 62 46 46 61 5
46 46 61 10 37 68 11
10 37 68 22 36 74 6
22 36 74 4 33 79 5
4 33 79 79 36 85 6
79 36 85 39 25 84 11
39 25 84 60 23 84 2
60 23 84 11 19 82 4
11 19 82 8 17 87 5
8 17 87 38 12 78 10
38 12 78 0 6 76 6
0 6 76 45 6 87 11
45 6 87 77 0 84 6
77 0 84 9 16 67 23
9 16 67 3 10 57 11
3 10 57 51 12 53 4
51 12 53 71 10 50 3
71 10 50 43 11 46 4
43 11 46 17 4 40 9
17 4 40 74 3 35 5
74 3 35 1 8 17 18
1 8 17 20 4 12 6
20 4 12 24 8 5 8
24 8 5 33 2 3 6
33 2 3 67 1 3 1
67 1 3 27 5 54 51
27 5 54 16 42 73 41
16 42 73 37 70 45 39
37 70 45 88 80 74 30
88 80 74 7 80 81 7
7 80 81 30 80 69 12
