70 18 19 50 18 19 0
50 18 19 87 19 18 1
87 19 18 45 26 21 7
45 26 21 58 28 15 6
58 28 15 75 28 15 0
75 28 15 89 38 12 10
89 38 12 20 42 9 5
20 42 9 93 45 9 3
93 45 9 19 46 13 4
19 46 13 8 50 9 5
8 50 9 78 47 2 7
78 47 2 33 42 1 5
33 42 1 1 62 6 20
1 62 6 15 77 0 16
15 77 0 41 79 6 6
41 79 6 86 87 4 8
86 87 4 64 90 1 4
64 90 1 47 41 19 52
47 41 19 39 20 27 22
39 20 27 53 15 31 6
53 15 31 2 17 37 6
2 17 37 16 22 39 5
16 22 39 37 24 40 2
37 24 40 67 25 50 10
67 25 50 71 21 52 4
71 21 52 54 23 55 3
54 23 55 69 18 55 5
69 18 55 60 18 59 4
60 18 59 77 9 56 9
77 9 56 79 3 59 6
79 3 59 40 2 68 9
40 2 68 38 0 69 2
38 0 69 52 19 69 19
52 19 69 73 26 69 7
73 26 69 18 16 80 14
18 16 80 32 28 54 28
32 28 54 48 35 51 7
48 35 51 62 43 49 8
62 43 49 23 44 46 3
23 44 46 35 52 55 12
35 52 55 6 50 65 10
6 50 65 68 47 64 3
68 47 64 21 39 69 9
21 39 69 44 50 72 11
44 50 72 88 46 79 8
88 46 79 26 39 83 8
26 39 83 31 37 81 2
31 37 81 4 30 84 7
4 30 84 22 51 87 21
22 51 87 10 56 79 9
10 56 79 81 66 79 10
81 66 79 57 66 82 3
57 66 82 17 66 85 3
17 66 85 27 79 92 14
27 79 92 49 81 91 2
49 81 91 95 84 94 4
95 84 94 13 88 90 5
13 88 90 85 81 84 9
85 81 84 36 82 81 3
36 82 81 25 92 78 10
25 92 78 56 92 79 1
56 92 79 46 66 70 27
46 66 70 76 22 34 56
76 22 34 51 9 36 13
51 9 36 3 4 39 5
3 4 39 30 3 35 4
30 3 35 14 0 24 11
14 0 24 28 31 29 31
28 31 29 43 33 32 3
43 33 32 83 39 37 7
83 39 37 61 43 30 8
61 43 30 65 52 35 10
65 52 35 94 54 33 2
94 54 33 42 63 36 9
42 63 36 74 68 35 5
74 68 35 5 72 36 4
5 72 36 59 78 47 12
59 78 47 29 78 55 8
29 78 55 55 73 56 5
55 73 56 90 73 60 4
90 73 60 72 77 64 5
72 77 64 12 82 66 5
12 82 66 82 82 63 3
82 82 63 34 84 59 4
34 84 59 63 89 63 6
63 89 63 84 67 54 23
84 67 54 11 84 29 30
11 84 29 91 93 29 9
91 93 29 0 94 26 3
0 94 26 80 92 35 9
80 92 35 24 63 28 29
24 63 28 9 70 25 7
9 70 25 92 16 4 57
92 16 4 66 10 3 6
66 10 3 7 2 5 8
7 2 5 70 18 19 21
