1 8 17 0 6 76 
0 6 76 3 10 57 
3 10 57 9 16 67 
9 16 67 27 5 54 
27 5 54 56 29 55 
56 29 55 66 27 54 
66 27 54 71 10 50 
71 10 50 43 11 46 
43 11 46 51 12 53 
51 12 53 21 80 56 
21 80 56 7 80 81 
7 80 81 13 69 56 
13 69 56 59 72 51 
59 72 51 89 65 53 
89 65 53 26 58 47 
26 58 47 5 57 44 
5 57 44 14 56 50 
14 56 50 73 60 56 
73 60 56 19 72 3 
19 72 3 2 66 17 
2 66 17 6 68 19 
6 68 19 25 61 30 
25 61 30 29 65 27 
29 65 27 35 87 2 
35 87 2 31 86 20 
31 86 20 28 79 13 
28 79 13 36 85 3 
36 85 3 52 57 1 
52 57 1 78 57 11 
78 57 11 76 73 3 
76 73 3 65 81 46 
65 81 46 37 70 45 
37 70 45 41 84 42 
41 84 42 90 78 36 
90 78 36 32 76 37 
32 76 37 58 84 30 
58 84 30 86 74 30 
86 74 30 55 73 32 
55 73 32 68 88 51 
68 88 51 75 79 68 
75 79 68 30 80 69 
30 80 69 88 80 74 
88 80 74 42 76 68 
42 76 68 69 68 71 
69 68 71 15 59 85 
15 59 85 62 57 87 
62 57 87 40 58 73 
40 58 73 81 77 59 
81 77 59 84 80 52 
84 80 52 38 12 78 
38 12 78 77 0 84 
77 0 84 45 6 87 
45 6 87 79 36 85 
79 36 85 4 33 79 
4 33 79 22 36 74 
22 36 74 16 42 73 
16 42 73 10 37 68 
10 37 68 46 46 61 
46 46 61 63 51 62 
63 51 62 39 25 84 
39 25 84 60 23 84 
60 23 84 11 19 82 
11 19 82 8 17 87 
8 17 87 18 39 19 
18 39 19 47 46 19 
47 46 19 34 54 20 
34 54 20 12 55 23 
12 55 23 44 46 15 
44 46 15 61 43 21 
61 43 21 50 29 21 
50 29 21 53 40 32 
53 40 32 49 49 33 
49 49 33 83 34 37 
83 34 37 57 37 43 
57 37 43 82 42 15 
82 42 15 87 43 8 
87 43 8 54 41 9 
54 41 9 48 36 9 
48 36 9 20 4 12 
20 4 12 24 8 5 
24 8 5 33 2 3 
33 2 3 67 1 3 
67 1 3 64 22 30 
64 22 30 23 29 29 
23 29 29 70 26 29 
70 26 29 85 26 36 
85 26 36 72 24 39 
72 24 39 80 27 38 
80 27 38 74 3 35 
74 3 35 17 4 40 
17 4 40 1 8 17