35 91 92 1 119 101 
1 119 101 94 117 90 
94 117 90 48 123 84 
48 123 84 108 123 111 
108 123 111 14 134 106 
14 134 106 74 136 109 
74 136 109 75 136 106 
75 136 106 4 79 76 
4 79 76 86 67 77 
86 67 77 16 63 71 
16 63 71 18 67 77 
18 67 77 60 66 85 
60 66 85 90 65 91 
90 65 91 137 80 80 
137 80 80 37 46 42 
37 46 42 9 66 55 
9 66 55 67 67 61 
67 67 61 131 76 64 
131 76 64 82 78 51 
82 78 51 10 83 53 
10 83 53 44 77 54 
44 77 54 0 34 29 
0 34 29 27 19 14 
27 19 14 5 17 19 
5 17 19 2 10 14 
2 10 14 107 11 16 
107 11 16 112 0 11 
112 0 11 59 22 21 
59 22 21 139 17 23 
139 17 23 104 19 11 
104 19 11 33 98 2 
33 98 2 6 98 1 
6 98 1 25 113 0 
25 113 0 70 121 11 
70 121 11 85 124 38 
85 124 38 56 139 40 
56 139 40 120 138 52 
120 138 52 115 129 41 
115 129 41 69 130 44 
69 130 44 116 113 42 
116 113 42 22 103 48 
22 103 48 105 106 36 
105 106 36 140 114 23 
140 114 23 110 96 6 
110 96 6 119 136 3 
119 136 3 57 139 9 
57 139 9 13 132 11 
13 132 11 122 74 22 
122 74 22 20 88 23 
20 88 23 133 86 29 
133 86 29 65 69 33 
65 69 33 126 60 20 
126 60 20 129 77 12 
129 77 12 63 77 6 
63 77 6 72 83 12 
72 83 12 83 89 15 
83 89 15 77 43 25 
77 43 25 41 44 8 
41 44 8 8 39 4 
8 39 4 102 37 4 
102 37 4 68 59 4 
68 59 4 123 43 22 
123 43 22 88 31 32 
88 31 32 49 19 28 
49 19 28 92 8 27 
92 8 27 124 6 38 
124 6 38 141 29 41 
141 29 41 15 22 62 
15 22 62 62 16 54 
62 16 54 40 13 60 
40 13 60 78 16 49 
78 16 49 79 3 57 
79 3 57 95 40 88 
95 40 88 11 52 84 
11 52 84 61 51 90 
61 51 90 52 35 107 
52 35 107 32 43 107 
32 43 107 100 47 106 
100 47 106 136 44 104 
136 44 104 38 23 109 
38 23 109 39 20 115 
39 20 115 53 47 129 
53 47 129 45 28 141 
45 28 141 130 26 137 
130 26 137 54 37 118 
54 37 118 47 33 122 
47 33 122 91 38 119 
91 38 119 46 42 121 
46 42 121 114 34 100 
114 34 100 118 37 112 
118 37 112 93 45 89 
93 45 89 99 44 81 
99 44 81 19 44 75 
19 44 75 101 48 70 
101 48 70 98 5 72 
98 5 72 138 7 73 
138 7 73 127 6 91 
127 6 91 17 5 82 
17 5 82 26 3 85 
26 3 85 42 16 83 
42 16 83 28 10 108 
28 10 108 96 9 117 
96 9 117 143 2 139 
143 2 139 51 12 134 
51 12 134 132 25 47 
132 25 47 76 107 68 
76 107 68 29 110 67 
29 110 67 58 129 63 
58 129 63 117 103 66 
117 103 66 87 103 99 
87 103 99 7 110 98 
7 110 98 64 107 110 
64 107 110 71 102 96 
71 102 96 106 105 97 
106 105 97 103 91 116 
103 91 116 21 95 108 
21 95 108 31 87 113 
31 87 113 36 87 119 
36 87 119 80 85 142 
80 85 142 24 93 133 
24 93 133 55 90 132 
55 90 132 89 92 126 
89 92 126 84 69 142 
84 69 142 121 58 140 
121 58 140 97 78 120 
97 78 120 12 70 118 
12 70 118 66 64 125 
66 64 125 30 70 129 
30 70 129 125 64 131 
125 64 131 142 61 119 
142 61 119 109 81 102 
109 81 102 43 64 103 
43 64 103 50 79 94 
50 79 94 113 90 99 
113 90 99 128 130 136 
128 130 136 23 135 132 
23 135 132 34 133 121 
34 133 121 73 132 115 
73 132 115 3 127 118 
3 127 118 81 115 123 
81 115 123 135 119 126 
135 119 126 134 115 134 
134 115 134 111 126 141 
111 126 141 35 91 92