1 62 6 15 77 0 
15 77 0 41 79 6 
41 79 6 0 94 26 
0 94 26 7 2 5 
7 2 5 50 18 19 
50 18 19 14 0 24 
14 0 24 30 3 35 
30 3 35 3 4 39 
3 4 39 51 9 36 
51 9 36 70 18 19 
70 18 19 76 22 34 
76 22 34 2 17 37 
2 17 37 37 24 40 
37 24 40 16 22 39 
16 22 39 53 15 31 
53 15 31 39 20 27 
39 20 27 67 25 50 
67 25 50 32 28 54 
32 28 54 54 23 55 
54 23 55 71 21 52 
71 21 52 69 18 55 
69 18 55 60 18 59 
60 18 59 87 19 18 
87 19 18 45 26 21 
45 26 21 58 28 15 
58 28 15 75 28 15 
75 28 15 66 10 3 
66 10 3 92 16 4 
92 16 4 11 84 29 
11 84 29 57 66 82 
57 66 82 17 66 85 
17 66 85 22 51 87 
22 51 87 10 56 79 
10 56 79 27 79 92 
27 79 92 49 81 91 
49 81 91 95 84 94 
95 84 94 13 88 90 
13 88 90 31 37 81 
31 37 81 4 30 84 
4 30 84 18 16 80 
18 16 80 40 2 68 
40 2 68 38 0 69 
38 0 69 79 3 59 
79 3 59 77 9 56 
77 9 56 21 39 69 
21 39 69 68 47 64 
68 47 64 6 50 65 
6 50 65 73 26 69 
73 26 69 52 19 69 
52 19 69 26 39 83 
26 39 83 88 46 79 
88 46 79 44 50 72 
44 50 72 46 66 70 
46 66 70 56 92 79 
56 92 79 25 92 78 
25 92 78 36 82 81 
36 82 81 85 81 84 
85 81 84 81 66 79 
81 66 79 90 73 60 
90 73 60 55 73 56 
55 73 56 29 78 55 
29 78 55 59 78 47 
59 78 47 72 77 64 
72 77 64 82 82 63 
82 82 63 12 82 66 
12 82 66 34 84 59 
34 84 59 63 89 63 
63 89 63 84 67 54 
84 67 54 91 93 29 
91 93 29 80 92 35 
80 92 35 94 54 33 
94 54 33 24 63 28 
24 63 28 9 70 25 
9 70 25 42 63 36 
42 63 36 74 68 35 
74 68 35 5 72 36 
5 72 36 47 41 19 
47 41 19 20 42 9 
20 42 9 8 50 9 
8 50 9 19 46 13 
19 46 13 33 42 1 
33 42 1 78 47 2 
78 47 2 89 38 12 
89 38 12 93 45 9 
93 45 9 65 52 35 
65 52 35 83 39 37 
83 39 37 43 33 32 
43 33 32 28 31 29 
28 31 29 61 43 30 
61 43 30 62 43 49 
62 43 49 23 44 46 
23 44 46 35 52 55 
35 52 55 48 35 51 
48 35 51 86 87 4 
86 87 4 64 90 1 
64 90 1 1 62 6