1 1 55 33 2 49 
33 2 49 24 3 43 
24 3 43 43 0 31 
43 0 31 8 5 23 
8 5 23 36 1 17 
36 1 17 19 20 27 
19 20 27 6 16 16 
6 16 16 46 13 19 
46 13 19 47 10 21 
47 10 21 54 11 15 
54 11 15 2 13 15 
2 13 15 52 8 10 
52 8 10 12 0 1 
12 0 1 13 4 11 
13 4 11 18 15 24 
18 15 24 15 17 25 
15 17 25 0 38 50 
0 38 50 27 56 24 
27 56 24 37 56 26 
37 56 26 44 46 27 
44 46 27 48 35 24 
48 35 24 49 53 20 
49 53 20 35 52 14 
35 52 14 31 49 48 
31 49 48 14 55 42 
14 55 42 51 49 53 
51 49 53 5 50 51 
5 50 51 38 26 41 
38 26 41 26 23 38 
26 23 38 16 20 38 
16 20 38 30 27 43 
30 27 43 32 22 46 
32 22 46 28 19 45 
28 19 45 45 13 49 
45 13 49 39 37 38 
39 37 38 22 43 41 
22 43 41 55 28 54 
55 28 54 21 16 37 
21 16 37 20 17 37 
20 17 37 25 36 10 
25 36 10 11 39 4 
11 39 4 9 48 1 
9 48 1 41 56 3 
41 56 3 23 39 9 
23 39 9 29 30 3 
29 30 3 3 29 2 
3 29 2 4 30 5 
4 30 5 10 24 10 
10 24 10 40 28 7 
40 28 7 34 42 10 
34 42 10 17 46 12 
17 46 12 42 47 7 
42 47 7 50 52 7 
50 52 7 53 46 7 
53 46 7 56 41 8 
56 41 8 7 2 53 
7 2 53 1 1 55