52 56 6 1 50 8 
1 50 8 26 53 1 
26 53 1 39 59 11 
39 59 11 11 54 21 
11 54 21 32 56 28 
32 56 28 27 52 30 
27 52 30 0 40 61 
0 40 61 5 14 1 
5 14 1 3 30 15 
3 30 15 31 32 14 
31 32 14 34 37 17 
34 37 17 36 20 27 
36 20 27 21 19 34 
21 19 34 22 14 25 
22 14 25 44 28 25 
44 28 25 37 36 0 
37 36 0 12 38 8 
12 38 8 54 43 10 
54 43 10 59 45 1 
59 45 1 40 25 16 
40 25 16 7 26 17 
7 26 17 25 22 12 
25 22 12 45 20 18 
45 20 18 55 29 10 
55 29 10 16 14 9 
16 14 9 30 3 17 
30 3 17 51 1 11 
51 1 11 60 12 15 
60 12 15 38 15 2 
38 15 2 14 31 45 
14 31 45 6 34 46 
6 34 46 58 37 49 
58 37 49 8 24 50 
8 24 50 46 29 39 
46 29 39 50 30 42 
50 30 42 17 52 52 
17 52 52 33 59 46 
33 59 46 28 56 44 
28 56 44 35 57 39 
35 57 39 56 59 60 
56 59 60 9 58 57 
9 58 57 61 48 58 
61 48 58 41 40 54 
41 40 54 19 34 52 
19 34 52 29 32 54 
29 32 54 24 43 51 
24 43 51 42 37 61 
42 37 61 53 30 58 
53 30 58 49 1 43 
49 1 43 2 3 32 
2 3 32 4 13 60 
4 13 60 18 16 57 
18 16 57 57 6 48 
57 6 48 15 14 45 
15 14 45 48 18 43 
48 18 43 47 44 37 
47 44 37 43 42 43 
43 42 43 13 50 25 
13 50 25 20 55 18 
20 55 18 10 59 17 
10 59 17 23 52 14 
23 52 14 52 56 6