122 100 135 1 107 128 
1 107 128 128 112 126 
128 112 126 104 107 149 
104 107 149 129 88 137 
129 88 137 2 70 129 
2 70 129 32 79 129 
32 79 129 11 77 146 
11 77 146 10 90 152 
10 90 152 68 88 149 
68 88 149 16 78 144 
16 78 144 100 64 143 
100 64 143 120 75 107 
120 75 107 3 1 65 
3 1 65 135 17 61 
135 17 61 14 30 44 
14 30 44 18 25 48 
18 25 48 42 22 50 
42 22 50 86 31 11 
86 31 11 23 33 23 
23 33 23 146 13 9 
146 13 9 139 8 1 
139 8 1 130 34 46 
130 34 46 85 33 52 
85 33 52 48 25 68 
48 25 68 6 33 60 
6 33 60 78 42 63 
78 42 63 149 25 71 
149 25 71 72 21 61 
72 21 61 142 2 74 
142 2 74 94 12 74 
94 12 74 22 16 74 
22 16 74 107 2 103 
107 2 103 54 3 114 
54 3 114 75 1 94 
75 1 94 131 16 108 
131 16 108 93 25 106 
93 25 106 150 3 55 
150 3 55 27 4 35 
27 4 35 9 1 35 
9 1 35 67 9 36 
67 9 36 82 13 33 
82 13 33 40 17 152 
40 17 152 21 34 144 
21 34 144 119 38 144 
119 38 144 81 49 143 
81 49 143 83 16 149 
83 16 149 53 16 141 
53 16 141 55 13 128 
55 13 128 87 8 123 
87 8 123 49 100 98 
49 100 98 30 102 93 
30 102 93 127 102 87 
127 102 87 88 89 95 
88 89 95 115 87 87 
115 87 87 141 101 109 
141 101 109 110 102 107 
110 102 107 79 104 109 
79 104 109 138 104 115 
138 104 115 70 90 115 
70 90 115 25 99 122 
25 99 122 71 75 84 
71 75 84 73 85 78 
73 85 78 134 83 73 
134 83 73 5 78 64 
5 78 64 113 70 100 
113 70 100 0 137 42 
0 137 42 8 134 39 
8 134 39 24 131 33 
24 131 33 66 130 40 
66 130 40 50 125 40 
50 125 40 43 111 50 
43 111 50 45 106 46 
45 106 46 63 103 54 
63 103 54 96 103 57 
96 103 57 109 108 66 
109 108 66 101 92 54 
101 92 54 103 86 49 
103 86 49 47 87 8 
47 87 8 13 84 1 
13 84 1 19 86 2 
19 86 2 26 103 9 
26 103 9 77 99 15 
77 99 15 52 84 30 
52 84 30 34 87 27 
34 87 27 62 74 39 
62 74 39 31 73 39 
31 73 39 124 69 42 
124 69 42 114 92 29 
114 92 29 121 66 18 
121 66 18 33 57 9 
33 57 9 140 61 11 
140 61 11 152 58 8 
152 58 8 145 55 24 
145 55 24 65 51 25 
65 51 25 36 51 22 
36 51 22 38 48 24 
38 48 24 147 69 4 
147 69 4 92 115 27 
92 115 27 98 123 30 
98 123 30 89 124 82 
89 124 82 20 128 103 
20 128 103 44 122 108 
44 122 108 39 115 107 
39 115 107 51 116 98 
51 116 98 112 123 106 
112 123 106 64 130 108 
64 130 108 37 139 81 
37 139 81 105 138 86 
105 138 86 46 126 91 
46 126 91 57 109 86 
57 109 86 91 101 76 
91 101 76 97 121 73 
97 121 73 143 150 130 
143 150 130 29 152 120 
29 152 120 84 135 121 
84 135 121 69 127 139 
69 127 139 95 148 37 
95 148 37 56 148 13 
56 148 13 111 139 49 
111 139 49 12 147 57 
12 147 57 59 135 49 
59 135 49 99 135 48 
99 135 48 133 51 122 
133 51 122 35 56 130 
35 56 130 108 33 121 
108 33 121 28 36 115 
28 36 115 136 53 74 
136 53 74 41 45 74 
41 45 74 58 38 78 
58 38 78 80 24 82 
80 24 82 102 26 77 
102 26 77 126 25 86 
126 25 86 151 32 72 
151 32 72 76 45 92 
76 45 92 4 44 101 
4 44 101 61 36 103 
61 36 103 15 32 100 
15 32 100 123 46 99 
123 46 99 144 50 91 
144 50 91 60 60 91 
60 60 91 90 56 64 
90 56 64 7 52 65 
7 52 65 125 64 57 
125 64 57 132 56 42 
132 56 42 17 50 39 
17 50 39 106 41 32 
106 41 32 116 62 35 
116 62 35 117 63 46 
117 63 46 118 56 79 
118 56 79 74 63 76 
74 63 76 137 56 81 
137 56 81 148 94 134 
148 94 134 122 100 135