71 58 38 1 59 45 
1 59 45 37 59 44 
37 59 44 68 56 37 
68 56 37 41 53 39 
41 53 39 52 52 37 
52 52 37 69 45 31 
69 45 31 23 45 28 
23 45 28 29 43 39 
29 43 39 11 38 40 
11 38 40 0 43 21 
0 43 21 5 3 2 
5 3 2 27 9 11 
27 9 11 15 3 20 
15 3 20 58 8 17 
58 8 17 49 11 9 
49 11 9 61 17 5 
61 17 5 42 24 5 
42 24 5 14 39 23 
14 39 23 56 38 26 
56 38 26 25 54 10 
25 54 10 34 67 3 
34 67 3 10 71 5 
10 71 5 50 63 3 
50 63 3 67 59 12 
67 59 12 38 35 72 
38 35 72 8 40 54 
8 40 54 46 31 46 
46 31 46 12 25 46 
12 25 46 39 27 41 
39 27 41 20 39 72 
20 39 72 18 51 72 
18 51 72 30 33 69 
30 33 69 36 28 63 
36 28 63 24 29 61 
24 29 61 4 25 56 
4 25 56 19 25 53 
19 25 53 73 0 63 
73 0 63 21 3 70 
21 3 70 63 12 67 
63 12 67 72 1 74 
72 1 74 59 2 58 
59 2 58 22 10 59 
22 10 59 60 2 53 
60 2 53 44 64 25 
44 64 25 7 72 25 
7 72 25 32 74 43 
32 74 43 2 74 40 
2 74 40 64 71 40 
64 71 40 26 69 53 
26 69 53 31 60 55 
31 60 55 40 60 53 
40 60 53 65 74 23 
65 74 23 16 56 22 
16 56 22 17 62 29 
17 62 29 28 65 18 
28 65 18 9 66 13 
9 66 13 13 65 19 
13 65 19 55 33 25 
55 33 25 35 26 24 
35 26 24 43 18 38 
43 18 38 6 10 49 
6 10 49 66 17 48 
66 17 48 33 9 35 
33 9 35 45 15 39 
45 15 39 54 16 35 
54 16 35 53 34 27 
53 34 27 3 36 32 
3 36 32 48 32 31 
48 32 31 62 30 18 
62 30 18 47 34 20 
47 34 20 74 34 17 
74 34 17 57 46 17 
57 46 17 51 40 8 
51 40 8 70 54 40 
70 54 40 71 58 38