1 2 11 24 9 8 
24 9 8 21 16 8 
21 16 8 22 5 2 
22 5 2 17 11 1 
17 11 1 26 14 3 
26 14 3 28 7 4 
28 7 4 3 4 19 
3 4 19 0 20 27 
0 20 27 2 23 28 
2 23 28 8 16 23 
8 16 23 4 19 21 
4 19 21 9 16 21 
9 16 21 15 27 22 
15 27 22 27 27 20 
27 27 20 16 25 14 
16 25 14 7 25 15 
7 25 15 10 25 12 
10 25 12 14 19 17 
14 19 17 20 28 13 
20 28 13 19 29 12 
19 29 12 29 20 1 
29 20 1 5 7 27 
5 7 27 25 9 26 
25 9 26 11 11 27 
11 11 27 6 0 19 
6 0 19 18 5 23 
18 5 23 13 2 24 
13 2 24 23 10 16 
23 10 16 12 13 15 
12 13 15 1 2 11