21 5 15 1 7 14 
1 7 14 53 6 11 
53 6 11 11 4 4 
11 4 4 23 3 5 
23 3 5 41 4 5 
41 4 5 0 22 24 
0 22 24 6 15 32 
6 15 32 51 0 31 
51 0 31 57 14 38 
57 14 38 8 18 38 
8 18 38 18 13 36 
18 13 36 27 6 39 
27 6 39 17 12 53 
17 12 53 58 21 47 
58 21 47 9 26 47 
9 26 47 2 26 46 
2 26 46 14 15 45 
14 15 45 33 22 54 
33 22 54 59 22 51 
59 22 51 19 21 52 
19 21 52 26 22 51 
26 22 51 44 32 29 
44 32 29 4 40 26 
4 40 26 32 45 16 
32 45 16 3 48 19 
3 48 19 35 54 19 
35 54 19 38 42 35 
38 42 35 42 38 24 
42 38 24 13 56 40 
13 56 40 30 53 27 
30 53 27 15 56 29 
15 56 29 31 53 43 
31 53 43 10 51 48 
10 51 48 50 52 54 
50 52 54 22 47 55 
22 47 55 56 48 57 
56 48 57 24 54 54 
24 54 54 46 54 54 
46 54 54 55 51 58 
55 51 58 52 52 38 
52 52 38 20 50 36 
20 50 36 47 52 38 
47 52 38 54 52 34 
54 52 34 29 38 47 
29 38 47 5 34 49 
5 34 49 7 44 48 
7 44 48 28 35 44 
28 35 44 34 32 55 
34 32 55 45 32 14 
45 32 14 12 55 4 
12 55 4 36 56 12 
36 56 12 43 55 5 
43 55 5 49 34 3 
49 34 3 16 42 0 
16 42 0 37 29 0 
37 29 0 40 38 5 
40 38 5 48 26 24 
48 26 24 25 3 17 
25 3 17 39 6 21 
39 6 21 21 5 15