1 21 18 13 32 33 
13 32 33 0 44 17 
0 44 17 2 39 16 
2 39 16 46 40 17 
46 40 17 25 41 21 
25 41 21 49 36 22 
49 36 22 52 48 28 
52 48 28 32 38 2 
32 38 2 12 33 7 
12 33 7 24 25 4 
24 25 4 50 41 0 
50 41 0 53 63 6 
53 63 6 29 67 9 
29 67 9 63 59 13 
63 59 13 18 61 15 
18 61 15 28 66 17 
28 66 17 44 55 12 
44 55 12 66 61 4 
66 61 4 40 55 6 
40 55 6 22 54 0 
22 54 0 58 52 51 
58 52 51 15 55 50 
15 55 50 30 58 57 
30 58 57 20 63 68 
20 63 68 23 50 49 
23 50 49 41 51 55 
41 51 55 38 49 60 
38 49 60 64 49 67 
64 49 67 45 49 42 
45 49 42 10 44 45 
10 44 45 37 61 37 
37 61 37 7 64 42 
7 64 42 65 65 39 
65 65 39 48 54 44 
48 54 44 43 55 45 
43 55 45 51 52 43 
51 52 43 55 34 68 
55 34 68 59 37 56 
59 37 56 54 33 47 
54 33 47 33 30 52 
33 30 52 62 18 68 
62 18 68 42 18 59 
42 18 59 61 2 65 
61 2 65 34 5 67 
34 5 67 21 30 24 
21 30 24 9 27 23 
9 27 23 8 27 19 
8 27 19 57 29 21 
57 29 21 36 31 21 
36 31 21 56 22 39 
56 22 39 19 23 47 
19 23 47 16 15 45 
16 15 45 31 8 48 
31 8 48 26 9 50 
26 9 50 68 26 44 
68 26 44 35 19 34 
35 19 34 6 1 33 
6 1 33 11 2 32 
11 2 32 17 15 35 
17 15 35 5 20 13 
5 20 13 39 21 13 
39 21 13 14 4 10 
14 4 10 47 1 12 
47 1 12 67 12 8 
67 12 8 60 14 20 
60 14 20 4 7 22 
4 7 22 3 0 22 
3 0 22 27 4 27 
27 4 27 1 21 18