66 49 30 1 51 21 
1 51 21 44 55 16 
44 55 16 77 43 16 
77 43 16 23 62 4 
23 62 4 113 49 1 
113 49 1 108 55 3 
108 55 3 54 54 6 
54 54 6 122 78 0 
122 78 0 63 85 7 
63 85 7 20 91 13 
20 91 13 8 88 18 
8 88 18 49 95 8 
49 95 8 123 74 5 
123 74 5 57 62 25 
57 62 25 24 73 18 
24 73 18 82 65 70 
82 65 70 59 52 73 
59 52 73 64 45 68 
64 45 68 46 37 63 
46 37 63 32 34 62 
32 34 62 19 34 58 
19 34 58 47 35 60 
47 35 60 125 57 75 
125 57 75 109 61 87 
109 61 87 41 53 88 
41 53 88 13 51 100 
13 51 100 27 47 96 
27 47 96 76 47 87 
76 47 87 88 64 99 
88 64 99 103 73 90 
103 73 90 3 69 87 
3 69 87 0 84 107 
0 84 107 5 90 101 
5 90 101 9 92 112 
9 92 112 14 92 125 
14 92 125 58 95 125 
58 95 125 72 98 127 
72 98 127 22 68 118 
22 68 118 43 74 122 
43 74 122 35 82 126 
35 82 126 48 47 120 
48 47 120 7 45 113 
7 45 113 51 17 128 
51 17 128 31 3 122 
31 3 122 70 40 119 
70 40 119 129 36 119 
129 36 119 6 36 112 
6 36 112 75 51 116 
75 51 116 52 115 130 
52 115 130 53 125 124 
53 125 124 95 109 118 
95 109 118 92 99 88 
92 99 88 60 104 79 
60 104 79 101 98 73 
101 98 73 73 124 60 
73 124 60 33 116 50 
33 116 50 89 114 43 
89 114 43 37 122 62 
37 122 62 42 113 64 
42 113 64 100 106 63 
100 106 63 15 103 56 
15 103 56 121 107 58 
121 107 58 69 118 22 
69 118 22 45 113 19 
45 113 19 98 131 15 
98 131 15 83 130 9 
83 130 9 102 126 33 
102 126 33 117 116 33 
117 116 33 104 115 12 
104 115 12 28 108 12 
28 108 12 80 104 11 
80 104 11 36 119 16 
36 119 16 96 114 2 
96 114 2 67 119 5 
67 119 5 110 117 5 
110 117 5 97 124 6 
97 124 6 81 105 97 
81 105 97 40 115 94 
40 115 94 65 124 82 
65 124 82 17 128 84 
17 128 84 74 130 98 
74 130 98 112 128 91 
112 128 91 90 85 79 
90 85 79 26 90 72 
26 90 72 68 89 81 
68 89 81 105 89 80 
105 89 80 120 37 87 
120 37 87 11 39 92 
11 39 92 16 33 94 
16 33 94 106 19 95 
106 19 95 61 22 98 
61 22 98 87 24 99 
87 24 99 85 16 93 
85 16 93 10 17 93 
10 17 93 39 14 92 
39 14 92 115 7 82 
115 7 82 111 2 90 
111 2 90 18 5 88 
18 5 88 116 11 106 
116 11 106 127 10 107 
127 10 107 126 2 106 
126 2 106 114 30 79 
114 30 79 21 25 85 
21 25 85 38 24 90 
38 24 90 25 12 50 
25 12 50 78 8 47 
78 8 47 62 14 32 
62 14 32 91 26 52 
91 26 52 29 26 49 
29 26 49 30 31 55 
30 31 55 119 0 60 
119 0 60 56 29 68 
56 29 68 4 24 64 
4 24 64 124 34 88 
124 34 88 107 83 57 
107 83 57 86 96 40 
86 96 40 12 86 38 
12 86 38 71 50 44 
71 50 44 55 51 40 
55 51 40 2 62 43 
2 62 43 79 54 57 
79 54 57 94 5 4 
94 5 4 50 25 4 
50 25 4 93 20 4 
93 20 4 34 19 6 
34 19 6 131 17 7 
131 17 7 118 16 3 
118 16 3 130 24 12 
130 24 12 99 21 21 
99 21 21 84 9 14 
84 9 14 128 3 1 
128 3 1 66 49 30