31 24 21 1 15 20 
1 15 20 87 11 20 
87 11 20 14 16 37 
14 16 37 15 49 42 
15 49 42 3 67 56 
3 67 56 2 73 47 
2 73 47 68 73 41 
68 73 41 83 81 52 
83 81 52 57 81 56 
57 81 56 91 80 47 
91 80 47 0 86 33 
0 86 33 25 77 31 
25 77 31 37 76 27 
37 76 27 56 74 21 
56 74 21 33 65 26 
33 65 26 59 69 16 
59 69 16 52 68 2 
52 68 2 67 81 27 
67 81 27 75 79 36 
75 79 36 43 85 35 
43 85 35 55 90 39 
55 90 39 42 94 50 
42 94 50 53 86 40 
53 86 40 84 95 20 
84 95 20 20 87 2 
20 87 2 5 88 7 
5 88 7 12 81 12 
12 81 12 94 86 80 
94 86 80 32 92 85 
32 92 85 41 79 75 
41 79 75 8 75 74 
8 75 74 72 71 69 
72 71 69 47 79 67 
47 79 67 50 89 74 
50 89 74 19 51 40 
19 51 40 48 55 33 
48 55 33 80 53 22 
80 53 22 73 32 88 
73 32 88 10 27 93 
10 27 93 16 48 89 
16 48 89 6 41 90 
6 41 90 9 57 90 
9 57 90 35 61 94 
35 61 94 58 65 83 
58 65 83 60 52 81 
60 52 81 36 8 86 
36 8 86 11 2 85 
11 2 85 40 13 73 
40 13 73 7 8 77 
7 8 77 70 5 71 
70 5 71 90 19 78 
90 19 78 28 22 73 
28 22 73 63 35 78 
63 35 78 24 39 72 
24 39 72 79 21 88 
79 21 88 81 30 85 
81 30 85 77 38 40 
77 38 40 93 27 43 
93 27 43 85 31 54 
85 31 54 54 22 61 
54 22 61 21 14 62 
21 14 62 78 45 62 
78 45 62 18 48 73 
18 48 73 30 47 75 
30 47 75 27 58 68 
27 58 68 62 56 61 
62 56 61 82 63 71 
82 63 71 65 66 67 
65 66 67 86 45 49 
86 45 49 95 45 2 
95 45 2 17 51 8 
17 51 8 76 48 15 
76 48 15 22 37 7 
22 37 7 23 33 5 
23 33 5 26 36 9 
26 36 9 44 13 2 
44 13 2 45 19 4 
45 19 4 51 0 4 
51 0 4 66 13 9 
66 13 9 69 51 1 
69 51 1 89 41 19 
89 41 19 46 34 15 
46 34 15 4 31 17 
4 31 17 34 18 36 
34 18 36 38 16 41 
38 16 41 29 7 45 
29 7 45 61 5 43 
61 5 43 64 4 59 
64 4 59 88 6 58 
88 6 58 39 11 35 
39 11 35 13 10 39 
13 10 39 49 5 33 
49 5 33 71 22 13 
71 22 13 92 25 22 
92 25 22 74 32 27 
74 32 27 96 28 20 
96 28 20 31 24 21