4 93 96 1 93 97 
1 93 97 0 98 96 
0 98 96 19 96 84 
19 96 84 30 98 86 
30 98 86 34 92 86 
34 92 86 48 96 57 
48 96 57 81 93 64 
81 93 64 88 89 48 
88 89 48 27 83 50 
27 83 50 100 104 63 
100 104 63 25 102 59 
25 102 59 71 105 16 
71 105 16 29 109 34 
29 109 34 2 111 34 
2 111 34 92 105 29 
92 105 29 37 101 29 
37 101 29 36 109 2 
36 109 2 85 108 4 
85 108 4 55 106 16 
55 106 16 72 90 30 
72 90 30 65 91 32 
65 91 32 75 81 36 
75 81 36 95 80 26 
95 80 26 9 70 23 
9 70 23 24 68 24 
24 68 24 102 73 21 
102 73 21 89 89 14 
89 89 14 63 91 7 
63 91 7 93 88 21 
93 88 21 86 105 76 
86 105 76 104 87 87 
104 87 87 39 87 82 
39 87 82 44 89 81 
44 89 81 64 83 93 
64 83 93 74 103 101 
74 103 101 41 108 94 
41 108 94 83 41 91 
83 41 91 58 38 91 
58 38 91 52 25 84 
52 25 84 61 19 89 
61 19 89 60 55 92 
60 55 92 3 52 88 
3 52 88 40 56 94 
40 56 94 49 58 92 
49 58 92 59 55 107 
59 55 107 69 62 84 
69 62 84 21 72 88 
21 72 88 90 74 92 
90 74 92 67 32 69 
67 32 69 18 29 55 
18 29 55 68 3 78 
68 3 78 14 6 66 
14 6 66 98 0 89 
98 0 89 12 2 98 
12 2 98 78 16 40 
78 16 40 47 16 25 
47 16 25 16 23 31 
16 23 31 35 4 25 
35 4 25 28 0 28 
28 0 28 94 5 12 
94 5 12 33 11 7 
33 11 7 77 1 10 
77 1 10 103 4 12 
103 4 12 110 25 13 
110 25 13 6 19 0 
6 19 0 107 15 3 
107 15 3 54 21 48 
54 21 48 70 8 41 
70 8 41 43 3 41 
43 3 41 45 5 37 
45 5 37 51 3 52 
51 3 52 53 9 56 
53 9 56 87 55 47 
87 55 47 15 52 52 
15 52 52 23 47 48 
23 47 48 96 42 53 
96 42 53 22 67 51 
22 67 51 10 72 62 
10 72 62 42 70 61 
42 70 61 91 78 62 
91 78 62 56 52 42 
56 52 42 32 39 41 
32 39 41 109 40 36 
109 40 36 38 60 23 
38 60 23 82 46 9 
82 46 9 99 46 4 
99 46 4 13 56 1 
13 56 1 46 50 37 
46 50 37 105 56 40 
105 56 40 101 65 35 
101 65 35 106 18 71 
106 18 71 66 20 78 
66 20 78 76 22 63 
76 22 63 31 22 66 
31 22 66 108 46 87 
108 46 87 17 47 80 
17 47 80 50 48 72 
50 48 72 97 46 88 
97 46 88 111 17 109 
111 17 109 5 26 105 
5 26 105 7 31 106 
7 31 106 80 32 106 
80 32 106 8 18 110 
8 18 110 62 17 103 
62 17 103 79 6 108 
79 6 108 26 4 110 
26 4 110 84 108 110 
84 108 110 57 99 111 
57 99 111 11 79 103 
11 79 103 73 72 108 
73 72 108 20 66 100 
20 66 100 4 93 96