63 90 83 1 78 94 
1 78 94 12 87 114 
12 87 114 6 80 107 
6 80 107 82 84 107 
82 84 107 76 88 94 
76 88 94 81 72 96 
81 72 96 43 96 86 
43 96 86 29 95 86 
29 95 86 55 92 79 
55 92 79 40 96 63 
40 96 63 79 104 47 
79 104 47 4 114 32 
4 114 32 32 89 44 
32 89 44 68 86 47 
68 86 47 21 79 47 
21 79 47 77 92 45 
77 92 45 110 91 52 
110 91 52 5 68 12 
5 68 12 0 14 14 
0 14 14 38 22 28 
38 22 28 41 28 30 
41 28 30 51 13 75 
51 13 75 42 3 85 
42 3 85 112 2 90 
112 2 90 115 9 85 
115 9 85 64 19 82 
64 19 82 19 22 85 
19 22 85 70 24 89 
70 24 89 62 31 101 
62 31 101 24 29 104 
24 29 104 28 33 107 
28 33 107 46 24 103 
46 24 103 91 38 109 
91 38 109 93 26 93 
93 26 93 88 45 86 
88 45 86 10 54 80 
10 54 80 100 62 81 
100 62 81 105 52 77 
105 52 77 73 45 94 
73 45 94 35 58 102 
35 58 102 30 64 107 
30 64 107 83 59 93 
83 59 93 53 45 95 
53 45 95 109 13 93 
109 13 93 56 16 93 
56 16 93 72 18 111 
72 18 111 94 11 99 
94 11 99 7 18 101 
7 18 101 86 5 61 
86 5 61 74 3 58 
74 3 58 99 3 59 
99 3 59 92 5 62 
92 5 62 54 1 10 
54 1 10 57 3 19 
57 3 19 78 23 12 
78 23 12 45 20 15 
45 20 15 106 13 6 
106 13 6 103 11 8 
103 11 8 113 19 44 
113 19 44 11 35 40 
11 35 40 48 27 39 
48 27 39 59 29 44 
59 29 44 69 29 36 
69 29 36 90 38 38 
90 38 38 49 31 57 
49 31 57 27 25 60 
27 25 60 36 40 51 
36 40 51 47 44 66 
47 44 66 22 45 62 
22 45 62 23 44 68 
23 44 68 9 43 70 
9 43 70 97 49 68 
97 49 68 96 56 71 
96 56 71 65 20 43 
65 20 43 98 19 39 
98 19 39 66 9 46 
66 9 46 25 4 43 
25 4 43 8 97 6 
8 97 6 3 90 1 
3 90 1 111 109 8 
111 109 8 61 106 3 
61 106 3 17 84 20 
17 84 20 31 82 16 
31 82 16 26 51 8 
26 51 8 39 47 19 
39 47 19 34 74 37 
34 74 37 37 76 32 
37 76 32 2 74 29 
2 74 29 52 67 48 
52 67 48 15 58 52 
15 58 52 16 51 51 
16 51 51 71 65 58 
71 65 58 95 64 59 
95 64 59 104 63 62 
104 63 62 101 57 33 
101 57 33 60 76 14 
60 76 14 80 81 10 
80 81 10 58 86 11 
58 86 11 75 99 58 
75 99 58 84 88 71 
84 88 71 33 88 69 
33 88 69 44 76 71 
44 76 71 102 72 64 
102 72 64 114 91 61 
114 91 61 14 87 64 
14 87 64 85 93 82 
85 93 82 107 99 95 
107 99 95 13 115 96 
13 115 96 20 104 104 
20 104 104 87 107 115 
87 107 115 18 112 114 
18 112 114 67 106 111 
67 106 111 89 99 98 
89 99 98 50 94 106 
50 94 106 108 104 98 
108 104 98 63 90 83