1 67 46 84 71 41 
84 71 41 28 73 42 
28 73 42 54 72 37 
54 72 37 38 101 46 
38 101 46 60 88 51 
60 88 51 3 88 43 
3 88 43 63 98 58 
63 98 58 10 94 55 
10 94 55 26 98 62 
26 98 62 98 92 61 
98 92 61 101 101 43 
101 101 43 47 99 42 
47 99 42 96 100 40 
96 100 40 76 98 32 
76 98 32 71 65 27 
71 65 27 2 59 27 
2 59 27 9 62 23 
9 62 23 51 66 30 
51 66 30 15 65 32 
15 65 32 73 62 32 
73 62 32 0 51 24 
0 51 24 27 2 30 
27 2 30 34 3 41 
34 3 41 18 9 47 
18 9 47 50 3 58 
50 3 58 80 1 37 
80 1 37 93 13 22 
93 13 22 4 25 12 
4 25 12 61 17 6 
61 17 6 8 5 19 
8 5 19 36 63 13 
36 63 13 21 69 11 
21 69 11 23 102 16 
23 102 16 85 96 12 
85 96 12 102 97 20 
102 97 20 97 95 17 
97 95 17 29 85 2 
29 85 2 41 89 3 
41 89 3 74 89 5 
74 89 5 66 47 20 
66 47 20 20 39 22 
20 39 22 32 42 18 
32 42 18 75 51 34 
75 51 34 14 69 80 
14 69 80 37 65 98 
37 65 98 100 71 97 
100 71 97 67 92 93 
67 92 93 22 99 97 
22 99 97 39 102 84 
39 102 84 92 102 79 
92 102 79 42 73 67 
42 73 67 30 73 72 
30 73 72 40 75 74 
40 75 74 55 58 68 
55 58 68 68 63 68 
68 63 68 62 74 54 
62 74 54 56 78 49 
56 78 49 57 75 57 
57 75 57 89 70 52 
89 70 52 6 70 51 
6 70 51 91 83 63 
91 83 63 53 70 81 
53 70 81 45 72 79 
45 72 79 72 55 85 
72 55 85 35 44 95 
35 44 95 46 34 102 
46 34 102 87 33 99 
87 33 99 88 45 91 
88 45 91 58 56 93 
58 56 93 43 47 31 
43 47 31 24 47 31 
24 47 31 77 48 38 
77 48 38 49 54 47 
49 54 47 19 46 54 
19 46 54 83 27 49 
83 27 49 11 29 43 
11 29 43 64 2 100 
64 2 100 25 5 100 
25 5 100 52 21 102 
52 21 102 33 17 98 
33 17 98 81 11 88 
81 11 88 59 17 81 
59 17 81 94 27 87 
94 27 87 86 13 92 
86 13 92 79 22 53 
79 22 53 82 39 63 
82 39 63 7 41 71 
7 41 71 16 39 83 
16 39 83 13 34 86 
13 34 86 70 46 77 
70 46 77 12 34 65 
12 34 65 48 30 59 
48 30 59 44 22 68 
44 22 68 78 15 71 
78 15 71 90 25 50 
90 25 50 95 53 22 
95 53 22 5 55 17 
5 55 17 99 49 13 
99 49 13 69 48 2 
69 48 2 17 38 1 
17 38 1 65 83 34 
65 83 34 31 89 27 
31 89 27 1 67 46