1 24 39 83 28 47 
83 28 47 36 26 52 
36 26 52 2 24 61 
2 24 61 0 12 19 
0 12 19 6 15 14 
6 15 14 39 29 11 
39 29 11 26 41 16 
26 41 16 58 47 18 
58 47 18 22 46 26 
22 46 26 60 51 34 
60 51 34 17 46 34 
17 46 34 84 47 38 
84 47 38 61 40 35 
61 40 35 73 56 26 
73 56 26 88 61 39 
88 61 39 33 61 35 
33 61 35 46 67 37 
46 67 37 75 35 20 
75 35 20 16 30 28 
16 30 28 31 28 17 
31 28 17 42 15 20 
42 15 20 72 3 26 
72 3 26 9 8 36 
9 8 36 37 16 31 
37 16 31 45 7 35 
45 7 35 76 70 63 
76 70 63 5 84 25 
5 84 25 4 76 38 
4 76 38 15 79 38 
15 79 38 18 74 33 
18 74 33 68 77 41 
68 77 41 27 81 18 
27 81 18 10 75 12 
10 75 12 47 85 7 
47 85 7 49 88 12 
49 88 12 66 65 10 
66 65 10 14 68 13 
14 68 13 89 68 18 
89 68 18 23 61 14 
23 61 14 13 68 60 
13 68 60 34 60 54 
34 60 54 40 58 54 
40 58 54 74 52 46 
74 52 46 11 54 48 
11 54 48 41 73 54 
41 73 54 65 83 54 
65 83 54 55 93 42 
55 93 42 70 72 82 
70 72 82 67 72 79 
67 72 79 63 75 79 
63 75 79 81 79 92 
81 79 92 29 85 94 
29 85 94 92 79 77 
92 79 77 86 78 81 
86 78 81 71 89 71 
71 89 71 12 88 74 
12 88 74 48 87 73 
48 87 73 44 88 81 
44 88 81 30 90 82 
30 90 82 19 94 80 
19 94 80 35 90 87 
35 90 87 69 88 79 
69 88 79 82 8 23 
82 8 23 32 23 78 
32 23 78 21 19 81 
21 19 81 52 25 80 
52 25 80 25 31 81 
25 31 81 43 39 88 
43 39 88 87 26 91 
87 26 91 62 20 90 
62 20 90 77 14 94 
77 14 94 94 30 93 
94 30 93 91 45 91 
91 45 91 24 45 92 
24 45 92 54 54 94 
54 54 94 56 55 83 
56 55 83 93 39 93 
93 39 93 57 28 60 
57 28 60 80 3 76 
80 3 76 3 0 71 
3 0 71 59 11 69 
59 11 69 78 15 70 
78 15 70 85 6 51 
85 6 51 7 0 52 
7 0 52 8 6 58 
8 6 58 28 10 58 
28 10 58 50 14 44 
50 14 44 51 11 43 
51 11 43 53 5 53 
53 5 53 90 39 52 
90 39 52 64 40 49 
64 40 49 79 35 48 
79 35 48 38 30 53 
38 30 53 20 30 54 
20 30 54 1 24 39