76 26 56 1 28 54 
1 28 54 9 29 60 
9 29 60 3 21 50 
3 21 50 73 19 38 
73 19 38 50 20 34 
50 20 34 6 17 30 
6 17 30 53 8 36 
53 8 36 45 0 40 
45 0 40 11 0 39 
11 0 39 16 5 46 
16 5 46 55 7 26 
55 7 26 82 9 32 
82 9 32 0 30 34 
0 30 34 22 38 43 
22 38 43 29 32 46 
29 32 46 30 50 43 
30 50 43 32 48 38 
32 48 38 72 42 29 
72 42 29 34 51 81 
34 51 81 12 49 82 
12 49 82 25 61 87 
25 61 87 71 64 88 
71 64 88 2 75 89 
2 75 89 43 79 89 
43 79 89 26 62 75 
26 62 75 41 40 74 
41 40 74 38 31 86 
38 31 86 21 11 89 
21 11 89 18 11 78 
18 11 78 44 16 89 
44 16 89 49 16 87 
49 16 87 42 16 82 
42 16 82 85 34 76 
85 34 76 80 37 82 
80 37 82 46 51 69 
46 51 69 74 44 53 
74 44 53 77 58 48 
77 58 48 78 53 35 
78 53 35 4 56 31 
4 56 31 47 55 28 
47 55 28 14 57 37 
14 57 37 88 65 35 
88 65 35 40 52 38 
40 52 38 39 30 33 
39 30 33 58 30 32 
58 30 32 83 25 29 
83 25 29 61 26 5 
61 26 5 17 0 9 
17 0 9 52 5 15 
52 5 15 13 13 18 
13 13 18 63 4 1 
63 4 1 5 6 1 
5 6 1 24 30 11 
24 30 11 65 38 9 
65 38 9 66 79 35 
66 79 35 8 72 43 
8 72 43 81 75 51 
81 75 51 23 67 56 
23 67 56 33 77 57 
33 77 57 28 65 20 
28 65 20 15 61 16 
15 61 16 69 69 5 
69 69 5 35 74 0 
35 74 0 19 73 19 
19 73 19 31 62 19 
31 62 19 59 54 24 
59 54 24 37 51 18 
37 51 18 48 49 24 
48 49 24 84 69 26 
84 69 26 60 88 13 
60 88 13 67 81 11 
67 81 11 87 83 9 
87 83 9 7 84 6 
7 84 6 68 83 37 
68 83 37 62 88 53 
62 88 53 36 84 72 
36 84 72 54 89 89 
54 89 89 64 83 79 
64 83 79 51 81 82 
51 81 82 75 87 40 
75 87 40 89 33 37 
89 33 37 70 22 50 
70 22 50 86 19 54 
86 19 54 20 0 64 
20 0 64 57 0 61 
57 0 61 56 0 57 
56 0 57 27 12 49 
27 12 49 10 30 65 
10 30 65 79 25 70 
79 25 70 76 26 56