5 6 6 1 11 5 
1 11 5 3 6 8 
3 6 8 11 5 14 
11 5 14 0 3 30 
0 3 30 9 0 27 
9 0 27 25 1 24 
25 1 24 10 15 27 
10 15 27 6 22 30 
6 22 30 14 23 23 
14 23 23 29 26 29 
29 26 29 27 16 21 
27 16 21 7 19 21 
7 19 21 2 22 18 
2 22 18 26 17 20 
26 17 20 15 3 29 
15 3 29 8 7 25 
8 7 25 17 11 17 
17 11 17 18 9 17 
18 9 17 24 9 14 
24 9 14 4 11 12 
4 11 12 20 22 10 
20 22 10 19 19 10 
19 19 10 13 17 10 
13 17 10 23 22 5 
23 22 5 21 25 3 
21 25 3 30 29 3 
30 29 3 28 29 5 
28 29 5 16 0 5 
16 0 5 22 2 1 
22 2 1 12 2 0 
12 2 0 5 6 6