1 53 101 55 50 99 
55 50 99 24 52 107 
24 52 107 39 61 99 
39 61 99 129 41 67 
129 41 67 54 41 79 
54 41 79 40 38 90 
40 38 90 64 53 80 
64 53 80 49 60 74 
49 60 74 53 35 52 
53 35 52 52 5 72 
52 5 72 21 4 82 
21 4 82 47 9 90 
47 9 90 63 18 71 
63 18 71 44 19 63 
44 19 63 128 20 58 
128 20 58 62 27 80 
62 27 80 139 21 88 
139 21 88 77 25 73 
77 25 73 85 4 112 
85 4 112 17 8 108 
17 8 108 56 9 107 
56 9 107 65 10 109 
65 10 109 66 6 117 
66 6 117 140 6 122 
140 6 122 81 0 128 
81 0 128 51 2 133 
51 2 133 107 5 63 
107 5 63 0 51 46 
0 51 46 5 69 10 
5 69 10 29 60 12 
29 60 12 20 57 8 
20 57 8 76 92 6 
76 92 6 88 67 21 
88 67 21 138 66 23 
138 66 23 19 100 138 
19 100 138 36 120 124 
36 120 124 3 129 113 
3 129 113 115 128 106 
115 128 106 48 116 127 
48 116 127 75 114 130 
75 114 130 50 120 124 
50 120 124 95 132 92 
95 132 92 34 139 94 
34 139 94 136 140 95 
136 140 95 68 128 78 
68 128 78 111 127 76 
111 127 76 125 124 92 
125 124 92 91 127 93 
91 127 93 97 120 131 
97 120 131 90 141 140 
90 141 140 127 113 121 
127 113 121 86 110 106 
86 110 106 121 110 96 
121 110 96 2 103 96 
2 103 96 105 101 123 
105 101 123 30 99 122 
30 99 122 123 88 126 
123 88 126 22 82 123 
22 82 123 110 80 128 
110 80 128 106 44 134 
106 44 134 11 17 138 
11 17 138 4 15 127 
4 15 127 27 27 140 
27 27 140 100 59 121 
100 59 121 84 69 130 
84 69 130 101 31 122 
101 31 122 60 41 123 
60 41 123 61 22 112 
61 22 112 116 22 105 
116 22 105 16 22 99 
16 22 99 94 30 115 
94 30 115 112 25 119 
112 25 119 113 60 141 
113 60 141 109 105 138 
109 105 138 132 110 137 
132 110 137 42 119 140 
42 119 140 23 116 137 
23 116 137 37 74 61 
37 74 61 32 75 53 
32 75 53 33 131 38 
33 131 38 13 130 30 
13 130 30 10 133 25 
10 133 25 46 132 24 
46 132 24 108 138 28 
108 138 28 28 127 38 
28 127 38 80 127 12 
80 127 12 8 113 8 
8 113 8 135 115 2 
135 115 2 9 125 14 
9 125 14 15 123 6 
15 123 6 18 132 20 
18 132 20 43 120 14 
43 120 14 12 116 12 
12 116 12 141 122 16 
141 122 16 78 139 1 
78 139 1 133 135 45 
133 135 45 38 80 80 
38 80 80 83 81 79 
83 81 79 122 87 99 
122 87 99 14 94 102 
14 94 102 131 88 93 
131 88 93 7 94 88 
7 94 88 25 92 89 
25 92 89 137 82 87 
137 82 87 102 72 59 
102 72 59 119 81 67 
119 81 67 124 63 61 
124 63 61 120 55 66 
120 55 66 69 32 23 
69 32 23 57 27 25 
57 27 25 71 24 35 
71 24 35 45 24 33 
45 24 33 74 16 23 
74 16 23 82 20 16 
82 20 16 130 7 6 
130 7 6 58 8 13 
58 8 13 92 46 19 
92 46 19 99 54 23 
99 54 23 103 38 22 
103 38 22 96 38 18 
96 38 18 67 37 15 
67 37 15 134 34 29 
134 34 29 93 61 44 
93 61 44 104 41 37 
104 41 37 114 69 33 
114 69 33 41 80 35 
41 80 35 31 89 23 
31 89 23 117 98 44 
117 98 44 118 99 36 
118 99 36 72 61 34 
72 61 34 59 32 44 
59 32 44 70 37 46 
70 37 46 73 18 45 
73 18 45 79 13 48 
79 13 48 35 9 44 
35 9 44 6 5 49 
6 5 49 89 11 35 
89 11 35 26 17 31 
26 17 31 87 36 60 
87 36 60 98 50 91 
98 50 91 126 34 104 
126 34 104 1 53 101