20 39 53 1 28 50 
1 28 50 55 38 64 
55 38 64 32 30 64 
32 30 64 24 56 69 
24 56 69 12 53 78 
12 53 78 52 38 84 
52 38 84 3 39 84 
3 39 84 70 39 87 
70 39 87 36 38 92 
36 38 92 98 50 79 
98 50 79 0 93 80 
0 93 80 37 84 91 
37 84 91 21 86 87 
21 86 87 28 85 104 
28 85 104 40 86 96 
40 86 96 93 78 96 
93 78 96 50 90 59 
50 90 59 5 78 41 
5 78 41 49 84 29 
49 84 29 13 73 30 
13 73 30 101 84 34 
101 84 34 23 102 45 
23 102 45 44 90 42 
44 90 42 89 88 43 
89 88 43 78 89 4 
78 89 4 30 86 6 
30 86 6 29 79 4 
29 79 4 92 78 4 
92 78 4 97 77 1 
97 77 1 88 93 10 
88 93 10 61 92 19 
61 92 19 91 89 69 
91 89 69 99 96 68 
99 96 68 81 87 83 
81 87 83 104 94 90 
104 94 90 58 57 57 
58 57 57 11 52 62 
11 52 62 31 45 59 
31 45 59 15 46 61 
15 46 61 77 46 53 
77 46 53 47 64 46 
47 64 46 66 63 47 
66 63 47 80 53 47 
80 53 47 53 53 44 
53 53 44 69 57 46 
69 57 46 74 60 86 
74 60 86 4 73 81 
4 73 81 95 67 81 
95 67 81 35 46 101 
35 46 101 19 46 98 
19 46 98 27 38 101 
27 38 101 84 31 96 
84 31 96 2 25 95 
2 25 95 103 63 99 
103 63 99 100 62 95 
100 62 95 87 33 12 
87 33 12 25 34 32 
25 34 32 34 38 35 
34 38 35 48 42 31 
48 42 31 18 47 32 
18 47 32 6 50 33 
6 50 33 43 27 38 
43 27 38 76 26 36 
76 26 36 94 31 26 
94 31 26 41 25 5 
41 25 5 102 7 2 
102 7 2 54 4 0 
54 4 0 56 12 8 
56 12 8 51 11 7 
51 11 7 60 3 8 
60 3 8 83 6 3 
83 6 3 45 30 14 
45 30 14 63 26 12 
63 26 12 71 22 21 
71 22 21 9 24 25 
9 24 25 73 21 22 
73 21 22 96 17 24 
96 17 24 79 17 13 
79 17 13 26 20 14 
26 20 14 62 9 16 
62 9 16 85 42 9 
85 42 9 7 37 3 
7 37 3 86 36 4 
86 36 4 8 43 14 
8 43 14 38 64 17 
38 64 17 42 54 20 
42 54 20 17 58 28 
17 58 28 68 67 14 
68 67 14 90 1 66 
90 1 66 14 19 65 
14 19 65 22 22 78 
22 22 78 16 27 84 
16 27 84 57 14 77 
57 14 77 59 20 78 
59 20 78 64 22 69 
64 22 69 33 7 101 
33 7 101 10 6 93 
10 6 93 46 11 101 
46 11 101 65 16 99 
65 16 99 82 1 35 
82 1 35 39 8 43 
39 8 43 67 2 26 
67 2 26 75 9 27 
75 9 27 72 45 66 
72 45 66 20 39 53