48 55 11 1 55 7 
1 55 7 42 55 8 
42 55 8 41 48 16 
41 48 16 21 43 13 
21 43 13 2 55 1 
2 55 1 37 49 5 
37 49 5 31 35 4 
31 35 4 36 20 5 
36 20 5 0 11 7 
0 11 7 16 4 14 
16 4 14 34 8 14 
34 8 14 8 11 16 
8 11 16 19 8 20 
19 8 20 38 7 12 
38 7 12 53 0 17 
53 0 17 18 19 18 
18 19 18 20 22 12 
20 22 12 24 22 18 
24 22 18 40 21 15 
40 21 15 23 19 31 
23 19 31 12 17 32 
12 17 32 17 24 27 
17 24 27 32 26 23 
32 26 23 49 24 22 
49 24 22 51 35 19 
51 35 19 3 38 21 
3 38 21 54 39 20 
54 39 20 25 19 39 
25 19 39 4 17 45 
4 17 45 26 4 29 
26 4 29 39 2 23 
39 2 23 22 0 22 
22 0 22 30 28 38 
30 28 38 29 30 37 
29 30 37 55 51 25 
55 51 25 28 46 37 
28 46 37 35 24 50 
35 24 50 11 21 55 
11 21 55 13 12 50 
13 12 50 5 0 47 
5 0 47 14 12 54 
14 12 54 7 15 53 
7 15 53 33 27 46 
33 27 46 27 30 47 
27 30 47 43 26 52 
43 26 52 9 28 52 
9 28 52 50 30 54 
50 30 54 10 34 54 
10 34 54 6 39 54 
6 39 54 15 41 49 
15 41 49 45 43 55 
45 43 55 44 11 0 
44 11 0 46 39 4 
46 39 4 52 28 3 
52 28 3 47 47 16 
47 47 16 48 55 11