47 43 51 1 52 50 
1 52 50 20 47 54 
20 47 54 37 40 45 
37 40 45 29 41 41 
29 41 41 57 36 41 
57 36 41 35 21 58 
35 21 58 39 12 63 
39 12 63 48 16 60 
48 16 60 40 25 36 
40 25 36 28 22 29 
28 22 29 60 24 42 
60 24 42 19 17 42 
19 17 42 38 24 47 
38 24 47 67 29 42 
67 29 42 42 58 26 
42 58 26 2 60 25 
2 60 25 58 65 28 
58 65 28 10 63 28 
10 63 28 32 63 36 
32 63 36 64 67 20 
64 67 20 52 32 36 
52 32 36 9 38 30 
9 38 30 16 36 29 
16 36 29 18 39 24 
18 39 24 65 30 37 
65 30 37 0 63 67 
0 63 67 4 52 65 
4 52 65 24 39 62 
24 39 62 51 39 60 
51 39 60 46 50 61 
46 50 61 55 17 5 
55 17 5 17 18 7 
17 18 7 3 22 11 
3 22 11 26 14 12 
26 14 12 27 19 17 
27 19 17 34 10 15 
34 10 15 31 17 1 
31 17 1 36 10 23 
36 10 23 11 10 22 
11 10 22 63 2 40 
63 2 40 22 1 49 
22 1 49 49 0 31 
49 0 31 7 1 33 
7 1 33 56 8 41 
56 8 41 43 7 1 
43 7 1 30 6 2 
30 6 2 21 5 8 
21 5 8 25 6 7 
25 6 7 44 23 4 
44 23 4 50 32 12 
50 32 12 6 31 18 
6 31 18 15 32 16 
15 32 16 23 31 4 
23 31 4 8 38 2 
8 38 2 59 43 7 
59 43 7 13 52 7 
13 52 7 45 46 17 
45 46 17 5 47 17 
5 47 17 53 49 15 
53 49 15 61 60 2 
61 60 2 41 63 3 
41 63 3 62 57 3 
62 57 3 66 30 12 
66 30 12 54 46 39 
54 46 39 12 52 37 
12 52 37 14 56 37 
14 56 37 33 52 39 
33 52 39 47 43 51