1 17 0 50 17 2 
50 17 2 0 26 6 
0 26 6 78 34 8 
78 34 8 93 39 32 
93 39 32 11 84 30 
11 84 30 12 73 6 
12 73 6 59 77 3 
59 77 3 65 62 11 
65 62 11 76 65 12 
76 65 12 19 96 37 
19 96 37 23 96 38 
23 96 38 115 98 41 
115 98 41 36 96 46 
36 96 46 71 102 47 
71 102 47 82 100 54 
82 100 54 21 104 53 
21 104 53 73 97 54 
73 97 54 43 81 32 
43 81 32 99 77 33 
99 77 33 61 65 29 
61 65 29 28 68 37 
28 68 37 54 113 9 
54 113 9 3 108 2 
3 108 2 60 110 1 
60 110 1 79 98 3 
79 98 3 15 114 4 
15 114 4 34 119 18 
34 119 18 5 121 30 
5 121 30 27 121 34 
27 121 34 56 117 34 
56 117 34 107 103 14 
107 103 14 10 103 12 
10 103 12 87 85 48 
87 85 48 45 85 55 
45 85 55 7 78 57 
7 78 57 68 87 66 
68 87 66 119 90 69 
119 90 69 95 90 56 
95 90 56 91 84 41 
91 84 41 111 111 63 
111 111 63 2 112 70 
2 112 70 103 117 77 
103 117 77 81 102 63 
81 102 63 26 102 60 
26 102 60 69 98 76 
69 98 76 40 102 77 
40 102 77 114 116 45 
114 116 45 14 117 45 
14 117 45 104 86 22 
104 86 22 55 89 12 
55 89 12 44 43 114 
44 43 114 8 46 113 
8 46 113 89 57 120 
89 57 120 120 62 118 
120 62 118 13 34 120 
13 34 120 100 37 121 
100 37 121 32 11 101 
32 11 101 41 21 84 
41 21 84 25 30 83 
25 30 83 4 29 85 
4 29 85 63 32 86 
63 32 86 110 33 91 
110 33 91 51 29 89 
51 29 89 42 15 76 
42 15 76 16 15 80 
16 15 80 106 2 97 
106 2 97 102 5 93 
102 5 93 112 6 85 
112 6 85 88 57 101 
88 57 101 17 78 119 
17 78 119 116 92 115 
116 92 115 20 65 108 
20 65 108 30 110 95 
30 110 95 6 103 106 
6 103 106 52 91 90 
52 91 90 29 93 91 
29 93 91 67 119 106 
67 119 106 37 116 112 
37 116 112 105 121 89 
105 121 89 66 118 85 
66 118 85 72 116 87 
72 116 87 90 66 85 
90 66 85 9 75 74 
9 75 74 98 34 107 
98 34 107 62 24 100 
62 24 100 109 36 102 
109 36 102 118 43 100 
118 43 100 70 36 44 
70 36 44 85 48 45 
85 48 45 33 58 42 
33 58 42 31 58 38 
31 58 38 96 57 54 
96 57 54 35 66 61 
35 66 61 97 67 65 
97 67 65 92 66 70 
92 66 70 74 20 55 
74 20 55 57 31 55 
57 31 55 46 32 56 
46 32 56 121 42 69 
121 42 69 77 20 52 
77 20 52 101 6 67 
101 6 67 38 0 69 
38 0 69 84 12 62 
84 12 62 86 42 34 
86 42 34 18 49 35 
18 49 35 117 44 18 
117 44 18 39 47 16 
39 47 16 108 42 21 
108 42 21 47 38 19 
47 38 19 94 21 19 
94 21 19 58 23 22 
58 23 22 80 19 33 
80 19 33 22 13 30 
22 13 30 24 5 26 
24 5 26 49 1 35 
49 1 35 64 26 36 
64 26 36 83 17 33 
83 17 33 113 21 8 
113 21 8 53 12 8 
53 12 8 75 2 12 
75 2 12 48 4 10 
48 4 10 1 17 0