16 88 57 1 88 57 
1 88 57 48 84 56 
48 84 56 45 91 64 
45 91 64 3 90 65 
3 90 65 0 87 36 
0 87 36 22 90 31 
22 90 31 28 92 31 
28 92 31 62 83 29 
62 83 29 27 63 76 
27 63 76 4 35 61 
4 35 61 17 20 50 
17 20 50 31 16 52 
31 16 52 57 17 60 
57 17 60 79 15 61 
79 15 61 36 16 68 
36 16 68 84 18 41 
84 18 41 37 35 74 
37 35 74 52 38 66 
52 38 66 59 36 55 
59 36 55 85 48 54 
85 48 54 30 52 55 
30 52 55 53 49 59 
53 49 59 23 1 87 
23 1 87 39 1 67 
39 1 67 26 1 48 
26 1 48 91 2 69 
91 2 69 49 12 86 
49 12 86 78 20 82 
78 20 82 8 25 77 
8 25 77 19 28 88 
19 28 88 55 63 74 
55 63 74 29 65 67 
29 65 67 68 71 78 
68 71 78 5 77 81 
5 77 81 6 78 83 
6 78 83 66 79 81 
66 79 81 56 82 74 
56 82 74 73 49 73 
73 49 73 9 49 68 
9 49 68 54 50 79 
54 50 79 81 46 80 
81 46 80 7 47 83 
7 47 83 77 67 87 
77 67 87 35 71 86 
35 71 86 58 76 88 
58 76 88 47 75 48 
47 75 48 10 79 51 
10 79 51 12 80 48 
12 80 48 41 67 50 
41 67 50 51 58 55 
51 58 55 87 55 47 
87 55 47 50 79 42 
50 79 42 64 74 1 
64 74 1 38 71 2 
38 71 2 20 68 5 
20 68 5 74 60 3 
74 60 3 69 59 8 
69 59 8 67 54 7 
67 54 7 24 70 1 
24 70 1 61 87 5 
61 87 5 76 73 12 
76 73 12 2 71 10 
2 71 10 80 66 11 
80 66 11 72 68 27 
72 68 27 18 59 22 
18 59 22 75 51 18 
75 51 18 21 26 14 
21 26 14 15 31 22 
15 31 22 34 37 24 
34 37 24 63 13 22 
63 13 22 25 6 21 
25 6 21 46 17 22 
46 17 22 71 1 29 
71 1 29 43 7 38 
43 7 38 65 24 7 
65 24 7 82 9 4 
82 9 4 14 8 4 
14 8 4 86 37 10 
86 37 10 33 42 4 
33 42 4 60 48 2 
60 48 2 42 70 21 
42 70 21 44 51 31 
44 51 31 40 42 31 
40 42 31 32 36 42 
32 36 42 13 45 42 
13 45 42 70 67 33 
70 67 33 92 59 40 
92 59 40 83 91 40 
83 91 40 90 92 45 
90 92 45 89 80 58 
89 80 58 11 80 64 
11 80 64 88 76 60 
88 76 60 16 88 57