1 53 68 0 49 100 
0 49 100 17 42 106 
17 42 106 40 20 102 
40 20 102 28 3 86 
28 3 86 24 1 84 
24 1 84 30 7 87 
30 7 87 33 0 81 
33 0 81 34 5 82 
34 5 82 45 4 82 
45 4 82 104 3 100 
104 3 100 62 20 106 
62 20 106 76 28 89 
76 28 89 80 23 91 
80 23 91 90 19 86 
90 19 86 47 16 77 
47 16 77 92 16 88 
92 16 88 100 17 100 
100 17 100 44 28 24 
44 28 24 2 18 42 
2 18 42 59 10 57 
59 10 57 77 3 59 
77 3 59 79 14 67 
79 14 67 88 14 72 
88 14 72 61 0 43 
61 0 43 8 0 44 
8 0 44 86 1 38 
86 1 38 68 9 40 
68 9 40 57 7 46 
57 7 46 89 12 45 
89 12 45 11 27 10 
11 27 10 3 35 4 
3 35 4 15 47 19 
15 47 19 12 59 23 
12 59 23 84 67 25 
84 67 25 21 8 19 
21 8 19 6 8 8 
6 8 8 37 9 26 
37 9 26 13 2 28 
13 2 28 85 1 25 
85 1 25 60 16 23 
60 16 23 75 3 19 
75 3 19 54 4 17 
54 4 17 39 23 31 
39 23 31 43 28 39 
43 28 39 46 30 36 
46 30 36 42 35 29 
42 35 29 55 84 6 
55 84 6 27 75 12 
27 75 12 29 59 0 
29 59 0 95 89 10 
95 89 10 58 95 11 
58 95 11 64 97 19 
64 97 19 9 91 24 
9 91 24 19 103 16 
19 103 16 73 103 11 
73 103 11 69 98 18 
69 98 18 98 40 38 
98 40 38 22 47 36 
22 47 36 36 46 44 
36 46 44 81 35 46 
81 35 46 94 38 45 
94 38 45 51 87 77 
51 87 77 18 75 72 
18 75 72 32 76 63 
32 76 63 53 77 55 
53 77 55 97 73 65 
97 73 65 7 69 62 
7 69 62 35 87 79 
35 87 79 38 89 82 
38 89 82 56 90 94 
56 90 94 41 98 90 
41 98 90 4 99 99 
4 99 99 63 95 76 
63 95 76 52 96 67 
52 96 67 14 104 64 
14 104 64 93 104 82 
93 104 82 99 103 80 
99 103 80 91 90 51 
91 90 51 5 90 54 
5 90 54 103 90 54 
103 90 54 50 106 38 
50 106 38 67 104 50 
67 104 50 66 85 36 
66 85 36 70 94 36 
70 94 36 49 90 32 
49 90 32 65 91 37 
65 91 37 74 88 41 
74 88 41 72 87 51 
72 87 51 87 82 44 
87 82 44 96 77 39 
96 77 39 71 72 104 
71 72 104 105 82 105 
105 82 105 102 57 93 
102 57 93 16 61 97 
16 61 97 83 66 88 
83 66 88 23 41 66 
23 41 66 20 35 58 
20 35 58 48 38 61 
48 38 61 106 29 59 
106 29 59 101 27 69 
101 27 69 26 61 56 
26 61 56 10 66 52 
10 66 52 25 54 49 
25 54 49 31 50 56 
31 50 56 82 59 39 
82 59 39 78 53 66 
78 53 66 1 53 68