1 1 19 5 3 20 
5 3 20 21 7 24 
21 7 24 37 10 30 
37 10 30 3 8 35 
3 8 35 4 5 32 
4 5 32 10 1 35 
10 1 35 34 6 33 
34 6 33 13 15 25 
13 15 25 19 17 32 
19 17 32 36 24 33 
36 24 33 24 25 35 
24 25 35 0 20 11 
0 20 11 14 22 13 
14 22 13 7 25 22 
7 25 22 27 23 26 
27 23 26 28 29 24 
28 29 24 8 24 16 
8 24 16 35 26 14 
35 26 14 15 29 16 
15 29 16 18 29 18 
18 29 18 16 8 11 
16 8 11 31 5 13 
31 5 13 26 16 5 
26 16 5 9 18 6 
9 18 6 23 15 5 
23 15 5 29 26 2 
29 26 2 25 28 4 
25 28 4 30 14 12 
30 14 12 32 36 12 
32 36 12 11 33 8 
11 33 8 6 34 8 
6 34 8 22 31 5 
22 31 5 17 35 31 
17 35 31 2 31 30 
2 31 30 12 30 32 
12 30 32 33 31 29 
33 31 29 20 36 23 
20 36 23 1 1 19