1 115 8 102 117 7 
102 117 7 9 103 6 
9 103 6 115 55 10 
115 55 10 21 27 10 
21 27 10 41 20 7 
41 20 7 18 18 16 
18 18 16 61 9 16 
61 9 16 82 11 5 
82 11 5 89 12 9 
89 12 9 110 6 3 
110 6 3 63 27 10 
63 27 10 32 68 7 
32 68 7 29 72 19 
29 72 19 71 61 2 
71 61 2 86 71 7 
86 71 7 70 80 4 
70 80 4 53 43 19 
53 43 19 8 40 25 
8 40 25 73 52 19 
73 52 19 36 52 60 
36 52 60 14 36 63 
14 36 63 11 37 61 
11 37 61 51 39 63 
51 39 63 87 36 59 
87 36 59 15 29 48 
15 29 48 4 28 52 
4 28 52 112 15 43 
112 15 43 49 1 29 
49 1 29 59 3 24 
59 3 24 105 4 45 
105 4 45 37 6 37 
37 6 37 108 16 47 
108 16 47 26 47 70 
26 47 70 60 47 72 
60 47 72 0 47 101 
0 47 101 28 61 110 
28 61 110 24 64 105 
24 64 105 114 62 101 
114 62 101 68 66 99 
68 66 99 95 60 100 
95 60 100 35 67 113 
35 67 113 3 72 110 
3 72 110 5 82 116 
5 82 116 55 70 111 
55 70 111 42 42 114 
42 42 114 111 51 113 
111 51 113 75 3 79 
75 3 79 48 6 69 
48 6 69 56 11 57 
56 11 57 85 12 57 
85 12 57 50 11 94 
50 11 94 22 13 87 
22 13 87 39 18 100 
39 18 100 58 3 108 
58 3 108 116 8 108 
116 8 108 23 13 106 
23 13 106 45 8 117 
45 8 117 81 55 92 
81 55 92 19 55 84 
19 55 84 38 53 78 
38 53 78 67 59 77 
67 59 77 113 55 83 
113 55 83 97 61 97 
97 61 97 106 67 88 
106 67 88 13 77 83 
13 77 83 98 79 89 
98 79 89 109 52 89 
109 52 89 83 115 108 
83 115 108 46 109 68 
46 109 68 17 109 55 
17 109 55 30 97 48 
30 97 48 94 93 50 
94 93 50 76 105 56 
76 105 56 104 111 44 
104 111 44 90 97 74 
90 97 74 40 91 82 
40 91 82 57 113 98 
57 113 98 65 94 99 
65 94 99 44 101 93 
44 101 93 92 111 88 
92 111 88 77 105 117 
77 105 117 93 33 83 
93 33 83 117 27 82 
117 27 82 103 36 100 
103 36 100 43 24 110 
43 24 110 79 30 97 
79 30 97 47 61 55 
47 61 55 2 71 56 
2 71 56 99 76 55 
99 76 55 78 78 59 
78 78 59 91 74 56 
91 74 56 69 61 52 
69 61 52 20 68 44 
20 68 44 100 77 67 
100 77 67 10 87 58 
10 87 58 25 83 49 
25 83 49 52 70 69 
52 70 69 54 85 74 
54 85 74 80 57 62 
80 57 62 96 47 46 
96 47 46 12 56 36 
12 56 36 101 55 41 
101 55 41 27 91 29 
27 91 29 16 87 19 
16 87 19 31 95 38 
31 95 38 33 91 41 
33 91 41 64 99 42 
64 99 42 66 86 25 
66 86 25 62 81 31 
62 81 31 107 95 25 
107 95 25 7 107 30 
7 107 30 34 91 2 
34 91 2 72 90 9 
72 90 9 74 91 12 
74 91 12 88 102 14 
88 102 14 6 107 16 
6 107 16 84 112 20 
84 112 20 1 115 8