1 24 61 0 37 31 
0 37 31 11 36 20 
11 36 20 4 38 21 
4 38 21 41 42 15 
41 42 15 46 11 22 
46 11 22 17 9 18 
17 9 18 9 0 3 
9 0 3 10 11 2 
10 11 2 48 15 26 
48 15 26 49 5 24 
49 5 24 19 45 6 
19 45 6 15 49 14 
15 49 14 28 51 19 
28 51 19 47 67 3 
47 67 3 53 45 1 
53 45 1 62 36 6 
62 36 6 7 25 7 
7 25 7 54 22 9 
54 22 9 8 37 8 
8 37 8 50 39 8 
50 39 8 70 33 7 
70 33 7 65 52 5 
65 52 5 68 47 7 
68 47 7 30 33 44 
30 33 44 5 27 49 
5 27 49 35 25 50 
35 25 50 69 25 49 
69 25 49 6 30 46 
6 30 46 42 26 41 
42 26 41 59 33 38 
59 33 38 31 48 51 
31 48 51 14 61 45 
14 61 45 61 69 44 
61 69 44 63 62 37 
63 62 37 18 63 69 
18 63 69 25 63 66 
25 63 66 52 49 71 
52 49 71 45 46 53 
45 46 53 21 42 55 
21 42 55 33 39 57 
33 39 57 60 41 50 
60 41 50 57 42 43 
57 42 43 51 46 51 
51 46 51 56 67 27 
56 67 27 16 68 26 
16 68 26 27 63 25 
27 63 25 3 62 28 
3 62 28 37 59 22 
37 59 22 13 57 25 
13 57 25 43 53 27 
43 53 27 39 63 21 
39 63 21 64 41 29 
64 41 29 32 52 33 
32 52 33 2 25 62 
2 25 62 22 24 65 
22 24 65 23 23 68 
23 23 68 26 36 61 
26 36 61 71 38 67 
71 38 67 44 15 59 
44 15 59 58 16 68 
58 16 68 67 5 70 
67 5 70 66 21 64 
66 21 64 72 6 52 
72 6 52 20 12 44 
20 12 44 24 10 37 
24 10 37 36 7 40 
36 7 40 40 17 44 
40 17 44 29 6 50 
29 6 50 38 2 44 
38 2 44 34 2 42 
34 2 42 55 0 36 
55 0 36 12 0 33 
12 0 33 1 24 61