19 67 19 1 65 17 
1 65 17 14 52 26 
14 52 26 24 49 24 
24 49 24 69 51 22 
69 51 22 81 42 24 
81 42 24 0 52 9 
0 52 9 7 84 0 
7 84 0 74 86 15 
74 86 15 30 85 15 
30 85 15 87 87 3 
87 87 3 9 54 10 
9 54 10 29 80 85 
29 80 85 37 66 69 
37 66 69 38 69 73 
38 69 73 32 64 77 
32 64 77 40 62 64 
40 62 64 31 61 65 
31 61 65 51 52 72 
51 52 72 59 57 81 
59 57 81 26 63 86 
26 63 86 84 53 77 
84 53 77 27 46 78 
27 46 78 54 63 69 
54 63 69 75 60 71 
75 60 71 42 79 87 
42 79 87 71 84 78 
71 84 78 63 86 81 
63 86 81 35 44 12 
35 44 12 18 47 9 
18 47 9 23 38 15 
23 38 15 41 39 6 
41 39 6 50 29 13 
50 29 13 3 30 14 
3 30 14 78 32 19 
78 32 19 8 12 4 
8 12 4 2 14 10 
2 14 10 36 12 7 
36 12 7 17 27 4 
17 27 4 55 28 3 
55 28 3 66 33 3 
66 33 3 47 21 28 
47 21 28 5 30 34 
5 30 34 6 22 20 
6 22 20 57 20 22 
57 20 22 11 12 25 
11 12 25 13 20 30 
13 20 30 25 13 34 
25 13 34 53 5 31 
53 5 31 80 1 20 
80 1 20 73 10 46 
73 10 46 20 7 41 
20 7 41 68 51 4 
68 51 4 70 51 50 
70 51 50 10 51 45 
10 51 45 21 69 46 
21 69 46 12 72 39 
12 72 39 44 77 44 
44 77 44 62 71 34 
62 71 34 15 68 49 
15 68 49 61 64 42 
61 64 42 33 57 35 
33 57 35 34 66 36 
34 66 36 48 58 55 
48 58 55 43 58 51 
43 58 51 46 58 58 
46 58 58 83 51 63 
83 51 63 22 51 62 
22 51 62 56 56 55 
56 56 55 58 63 57 
58 63 57 67 35 63 
67 35 63 4 21 59 
4 21 59 45 23 65 
45 23 65 76 24 59 
76 24 59 49 29 70 
49 29 70 52 25 72 
52 25 72 64 30 80 
64 30 80 77 44 46 
77 44 46 39 37 47 
39 37 47 79 43 55 
79 43 55 85 48 49 
85 48 49 86 6 70 
86 6 70 60 3 75 
60 3 75 16 9 81 
16 9 81 72 11 71 
72 11 71 65 19 75 
65 19 75 82 53 8 
82 53 8 28 74 9 
28 74 9 19 67 19