2 40 42 1 39 47 
1 39 47 48 37 47 
48 37 47 10 42 37 
10 42 37 43 40 30 
43 40 30 3 35 32 
3 35 32 4 38 26 
4 38 26 12 42 32 
12 42 32 17 43 22 
17 43 22 34 42 19 
34 42 19 36 47 21 
36 47 21 0 22 15 
0 22 15 18 16 24 
18 16 24 24 22 32 
24 22 32 20 25 33 
20 25 33 31 26 33 
31 26 33 37 30 37 
37 30 37 23 19 36 
23 19 36 47 17 48 
47 17 48 26 15 8 
26 15 8 16 19 6 
16 19 6 22 5 8 
22 5 8 8 9 3 
8 9 3 28 12 9 
28 12 9 30 8 18 
30 8 18 44 7 19 
44 7 19 14 6 20 
14 6 20 45 0 19 
45 0 19 27 22 13 
27 22 13 33 3 31 
33 3 31 6 2 40 
6 2 40 21 0 33 
21 0 33 29 0 31 
29 0 31 25 9 36 
25 9 36 9 12 34 
9 12 34 15 8 39 
15 8 39 39 7 27 
39 7 27 35 24 13 
35 24 13 40 34 16 
40 34 16 19 31 17 
19 31 17 38 40 6 
38 40 6 5 38 3 
5 38 3 32 44 12 
32 44 12 41 36 18 
41 36 18 11 37 20 
11 37 20 46 37 37 
46 37 37 7 38 37 
7 38 37 13 38 39 
13 38 39 42 44 42 
42 44 42 2 40 42