19 27 12 1 26 12 
1 26 12 16 28 9 
16 28 9 2 29 10 
2 29 10 22 30 11 
22 30 11 0 30 17 
0 30 17 5 2 27 
5 2 27 15 4 24 
15 4 24 12 5 23 
12 5 23 21 4 19 
21 4 19 6 2 17 
6 2 17 8 0 14 
8 0 14 13 0 11 
13 0 11 10 29 18 
10 29 18 11 24 20 
11 24 20 18 27 29 
18 27 29 25 31 20 
25 31 20 31 16 21 
31 16 21 14 15 9 
14 15 9 9 14 12 
9 14 12 27 11 1 
27 11 1 7 14 1 
7 14 1 28 7 9 
28 7 9 29 19 1 
29 19 1 3 21 1 
3 21 1 26 20 1 
26 20 1 17 16 27 
17 16 27 24 20 22 
24 20 22 30 20 25 
30 20 25 20 25 8 
20 25 8 4 25 3 
4 25 3 23 22 13 
23 22 13 19 27 12