1 39 28 22 38 32 
22 38 32 4 39 30 
4 39 30 20 30 39 
20 30 39 13 33 44 
13 33 44 7 37 44 
7 37 44 17 22 42 
17 22 42 19 11 46 
19 11 46 28 8 47 
28 8 47 30 6 47 
30 6 47 33 17 41 
33 17 41 36 30 21 
36 30 21 5 34 10 
5 34 10 14 26 0 
14 26 0 23 33 21 
23 33 21 15 36 21 
15 36 21 18 39 21 
18 39 21 26 16 23 
26 16 23 16 2 25 
16 2 25 27 5 35 
27 5 35 35 7 21 
35 7 21 45 3 19 
45 3 19 31 17 35 
31 17 35 46 0 48 
46 0 48 34 15 18 
34 15 18 0 49 9 
0 49 9 3 45 2 
3 45 2 29 47 12 
29 47 12 49 43 11 
49 43 11 42 49 25 
42 49 25 10 49 22 
10 49 22 44 50 9 
44 50 9 39 0 3 
39 0 3 11 12 10 
11 12 10 9 11 4 
9 11 4 32 12 2 
32 12 2 21 14 7 
21 14 7 24 4 10 
24 4 10 43 5 13 
43 5 13 41 0 6 
41 0 6 48 29 15 
48 29 15 37 26 8 
37 26 8 6 20 11 
6 20 11 40 28 50 
40 28 50 8 24 47 
8 24 47 12 21 49 
12 21 49 47 23 45 
47 23 45 50 32 38 
50 32 38 25 39 33 
25 39 33 38 42 40 
38 42 40 2 49 45 
2 49 45 1 39 28