63 15 52 1 5 47 
1 5 47 15 14 55 
15 14 55 47 2 63 
47 2 63 24 22 45 
24 22 45 70 23 43 
70 23 43 53 23 70 
53 23 70 44 38 69 
44 38 69 35 31 65 
35 31 65 61 30 66 
61 30 66 43 43 74 
43 43 74 13 44 76 
13 44 76 0 35 17 
0 35 17 36 43 27 
36 43 27 40 46 28 
40 46 28 68 43 30 
68 43 30 66 44 35 
66 44 35 12 42 38 
12 42 38 51 66 16 
51 66 16 28 53 18 
28 53 18 31 56 22 
31 56 22 39 69 15 
39 69 15 27 73 8 
27 73 8 11 72 1 
11 72 1 42 62 9 
42 62 9 62 65 25 
62 65 25 5 68 31 
5 68 31 46 74 27 
46 74 27 71 75 17 
71 75 17 55 26 22 
55 26 22 30 15 30 
30 15 30 4 17 22 
4 17 22 32 20 26 
32 20 26 65 12 20 
65 12 20 7 22 35 
7 22 35 38 12 35 
38 12 35 14 9 41 
14 9 41 67 7 42 
67 7 42 33 9 44 
33 9 44 59 47 3 
59 47 3 23 51 7 
23 51 7 60 39 6 
60 39 6 18 41 8 
18 41 8 72 39 3 
72 39 3 75 25 10 
75 25 10 26 4 12 
26 4 12 73 23 0 
73 23 0 8 15 3 
8 15 3 48 73 71 
48 73 71 2 70 54 
2 70 54 16 67 49 
16 67 49 57 65 51 
57 65 51 34 72 67 
34 72 67 25 77 62 
25 77 62 78 73 61 
78 73 61 54 72 61 
54 72 61 41 65 63 
41 65 63 6 62 63 
6 62 63 58 69 65 
58 69 65 76 67 73 
76 67 73 10 57 78 
10 57 78 50 38 52 
50 38 52 22 52 45 
22 52 45 9 52 50 
9 52 50 17 63 42 
17 63 42 19 57 40 
19 57 40 3 58 40 
3 58 40 77 60 40 
77 60 40 21 59 48 
21 59 48 45 58 44 
45 58 44 37 42 58 
37 42 58 64 42 59 
64 42 59 49 35 44 
49 35 44 52 34 55 
52 34 55 29 26 54 
29 26 54 56 40 52 
56 40 52 74 46 66 
74 46 66 20 55 66 
20 55 66 69 25 74 
69 25 74 63 15 52