1 16 14 12 19 21 
12 19 21 0 15 72 
0 15 72 4 31 72 
4 31 72 11 15 58 
11 15 58 5 24 55 
5 24 55 19 14 63 
19 14 63 73 11 64 
73 11 64 22 17 56 
22 17 56 31 14 55 
31 14 55 44 6 50 
44 6 50 55 15 54 
55 15 54 71 15 48 
71 15 48 63 52 59 
63 52 59 7 69 63 
7 69 63 39 69 64 
39 69 64 48 69 68 
48 69 68 72 69 52 
72 69 52 50 44 38 
50 44 38 8 38 31 
8 38 31 57 43 30 
57 43 30 61 38 47 
61 38 47 37 37 52 
37 37 52 54 31 49 
54 31 49 62 48 60 
62 48 60 46 38 60 
46 38 60 67 54 47 
67 54 47 68 53 62 
68 53 62 2 53 68 
2 53 68 3 51 69 
3 51 69 13 56 73 
13 56 73 15 52 65 
15 52 65 70 8 73 
70 8 73 29 3 63 
29 3 63 26 3 58 
26 3 58 32 39 8 
32 39 8 20 33 9 
20 33 9 6 34 4 
6 34 4 35 25 8 
35 25 8 59 30 6 
59 30 6 33 27 20 
33 27 20 45 32 18 
45 32 18 65 26 24 
65 26 24 30 30 31 
30 30 31 49 28 34 
49 28 34 36 10 24 
36 10 24 27 11 31 
27 11 31 25 9 35 
25 9 35 52 2 16 
52 2 16 47 19 35 
47 19 35 28 20 34 
28 20 34 58 21 32 
58 21 32 69 14 38 
69 14 38 17 10 43 
17 10 43 51 64 13 
51 64 13 16 72 6 
16 72 6 24 60 15 
24 60 15 10 60 18 
10 60 18 41 58 9 
41 58 9 42 58 12 
42 58 12 18 53 13 
18 53 13 43 57 6 
43 57 6 60 60 11 
60 60 11 56 53 21 
56 53 21 21 57 30 
21 57 30 38 55 25 
38 55 25 66 49 16 
66 49 16 64 73 16 
64 73 16 23 69 17 
23 69 17 53 69 18 
53 69 18 14 70 27 
14 70 27 40 19 1 
40 19 1 34 11 5 
34 11 5 9 8 2 
9 8 2 1 16 14