1 13 34 7 17 35 
7 17 35 9 4 20 
9 4 20 2 0 19 
2 0 19 5 1 23 
5 1 23 3 3 34 
3 3 34 21 6 28 
21 6 28 26 4 29 
26 4 29 8 6 14 
8 6 14 13 4 14 
13 4 14 28 4 10 
28 4 10 0 14 10 
0 14 10 10 16 4 
10 16 4 14 21 0 
14 21 0 12 32 10 
12 32 10 4 31 6 
4 31 6 6 30 0 
6 30 0 11 28 1 
11 28 1 16 31 3 
16 31 3 32 36 0 
32 36 0 29 30 16 
29 30 16 30 28 16 
30 28 16 31 36 23 
31 36 23 17 34 29 
17 34 29 22 23 14 
22 23 14 18 24 16 
18 24 16 23 14 15 
23 14 15 27 18 19 
27 18 19 25 8 2 
25 8 2 15 7 5 
15 7 5 35 4 5 
35 4 5 34 5 6 
34 5 6 36 1 3 
36 1 3 24 2 4 
24 2 4 33 13 10 
33 13 10 19 10 11 
19 10 11 20 27 35 
20 27 35 1 13 34