13 11 32 1 15 34 
1 15 34 25 15 36 
25 15 36 0 8 45 
0 8 45 5 26 37 
5 26 37 12 45 63 
12 45 63 18 54 69 
18 54 69 22 65 58 
22 65 58 3 62 50 
3 62 50 47 58 58 
47 58 58 37 55 53 
37 55 53 45 57 62 
45 57 62 55 40 61 
55 40 61 38 38 63 
38 38 63 56 37 54 
56 37 54 67 33 62 
67 33 62 62 44 65 
62 44 65 15 30 30 
15 30 30 19 26 29 
19 26 29 35 36 30 
35 36 30 42 27 41 
42 27 41 51 23 36 
51 23 36 66 43 45 
66 43 45 8 47 39 
8 47 39 7 19 11 
7 19 11 17 26 10 
17 26 10 27 30 10 
27 30 10 24 35 13 
24 35 13 16 33 12 
16 33 12 31 26 3 
31 26 3 58 34 0 
58 34 0 65 35 0 
65 35 0 28 21 21 
28 21 21 53 17 24 
53 17 24 36 57 14 
36 57 14 20 43 21 
20 43 21 23 50 29 
23 50 29 33 52 19 
33 52 19 29 60 24 
29 60 24 50 49 22 
50 49 22 39 52 1 
39 52 1 26 58 0 
26 58 0 48 41 5 
48 41 5 10 39 1 
10 39 1 44 65 9 
44 65 9 52 64 8 
52 64 8 40 63 3 
40 63 3 57 64 4 
57 64 4 54 60 15 
54 60 15 41 4 14 
41 4 14 21 4 20 
21 4 20 46 9 11 
46 9 11 60 2 4 
60 2 4 64 5 6 
64 5 6 9 8 48 
9 8 48 30 2 52 
30 2 52 4 0 52 
4 0 52 49 12 67 
49 12 67 43 28 69 
43 28 69 61 11 56 
61 11 56 6 17 53 
6 17 53 14 12 60 
14 12 60 68 9 47 
68 9 47 34 16 46 
34 16 46 59 4 38 
59 4 38 2 2 33 
2 2 33 63 7 45 
63 7 45 32 14 29 
32 14 29 69 2 27 
69 2 27 11 0 30 
11 0 30 13 11 32