1 43 2 102 50 12 
102 50 12 29 51 14 
29 51 14 105 61 20 
105 61 20 28 67 20 
28 67 20 3 74 23 
3 74 23 19 73 14 
19 73 14 44 65 9 
44 65 9 25 63 3 
25 63 3 27 63 4 
27 63 4 40 59 9 
40 59 9 10 55 8 
10 55 8 89 70 33 
89 70 33 97 48 32 
97 48 32 51 57 35 
51 57 35 41 57 40 
41 57 40 106 55 32 
106 55 32 107 45 27 
107 45 27 33 46 28 
33 46 28 61 60 56 
61 60 56 13 62 54 
13 62 54 0 68 96 
0 68 96 54 107 31 
54 107 31 11 106 56 
11 106 56 38 99 53 
38 99 53 82 97 52 
82 97 52 30 89 49 
30 89 49 81 106 67 
81 106 67 52 99 17 
52 99 17 31 96 17 
31 96 17 55 97 5 
55 97 5 76 92 18 
76 92 18 77 100 24 
77 100 24 32 93 25 
32 93 25 47 93 24 
47 93 24 62 106 30 
62 106 30 67 99 41 
67 99 41 59 71 95 
59 71 95 5 67 84 
5 67 84 9 74 82 
9 74 82 14 85 101 
14 85 101 22 82 94 
22 82 94 91 80 94 
91 80 94 69 85 106 
69 85 106 79 74 95 
79 74 95 85 55 97 
85 55 97 36 55 95 
36 55 95 65 43 104 
65 43 104 86 20 102 
86 20 102 24 26 84 
24 26 84 68 24 76 
68 24 76 101 28 87 
101 28 87 17 30 89 
17 30 89 43 11 96 
43 11 96 46 7 107 
46 7 107 50 27 106 
50 27 106 80 0 95 
80 0 95 53 0 97 
53 0 97 84 0 74 
84 0 74 37 8 76 
37 8 76 83 0 45 
83 0 45 20 1 49 
20 1 49 96 7 49 
96 7 49 39 15 51 
39 15 51 49 4 57 
49 4 57 100 44 90 
100 44 90 71 52 83 
71 52 83 88 45 82 
88 45 82 4 41 76 
4 41 76 104 91 85 
104 91 85 26 82 79 
26 82 79 60 74 73 
60 74 73 108 85 75 
108 85 75 87 89 69 
87 89 69 45 87 58 
45 87 58 74 78 60 
74 78 60 35 72 65 
35 72 65 94 86 62 
94 86 62 56 95 69 
56 95 69 98 96 74 
98 96 74 34 97 72 
34 97 72 103 105 88 
103 105 88 6 107 78 
6 107 78 57 105 101 
57 105 101 78 63 48 
78 63 48 7 73 49 
7 73 49 23 67 48 
23 67 48 93 61 47 
93 61 47 90 42 48 
90 42 48 16 44 62 
16 44 62 75 41 67 
75 41 67 64 32 53 
64 32 53 48 25 59 
48 25 59 99 33 42 
99 33 42 15 36 34 
15 36 34 58 19 20 
58 19 20 8 24 15 
8 24 15 18 25 0 
18 25 0 2 29 7 
2 29 7 21 25 18 
21 25 18 12 7 11 
12 7 11 63 11 10 
63 11 10 73 6 15 
73 6 15 70 14 14 
70 14 14 42 14 11 
42 14 11 92 16 33 
92 16 33 72 48 19 
72 48 19 66 50 24 
66 50 24 95 49 14 
95 49 14 1 43 2