1 79 14 68 84 6 
68 84 6 44 86 10 
44 86 10 7 79 29 
7 79 29 111 60 35 
111 60 35 24 47 5 
24 47 5 52 69 39 
52 69 39 83 65 24 
83 65 24 76 65 24 
76 65 24 122 54 62 
122 54 62 10 0 53 
10 0 53 67 7 8 
67 7 8 22 9 16 
22 9 16 77 10 15 
77 10 15 28 11 15 
28 11 15 96 1 21 
96 1 21 85 24 10 
85 24 10 31 32 6 
31 32 6 4 35 10 
4 35 10 34 35 7 
34 35 7 113 28 22 
113 28 22 3 25 25 
3 25 25 92 7 5 
92 7 5 105 12 7 
105 12 7 93 9 47 
93 9 47 47 17 48 
47 17 48 106 5 34 
106 5 34 19 10 36 
19 10 36 100 13 33 
100 13 33 81 6 39 
81 6 39 109 13 28 
109 13 28 29 58 67 
29 58 67 16 60 64 
16 60 64 5 60 62 
5 60 62 78 57 54 
78 57 54 33 64 47 
33 64 47 98 54 45 
98 54 45 95 44 52 
95 44 52 15 44 50 
15 44 50 56 32 36 
56 32 36 72 25 41 
72 25 41 69 42 61 
69 42 61 0 70 71 
0 70 71 12 57 75 
12 57 75 25 50 86 
25 50 86 112 43 77 
112 43 77 23 39 78 
23 39 78 66 30 82 
66 30 82 127 41 92 
127 41 92 32 36 94 
32 36 94 37 83 83 
37 83 83 6 73 87 
6 73 87 39 114 91 
39 114 91 70 123 97 
70 123 97 61 127 106 
61 127 106 36 120 119 
36 120 119 43 124 118 
43 124 118 119 123 115 
119 123 115 80 123 115 
80 123 115 38 120 110 
38 120 110 74 100 109 
74 100 109 20 98 114 
20 98 114 82 96 121 
82 96 121 101 88 124 
101 88 124 30 106 126 
30 106 126 46 96 100 
46 96 100 59 87 100 
59 87 100 120 92 109 
120 92 109 9 91 115 
9 91 115 97 126 62 
97 126 62 2 123 63 
2 123 63 114 114 59 
114 114 59 26 111 67 
26 111 67 88 113 65 
88 113 65 124 125 49 
124 125 49 40 119 48 
40 119 48 107 110 76 
107 110 76 58 118 78 
58 118 78 41 62 119 
41 62 119 11 64 117 
11 64 117 42 73 123 
42 73 123 60 59 104 
60 59 104 8 71 107 
8 71 107 104 75 104 
104 75 104 53 50 111 
53 50 111 62 52 108 
62 52 108 79 49 98 
79 49 98 64 55 96 
64 55 96 90 53 103 
90 53 103 89 62 119 
89 62 119 115 31 121 
115 31 121 21 8 109 
21 8 109 14 14 105 
14 14 105 48 18 114 
48 18 114 75 4 121 
75 4 121 125 5 122 
125 5 122 45 31 106 
45 31 106 121 31 96 
121 31 96 102 26 93 
102 26 93 50 27 91 
50 27 91 108 18 82 
108 18 82 118 24 82 
118 24 82 84 37 127 
84 37 127 91 40 119 
91 40 119 55 45 122 
55 45 122 63 74 63 
63 74 63 57 75 56 
57 75 56 27 69 58 
27 69 58 110 76 52 
110 76 52 116 75 75 
116 75 75 123 95 58 
123 95 58 35 99 69 
35 99 69 87 111 47 
87 111 47 13 119 11 
13 119 11 49 125 25 
49 125 25 18 121 20 
18 121 20 65 108 3 
65 108 3 73 99 3 
73 99 3 99 105 3 
99 105 3 103 103 49 
103 103 49 117 52 27 
117 52 27 17 48 24 
17 48 24 51 51 31 
51 51 31 86 50 17 
86 50 17 54 94 32 
54 94 32 71 100 30 
71 100 30 94 82 4 
94 82 4 126 72 6 
126 72 6 1 79 14