1 68 121 102 77 109 
102 77 109 63 80 107 
63 80 107 7 97 111 
7 97 111 50 49 100 
50 49 100 18 44 97 
18 44 97 54 47 94 
54 47 94 139 42 84 
139 42 84 43 57 76 
43 57 76 133 25 116 
133 25 116 4 24 132 
4 24 132 110 24 133 
110 24 133 11 20 104 
11 20 104 58 26 93 
58 26 93 51 37 119 
51 37 119 20 38 122 
20 38 122 104 42 128 
104 42 128 34 42 130 
34 42 130 98 35 144 
98 35 144 68 11 158 
68 11 158 23 12 159 
23 12 159 41 17 155 
41 17 155 17 21 156 
17 21 156 122 15 147 
122 15 147 85 46 142 
85 46 142 135 34 149 
135 34 149 109 38 153 
109 38 153 53 43 154 
53 43 154 112 26 121 
112 26 121 128 2 113 
128 2 113 72 2 130 
72 2 130 66 2 145 
66 2 145 105 4 99 
105 4 99 150 5 91 
150 5 91 92 0 85 
92 0 85 137 1 76 
137 1 76 155 10 93 
155 10 93 0 128 106 
0 128 106 26 117 87 
26 117 87 45 111 96 
45 111 96 2 110 99 
2 110 99 39 110 105 
39 110 105 84 99 93 
84 99 93 127 109 71 
127 109 71 52 117 75 
52 117 75 33 158 66 
33 158 66 70 152 57 
70 152 57 115 144 76 
115 144 76 8 137 81 
8 137 81 124 149 75 
124 149 75 149 138 46 
149 138 46 35 153 30 
35 153 30 44 152 25 
44 152 25 69 143 40 
69 143 40 74 132 45 
74 132 45 96 134 57 
96 134 57 145 141 63 
145 141 63 142 138 35 
142 138 35 143 142 28 
143 142 28 158 125 46 
158 125 46 47 122 109 
47 122 109 100 117 124 
100 117 124 83 117 126 
83 117 126 106 110 119 
106 110 119 101 106 127 
101 106 127 60 127 103 
60 127 103 130 139 106 
130 139 106 28 144 108 
28 144 108 138 147 109 
138 147 109 91 139 91 
91 139 91 131 154 100 
131 154 100 13 158 121 
13 158 121 121 159 119 
121 159 119 146 158 131 
146 158 131 123 154 129 
123 154 129 132 155 88 
132 155 88 21 152 83 
21 152 83 141 109 27 
141 109 27 25 106 31 
25 106 31 37 111 25 
37 111 25 57 111 23 
57 111 23 79 117 20 
79 117 20 22 118 9 
22 118 9 87 112 21 
87 112 21 95 125 32 
95 125 32 42 85 31 
42 85 31 6 86 19 
6 86 19 5 91 8 
5 91 8 27 89 0 
27 89 0 97 74 27 
97 74 27 156 79 33 
156 79 33 111 79 29 
111 79 29 71 103 17 
71 103 17 93 144 5 
93 144 5 62 155 9 
62 155 9 10 160 1 
10 160 1 114 152 6 
114 152 6 94 107 54 
94 107 54 48 100 46 
48 100 46 116 87 60 
116 87 60 14 76 60 
14 76 60 59 60 52 
59 60 52 119 89 58 
119 89 58 77 96 60 
77 96 60 129 111 48 
129 111 48 108 55 18 
108 55 18 3 62 16 
3 62 16 40 67 8 
40 67 8 82 66 1 
82 66 1 89 67 21 
89 67 21 30 20 41 
30 20 41 125 26 49 
125 26 49 19 11 57 
19 11 57 64 34 48 
64 34 48 78 39 41 
78 39 41 80 20 48 
80 20 48 103 24 71 
103 24 71 15 31 69 
15 31 69 46 38 67 
46 38 67 160 39 68 
160 39 68 32 38 69 
32 38 69 55 24 69 
55 24 69 157 20 65 
157 20 65 120 21 74 
120 21 74 153 30 31 
153 30 31 73 42 32 
73 42 32 148 58 22 
148 58 22 152 54 12 
152 54 12 36 23 4 
36 23 4 12 34 1 
12 34 1 31 14 6 
31 14 6 90 16 11 
90 16 11 113 1 9 
113 1 9 159 57 14 
159 57 14 144 132 118 
144 132 118 161 125 148 
161 125 148 9 122 141 
9 122 141 99 124 134 
99 124 134 24 118 148 
24 118 148 38 105 140 
38 105 140 118 93 157 
118 93 157 126 81 155 
126 81 155 140 114 159 
140 114 159 107 137 145 
107 137 145 67 150 137 
67 150 137 65 84 88 
65 84 88 29 88 76 
29 88 76 16 88 79 
16 88 79 88 98 77 
88 98 77 61 82 92 
61 82 92 147 74 90 
147 74 90 86 83 107 
86 83 107 134 80 98 
134 80 98 117 71 139 
117 71 139 76 85 143 
76 85 143 81 66 153 
81 66 153 151 58 132 
151 58 132 49 59 129 
49 59 129 136 58 130 
136 58 130 154 64 142 
154 64 142 56 68 126 
56 68 126 75 62 120 
75 62 120 1 68 121