99 22 109 1 15 116 
1 15 116 53 29 113 
53 29 113 91 24 116 
91 24 116 28 31 100 
28 31 100 20 36 97 
20 36 97 4 38 104 
4 38 104 43 42 104 
43 42 104 41 51 104 
41 51 104 113 53 88 
113 53 88 15 57 82 
15 57 82 71 64 70 
71 64 70 81 47 75 
81 47 75 54 35 86 
54 35 86 59 28 82 
59 28 82 52 25 80 
52 25 80 62 24 82 
62 24 82 79 43 87 
79 43 87 86 23 72 
86 23 72 38 33 70 
38 33 70 102 26 91 
102 26 91 92 16 88 
92 16 88 63 12 98 
63 12 98 90 62 89 
90 62 89 24 67 93 
24 67 93 23 69 94 
23 69 94 2 76 95 
2 76 95 26 57 92 
26 57 92 45 70 109 
45 70 109 12 77 103 
12 77 103 108 75 113 
108 75 113 14 87 26 
14 87 26 6 79 37 
6 79 37 18 90 43 
18 90 43 10 94 46 
10 94 46 33 74 35 
33 74 35 82 74 49 
82 74 49 110 67 48 
110 67 48 116 79 36 
116 79 36 0 66 0 
0 66 0 32 64 3 
32 64 3 8 65 5 
8 65 5 58 49 17 
58 49 17 9 46 18 
9 46 18 19 44 13 
19 44 13 49 41 21 
49 41 21 109 26 20 
109 26 20 22 23 13 
22 23 13 107 13 12 
107 13 12 57 2 11 
57 2 11 61 10 9 
61 10 9 111 9 1 
111 9 1 31 23 25 
31 23 25 78 13 23 
78 13 23 36 9 39 
36 9 39 39 4 44 
39 4 44 40 9 42 
40 9 42 84 10 42 
84 10 42 56 1 24 
56 1 24 64 49 13 
64 49 13 67 55 21 
67 55 21 89 56 16 
89 56 16 95 60 12 
95 60 12 96 62 26 
96 62 26 75 54 37 
75 54 37 73 62 39 
73 62 39 47 60 36 
47 60 36 80 33 43 
80 33 43 13 43 63 
13 43 63 17 8 58 
17 8 58 3 8 67 
3 8 67 50 10 76 
50 10 76 46 26 37 
46 26 37 21 20 47 
21 20 47 76 32 46 
76 32 46 5 37 50 
5 37 50 16 87 24 
16 87 24 27 79 25 
27 79 25 30 112 22 
30 112 22 65 112 21 
65 112 21 68 110 12 
68 110 12 88 97 9 
88 97 9 7 98 11 
7 98 11 72 93 0 
72 93 0 100 108 17 
100 108 17 98 114 39 
98 114 39 11 111 57 
11 111 57 103 108 57 
103 108 57 34 87 21 
34 87 21 104 90 21 
104 90 21 35 91 27 
35 91 27 87 89 31 
87 89 31 25 90 31 
25 90 31 106 73 82 
106 73 82 77 94 72 
77 94 72 60 94 85 
60 94 85 66 86 72 
66 86 72 74 93 71 
74 93 71 44 92 64 
44 92 64 48 91 59 
48 91 59 94 103 68 
94 103 68 29 100 68 
29 100 68 97 102 63 
97 102 63 112 111 93 
112 111 93 55 109 95 
55 109 95 37 111 110 
37 111 110 70 108 107 
70 108 107 101 101 115 
101 101 115 83 95 101 
83 95 101 51 100 103 
51 100 103 69 95 101 
69 95 101 114 79 80 
114 79 80 42 74 74 
42 74 74 93 45 109 
93 45 109 105 44 113 
105 44 113 115 48 116 
115 48 116 85 34 105 
85 34 105 99 22 109