99 126 82 1 131 99 
1 131 99 82 120 112 
82 120 112 40 124 105 
40 124 105 72 131 73 
72 131 73 121 127 72 
121 127 72 4 126 64 
4 126 64 103 129 54 
103 129 54 116 88 63 
116 88 63 12 78 48 
12 78 48 42 72 41 
42 72 41 56 77 40 
56 77 40 61 83 44 
61 83 44 127 77 55 
127 77 55 134 79 58 
134 79 58 41 82 56 
41 82 56 43 98 67 
43 98 67 129 106 66 
129 106 66 44 107 65 
44 107 65 54 99 46 
54 99 46 22 92 42 
22 92 42 30 92 42 
30 92 42 70 94 48 
70 94 48 81 110 46 
81 110 46 13 123 43 
13 123 43 25 123 44 
25 123 44 45 119 41 
45 119 41 32 106 51 
32 106 51 88 103 77 
88 103 77 38 104 88 
38 104 88 66 113 95 
66 113 95 109 97 125 
109 97 125 63 100 121 
63 100 121 91 97 120 
91 97 120 125 104 119 
125 104 119 132 98 122 
132 98 122 75 98 127 
75 98 127 46 103 126 
46 103 126 57 116 129 
57 116 129 21 118 124 
21 118 124 108 121 133 
108 121 133 107 97 129 
107 97 129 84 97 132 
84 97 132 89 82 120 
89 82 120 15 72 112 
15 72 112 37 74 107 
37 74 107 62 62 115 
62 62 115 55 59 125 
55 59 125 77 70 129 
77 70 129 78 85 120 
78 85 120 110 85 120 
110 85 120 106 102 101 
106 102 101 79 98 95 
79 98 95 6 89 100 
6 89 100 74 88 98 
74 88 98 80 88 97 
80 88 97 64 84 90 
64 84 90 69 81 97 
69 81 97 83 104 103 
83 104 103 51 42 40 
51 42 40 34 33 80 
34 33 80 2 34 127 
2 34 127 31 46 130 
31 46 130 68 3 125 
68 3 125 20 13 127 
20 13 127 114 17 129 
114 17 129 71 30 119 
71 30 119 11 27 105 
11 27 105 19 26 115 
19 26 115 104 27 111 
104 27 111 35 50 75 
35 50 75 28 54 71 
28 54 71 93 55 76 
93 55 76 96 51 102 
96 51 102 85 46 91 
85 46 91 123 47 106 
123 47 106 50 54 111 
50 54 111 115 54 112 
115 54 112 105 61 79 
105 61 79 73 62 77 
73 62 77 122 62 73 
122 62 73 58 21 81 
58 21 81 8 18 83 
8 18 83 14 25 80 
14 25 80 26 20 78 
26 20 78 120 21 78 
120 21 78 65 0 83 
65 0 83 126 12 83 
126 12 83 128 19 90 
128 19 90 48 12 103 
48 12 103 97 15 107 
97 15 107 130 23 86 
130 23 86 87 30 75 
87 30 75 0 28 11 
0 28 11 5 40 5 
5 40 5 92 44 8 
92 44 8 29 43 10 
29 43 10 60 32 21 
60 32 21 112 51 16 
112 51 16 33 105 1 
33 105 1 24 105 22 
24 105 22 27 98 29 
27 98 29 102 107 19 
102 107 19 49 112 0 
49 112 0 76 107 8 
76 107 8 113 112 6 
113 112 6 98 76 16 
98 76 16 9 76 18 
9 76 18 100 81 10 
100 81 10 47 84 0 
47 84 0 53 84 2 
53 84 2 131 68 21 
131 68 21 111 68 25 
111 68 25 133 19 19 
133 19 19 7 9 31 
7 9 31 39 15 31 
39 15 31 118 9 32 
118 9 32 10 12 15 
10 12 15 94 10 4 
94 10 4 67 59 37 
67 59 37 18 73 31 
18 73 31 16 84 31 
16 84 31 52 53 31 
52 53 31 101 61 42 
101 61 42 95 26 45 
95 26 45 59 21 37 
59 21 37 117 20 60 
117 20 60 3 31 60 
3 31 60 86 10 58 
86 10 58 17 9 59 
17 9 59 23 14 52 
23 14 52 90 6 50 
90 6 50 119 58 58 
119 58 58 36 52 61 
36 52 61 124 82 62 
124 82 62 99 126 82