1 22 139 41 18 129 
41 18 129 75 32 116 
75 32 116 17 25 94 
17 25 94 58 24 97 
58 24 97 59 34 96 
59 34 96 113 14 100 
113 14 100 32 18 98 
32 18 98 61 9 94 
61 9 94 115 31 82 
115 31 82 135 36 88 
135 36 88 60 40 128 
60 40 128 134 50 114 
134 50 114 12 49 117 
12 49 117 71 52 114 
71 52 114 77 66 64 
77 66 64 18 101 89 
18 101 89 100 108 81 
100 108 81 46 105 77 
46 105 77 98 113 87 
98 113 87 104 108 80 
104 108 80 106 100 101 
106 100 101 36 106 105 
36 106 105 73 97 107 
73 97 107 151 97 104 
151 97 104 120 99 101 
120 99 101 155 90 84 
155 90 84 21 61 95 
21 61 95 117 50 97 
117 50 97 91 48 102 
91 48 102 27 51 105 
27 51 105 148 68 88 
148 68 88 16 79 90 
16 79 90 30 72 96 
30 72 96 102 79 102 
102 79 102 24 66 68 
24 66 68 79 63 75 
79 63 75 0 56 18 
0 56 18 7 68 21 
7 68 21 92 72 13 
92 72 13 97 79 31 
97 79 31 23 83 20 
23 83 20 121 89 21 
121 89 21 141 82 36 
141 82 36 37 156 57 
37 156 57 3 155 34 
3 155 34 8 149 32 
8 149 32 65 157 29 
65 157 29 29 136 63 
29 136 63 52 138 57 
52 138 57 11 138 51 
11 138 51 80 125 63 
80 125 63 122 122 54 
122 122 54 78 105 56 
78 105 56 144 120 34 
144 120 34 90 129 44 
90 129 44 54 127 41 
54 127 41 118 123 31 
118 123 31 66 127 33 
66 127 33 56 146 58 
56 146 58 133 145 62 
133 145 62 95 149 79 
95 149 79 74 130 91 
74 130 91 150 122 95 
150 122 95 103 155 83 
103 155 83 129 154 7 
129 154 7 45 136 6 
45 136 6 6 125 3 
6 125 3 15 116 2 
15 116 2 26 123 6 
26 123 6 72 142 8 
72 142 8 153 134 20 
153 134 20 110 130 18 
110 130 18 136 142 119 
136 142 119 14 137 112 
14 137 112 40 120 113 
40 120 113 88 116 108 
88 116 108 116 108 119 
116 108 119 33 111 113 
33 111 113 55 118 135 
55 118 135 67 101 136 
67 101 136 82 96 155 
82 96 155 119 104 156 
119 104 156 143 114 154 
143 114 154 70 138 135 
70 138 135 125 141 153 
125 141 153 149 143 151 
149 143 151 157 145 147 
157 145 147 83 139 125 
83 139 125 47 54 34 
47 54 34 19 54 37 
19 54 37 68 39 37 
68 39 37 62 38 57 
62 38 57 84 30 66 
84 30 66 63 22 74 
63 22 74 96 58 27 
96 58 27 50 39 1 
50 39 1 35 42 9 
35 42 9 87 30 9 
87 30 9 93 18 0 
93 18 0 20 19 11 
20 19 11 108 11 3 
108 11 3 123 63 7 
123 63 7 22 90 2 
22 90 2 13 77 0 
13 77 0 34 93 13 
34 93 13 99 98 13 
99 98 13 57 60 2 
57 60 2 48 62 3 
48 62 3 109 59 3 
109 59 3 140 57 9 
140 57 9 146 64 13 
146 64 13 124 48 15 
124 48 15 154 14 46 
154 14 46 5 12 50 
5 12 50 69 7 55 
69 7 55 85 8 68 
85 8 68 25 13 25 
25 13 25 132 14 34 
132 14 34 147 24 26 
147 24 26 39 13 43 
39 13 43 9 5 41 
9 5 41 101 16 44 
101 16 44 81 82 69 
81 82 69 2 77 62 
2 77 62 131 90 69 
131 90 69 112 77 52 
112 77 52 38 90 46 
38 90 46 130 99 33 
130 99 33 10 102 34 
10 102 34 111 101 28 
111 101 28 142 90 46 
142 90 46 64 64 48 
64 64 48 126 52 78 
126 52 78 4 50 77 
4 50 77 105 43 81 
105 43 81 128 7 155 
128 7 155 138 3 140 
138 3 140 145 21 154 
145 21 154 152 56 136 
152 56 136 76 72 120 
76 72 120 94 74 125 
94 74 125 31 84 126 
31 84 126 86 81 125 
86 81 125 114 64 136 
114 64 136 127 63 149 
127 63 149 89 63 150 
89 63 150 139 67 148 
139 67 148 28 76 145 
28 76 145 51 68 146 
51 68 146 137 50 133 
137 50 133 43 45 136 
43 45 136 156 22 113 
156 22 113 53 13 111 
53 13 111 49 12 118 
49 12 118 44 20 122 
44 20 122 42 20 141 
42 20 141 107 13 140 
107 13 140 1 22 139