1 28 39 0 15 29 
0 15 29 9 18 27 
9 18 27 11 11 42 
11 11 42 23 9 47 
23 9 47 41 13 45 
41 13 45 32 15 47 
32 15 47 22 41 8 
22 41 8 2 35 2 
2 35 2 8 29 2 
8 29 2 4 43 4 
4 43 4 18 36 7 
18 36 7 20 38 7 
20 38 7 28 39 11 
28 39 11 3 32 15 
3 32 15 31 28 14 
31 28 14 12 29 13 
12 29 13 47 43 15 
47 43 15 27 22 27 
27 22 27 21 18 18 
21 18 18 25 24 26 
25 24 26 39 23 22 
39 23 22 38 8 0 
38 8 0 24 5 5 
24 5 5 6 9 6 
6 9 6 40 2 10 
40 2 10 5 6 15 
5 6 15 26 20 7 
26 20 7 13 15 11 
13 15 11 44 14 8 
44 14 8 16 25 5 
16 25 5 46 26 6 
46 26 6 33 12 3 
33 12 3 19 14 5 
19 14 5 42 5 25 
42 5 25 10 0 22 
10 0 22 14 0 31 
14 0 31 29 1 30 
29 1 30 15 40 46 
15 40 46 30 44 47 
30 44 47 35 42 29 
35 42 29 17 43 20 
17 43 20 37 30 34 
37 30 34 34 28 34 
34 28 34 36 34 32 
36 34 32 43 21 44 
43 21 44 7 20 47 
7 20 47 45 25 36 
45 25 36 1 28 39