96 41 106 1 39 107 2
2 88 14 98 79 16 9
86 87 112 3 88 109 3
61 136 82 4 124 76 13
132 124 4 5 133 27 24
6 8 83 31 3 85 5
105 11 121 7 15 130 9
8 40 124 40 48 124 8
9 10 17 112 8 19 2
138 80 129 10 86 130 6
76 133 111 11 136 114 4
12 19 126 7 15 130 5
13 118 57 85 104 43 19
14 41 73 124 58 60 21
67 46 26 15 46 42 16
14 41 73 16 39 78 5
8 40 124 17 40 122 2
18 1 1 97 12 1 11
19 8 124 105 11 121 4
20 84 46 0 84 43 3
21 123 62 13 118 57 7
22 60 88 116 70 77 14
23 43 81 14 41 73 8
142 128 132 24 135 130 7
25 37 144 75 64 134 28
130 18 12 26 3 16 15
141 3 108 27 16 97 17
28 87 4 48 90 2 3
29 111 37 85 104 43 9
116 70 77 30 55 105 31
141 3 108 31 3 85 23
27 16 97 32 24 105 11
33 67 110 36 57 118 12
0 84 43 34 124 108 76
35 120 54 13 118 57 3
36 57 118 30 55 105 13
130 18 12 37 27 19 11
37 27 19 38 27 23 4
54 94 3 39 98 5 4
36 57 118 40 48 124 10
41 10 85 6 8 83 2
42 26 42 15 46 42 20
43 78 79 116 70 77 8
129 137 122 44 144 124 7
5 133 27 45 137 40 13
37 27 19 46 31 19 4
66 21 66 47 21 57 9
131 109 2 48 90 2 19
49 77 18 98 79 16 2
50 29 107 32 24 105 5
40 48 124 51 48 129 5
52 98 67 109 102 56 11
53 67 37 101 65 45 8
54 94 3 48 90 2 4
92 78 26 55 83 22 6
42 26 42 56 31 49 8
130 18 12 57 12 12 6
18 1 1 58 0 0 1
47 21 57 59 22 53 4
66 21 66 60 6 69 15
34 124 108 61 136 82 28
93 42 138 62 37 134 6
112 8 19 63 2 30 12
64 80 46 20 84 46 4
65 82 71 116 70 77 13
15 46 42 66 21 66 34
0 84 43 67 46 26 41
68 109 26 80 111 29 3
42 26 42 69 15 36 12
93 42 138 70 49 138 7
71 132 81 61 136 82 4
102 133 14 72 124 17 9
74 116 98 73 105 88 14
74 116 98 34 124 108 12
139 76 144 75 64 134 15
34 124 108 76 133 111 9
38 27 23 77 22 29 7
78 33 74 16 39 78 7
79 100 55 109 102 56 2
80 111 29 29 111 37 8
7 15 130 81 23 139 12
134 55 100 82 60 100 5
4 124 76 83 125 75 1
30 55 105 84 52 95 10
85 104 43 0 84 43 20
125 97 120 86 87 112 12
130 18 12 87 23 14 5
66 21 66 88 26 82 16
57 12 12 89 12 13 1
90 42 139 93 42 138 1
4 124 76 91 118 78 6
0 84 43 92 78 26 18
93 42 138 25 37 144 7
94 56 12 117 46 4 12
95 80 121 138 80 129 8
30 55 105 96 41 106 14
130 18 12 97 12 1 12
92 78 26 98 79 16 10
139 76 144 99 86 139 11
31 3 85 100 2 84 1
0 84 43 101 65 45 19
132 124 4 102 133 14 13
103 7 144 7 15 130 16
104 118 128 142 128 132 10
105 11 121 141 3 108 15
0 84 43 106 85 42 1
61 136 82 107 140 64 18
108 126 93 74 116 98 11
85 104 43 109 102 56 13
124 58 60 110 55 59 3
111 15 94 27 16 97 3
112 8 19 26 3 16 5
114 3 141 113 0 136 5
114 3 141 103 7 144 5
115 110 2 131 109 2 1
0 84 43 116 70 77 36
67 46 26 117 46 4 22
118 26 121 123 25 122 1
119 125 140 142 128 132 8
44 144 124 120 141 127 4
140 102 41 121 97 33 9
122 51 50 15 46 42 9
105 11 121 123 25 122 14
124 58 60 101 65 45 16
125 97 120 34 124 108 29
126 100 25 121 97 33 8
127 64 9 94 56 12 8
34 124 108 128 116 110 8
34 124 108 129 137 122 19
130 18 12 67 46 26 31
0 84 43 131 109 2 48
132 124 4 131 109 2 15
86 87 112 133 89 114 2
30 55 105 134 55 100 5
116 70 77 135 84 97 24
136 39 134 62 37 134 2
137 30 93 88 26 82 11
139 76 144 138 80 129 15
139 76 144 34 124 108 60
85 104 43 140 102 41 2
116 70 77 141 3 108 73
142 128 132 129 137 122 13
18 1 1 143 1 6 5
125 97 120 144 97 125 5
