1 7 10 21 9 8 2
33 9 31 2 8 29 2
8 35 5 3 35 19 14
4 27 26 27 17 24 10
5 2 18 28 4 26 8
23 15 30 6 18 32 3
7 19 6 14 20 4 2
8 35 5 15 23 4 12
0 9 35 9 14 28 8
10 29 15 13 28 11 4
17 22 9 11 22 17 8
22 30 33 12 34 32 4
16 27 7 13 28 11 4
14 20 4 15 23 4 3
0 9 35 15 23 4 34
15 23 4 16 27 7 5
15 23 4 17 22 9 5
18 32 22 3 35 19 4
19 16 2 15 23 4 7
15 23 4 20 27 2 4
15 23 4 21 9 8 14
22 30 33 4 27 26 7
23 15 30 9 14 28 2
24 19 15 11 22 17 3
28 4 26 25 5 25 1
24 19 15 26 18 17 2
27 17 24 9 14 28 5
28 4 26 0 9 35 10
4 27 26 29 27 30 4
30 7 7 21 9 8 2
21 9 8 31 13 11 5
32 12 25 9 14 28 3
33 9 31 0 9 35 4
4 27 26 34 28 23 3
27 17 24 35 16 21 3
