0 25 39 1 10 36 15
2 32 17 12 28 20 5
3 38 4 6 29 5 9
3 38 4 4 39 4 1
2 32 17 5 38 18 6
0 25 39 6 29 5 34
7 36 1 3 38 4 3
8 28 31 35 22 29 6
9 28 9 6 29 5 4
10 8 23 11 8 27 4
34 7 31 11 8 27 4
35 22 29 12 28 20 10
39 0 14 13 1 22 8
32 32 8 14 35 7 3
18 21 1 15 21 1 0
26 11 4 16 12 6 2
0 25 39 17 20 39 5
18 21 1 6 29 5 8
16 12 6 19 14 4 2
20 33 33 37 34 35 2
21 16 13 36 19 18 5
8 28 31 22 29 26 5
23 10 17 24 10 11 6
16 12 6 24 10 11 5
25 4 0 26 11 4 8
26 11 4 6 29 5 18
35 22 29 27 18 25 5
28 24 12 9 28 9 5
9 28 9 29 29 10 1
37 34 35 30 35 33 2
31 6 33 1 10 36 5
32 32 8 6 29 5 4
33 30 0 6 29 5 5
34 7 31 31 6 33 2
0 25 39 35 22 29 10
36 19 18 27 18 25 7
0 25 39 37 34 35 9
37 34 35 38 35 36 1
26 11 4 39 0 14 14
