99 126 82 1 131 99 17
34 33 80 2 34 127 47
117 20 60 3 31 60 11
121 127 72 4 126 64 8
5 40 5 0 28 11 13
6 89 100 79 98 95 10
7 9 31 133 19 19 15
58 21 81 8 18 83 3
98 76 16 9 76 18 2
10 12 15 133 19 19 8
11 27 105 71 30 119 14
116 88 63 12 78 48 18
81 110 46 13 123 43 13
14 25 80 58 21 81 4
89 82 120 15 72 112 12
18 73 31 16 84 31 11
86 10 58 17 9 59 1
67 59 37 18 73 31 15
19 26 115 71 30 119 5
68 3 125 20 13 127 10
21 118 124 57 116 129 5
22 92 42 54 99 46 8
23 14 52 86 10 58 7
24 105 22 33 105 1 21
13 123 43 25 123 44 1
58 21 81 26 20 78 3
24 105 22 27 98 29 9
28 54 71 35 50 75 5
29 43 10 92 44 8 2
30 92 42 22 92 42 0
31 46 130 2 34 127 12
81 110 46 32 106 51 6
112 51 16 33 105 1 56
34 33 80 51 42 40 41
34 33 80 35 50 75 17
36 52 61 119 58 58 6
15 72 112 37 74 107 5
38 104 88 88 103 77 11
7 9 31 39 15 31 6
40 124 105 82 120 112 8
41 82 56 134 79 58 3
12 78 48 42 72 41 9
43 98 67 116 88 63 10
129 106 66 44 107 65 1
45 119 41 13 123 43 4
46 103 126 75 98 127 5
47 84 0 100 81 10 10
128 19 90 48 12 103 14
49 112 0 33 105 1 7
123 47 106 50 54 111 8
0 28 11 51 42 40 32
67 59 37 52 53 31 8
47 84 0 53 84 2 2
54 99 46 116 88 63 20
55 59 125 62 62 115 10
42 72 41 56 77 40 5
46 103 126 57 116 129 13
34 33 80 58 21 81 12
95 26 45 59 21 37 9
0 28 11 60 32 21 10
12 78 48 61 83 44 6
15 72 112 62 62 115 10
63 100 121 109 97 125 5
79 98 95 64 84 90 14
58 21 81 65 0 83 21
38 104 88 66 113 95 11
51 42 40 67 59 37 17
2 34 127 68 3 125 31
69 81 97 64 84 90 7
54 99 46 70 94 48 5
71 30 119 2 34 127 8
72 131 73 99 126 82 10
105 61 79 73 62 77 2
74 88 98 6 89 100 2
75 98 127 109 97 125 2
76 107 8 33 105 1 7
89 82 120 77 70 129 15
78 85 120 89 82 120 3
106 102 101 79 98 95 7
80 88 97 74 88 98 1
81 110 46 54 99 46 11
1 131 99 82 120 112 17
83 104 103 106 102 101 2
107 97 129 84 97 132 3
96 51 102 85 46 91 12
117 20 60 86 10 58 10
87 30 75 34 33 80 5
88 103 77 116 88 63 20
89 82 120 109 97 125 15
90 6 50 86 10 58 8
63 100 121 91 97 120 3
92 44 8 5 40 5 5
93 55 76 35 50 75 5
10 12 15 94 10 4 11
95 26 45 51 42 40 16
96 51 102 35 50 75 27
48 12 103 97 15 107 5
112 51 16 98 76 16 25
99 126 82 116 88 63 42
100 81 10 98 76 16 7
101 61 42 67 59 37 5
102 107 19 24 105 22 3
4 126 64 103 129 54 10
19 26 115 104 27 111 4
35 50 75 105 61 79 11
106 102 101 109 97 125 24
75 98 127 107 97 129 2
57 116 129 108 121 133 6
116 88 63 109 97 125 62
78 85 120 110 85 120 0
131 68 21 111 68 25 4
112 51 16 0 28 11 23
76 107 8 113 112 6 5
20 13 127 114 17 129 4
115 54 112 50 54 111 1
116 88 63 51 42 40 51
95 26 45 117 20 60 16
118 9 32 7 9 31 1
119 58 58 51 42 40 24
26 20 78 120 21 78 1
121 127 72 72 131 73 4
73 62 77 122 62 73 4
96 51 102 123 47 106 5
124 82 62 116 88 63 6
125 104 119 63 100 121 4
58 21 81 126 12 83 9
12 78 48 127 77 55 7
58 21 81 128 19 90 9
43 98 67 129 106 66 8
130 23 86 58 21 81 5
131 68 21 98 76 16 9
132 98 122 63 100 121 2
0 28 11 133 19 19 12
127 77 55 134 79 58 3
