61 52 33 1 59 34 7
2 57 20 45 51 19 6
3 51 28 61 52 33 5
4 28 48 10 30 52 4
12 40 30 5 35 24 7
21 31 12 6 27 11 4
12 40 30 7 44 27 5
8 32 61 40 38 53 10
8 32 61 9 23 58 9
10 30 52 40 38 53 8
56 0 19 11 1 19 1
0 40 11 12 40 30 19
13 44 21 59 47 20 3
14 3 17 11 1 19 2
27 29 3 15 22 0 7
45 51 19 16 51 9 10
5 35 24 17 27 25 8
18 2 15 56 0 19 4
30 39 36 19 35 40 5
20 49 61 34 49 49 12
21 31 12 0 40 11 9
18 2 15 22 8 5 11
23 58 45 50 54 43 4
36 0 59 24 1 47 12
25 8 21 26 3 27 7
56 0 19 26 3 27 8
0 40 11 27 29 3 13
1 59 34 28 56 34 3
29 50 33 61 52 33 2
30 39 36 12 40 30 6
31 62 43 23 58 45 4
21 31 12 32 34 17 5
33 14 3 22 8 5 6
34 49 49 50 54 43 7
35 33 18 32 34 17 1
36 0 59 51 19 47 22
37 46 35 61 52 33 6
36 0 59 38 5 57 5
17 27 25 39 26 21 4
34 49 49 40 38 53 11
27 29 3 41 33 4 4
50 54 43 42 53 38 5
43 41 46 40 38 53 7
44 52 35 61 52 33 2
0 40 11 45 51 19 13
46 5 15 14 3 17 2
47 7 62 36 0 59 7
26 3 27 48 0 27 3
51 19 47 49 12 40 9
0 40 11 50 54 43 34
51 19 47 62 29 34 16
25 8 21 52 16 21 8
53 9 17 25 8 21 4
57 54 48 54 56 55 7
26 3 27 55 4 23 4
0 40 11 56 0 19 40
57 54 48 50 54 43 5
58 34 22 5 35 24 2
59 47 20 45 51 19 4
37 46 35 60 48 37 2
61 52 33 50 54 43 10
62 29 34 12 40 30 11
53 9 17 63 10 14 3
