1 53 68 0 49 100 32
2 18 42 44 28 24 20
3 35 4 11 27 10 10
4 99 99 41 98 90 9
5 90 54 91 90 51 3
6 8 8 21 8 19 11
97 73 65 7 69 62 5
61 0 43 8 0 44 1
9 91 24 64 97 19 7
26 61 56 10 66 52 6
11 27 10 44 28 24 14
15 47 19 12 59 23 12
37 9 26 13 2 28 7
14 104 64 52 96 67 8
44 28 24 15 47 19 19
102 57 93 16 61 97 5
17 42 106 0 49 100 9
18 75 72 51 87 77 13
64 97 19 19 103 16 6
20 35 58 23 41 66 10
44 28 24 21 8 19 20
98 40 38 22 47 36 7
1 53 68 23 41 66 12
24 1 84 28 3 86 2
26 61 56 25 54 49 9
26 61 56 1 53 68 14
55 84 6 27 75 12 10
28 3 86 40 20 102 23
29 59 0 27 75 12 20
28 3 86 30 7 87 4
25 54 49 31 50 56 8
18 75 72 32 76 63 9
28 3 86 33 0 81 5
34 5 82 28 3 86 4
51 87 77 35 87 79 2
36 46 44 98 40 38 8
21 8 19 37 9 26 7
51 87 77 38 89 82 5
39 23 31 44 28 24 8
0 49 100 40 20 102 29
41 98 90 56 90 94 8
44 28 24 42 35 29 8
39 23 31 43 28 39 9
0 49 100 44 28 24 78
34 5 82 45 4 82 1
43 28 39 46 30 36 3
90 19 86 47 16 77 9
20 35 58 48 38 61 4
70 94 36 49 90 32 5
91 90 51 50 106 38 20
0 49 100 51 87 77 44
63 95 76 52 96 67 9
53 77 55 32 76 63 8
54 4 17 75 3 19 2
55 84 6 44 28 24 58
56 90 94 38 89 82 12
57 7 46 68 9 40 6
95 89 10 58 95 11 6
59 10 57 2 18 42 17
37 9 26 60 16 23 7
2 18 42 61 0 43 18
40 20 102 62 20 106 4
63 95 76 51 87 77 8
95 89 10 64 97 19 12
70 94 36 65 91 37 3
91 90 51 66 85 36 15
67 104 50 50 106 38 12
68 9 40 2 18 42 9
69 98 18 64 97 19 1
70 94 36 66 85 36 9
71 72 104 0 49 100 23
91 90 51 72 87 51 3
19 103 16 73 103 11 5
66 85 36 74 88 41 5
75 3 19 21 8 19 5
40 20 102 76 28 89 15
59 10 57 77 3 59 7
78 53 66 1 53 68 2
79 14 67 59 10 57 10
80 23 91 76 28 89 5
98 40 38 81 35 46 9
82 59 39 25 54 49 11
83 66 88 102 57 93 10
84 67 25 12 59 23 8
13 2 28 85 1 25 3
61 0 43 86 1 38 5
72 87 51 87 82 44 8
79 14 67 88 14 72 5
89 12 45 68 9 40 5
76 28 89 90 19 86 9
51 87 77 91 90 51 26
92 16 88 90 19 86 3
63 95 76 93 104 82 10
94 38 45 81 35 46 3
95 89 10 55 84 6 6
96 77 39 87 82 44 7
32 76 63 97 73 65 3
98 40 38 44 28 24 18
99 103 80 93 104 82 2
100 17 100 40 20 102 3
106 29 59 101 27 69 10
102 57 93 0 49 100 10
103 90 54 5 90 54 0
104 3 100 28 3 86 14
71 72 104 105 82 105 10
20 35 58 106 29 59 6
