1 48 155 30 65 147 18
144 14 89 2 18 82 8
3 67 144 33 68 135 9
126 20 44 4 10 39 11
5 103 102 27 105 104 2
6 2 56 88 10 61 9
51 102 133 7 108 138 7
8 119 110 103 129 112 10
9 85 79 151 78 68 13
71 96 39 10 86 46 12
11 46 118 122 54 116 8
27 105 104 12 126 154 54
46 144 156 13 148 147 9
73 149 78 14 157 71 10
15 23 27 152 19 15 12
16 21 131 93 25 130 4
151 78 68 17 84 64 7
43 51 72 18 59 70 8
92 45 18 19 38 26 10
9 85 79 20 87 77 2
37 102 2 21 105 1 3
66 59 8 22 54 12 6
23 60 23 146 67 18 8
41 140 108 24 145 105 5
25 43 111 124 40 112 3
71 96 39 26 100 38 4
27 105 104 0 129 9 97
139 153 20 28 155 15 5
29 130 22 0 129 9 13
30 65 147 3 67 144 3
31 35 59 107 40 44 15
33 68 135 32 76 142 10
33 68 135 93 25 130 43
34 7 7 123 11 11 5
82 70 68 35 68 60 8
36 92 51 10 86 46 7
37 102 2 97 91 3 11
56 61 85 38 66 93 9
39 75 143 32 76 142 1
93 25 130 40 29 123 8
41 140 108 130 136 112 5
42 136 36 83 135 35 1
47 62 80 43 51 72 13
44 119 33 67 111 23 12
45 138 60 155 123 53 16
46 144 156 12 126 154 18
56 61 85 47 62 80 5
48 58 157 135 50 152 9
49 32 89 125 28 74 15
27 105 104 50 104 94 10
51 102 133 158 96 137 7
19 38 26 52 37 30 4
53 14 154 80 18 154 4
130 136 112 54 126 130 20
55 45 134 11 46 118 16
56 61 85 151 78 68 24
47 62 80 57 57 79 5
50 104 94 58 98 87 9
59 140 26 29 130 22 10
60 126 27 29 130 22 6
61 119 129 54 126 130 7
62 0 138 112 9 117 22
94 107 108 63 109 113 5
144 14 89 64 8 85 7
54 126 130 65 129 122 8
66 59 8 146 67 18 12
0 129 9 67 111 23 22
41 140 108 68 145 97 12
69 37 74 153 31 77 6
114 84 6 70 86 13 7
71 96 39 96 107 49 14
96 107 49 72 105 44 5
155 123 53 73 149 78 36
35 68 60 74 72 61 4
75 129 30 60 126 27 4
76 20 49 88 10 61 15
77 28 84 49 32 89 6
78 132 73 45 138 60 14
50 104 94 79 116 89 13
93 25 130 80 18 154 25
81 110 76 50 104 94 18
151 78 68 82 70 68 8
83 135 35 29 130 22 13
47 62 80 84 65 79 3
85 29 83 77 28 84 1
86 14 105 117 16 101 4
89 27 111 87 24 108 4
88 10 61 112 9 117 56
89 27 111 104 32 108 5
90 66 47 151 78 68 24
91 106 57 96 107 49 8
92 45 18 23 60 23 15
27 105 104 93 25 130 84
94 107 108 27 105 104 4
95 71 34 90 66 47 13
155 123 53 96 107 49 16
97 91 3 114 84 6 7
98 4 136 62 0 138 4
158 96 137 99 94 137 2
10 86 46 100 90 44 4
29 130 22 101 130 22 0
146 67 18 102 69 20 2
103 129 112 130 136 112 7
104 32 108 108 34 115 7
4 10 39 105 9 30 9
106 29 39 107 40 44 12
107 40 44 90 66 47 26
108 34 115 40 29 123 9
9 85 79 109 82 86 7
110 34 67 31 35 59 8
73 149 78 111 147 71 7
93 25 130 112 9 117 20
113 56 61 119 48 53 11
0 129 9 114 84 6 45
115 115 153 12 126 154 11
116 21 157 80 18 154 4
117 16 101 138 12 99 4
13 148 147 118 158 132 18
119 48 53 107 40 44 12
120 99 150 115 115 153 16
125 28 74 121 17 71 11
33 68 135 122 54 116 23
152 19 15 123 11 11 8
124 40 112 108 34 115 6
88 10 61 125 28 74 22
126 20 44 76 20 49 5
122 54 116 127 61 107 11
128 77 129 33 68 135 10
117 16 101 129 17 103 2
130 136 112 27 105 104 32
72 105 44 131 111 42 6
28 155 15 132 154 5 10
133 26 117 40 29 123 6
97 91 3 134 89 4 2
135 50 152 1 48 155 3
136 25 11 152 19 15 7
137 1 146 62 0 138 8
112 9 117 138 12 99 18
139 153 20 0 129 9 26
140 152 41 139 153 20 21
146 67 18 141 66 12 6
109 82 86 142 79 86 3
94 107 108 143 100 124 17
138 12 99 144 14 89 10
145 81 8 114 84 6 3
146 67 18 114 84 6 20
9 85 79 147 73 81 12
148 37 96 49 32 89 8
149 95 85 58 98 87 3
67 111 23 150 115 26 5
27 105 104 151 78 68 45
92 45 18 152 19 15 26
153 31 77 125 28 74 4
12 126 154 154 133 155 7
155 123 53 0 129 9 44
33 68 135 156 63 138 5
33 68 135 157 71 137 3
158 96 137 143 100 124 13
