1 13 34 7 17 35 4
9 4 20 2 0 19 4
3 3 34 5 1 23 11
4 31 6 12 32 10 4
9 4 20 5 1 23 4
6 30 0 12 32 10 10
9 4 20 7 17 35 19
8 6 14 9 4 20 6
9 4 20 0 14 10 14
0 14 10 10 16 4 6
11 28 1 6 30 0 2
12 32 10 0 14 10 18
13 4 14 8 6 14 2
14 21 0 10 16 4 6
25 8 2 15 7 5 3
16 31 3 6 30 0 3
17 34 29 31 36 23 6
22 23 14 18 24 16 2
19 10 11 33 13 10 3
7 17 35 20 27 35 10
3 3 34 21 6 28 6
22 23 14 0 14 10 9
23 14 15 0 14 10 5
24 2 4 36 1 3 1
25 8 2 0 14 10 10
21 6 28 26 4 29 2
27 18 19 23 14 15 5
28 4 10 8 6 14 4
29 30 16 12 32 10 6
30 28 16 29 30 16 2
29 30 16 31 36 23 9
32 36 0 6 30 0 6
0 14 10 33 13 10 1
35 4 5 34 5 6 1
35 4 5 25 8 2 5
36 1 3 35 4 5 3
