7 30 18 1 34 16 4
36 2 22 2 8 21 6
36 2 22 3 4 18 4
0 25 40 4 34 35 10
5 18 17 34 15 18 3
6 43 27 4 34 35 12
7 30 18 4 34 35 17
8 5 39 25 10 37 5
9 39 11 20 41 12 2
10 22 39 0 25 40 3
10 22 39 11 12 40 10
12 17 4 37 15 8 4
4 34 35 13 39 39 6
31 4 32 14 3 33 1
15 25 8 40 25 11 3
16 8 35 25 10 37 2
24 24 16 17 22 20 4
18 37 1 1 34 16 15
19 11 41 11 12 40 1
20 41 12 1 34 16 8
21 4 7 37 15 8 11
22 12 34 25 10 37 3
4 34 35 23 30 28 8
28 20 12 24 24 16 5
11 12 40 25 10 37 3
5 18 17 26 17 17 1
10 22 39 27 18 43 5
37 15 8 28 20 12 6
29 39 19 41 40 21 2
12 17 4 30 13 2 4
39 2 27 31 4 32 5
36 2 22 32 5 21 3
4 34 35 33 36 29 6
37 15 8 34 15 18 10
35 14 26 34 15 18 8
36 2 22 39 2 27 5
10 22 39 37 15 8 31
21 4 7 38 9 7 5
10 22 39 39 2 27 23
28 20 12 40 25 11 5
6 43 27 41 40 21 6
42 27 24 23 30 28 5
28 20 12 43 19 12 1
