66 49 30 1 51 21 9
55 51 40 2 62 43 11
3 69 87 103 73 90 5
4 24 64 56 29 68 6
0 84 107 5 90 101 8
129 36 119 6 36 112 7
7 45 113 48 47 120 7
20 91 13 8 88 18 5
9 92 112 0 84 107 9
10 17 93 85 16 93 1
11 39 92 120 37 87 5
12 86 38 86 96 40 10
41 53 88 13 51 100 12
14 92 125 0 84 107 19
15 103 56 100 106 63 7
16 33 94 11 39 92 6
17 128 84 65 124 82 4
111 2 90 18 5 88 3
19 34 58 32 34 62 4
63 85 7 20 91 13 8
114 30 79 21 25 85 7
22 68 118 0 84 107 19
66 49 30 23 62 4 29
24 73 18 57 62 25 13
114 30 79 25 12 50 34
90 85 79 26 90 72 8
27 47 96 13 51 100 5
104 115 12 28 108 12 7
29 26 49 91 26 52 3
30 31 55 91 26 52 5
31 3 122 51 17 128 15
46 37 63 32 34 62 3
73 124 60 33 116 50 12
93 20 4 34 19 6 2
43 74 122 35 82 126 8
104 115 12 36 119 16 5
37 122 62 73 124 60 2
38 24 90 21 25 85 5
39 14 92 85 16 93 2
40 115 94 81 105 97 10
109 61 87 41 53 88 8
73 124 60 42 113 64 11
22 68 118 43 74 122 7
44 55 16 1 51 21 6
45 113 19 69 118 22 5
64 45 68 46 37 63 9
32 34 62 47 35 60 2
48 47 120 22 68 118 21
20 91 13 49 95 8 6
50 25 4 94 5 4 20
51 17 128 48 47 120 31
0 84 107 52 115 130 38
53 125 124 52 115 130 11
54 54 6 108 55 3 3
55 51 40 71 50 44 4
114 30 79 56 29 68 11
66 49 30 57 62 25 13
58 95 125 14 92 125 3
59 52 73 82 65 70 13
60 104 79 92 99 88 10
61 22 98 106 19 95 4
62 14 32 78 8 47 16
63 85 7 122 78 0 9
59 52 73 64 45 68 8
65 124 82 40 115 94 15
82 65 70 66 49 30 43
96 114 2 67 119 5 5
68 89 81 90 85 79 4
73 124 60 69 118 22 38
48 47 120 70 40 119 7
71 50 44 66 49 30 14
72 98 127 58 95 125 3
92 99 88 73 124 60 37
40 115 94 74 130 98 15
75 51 116 48 47 120 5
41 53 88 76 47 87 6
1 51 21 77 43 16 9
78 8 47 25 12 50 5
79 54 57 71 50 44 13
28 108 12 80 104 11 4
81 105 97 92 99 88 10
109 61 87 82 65 70 17
98 131 15 83 130 9 6
84 9 14 94 5 4 10
106 19 95 85 16 93 3
86 96 40 107 83 57 21
61 22 98 87 24 99 2
88 64 99 109 61 87 12
89 114 43 33 116 50 7
92 99 88 90 85 79 16
91 26 52 25 12 50 14
0 84 107 92 99 88 24
50 25 4 93 20 4 5
66 49 30 94 5 4 51
52 115 130 95 109 118 13
104 115 12 96 114 2 10
97 124 6 104 115 12 10
69 118 22 98 131 15 14
99 21 21 130 24 12 9
100 106 63 42 113 64 7
60 104 79 101 98 73 8
69 118 22 102 126 33 13
103 73 90 109 61 87 12
104 115 12 69 118 22 10
105 89 80 68 89 81 1
120 37 87 106 19 95 19
82 65 70 107 83 57 22
113 49 1 108 55 3 6
0 84 107 109 61 87 30
110 117 5 67 119 5 2
111 2 90 115 7 82 9
74 130 98 112 128 91 7
113 49 1 23 62 4 13
120 37 87 114 30 79 10
115 7 82 85 16 93 14
116 11 106 106 19 95 13
117 116 33 102 126 33 10
93 20 4 118 16 3 4
119 0 60 25 12 50 15
109 61 87 120 37 87 24
121 107 58 15 103 56 4
122 78 0 23 62 4 16
123 74 5 122 78 0 6
120 37 87 124 34 88 3
125 57 75 59 52 73 5
127 10 107 126 2 106 8
116 11 106 127 10 107 1
94 5 4 128 3 1 3
70 40 119 129 36 119 4
130 24 12 50 25 4 8
34 19 6 131 17 7 2
