116 117 107 1 115 111 4
2 83 102 14 84 109 7
3 113 81 13 110 84 4
77 118 40 4 109 55 17
5 25 77 19 24 78 1
6 75 0 41 68 2 7
7 30 63 117 29 59 4
8 34 103 118 37 93 10
92 75 66 9 64 53 17
79 69 18 10 63 23 7
11 109 73 76 110 70 3
24 100 3 12 99 5 2
13 110 84 105 99 88 11
14 84 109 89 91 106 7
15 69 6 30 65 6 4
117 29 59 16 18 64 12
65 3 66 17 8 48 18
18 14 53 17 8 48 7
19 24 78 68 5 84 19
0 83 88 20 88 95 8
98 27 28 21 26 30 2
22 45 11 28 40 8 5
23 102 96 105 99 88 8
24 100 3 97 91 32 30
25 15 29 94 8 20 11
89 91 106 26 102 107 11
27 90 48 97 91 32 16
28 40 8 30 65 6 25
0 83 88 29 75 88 8
97 91 32 30 65 6 36
23 102 96 31 96 97 6
89 91 106 32 94 111 5
107 66 70 33 60 75 7
34 109 110 26 102 107 7
35 12 7 48 15 7 3
36 10 44 17 8 48 4
9 64 53 37 45 36 25
38 90 12 52 90 20 8
103 107 14 39 110 21 7
0 83 88 40 85 76 12
30 65 6 41 68 2 5
42 49 73 92 75 66 26
92 75 66 43 82 64 7
44 38 82 118 37 93 11
45 50 113 60 58 117 8
60 58 117 46 58 112 5
47 118 82 13 110 84 8
30 65 6 48 15 7 50
49 45 54 56 38 62 10
97 91 32 50 96 39 8
19 24 78 51 15 76 9
52 90 20 97 91 32 12
33 60 75 53 59 72 3
4 109 55 54 102 49 9
62 50 96 55 55 94 5
56 38 62 42 49 73 15
97 91 32 57 99 27 9
9 64 53 58 66 52 2
59 102 1 24 100 3 2
104 74 109 60 58 117 17
61 76 28 87 79 26 3
118 37 93 62 50 96 13
63 74 82 29 75 88 6
74 21 87 64 20 83 4
65 3 66 68 5 84 18
66 107 58 4 109 55 3
67 112 54 4 109 55 3
68 5 84 108 25 110 32
29 75 88 69 61 85 14
64 20 83 70 22 84 2
71 24 97 108 25 110 13
72 35 22 28 40 8 14
9 64 53 73 58 41 13
111 20 88 74 21 87 1
56 38 62 75 40 68 6
3 113 81 76 110 70 11
97 91 32 77 118 40 28
78 106 10 24 100 3 9
30 65 6 79 69 18 12
80 89 3 38 90 12 9
6 75 0 81 75 4 4
25 15 29 82 18 35 6
108 25 110 83 15 113 10
84 43 96 118 37 93 6
85 9 0 35 12 7 7
90 55 66 86 53 59 7
87 79 26 97 91 32 13
28 40 8 88 33 6 7
89 91 106 0 83 88 19
90 55 66 42 49 73 9
40 85 76 91 94 71 10
0 83 88 92 75 66 23
56 38 62 93 34 61 4
48 15 7 94 8 20 14
95 5 49 17 8 48 3
35 12 7 96 8 5 4
97 91 32 0 83 88 56
98 27 28 72 35 22 10
57 99 27 99 101 20 7
24 100 3 100 106 1 6
101 73 95 29 75 88 7
102 104 11 78 106 10 2
78 106 10 103 107 14 4
104 74 109 89 91 106 17
0 83 88 105 99 88 16
106 46 27 37 45 36 9
107 66 70 92 75 66 9
0 83 88 108 25 110 62
108 25 110 109 29 114 5
110 92 53 27 90 48 5
71 24 97 111 20 88 9
94 8 20 112 0 19 8
72 35 22 113 38 29 7
114 20 18 48 15 7 12
57 99 27 115 101 26 2
26 102 107 116 117 107 15
117 29 59 56 38 62 9
108 25 110 118 37 93 20
