1 3 28 16 11 13 17
18 23 6 2 24 5 1
3 8 14 16 11 13 3
4 21 21 21 22 26 5
5 24 17 0 25 26 9
20 15 0 6 11 1 4
5 24 17 7 26 20 3
1 3 28 8 1 26 2
16 11 13 9 10 11 2
10 8 2 6 11 1 3
11 3 12 16 11 13 8
0 25 26 12 27 25 2
3 8 14 13 7 14 1
14 26 2 25 24 2 2
15 24 16 5 24 17 1
0 25 26 16 11 13 19
0 25 26 17 24 26 1
18 23 6 24 24 10 4
19 14 23 4 21 21 7
16 11 13 20 15 0 13
0 25 26 21 22 26 3
16 11 13 22 3 3 12
23 13 10 16 11 13 3
24 24 10 5 24 17 7
24 24 10 25 24 2 8
6 11 1 26 12 2 1
27 6 22 1 3 28 6
6 11 1 28 11 0 1
