1 41 34 20 33 30 8
2 8 34 7 2 32 6
3 37 25 31 33 27 4
4 46 29 38 42 26 5
5 32 11 20 33 30 19
6 38 38 1 41 34 5
23 1 27 7 2 32 5
0 29 43 8 31 45 2
39 7 25 9 10 25 3
10 2 10 23 1 27 17
11 20 44 40 26 39 7
46 1 46 12 8 41 8
13 32 23 20 33 30 7
10 2 10 14 4 1 9
15 43 9 5 32 11 11
26 21 24 16 16 20 6
40 26 39 17 26 38 1
18 10 17 16 16 20 6
20 33 30 19 36 33 4
20 33 30 0 29 43 13
32 5 6 21 2 6 3
22 7 1 14 4 1 3
23 1 27 46 1 46 19
24 30 9 5 32 11 2
25 22 28 20 33 30 11
25 22 28 26 21 24 4
27 30 12 5 32 11 2
39 7 25 28 5 26 2
10 2 10 29 4 10 2
25 22 28 30 25 33 5
31 33 27 20 33 30 3
32 5 6 10 2 10 5
20 33 30 33 30 35 5
23 1 27 34 0 28 1
35 0 13 10 2 10 3
36 20 2 24 30 9 12
37 33 32 20 33 30 2
38 42 26 20 33 30 9
39 7 25 23 1 27 6
40 26 39 0 29 43 5
15 43 9 41 41 7 2
5 32 11 42 22 15 10
10 2 10 43 0 9 2
44 21 20 26 21 24 4
45 35 13 5 32 11 3
0 29 43 46 1 46 28
