1 115 8 102 117 7 2
47 61 55 2 71 56 10
3 72 110 35 67 113 5
4 28 52 15 29 48 4
5 82 116 3 72 110 11
6 107 16 88 102 14 5
7 107 30 107 95 25 13
53 43 19 8 40 25 6
115 55 10 9 103 6 48
100 77 67 10 87 58 13
14 36 63 11 37 61 2
12 56 36 96 47 46 13
106 67 88 13 77 83 11
36 52 60 14 36 63 16
36 52 60 15 29 48 25
16 87 19 27 91 29 10
17 109 55 46 109 68 13
18 18 16 41 20 7 9
81 55 92 19 55 84 8
69 61 52 20 68 44 10
115 55 10 21 27 10 28
50 11 94 22 13 87 7
116 8 108 23 13 106 5
28 61 110 24 64 105 5
10 87 58 25 83 49 9
26 47 70 36 52 60 11
27 91 29 9 103 6 25
0 47 101 28 61 110 16
29 72 19 32 68 7 12
30 97 48 17 109 55 13
27 91 29 31 95 38 9
115 55 10 32 68 7 13
33 91 41 31 95 38 5
9 103 6 34 91 2 12
28 61 110 35 67 113 6
36 52 60 0 47 101 41
105 4 45 37 6 37 8
38 53 78 19 55 84 6
50 11 94 39 18 100 9
40 91 82 90 97 74 10
41 20 7 21 27 10 7
0 47 101 42 42 114 13
43 24 110 103 36 100 15
65 94 99 44 101 93 9
116 8 108 45 8 117 9
46 109 68 83 115 108 40
47 61 55 36 52 60 10
75 3 79 48 6 69 10
49 1 29 112 15 43 19
75 3 79 50 11 94 17
51 39 63 14 36 63 3
52 70 69 100 77 67 7
53 43 19 115 55 10 15
54 85 74 100 77 67 10
55 70 111 3 72 110 2
56 11 57 48 6 69 13
83 115 108 57 113 98 10
50 11 94 58 3 108 16
59 3 24 49 1 29 5
26 47 70 60 47 72 2
61 9 16 41 20 7 14
62 81 31 66 86 25 7
21 27 10 63 27 10 0
64 99 42 31 95 38 5
57 113 98 65 94 99 19
66 86 25 27 91 29 6
38 53 78 67 59 77 6
68 66 99 114 62 101 4
69 61 52 47 61 55 3
70 80 4 86 71 7 9
71 61 2 32 68 7 8
72 90 9 34 91 2 7
73 52 19 115 55 10 9
72 90 9 74 91 12 3
0 47 101 75 3 79 49
76 105 56 17 109 55 4
83 115 108 77 105 117 13
99 76 55 78 78 59 4
79 30 97 103 36 100 6
80 57 62 36 52 60 5
0 47 101 81 55 92 12
82 11 5 41 20 7 9
83 115 108 0 47 101 68
6 107 16 84 112 20 6
56 11 57 85 12 57 1
86 71 7 32 68 7 3
87 36 59 14 36 63 4
9 103 6 88 102 14 8
89 12 9 82 11 5 4
46 109 68 90 97 74 13
99 76 55 91 74 56 2
92 111 88 57 113 98 10
0 47 101 93 33 83 22
94 93 50 30 97 48 4
95 60 100 114 62 101 2
96 47 46 36 52 60 14
97 61 97 81 55 92 7
98 79 89 13 77 83 6
2 71 56 99 76 55 5
100 77 67 47 61 55 20
101 55 41 12 56 36 5
9 103 6 102 117 7 14
103 36 100 0 47 101 11
104 111 44 17 109 55 11
112 15 43 105 4 45 11
97 61 97 106 67 88 10
27 91 29 107 95 25 5
108 16 47 112 15 43 4
81 55 92 109 52 89 4
82 11 5 110 6 3 5
111 51 113 42 42 114 9
112 15 43 15 29 48 14
19 55 84 113 55 83 1
24 64 105 114 62 101 4
115 55 10 36 52 60 50
116 8 108 58 3 108 5
93 33 83 117 27 82 6
