1 79 14 68 84 6 9
97 126 62 2 123 63 3
3 25 25 113 28 22 4
4 35 10 31 32 6 5
5 60 62 16 60 64 2
6 73 87 37 83 83 10
7 79 29 111 60 35 19
60 59 104 8 71 107 12
9 91 115 120 92 109 6
10 0 53 122 54 62 54
41 62 119 11 64 117 2
0 70 71 12 57 75 13
13 119 11 87 111 47 36
14 14 105 21 8 109 7
95 44 52 15 44 50 2
29 58 67 16 60 64 3
17 48 24 117 52 27 5
18 121 20 49 125 25 6
106 5 34 19 10 36 5
20 98 114 74 100 109 5
21 8 109 115 31 121 25
67 7 8 22 9 16 8
23 39 78 112 43 77 4
24 47 5 111 60 35 32
25 50 86 12 57 75 13
26 111 67 114 114 59 8
57 75 56 27 69 58 6
77 10 15 28 11 15 1
122 54 62 29 58 67 6
74 100 109 30 106 126 18
31 32 6 85 24 10 8
32 36 94 127 41 92 5
33 64 47 78 57 54 9
31 32 6 34 35 7 3
123 95 58 35 99 69 11
36 120 119 61 127 106 14
0 70 71 37 83 83 17
38 120 110 61 127 106 8
39 114 91 0 70 71 48
124 125 49 40 119 48 6
0 70 71 41 62 119 48
42 73 123 11 64 117 10
43 124 118 36 120 119 4
44 86 10 68 84 6 4
115 31 121 45 31 106 15
74 100 109 46 96 100 9
47 17 48 93 9 47 8
14 14 105 48 18 114 9
13 119 11 49 125 25 15
50 27 91 102 26 93 2
117 52 27 51 51 31 4
111 60 35 52 69 39 9
53 50 111 60 59 104 11
7 79 29 54 94 32 15
91 40 119 55 45 122 5
56 32 36 15 44 50 18
63 74 63 57 75 56 7
58 118 78 107 110 76 8
59 87 100 46 96 100 9
60 59 104 41 62 119 15
61 127 106 70 123 97 9
53 50 111 62 52 108 3
0 70 71 63 74 63 8
79 49 98 64 55 96 6
13 119 11 65 108 3 13
23 39 78 66 30 82 9
10 0 53 67 7 8 45
68 84 6 7 79 29 23
69 42 61 95 44 52 9
39 114 91 70 123 97 10
54 94 32 71 100 30 6
56 32 36 72 25 41 8
65 108 3 73 99 3 9
39 114 91 74 100 109 22
21 8 109 75 4 121 12
83 65 24 76 65 24 0
77 10 15 22 9 16 1
122 54 62 78 57 54 8
79 49 98 60 59 104 11
80 123 115 119 123 115 0
106 5 34 81 6 39 5
82 96 121 20 98 114 7
83 65 24 111 60 35 12
115 31 121 84 37 127 8
85 24 10 67 7 8 17
117 52 27 86 50 17 10
87 111 47 123 95 58 19
88 113 65 26 111 67 2
41 62 119 89 62 119 0
90 53 103 60 59 104 6
91 40 119 84 37 127 8
92 7 5 67 7 8 3
93 9 47 10 0 53 10
94 82 4 68 84 6 2
95 44 52 122 54 62 14
22 9 16 96 1 21 9
97 126 62 39 114 91 31
98 54 45 78 57 54 9
65 108 3 99 105 3 3
100 13 33 19 10 36 4
101 88 124 82 96 121 8
121 31 96 102 26 93 5
87 111 47 103 103 49 8
8 71 107 104 75 104 5
67 7 8 105 12 7 5
106 5 34 10 0 53 19
107 110 76 39 114 91 15
108 18 82 121 31 96 19
106 5 34 109 13 28 10
57 75 56 110 76 52 4
111 60 35 122 54 62 27
112 43 77 25 50 86 11
85 24 10 113 28 22 12
114 114 59 97 126 62 12
115 31 121 41 62 119 31
0 70 71 116 75 75 6
111 60 35 117 52 27 11
108 18 82 118 24 82 6
43 124 118 119 123 115 3
74 100 109 120 92 109 8
121 31 96 45 31 106 10
0 70 71 122 54 62 18
123 95 58 0 70 71 28
124 125 49 97 126 62 13
125 5 122 75 4 121 1
126 72 6 1 79 14 10
25 50 86 127 41 92 10
