1 28 39 0 15 29 16
2 35 2 22 41 8 8
28 39 11 3 32 15 8
4 43 4 22 41 8 4
5 6 15 40 2 10 6
6 9 6 24 5 5 4
43 21 44 7 20 47 3
8 29 2 2 35 2 6
9 18 27 0 15 29 3
10 0 22 42 5 25 5
0 15 29 11 11 42 13
12 29 13 31 28 14 1
13 15 11 26 20 7 6
42 5 25 14 0 31 7
15 40 46 1 28 39 13
16 25 5 26 20 7 5
35 42 29 17 43 20 9
18 36 7 22 41 8 5
19 14 5 33 12 3 2
18 36 7 20 38 7 2
21 18 18 27 22 27 9
22 41 8 0 15 29 33
23 9 47 11 11 42 5
24 5 5 38 8 0 5
25 24 26 27 22 27 2
38 8 0 26 20 7 13
0 15 29 27 22 27 7
22 41 8 28 39 11 3
14 0 31 29 1 30 1
15 40 46 30 44 47 4
3 32 15 31 28 14 4
32 15 47 41 13 45 2
38 8 0 33 12 3 5
34 28 34 37 30 34 2
1 28 39 35 42 29 17
37 30 34 36 34 32 4
1 28 39 37 30 34 5
38 8 0 0 15 29 29
25 24 26 39 23 22 4
40 2 10 24 5 5 5
11 11 42 41 13 45 3
0 15 29 42 5 25 10
43 21 44 1 28 39 8
13 15 11 44 14 8 3
45 25 36 1 28 39 4
46 26 6 16 25 5 1
28 39 11 47 43 15 5
