1 48 43 104 49 48 5
24 64 115 2 58 112 6
3 117 112 0 46 128 72
25 37 36 4 38 44 8
102 52 99 5 58 91 10
6 79 21 127 85 23 6
120 76 80 7 73 71 9
8 25 28 39 31 26 6
0 46 128 9 36 120 12
24 64 115 10 70 125 11
11 80 84 26 91 95 15
12 22 123 67 23 116 7
13 74 115 54 68 114 6
126 39 106 14 42 106 3
15 26 36 25 37 36 11
81 90 33 16 73 54 27
49 5 73 17 16 70 11
109 4 12 18 28 6 24
3 117 112 19 112 101 12
20 121 21 82 126 10 12
81 90 33 21 96 29 7
34 116 33 22 107 29 9
33 114 50 23 120 52 6
24 64 115 0 46 128 22
25 37 36 109 4 12 40
3 117 112 26 91 95 31
113 16 96 27 8 102 10
28 18 22 55 10 18 8
29 34 115 9 36 120 5
4 38 44 30 41 49 5
82 126 10 31 126 40 30
85 127 88 32 121 83 7
31 126 40 33 114 50 15
31 126 40 34 116 33 12
35 56 126 70 57 126 1
36 99 51 81 90 33 20
37 82 17 6 79 21 5
38 110 65 114 120 65 10
25 37 36 39 31 26 11
40 58 77 51 49 82 10
82 126 10 41 110 4 17
42 97 69 123 96 80 11
43 47 112 126 39 106 10
44 85 113 66 89 121 8
88 48 3 45 41 8 8
74 90 16 46 89 19 3
47 69 98 95 75 101 6
48 17 53 58 15 55 2
49 5 73 90 30 86 28
105 62 42 50 55 41 7
51 49 82 90 30 86 19
52 62 0 68 73 6 12
53 101 108 19 112 101 13
54 68 114 24 64 115 4
109 4 12 55 10 18 8
56 41 55 4 38 44 11
73 102 11 57 100 18 7
69 18 56 58 15 55 3
59 77 91 11 80 84 7
113 16 96 60 16 86 10
61 113 129 93 112 118 11
68 73 6 62 71 9 3
41 110 4 63 112 8 4
4 38 44 64 39 42 2
96 125 95 65 123 91 4
99 94 120 66 89 121 5
67 23 116 9 36 120 13
0 46 128 68 73 6 124
17 16 70 69 18 56 14
70 57 126 0 46 128 11
71 2 56 49 5 73 17
117 41 26 72 46 15 12
73 102 11 101 92 9 10
74 90 16 101 92 9 7
75 59 0 52 62 0 3
10 70 125 76 69 128 3
77 102 12 73 102 11 1
26 91 95 78 94 97 3
79 25 35 15 26 36 1
80 77 40 81 90 33 14
81 90 33 68 73 6 31
68 73 6 82 126 10 53
101 92 9 83 88 7 4
84 75 121 10 70 125 6
3 117 112 85 127 88 26
86 15 10 55 10 18 9
87 26 84 90 30 86 4
75 59 0 88 48 3 11
89 11 70 17 16 70 5
126 39 106 90 30 86 21
114 120 65 91 122 63 2
43 47 112 92 50 113 3
3 117 112 93 112 118 7
114 120 65 94 116 64 4
95 75 101 54 68 114 14
85 127 88 96 125 95 7
97 54 103 102 52 99 4
109 4 12 98 1 5 7
93 112 118 99 94 120 18
43 47 112 100 43 116 5
101 92 9 68 73 6 19
102 52 99 14 42 106 12
51 49 82 103 41 67 17
104 49 48 108 51 51 3
105 62 42 122 64 50 8
106 73 85 11 80 84 7
107 28 14 18 28 6 8
56 41 55 108 51 51 10
109 4 12 68 73 6 69
110 38 91 90 30 86 9
66 89 121 111 84 121 5
49 5 73 112 0 73 5
90 30 86 113 16 96 17
85 127 88 114 120 65 24
115 9 90 60 16 86 8
116 32 2 18 28 6 5
117 41 26 25 37 36 10
118 45 64 103 41 67 5
119 100 90 26 91 95 10
11 80 84 120 76 80 5
121 39 100 126 39 106 6
16 73 54 122 64 50 9
26 91 95 123 96 80 15
124 32 1 116 32 2 1
125 41 102 121 39 100 2
0 46 128 126 39 106 23
127 85 23 81 90 33 11
128 12 128 67 23 116 16
67 23 116 129 24 113 3
