101 35 32 1 15 37 20
50 83 114 2 85 118 4
3 36 13 101 35 32 19
4 73 88 30 89 89 16
5 86 38 79 84 35 3
6 18 72 40 15 80 8
48 36 85 7 36 88 3
8 115 91 120 115 83 8
111 74 99 9 78 99 4
80 97 55 10 100 49 6
101 35 32 11 35 36 4
12 22 83 40 15 80 7
13 88 58 19 91 54 5
14 12 88 40 15 80 8
15 38 65 0 41 63 3
28 36 45 16 40 47 4
109 56 54 17 96 76 45
18 119 80 120 115 83 5
19 91 54 35 97 59 7
11 35 36 20 36 36 1
21 88 44 57 79 41 9
22 81 83 4 73 88 9
73 116 15 23 115 5 10
87 103 101 24 107 104 5
30 89 89 25 80 120 32
26 84 48 88 85 47 1
115 13 9 27 15 13 4
28 36 45 82 38 54 9
17 96 76 29 105 81 10
30 89 89 17 96 76 14
31 47 28 101 35 32 12
32 110 85 120 115 83 5
49 37 73 33 35 69 4
52 101 8 34 91 8 10
17 96 76 35 97 59 17
36 61 45 109 56 54 10
31 47 28 37 71 13 28
38 82 109 50 83 114 5
52 101 8 39 102 15 7
0 41 63 40 15 80 31
82 38 54 41 30 58 8
66 35 111 42 30 116 7
79 84 35 43 90 34 6
44 15 27 1 15 37 10
45 119 32 90 104 32 15
47 79 60 46 83 55 6
105 67 56 47 79 60 12
49 37 73 48 36 85 12
49 37 73 0 41 63 10
25 80 120 50 83 114 6
37 71 13 51 69 23 10
52 101 8 73 116 15 16
69 48 114 53 52 115 4
74 76 108 54 76 112 4
55 73 38 57 79 41 6
56 119 10 73 116 15 5
109 56 54 57 79 41 26
58 1 7 115 13 9 12
59 27 82 12 22 83 5
100 1 114 60 17 114 16
49 37 73 61 38 72 1
62 84 114 50 83 114 1
30 89 89 63 99 90 10
64 45 109 69 48 114 5
65 109 32 90 104 32 5
102 45 115 66 35 111 10
1 15 37 67 21 46 10
68 40 97 114 45 97 5
69 48 114 102 45 115 3
70 62 32 51 69 23 11
71 16 60 40 15 80 20
37 71 13 72 80 14 9
57 79 41 73 116 15 45
25 80 120 74 76 108 12
75 69 12 37 71 13 2
71 16 60 76 12 57 5
77 53 95 114 45 97 8
17 96 76 78 91 73 5
79 84 35 57 79 41 7
35 97 59 80 97 55 4
81 63 118 53 52 115 11
82 38 54 0 41 63 9
45 119 32 83 118 39 7
47 79 60 84 74 73 13
85 70 4 75 69 12 8
86 44 72 49 37 73 7
63 99 90 87 103 101 11
21 88 44 88 85 47 4
49 37 73 89 41 79 7
73 116 15 90 104 32 20
72 80 14 91 77 18 5
54 76 112 92 76 113 1
115 13 9 93 24 3 12
94 102 71 17 96 76 7
95 53 16 119 41 14 12
105 67 56 96 67 50 6
1 15 37 97 1 32 14
102 45 115 98 46 116 1
35 97 59 99 99 64 5
14 12 88 100 1 114 28
101 35 32 0 41 63 31
114 45 97 102 45 115 18
109 56 54 103 51 46 9
104 25 72 6 18 72 7
109 56 54 105 67 56 11
52 101 8 106 103 8 2
107 1 56 71 16 60 15
87 103 101 108 109 110 10
109 56 54 0 41 63 17
110 70 72 84 74 73 4
111 74 99 74 76 108 9
46 83 55 112 85 52 3
39 102 15 113 96 20 7
49 37 73 114 45 97 25
115 13 9 3 36 13 23
116 107 71 94 102 71 5
90 104 32 117 111 27 8
115 13 9 118 15 0 9
119 41 14 3 36 13 5
17 96 76 120 115 83 20
