1 15 11 33 13 19 8
2 70 105 100 69 109 4
3 57 111 22 59 109 2
37 8 30 4 8 30 0
5 102 53 61 102 85 32
68 104 96 6 111 103 9
7 51 50 105 53 51 2
8 59 34 111 55 38 5
9 110 10 47 105 16 7
51 83 78 10 71 80 12
11 34 60 35 39 67 8
62 24 104 12 37 109 13
89 6 0 13 11 3 5
14 11 108 62 24 104 13
90 95 105 15 84 101 11
37 8 30 16 2 29 6
35 39 67 17 46 61 9
18 98 11 72 98 18 7
96 40 31 19 42 40 9
96 40 31 20 35 31 5
21 99 0 18 98 11 11
22 59 109 0 51 88 22
23 94 67 41 101 70 7
48 80 35 24 77 40 5
25 102 33 112 105 25 8
26 104 27 112 105 25 2
40 54 70 27 63 62 12
103 56 5 28 48 3 8
29 23 58 53 17 57 6
30 49 29 63 46 28 3
31 22 55 29 23 58 3
32 96 60 5 102 53 9
54 0 10 33 13 19 15
34 109 54 5 102 53 7
40 54 70 35 39 67 15
36 105 48 5 102 53 5
33 13 19 37 8 30 12
38 88 18 84 93 16 5
34 109 54 39 112 48 6
40 54 70 0 51 88 18
61 102 85 41 101 70 15
42 59 54 27 63 62 8
43 1 41 53 17 57 22
8 59 34 44 57 29 5
5 102 53 45 105 59 6
46 105 21 112 105 25 4
47 105 16 61 102 85 69
48 80 35 67 91 48 17
106 91 85 49 88 82 4
50 17 21 33 13 19 4
61 102 85 51 83 78 20
69 24 84 52 23 86 2
95 12 69 53 17 57 13
95 12 69 54 0 10 60
55 59 3 102 65 13 11
22 59 109 56 73 98 17
57 50 12 103 56 5 9
20 35 31 58 29 30 6
59 31 23 96 40 31 12
60 66 40 8 59 34 9
0 51 88 61 102 85 51
0 51 88 62 24 104 31
96 40 31 63 46 28 6
64 3 91 65 13 80 14
95 12 69 65 13 80 11
66 3 2 54 0 10 8
5 102 53 67 91 48 12
68 104 96 61 102 85 11
69 24 84 95 12 69 19
28 48 3 70 52 2 4
23 94 67 71 89 67 5
47 105 16 72 98 18 7
73 105 52 5 102 53 3
25 102 33 74 104 31 2
75 99 110 90 95 105 6
76 48 74 40 54 70 7
92 71 0 77 87 5 16
53 17 57 78 13 48 9
79 74 2 92 71 0 3
80 73 40 24 77 40 4
81 80 100 15 84 101 4
9 110 10 82 108 8 2
83 106 46 36 105 48 2
72 98 18 84 93 16 5
84 93 16 85 91 16 2
86 91 67 71 89 67 2
87 80 5 79 74 2 6
1 15 11 88 28 10 13
89 6 0 66 3 2 3
61 102 85 90 95 105 21
62 24 104 91 28 103 4
92 71 0 47 105 16 37
93 79 108 15 84 101 8
94 47 51 7 51 50 4
0 51 88 95 12 69 43
111 55 38 96 40 31 16
97 81 34 48 80 35 1
98 103 16 47 105 16 2
67 91 48 99 91 52 4
22 59 109 100 69 109 10
11 34 60 101 38 53 8
92 71 0 102 65 13 14
103 56 5 55 59 3 3
102 65 13 104 68 10 4
42 59 54 105 53 51 6
106 91 85 51 83 78 10
107 64 22 102 65 13 9
78 13 48 108 8 47 5
8 59 34 109 64 35 5
77 87 5 110 86 1 4
27 63 62 111 55 38 25
112 105 25 47 105 16 9
