1 73 102 113 85 99 12
2 11 62 6 29 64 18
2 11 62 3 4 63 7
0 110 28 4 104 23 7
5 84 78 79 93 64 16
81 32 71 6 29 64 7
48 24 100 7 52 111 30
92 131 136 8 125 130 8
9 11 142 93 22 145 11
10 120 6 70 133 12 14
11 118 98 98 115 93 5
98 115 93 12 106 98 10
60 124 42 13 131 30 13
25 55 5 14 38 8 17
53 103 135 15 99 146 11
16 10 18 40 5 16 5
17 100 21 4 104 23 4
35 145 3 18 144 6 3
30 55 109 19 63 111 8
20 0 129 9 11 142 17
48 24 100 21 15 99 9
22 91 35 44 103 34 12
23 91 52 88 93 49 3
24 138 98 134 140 100 2
0 110 28 25 55 5 59
103 2 89 26 5 85 5
142 93 33 27 95 29 4
28 29 54 54 31 56 2
129 118 53 29 126 70 18
30 55 109 7 52 111 3
70 133 12 31 127 13 6
12 106 98 32 112 103 7
48 24 100 33 20 121 21
34 138 10 70 133 12 5
35 145 3 70 133 12 15
36 81 144 130 79 131 13
37 82 58 61 80 62 4
63 32 52 38 32 45 7
39 127 110 110 121 104 8
117 10 8 40 5 16 9
70 133 12 41 133 0 12
122 146 74 42 137 69 10
92 131 136 43 135 130 7
0 110 28 44 103 34 9
42 137 69 45 136 70 1
119 115 77 46 114 75 2
47 110 60 109 104 56 7
48 24 100 79 93 64 77
99 112 136 49 112 137 1
50 95 3 0 110 28 29
130 79 131 51 76 123 8
0 110 28 52 108 30 2
79 93 64 53 103 135 71
63 32 52 54 31 56 4
141 124 92 55 123 88 4
56 61 54 95 60 55 1
57 145 51 120 141 54 5
58 64 10 25 55 5 10
59 22 17 117 10 8 15
128 120 45 60 124 42 5
79 93 64 61 80 62 13
62 76 48 89 78 53 5
63 32 52 6 29 64 12
64 60 120 107 56 124 5
68 59 142 65 52 142 7
66 64 12 58 64 10 2
67 118 48 137 117 48 1
68 59 142 74 44 134 17
17 100 21 69 91 23 9
0 110 28 70 133 12 28
88 93 49 71 95 43 6
72 47 64 95 60 55 15
108 64 24 73 66 30 6
74 44 134 93 22 145 24
141 124 92 75 124 101 9
133 4 41 76 10 47 8
99 112 136 77 112 142 6
78 49 97 30 55 109 13
0 110 28 79 93 64 39
80 56 20 108 64 24 8
81 32 71 48 24 100 30
59 22 17 82 26 24 8
5 84 78 83 69 76 15
84 52 47 95 60 55 11
92 131 136 85 127 146 10
86 48 79 116 48 76 3
81 32 71 87 22 81 14
88 93 49 79 93 64 15
61 80 62 89 78 53 9
95 60 55 90 67 42 14
30 55 109 91 60 103 7
92 131 136 53 103 135 28
93 22 145 48 24 100 45
94 28 4 14 38 8 10
95 60 55 79 93 64 34
96 68 109 19 63 111 5
97 145 84 122 146 74 10
141 124 92 98 115 93 9
99 112 136 53 103 135 9
9 11 142 100 14 140 3
37 82 58 101 83 56 2
139 28 41 102 28 39 2
103 2 89 21 15 99 16
22 91 35 104 79 32 12
26 5 85 105 2 84 3
83 69 76 106 65 80 5
107 56 124 7 52 111 13
108 64 24 25 55 5 21
109 104 56 79 93 64 13
75 124 101 110 121 104 4
44 103 34 111 107 44 10
112 139 39 13 131 30 12
5 84 78 113 85 99 21
114 18 57 135 21 63 6
115 108 110 12 106 98 12
72 47 64 116 48 76 12
117 10 8 25 55 5 45
118 129 97 75 124 101 6
55 123 88 119 115 77 13
60 124 42 120 141 54 20
143 44 133 121 40 128 6
141 124 92 122 146 74 28
63 32 52 123 21 51 11
108 64 24 124 49 25 15
125 67 101 1 73 102 6
75 124 101 126 124 98 3
127 98 101 12 106 98 8
128 120 45 0 110 28 19
129 118 53 128 120 45 8
130 79 131 53 103 135 24
17 100 21 131 100 15 6
124 49 25 132 41 25 8
2 11 62 133 4 41 22
75 124 101 134 140 100 16
135 21 63 6 29 64 8
136 108 139 99 112 136 5
137 117 48 128 120 45 4
117 10 8 138 11 12 4
139 28 41 38 32 45 5
140 80 63 61 80 62 1
79 93 64 141 124 92 41
22 91 35 142 93 33 2
74 44 134 143 44 133 1
58 64 10 144 72 12 8
74 44 134 145 49 128 7
70 133 12 146 135 16 4
