22 58 14 1 54 8 7
2 56 50 59 55 50 1
42 30 26 3 31 26 1
34 11 29 4 7 24 6
5 9 0 28 7 2 2
37 5 53 6 0 44 10
7 19 50 58 29 50 10
8 56 47 16 53 48 3
9 10 22 61 12 24 2
4 7 24 10 8 26 2
11 4 28 4 7 24 5
52 24 29 12 22 28 2
13 66 65 16 53 48 21
14 57 21 50 54 26 5
15 32 41 60 31 32 9
16 53 48 24 58 30 18
24 58 30 17 66 38 11
0 41 2 18 40 15 13
19 55 31 24 58 30 3
20 52 0 0 41 2 11
21 52 59 16 53 48 11
22 58 14 29 64 6 10
23 64 13 22 58 14 6
0 41 2 24 58 30 32
25 10 7 26 28 10 18
26 28 10 0 41 2 15
35 41 56 27 37 60 5
25 10 7 28 7 2 5
0 41 2 29 64 6 23
30 12 28 34 11 29 1
37 5 53 31 8 51 3
37 5 53 32 7 58 5
34 11 29 33 13 39 10
34 11 29 42 30 26 19
21 52 59 35 41 56 11
34 11 29 36 15 24 6
34 11 29 37 5 53 24
38 51 39 54 53 34 5
27 37 60 39 37 58 2
40 26 15 26 28 10 5
41 14 26 36 15 24 2
0 41 2 42 30 26 26
43 53 63 62 55 65 2
18 40 15 44 38 18 3
13 66 65 45 65 60 5
46 61 54 53 60 51 3
47 21 32 52 24 29 4
37 5 53 48 14 63 13
49 43 54 35 41 56 2
24 58 30 50 54 26 5
24 58 30 51 63 32 5
52 24 29 42 30 26 6
53 60 51 59 55 50 5
19 55 31 54 53 34 3
32 7 58 55 1 65 9
59 55 50 56 55 53 3
57 5 44 6 0 44 5
60 31 32 58 29 50 18
16 53 48 59 55 50 2
60 31 32 42 30 26 6
61 12 24 36 15 24 3
21 52 59 62 55 65 6
25 10 7 63 15 2 7
64 28 65 27 37 60 10
24 58 30 65 59 32 2
15 32 41 66 37 45 6
