99 22 109 1 15 116 9
2 76 95 23 69 94 7
3 8 67 17 8 58 9
4 38 104 43 42 104 4
5 37 50 76 32 46 6
14 87 26 6 79 37 13
7 98 11 88 97 9 2
32 64 3 8 65 5 2
58 49 17 9 46 18 3
18 90 43 10 94 46 5
98 114 39 11 111 57 18
12 77 103 45 70 109 9
13 43 63 80 33 43 22
14 87 26 0 66 0 33
15 57 82 113 53 88 7
14 87 26 16 87 24 2
80 33 43 17 8 58 29
18 90 43 6 79 37 12
19 44 13 9 46 18 5
28 31 100 20 36 97 5
21 20 47 46 26 37 11
22 23 13 109 26 20 7
24 67 93 23 69 94 2
90 62 89 24 67 93 6
25 90 31 87 89 31 1
26 57 92 90 62 89 5
27 79 25 14 87 26 8
28 31 100 4 38 104 8
94 103 68 29 100 68 3
30 112 22 14 87 26 25
31 23 25 109 26 20 5
32 64 3 0 66 0 3
6 79 37 33 74 35 5
34 87 21 14 87 26 5
14 87 26 35 91 27 4
78 13 23 36 9 39 16
37 111 110 55 109 95 15
86 23 72 38 33 70 10
36 9 39 39 4 44 7
40 9 42 36 9 39 3
41 51 104 43 42 104 9
114 79 80 42 74 74 7
113 53 88 43 42 104 19
74 93 71 44 92 64 7
45 70 109 90 62 89 21
80 33 43 46 26 37 9
47 60 36 73 62 39 3
48 91 59 44 92 64 5
58 49 17 49 41 21 8
50 10 76 3 8 67 9
51 100 103 83 95 101 5
52 25 80 59 28 82 3
99 22 109 53 29 113 8
54 35 86 113 53 88 18
112 111 93 55 109 95 2
78 13 23 56 1 24 12
107 13 12 57 2 11 11
0 66 0 58 49 17 24
54 35 86 59 28 82 8
60 94 85 77 94 72 13
107 13 12 61 10 9 4
52 25 80 62 24 82 2
92 16 88 63 12 98 10
64 49 13 58 49 17 4
30 112 22 65 112 21 1
66 86 72 77 94 72 8
58 49 17 67 55 21 7
30 112 22 68 110 12 10
83 95 101 69 95 101 0
37 111 110 70 108 107 4
71 64 70 15 57 82 13
88 97 9 72 93 0 9
73 62 39 75 54 37 8
74 93 71 77 94 72 1
58 49 17 75 54 37 20
76 32 46 80 33 43 3
106 73 82 77 94 72 23
109 26 20 78 13 23 13
54 35 86 79 43 87 8
80 33 43 75 54 37 21
15 57 82 81 47 75 12
6 79 37 82 74 49 13
83 95 101 55 109 95 15
84 10 42 40 9 42 1
85 34 105 4 38 104 4
86 23 72 54 35 86 18
14 87 26 87 89 31 5
68 110 12 88 97 9 13
67 55 21 89 56 16 5
90 62 89 14 87 26 67
53 29 113 91 24 116 5
102 26 91 92 16 88 10
43 42 104 93 45 109 5
77 94 72 94 103 68 9
95 60 12 89 56 16 5
96 62 26 67 55 21 8
94 103 68 97 102 63 5
98 114 39 30 112 22 17
28 31 100 99 22 109 12
68 110 12 100 108 17 5
37 111 110 101 101 115 11
54 35 86 102 26 91 10
103 108 57 11 111 57 3
34 87 21 104 90 21 3
93 45 109 105 44 113 4
90 62 89 106 73 82 13
107 13 12 22 23 13 10
45 70 109 108 75 113 6
49 41 21 109 26 20 15
82 74 49 110 67 48 7
111 9 1 22 23 13 18
106 73 82 112 111 93 39
90 62 89 113 53 88 9
106 73 82 114 79 80 6
43 42 104 115 48 116 13
6 79 37 116 79 36 1
