122 100 135 1 107 128 9
2 70 129 129 88 137 19
120 75 107 3 1 65 85
76 45 92 4 44 101 9
5 78 64 134 83 73 10
48 25 68 6 33 60 11
7 52 65 90 56 64 4
8 134 39 0 137 42 4
9 1 35 27 4 35 3
11 77 146 10 90 152 14
129 88 137 11 77 146 14
111 139 49 12 147 57 11
13 84 1 47 87 8 7
135 17 61 14 30 44 21
61 36 103 15 32 100 5
16 78 144 11 77 146 2
17 50 39 132 56 42 6
14 30 44 18 25 48 6
19 86 2 13 84 1 2
20 128 103 89 124 82 21
40 17 152 21 34 144 18
22 16 74 94 12 74 4
23 33 23 86 31 11 12
8 134 39 24 131 33 6
70 90 115 25 99 122 11
47 87 8 26 103 9 16
150 3 55 27 4 35 20
28 36 115 108 33 121 6
29 152 120 143 150 130 10
30 102 93 49 100 98 5
62 74 39 31 73 39 1
32 79 129 2 70 129 9
33 57 9 121 66 18 12
52 84 30 34 87 27 4
133 51 122 35 56 130 9
65 51 25 36 51 22 3
37 139 81 89 124 82 15
38 48 24 65 51 25 3
39 115 107 44 122 108 7
120 75 107 40 17 152 73
136 53 74 41 45 74 8
18 25 48 42 22 50 3
43 111 50 50 125 40 17
20 128 103 44 122 108 7
45 106 46 43 111 50 6
89 124 82 46 126 91 9
50 125 40 47 87 8 49
48 25 68 135 17 61 10
120 75 107 49 100 98 26
0 137 42 50 125 40 12
39 115 107 51 116 98 9
47 87 8 52 84 30 22
83 16 149 53 16 141 8
107 2 103 54 3 114 11
53 16 141 55 13 128 13
56 148 13 95 148 37 24
89 124 82 57 109 86 15
136 53 74 58 38 78 15
111 139 49 59 135 49 4
144 50 91 60 60 91 10
61 36 103 4 44 101 8
62 74 39 52 84 30 13
43 111 50 63 103 54 8
64 130 108 20 128 103 5
145 55 24 65 51 25 4
66 130 40 8 134 39 4
67 9 36 27 4 35 5
10 90 152 68 88 149 3
69 127 139 84 135 121 19
120 75 107 70 90 115 17
71 75 84 120 75 107 23
135 17 61 72 21 61 4
73 85 78 71 75 84 11
118 56 79 74 63 76 7
107 2 103 75 1 94 9
76 45 92 136 53 74 19
26 103 9 77 99 15 7
6 33 60 78 42 63 9
79 104 109 110 102 107 2
58 38 78 80 24 82 14
81 49 143 119 38 144 11
82 13 33 27 4 35 9
83 16 149 40 17 152 3
143 150 130 84 135 121 17
130 34 46 85 33 52 6
86 31 11 14 30 44 33
55 13 128 87 8 123 7
49 100 98 88 89 95 11
89 124 82 0 137 42 42
136 53 74 90 56 64 10
91 101 76 57 109 86 12
50 125 40 92 115 27 16
131 16 108 93 25 106 9
94 12 74 142 2 74 10
95 148 37 0 137 42 12
63 103 54 96 103 57 3
89 124 82 97 121 73 9
92 115 27 98 123 30 8
99 135 48 59 135 49 1
11 77 146 100 64 143 13
101 92 54 43 111 50 19
80 24 82 102 26 77 5
101 92 54 103 86 49 7
104 107 149 122 100 135 15
105 138 86 37 139 81 5
106 41 32 17 50 39 11
107 2 103 142 2 74 29
133 51 122 108 33 121 18
109 108 66 96 103 57 10
141 101 109 110 102 107 2
111 139 49 0 137 42 7
44 122 108 112 123 106 2
113 70 100 120 75 107 8
114 92 29 52 84 30 8
88 89 95 115 87 87 8
116 62 35 132 56 42 9
117 63 46 132 56 42 8
136 53 74 118 56 79 5
119 38 144 21 34 144 4
120 75 107 0 137 42 89
121 66 18 52 84 30 21
122 100 135 129 88 137 12
4 44 101 123 46 99 2
62 74 39 124 69 42 5
90 56 64 125 64 57 10
126 25 86 80 24 82 4
127 102 87 30 102 93 6
128 112 126 1 107 128 5
120 75 107 129 88 137 32
14 30 44 130 34 46 4
107 2 103 131 16 108 14
132 56 42 90 56 64 22
120 75 107 133 51 122 28
73 85 78 134 83 73 5
3 1 65 135 17 61 16
120 75 107 136 53 74 39
118 56 79 137 56 81 2
138 104 115 141 101 109 6
139 8 1 146 13 9 9
140 61 11 33 57 9 4
49 100 98 141 101 109 11
3 1 65 142 2 74 9
89 124 82 143 150 130 54
144 50 91 76 45 92 5
145 55 24 121 66 18 12
146 13 9 86 31 11 18
147 69 4 121 66 18 14
129 88 137 148 94 134 6
149 25 71 48 25 68 3
150 3 55 3 1 65 10
58 38 78 151 32 72 8
152 58 8 33 57 9 1
