1 66 17 68 63 18 3
2 61 36 24 64 32 5
25 39 55 3 33 61 8
0 45 45 4 64 44 19
25 39 55 5 23 68 20
6 55 37 24 64 32 10
7 63 58 72 60 60 3
36 76 26 8 75 20 6
13 48 66 9 46 76 10
0 45 45 10 69 13 40
30 26 6 11 30 9 5
76 7 33 12 9 37 4
25 39 55 13 48 66 14
14 22 58 49 23 59 1
58 12 53 15 2 61 12
16 69 9 10 69 13 4
17 74 33 36 76 26 7
58 12 53 18 17 55 5
19 13 75 32 16 67 8
48 8 19 20 11 23 5
75 64 69 21 67 72 4
54 56 13 22 51 3 11
23 17 25 48 8 19 10
24 64 32 4 64 44 12
0 45 45 25 39 55 11
76 7 33 26 12 41 9
75 64 69 27 58 68 6
0 45 45 28 63 63 25
74 1 76 29 5 70 7
30 26 6 73 19 7 7
64 22 26 31 21 22 4
5 23 68 32 16 67 7
4 64 44 33 69 40 6
34 21 52 18 17 55 5
7 63 58 35 64 58 1
36 76 26 10 69 13 14
37 0 17 48 8 19 8
38 55 59 72 60 60 5
39 14 26 23 17 25 3
74 1 76 40 5 74 4
41 27 24 56 27 31 7
33 69 40 42 70 41 1
75 64 69 43 61 71 3
44 20 57 49 23 59 3
45 51 65 13 48 66 3
32 16 67 46 13 61 6
54 56 13 47 51 13 5
0 45 45 48 8 19 45
49 23 59 5 23 68 9
50 67 74 21 67 72 2
11 30 9 51 36 9 6
64 22 26 52 20 25 2
75 64 69 53 71 68 7
54 56 13 10 69 13 13
55 13 69 32 16 67 3
0 45 45 56 27 31 22
57 42 3 22 51 3 9
5 23 68 58 12 53 18
59 66 43 4 64 44 2
60 58 2 71 63 4 5
61 19 69 32 16 67 3
62 64 46 4 64 44 2
58 12 53 63 7 57 6
23 17 25 64 22 26 5
65 39 50 25 39 55 5
3 33 61 66 32 61 1
49 23 59 67 24 61 2
10 69 13 68 63 18 7
26 12 41 69 2 46 11
48 8 19 70 10 5 14
71 63 4 10 69 13 10
72 60 60 28 63 63 4
73 19 7 70 10 5 9
19 13 75 74 1 76 12
28 63 63 75 64 69 6
48 8 19 76 7 33 14
