1 46 0 26 38 2 8
40 1 33 2 2 21 12
42 51 42 3 58 42 7
4 50 34 23 46 36 4
5 31 16 36 30 14 2
21 11 38 6 9 37 2
7 37 28 34 34 33 5
8 11 46 44 16 40 7
27 42 48 9 38 57 9
42 51 42 10 49 48 6
11 18 48 51 18 49 1
12 21 25 50 19 32 7
2 2 21 13 11 18 9
14 35 14 28 38 6 8
15 41 19 29 45 24 6
16 33 47 20 32 44 3
12 21 25 17 29 24 8
18 47 23 29 45 24 2
21 11 38 19 11 37 1
20 32 44 52 28 35 9
21 11 38 44 16 40 5
8 11 46 22 12 46 1
42 51 42 23 46 36 7
24 29 18 36 30 14 4
25 18 45 46 19 46 1
28 38 6 26 38 2 4
42 51 42 27 42 48 10
28 38 6 0 19 33 33
42 51 42 29 45 24 18
53 39 7 30 43 5 4
31 37 3 26 38 2 1
44 16 40 32 18 40 2
33 54 15 41 46 11 8
34 34 33 52 28 35 6
35 13 30 0 19 33 6
14 35 14 36 30 14 5
37 17 49 51 18 49 1
27 42 48 38 41 48 1
3 58 42 39 56 46 4
40 1 33 0 19 33 18
41 46 11 28 38 6 9
0 19 33 42 51 42 33
36 30 14 43 22 13 8
44 16 40 0 19 33 7
40 1 33 45 1 33 0
46 19 46 51 18 49 3
51 18 49 47 19 52 3
48 25 0 26 38 2 13
49 15 54 47 19 52 4
0 19 33 50 19 32 1
51 18 49 44 16 40 9
0 19 33 52 28 35 9
28 38 6 53 39 7 1
54 9 15 13 11 18 3
55 11 20 13 11 18 2
56 44 28 29 45 24 4
57 12 46 22 12 46 0
58 0 57 8 11 46 15
