136 59 74 1 57 68 6
7 117 82 2 139 96 26
3 55 60 52 59 55 6
91 102 98 4 108 101 6
107 15 77 5 22 68 11
127 83 12 6 89 20 10
9 116 70 7 117 82 12
129 91 89 8 98 88 7
0 95 101 9 116 70 37
67 24 110 10 34 108 10
29 115 31 11 117 26 5
37 67 131 12 74 134 7
13 25 42 47 22 43 3
14 124 54 85 123 56 2
15 24 118 0 95 101 73
66 58 89 16 40 81 19
2 139 96 17 136 99 4
74 128 63 18 135 56 9
49 52 10 19 53 26 16
4 108 101 20 106 104 3
72 24 49 21 29 45 6
22 55 83 66 58 89 6
23 83 60 103 100 70 19
112 100 138 24 107 134 8
25 22 9 123 23 7 2
26 46 101 66 58 89 16
27 136 119 81 120 125 17
28 97 106 0 95 101 5
34 113 57 29 115 31 26
30 115 75 9 116 70 5
31 58 28 19 53 26 5
32 67 1 41 79 7 13
33 50 52 133 41 49 9
9 116 70 34 113 57 13
35 89 71 103 100 70 11
35 89 71 36 84 68 5
0 95 101 37 67 131 41
137 73 92 38 72 85 7
39 76 26 6 89 20 14
71 40 132 40 43 139 7
41 79 7 0 95 101 95
95 107 15 42 99 8 10
138 22 31 43 24 33 2
44 30 61 126 29 62 1
45 1 59 111 9 57 8
46 10 98 15 24 118 24
72 24 49 47 22 43 6
48 122 44 77 117 50 7
49 52 10 41 79 7 27
50 104 19 6 89 20 15
51 45 107 80 48 103 5
133 41 49 52 59 55 18
53 134 117 27 136 119 2
16 40 81 54 34 68 14
55 55 125 37 67 131 13
88 8 112 56 9 108 4
57 119 85 7 117 82 3
58 44 79 16 40 81 4
59 133 18 60 133 24 6
29 115 31 60 133 24 19
61 74 81 38 72 85 4
2 139 96 62 134 95 5
63 74 91 137 73 92 1
64 77 51 23 83 60 10
65 69 55 64 77 51 8
66 58 89 0 95 101 38
15 24 118 67 24 110 8
41 79 7 68 12 25 69
69 74 47 64 77 51 5
70 32 122 15 24 118 8
70 32 122 71 40 132 12
72 24 49 68 12 25 26
73 16 99 46 10 98 6
74 128 63 9 116 70 13
75 45 129 71 40 132 5
76 0 51 45 1 59 8
77 117 50 34 113 57 8
52 59 55 78 57 49 6
139 113 122 79 115 117 5
80 48 103 26 46 101 2
81 120 125 139 113 122 7
49 52 10 82 39 1 15
15 24 118 83 16 115 8
82 39 1 84 41 7 6
74 128 63 85 123 56 8
86 131 7 122 127 8 4
87 133 102 17 136 99 4
88 8 112 93 6 120 8
69 74 47 89 72 49 2
27 136 119 90 137 121 2
0 95 101 91 102 98 7
92 33 72 54 34 68 4
93 6 120 15 24 118 18
135 81 109 94 79 115 6
95 107 15 50 104 19 5
96 102 104 28 97 106 5
111 9 57 97 16 55 7
66 58 89 98 57 94 5
138 22 31 99 22 30 1
100 70 44 64 77 51 9
101 8 76 107 15 77 7
102 57 110 130 53 116 7
9 116 70 103 100 70 16
11 117 26 104 124 26 7
62 134 95 105 134 90 5
106 134 111 53 134 117 6
107 15 77 46 10 98 21
73 16 99 108 25 90 12
19 53 26 109 44 32 10
110 69 34 39 76 26 10
72 24 49 111 9 57 17
139 113 122 112 100 138 20
46 10 98 113 5 90 9
133 41 49 114 41 58 9
115 113 68 9 116 70 3
49 52 10 116 38 18 16
117 63 77 22 55 83 10
85 123 56 118 129 47 10
113 5 90 119 1 82 8
120 82 127 37 67 131 15
47 22 43 121 14 38 9
60 133 24 122 127 8 17
68 12 25 123 23 7 21
124 17 126 15 24 118 10
125 35 11 116 38 18 7
126 29 62 54 34 68 7
127 83 12 41 79 7 6
78 57 49 128 56 51 2
0 95 101 129 91 89 12
55 55 125 130 53 116 9
109 44 32 131 39 36 6
132 82 124 120 82 127 3
72 24 49 133 41 49 17
134 79 54 64 77 51 3
0 95 101 135 81 109 16
117 63 77 136 59 74 5
66 58 89 137 73 92 15
138 22 31 68 12 25 11
139 113 122 0 95 101 27
