5 6 6 1 11 5 5
7 19 21 2 22 18 4
5 6 6 3 6 8 2
4 11 12 24 9 14 2
11 5 14 5 6 6 8
10 15 27 6 22 30 7
27 16 21 7 19 21 3
8 7 25 15 3 29 5
0 3 30 9 0 27 4
0 3 30 10 15 27 12
11 5 14 0 3 30 16
22 2 1 12 2 0 1
13 17 10 19 19 10 2
14 23 23 6 22 30 7
15 3 29 0 3 30 1
16 0 5 5 6 6 6
11 5 14 17 11 17 6
18 9 17 17 11 17 2
19 19 10 20 22 10 3
11 5 14 20 22 10 17
23 22 5 21 25 3 3
22 2 1 16 0 5 4
20 22 10 23 22 5 5
17 11 17 24 9 14 3
25 1 24 9 0 27 3
26 17 20 27 16 21 1
10 15 27 27 16 21 6
30 29 3 28 29 5 2
29 26 29 6 22 30 4
30 29 3 20 22 10 9
