1 17 125 71 33 128 16
121 22 100 2 33 106 12
3 72 139 19 79 142 7
4 75 63 43 68 69 9
5 65 64 43 68 69 5
6 155 34 0 127 51 32
1 17 125 7 12 143 18
8 82 129 46 83 128 1
49 12 83 9 1 81 11
10 68 17 47 65 13 5
44 18 33 11 17 28 5
55 140 44 12 140 45 1
97 136 94 13 134 91 3
14 5 119 1 17 125 13
15 96 137 46 83 128 15
16 146 5 155 154 13 11
17 114 135 72 118 127 8
18 91 29 150 94 30 3
8 82 129 19 79 142 13
20 132 65 50 120 63 12
15 96 137 21 99 140 4
32 54 23 22 64 30 12
50 120 63 23 113 67 8
55 140 44 24 149 51 11
145 55 26 25 57 24 2
26 30 20 118 31 25 5
49 12 83 27 36 80 24
87 86 59 28 86 49 10
29 126 131 36 126 137 6
28 86 49 30 71 45 15
31 0 151 7 12 143 14
32 54 23 143 74 14 21
141 44 120 33 52 119 8
34 92 48 28 86 49 6
35 104 136 144 104 131 5
36 126 137 58 139 129 15
37 138 121 58 139 129 8
38 134 40 0 127 51 13
39 36 15 65 30 12 6
40 61 96 43 68 69 27
41 114 57 75 113 57 1
42 96 16 105 102 23 9
87 86 59 43 68 69 20
111 8 49 44 18 33 18
45 21 109 121 22 100 9
104 95 106 46 83 128 25
47 65 13 143 74 14 9
48 32 71 27 36 80 9
49 12 83 0 127 51 119
50 120 63 0 127 51 13
65 30 12 51 6 0 26
52 51 8 101 50 15 7
5 65 64 53 63 61 3
97 136 94 54 147 102 13
38 134 40 55 140 44 7
56 124 109 60 135 109 11
57 36 129 71 33 128 3
58 139 129 0 127 51 78
5 65 64 59 60 55 10
60 135 109 37 138 121 12
61 101 113 115 95 114 6
124 13 99 62 17 98 4
63 23 75 49 12 83 13
64 52 46 110 55 46 3
111 8 49 65 30 12 43
66 120 17 105 102 23 18
67 10 79 49 12 83 4
68 144 68 0 127 51 24
94 124 28 69 124 28 0
70 128 0 130 129 11 11
49 12 83 71 33 128 49
36 126 137 72 118 127 12
93 40 133 73 53 134 13
5 65 64 74 69 58 7
50 120 63 75 113 57 9
76 87 17 42 96 16 9
56 124 109 77 129 112 5
78 60 80 128 60 82 2
82 87 111 79 88 117 6
80 65 99 40 61 96 5
30 71 45 81 81 37 12
104 95 106 82 87 111 9
83 103 10 105 102 23 13
84 121 38 100 121 43 5
85 5 51 111 8 49 3
86 140 64 68 144 68 5
87 86 59 0 127 51 41
85 5 51 88 0 49 5
14 5 119 89 11 112 9
90 25 89 121 22 100 11
91 35 143 71 33 128 15
92 102 72 87 86 59 20
57 36 129 93 40 133 5
84 121 38 94 124 28 10
95 139 12 140 135 11 4
60 135 109 96 135 107 2
97 136 94 68 144 68 27
8 82 129 98 80 127 2
128 60 82 99 59 82 1
100 121 43 0 127 51 10
32 54 23 101 50 15 8
43 68 69 102 70 74 5
102 70 74 103 78 79 9
104 95 106 87 86 59 47
0 127 51 105 102 23 37
36 126 137 106 139 144 14
107 38 149 91 35 143 6
108 142 117 37 138 121 5
104 95 106 109 91 105 4
110 55 46 30 71 45 16
111 8 49 49 12 83 34
66 120 17 112 118 14 3
48 32 71 113 38 54 18
67 10 79 114 9 69 10
115 95 114 104 95 106 8
116 41 109 152 37 112 5
19 79 142 117 82 155 13
65 30 12 118 31 25 13
124 13 99 119 1 104 13
120 92 97 104 95 106 9
121 22 100 49 12 83 19
144 104 131 122 107 122 9
123 155 91 97 136 94 19
124 13 99 121 22 100 9
125 101 2 83 103 10 8
107 38 149 126 33 154 7
127 96 46 34 92 48 4
128 60 82 102 70 74 12
71 33 128 129 33 120 8
130 129 11 66 120 17 10
131 10 67 114 9 69 2
132 92 129 15 96 137 8
44 18 33 133 11 35 7
134 67 114 33 52 119 15
84 121 38 135 114 37 7
136 3 4 51 6 0 5
150 94 30 137 105 36 12
92 102 72 138 106 73 4
8 82 129 139 70 130 12
130 129 11 140 135 11 6
141 44 120 71 33 128 13
28 86 49 142 92 42 9
105 102 23 143 74 14 29
144 104 131 15 96 137 10
32 54 23 145 55 26 3
120 92 97 146 81 96 11
147 61 113 134 67 114 6
143 74 14 148 77 15 3
149 102 70 92 102 72 2
150 94 30 105 102 23 10
151 51 28 145 55 26 4
152 37 112 2 33 106 7
66 120 17 153 121 10 7
154 78 4 143 74 14 10
6 155 34 155 154 13 21
