19 67 19 1 65 17 2
2 14 10 8 12 4 6
50 29 13 3 30 14 1
67 35 63 4 21 59 14
5 30 34 47 21 28 10
47 21 28 6 22 20 8
7 84 0 0 52 9 33
8 12 4 50 29 13 19
0 52 9 9 54 10 2
70 51 50 10 51 45 5
11 12 25 47 21 28 9
12 72 39 21 69 46 7
47 21 28 13 20 30 2
14 52 26 19 67 19 16
15 68 49 21 69 46 3
60 3 75 16 9 81 8
50 29 13 17 27 4 9
35 44 12 18 47 9 4
0 52 9 19 67 19 18
73 10 46 20 7 41 5
21 69 46 70 51 50 18
22 51 62 83 51 63 1
35 44 12 23 38 15 6
14 52 26 24 49 24 3
47 21 28 25 13 34 10
59 57 81 26 63 86 7
84 53 77 27 46 78 7
19 67 19 28 74 9 12
0 52 9 29 80 85 80
74 86 15 30 85 15 1
40 62 64 31 61 65 1
38 69 73 32 64 77 6
33 57 35 61 64 42 9
61 64 42 34 66 36 6
0 52 9 35 44 12 8
36 12 7 8 12 4 3
37 66 69 29 80 85 21
37 66 69 38 69 73 5
39 37 47 77 44 46 7
40 62 64 37 66 69 6
41 39 6 35 44 12 7
29 80 85 42 79 87 2
48 58 55 43 58 51 4
12 72 39 44 77 44 7
4 21 59 45 23 65 6
46 58 58 48 58 55 3
47 21 28 50 29 13 17
70 51 50 48 58 55 8
49 29 70 67 35 63 9
0 52 9 50 29 13 23
51 52 72 37 66 69 14
49 29 70 52 25 72 4
53 5 31 25 13 34 8
37 66 69 54 63 69 3
55 28 3 17 27 4 1
56 56 55 48 58 55 2
57 20 22 6 22 20 2
58 63 57 48 58 55 5
59 57 81 51 52 72 10
86 6 70 60 3 75 5
61 64 42 21 69 46 6
62 71 34 12 72 39 5
71 84 78 63 86 81 3
64 30 80 67 35 63 17
65 19 75 72 11 71 8
17 27 4 66 33 3 6
67 35 63 70 51 50 20
0 52 9 68 51 4 5
69 51 22 24 49 24 2
70 51 50 0 52 9 41
29 80 85 71 84 78 8
72 11 71 86 6 70 5
73 10 46 25 13 34 12
7 84 0 74 86 15 15
75 60 71 37 66 69 6
4 21 59 76 24 59 3
77 44 46 70 51 50 8
78 32 19 3 30 14 5
70 51 50 79 43 55 9
80 1 20 53 5 31 11
81 42 24 24 49 24 7
0 52 9 82 53 8 1
83 51 63 46 58 58 8
84 53 77 51 52 72 5
70 51 50 85 48 49 3
70 51 50 86 6 70 49
7 84 0 87 87 3 4
