71 58 38 1 59 45 7
32 74 43 2 74 40 3
3 36 32 53 34 27 5
4 25 56 24 29 61 6
0 43 21 5 3 2 44
6 10 49 43 18 38 13
7 72 25 44 64 25 8
8 40 54 38 35 72 18
28 65 18 9 66 13 5
34 67 3 10 71 5 4
29 43 39 11 38 40 5
12 25 46 46 31 46 6
28 65 18 13 65 19 1
14 39 23 0 43 21 4
27 9 11 15 3 20 10
16 56 22 44 64 25 8
17 62 29 44 64 25 4
18 51 72 20 39 72 12
4 25 56 19 25 53 3
38 35 72 20 39 72 4
21 3 70 73 0 63 7
22 10 59 59 2 58 8
23 45 28 69 45 31 3
24 29 61 36 28 63 2
0 43 21 25 54 10 15
26 69 53 32 74 43 11
5 3 2 27 9 11 10
28 65 18 44 64 25 7
29 43 39 69 45 31 8
38 35 72 30 33 69 3
31 60 55 26 69 53 9
32 74 43 7 72 25 18
43 18 38 33 9 35 9
25 54 10 34 67 3 14
55 33 25 35 26 24 7
36 28 63 38 35 72 11
1 59 45 37 59 44 1
38 35 72 0 43 21 51
39 27 41 12 25 46 5
40 60 53 31 60 55 2
41 53 39 52 52 37 2
61 17 5 42 24 5 7
55 33 25 43 18 38 19
0 43 21 44 64 25 21
45 15 39 43 18 38 3
8 40 54 46 31 46 12
47 34 20 62 30 18 4
48 32 31 53 34 27 4
27 9 11 49 11 9 2
50 63 3 34 67 3 4
51 40 8 57 46 17 10
52 52 37 69 45 31 9
55 33 25 53 34 27 2
54 16 35 43 18 38 3
0 43 21 55 33 25 10
56 38 26 14 39 23 3
57 46 17 0 43 21 5
58 8 17 15 3 20 5
73 0 63 59 2 58 5
59 2 58 60 2 53 5
5 3 2 61 17 5 14
55 33 25 62 30 18 7
21 3 70 63 12 67 9
2 74 40 64 71 40 3
7 72 25 65 74 23 2
66 17 48 6 10 49 7
67 59 12 25 54 10 5
71 58 38 68 56 37 2
69 45 31 0 43 21 10
70 54 40 41 53 39 1
41 53 39 71 58 38 5
21 3 70 72 1 74 4
36 28 63 73 0 63 28
74 34 17 47 34 20 3
