47 43 51 1 52 50 9
2 60 25 42 58 26 2
3 22 11 17 18 7 5
0 63 67 4 52 65 11
5 47 17 45 46 17 1
6 31 18 50 32 12 6
49 0 31 7 1 33 2
23 31 4 8 38 2 7
9 38 30 52 32 36 8
10 63 28 58 65 28 2
36 10 23 11 10 22 1
12 52 37 54 46 39 6
13 52 7 59 43 7 9
14 56 37 12 52 37 4
6 31 18 15 32 16 2
16 36 29 9 38 30 2
55 17 5 17 18 7 2
18 39 24 9 38 30 6
19 17 42 60 24 42 7
20 47 54 47 43 51 5
30 6 2 21 5 8 6
63 2 40 22 1 49 9
50 32 12 23 31 4 8
24 39 62 4 52 65 13
21 5 8 25 6 7 1
26 14 12 55 17 5 7
27 19 17 26 14 12 7
28 22 29 40 25 36 7
37 40 45 29 41 41 4
30 6 2 43 7 1 1
55 17 5 31 17 1 4
58 65 28 32 63 36 8
33 52 39 12 52 37 2
34 10 15 26 14 12 5
57 36 41 35 21 58 22
36 10 23 55 17 5 19
37 40 45 57 36 41 5
60 24 42 38 24 47 5
35 21 58 39 12 63 10
57 36 41 40 25 36 12
41 63 3 61 60 2 3
42 58 26 57 36 41 26
55 17 5 43 7 1 10
44 23 4 55 17 5 6
59 43 7 45 46 17 10
4 52 65 46 50 61 4
47 43 51 37 40 45 6
48 16 60 35 21 58 5
49 0 31 63 2 40 9
55 17 5 50 32 12 16
51 39 60 24 39 62 2
52 32 36 57 36 41 6
45 46 17 53 49 15 3
54 46 39 37 40 45 8
0 63 67 55 17 5 77
63 2 40 56 8 41 6
0 63 67 57 36 41 37
58 65 28 42 58 26 7
50 32 12 59 43 7 12
40 25 36 60 24 42 6
61 60 2 59 43 7 17
62 57 3 61 60 2 3
36 10 23 63 2 40 18
64 67 20 42 58 26 10
65 30 37 52 32 36 2
50 32 12 66 30 12 2
67 29 42 60 24 42 5
