1 50 53 45 60 63 14
9 55 18 2 57 19 2
52 8 33 3 4 37 5
48 25 39 4 25 43 4
5 28 46 28 29 47 1
0 49 27 6 48 27 1
12 20 24 7 20 30 6
24 26 18 8 27 9 9
9 55 18 0 49 27 10
10 14 51 23 14 51 0
23 14 51 11 4 43 12
51 27 34 12 20 24 12
50 34 35 13 35 30 5
1 50 53 14 40 64 14
15 56 25 0 49 27 7
16 11 54 23 14 51 4
17 10 47 23 14 51 5
9 55 18 18 62 5 14
15 56 25 19 62 39 15
20 5 8 12 20 24 21
23 14 51 21 8 60 10
12 20 24 22 13 19 8
59 20 49 23 14 51 6
24 26 18 12 20 24 8
9 55 18 25 59 12 7
18 62 5 26 55 4 7
14 40 64 27 49 63 9
4 25 43 28 29 47 5
29 56 47 40 58 45 2
16 11 54 30 9 55 2
40 58 45 31 56 44 2
22 13 19 32 5 22 8
33 10 0 39 9 4 4
34 54 51 1 50 53 4
23 14 51 35 21 63 13
36 46 17 55 52 11 8
0 49 27 37 39 23 10
25 59 12 38 64 13 5
39 9 4 20 5 8 5
19 62 39 40 58 45 7
41 54 48 34 54 51 3
42 46 30 0 49 27 4
43 29 20 24 26 18 3
50 34 35 44 37 44 9
45 60 63 0 49 27 37
46 51 49 34 54 51 3
8 27 9 47 21 11 6
51 27 34 48 25 39 5
18 62 5 49 61 5 1
50 34 35 51 27 34 7
51 27 34 0 49 27 23
52 8 33 11 4 43 10
34 54 51 53 55 53 2
54 61 30 15 56 25 7
55 52 11 9 55 18 7
56 57 34 54 61 30 5
57 49 30 0 49 27 3
58 20 2 8 27 9 9
59 20 49 51 27 34 16
23 14 51 60 15 51 1
61 45 31 42 46 30 1
44 37 44 62 38 43 1
63 22 49 59 20 49 2
45 60 63 64 61 58 5
