81 88 76 1 99 62 17
2 20 17 103 26 10 9
28 117 18 3 115 19 2
4 70 84 76 67 89 5
10 94 33 5 97 28 5
6 54 19 32 45 23 9
7 72 26 130 64 28 8
74 79 7 8 85 16 10
22 84 75 9 88 65 10
62 87 42 10 94 33 11
11 102 118 112 27 112 75
12 30 109 112 27 112 4
30 8 61 13 10 64 3
14 124 28 28 117 18 12
15 74 78 22 84 75 10
109 110 78 16 122 79 12
106 71 102 17 74 95 7
64 86 120 18 85 121 1
19 36 75 37 41 73 5
20 105 28 34 100 44 16
21 46 31 104 60 44 19
22 84 75 81 88 76 4
23 26 47 101 24 43 4
25 131 119 24 132 96 23
25 131 119 11 102 118 29
121 68 132 26 75 132 7
27 123 51 75 132 52 9
20 105 28 28 117 18 15
29 1 116 0 7 91 25
30 8 61 119 19 67 12
31 48 106 113 63 106 15
21 46 31 32 45 23 8
33 18 48 57 12 38 11
1 99 62 34 100 44 18
35 19 18 2 20 17 1
111 30 35 36 32 36 2
52 40 81 37 41 73 8
38 51 33 21 46 31 5
44 40 60 39 40 51 9
12 30 109 40 39 111 9
41 62 82 59 52 61 23
73 45 93 42 47 87 6
43 81 35 61 80 32 3
59 52 61 44 40 60 12
45 37 83 46 40 85 3
65 22 90 46 40 85 18
69 108 63 47 111 62 3
124 19 97 48 15 93 5
32 45 23 49 42 25 3
50 65 102 113 63 106 4
0 7 91 51 6 76 15
46 40 85 52 40 81 4
53 31 53 78 28 60 7
63 47 129 54 53 128 6
127 0 36 55 1 25 11
8 85 16 56 99 4 18
57 12 38 71 0 48 15
58 32 23 93 34 16 7
0 7 91 59 52 61 54
60 25 106 112 27 112 6
104 60 44 61 80 32 23
61 80 32 62 87 42 12
112 27 112 63 47 129 26
11 102 118 64 86 120 16
0 7 91 65 22 90 15
66 35 66 44 40 60 7
97 105 83 67 99 82 6
68 33 118 112 27 112 8
123 109 67 69 108 63 4
116 129 92 70 118 95 11
0 7 91 71 0 48 43
72 50 10 108 40 11 10
46 40 85 73 45 93 9
104 60 44 74 79 7 41
75 132 52 128 128 69 17
41 62 82 76 67 89 8
77 28 66 78 28 60 6
78 28 60 119 19 67 11
79 119 54 27 123 51 5
112 27 112 80 21 118 8
59 52 61 81 88 76 39
16 122 79 82 122 80 1
83 28 101 60 25 106 5
84 9 103 0 7 91 12
85 4 27 55 1 25 3
86 16 116 80 21 118 5
113 63 106 87 66 108 3
11 102 118 88 93 103 17
62 87 42 89 87 51 9
90 98 75 81 88 76 10
65 22 90 91 17 83 8
56 99 4 92 113 1 14
108 40 11 93 34 16 7
104 60 44 94 55 47 5
92 113 1 95 112 8 7
11 102 118 96 105 116 3
109 110 78 97 105 83 7
57 12 38 98 15 26 12
99 11 68 105 15 67 4
100 115 108 96 105 116 12
33 18 48 101 24 43 7
20 105 28 102 101 33 6
103 26 10 120 24 2 8
59 52 61 104 60 44 18
119 19 67 105 15 67 4
113 63 106 106 71 102 8
107 41 18 32 45 23 6
120 24 2 108 40 11 18
81 88 76 109 110 78 22
81 88 76 110 88 82 6
21 46 31 111 30 35 16
112 27 112 0 7 91 29
113 63 106 112 27 112 36
88 93 103 114 88 93 11
115 50 37 38 51 33 4
116 129 92 24 132 96 5
117 20 120 80 21 118 2
62 87 42 118 89 40 2
0 7 91 119 19 67 26
71 0 48 120 24 2 51
63 47 129 121 68 132 21
122 69 52 104 60 44 12
123 109 67 109 110 78 11
65 22 90 124 19 97 7
97 105 83 125 106 87 4
126 48 44 94 55 47 7
127 0 36 71 0 48 12
128 128 69 16 122 79 11
84 9 103 129 14 105 5
104 60 44 130 64 28 16
80 21 118 131 23 122 4
132 82 27 61 80 32 5
