1 2 11 24 9 8 7
0 20 27 2 23 28 3
0 20 27 3 4 19 17
4 19 21 8 16 23 3
3 4 19 5 7 27 8
6 0 19 3 4 19 4
16 25 14 7 25 15 1
8 16 23 0 20 27 5
9 16 21 8 16 23 2
16 25 14 10 25 12 2
25 9 26 11 11 27 2
12 13 15 23 10 16 3
18 5 23 13 2 24 3
14 19 17 16 25 14 6
0 20 27 15 27 22 8
16 25 14 0 20 27 13
17 11 1 22 5 2 6
18 5 23 3 4 19 4
20 28 13 19 29 12 1
16 25 14 20 28 13 3
21 16 8 24 9 8 7
22 5 2 24 9 8 7
3 4 19 23 10 16 6
24 9 8 3 4 19 12
5 7 27 25 9 26 2
17 11 1 26 14 3 3
27 27 20 15 27 22 2
22 5 2 28 7 4 2
29 20 1 16 25 14 13
