1 22 139 41 18 129 10
2 77 62 81 82 69 8
3 155 34 37 156 57 23
126 52 78 4 50 77 2
5 12 50 154 14 46 4
6 125 3 45 136 6 11
7 68 21 0 56 18 12
3 155 34 8 149 32 6
9 5 41 39 13 43 8
10 102 34 130 99 33 3
52 138 57 11 138 51 6
134 50 114 12 49 117 3
13 77 0 22 90 2 13
136 142 119 14 137 112 8
15 116 2 6 125 3 9
16 79 90 148 68 88 11
17 25 94 75 32 116 23
18 101 89 77 66 64 43
47 54 34 19 54 37 3
20 19 11 93 18 0 11
77 66 64 21 61 95 31
22 90 2 123 63 7 27
23 83 20 97 79 31 11
77 66 64 24 66 68 4
25 13 25 154 14 46 21
6 125 3 26 123 6 3
91 48 102 27 51 105 4
139 67 148 28 76 145 9
37 156 57 29 136 63 20
148 68 88 30 72 96 8
31 84 126 94 74 125 10
32 18 98 113 14 100 4
33 111 113 116 108 119 6
22 90 2 34 93 13 11
50 39 1 35 42 9 8
36 106 105 106 100 101 7
0 56 18 37 156 57 107
38 90 46 112 77 52 14
39 13 43 154 14 46 3
40 120 113 136 142 119 22
75 32 116 41 18 129 19
1 22 139 42 20 141 2
137 50 133 43 45 136 5
41 18 129 44 20 122 7
45 136 6 129 154 7 18
100 108 81 46 105 77 5
0 56 18 47 54 34 16
57 60 2 48 62 3 2
49 12 118 53 13 111 7
0 56 18 50 39 1 24
139 67 148 51 68 146 2
29 136 63 52 138 57 6
156 22 113 53 13 111 9
90 129 44 54 127 41 3
55 118 135 136 142 119 28
56 146 58 37 156 57 10
57 60 2 123 63 7 5
58 24 97 17 25 94 3
17 25 94 59 34 96 9
75 32 116 60 40 128 14
113 14 100 61 9 94 7
68 39 37 62 38 57 20
63 22 74 84 30 66 11
64 64 48 112 77 52 13
65 157 29 3 155 34 5
118 123 31 66 127 33 4
67 101 136 55 118 135 17
47 54 34 68 39 37 15
5 12 50 69 7 55 7
70 138 135 136 142 119 16
71 52 114 134 50 114 2
45 136 6 72 142 8 6
106 100 101 73 97 107 6
74 130 91 95 149 79 22
75 32 116 77 66 64 62
76 72 120 152 56 136 22
77 66 64 0 56 18 47
122 122 54 78 105 56 17
24 66 68 79 63 75 7
80 125 63 29 136 63 11
77 66 64 81 82 69 16
55 118 135 82 96 155 29
136 142 119 83 139 125 6
84 30 66 62 38 57 12
5 12 50 85 8 68 18
31 84 126 86 81 125 3
87 30 9 50 39 1 12
88 116 108 40 120 113 6
127 63 149 89 63 150 1
90 129 44 144 120 34 13
117 50 97 91 48 102 5
7 68 21 92 72 13 8
93 18 0 50 39 1 21
94 74 125 76 72 120 5
37 156 57 95 149 79 23
47 54 34 96 58 27 8
7 68 21 97 79 31 14
98 113 87 100 108 81 7
99 98 13 34 93 13 5
18 101 89 100 108 81 10
101 16 44 154 14 46 2
102 79 102 148 68 88 17
95 149 79 103 155 83 7
100 108 81 104 108 80 1
4 50 77 105 43 81 8
106 100 101 18 101 89 12
107 13 140 1 22 139 9
108 11 3 93 18 0 7
109 59 3 57 60 2 1
153 134 20 110 130 18 4
111 101 28 130 99 33 5
77 66 64 112 77 52 16
113 14 100 17 25 94 12
114 64 136 152 56 136 8
115 31 82 17 25 94 13
116 108 119 40 120 113 13
117 50 97 21 61 95 11
118 123 31 144 120 34 4
82 96 155 119 104 156 8
106 100 101 120 99 101 1
121 89 21 23 83 20 6
80 125 63 122 122 54 9
123 63 7 0 56 18 13
124 48 15 0 56 18 8
125 141 153 70 138 135 18
126 52 78 77 66 64 19
152 56 136 127 63 149 14
75 32 116 128 7 155 46
129 154 7 37 156 57 50
130 99 33 38 90 46 15
81 82 69 131 90 69 8
132 14 34 25 13 25 9
56 146 58 133 145 62 4
134 50 114 60 40 128 17
115 31 82 135 36 88 7
136 142 119 37 156 57 63
152 56 136 137 50 133 6
128 7 155 138 3 140 15
139 67 148 127 63 149 4
123 63 7 140 57 9 6
97 79 31 141 82 36 5
38 90 46 142 90 46 0
143 114 154 82 96 155 18
144 120 34 29 136 63 33
145 21 154 128 7 155 14
123 63 7 146 64 13 6
147 24 26 25 13 25 11
148 68 88 21 61 95 9
149 143 151 125 141 153 2
74 130 91 150 122 95 8
151 97 104 73 97 107 3
152 56 136 75 32 116 31
153 134 20 45 136 6 14
0 56 18 154 14 46 50
155 90 84 18 101 89 12
75 32 116 156 22 113 10
125 141 153 157 145 147 7
