1 68 121 102 77 109 15
2 110 99 45 111 96 3
108 55 18 3 62 16 7
4 24 132 133 25 116 16
5 91 8 6 86 19 12
42 85 31 6 86 19 12
7 97 111 63 80 107 17
8 137 81 115 144 76 8
9 122 141 161 125 148 7
10 160 1 62 155 9 9
11 20 104 133 25 116 13
12 34 1 36 23 4 11
13 158 121 131 154 100 21
14 76 60 116 87 60 11
103 24 71 15 31 69 7
16 88 79 29 88 76 3
17 21 156 41 17 155 4
18 44 97 50 49 100 5
19 11 57 125 26 49 17
51 37 119 20 38 122 3
21 152 83 132 155 88 5
79 117 20 22 118 9 11
23 12 159 68 11 158 1
24 118 148 161 125 148 7
25 106 31 141 109 27 5
0 128 106 26 117 87 21
5 91 8 27 89 0 8
130 139 106 28 144 108 5
65 84 88 29 88 76 12
30 20 41 108 55 18 41
31 14 6 36 23 4 9
160 39 68 32 38 69 1
33 158 66 0 128 106 50
34 42 130 104 42 128 2
149 138 46 35 153 30 21
152 54 12 36 23 4 32
141 109 27 37 111 25 2
24 118 148 38 105 140 15
2 110 99 39 110 105 6
40 67 8 3 62 16 9
41 17 155 68 11 158 6
42 85 31 141 109 27 24
43 57 76 139 42 84 17
35 153 30 44 152 25 5
26 117 87 45 111 96 10
46 38 67 15 31 69 7
47 122 109 0 128 106 6
94 107 54 48 100 46 10
151 58 132 49 59 129 3
63 80 107 50 49 100 31
133 25 116 51 37 119 12
127 109 71 52 117 75 8
109 38 153 53 43 154 5
18 44 97 54 47 94 4
103 24 71 55 24 69 2
56 68 126 1 68 121 5
57 111 23 37 111 25 2
58 26 93 11 20 104 12
59 60 52 14 76 60 17
60 127 103 0 128 106 3
61 82 92 65 84 88 4
93 144 5 62 155 9 11
0 128 106 63 80 107 48
64 34 48 125 26 49 8
65 84 88 63 80 107 19
66 2 145 72 2 130 15
107 137 145 67 150 137 15
98 35 144 68 11 158 27
69 143 40 149 138 46 7
70 152 57 33 158 66 10
141 109 27 71 103 17 11
72 2 130 128 2 113 17
73 42 32 153 30 31 12
74 132 45 149 138 46 6
1 68 121 75 62 120 6
117 71 139 76 85 143 14
77 96 60 119 89 58 7
64 34 48 78 39 41 8
79 117 20 57 111 23 6
125 26 49 80 20 48 6
117 71 139 81 66 153 14
82 66 1 40 67 8 7
100 117 124 83 117 126 2
84 99 93 45 111 96 12
85 46 142 98 35 144 11
86 83 107 63 80 107 3
87 112 21 57 111 23 2
88 98 77 29 88 76 10
89 67 21 3 62 16 7
31 14 6 90 16 11 5
91 139 91 130 139 106 15
92 0 85 150 5 91 7
93 144 5 141 109 27 41
94 107 54 141 109 27 27
95 125 32 37 111 25 15
149 138 46 96 134 57 11
42 85 31 97 74 27 11
98 35 144 133 25 116 29
9 122 141 99 124 134 7
100 117 124 47 122 109 15
101 106 127 106 110 119 8
63 80 107 102 77 109 3
103 24 71 125 26 49 22
51 37 119 104 42 128 10
128 2 113 105 4 99 14
106 110 119 100 117 124 8
161 125 148 107 137 145 12
108 55 18 141 109 27 54
109 38 153 135 34 149 5
4 24 132 110 24 133 1
156 79 33 111 79 29 4
112 26 121 133 25 116 5
113 1 9 31 14 6 13
62 155 9 114 152 6 4
33 158 66 115 144 76 17
94 107 54 116 87 60 20
102 77 109 117 71 139 30
118 93 157 24 118 148 26
116 87 60 119 89 58 2
103 24 71 120 21 74 4
13 158 121 121 159 119 2
122 15 147 68 11 158 11
146 158 131 123 154 129 4
115 144 76 124 149 75 5
30 20 41 125 26 49 10
118 93 157 126 81 155 12
127 109 71 26 117 87 17
128 2 113 133 25 116 23
129 111 48 94 107 54 7
130 139 106 0 128 106 11
131 154 100 0 128 106 26
132 155 88 131 154 100 12
50 49 100 133 25 116 28
63 80 107 134 80 98 9
135 34 149 98 35 144 5
136 58 130 49 59 129 1
137 1 76 150 5 91 15
138 147 109 28 144 108 3
18 44 97 139 42 84 13
24 118 148 140 114 159 11
141 109 27 0 128 106 81
149 138 46 142 138 35 11
142 138 35 143 142 28 8
144 132 118 0 128 106 12
145 141 63 96 134 57 9
146 158 131 13 158 121 10
65 84 88 147 74 90 10
148 58 22 108 55 18 5
149 138 46 33 158 66 28
150 5 91 105 4 99 8
117 71 139 151 58 132 14
108 55 18 152 54 12 6
153 30 31 30 20 41 14
154 64 142 117 71 139 7
150 5 91 155 10 93 5
42 85 31 156 79 33 6
55 24 69 157 20 65 5
149 138 46 158 125 46 13
159 57 14 152 54 12 3
160 39 68 46 38 67 1
161 125 148 0 128 106 42
