1 39 13 0 41 9 4
40 0 72 2 1 92 20
3 48 1 86 46 0 2
4 105 115 91 66 65 63
5 107 10 128 76 1 32
6 23 49 54 25 50 2
7 53 126 94 56 106 20
109 102 50 8 94 51 8
90 26 54 9 24 62 8
122 125 117 10 131 119 6
11 50 71 13 36 69 14
13 36 69 12 33 77 8
13 36 69 91 66 65 30
115 24 108 14 24 119 11
15 40 60 13 36 69 9
71 69 101 16 62 98 7
17 82 68 130 90 73 9
18 132 101 42 126 112 12
19 106 41 20 106 36 5
20 106 36 33 112 44 10
21 130 130 10 131 119 11
123 120 61 22 128 58 8
23 115 104 129 112 112 8
2 1 92 24 1 91 1
25 19 107 115 24 108 5
83 84 118 26 79 121 5
27 88 101 4 105 115 22
65 98 22 28 98 28 6
29 100 43 109 102 50 7
30 1 53 0 41 9 59
31 3 112 25 19 107 16
32 121 97 110 128 93 8
33 112 44 91 66 65 50
46 129 44 34 133 33 11
35 123 41 46 129 44 6
36 109 16 5 107 10 6
42 126 112 37 122 113 4
38 37 126 73 38 123 3
39 43 49 15 40 60 11
40 0 72 30 1 53 19
13 36 69 41 35 64 5
4 105 115 42 126 112 21
45 29 19 43 9 26 21
44 35 57 15 40 60 5
45 29 19 0 41 9 15
46 129 44 33 112 44 17
47 124 70 123 120 61 9
48 45 5 0 41 9 5
45 29 19 49 32 28 9
50 66 91 107 64 90 2
72 87 10 51 93 14 7
52 131 16 64 123 18 8
53 125 83 123 120 61 22
54 25 50 90 26 54 4
27 88 101 55 79 103 9
53 125 83 56 120 88 7
57 118 81 53 125 83 7
58 26 64 9 24 62 2
59 69 23 128 76 1 23
60 51 25 1 39 13 16
61 102 94 89 99 97 4
62 117 26 64 123 18 10
108 29 99 63 23 93 8
64 123 18 5 107 10 17
5 107 10 65 98 22 15
66 6 41 112 8 48 7
67 99 120 4 105 115 7
82 43 112 68 36 110 7
69 87 4 128 76 1 11
90 26 54 70 31 50 6
71 69 101 94 56 106 13
69 87 4 72 87 10 6
73 38 123 82 43 112 12
5 107 10 74 109 8 2
75 104 10 5 107 10 3
76 2 130 113 23 130 21
77 80 6 128 76 1 6
78 17 58 118 18 55 3
79 37 104 68 36 110 6
80 73 3 128 76 1 3
39 43 49 81 45 47 2
82 43 112 94 56 106 14
117 91 130 83 84 118 13
14 24 119 84 21 121 3
85 84 55 97 68 53 16
86 46 0 0 41 9 10
87 33 59 44 35 57 2
106 68 114 88 75 117 7
27 88 101 89 99 97 11
13 36 69 90 26 54 18
0 41 9 91 66 65 61
92 105 23 65 98 22 7
94 56 106 93 47 94 15
91 66 65 94 56 106 42
95 63 52 97 68 53 5
96 8 72 40 0 72 8
91 66 65 97 68 53 12
83 84 118 98 88 122 5
112 8 48 99 10 53 5
117 91 130 100 94 129 3
40 0 72 101 1 81 9
102 88 92 27 88 101 9
27 88 101 103 92 98 5
104 33 56 44 35 57 2
11 50 71 105 50 64 7
106 68 114 71 69 101 13
71 69 101 107 64 90 12
108 29 99 115 24 108 10
33 112 44 109 102 50 11
18 132 101 110 128 93 8
111 76 82 91 66 65 19
112 8 48 30 1 53 8
115 24 108 113 23 130 22
114 33 42 70 31 50 8
94 56 106 115 24 108 32
13 36 69 116 36 72 3
117 91 130 67 99 120 12
118 18 55 90 26 54 8
119 5 50 112 8 48 3
12 33 77 120 23 75 10
121 24 108 115 24 108 0
122 125 117 42 126 112 5
123 120 61 33 112 44 18
91 66 65 124 96 73 31
125 49 70 11 50 71 1
126 88 80 130 90 73 7
72 87 10 127 87 9 1
0 41 9 128 76 1 35
4 105 115 129 112 112 7
130 90 73 124 96 73 6
131 20 1 45 29 19 20
132 100 83 124 96 73 10
122 125 117 133 125 119 2
