1 2 21 48 13 27 12
1 2 21 2 0 19 2
3 35 17 0 38 18 3
4 14 53 42 13 53 1
51 33 50 5 37 43 8
27 42 1 6 36 2 6
7 24 10 14 25 9 1
5 37 43 8 35 45 2
9 25 32 21 22 28 5
49 25 5 10 15 4 10
11 48 7 53 47 6 1
49 25 5 12 26 6 1
13 21 19 39 19 18 2
14 25 9 49 25 5 4
43 26 17 15 27 14 3
16 29 11 15 27 14 3
50 8 15 17 0 11 8
18 52 34 25 51 31 3
19 18 1 10 15 4 4
20 19 37 47 17 35 2
47 17 35 21 22 28 8
22 47 11 30 44 18 7
23 10 37 47 17 35 7
44 15 16 24 14 18 2
25 51 31 30 44 18 14
48 13 27 26 11 28 2
52 37 14 27 42 1 13
28 44 34 25 51 31 7
45 9 7 29 12 7 3
0 38 18 30 44 18 6
23 10 37 31 10 36 1
32 30 50 51 33 50 3
5 37 43 33 46 41 9
48 13 27 34 8 23 6
43 26 17 35 29 24 7
36 15 14 44 15 16 2
37 7 39 23 10 37 3
5 37 43 38 32 37 7
39 19 18 0 38 18 19
40 26 23 35 29 24 3
42 13 53 41 16 48 5
42 13 53 51 33 50 20
43 26 17 39 19 18 7
44 15 16 39 19 18 4
10 15 4 45 9 7 6
46 25 17 43 26 17 1
48 13 27 47 17 35 8
39 19 18 48 13 27 10
39 19 18 49 25 5 14
50 8 15 44 15 16 7
0 38 18 51 33 50 32
0 38 18 52 37 14 4
53 47 6 22 47 11 5
