123 33 7 1 26 6 7
2 107 67 0 123 65 16
81 1 123 3 0 119 4
84 48 131 4 41 112 20
58 114 134 5 107 115 20
25 36 68 6 60 83 28
80 127 119 7 119 124 9
8 126 132 58 114 134 12
123 33 7 9 49 12 16
119 23 121 10 20 136 15
5 107 115 11 110 93 22
62 75 112 12 67 105 10
13 13 72 55 13 76 4
125 128 117 14 133 104 13
50 87 93 15 78 94 9
16 85 8 63 90 0 9
17 57 49 107 48 47 9
18 128 44 122 120 48 8
19 55 36 120 43 39 12
17 57 49 20 61 45 5
21 15 129 10 20 136 8
31 130 6 22 133 24 18
0 123 65 23 112 9 57
24 50 10 9 49 12 2
0 123 65 25 36 68 87
26 26 87 70 20 82 7
27 56 128 64 53 132 5
12 67 105 28 56 101 11
133 46 87 29 35 86 11
31 130 6 30 136 1 7
23 112 9 31 130 6 18
32 79 74 127 80 79 5
33 49 117 4 41 112 9
34 6 126 81 1 123 5
35 125 15 31 130 6 10
36 86 17 46 88 28 11
5 107 115 37 98 112 9
93 126 101 38 126 102 1
11 110 93 39 118 100 10
46 88 28 40 74 34 15
66 107 44 41 101 44 6
2 107 67 42 89 81 22
43 72 68 6 60 83 19
44 95 40 41 101 44 7
40 74 34 45 72 22 12
23 112 9 46 88 28 30
70 20 82 47 19 95 13
48 38 96 98 47 96 9
123 33 7 49 37 8 4
65 87 100 50 87 93 7
84 48 131 51 46 132 2
123 33 7 52 16 10 17
25 36 68 53 51 68 15
54 132 101 14 133 104 3
55 13 76 70 20 82 9
84 48 131 56 58 121 14
25 36 68 57 37 66 2
58 114 134 0 123 65 69
59 30 75 25 36 68 9
60 135 106 14 133 104 2
61 34 108 4 41 112 8
62 75 112 58 114 134 44
23 112 9 63 90 0 23
64 53 132 84 48 131 5
62 75 112 65 87 100 16
66 107 44 122 120 48 13
63 90 0 67 98 1 8
134 132 18 68 136 16 4
97 11 56 69 0 66 14
70 20 82 59 30 75 12
97 11 56 71 17 58 6
72 134 37 18 128 44 9
135 20 70 73 18 65 5
74 103 61 112 101 59 2
43 72 68 75 68 57 11
87 101 29 76 98 32 4
77 21 48 71 17 58 10
136 16 37 78 1 20 22
79 134 81 130 136 76 5
125 128 117 80 127 119 2
81 1 123 126 6 104 19
82 25 35 136 16 37 9
99 110 70 83 112 68 2
84 48 131 62 75 112 33
85 98 0 67 98 1 1
86 63 40 19 55 36 8
46 88 28 87 101 29 13
31 130 6 88 125 2 6
11 110 93 89 101 90 9
52 16 10 90 10 13 6
91 68 132 56 58 121 14
92 121 52 122 120 48 4
93 126 101 54 132 101 6
94 23 61 71 17 58 6
95 25 4 1 26 6 2
96 136 110 60 135 106 4
25 36 68 97 11 56 27
133 46 87 98 47 96 9
99 110 70 2 107 67 4
0 123 65 100 126 64 3
23 112 9 101 113 5 4
87 101 29 102 102 24 5
103 110 90 11 110 93 3
104 39 65 57 37 66 2
112 101 59 105 96 60 5
108 97 134 106 90 129 8
107 48 47 120 43 39 9
108 97 134 58 114 134 17
51 46 132 109 36 124 12
110 121 118 80 127 119 6
8 126 132 111 135 126 10
2 107 67 112 101 59 10
113 68 52 75 68 57 5
8 126 132 114 129 131 3
87 101 29 115 106 28 5
47 19 95 116 27 95 8
117 100 93 89 101 90 3
118 124 18 35 125 15 3
4 41 112 119 23 121 20
25 36 68 120 43 39 29
121 105 10 23 112 9 7
0 123 65 122 120 48 17
120 43 39 123 33 7 33
124 102 127 108 97 134 8
125 128 117 58 114 134 22
59 30 75 126 6 104 37
42 89 81 127 80 79 9
128 6 96 126 6 104 8
70 20 82 129 9 85 11
0 123 65 130 136 76 17
37 98 112 131 96 105 7
24 50 10 132 49 8 2
133 46 87 6 60 83 14
134 132 18 22 133 24 6
59 30 75 135 20 70 11
136 16 37 97 11 56 19
