30 72 94 1 67 99 7
128 82 90 2 77 87 5
88 31 103 3 29 103 2
4 142 31 78 145 33 3
5 108 96 29 114 96 6
50 138 113 6 134 124 11
7 14 39 51 21 27 13
31 136 112 8 131 109 5
95 66 129 9 59 136 9
10 39 67 70 48 70 9
30 72 94 11 54 82 21
12 97 0 92 102 5 7
13 117 102 113 124 95 9
14 72 38 0 64 40 8
79 86 60 15 84 53 7
91 69 132 16 97 139 28
106 18 145 17 10 146 8
18 41 57 64 53 49 14
19 45 31 123 48 36 5
17 10 146 20 8 144 2
138 109 38 21 109 35 3
18 41 57 22 29 45 16
23 57 28 144 56 27 1
90 64 25 24 70 20 7
25 126 42 76 132 35 9
137 43 110 26 42 108 2
112 88 13 27 77 18 12
28 6 133 105 5 126 7
29 114 96 13 117 102 6
0 64 40 30 72 94 54
31 136 112 50 138 113 2
61 32 6 32 10 6 22
33 49 126 114 47 134 8
34 16 5 32 10 6 6
35 52 1 120 40 14 17
36 99 8 87 110 12 11
6 134 124 37 126 121 8
84 5 145 38 1 144 4
16 97 139 39 116 128 21
75 15 56 40 14 58 2
41 122 31 76 132 35 10
42 133 17 47 125 4 15
43 122 118 37 126 121 5
1 67 99 44 62 113 14
32 10 6 45 6 2 5
114 47 134 46 33 128 15
47 125 4 87 110 12 17
48 87 130 16 97 139 13
49 93 27 101 93 28 1
140 146 105 50 138 113 11
51 21 27 120 40 14 23
52 107 86 55 124 78 18
53 63 129 95 66 129 3
54 13 22 99 15 30 8
55 124 78 127 119 71 8
101 93 28 56 97 47 19
57 131 97 113 124 95 7
35 52 1 58 42 0 10
59 119 70 127 119 71 1
60 142 140 6 134 124 17
120 40 14 61 32 6 11
62 82 63 74 66 56 17
63 1 32 7 14 39 14
64 53 49 0 64 40 14
65 40 122 33 49 126 9
89 93 46 66 90 41 5
67 79 66 62 82 63 4
143 69 140 68 64 147 8
69 61 87 11 54 82 8
11 54 82 70 48 70 13
71 134 94 57 131 97 4
72 27 77 73 20 84 9
73 20 84 88 31 103 21
64 53 49 74 66 56 14
7 14 39 75 15 56 17
76 132 35 87 110 12 31
77 89 72 62 82 63 11
76 132 35 78 145 33 13
79 86 60 62 82 63 5
80 112 123 122 116 123 4
81 18 125 105 5 126 13
63 1 32 82 0 26 6
1 67 99 83 61 98 6
84 5 145 17 10 146 5
91 69 132 85 33 145 38
120 40 14 86 46 21 9
87 110 12 101 93 28 23
11 54 82 88 31 103 31
56 97 47 89 93 46 4
90 64 25 144 56 27 8
91 69 132 30 72 94 38
36 99 8 92 102 5 4
64 53 49 93 45 50 8
94 0 96 73 20 84 23
91 69 132 95 66 129 4
39 116 128 96 121 140 13
97 75 103 111 77 109 6
75 15 56 98 19 56 4
51 21 27 99 15 30 6
113 124 95 100 132 87 11
101 93 28 0 64 40 31
102 98 102 146 96 109 7
103 142 129 6 134 124 9
104 55 32 144 56 27 5
105 5 126 85 33 145 33
106 18 145 85 33 145 15
67 79 66 107 79 74 8
108 138 49 76 132 35 15
109 95 36 101 93 28 8
110 110 45 56 97 47 13
30 72 94 111 77 109 15
101 93 28 112 88 13 15
113 124 95 127 119 71 24
114 47 134 85 33 145 17
13 117 102 115 116 113 11
87 110 12 116 145 3 36
112 88 13 117 80 9 8
118 65 140 143 69 140 4
119 90 19 112 88 13 6
0 64 40 120 40 14 35
135 119 54 121 110 57 9
39 116 128 122 116 123 5
123 48 36 144 56 27 12
113 124 95 124 125 98 3
125 116 22 87 110 12 11
68 64 147 126 56 145 8
101 93 28 127 119 71 50
130 80 93 128 82 90 3
129 119 135 96 121 140 5
130 80 93 30 72 94 8
112 88 13 131 86 2 11
132 14 137 106 18 145 8
145 69 105 133 71 104 2
134 54 56 64 53 49 7
110 110 45 135 119 54 12
106 18 145 136 19 142 3
137 43 110 88 31 103 13
110 110 45 138 109 38 7
139 37 127 46 33 128 4
127 119 71 140 146 105 43
141 60 100 83 61 98 2
14 72 38 142 82 34 10
143 69 140 91 69 132 8
144 56 27 0 64 40 15
1 67 99 145 69 105 6
111 77 109 146 96 109 19
40 14 58 147 6 68 12
