1 1 55 33 2 49 6
2 13 15 54 11 15 2
29 30 3 3 29 2 1
4 30 5 29 30 3 2
51 49 53 5 50 51 2
19 20 27 6 16 16 11
1 1 55 7 2 53 2
43 0 31 8 5 23 9
9 48 1 11 39 4 9
29 30 3 10 24 10 9
25 36 10 11 39 4 6
52 8 10 12 0 1 12
13 4 11 52 8 10 4
14 55 42 31 49 48 8
18 15 24 15 17 25 2
16 20 38 26 23 38 3
17 46 12 34 42 10 4
18 15 24 19 20 27 5
0 38 50 19 20 27 29
20 17 37 21 16 37 1
19 20 27 21 16 37 10
22 43 41 39 37 38 6
25 36 10 23 39 9 3
24 3 43 33 2 49 6
19 20 27 25 36 10 23
38 26 41 26 23 38 4
0 38 50 27 56 24 31
32 22 46 28 19 45 3
29 30 3 25 36 10 9
30 27 43 38 26 41 2
31 49 48 0 38 50 11
38 26 41 32 22 46 6
43 0 31 33 2 49 18
25 36 10 34 42 10 6
35 52 14 49 53 20 6
8 5 23 36 1 17 7
37 56 26 27 56 24 2
0 38 50 38 26 41 15
39 37 38 38 26 41 11
40 28 7 29 30 3 4
41 56 3 9 48 1 8
34 42 10 42 47 7 5
43 0 31 19 20 27 20
27 56 24 44 46 27 10
32 22 46 45 13 49 9
6 16 16 46 13 19 4
46 13 19 47 10 21 3
44 46 27 48 35 24 11
49 53 20 27 56 24 5
42 47 7 50 52 7 5
31 49 48 51 49 53 5
52 8 10 54 11 15 5
53 46 7 42 47 7 1
54 11 15 6 16 16 5
55 28 54 0 38 50 10
56 41 8 34 42 10 2
