48 55 11 1 55 7 4
21 43 13 2 55 1 16
51 35 19 3 38 21 3
4 17 45 25 19 39 6
13 12 50 5 0 47 12
10 34 54 6 39 54 5
7 15 53 14 12 54 3
8 11 16 34 8 14 3
9 28 52 43 26 52 2
43 26 52 10 34 54 8
35 24 50 11 21 55 5
12 17 32 23 19 31 2
35 24 50 13 12 50 12
14 12 54 13 12 50 4
15 41 49 6 39 54 5
16 4 14 0 11 7 9
23 19 31 17 24 27 6
0 11 7 18 19 18 13
8 11 16 19 8 20 5
20 22 12 18 19 18 6
31 35 4 21 43 13 12
22 0 22 39 2 23 2
0 11 7 23 19 31 25
24 22 18 18 19 18 3
23 19 31 25 19 39 8
26 4 29 23 19 31 15
33 27 46 27 30 47 3
55 51 25 28 46 37 13
29 30 37 30 28 38 2
30 28 38 23 19 31 11
36 20 5 31 35 4 15
17 24 27 32 26 23 4
35 24 50 33 27 46 5
16 4 14 34 8 14 4
35 24 50 23 19 31 19
36 20 5 0 11 7 9
37 49 5 2 55 1 7
38 7 12 34 8 14 2
26 4 29 39 2 23 6
18 19 18 40 21 15 3
41 48 16 21 43 13 5
1 55 7 42 55 8 1
35 24 50 43 26 52 2
0 11 7 44 11 0 7
45 43 55 6 39 54 4
31 35 4 46 39 4 4
47 47 16 41 48 16 1
48 55 11 41 48 16 8
49 24 22 32 26 23 2
9 28 52 50 30 54 2
51 35 19 32 26 23 9
31 35 4 52 28 3 7
16 4 14 53 0 17 5
3 38 21 54 39 20 1
30 28 38 55 51 25 26
