1 94 63 18 97 63 3
2 68 20 86 61 17 7
0 40 30 3 47 49 20
73 101 30 4 100 33 3
3 47 49 5 65 48 18
6 90 53 59 101 49 11
7 38 58 19 46 53 9
101 74 3 8 73 1 2
9 67 75 37 55 69 13
101 74 3 10 71 10 7
11 93 11 61 98 9 5
12 99 10 61 98 9 1
13 91 66 45 99 70 8
50 8 9 14 8 10 1
15 77 100 98 75 95 5
17 41 0 16 19 3 22
17 41 0 0 40 30 30
18 97 63 103 100 66 4
19 46 53 3 47 49 4
20 66 56 38 67 55 1
21 74 26 53 82 4 23
40 100 91 22 104 100 9
83 43 48 23 37 47 6
24 74 86 39 75 92 6
67 19 84 25 29 81 10
26 83 86 102 83 80 6
27 6 57 75 24 65 19
28 0 67 27 6 57 11
60 1 36 29 6 42 7
30 66 92 93 47 78 23
31 71 12 10 71 10 2
32 101 36 4 100 33 3
73 101 30 33 97 39 9
75 24 65 34 24 65 0
75 24 65 35 22 60 5
16 19 3 36 0 0 19
93 47 78 37 55 69 12
5 65 48 38 67 55 7
98 75 95 39 75 92 3
40 100 91 87 88 99 14
41 41 72 76 45 72 4
42 47 27 0 40 30 7
43 41 41 92 36 39 5
37 55 69 44 54 73 4
59 101 49 45 99 70 21
46 30 80 25 29 81 1
37 55 69 47 51 67 4
17 41 0 48 42 5 5
49 99 30 73 101 30 2
16 19 3 50 8 9 12
51 26 13 88 26 17 4
102 83 80 52 79 80 4
53 82 4 0 40 30 49
54 3 99 69 0 102 4
27 6 57 55 7 63 6
78 50 20 56 54 13 8
104 23 30 57 27 32 4
58 77 63 68 74 62 3
59 101 49 53 82 4 48
60 1 36 104 23 30 22
61 98 9 53 82 4 16
62 2 6 36 0 0 6
63 18 80 67 19 84 4
64 63 1 79 56 5 8
46 30 80 65 33 75 5
0 40 30 66 35 27 5
67 19 84 89 34 94 18
68 74 62 38 67 55 9
69 0 102 67 19 84 26
70 48 98 85 54 94 7
86 61 17 71 59 26 9
72 50 81 93 47 78 4
59 101 49 73 101 30 19
74 2 28 60 1 36 8
93 47 78 75 24 65 26
76 45 72 93 47 78 6
61 98 9 77 102 4 6
78 50 20 0 40 30 14
56 54 13 79 56 5 8
80 99 26 73 101 30 4
81 39 17 94 40 25 8
6 90 53 82 86 52 4
83 43 48 3 47 49 4
75 24 65 84 19 71 7
30 66 92 85 54 94 12
86 61 17 78 50 20 11
30 66 92 87 88 99 23
104 23 30 88 26 17 13
93 47 78 89 34 94 20
60 1 36 90 1 41 5
89 34 94 91 37 99 5
92 36 39 0 40 30 9
0 40 30 93 47 78 48
0 40 30 94 40 25 5
27 6 57 95 2 55 4
37 55 69 96 60 74 7
29 6 42 97 13 45 7
98 75 95 30 66 92 9
99 81 98 15 77 100 4
40 100 91 100 92 90 8
53 82 4 101 74 3 8
9 67 75 102 83 80 16
45 99 70 103 100 66 4
104 23 30 0 40 30 17
105 75 6 101 74 3 3
