1 35 55 128 38 60 5
2 23 2 16 22 6 4
123 137 106 3 140 134 28
64 119 37 4 112 119 82
5 133 32 18 136 21 11
6 96 137 108 98 137 2
7 84 98 140 80 98 4
8 87 127 126 98 124 11
131 30 67 9 23 64 7
10 148 26 64 119 37 31
11 63 110 71 59 103 8
18 136 21 12 138 18 3
0 83 0 13 72 10 14
14 109 87 133 112 82 5
132 21 71 15 17 69 4
16 22 6 13 72 10 50
67 39 137 17 41 147 10
10 148 26 18 136 21 13
19 35 150 17 41 147 6
20 130 15 101 125 12 5
21 2 25 16 22 6 27
22 115 11 58 115 17 6
23 3 140 39 15 121 22
128 38 60 24 47 65 10
5 133 32 25 134 30 2
23 3 140 26 1 140 2
50 11 13 27 9 2 11
130 135 109 28 137 115 6
92 4 77 29 5 77 1
30 54 141 67 39 137 15
64 119 37 31 97 73 42
32 145 28 10 148 26 3
33 40 79 131 30 67 15
34 43 52 1 35 55 8
109 32 22 35 36 37 15
36 112 63 37 116 53 10
37 116 53 64 119 37 16
106 52 33 38 62 48 18
39 15 121 131 30 67 56
40 28 88 33 40 79 15
76 67 54 41 63 54 4
42 84 113 140 80 98 15
101 125 12 43 128 10 3
44 75 10 13 72 10 3
45 111 143 149 109 133 10
147 125 56 46 122 58 3
100 134 57 47 147 75 22
48 89 27 96 84 18 10
49 9 140 23 3 140 6
50 11 13 16 22 6 13
39 15 121 51 30 122 15
13 72 10 52 61 6 11
0 83 0 53 88 5 7
54 40 7 105 43 2 5
55 28 95 40 28 88 7
56 79 55 138 85 43 13
45 111 143 57 125 142 14
69 112 27 58 115 17 10
71 59 103 59 63 121 18
60 6 113 116 1 115 5
37 116 53 61 117 54 1
59 63 121 62 71 121 8
63 40 5 54 40 7 2
0 83 0 64 119 37 51
65 97 58 137 97 65 7
56 79 55 66 81 67 12
39 15 121 67 39 137 28
68 16 107 39 15 121 14
64 119 37 69 112 27 12
123 137 106 70 130 94 13
71 59 103 131 30 67 46
10 148 26 72 149 38 12
73 14 99 68 16 107 8
74 40 108 120 30 108 10
75 93 50 138 85 43 10
76 67 54 38 62 48 7
77 146 143 3 140 134 10
64 119 37 78 121 36 2
79 130 12 43 128 10 2
80 88 141 108 98 137 10
4 112 119 81 105 123 8
9 23 64 82 11 56 14
39 15 121 83 17 131 10
84 137 83 47 147 75 12
81 105 123 85 101 114 9
86 40 14 129 51 12 11
87 13 108 68 16 107 3
72 149 38 88 142 36 7
114 16 93 89 16 92 1
90 47 81 33 40 79 7
50 11 13 91 10 19 6
92 4 77 15 17 69 15
93 19 21 50 11 13 11
64 119 37 94 111 39 8
95 86 26 48 89 27 3
96 84 18 44 75 10 12
8 87 127 97 82 128 5
98 4 49 82 11 56 9
99 2 75 92 4 77 2
100 134 57 64 119 37 25
101 125 12 69 112 27 19
83 17 131 102 26 136 10
4 112 119 103 113 108 11
104 113 27 69 112 27 1
129 51 12 105 43 2 12
106 52 33 129 51 12 21
107 134 23 18 136 21 2
149 109 133 108 98 137 11
109 32 22 16 22 6 18
110 111 92 133 112 82 10
111 56 48 38 62 48 6
112 76 133 8 87 127 12
113 73 28 13 72 10 18
73 14 99 114 16 93 6
115 149 37 72 149 38 1
116 1 115 39 15 121 15
117 25 105 120 30 108 5
118 27 44 35 36 37 11
76 67 54 119 70 48 6
68 16 107 120 30 108 14
43 128 10 121 130 10 2
113 73 28 122 69 30 4
4 112 119 123 137 106 28
124 91 124 8 87 127 5
64 119 37 125 120 39 2
126 98 124 81 105 123 7
102 26 136 127 25 136 1
128 38 60 131 30 67 10
129 51 12 13 72 10 21
130 135 109 123 137 106 3
131 30 67 13 72 10 70
132 21 71 131 30 67 9
133 112 82 31 97 73 17
71 59 103 134 64 95 9
135 15 94 114 16 93 1
84 137 83 136 140 86 4
31 97 73 137 97 65 8
138 85 43 113 73 28 19
139 101 26 69 112 27 11
71 59 103 140 80 98 21
141 144 52 100 134 57 11
86 40 14 142 44 13 4
30 54 141 143 53 133 8
120 30 108 144 29 112 4
145 139 45 141 144 52 8
146 36 125 51 30 122 6
100 134 57 147 125 56 9
148 150 84 47 147 75 9
149 109 133 4 112 119 14
3 140 134 150 140 128 6
55 28 95 151 23 97 5
