35 91 92 1 119 101 29
2 10 14 5 17 19 8
3 127 118 73 132 115 5
35 91 92 4 79 76 20
5 17 19 27 19 14 5
6 98 1 33 98 2 1
7 110 98 87 103 99 7
41 44 8 8 39 4 6
37 46 42 9 66 55 23
10 83 53 82 78 51 5
11 52 84 95 40 88 12
12 70 118 97 78 120 8
57 139 9 13 132 11 7
14 134 106 108 123 111 12
141 29 41 15 22 62 22
16 63 71 86 67 77 7
17 5 82 127 6 91 9
86 67 77 18 67 77 0
19 44 75 99 44 81 6
122 74 22 20 88 23 14
103 91 116 21 95 108 8
116 113 42 22 103 48 11
23 135 132 128 130 136 6
24 93 133 80 85 142 12
25 113 0 33 98 2 15
26 3 85 17 5 82 3
27 19 14 0 34 29 21
28 10 108 127 6 91 17
29 110 67 76 107 68 3
66 64 125 30 70 129 7
31 87 113 103 91 116 5
32 43 107 52 35 107 8
33 98 2 0 34 29 69
34 133 121 23 135 132 11
37 46 42 35 91 92 67
36 87 119 103 91 116 5
37 46 42 0 34 29 17
52 35 107 38 23 109 12
38 23 109 39 20 115 6
40 13 60 62 16 54 6
41 44 8 77 43 25 17
17 5 82 42 16 83 11
109 81 102 43 64 103 17
44 77 54 82 78 51 3
45 28 141 53 47 129 22
91 38 119 46 42 121 4
54 37 118 47 33 122 5
94 117 90 48 123 84 8
88 31 32 49 19 28 12
50 79 94 109 81 102 8
51 12 134 143 2 139 11
52 35 107 95 40 88 19
52 35 107 53 47 129 25
52 35 107 54 37 118 11
24 93 133 55 90 132 3
85 124 38 56 139 40 15
119 136 3 57 139 9 6
58 129 63 29 110 67 19
59 22 21 5 17 19 5
86 67 77 60 66 85 8
11 52 84 61 51 90 6
15 22 62 62 16 54 10
129 77 12 63 77 6 6
87 103 99 64 107 110 11
65 69 33 122 74 22 12
97 78 120 66 64 125 14
9 66 55 67 67 61 6
41 44 8 68 59 4 15
69 130 44 115 129 41 3
70 121 11 25 113 0 13
71 102 96 87 103 99 3
72 83 12 129 77 12 6
73 132 115 34 133 121 6
14 134 106 74 136 109 3
14 134 106 75 136 106 2
76 107 68 35 91 92 28
0 34 29 77 43 25 9
62 16 54 78 16 49 5
79 3 57 62 16 54 13
80 85 142 103 91 116 26
128 130 136 81 115 123 19
82 78 51 9 66 55 12
83 89 15 72 83 12 6
80 85 142 84 69 142 16
70 121 11 85 124 38 27
86 67 77 4 79 76 12
87 103 99 35 91 92 13
0 34 29 88 31 32 4
89 92 126 55 90 132 6
60 66 85 90 65 91 6
91 38 119 54 37 118 1
49 19 28 92 8 27 11
95 40 88 93 45 89 5
1 119 101 94 117 90 11
15 22 62 95 40 88 31
96 9 117 28 10 108 9
97 78 120 103 91 116 13
98 5 72 15 22 62 19
99 44 81 95 40 88 8
32 43 107 100 47 106 4
19 44 75 101 48 70 6
8 39 4 102 37 4 2
35 91 92 103 91 116 24
104 19 11 27 19 14 3
116 113 42 105 106 36 9
106 105 97 87 103 99 2
107 11 16 2 10 14 2
108 123 111 1 119 101 10
35 91 92 109 81 102 14
110 96 6 33 98 2 4
111 126 141 128 130 136 6
2 10 14 112 0 11 10
113 90 99 35 91 92 7
52 35 107 114 34 100 7
85 124 38 115 129 41 5
85 124 38 116 113 42 11
117 103 66 76 107 68 4
118 37 112 52 35 107 5
119 136 3 33 98 2 38
120 138 52 56 139 40 12
121 58 140 84 69 142 11
33 98 2 122 74 22 31
77 43 25 123 43 22 3
124 6 38 49 19 28 16
125 64 131 66 64 125 6
122 74 22 126 60 20 14
15 22 62 127 6 91 33
128 130 136 35 91 92 58
129 77 12 122 74 22 10
130 26 137 45 28 141 4
131 76 64 67 67 61 9
132 25 47 141 29 41 7
133 86 29 20 88 23 6
134 115 134 135 119 126 8
135 119 126 81 115 123 5
32 43 107 136 44 104 3
137 80 80 4 79 76 4
98 5 72 138 7 73 2
5 17 19 139 17 23 4
70 121 11 140 114 23 13
0 34 29 141 29 41 13
142 61 119 66 64 125 6
143 2 139 28 10 108 32
