108 44 53 1 46 53 2
51 45 144 2 42 137 7
3 99 72 148 102 88 16
127 46 36 4 45 31 5
111 6 37 5 5 44 7
76 136 29 6 132 40 11
108 44 53 7 39 64 12
8 12 76 125 27 56 25
101 158 43 9 147 48 12
83 34 20 10 34 18 2
158 118 40 11 82 13 45
119 67 114 12 57 96 20
13 131 156 66 124 156 7
53 103 128 14 104 119 9
83 34 20 15 40 14 8
155 143 104 16 134 109 10
85 29 41 17 25 34 8
18 99 98 148 102 88 10
24 22 117 19 28 124 9
20 19 20 135 7 8 16
21 33 112 50 36 104 8
22 129 59 137 139 64 11
116 88 59 23 93 55 6
138 7 155 24 22 117 40
24 22 117 25 23 114 3
26 77 30 11 82 13 17
27 33 13 83 34 20 7
28 142 159 110 145 158 3
51 45 144 29 48 150 6
119 67 114 30 50 131 24
31 159 76 0 160 78 2
32 67 140 79 71 152 12
33 30 148 105 27 137 11
34 69 72 96 76 80 10
35 50 22 87 57 28 9
24 22 117 36 20 116 2
159 96 151 37 97 156 5
38 30 1 114 21 1 9
76 136 29 39 142 30 6
118 40 32 40 36 31 4
41 51 97 12 57 96 6
42 109 107 48 113 111 5
77 53 48 43 53 45 3
44 146 120 46 158 137 20
33 30 148 45 31 145 3
46 158 137 0 160 78 59
47 70 154 79 71 152 2
162 110 95 48 113 111 16
44 146 120 49 149 116 5
24 22 117 50 36 104 19
30 50 131 51 45 144 13
52 1 14 135 7 8 8
147 111 132 53 103 128 8
54 102 158 159 96 151 9
58 55 50 55 49 43 9
56 93 71 3 99 72 6
159 96 151 57 84 162 16
11 82 13 58 55 50 45
94 96 132 59 94 134 2
60 158 147 46 158 137 10
61 61 59 58 55 50 10
138 7 155 62 10 157 3
63 69 33 26 77 30 8
111 6 37 64 0 54 18
65 128 159 13 131 156 4
66 124 156 110 145 158 21
67 115 26 158 118 40 14
68 104 66 3 99 72 7
69 160 160 107 159 160 1
70 120 106 48 113 111 8
71 125 81 154 130 75 7
35 50 22 72 51 26 4
73 154 11 81 159 14 5
74 34 36 85 29 41 7
119 67 114 75 78 120 12
158 118 40 76 136 29 21
77 53 48 58 55 50 2
66 124 156 78 122 144 12
57 84 162 79 71 152 16
80 130 65 22 129 59 6
81 159 14 76 136 29 27
82 161 162 107 159 160 2
20 19 20 83 34 20 15
84 36 23 83 34 20 3
85 29 41 103 30 43 2
86 54 123 30 50 131 8
87 57 28 156 60 16 12
88 68 21 156 60 16 9
82 161 162 89 162 162 1
138 7 155 90 16 158 9
91 86 41 149 100 43 14
92 6 73 8 12 76 6
93 65 5 156 60 16 12
160 95 139 94 96 132 7
53 103 128 95 96 125 7
116 88 59 96 76 80 24
97 139 161 110 145 158 6
98 50 54 58 55 50 6
44 146 120 99 154 117 8
100 5 76 92 6 73 3
153 160 45 101 158 43 2
19 28 124 102 26 122 2
103 30 43 58 55 50 25
104 119 73 154 130 75 11
24 22 117 105 27 137 20
106 8 150 138 7 155 5
107 159 160 60 158 147 13
108 44 53 58 55 50 11
160 95 139 109 95 144 5
46 158 137 110 145 158 24
111 6 37 20 19 20 21
149 100 43 112 105 55 13
113 72 60 142 81 64 9
114 21 1 135 7 8 15
115 4 146 138 7 155 9
149 100 43 116 88 59 20
50 36 104 117 36 96 8
118 40 32 127 46 36 7
119 67 114 18 99 98 35
156 60 16 120 46 1 20
103 30 43 121 34 49 7
122 92 21 131 97 17 6
117 36 96 123 29 86 12
14 104 119 124 110 122 6
103 30 43 125 27 56 13
126 24 48 103 30 43 7
127 46 36 55 49 43 7
78 122 144 128 127 137 8
129 10 79 8 12 76 3
130 1 14 52 1 14 0
11 82 13 131 97 17 15
67 115 26 132 118 10 16
0 160 78 133 149 98 22
132 118 10 134 130 5 13
11 82 13 135 7 8 75
136 145 130 141 141 128 4
137 139 64 154 130 75 14
138 7 155 159 96 151 89
76 136 29 139 134 25 4
140 129 87 154 130 75 12
146 144 124 141 141 128 5
142 81 64 116 88 59 8
158 118 40 143 112 41 6
144 139 152 28 142 159 7
132 118 10 145 118 12 2
146 144 124 44 146 120 4
159 96 151 147 111 132 24
154 130 75 148 102 88 30
149 100 43 158 118 40 18
150 17 47 103 30 43 13
5 5 44 151 1 47 5
10 34 18 152 33 16 2
0 160 78 153 160 45 33
0 160 78 154 130 75 30
155 143 104 133 149 98 8
156 60 16 11 82 13 22
157 60 158 79 71 152 12
0 160 78 158 118 40 56
110 145 158 159 96 151 49
160 95 139 159 96 151 12
79 71 152 161 81 145 12
162 110 95 148 102 88 10
