1 10 19 0 13 18 3
2 4 7 5 10 8 6
26 31 19 3 24 15 8
0 13 18 4 2 18 11
30 15 12 5 10 8 6
26 31 19 6 28 20 3
29 5 29 7 4 29 1
8 22 22 13 22 19 3
1 10 19 9 11 21 2
30 15 12 10 18 8 5
26 31 19 11 31 24 5
12 26 9 20 29 12 4
13 22 19 3 24 15 4
14 20 5 10 18 8 3
15 10 18 1 10 19 1
16 14 22 0 13 18 4
26 31 19 17 30 13 6
18 4 8 2 4 7 1
19 12 17 0 13 18 1
20 29 12 17 30 13 1
21 12 26 16 14 22 4
22 2 30 4 2 18 12
23 13 13 30 15 12 2
16 14 22 24 15 21 1
28 11 29 25 16 32 5
26 31 19 0 13 18 18
27 28 30 26 31 19 11
28 11 29 21 12 26 3
29 5 29 22 2 30 3
0 13 18 30 15 12 6
31 32 19 26 31 19 1
10 18 8 32 21 11 4
