1 85 134 65 65 121 23
149 124 79 2 118 80 6
46 14 8 3 8 1 9
51 3 115 4 19 111 16
58 111 60 5 102 58 9
6 54 78 105 55 92 14
7 36 129 57 28 136 10
12 26 4 8 27 1 3
9 149 143 141 136 136 14
93 72 115 10 80 108 10
11 62 64 134 64 55 9
53 30 64 12 26 4 60
13 68 80 75 66 74 6
14 61 100 131 68 102 7
15 102 93 67 102 100 7
16 126 33 23 116 28 11
17 92 18 81 100 14 8
41 75 47 18 78 38 9
19 130 14 101 117 4 16
20 114 112 142 120 105 9
21 8 51 85 5 47 5
22 130 50 89 134 56 7
63 99 48 23 116 28 26
24 10 147 51 3 115 32
109 149 65 25 146 56 9
26 32 111 119 33 116 5
27 16 99 38 22 93 8
28 32 94 148 30 86 8
107 141 129 29 141 128 1
30 72 147 122 66 133 15
31 132 7 116 131 10 3
87 65 90 32 66 94 4
33 17 6 46 14 8 3
34 84 91 40 76 94 8
35 63 132 65 65 121 11
48 120 135 36 126 133 6
37 26 42 78 27 41 1
38 22 93 148 30 86 10
39 82 83 140 77 81 5
131 68 102 40 76 94 11
0 83 49 41 75 47 8
42 83 94 34 84 91 3
43 144 86 79 145 89 3
44 132 77 62 133 71 6
108 144 99 45 146 101 2
46 14 8 12 26 4 12
68 139 55 47 144 42 13
141 136 136 48 120 135 16
135 116 45 49 117 41 4
141 136 136 50 135 142 6
51 3 115 53 30 64 57
52 78 31 132 73 30 5
0 83 49 53 30 64 55
53 30 64 54 46 60 16
55 16 133 92 15 135 2
74 36 14 56 38 15 2
57 28 136 106 19 140 9
63 99 48 58 111 60 16
101 117 4 59 144 6 27
86 98 137 60 94 142 6
132 73 30 61 63 30 10
62 133 71 58 111 60 24
0 83 49 63 99 48 16
64 14 120 124 14 116 4
65 65 121 105 55 92 30
1 85 134 66 87 140 6
67 102 100 34 84 91 20
89 134 56 68 139 55 5
95 53 49 69 52 26 23
70 38 144 84 40 139 5
71 82 10 99 64 2 19
72 69 73 126 72 66 7
78 27 41 73 35 45 8
74 36 14 96 28 19 9
72 69 73 75 66 74 3
76 100 0 101 117 4 17
57 28 136 77 28 131 5
78 27 41 53 30 64 23
79 145 89 62 133 71 21
79 145 89 80 130 102 19
81 100 14 118 106 21 9
82 110 71 123 116 63 10
114 8 9 83 1 20 13
84 40 139 111 49 131 12
85 5 47 117 17 52 13
86 98 137 129 104 140 6
87 65 90 105 55 92 10
88 36 57 53 30 64 9
89 134 56 62 133 71 15
90 58 124 65 65 121 7
67 102 100 91 99 104 5
92 15 135 106 19 140 6
65 65 121 93 72 115 9
90 58 124 94 58 121 3
95 53 49 134 64 55 12
12 26 4 96 28 19 15
97 69 39 18 78 38 9
103 105 45 98 98 37 10
99 64 2 12 26 4 38
100 27 27 136 26 25 2
101 117 4 23 116 28 24
80 130 102 102 129 115 13
63 99 48 103 105 45 6
104 2 129 128 8 128 6
53 30 64 105 55 92 37
24 10 147 106 19 140 11
107 141 129 141 136 136 8
79 145 89 108 144 99 10
62 133 71 109 149 65 17
110 116 0 101 117 4 4
111 49 131 65 65 121 18
112 56 2 99 64 2 8
35 63 132 113 60 132 3
46 14 8 114 8 9 6
57 28 136 115 31 140 5
116 131 10 19 130 14 4
117 17 52 130 24 59 9
118 106 21 23 116 28 12
4 19 111 119 33 116 14
103 105 45 120 110 50 7
121 90 54 0 83 49 8
35 63 132 122 66 133 3
58 111 60 123 116 63 5
124 14 116 4 19 111 7
102 129 115 125 141 116 12
126 72 66 134 64 55 13
127 43 115 119 33 116 10
51 3 115 128 8 128 13
129 104 140 138 104 148 8
53 30 64 130 24 59 7
131 68 102 105 55 92 16
132 73 30 18 78 38 9
133 126 123 139 122 121 4
134 64 55 0 83 49 19
103 105 45 135 116 45 11
96 28 19 136 26 25 6
10 80 108 137 87 116 10
138 104 148 65 65 121 47
102 129 115 139 122 121 9
140 77 81 126 72 66 15
141 136 136 138 104 148 34
142 120 105 80 130 102 10
143 47 86 105 55 92 10
39 82 83 144 80 88 5
129 104 140 145 108 126 14
82 110 71 146 108 79 8
128 8 128 147 6 124 4
53 30 64 148 30 86 22
62 133 71 149 124 79 12
