73 50 46 1 65 40 16
17 53 70 2 66 60 16
101 99 59 3 101 61 2
4 29 64 42 30 55 9
48 37 79 5 39 82 3
73 50 46 6 47 41 5
7 6 29 35 8 27 2
8 76 14 68 82 14 6
73 50 46 9 62 14 34
75 97 4 10 91 8 7
11 15 68 53 0 74 16
12 35 92 0 44 93 9
13 25 44 42 30 55 12
66 71 94 14 74 88 6
15 77 89 14 74 88 3
75 97 4 16 99 1 3
17 53 70 0 44 93 24
18 89 94 38 86 90 5
19 84 95 38 86 90 5
46 13 2 20 18 5 5
21 45 95 0 44 93 2
22 45 35 6 47 41 6
23 61 51 47 66 46 7
24 101 42 92 102 78 36
25 17 29 96 19 23 6
9 62 14 26 69 1 14
89 89 27 27 90 27 1
28 8 0 96 19 23 25
29 31 92 12 35 92 4
30 66 17 9 62 14 5
31 87 73 41 81 78 7
79 25 100 32 15 93 12
33 41 102 21 45 95 8
68 82 14 34 86 15 4
35 8 27 96 19 23 11
49 32 8 36 27 4 6
37 15 50 57 22 53 7
38 86 90 92 102 78 20
51 20 78 39 15 75 5
40 86 31 89 89 27 5
38 86 90 41 81 78 13
42 30 55 73 50 46 21
74 2 37 43 5 46 9
44 95 29 89 89 27 6
45 57 2 26 69 1 12
46 13 2 28 8 0 5
1 65 40 47 66 46 6
48 37 79 0 44 93 15
80 44 14 49 32 8 13
50 9 53 63 4 51 5
51 20 78 11 15 68 11
103 37 15 52 36 22 7
53 0 74 79 25 100 36
28 8 0 54 1 10 12
55 67 25 9 62 14 12
2 66 60 56 68 60 2
57 22 53 42 30 55 8
75 97 4 58 103 6 6
59 101 95 18 89 94 12
60 11 96 94 15 96 4
103 37 15 61 36 13 2
62 97 65 92 102 78 13
63 4 51 43 5 46 5
59 101 95 64 101 95 0
65 63 98 82 62 97 1
66 71 94 82 62 97 9
11 15 68 67 14 69 1
89 89 27 68 82 14 14
69 1 29 7 6 29 5
93 52 91 70 51 86 5
71 1 42 74 2 37 5
93 52 91 72 60 86 9
0 44 93 73 50 46 47
96 19 23 74 2 37 22
89 89 27 75 97 4 24
98 55 101 76 55 99 2
77 51 29 6 47 41 12
55 67 25 78 77 25 10
79 25 100 0 44 93 20
9 62 14 80 44 14 18
81 52 101 98 55 101 3
82 62 97 0 44 93 18
96 19 23 83 22 28 5
79 25 100 84 31 98 6
85 64 96 82 62 97 2
78 77 25 86 73 26 4
1 65 40 87 59 40 6
88 1 93 32 15 93 14
24 101 42 89 89 27 19
58 103 6 90 103 5 1
83 22 28 91 20 28 2
92 102 78 0 44 93 59
93 52 91 0 44 93 8
32 15 93 94 15 96 3
95 43 64 17 53 70 11
73 50 46 96 19 23 38
97 64 31 55 67 25 6
98 55 101 82 62 97 8
2 66 60 99 77 60 11
100 16 13 96 19 23 10
101 99 59 62 97 65 6
9 62 14 102 53 17 9
103 37 15 80 44 14 7
