7 60 15 1 56 16 4
2 34 56 25 40 59 6
25 40 59 3 33 45 15
4 16 30 0 26 14 18
5 29 12 0 26 14 3
13 18 62 6 14 55 8
7 60 15 12 62 1 14
8 51 32 48 46 29 5
4 16 30 9 18 32 2
10 44 0 62 39 13 13
9 18 32 11 17 39 7
62 39 13 12 62 1 25
25 40 59 13 18 62 22
6 14 55 14 16 55 2
62 39 13 15 47 25 14
26 10 44 16 12 48 4
17 30 30 54 35 22 9
15 47 25 18 46 19 6
44 40 26 19 37 31 5
60 27 7 20 22 2 7
21 13 17 45 12 14 3
22 49 10 61 46 8 3
23 45 62 25 40 59 5
60 27 7 24 34 2 8
0 26 14 25 40 59 47
26 10 44 59 5 44 5
27 39 59 25 40 59 1
15 47 25 28 55 29 8
13 18 62 29 26 61 8
7 60 15 30 58 21 6
31 57 34 28 55 29 5
62 39 13 32 43 13 4
33 9 59 6 14 55 6
34 9 5 0 26 14 19
35 55 38 31 57 34 4
21 13 17 36 11 18 2
37 45 7 32 43 13 6
38 7 7 34 9 5 2
30 58 21 39 61 23 3
40 49 2 10 44 0 5
41 38 37 50 37 38 1
4 16 30 42 14 24 6
43 34 56 2 34 56 0
54 35 22 44 40 26 6
38 7 7 45 12 14 8
30 58 21 46 57 24 3
61 46 8 47 46 10 2
15 47 25 48 46 29 4
49 3 18 34 9 5 14
50 37 38 3 33 45 8
48 46 29 51 49 37 8
52 33 0 24 34 2 2
53 17 29 4 16 30 1
54 35 22 62 39 13 9
55 26 50 3 33 45 8
56 2 25 49 3 18 7
12 62 1 57 60 7 6
58 9 1 34 9 5 4
4 16 30 59 5 44 17
60 27 7 0 26 14 7
37 45 7 61 46 8 1
62 39 13 0 26 14 13
