1 1 40 114 29 33 28
2 18 114 101 23 113 5
3 48 30 88 53 34 6
4 31 121 108 44 126 13
88 53 34 5 64 12 24
6 37 99 65 39 84 15
7 45 91 17 53 88 8
8 121 20 58 113 16 8
9 58 83 72 96 81 38
10 126 44 89 126 44 0
11 85 120 0 117 111 33
12 128 103 67 119 99 9
61 111 125 13 109 127 2
14 93 57 112 89 47 10
15 45 24 3 48 30 6
70 18 128 16 22 129 4
17 53 88 96 58 86 5
18 39 0 79 32 13 14
19 47 40 105 47 42 2
110 2 68 20 9 67 7
26 93 32 21 91 31 2
22 37 24 114 29 33 12
23 19 110 2 18 114 4
24 9 111 87 2 110 7
25 91 130 93 87 128 4
45 91 25 26 93 32 7
27 85 117 62 85 115 2
47 68 29 28 65 24 5
29 7 36 1 1 40 7
30 45 56 105 47 42 14
31 95 41 112 89 47 8
26 93 32 32 94 30 2
47 68 29 33 78 30 10
49 118 70 34 117 69 1
35 32 124 4 31 121 3
42 85 98 36 76 86 15
37 106 101 0 117 111 14
38 41 102 6 37 99 5
119 8 50 39 18 54 10
40 53 76 9 58 83 8
41 24 76 40 53 76 29
42 85 98 72 96 81 20
43 5 100 87 2 110 10
44 57 108 98 67 105 10
45 91 25 113 102 17 13
46 23 90 41 24 76 14
88 53 34 47 68 29 15
48 116 47 59 114 39 8
49 118 70 109 123 69 5
50 106 97 37 106 101 4
51 96 95 53 98 99 4
64 124 112 52 128 113 4
37 106 101 53 98 99 8
54 64 58 74 60 65 8
55 86 21 45 91 25 6
56 117 124 94 112 126 5
106 40 9 57 44 10 4
58 113 16 113 102 17 11
69 102 36 59 114 39 12
38 41 102 60 46 98 6
61 111 125 94 112 126 1
11 85 120 62 85 115 5
38 41 102 63 42 104 2
0 117 111 64 124 112 7
65 39 84 40 53 76 16
66 2 14 84 8 3 12
67 119 99 0 117 111 12
68 118 82 78 113 73 10
112 89 47 69 102 36 17
70 18 128 4 31 121 14
112 89 47 71 80 47 9
0 117 111 72 96 81 36
73 86 67 104 86 66 1
74 60 65 40 53 76 13
114 29 33 75 23 22 12
76 38 73 65 39 84 11
77 2 96 43 5 100 5
78 113 73 49 118 70 5
75 23 22 79 32 13 12
113 102 17 80 101 26 9
109 123 69 81 129 58 12
82 47 33 3 48 30 3
83 18 38 114 29 33 12
75 23 22 84 8 3 24
85 30 46 114 29 33 13
86 100 106 103 102 112 6
108 44 126 87 2 110 44
72 96 81 88 53 34 63
81 129 58 89 126 44 14
87 2 110 90 2 113 3
91 94 44 31 95 41 3
6 37 99 92 30 100 7
93 87 128 11 85 120 8
0 117 111 94 112 126 15
95 50 106 44 57 108 7
9 58 83 96 58 86 3
127 75 123 97 77 130 7
42 85 98 98 67 105 19
99 40 27 22 37 24 4
100 111 56 124 107 60 5
101 23 113 4 31 121 11
33 78 30 102 83 29 5
103 102 112 37 106 101 11
104 86 66 118 92 72 8
88 53 34 105 47 42 10
79 32 13 106 40 9 8
107 126 59 81 129 58 3
11 85 120 108 44 126 41
109 123 69 72 96 81 29
110 2 68 119 8 50 18
111 90 96 42 85 98 5
72 96 81 112 89 47 34
113 102 17 112 89 47 32
114 29 33 88 53 34 24
115 101 71 118 92 72 9
116 39 34 99 40 27 7
93 87 128 117 88 127 1
118 92 72 72 96 81 9
119 8 50 1 1 40 12
47 68 29 120 70 24 5
44 57 108 121 60 115 7
122 1 129 90 2 113 16
98 67 105 123 76 109 9
109 123 69 124 107 60 18
3 48 30 125 46 29 2
41 24 76 126 24 66 10
127 75 123 11 85 120 10
8 121 20 128 122 21 1
20 9 67 129 13 61 7
130 50 46 105 47 42 5
