1 44 99 62 43 105 6
2 111 159 96 112 152 7
3 128 42 66 134 27 16
4 85 53 84 93 51 8
138 118 56 5 113 61 7
124 84 160 6 83 115 45
1 44 99 7 45 98 1
8 11 51 0 12 48 3
9 91 41 148 100 45 9
0 12 48 10 14 43 5
124 84 160 11 58 158 26
66 134 27 12 102 4 39
123 123 138 13 128 144 7
14 75 127 82 73 125 2
58 35 25 15 22 23 13
50 73 142 16 64 137 10
140 19 68 17 9 85 19
18 32 145 29 17 140 15
55 141 1 19 139 4 3
23 128 132 20 128 127 5
94 49 7 21 44 5 5
87 0 54 22 1 55 1
23 128 132 123 123 138 7
119 35 52 24 31 55 5
36 158 53 25 159 65 12
26 17 33 126 14 40 7
33 92 143 27 102 144 10
53 158 110 28 156 113 3
29 17 140 77 12 139 5
30 95 35 9 91 41 7
31 98 43 148 100 45 2
32 144 35 100 142 34 2
33 92 143 131 98 158 16
66 134 27 34 137 26 3
35 55 39 127 40 57 23
100 142 34 36 158 53 24
57 64 49 37 60 55 7
38 5 155 83 16 159 11
142 154 108 39 139 111 15
74 160 127 40 147 124 13
35 55 39 41 53 47 8
42 135 22 34 137 26 4
147 73 47 43 75 55 8
44 15 63 0 12 48 15
112 83 3 45 85 9 6
52 72 102 46 66 98 7
47 49 138 11 58 158 21
48 130 11 95 136 13 6
49 62 114 52 72 102 15
124 84 160 50 73 142 21
96 112 152 51 114 152 2
6 83 115 52 72 102 17
53 158 110 160 154 146 36
111 149 49 54 141 61 14
66 134 27 55 141 1 26
56 116 29 69 118 34 5
57 64 49 35 55 39 13
10 14 43 58 35 25 27
100 142 34 59 152 35 10
115 58 11 60 62 16 6
39 139 111 61 132 113 7
154 40 83 62 43 105 22
136 63 70 63 74 74 11
64 124 93 92 137 94 13
84 93 51 65 96 52 3
0 12 48 66 134 27 123
35 55 39 67 49 42 6
68 139 82 92 137 94 12
3 128 42 69 118 34 12
70 81 73 141 83 75 2
71 54 36 35 55 39 3
72 27 11 58 35 25 16
73 118 151 51 114 152 4
74 160 127 139 156 136 9
75 125 9 48 130 11 5
76 61 89 46 66 98 10
11 58 158 77 12 139 49
155 144 158 78 152 158 8
79 110 30 69 118 34 8
0 12 48 80 20 49 8
81 158 51 36 158 53 2
6 83 115 82 73 125 14
83 16 159 77 12 139 20
84 93 51 148 100 45 9
85 45 0 94 49 7 8
154 40 83 86 48 88 9
0 12 48 87 0 54 13
88 138 32 100 142 34 4
6 83 115 89 99 111 16
90 94 9 12 102 4 9
91 39 98 1 44 99 5
53 158 110 92 137 94 26
93 32 31 58 35 25 6
94 49 7 115 58 11 9
55 141 1 95 136 13 13
131 98 158 96 112 152 15
52 72 102 97 69 109 7
58 35 25 98 42 14 13
99 75 33 9 91 41 17
66 134 27 100 142 34 10
101 108 126 89 99 111 17
54 141 61 102 143 55 6
101 108 126 103 119 126 11
104 7 16 10 14 43 27
89 99 111 105 94 112 5
106 101 71 148 100 45 26
93 32 31 107 34 32 2
108 81 86 157 91 85 10
109 2 26 104 7 16 11
49 62 114 110 60 106 8
111 149 49 36 158 53 9
112 83 3 12 102 4 19
113 18 102 159 33 100 15
114 26 64 118 31 70 7
58 35 25 115 58 11 26
78 152 158 116 157 160 5
57 64 49 117 66 53 4
118 31 70 127 40 57 15
119 35 52 127 40 57 7
69 118 34 120 126 33 8
121 15 61 44 15 63 2
123 123 138 122 115 136 8
123 123 138 96 112 152 17
0 12 48 124 84 160 133
159 33 100 125 30 108 8
10 14 43 126 14 40 3
0 12 48 127 40 57 29
128 64 118 49 62 114 4
129 109 75 106 101 71 8
20 128 127 130 132 123 5
131 98 158 124 84 160 14
112 83 3 132 75 9 10
133 18 128 77 12 139 12
92 137 94 134 138 96 2
135 117 1 12 102 4 15
127 40 57 136 63 70 26
104 7 16 137 9 0 16
145 105 56 138 118 56 13
160 154 146 139 156 136 10
44 15 63 140 19 68 6
63 74 74 141 83 75 9
53 158 110 142 154 108 4
38 5 155 143 7 157 2
144 63 2 115 58 11 10
148 100 45 145 105 56 12
72 27 11 146 33 9 6
57 64 49 147 73 47 9
66 134 27 148 100 45 38
0 12 48 149 2 44 10
89 99 111 150 90 101 13
82 73 125 151 72 122 3
136 63 70 152 61 74 4
29 17 140 153 22 141 5
154 40 83 127 40 57 26
160 154 146 155 144 158 15
55 141 1 156 146 8 8
106 101 71 157 91 85 17
158 151 91 92 137 94 14
159 33 100 62 43 105 11
124 84 160 160 154 146 71
