32 7 14 1 5 19 5
21 26 1 2 14 0 12
30 40 22 3 39 23 1
4 33 13 28 32 17 4
5 9 34 25 15 40 8
6 17 28 24 22 34 7
0 28 27 7 12 15 20
8 1 11 32 7 14 6
9 16 20 7 12 15 6
10 41 38 0 28 27 17
24 22 34 11 20 38 4
12 7 30 5 9 34 4
13 38 10 20 31 7 7
14 29 9 20 31 7 2
15 13 30 6 17 28 4
5 9 34 16 10 33 1
2 14 0 17 1 0 13
0 28 27 18 25 32 5
23 11 14 19 11 11 3
0 28 27 20 31 7 20
20 31 7 21 26 1 7
17 1 0 22 5 5 6
7 12 15 23 11 14 1
24 22 34 18 25 32 3
18 25 32 25 15 40 12
5 9 34 26 12 35 3
27 8 29 12 7 30 1
28 32 17 0 28 27 10
29 26 24 0 28 27 3
37 32 23 30 40 22 8
31 29 41 18 25 32 9
23 11 14 32 7 14 4
33 4 40 5 9 34 7
31 29 41 34 33 38 5
7 12 15 35 14 15 2
13 38 10 36 41 6 5
0 28 27 37 32 23 5
33 4 40 38 4 41 1
39 17 13 7 12 15 5
40 29 23 37 32 23 3
41 16 12 39 17 13 1
