0 109 67 1 122 67 13
34 55 30 2 46 31 9
3 104 115 30 88 105 18
78 71 81 4 76 85 6
5 69 44 10 79 48 10
87 107 56 6 106 61 5
86 103 19 7 117 22 14
67 79 101 8 47 100 32
3 104 115 9 106 113 2
56 72 57 10 79 48 11
88 25 28 11 27 48 20
12 40 18 33 38 23 5
13 3 50 91 3 47 3
14 24 79 18 30 78 6
93 82 16 15 1 28 81
16 29 71 92 28 71 1
17 82 104 67 79 101 4
85 25 87 18 30 78 10
93 82 16 19 96 27 17
11 27 48 20 39 43 13
5 69 44 21 70 39 5
8 47 100 22 48 111 11
23 99 58 6 106 61 7
24 29 60 68 32 62 3
25 54 18 82 56 20 2
36 6 87 26 4 77 10
93 82 16 27 80 2 14
57 46 85 28 47 84 1
29 54 5 93 82 16 30
0 109 67 30 88 105 43
31 22 19 88 25 28 9
63 46 66 32 51 65 5
33 38 23 88 25 28 13
34 55 30 70 66 16 17
0 109 67 35 95 70 14
15 1 28 36 6 87 59
37 90 115 30 88 105 10
51 67 108 38 67 105 3
82 56 20 39 60 23 5
37 90 115 40 94 117 4
41 109 87 106 104 76 12
42 29 99 85 25 87 12
30 88 105 43 78 117 15
52 70 120 44 66 119 4
113 70 73 45 67 74 3
46 59 49 56 72 57 15
47 82 24 116 80 20 4
48 58 96 112 61 103 7
49 35 65 68 32 62 4
101 68 22 50 68 23 1
51 67 108 67 79 101 13
52 70 120 43 78 117 8
53 95 29 19 96 27 2
54 96 115 72 98 115 2
22 48 111 55 52 115 5
56 72 57 35 95 70 26
8 47 100 57 46 85 15
58 52 31 34 55 30 3
43 78 117 59 82 122 6
91 3 47 60 10 53 9
30 88 105 61 92 104 4
62 42 28 2 46 31 5
63 46 66 56 72 57 27
64 120 101 41 109 87 17
35 95 70 65 88 84 15
66 32 14 12 40 18 8
30 88 105 67 79 101 9
68 32 62 63 46 66 14
69 7 102 36 6 87 15
93 82 16 70 66 16 16
71 44 111 22 48 111 4
72 98 115 3 104 115 6
73 75 23 116 80 20 5
29 54 5 74 37 2 17
75 106 70 0 109 67 4
76 57 75 84 64 87 13
77 121 86 41 109 87 12
78 71 81 84 64 87 9
1 122 67 79 121 74 7
85 25 87 80 18 88 7
81 94 69 35 95 70 1
82 56 20 70 66 16 10
83 11 14 15 1 28 17
84 64 87 67 79 101 20
85 25 87 36 6 87 19
86 103 19 19 96 27 10
0 109 67 87 107 56 11
88 25 28 15 1 28 24
89 32 118 22 48 111 17
90 72 18 101 68 22 5
91 3 47 120 8 33 14
92 28 71 96 32 74 5
0 109 67 93 82 16 57
87 107 56 94 119 53 12
26 4 77 95 5 65 12
18 30 78 96 32 74 4
52 70 120 97 67 115 5
41 109 87 98 103 91 7
99 84 72 102 82 78 6
36 6 87 100 9 87 3
70 66 16 101 68 22 6
65 88 84 102 82 78 8
103 64 33 34 55 30 9
81 94 69 104 93 62 7
105 51 60 32 51 65 5
0 109 67 106 104 76 10
55 52 115 107 53 116 1
108 31 120 89 32 118 2
46 59 49 109 62 53 5
102 82 78 110 83 82 4
20 39 43 111 43 40 5
112 61 103 51 67 108 7
113 70 73 78 71 81 8
114 115 41 121 114 37 4
115 21 112 89 32 118 12
93 82 16 116 80 20 4
83 11 14 117 4 7 9
64 120 101 118 120 112 11
0 109 67 119 112 70 4
120 8 33 15 1 28 8
94 119 53 121 114 37 16
122 28 65 68 32 62 5
