28 6 32 1 6 30 2
8 20 7 2 19 10 3
3 26 3 16 29 16 13
4 9 2 22 7 5 3
5 34 29 14 28 24 7
15 34 17 6 32 17 2
7 20 15 32 27 15 7
3 26 3 8 20 7 7
9 9 32 0 14 32 5
10 0 34 0 14 32 14
15 34 17 11 34 18 1
12 26 4 3 26 3 1
13 14 26 18 14 29 3
16 29 16 14 28 24 8
16 29 16 15 34 17 5
0 14 32 16 29 16 21
17 11 13 20 19 25 14
0 14 32 18 14 29 3
19 11 25 13 14 26 3
20 19 25 0 14 32 8
21 1 18 29 3 17 2
22 7 5 17 11 13 8
32 27 15 23 27 13 2
16 29 16 24 33 9 8
22 7 5 25 0 5 7
26 26 22 14 28 24 2
27 28 32 5 34 29 6
28 6 32 9 9 32 3
29 3 17 33 0 21 5
20 19 25 30 23 23 4
3 26 3 31 25 8 5
16 29 16 32 27 15 2
10 0 34 33 0 21 13
3 26 3 34 29 0 4
