66 53 10 1 54 5 5
35 68 3 2 74 1 6
3 28 63 92 24 61 4
40 4 98 4 7 94 5
74 15 4 5 0 11 16
80 33 34 6 32 35 1
80 33 34 7 25 27 10
8 72 64 57 68 64 4
96 36 73 9 34 70 3
10 94 41 58 94 36 5
11 23 62 92 24 61 1
12 25 94 94 18 84 12
13 84 37 29 83 35 2
50 4 52 14 6 54 2
26 29 43 15 23 48 7
16 12 8 74 15 4 5
0 98 16 17 75 12 23
90 87 46 18 88 48 2
19 52 52 59 45 58 9
20 88 85 25 94 86 6
96 36 73 21 31 69 6
22 8 22 5 0 11 13
23 83 79 44 83 67 12
21 31 69 24 14 78 19
25 94 86 44 83 67 21
6 32 35 26 29 43 8
71 8 66 27 4 64 4
28 36 82 96 36 73 9
29 83 35 36 87 31 5
30 9 0 74 15 4 7
31 53 73 96 36 73 17
32 57 35 69 47 32 10
26 29 43 33 31 40 3
83 7 47 34 4 47 3
17 75 12 35 68 3 11
36 87 31 87 97 31 10
79 53 68 37 59 67 6
74 15 4 38 39 6 24
39 69 39 72 75 44 7
24 14 78 40 4 98 22
85 90 64 41 99 61 9
24 14 78 42 8 86 10
28 36 82 43 42 87 7
44 83 67 85 90 64 7
2 74 1 45 75 2 1
66 53 10 46 53 14 4
31 53 73 47 59 82 10
58 94 36 48 99 42 7
5 0 11 49 3 34 23
83 7 47 50 4 52 5
57 68 64 51 66 65 2
59 45 58 52 36 60 9
41 99 61 53 98 57 4
65 44 15 54 44 10 5
55 58 39 32 57 35 4
56 83 57 85 90 64 9
57 68 64 85 90 64 22
58 94 36 87 97 31 5
96 36 73 59 45 58 17
60 61 35 32 57 35 4
17 75 12 61 69 14 6
62 41 26 69 47 32 8
63 34 54 52 36 60 6
64 2 56 50 4 52 4
38 39 6 65 44 15 10
66 53 10 38 39 6 14
67 42 96 28 36 82 15
56 83 57 68 88 56 5
80 33 34 69 47 32 14
70 28 79 28 36 82 8
84 19 65 71 8 66 11
72 75 44 78 82 47 7
73 13 88 42 8 86 5
0 98 16 74 15 4 83
38 39 6 75 36 9 4
42 8 86 76 3 84 5
77 19 13 97 23 13 4
78 82 47 85 90 64 18
79 53 68 31 53 73 5
80 33 34 74 15 4 34
81 79 40 72 75 44 5
75 36 9 82 35 16 7
83 7 47 49 3 34 13
84 19 65 92 24 61 6
85 90 64 0 98 16 48
86 24 51 15 23 48 3
87 97 31 0 98 16 15
36 87 31 88 87 29 2
67 42 96 89 50 97 8
78 82 47 90 87 46 5
91 53 23 69 47 32 10
92 24 61 21 31 69 10
93 78 16 17 75 12 5
24 14 78 94 18 84 7
57 68 64 95 67 56 8
96 36 73 85 90 64 54
97 23 13 74 15 4 12
98 87 73 44 83 67 7
65 44 15 99 47 21 6
