103 57 102 74 58 103 1
43 33 15 42 34 16 1
71 81 34 60 80 35 1
100 18 34 106 17 34 1
103 57 102 78 55 104 2
79 12 98 9 13 96 2
10 7 64 28 8 62 2
45 58 29 84 60 30 2
11 44 102 53 46 104 2
94 61 47 59 59 45 2
78 55 104 98 56 106 2
31 81 37 60 80 35 2
2 54 74 112 52 72 2
61 4 62 10 7 64 3
39 35 12 43 33 15 3
33 35 53 122 35 50 3
36 57 42 59 59 45 3
44 116 91 75 113 91 3
105 25 50 4 22 51 3
38 64 35 18 61 37 3
17 94 38 109 97 40 3
55 10 123 70 14 121 4
102 27 101 72 25 97 4
67 15 30 106 17 34 4
93 10 23 52 8 19 4
16 96 105 8 92 106 4
58 32 33 77 34 29 4
118 109 27 56 112 32 5
81 121 55 34 121 60 5
0 30 64 26 35 66 5
113 55 120 95 57 115 5
78 55 104 115 51 101 5
111 14 103 79 12 98 5
90 69 38 38 64 35 5
27 4 15 52 8 19 5
33 35 53 86 30 56 5
13 7 95 79 12 98 5
116 71 93 50 74 97 5
107 86 90 125 90 86 5
102 27 101 6 32 100 5
120 36 91 37 41 90 5
115 51 101 53 46 104 5
36 57 42 18 61 37 6
84 60 30 38 64 35 6
76 21 92 72 25 97 6
25 72 52 21 66 54 6
120 36 91 66 31 87 6
87 20 86 76 21 92 6
39 35 12 88 40 8 6
70 14 121 97 20 119 6
48 5 44 108 1 39 6
50 74 97 121 76 103 6
41 11 0 7 5 3 6
99 20 106 111 14 103 6
29 74 33 60 80 35 6
39 35 12 117 32 6 6
82 108 85 75 113 91 7
11 44 102 124 46 95 7
41 11 0 101 11 7 7
32 25 31 100 18 34 7
90 69 38 29 74 33 7
56 112 32 114 109 39 7
105 25 50 86 30 56 7
77 34 29 69 40 34 7
85 15 114 97 20 119 7
17 94 38 91 89 33 7
37 41 90 124 46 95 7
6 32 100 3 36 106 7
58 32 33 32 25 31 7
93 10 23 67 15 30 8
64 11 83 63 3 83 8
5 44 70 112 52 72 8
76 21 92 9 13 96 8
45 58 29 22 50 27 8
68 86 98 107 86 90 8
0 30 64 86 30 56 8
11 44 102 3 36 106 8
91 89 33 31 81 37 8
16 96 105 83 104 101 8
94 61 47 21 66 54 8
24 119 83 44 116 91 8
54 76 111 121 76 103 8
81 121 55 19 119 47 8
95 57 115 40 66 119 9
99 20 106 85 15 114 9
35 113 76 24 119 83 9
1 46 115 30 39 121 9
64 11 83 87 20 86 9
95 57 115 98 56 106 9
37 41 90 15 44 81 9
92 48 45 36 57 42 9
5 44 70 26 35 66 9
101 11 7 123 21 4 10
65 115 101 75 113 91 10
27 4 15 101 11 7 10
104 64 85 116 71 93 10
68 86 98 8 92 106 10
14 95 18 110 99 8 10
113 55 120 1 46 115 10
62 93 75 125 90 86 11
28 8 62 89 18 68 11
12 82 57 25 72 52 11
12 82 57 96 93 57 11
46 19 16 52 8 19 11
73 77 67 12 82 57 11
57 114 10 47 125 7 11
51 108 51 19 119 47 11
121 76 103 68 86 98 11
117 32 6 123 21 4 11
65 115 101 83 104 101 11
15 44 81 5 44 70 11
0 30 64 89 18 68 12
109 97 40 114 109 39 12
114 109 39 51 108 51 12
40 66 119 54 76 111 12
69 40 34 22 50 27 12
80 73 5 119 78 18 13
110 99 8 49 87 3 13
23 53 11 88 40 8 13
92 48 45 122 35 50 13
49 87 3 80 73 5 14
106 17 34 48 5 44 15
119 78 18 29 74 33 15
110 99 8 57 114 10 15
20 105 119 16 96 105 16
