94 124 28 69 124 28 0
8 82 129 46 83 128 1
128 60 82 99 59 82 1
41 114 57 75 113 57 1
55 140 44 12 140 45 1
131 10 67 114 9 69 2
149 102 70 92 102 72 2
78 60 80 128 60 82 2
60 135 109 96 135 107 2
145 55 26 25 57 24 2
8 82 129 98 80 127 2
97 136 94 13 134 91 3
85 5 51 111 8 49 3
143 74 14 148 77 15 3
18 91 29 150 94 30 3
64 52 46 110 55 46 3
32 54 23 145 55 26 3
57 36 129 71 33 128 3
5 65 64 53 63 61 3
66 120 17 112 118 14 3
92 102 72 138 106 73 4
151 51 28 145 55 26 4
127 96 46 34 92 48 4
104 95 106 109 91 105 4
67 10 79 49 12 83 4
95 139 12 140 135 11 4
124 13 99 62 17 98 4
15 96 137 21 99 140 4
136 3 4 51 6 0 5
35 104 136 144 104 131 5
57 36 129 93 40 133 5
43 68 69 102 70 74 5
44 18 33 11 17 28 5
142 92 42 127 96 46 5
56 124 109 77 129 112 5
5 65 64 43 68 69 5
153 121 10 112 118 14 5
10 68 17 47 65 13 5
80 65 99 40 61 96 5
84 121 38 100 121 43 5
86 140 64 68 144 68 5
108 142 117 37 138 121 5
116 41 109 152 37 112 5
121 22 100 62 17 98 5
85 5 51 88 0 49 5
26 30 20 118 31 25 5
147 61 113 134 67 114 6
53 63 61 59 60 55 6
82 87 111 79 88 117 6
130 129 11 140 135 11 6
107 38 149 91 35 143 6
61 101 113 115 95 114 6
34 92 48 28 86 49 6
29 126 131 36 126 137 6
39 36 15 65 30 12 6
74 69 58 53 63 61 6
60 135 109 77 129 112 6
10 68 17 143 74 14 6
35 104 136 21 99 140 6
39 36 15 26 30 20 7
3 72 139 19 79 142 7
152 37 112 2 33 106 7
4 75 63 74 69 58 7
79 88 117 115 95 114 7
107 38 149 126 33 154 7
109 91 105 82 87 111 7
38 134 40 55 140 44 7
52 51 8 101 50 15 7
44 18 33 133 11 35 7
84 121 38 135 114 37 7
86 140 64 20 132 65 8
141 44 120 33 52 119 8
32 54 23 101 50 15 8
37 138 121 58 139 129 8
132 92 129 15 96 137 8
71 33 128 129 33 120 8
109 91 105 120 92 97 8
152 37 112 129 33 120 8
50 120 63 41 114 57 8
125 101 2 83 103 10 8
17 114 135 72 118 127 8
72 118 127 29 126 131 8
153 121 10 130 129 11 8
50 120 63 23 113 67 8
76 87 17 42 96 16 9
9 1 81 67 10 79 9
42 96 16 105 102 23 9
135 114 37 137 105 36 9
14 5 119 89 11 112 9
42 96 16 83 103 10 9
45 21 109 121 22 100 9
22 64 30 145 55 26 9
48 32 71 27 36 80 9
144 104 131 122 107 122 9
63 23 75 48 32 71 9
23 113 67 138 106 73 9
102 70 74 103 78 79 9
132 92 129 46 83 128 9
95 139 12 16 146 5 9
139 70 130 3 72 139 9
87 86 59 28 86 49 10
84 121 38 94 124 28 10
98 80 127 139 70 130 10
17 114 135 35 104 136 10
110 55 46 59 60 55 10
150 94 30 105 102 23 10
60 135 109 108 142 117 10
100 121 43 0 127 51 10
24 149 51 12 140 45 10
154 78 4 143 74 14 10
147 61 113 33 52 119 10
141 44 120 152 37 112 10
122 107 122 61 101 113 10
67 10 79 114 9 69 10
89 11 112 45 21 109 10
148 77 15 76 87 17 10
70 128 0 130 129 11 11
87 86 59 4 75 63 11
66 120 17 94 124 28 11
16 146 5 155 154 13 11
102 70 74 78 60 80 11
93 40 133 91 35 143 11
90 25 89 121 22 100 11
120 92 97 146 81 96 11
20 132 65 50 120 63 12
81 81 37 142 92 42 12
121 22 100 2 33 106 12
18 91 29 81 81 37 12
150 94 30 137 105 36 12
30 71 45 81 81 37 12
89 11 112 119 1 104 12
50 120 63 0 127 51 13
97 136 94 54 147 102 13
63 23 75 67 10 79 13
22 64 30 10 68 17 13
93 40 133 73 53 134 13
60 135 109 54 147 102 13
19 79 142 117 82 155 13
38 134 40 0 127 51 13
14 5 119 1 17 125 13
54 147 102 123 155 91 13
29 126 131 58 139 129 13
90 25 89 63 23 75 14
36 126 137 106 139 144 14
101 50 15 39 36 15 14
147 61 113 80 65 99 14
40 61 96 99 59 82 14
118 31 25 11 17 28 14
133 11 35 111 8 49 14
31 0 151 7 12 143 14
80 65 99 146 81 96 16
64 52 46 113 38 54 16
6 155 34 24 149 51 18
1 17 125 7 12 143 18
65 30 12 51 6 0 26
