12 25 3 22 25 3 0
14 18 37 37 19 36 1
13 32 2 33 31 2 1
32 18 12 30 18 11 1
33 31 2 1 33 0 2
14 18 37 39 16 38 2
31 9 37 29 10 39 2
21 35 31 17 34 33 2
25 30 35 2 30 33 2
7 35 29 21 35 31 2
12 25 3 27 25 1 2
26 8 4 10 10 5 2
8 30 7 38 32 7 2
28 27 10 4 26 12 2
40 2 12 36 4 15 3
32 18 12 23 20 15 3
35 7 13 36 4 15 3
9 8 8 10 10 5 3
17 34 33 6 34 36 3
4 26 12 16 30 14 4
0 4 6 9 8 8 4
2 30 33 17 34 33 4
28 27 10 8 30 7 4
3 26 30 2 30 33 5
33 31 2 38 32 7 5
9 8 8 35 7 13 5
18 14 23 24 9 21 5
20 24 18 23 20 15 5
4 26 12 23 20 15 6
8 30 7 22 25 3 6
11 25 24 3 26 30 6
39 16 38 29 10 39 6
11 25 24 20 24 18 6
24 9 21 36 4 15 7
15 8 30 31 9 37 7
34 1 22 36 4 15 7
7 35 29 19 34 21 8
38 32 7 5 40 8 8
18 14 23 15 8 30 9
3 26 30 37 19 36 9
