38 90 46 142 90 46 0
109 59 3 57 60 2 1
100 108 81 104 108 80 1
127 63 149 89 63 150 1
106 100 101 120 99 101 1
126 52 78 4 50 77 2
1 22 139 42 20 141 2
71 52 114 134 50 114 2
57 60 2 48 62 3 2
139 67 148 51 68 146 2
101 16 44 154 14 46 2
149 143 151 125 141 153 2
151 97 104 73 97 107 3
120 99 101 151 97 104 3
134 50 114 12 49 117 3
39 13 43 154 14 46 3
58 24 97 17 25 94 3
47 54 34 19 54 37 3
31 84 126 86 81 125 3
10 102 34 130 99 33 3
6 125 3 26 123 6 3
90 129 44 54 127 41 3
118 123 31 144 120 34 4
139 67 148 89 63 150 4
5 12 50 154 14 46 4
77 66 64 24 66 68 4
91 48 102 27 51 105 4
149 143 151 157 145 147 4
32 18 98 113 14 100 4
56 146 58 133 145 62 4
46 105 77 104 108 80 4
153 134 20 110 130 18 4
118 123 31 66 127 33 4
123 63 7 48 62 3 4
137 50 133 43 45 136 5
94 74 125 76 72 120 5
111 101 28 130 99 33 5
65 157 29 3 155 34 5
117 50 97 91 48 102 5
99 98 13 34 93 13 5
97 79 31 141 82 36 5
123 63 7 146 64 13 6
152 56 136 137 50 133 6
140 57 9 109 59 3 6
58 24 97 32 18 98 6
33 111 113 116 108 119 6
29 136 63 52 138 57 6
3 155 34 8 149 32 6
136 142 119 83 139 125 6
88 116 108 40 120 113 6
45 136 6 72 142 8 6
121 89 21 23 83 20 6
52 138 57 11 138 51 6
41 18 129 44 20 122 7
24 66 68 79 63 75 7
107 13 140 42 20 141 7
108 11 3 93 18 0 7
98 113 87 100 108 81 7
115 31 82 135 36 88 7
36 106 105 106 100 101 7
86 81 125 94 74 125 7
113 14 100 61 9 94 7
49 12 118 53 13 111 7
33 111 113 88 116 108 7
95 149 79 103 155 83 7
5 12 50 69 7 55 7
9 5 41 39 13 43 8
35 42 9 124 48 15 8
114 64 136 152 56 136 8
82 96 155 119 104 156 8
2 77 62 81 82 69 8
28 76 145 51 68 146 8
47 54 34 96 58 27 8
56 146 58 52 138 57 8
4 50 77 105 43 81 8
7 68 21 146 64 13 8
7 68 21 92 72 13 8
59 34 96 135 36 88 8
15 116 2 26 123 6 8
50 39 1 35 42 9 8
54 127 41 66 127 33 8
124 48 15 0 56 18 8
121 89 21 34 93 13 8
49 12 118 44 20 122 8
148 68 88 30 72 96 8
74 130 91 150 122 95 8
81 82 69 131 90 69 8
136 142 119 14 137 112 8
102 79 102 30 72 96 9
43 45 136 60 40 128 9
27 51 105 71 52 114 9
146 64 13 0 56 18 9
156 22 113 44 20 122 9
17 25 94 59 34 96 9
105 43 81 135 36 88 9
96 58 27 0 56 18 9
132 14 34 25 13 25 9
33 111 113 36 106 105 9
148 68 88 21 61 95 9
30 72 96 16 79 90 9
80 125 63 122 122 54 9
39 13 43 132 14 34 9
2 77 62 112 77 52 10
18 101 89 100 108 81 10
138 3 140 107 13 140 10
1 22 139 41 18 129 10
56 146 58 37 156 57 10
51 68 146 114 64 136 10
70 138 135 83 139 125 10
143 114 154 119 104 156 10
75 32 116 156 22 113 10
22 90 2 34 93 13 11
20 19 11 93 18 0 11
80 125 63 29 136 63 11
6 125 3 45 136 6 11
53 13 111 113 14 100 11
63 22 74 84 30 66 11
147 24 26 25 13 25 11
2 77 62 77 66 64 11
126 52 78 79 63 75 11
23 83 20 97 79 31 11
11 138 51 90 129 44 11
117 50 97 21 61 95 11
87 30 9 20 19 11 11
106 100 101 18 101 89 12
16 79 90 155 90 84 12
142 90 46 141 82 36 12
87 30 9 50 39 1 12
150 122 95 98 113 87 12
72 142 8 129 154 7 12
155 90 84 18 101 89 12
84 30 66 62 38 57 12
115 31 82 63 22 74 12
26 123 6 110 130 18 13
148 68 88 79 63 75 13
13 77 0 92 72 13 13
42 20 141 145 21 154 13
64 64 48 112 77 52 13
157 145 147 70 138 135 13
13 77 0 22 90 2 13
69 7 55 85 8 68 13
121 89 21 111 101 28 13
19 54 37 64 64 48 14
75 32 116 60 40 128 14
145 21 154 128 7 155 14
66 127 33 153 134 20 14
94 74 125 114 64 136 14
63 22 74 85 8 68 15
47 54 34 68 39 37 15
95 149 79 133 145 62 17
40 120 113 14 137 112 17
67 101 136 55 118 135 17
122 122 54 78 105 56 17
78 105 56 38 90 46 18
116 108 119 67 101 136 18
67 101 136 82 96 155 19
153 134 20 8 149 32 19
