35 19 18 2 20 17 1
16 122 79 82 122 80 1
64 86 120 18 85 121 1
117 20 120 80 21 118 2
28 117 18 3 115 19 2
111 30 35 36 32 36 2
62 87 42 118 89 40 2
32 45 23 49 42 25 3
85 4 27 55 1 25 3
113 63 106 87 66 108 3
45 37 83 52 40 81 3
131 23 122 117 20 120 3
69 108 63 47 111 62 3
30 8 61 13 10 64 3
43 81 35 61 80 32 3
45 37 83 46 40 85 3
11 102 118 96 105 116 3
123 109 67 69 108 63 4
23 26 47 101 24 43 4
50 65 102 113 63 106 4
97 105 83 125 106 87 4
119 19 67 105 15 67 4
115 50 37 38 51 33 4
12 30 109 112 27 112 4
22 84 75 81 88 76 4
99 11 68 105 15 67 4
99 11 68 13 10 64 4
124 19 97 48 15 93 5
4 70 84 76 67 89 5
10 94 33 5 97 28 5
132 82 27 61 80 32 5
12 30 109 60 25 106 5
38 51 33 21 46 31 5
83 28 101 60 25 106 5
86 16 116 80 21 118 5
19 36 75 37 41 73 5
79 119 54 27 123 51 5
104 60 44 94 55 47 5
116 129 92 24 132 96 5
84 9 103 129 14 105 5
77 28 66 78 28 60 6
107 41 18 32 45 23 6
73 45 93 42 47 87 6
81 88 76 110 88 82 6
50 65 102 106 71 102 6
20 105 28 102 101 33 6
102 101 33 5 97 28 6
63 47 129 54 53 128 6
97 105 83 67 99 82 6
109 110 78 97 105 83 7
4 70 84 15 74 78 7
65 22 90 124 19 97 7
121 68 132 26 75 132 7
66 35 66 77 28 66 7
126 48 44 94 55 47 7
108 40 11 93 34 16 7
92 113 1 95 112 8 7
108 40 11 107 41 18 7
126 48 44 115 50 37 7
53 31 53 78 28 60 7
66 35 66 44 40 60 7
53 31 53 23 26 47 7
58 32 23 93 34 16 7
67 99 82 90 98 75 7
42 47 87 46 40 85 7
33 18 48 101 24 43 7
21 46 31 49 42 25 7
106 71 102 17 74 95 7
52 40 81 19 36 75 7
35 19 18 98 15 26 8
7 72 26 130 64 28 8
112 27 112 80 21 118 8
103 26 10 120 24 2 8
48 15 93 0 7 91 8
118 89 40 10 94 33 8
41 62 82 76 67 89 8
65 22 90 91 17 83 8
68 33 118 112 27 112 8
17 74 95 76 67 89 9
43 81 35 62 87 42 9
68 33 118 40 39 111 9
77 28 66 119 19 67 9
66 35 66 19 36 75 9
27 123 51 75 132 52 9
124 19 97 83 28 101 9
62 87 42 89 87 51 9
2 20 17 103 26 10 9
124 19 97 129 14 105 9
6 54 19 32 45 23 9
69 108 63 1 99 62 9
53 31 53 39 40 51 9
99 11 68 51 6 76 9
6 54 19 72 50 10 9
85 4 27 127 0 36 9
101 24 43 111 30 35 10
7 72 26 61 80 32 10
74 79 7 8 85 16 10
15 74 78 22 84 75 10
22 84 75 9 88 65 10
126 48 44 39 40 51 10
93 34 16 103 26 10 10
40 39 111 31 48 106 10
90 98 75 81 88 76 10
98 15 26 85 4 27 11
9 88 65 1 99 62 11
34 100 44 102 101 33 11
88 93 103 114 88 93 11
128 128 69 16 122 79 11
132 82 27 8 85 16 11
114 88 93 110 88 82 11
33 18 48 57 12 38 11
3 115 19 95 112 8 11
116 129 92 70 118 95 11
79 119 54 47 111 62 11
109 110 78 16 122 79 12
14 124 28 28 117 18 12
59 52 61 44 40 60 12
100 115 108 96 105 116 12
122 69 52 104 60 44 12
127 0 36 71 0 48 12
91 17 83 51 6 76 13
6 54 19 130 64 28 13
116 129 92 82 122 80 13
100 115 108 70 118 95 13
20 105 28 3 115 19 13
56 99 4 95 112 8 13
18 85 121 26 75 132 14
9 88 65 89 87 51 14
54 53 128 121 68 132 15
86 16 116 29 1 116 15
11 102 118 64 86 120 16
25 131 119 100 115 108 19
