37 6 1 5 5 1 1
39 54 55 28 53 56 1
29 2 25 23 1 26 1
35 17 27 13 16 26 1
55 31 9 52 32 8 1
25 16 54 15 15 56 2
24 0 0 19 2 0 2
0 57 57 39 54 55 3
5 5 1 19 2 0 3
18 29 45 36 26 44 3
34 14 51 25 16 54 3
41 35 28 2 32 28 3
32 54 28 10 57 27 3
36 26 44 40 22 42 4
52 32 8 3 36 6 4
12 30 32 2 32 28 4
9 47 51 8 51 51 4
48 6 27 29 2 25 4
11 9 54 1 5 56 4
21 3 13 31 7 12 4
5 5 1 6 3 5 4
14 37 23 43 40 18 5
3 36 6 26 33 1 5
38 18 12 30 20 17 5
45 10 5 37 6 1 5
41 35 28 14 37 23 5
44 18 7 38 18 12 5
8 51 51 39 54 55 5
41 35 28 16 38 32 5
34 14 51 11 9 54 5
32 54 28 27 57 32 5
53 36 15 43 40 18 5
18 29 45 22 34 44 5
47 48 57 28 53 56 5
57 19 36 54 14 35 5
33 17 45 40 22 42 5
50 47 21 7 45 27 6
33 17 45 34 14 51 6
49 53 40 46 47 42 6
40 22 42 57 19 36 6
55 31 9 53 36 15 7
45 10 5 31 7 12 7
48 6 27 4 2 33 7
51 32 56 56 39 53 7
43 40 18 50 47 21 7
56 39 53 9 47 51 8
42 44 10 3 36 6 8
27 57 32 49 53 40 8
44 18 7 45 10 5 8
54 14 35 35 17 27 8
32 54 28 7 45 27 9
46 47 42 8 51 51 9
20 43 0 3 36 6 9
30 20 17 13 16 26 9
33 17 45 17 8 43 9
22 34 44 56 39 53 10
48 6 27 13 16 26 10
