9 15 11 85 15 10 1
67 54 42 15 53 41 1
67 54 42 62 56 44 2
11 85 69 89 87 67 2
62 56 44 38 58 44 2
23 59 46 38 58 44 2
44 72 96 40 70 96 2
92 77 41 82 79 43 2
21 81 89 80 83 90 2
10 89 91 17 91 93 2
61 2 92 37 5 93 3
88 55 68 64 52 69 3
54 81 22 72 78 23 3
97 32 22 69 34 25 3
8 59 41 38 58 44 3
4 74 42 92 77 41 3
37 5 93 49 8 93 3
94 11 54 60 9 51 3
91 15 84 32 14 87 3
72 78 23 33 77 20 3
77 6 64 56 9 64 3
87 58 94 24 57 97 3
39 8 57 94 11 54 4
3 88 79 46 88 83 4
40 70 96 93 67 93 4
96 22 49 86 26 47 4
43 93 79 73 95 75 4
50 4 39 5 6 44 5
14 77 95 44 72 96 5
42 54 9 0 58 13 5
5 6 44 95 2 47 5
79 47 88 35 52 85 5
13 31 88 75 26 85 5
26 23 31 58 25 26 5
93 67 93 16 63 89 5
75 26 85 28 31 82 5
20 17 48 96 22 49 5
84 96 90 17 91 93 5
3 88 79 43 93 79 5
22 2 53 95 2 47 6
88 55 68 68 60 72 6
2 6 87 49 8 93 6
55 16 78 91 15 84 6
70 52 16 0 58 13 6
7 31 16 97 32 22 6
52 59 19 0 58 13 6
36 92 53 19 86 52 6
30 78 7 53 72 6 6
12 80 54 19 86 52 6
10 89 91 80 83 90 6
77 6 64 39 8 57 7
87 58 94 16 63 89 7
68 60 72 48 66 68 7
5 6 44 60 9 51 7
18 91 46 19 86 52 7
80 83 90 14 77 95 7
51 0 60 22 2 53 7
4 74 42 47 69 37 7
27 87 40 18 91 46 7
29 39 91 74 34 96 7
46 88 83 10 89 91 8
82 79 43 27 87 40 8
49 8 93 32 14 87 8
20 17 48 94 11 54 8
26 23 31 31 15 34 8
79 47 88 29 39 91 8
13 31 88 29 39 91 8
79 47 88 66 43 81 8
58 25 26 97 32 22 8
78 87 29 54 81 22 9
71 68 16 33 77 20 9
83 23 94 75 26 85 9
52 59 19 71 68 16 9
48 66 68 6 75 71 9
81 55 55 23 59 46 9
1 39 33 69 34 25 9
42 54 9 57 46 4 9
41 29 58 59 39 59 10
53 72 6 76 63 1 10
87 58 94 35 52 85 10
53 72 6 71 68 16 10
6 75 71 11 85 69 10
25 3 74 77 6 64 10
11 85 69 3 88 79 10
47 69 37 8 59 41 10
41 29 58 86 26 47 11
32 14 87 83 23 94 11
78 87 29 27 87 40 11
59 39 59 90 33 70 12
28 31 82 90 33 70 12
31 15 34 50 4 39 12
9 15 11 45 2 6 13
81 55 55 88 55 68 13
45 2 6 34 2 20 14
63 93 13 54 81 22 15
57 46 4 65 30 0 16
9 15 11 7 31 16 16
