36 0 22 17 1 21 1
22 11 4 41 12 5 1
3 8 2 40 7 2 1
46 48 22 26 47 22 1
32 13 5 41 12 5 1
49 1 48 10 0 46 2
45 36 17 8 35 19 2
8 35 19 37 37 21 2
40 7 2 39 4 4 3
22 11 4 3 8 2 3
32 13 5 51 16 3 3
0 43 47 18 45 44 3
0 43 47 35 46 47 3
11 28 24 5 28 21 3
29 19 21 38 20 24 3
24 37 46 47 39 43 3
42 14 23 33 12 20 3
9 39 31 2 41 35 4
35 46 47 12 44 51 4
50 17 45 27 13 47 4
44 30 10 1 29 14 4
15 35 42 24 37 46 4
47 39 43 30 42 40 4
6 42 23 37 37 21 5
47 39 43 0 43 47 5
26 47 22 6 42 23 5
42 14 23 29 19 21 5
7 46 35 23 50 39 5
16 41 13 13 43 8 5
11 28 24 28 25 28 5
25 51 50 35 46 47 5
2 41 35 7 46 35 5
30 42 40 2 41 35 5
45 36 17 16 41 13 6
28 25 28 38 20 24 6
31 47 16 26 47 22 6
51 16 3 48 22 6 6
4 24 0 48 22 6 6
19 22 49 50 17 45 6
14 28 43 15 35 42 7
8 35 19 1 29 14 7
5 28 21 1 29 14 7
28 25 28 21 27 35 7
34 11 13 33 12 20 7
41 12 5 34 11 13 8
19 22 49 14 28 43 8
43 17 37 50 17 45 8
21 27 35 14 28 43 8
44 30 10 20 35 2 9
33 12 20 17 1 21 11
27 13 47 49 1 48 12
