31 24 21 92 25 22 1
22 37 7 26 36 9 2
88 6 58 64 4 59 2
18 48 73 30 47 75 2
0 86 33 43 85 35 2
15 49 42 19 51 40 2
29 7 45 61 5 43 2
14 16 37 34 18 36 2
81 30 85 73 32 88 3
46 34 15 4 31 17 3
92 25 22 96 28 20 3
14 16 37 38 16 41 4
53 86 40 55 90 39 4
25 77 31 37 76 27 4
8 75 74 41 79 75 4
13 10 39 39 11 35 4
22 37 7 23 33 5 4
1 15 20 87 11 20 4
96 28 20 4 31 17 4
83 81 52 57 81 56 4
82 63 71 27 58 68 5
82 63 71 65 66 67 5
67 81 27 25 77 31 5
25 77 31 75 79 36 5
9 57 90 35 61 94 5
39 11 35 14 16 37 5
90 19 78 28 22 73 5
53 86 40 43 85 35 5
65 66 67 72 71 69 5
5 88 7 20 87 2 5
83 81 52 91 80 47 5
13 10 39 61 5 43 6
75 79 36 43 85 35 6
36 8 86 11 2 85 6
37 76 27 56 74 21 6
26 36 9 46 34 15 6
68 73 41 2 73 47 6
94 86 80 50 89 74 6
72 71 69 8 75 74 6
45 19 4 44 13 2 6
7 8 77 40 13 73 6
70 5 71 7 8 77 6
95 45 2 69 51 1 6
49 5 33 39 11 35 6
56 74 21 59 69 16 7
66 13 9 45 19 4 7
73 32 88 10 27 93 7
90 19 78 40 13 73 7
24 39 72 63 35 78 7
69 51 1 17 51 8 7
94 86 80 32 92 85 7
75 79 36 68 73 41 7
10 27 93 79 21 88 7
30 47 75 60 52 81 7
6 41 90 16 48 89 7
62 56 61 27 58 68 7
76 48 15 17 51 8 7
2 73 47 91 80 47 7
74 32 27 96 28 20 8
94 86 80 41 79 75 8
47 79 67 8 75 74 8
21 14 62 54 22 61 8
81 30 85 63 35 78 8
60 52 81 16 48 89 8
5 88 7 12 81 12 8
31 24 21 71 22 13 8
86 45 49 15 49 42 8
76 48 15 89 41 19 8
30 47 75 24 39 72 8
89 41 19 46 34 15 8
88 6 58 21 14 62 8
76 48 15 80 53 22 8
48 55 33 19 51 40 8
9 57 90 16 48 89 9
71 22 13 45 19 4 9
31 24 21 1 15 20 9
36 8 86 7 8 77 9
79 21 88 90 19 78 10
33 65 26 59 69 16 10
58 65 83 9 57 90 10
2 73 47 3 67 56 10
21 14 62 40 13 73 11
12 81 12 56 74 21 11
85 31 54 93 27 43 11
55 90 39 42 94 50 11
77 38 40 15 49 42 11
77 38 40 93 27 43 11
80 53 22 48 55 33 11
78 45 62 62 56 61 11
38 16 41 93 27 43 11
85 31 54 54 22 61 11
24 39 72 78 45 62 11
65 66 67 3 67 56 11
44 13 2 51 0 4 13
5 88 7 84 95 20 14
52 68 2 59 69 16 14
