63 35 48 57 35 48 0
49 29 20 77 30 20 1
51 61 74 21 60 74 1
14 65 6 61 64 8 2
72 66 24 4 66 26 2
38 51 63 20 53 63 2
8 58 37 74 59 35 2
28 24 32 75 22 31 2
62 69 19 56 70 17 2
30 26 5 41 27 3 2
17 53 65 20 53 63 2
72 66 24 12 65 22 2
19 63 20 12 65 22 2
18 58 31 39 56 29 2
13 47 50 27 48 48 2
39 56 29 5 53 28 3
33 69 28 4 66 26 3
52 74 12 58 71 13 3
75 22 31 34 21 34 3
48 42 44 68 43 47 3
22 24 9 30 26 5 4
2 72 63 54 72 59 4
43 65 12 61 64 8 4
58 71 13 56 70 17 4
10 34 39 23 38 40 4
32 75 41 78 71 43 4
39 56 29 55 57 25 4
74 59 35 18 58 31 4
11 59 10 61 64 8 5
62 69 19 12 65 22 5
68 43 47 13 47 50 5
23 38 40 48 42 44 5
67 45 3 70 47 8 5
15 34 24 77 30 20 5
6 50 4 70 47 8 5
5 53 28 65 48 31 5
71 40 61 76 37 66 5
44 0 55 79 1 50 5
64 29 27 15 34 24 5
71 40 61 73 39 55 6
60 53 10 70 47 8 6
60 53 10 11 59 10 6
69 53 71 17 53 65 6
9 10 61 7 4 61 6
25 56 79 21 60 74 6
29 13 77 50 12 71 6
43 65 12 58 71 13 6
14 65 6 53 71 4 6
46 15 26 59 9 28 6
54 72 59 40 66 56 6
47 71 50 78 71 43 7
21 60 74 69 53 71 7
47 71 50 40 66 56 7
55 57 25 19 63 20 7
31 60 63 20 53 63 7
1 15 55 9 10 61 7
44 0 55 7 4 61 7
16 60 0 14 65 6 7
64 29 27 28 24 32 7
37 74 33 33 69 28 7
73 39 55 57 35 48 8
46 15 26 75 22 31 8
68 43 47 63 35 48 8
0 49 40 27 48 48 8
32 75 41 37 74 33 8
31 60 63 40 66 56 9
66 30 59 73 39 55 9
42 56 54 31 60 63 9
79 1 50 45 10 46 9
26 4 79 29 13 77 9
3 21 43 34 21 34 9
2 72 63 24 73 72 9
8 58 37 0 49 40 9
35 42 19 15 34 24 9
50 12 71 9 10 61 10
45 10 46 3 21 43 11
36 15 2 30 26 5 11
70 47 8 35 42 19 12
49 29 20 22 24 9 12
