17 59 2 42 58 1 1
49 42 18 0 43 18 1
1 20 7 45 19 5 2
58 53 57 10 53 55 2
43 47 34 53 46 36 2
9 55 58 4 57 59 2
34 17 26 16 15 25 2
19 17 3 20 16 1 2
26 21 21 51 19 23 2
12 15 12 23 13 11 2
60 11 59 28 13 58 2
58 53 57 9 55 58 2
45 19 5 19 17 3 2
27 33 55 13 31 56 2
55 38 34 11 39 37 3
51 19 23 34 17 26 3
36 42 21 0 43 18 3
52 7 10 30 7 7 3
29 20 27 34 17 26 3
53 46 36 40 43 37 3
36 42 21 14 40 24 3
38 54 46 39 51 49 4
7 22 33 46 18 34 4
15 14 21 16 15 25 4
25 24 40 50 20 39 4
54 51 16 48 52 20 4
1 20 7 21 24 6 4
11 39 37 40 43 37 4
39 51 49 2 47 49 4
58 53 57 59 48 60 5
35 57 30 37 52 28 5
40 43 37 8 43 42 5
48 52 20 3 47 21 5
47 6 2 30 7 7 5
3 47 21 36 42 21 5
46 18 34 50 20 39 5
52 7 10 23 13 11 6
21 24 6 32 26 12 6
29 20 27 7 22 33 6
55 38 34 44 32 35 6
6 25 0 21 24 6 6
53 46 36 5 51 40 6
5 51 40 38 54 46 6
10 53 55 39 51 49 6
57 43 0 41 38 4 6
47 6 2 56 0 1 6
18 1 48 22 1 41 7
43 47 34 37 52 28 7
12 15 12 1 20 7 7
31 8 51 18 1 48 7
49 42 18 24 35 15 7
31 8 51 60 11 59 8
48 52 20 37 52 28 8
24 35 15 32 26 12 9
13 31 56 33 23 51 9
12 15 12 15 14 21 9
41 38 4 24 35 15 11
33 23 51 25 24 40 11
33 23 51 28 13 58 12
42 58 1 57 43 0 15
