4 67 66 8 67 66 0
24 12 12 22 11 11 1
65 9 56 11 8 55 1
29 63 25 38 61 24 2
15 39 8 45 39 6 2
55 14 11 24 12 12 2
19 47 65 69 48 67 2
10 7 19 0 7 21 2
28 65 54 52 67 53 2
40 19 28 63 20 26 2
66 47 39 42 48 41 2
10 7 19 48 10 19 3
45 39 6 53 42 8 3
25 68 56 52 67 53 3
23 9 38 9 12 39 3
62 37 39 34 36 42 3
7 50 49 64 49 52 3
1 29 68 56 26 68 3
15 39 8 58 36 9 3
67 40 41 62 37 39 3
57 28 43 61 32 43 4
17 16 25 40 19 28 4
49 0 25 46 2 29 4
68 27 64 56 26 68 4
61 32 43 34 36 42 4
49 0 25 2 1 21 4
3 23 62 68 27 64 4
18 34 56 39 30 55 4
14 33 47 61 32 43 4
26 47 34 66 47 39 5
21 32 4 35 27 5 5
18 34 56 27 37 52 5
59 38 1 45 39 6 5
13 13 30 17 16 25 5
54 41 25 5 38 19 6
21 32 4 58 36 9 6
37 13 5 22 11 11 6
47 10 49 11 8 55 6
31 53 62 19 47 65 6
10 7 19 2 1 21 6
70 55 68 31 53 62 6
50 64 47 52 67 53 6
32 69 27 29 63 25 6
35 27 5 44 28 11 6
27 37 52 14 33 47 6
33 51 20 6 50 26 6
66 47 39 67 40 41 7
16 58 52 50 64 47 7
29 63 25 60 61 32 7
24 12 12 48 10 19 7
43 59 17 38 61 24 7
57 28 43 51 21 45 7
26 47 34 6 50 26 8
7 50 49 16 58 52 8
33 51 20 43 59 17 8
48 10 19 17 16 25 8
42 48 41 7 50 49 8
11 8 55 36 4 63 8
23 9 38 13 13 30 8
12 56 41 42 48 41 8
68 27 64 39 30 55 9
6 50 26 54 41 25 9
31 53 62 64 49 52 10
9 12 39 47 10 49 10
9 12 39 51 21 45 10
22 11 11 41 1 8 10
25 68 56 4 67 66 10
58 36 9 5 38 19 10
20 70 13 43 59 17 11
30 63 1 20 70 13 13
