37 116 53 61 117 54 1
104 113 27 69 112 27 1
102 26 136 127 25 136 1
135 15 94 114 16 93 1
92 4 77 29 5 77 1
114 16 93 89 16 92 1
115 149 37 72 149 38 1
5 133 32 25 134 30 2
99 2 75 92 4 77 2
23 3 140 26 1 140 2
64 119 37 78 121 36 2
43 128 10 121 130 10 2
64 119 37 125 120 39 2
6 96 137 108 98 137 2
79 130 12 121 130 10 2
63 40 5 54 40 7 2
107 134 23 18 136 21 2
101 125 12 43 128 10 3
20 130 15 79 130 12 3
87 13 108 68 16 107 3
44 75 10 13 72 10 3
95 86 26 48 89 27 3
147 125 56 46 122 58 3
130 135 109 123 137 106 3
32 145 28 10 148 26 3
18 136 21 12 138 18 3
132 21 71 15 17 69 4
7 84 98 140 80 98 4
86 40 14 142 44 13 4
63 40 5 105 43 2 4
76 67 54 41 63 54 4
84 137 83 136 140 86 4
2 23 2 16 22 6 4
120 30 108 144 29 112 4
113 73 28 122 69 30 4
1 35 55 128 38 60 5
8 87 127 97 82 128 5
110 111 92 14 109 87 5
55 28 95 151 23 97 5
117 25 105 120 30 108 5
60 6 113 116 1 115 5
124 91 124 8 87 127 5
73 14 99 135 15 94 5
14 109 87 133 112 82 5
3 140 134 150 140 128 6
19 35 150 17 41 147 6
49 9 140 23 3 140 6
130 135 109 28 137 115 6
76 67 54 119 70 48 6
146 36 125 51 30 122 6
50 11 13 91 10 19 6
61 117 54 46 122 58 6
111 56 48 38 62 48 6
41 63 54 38 62 48 6
22 115 11 58 115 17 6
72 149 38 88 142 36 7
55 28 95 40 28 88 7
131 30 67 9 23 64 7
97 82 128 112 76 133 7
9 23 64 132 21 71 7
65 97 58 137 97 65 7
25 134 30 107 134 23 7
142 44 13 54 40 7 7
126 98 124 81 105 123 7
142 44 13 129 51 12 7
90 47 81 33 40 79 7
126 98 124 124 91 124 7
0 83 0 53 88 5 7
151 23 97 89 16 92 8
73 14 99 68 16 107 8
18 136 21 20 130 15 8
145 139 45 141 144 52 8
6 96 137 80 88 141 8
31 97 73 137 97 65 8
4 112 119 81 105 123 8
30 54 141 143 53 133 8
11 63 110 71 59 103 8
75 93 50 65 97 58 8
59 63 121 62 71 121 8
34 43 52 1 35 55 8
60 6 113 87 13 108 8
32 145 28 88 142 36 8
117 25 105 151 23 97 8
96 84 18 95 86 26 8
64 119 37 94 111 39 8
148 150 84 47 147 75 9
145 139 45 88 142 36 9
91 10 19 93 19 21 9
88 142 36 5 133 32 9
127 25 136 83 17 131 9
81 105 123 85 101 114 9
98 4 49 82 11 56 9
71 59 103 134 64 95 9
100 134 57 147 125 56 9
128 38 60 131 30 67 10
148 150 84 136 140 86 10
36 112 63 37 116 53 10
67 39 137 17 41 147 10
45 111 143 149 109 133 10
128 38 60 24 47 65 10
77 146 143 3 140 134 10
81 105 123 149 109 133 10
101 125 12 22 115 11 10
69 112 27 58 115 17 10
39 15 121 83 17 131 10
91 10 19 21 2 25 10
51 30 122 144 29 112 10
74 40 108 120 30 108 10
75 93 50 138 85 43 10
129 51 12 52 61 6 11
141 144 52 100 134 57 11
149 109 133 108 98 137 11
64 119 37 104 113 27 11
139 101 26 69 112 27 11
11 63 110 59 63 121 11
4 112 119 103 113 108 11
56 79 55 119 70 48 11
50 11 13 27 9 2 11
118 27 44 35 36 37 11
13 72 10 52 61 6 11
86 40 14 109 32 22 11
136 140 86 70 130 94 12
0 83 0 44 75 10 12
56 79 55 66 81 67 12
83 17 131 49 9 140 12
96 84 18 44 75 10 12
139 101 26 48 89 27 12
39 15 121 60 6 113 12
67 39 137 146 36 125 12
62 71 121 112 76 133 13
50 11 13 16 22 6 13
95 86 26 113 73 28 13
124 91 124 42 84 113 13
1 35 55 118 27 44 13
123 137 106 70 130 94 13
28 137 115 150 140 128 13
56 79 55 138 85 43 13
111 56 48 34 43 52 13
93 19 21 109 32 22 13
82 11 56 15 17 69 14
30 54 141 17 41 147 14
29 5 77 15 17 69 14
45 111 143 57 125 142 14
42 84 113 140 80 98 15
33 40 79 131 30 67 15
143 53 133 59 63 121 15
109 32 22 35 36 37 15
111 56 48 106 52 33 15
40 28 88 33 40 79 15
110 111 92 103 113 108 16
3 140 134 57 125 142 17
