103 90 54 5 90 54 0
61 0 43 8 0 44 1
34 5 82 45 4 82 1
69 98 18 64 97 19 1
99 103 80 93 104 82 2
51 87 77 35 87 79 2
54 4 17 75 3 19 2
78 53 66 1 53 68 2
24 1 84 28 3 86 2
24 1 84 45 4 82 3
91 90 51 72 87 51 3
13 2 28 85 1 25 3
94 38 45 81 35 46 3
35 87 79 38 89 82 3
70 94 36 65 91 37 3
24 1 84 33 0 81 3
5 90 54 91 90 51 3
100 17 100 40 20 102 3
32 76 63 97 73 65 3
92 16 88 90 19 86 3
43 28 39 46 30 36 3
20 35 58 48 38 61 4
40 20 102 62 20 106 4
28 3 86 30 7 87 4
21 8 19 54 4 17 4
57 7 46 89 12 45 5
69 98 18 19 103 16 5
80 23 91 76 28 89 5
66 85 36 74 88 41 5
47 16 77 88 14 72 5
70 94 36 49 90 32 5
61 0 43 86 1 38 5
79 14 67 88 14 72 5
19 103 16 73 103 11 5
102 57 93 16 61 97 5
97 73 65 7 69 62 5
89 12 45 68 9 40 5
65 91 37 74 88 41 5
48 38 61 23 41 66 5
95 89 10 55 84 6 6
26 61 56 10 66 52 6
87 82 44 74 88 41 6
90 19 86 80 23 91 6
20 35 58 106 29 59 6
75 3 19 85 1 25 6
2 18 42 89 12 45 6
95 89 10 58 95 11 6
57 7 46 8 0 44 7
21 8 19 37 9 26 7
9 91 24 64 97 19 7
96 77 39 87 82 44 7
59 10 57 77 3 59 7
69 98 18 58 95 11 7
98 40 38 94 38 45 7
37 9 26 60 16 23 7
18 75 72 97 73 65 7
98 40 38 22 47 36 7
9 91 24 49 90 32 8
36 46 44 98 40 38 8
63 95 76 51 87 77 8
53 77 55 32 76 63 8
39 23 31 44 28 24 8
84 67 25 12 59 23 8
46 30 36 39 23 31 8
99 103 80 63 95 76 8
41 98 90 56 90 94 8
42 35 29 46 30 36 8
25 54 49 31 50 56 8
14 104 64 52 96 67 8
72 87 51 87 82 44 8
43 28 39 81 35 46 9
17 42 106 0 49 100 9
4 99 99 41 98 90 9
26 61 56 25 54 49 9
63 95 76 52 96 67 9
25 54 49 36 46 44 9
90 19 86 47 16 77 9
92 16 88 30 7 87 9
6 8 8 54 4 17 9
71 72 104 105 82 105 10
39 23 31 60 16 23 10
93 104 82 41 98 90 10
100 17 100 80 23 91 10
3 35 4 11 27 10 10
106 29 59 101 27 69 10
2 18 42 43 28 39 10
10 66 52 7 69 62 10
83 66 88 16 61 97 10
55 84 6 27 75 12 10
72 87 51 53 77 55 10
102 57 93 0 49 100 10
78 53 66 31 50 56 10
79 14 67 59 10 57 10
57 7 46 59 10 57 11
82 59 39 25 54 49 11
50 106 38 70 94 36 12
1 53 68 23 41 66 12
15 47 19 12 59 23 12
67 104 50 50 106 38 12
71 72 104 16 61 97 13
35 87 79 18 75 72 13
56 90 94 105 82 105 13
104 3 100 30 7 87 13
11 27 10 44 28 24 14
27 75 12 84 67 25 15
29 59 0 27 75 12 20
