130 1 14 52 1 14 0
82 161 162 89 162 162 1
69 160 160 107 159 160 1
153 160 45 101 158 43 2
85 29 41 103 30 43 2
132 118 10 145 118 12 2
82 161 162 107 159 160 2
10 34 18 152 33 16 2
24 22 117 36 20 116 2
83 34 20 10 34 18 2
94 96 132 59 94 134 2
108 44 53 1 46 53 2
47 70 154 79 71 152 2
77 53 48 58 55 50 2
19 28 124 102 26 122 2
31 159 76 0 160 78 2
84 36 23 83 34 20 3
33 30 148 45 31 145 3
24 22 117 25 23 114 3
129 10 79 8 12 76 3
100 5 76 92 6 73 3
28 142 159 97 139 161 3
152 33 16 27 33 13 3
77 53 48 43 53 45 3
28 142 159 110 145 158 3
138 7 155 62 10 157 3
35 50 22 72 51 26 4
146 144 124 44 146 120 4
76 136 29 139 134 25 4
136 145 130 141 141 128 4
118 40 32 40 36 31 4
55 49 43 43 53 45 4
65 128 159 13 131 156 4
98 50 54 1 46 53 4
115 4 146 106 8 150 5
159 96 151 37 97 156 5
100 5 76 129 10 79 5
54 102 158 37 97 156 5
160 95 139 109 95 144 5
118 40 32 4 45 31 5
66 124 156 65 128 159 5
74 34 36 40 36 31 5
42 109 107 48 113 111 5
127 46 36 4 45 31 5
44 146 120 49 149 116 5
99 154 117 49 149 116 5
146 144 124 141 141 128 5
5 5 44 151 1 47 5
73 154 11 81 159 14 5
160 95 139 59 94 134 5
106 8 150 138 7 155 5
98 50 54 77 53 48 6
62 10 157 90 16 158 6
116 88 59 23 93 55 6
14 104 119 124 110 122 6
56 93 71 3 99 72 6
158 118 40 143 112 41 6
51 45 144 29 48 150 6
102 26 122 24 22 117 6
87 57 28 72 51 26 6
122 92 21 131 97 17 6
41 51 97 12 57 96 6
80 130 65 22 129 59 6
76 136 29 39 142 30 6
144 139 152 28 142 159 7
15 40 14 10 34 18 7
74 34 36 85 29 41 7
150 17 47 126 24 48 7
127 46 36 55 49 43 7
51 45 144 2 42 137 7
68 104 66 3 99 72 7
151 1 47 64 0 54 7
103 30 43 121 34 49 7
4 45 31 72 51 26 7
53 103 128 95 96 125 7
140 129 87 71 125 81 7
111 6 37 5 5 44 7
71 125 81 154 130 75 7
159 96 151 109 95 144 7
126 24 48 103 30 43 7
95 96 125 94 96 132 7
86 54 123 30 50 131 8
52 1 14 135 7 8 8
142 81 64 116 88 59 8
155 143 104 133 149 98 8
50 36 104 117 36 96 8
85 29 41 17 25 34 8
78 122 144 128 127 137 8
84 36 23 40 36 31 8
147 111 132 53 103 128 8
63 69 33 26 77 30 8
70 120 106 48 113 111 8
13 131 156 144 139 152 8
125 27 56 126 24 48 8
105 27 137 45 31 145 8
21 33 112 50 36 104 8
38 30 1 114 21 1 9
88 68 21 156 60 16 9
113 72 60 142 81 64 9
53 103 128 14 104 119 9
137 139 64 80 130 65 9
18 99 98 148 102 88 10
21 33 112 25 23 114 10
60 158 147 46 158 137 10
162 110 95 148 102 88 10
61 61 59 58 55 50 10
71 125 81 104 119 73 10
154 130 75 80 130 65 10
34 69 72 96 76 80 10
157 60 158 47 70 154 10
155 143 104 16 134 109 10
2 42 137 30 50 131 10
124 110 122 48 113 111 11
68 104 66 112 105 55 11
76 136 29 6 132 40 11
61 61 59 113 72 60 11
156 60 16 35 50 22 11
38 30 1 27 33 13 12
66 124 156 78 122 144 12
112 105 55 23 93 55 12
108 44 53 7 39 64 12
119 67 114 75 78 120 12
93 65 5 156 60 16 12
88 68 21 26 77 30 12
42 109 107 162 110 95 12
150 17 47 5 5 44 12
32 67 140 79 71 152 12
117 36 96 123 29 86 12
79 71 152 161 81 145 12
101 158 43 9 147 48 12
11 82 13 122 92 21 12
34 69 72 113 72 60 12
143 112 41 149 100 43 12
107 159 160 60 158 147 13
132 118 10 134 130 5 13
155 143 104 49 149 116 13
23 93 55 149 100 43 13
19 28 124 105 27 137 13
45 31 145 2 42 137 13
70 120 106 16 134 109 14
157 60 158 29 48 150 14
91 86 41 149 100 43 14
67 115 26 158 118 40 14
161 81 145 109 95 144 14
120 46 1 15 40 14 14
46 158 137 136 145 130 14
110 145 158 107 159 160 14
6 132 40 158 118 40 14
20 19 20 152 33 16 14
57 84 162 37 97 156 14
145 118 12 67 115 26 14
114 21 1 135 7 8 15
117 36 96 41 51 97 15
119 67 114 86 54 123 15
68 104 66 104 119 73 16
11 82 13 88 68 21 16
3 99 72 148 102 88 16
9 147 48 6 132 40 17
90 16 158 33 30 148 17
64 0 54 92 6 73 19
0 160 78 133 149 98 22
39 142 30 73 154 11 22
