28 4 26 25 5 25 1
23 15 30 9 14 28 2
24 19 15 26 18 17 2
1 7 10 21 9 8 2
30 7 7 21 9 8 2
7 19 6 14 20 4 2
33 9 31 2 8 29 2
23 15 30 6 18 32 3
4 27 26 34 28 23 3
24 19 15 11 22 17 3
27 17 24 35 16 21 3
32 12 25 9 14 28 3
14 20 4 15 23 4 3
22 30 33 12 34 32 4
7 19 6 17 22 9 4
33 9 31 0 9 35 4
18 32 22 3 35 19 4
10 29 15 13 28 11 4
22 30 33 29 27 30 4
14 20 4 19 16 2 4
34 28 23 18 32 22 4
15 23 4 20 27 2 4
35 16 21 26 18 17 4
4 27 26 29 27 30 4
16 27 7 13 28 11 4
27 17 24 9 14 28 5
33 9 31 9 14 28 5
15 23 4 16 27 7 5
2 8 29 28 4 26 5
21 9 8 31 13 11 5
24 19 15 17 22 9 6
10 29 15 18 32 22 7
31 13 11 7 19 6 7
25 5 25 5 2 18 7
20 27 2 8 35 5 8
