79 25 35 15 26 36 1
124 32 1 116 32 2 1
77 102 12 73 102 11 1
35 56 126 70 57 126 1
114 120 65 91 122 63 2
48 17 53 58 15 55 2
125 41 102 121 39 100 2
4 38 44 64 39 42 2
69 18 56 58 15 55 3
43 47 112 92 50 113 3
68 73 6 62 71 9 3
74 90 16 46 89 19 3
104 49 48 108 51 51 3
126 39 106 14 42 106 3
75 59 0 52 62 0 3
10 70 125 76 69 128 3
26 91 95 78 94 97 3
67 23 116 129 24 113 3
97 54 103 102 52 99 4
54 68 114 24 64 115 4
96 125 95 65 123 91 4
87 26 84 90 30 86 4
14 42 106 125 41 102 4
41 110 4 63 112 8 4
101 92 9 83 88 7 4
114 120 65 94 116 64 4
1 48 43 104 49 48 5
46 89 19 127 85 23 5
99 94 120 66 89 121 5
49 5 73 112 0 73 5
66 89 121 111 84 121 5
43 47 112 100 43 116 5
89 11 70 17 16 70 5
106 73 85 120 76 80 5
29 34 115 9 36 120 5
116 32 2 18 28 6 5
65 123 91 85 127 88 5
118 45 64 103 41 67 5
37 82 17 6 79 21 5
11 80 84 120 76 80 5
4 38 44 30 41 49 5
38 110 65 94 116 64 6
24 64 115 2 58 112 6
64 39 42 25 37 36 6
8 25 28 39 31 26 6
77 102 12 57 100 18 6
84 75 121 10 70 125 6
6 79 21 127 85 23 6
47 69 98 95 75 101 6
84 75 121 13 74 115 6
89 11 70 49 5 73 6
33 114 50 23 120 52 6
30 41 49 56 41 55 6
13 74 115 54 68 114 6
3 117 112 93 112 118 7
109 4 12 98 1 5 7
8 25 28 79 25 35 7
59 77 91 11 80 84 7
85 127 88 32 121 83 7
105 62 42 50 55 41 7
81 90 33 21 96 29 7
14 42 106 43 47 112 7
50 55 41 1 48 43 7
12 22 123 67 23 116 7
74 90 16 101 92 9 7
92 50 113 2 58 112 8
88 48 3 45 41 8 8
100 43 116 9 36 120 8
105 62 42 122 64 50 8
30 41 49 104 49 48 8
115 9 90 60 16 86 8
44 85 113 66 89 121 8
107 28 14 18 28 6 8
28 18 22 55 10 18 8
45 41 8 72 46 15 8
109 4 12 55 10 18 8
120 76 80 7 73 71 9
86 15 10 55 10 18 9
16 73 54 122 64 50 9
78 94 97 119 100 90 9
34 116 33 22 107 29 9
111 84 121 84 75 121 9
56 41 55 118 45 64 9
110 38 91 121 39 100 9
2 58 112 97 54 103 9
8 25 28 28 18 22 9
115 9 90 113 16 96 9
110 38 91 90 30 86 9
73 102 11 63 112 8 10
60 16 86 87 26 84 10
29 34 115 129 24 113 10
116 32 2 45 41 8 10
73 102 11 101 92 9 10
117 41 26 25 37 36 10
47 69 98 59 77 91 10
40 58 77 51 49 82 10
35 56 126 0 46 128 10
102 52 99 5 58 91 10
123 96 80 119 100 90 10
113 16 96 27 8 102 10
39 31 26 117 41 26 10
75 59 0 88 48 3 11
57 100 18 21 96 29 11
61 113 129 93 112 118 11
42 97 69 123 96 80 11
128 12 128 12 22 123 11
23 120 52 91 122 63 11
22 107 29 21 96 29 11
0 46 128 9 36 120 12
117 41 26 72 46 15 12
52 62 0 68 73 6 12
20 121 21 82 126 10 12
31 126 40 34 116 33 12
3 117 112 19 112 101 12
51 49 82 5 58 91 12
62 71 9 37 82 17 13
38 110 65 42 97 69 13
78 94 97 53 101 108 13
58 15 55 71 2 56 13
31 126 40 23 120 52 13
99 94 120 53 101 108 13
53 101 108 19 112 101 13
47 69 98 5 58 91 13
20 121 21 34 116 33 13
80 77 40 16 73 54 14
17 16 70 69 18 56 14
19 112 101 96 125 95 14
33 114 50 36 99 51 15
89 11 70 60 16 86 16
