15 34 17 11 34 18 1
12 26 4 3 26 3 1
26 26 22 14 28 24 2
16 29 16 32 27 15 2
21 1 18 29 3 17 2
28 6 32 1 6 30 2
15 34 17 6 32 17 2
32 27 15 23 27 13 2
19 11 25 13 14 26 3
16 29 16 6 32 17 3
4 9 2 22 7 5 3
30 23 23 26 26 22 3
0 14 32 18 14 29 3
28 6 32 9 9 32 3
21 1 18 33 0 21 3
13 14 26 18 14 29 3
8 20 7 2 19 10 3
3 26 3 34 29 0 4
20 19 25 30 23 23 4
31 25 8 12 26 4 4
18 14 29 9 9 32 5
31 25 8 23 27 13 5
2 19 10 7 20 15 5
20 19 25 13 14 26 5
31 25 8 8 20 7 5
27 28 32 5 34 29 6
26 26 22 16 29 16 6
28 6 32 10 0 34 6
5 34 29 14 28 24 7
24 33 9 23 27 13 7
22 7 5 25 0 5 7
2 19 10 17 11 13 8
22 7 5 17 11 13 8
17 11 13 29 3 17 8
