62 33 19 30 32 19 1
48 4 25 46 4 24 1
52 29 16 23 29 15 1
18 7 3 26 6 2 1
43 11 46 22 9 47 2
32 70 17 31 71 15 2
42 24 28 64 26 30 2
16 54 11 11 52 13 2
59 18 14 37 15 13 3
48 4 25 47 3 28 3
74 54 8 16 54 11 3
55 43 26 28 41 29 3
10 76 79 19 79 79 3
26 6 2 77 3 0 3
45 25 18 3 23 21 3
78 7 70 68 6 67 3
66 23 63 58 19 65 4
49 23 9 80 27 10 4
27 71 47 6 73 51 4
15 73 39 40 71 43 4
70 68 28 35 69 32 4
42 24 28 81 20 27 4
76 81 68 54 81 64 4
52 29 16 30 32 19 4
45 25 18 52 29 16 4
56 48 15 11 52 13 4
29 2 67 68 6 67 4
40 71 43 27 71 47 4
78 7 70 13 11 71 4
50 31 71 17 35 71 4
12 15 7 69 13 2 5
25 31 30 64 26 30 5
14 28 23 3 23 21 5
8 35 25 79 36 30 5
67 10 12 37 15 13 5
66 23 63 41 26 67 5
24 31 6 80 27 10 5
28 41 29 79 36 30 5
79 36 30 25 31 30 5
29 2 67 39 1 62 5
24 31 6 33 28 1 5
80 27 10 23 29 15 5
63 51 55 60 45 54 6
46 4 24 36 10 26 6
14 28 23 42 24 28 6
11 52 13 2 57 17 6
36 10 26 21 11 20 6
37 15 13 12 15 7 6
5 7 60 39 1 62 6
44 62 62 0 65 56 6
1 62 25 70 68 28 6
50 31 71 41 26 67 6
53 76 11 31 71 15 6
18 7 3 69 13 2 6
71 40 13 61 44 8 6
59 18 14 49 23 9 7
9 54 64 57 60 69 7
72 54 46 73 61 44 7
57 60 69 4 67 68 7
44 62 62 57 60 69 7
7 80 54 6 73 51 7
38 17 37 20 10 38 7
34 1 16 46 4 24 8
20 10 38 43 11 46 8
21 11 20 37 15 13 8
35 69 32 15 73 39 8
75 1 44 22 9 47 8
71 40 13 56 48 15 8
65 73 3 53 76 11 8
51 13 80 13 11 71 9
6 73 51 0 65 56 9
9 54 64 63 51 55 9
1 62 25 2 57 17 9
72 54 46 63 51 55 9
71 40 13 62 33 19 9
38 17 37 81 20 27 10
13 11 71 58 19 65 10
54 81 64 7 80 54 10
76 81 68 19 79 79 11
70 68 28 32 70 17 11
5 7 60 22 9 47 13
