36 120 124 50 120 124 0
136 140 95 34 139 94 1
38 80 80 83 81 79 1
56 9 107 17 8 108 1
10 133 25 46 132 24 1
7 94 88 25 92 89 2
65 10 109 17 8 108 2
111 127 76 68 128 78 2
43 120 14 141 122 16 2
9 125 14 80 127 12 2
105 101 123 30 99 122 2
45 24 33 71 24 35 2
88 67 21 138 66 23 2
102 72 59 37 74 61 2
91 127 93 125 124 92 3
75 114 130 48 116 127 3
1 53 101 55 50 99 3
141 122 16 9 125 14 3
96 38 18 67 37 15 3
28 127 38 33 131 38 4
42 119 140 23 116 137 4
18 132 20 46 132 24 4
103 38 22 96 38 18 4
12 116 12 43 120 14 4
132 110 137 109 105 138 5
91 127 93 95 132 92 5
48 116 127 50 120 124 5
35 9 44 79 13 48 5
48 116 127 97 120 131 5
131 88 93 25 92 89 5
22 82 123 110 80 128 5
20 57 8 29 60 12 5
66 6 117 140 6 122 5
10 133 25 108 138 28 5
73 18 45 79 13 48 5
85 4 112 17 8 108 5
19 100 138 109 105 138 5
44 19 63 128 20 58 5
57 27 25 69 32 23 5
10 133 25 13 130 30 5
81 0 128 51 2 133 5
59 32 44 70 37 46 5
85 4 112 66 6 117 5
8 113 8 12 116 12 5
116 22 105 16 22 99 6
123 88 126 22 82 123 6
94 30 115 112 25 119 6
131 88 93 122 87 99 6
69 32 23 134 34 29 6
103 38 22 69 32 23 6
70 37 46 53 35 52 6
132 110 137 23 116 137 6
1 53 101 24 52 107 6
32 75 53 102 72 59 6
101 31 122 112 25 119 6
127 113 121 48 116 127 6
135 115 2 8 113 8 6
6 5 49 35 9 44 6
62 27 80 77 25 73 7
45 24 33 26 17 31 7
89 11 35 26 17 31 7
23 116 137 97 120 131 7
2 103 96 121 110 96 7
61 22 112 116 22 105 7
95 132 92 34 139 94 7
137 82 87 38 80 80 7
130 7 6 58 8 13 7
63 18 71 77 25 73 7
112 25 119 61 22 112 7
14 94 102 122 87 99 7
80 127 12 15 123 6 7
3 129 113 115 128 106 7
87 36 60 129 41 67 8
137 82 87 131 88 93 8
44 19 63 63 18 71 8
74 16 23 82 20 16 8
72 61 34 114 69 33 8
39 61 99 1 53 101 8
81 0 128 140 6 122 8
133 135 45 33 131 38 8
92 46 19 99 54 23 8
92 46 19 96 38 18 8
57 27 25 45 24 33 8
13 130 30 33 131 38 8
98 50 91 55 50 99 8
74 16 23 26 17 31 8
117 98 44 118 99 36 8
53 35 52 87 36 60 8
5 69 10 29 60 12 9
49 60 74 64 53 80 9
80 127 12 18 132 20 9
120 55 66 124 63 61 9
35 9 44 89 11 35 9
70 37 46 104 41 37 9
52 5 72 107 5 63 9
124 63 61 102 72 59 9
120 55 66 49 60 74 9
119 81 67 37 74 61 9
47 9 90 21 4 82 9
4 15 127 140 6 122 10
72 61 34 93 61 44 10
27 27 140 11 17 138 10
21 4 82 52 5 72 10
93 61 44 0 51 46 10
2 103 96 14 94 102 10
101 31 122 60 41 123 10
62 27 80 139 21 88 10
121 110 96 86 110 106 10
104 41 37 134 34 29 10
138 66 23 114 69 33 10
5 69 10 88 67 21 11
16 22 99 139 21 88 11
11 17 138 4 15 127 11
30 99 122 123 88 126 11
126 34 104 94 30 115 11
98 50 91 64 53 80 11
110 80 128 84 69 130 11
40 38 90 54 41 79 11
114 69 33 41 80 35 11
60 41 123 106 44 134 11
79 13 48 128 20 58 12
98 50 91 40 38 90 12
47 9 90 139 21 88 12
29 60 12 99 54 23 12
116 22 105 65 10 109 12
129 41 67 54 41 79 12
58 8 13 74 16 23 12
127 113 121 105 101 123 12
83 81 79 119 81 67 12
91 127 93 115 128 106 13
84 69 130 100 59 121 13
95 132 92 68 128 78 14
113 60 141 84 69 130 14
3 129 113 50 120 124 14
121 110 96 125 124 92 14
31 89 23 41 80 35 15
15 123 6 78 139 1 16
118 99 36 31 89 23 16
76 92 6 31 89 23 17
76 92 6 8 113 8 21
42 119 140 90 141 140 22
