6 34 8 11 33 8 1
23 15 5 26 16 5 1
34 6 33 4 5 32 1
33 31 29 2 31 30 1
29 26 2 25 28 4 2
3 8 35 34 6 33 2
14 22 13 0 20 11 2
9 18 6 26 16 5 2
15 29 16 18 29 18 2
12 30 32 2 31 30 2
1 1 19 5 3 20 2
36 24 33 24 25 35 2
8 24 16 35 26 14 2
25 28 4 22 31 5 3
35 26 14 15 29 16 3
14 22 13 8 24 16 3
16 8 11 31 5 13 3
22 31 5 11 33 8 3
28 29 24 7 25 22 4
17 35 31 2 31 30 4
27 23 26 7 25 22 4
6 34 8 32 36 12 4
37 10 30 3 8 35 5
33 31 29 28 29 24 5
18 29 18 7 25 22 5
21 7 24 5 3 20 5
4 5 32 10 1 35 5
24 25 35 12 30 32 5
9 18 6 0 20 11 5
21 7 24 37 10 30 6
0 20 11 30 14 12 6
30 14 12 16 8 11 6
13 15 25 37 10 30 7
37 10 30 19 17 32 7
5 3 20 31 5 13 7
20 36 23 33 31 29 7
9 18 6 29 26 2 8
