59 101 95 64 101 95 0
65 63 98 82 62 97 1
11 15 68 67 14 69 1
58 103 6 90 103 5 1
89 89 27 27 90 27 1
85 64 96 65 63 98 2
103 37 15 61 36 13 2
83 22 28 91 20 28 2
101 99 59 3 101 61 2
98 55 101 76 55 99 2
7 6 29 35 8 27 2
21 45 95 0 44 93 2
2 66 60 56 68 60 2
76 55 99 81 52 101 3
48 37 79 5 39 82 3
32 15 93 94 15 96 3
75 97 4 16 99 1 3
15 77 89 14 74 88 3
91 20 28 25 17 29 3
68 82 14 34 86 15 4
78 77 25 86 73 26 4
29 31 92 12 35 92 4
60 11 96 94 15 96 4
50 9 53 63 4 51 5
18 89 94 38 86 90 5
63 4 51 43 5 46 5
19 84 95 38 86 90 5
46 13 2 28 8 0 5
40 86 31 27 90 27 5
51 20 78 39 15 75 5
73 50 46 6 47 41 5
30 66 17 9 62 14 5
71 1 42 43 5 46 5
71 1 42 74 2 37 5
62 97 65 3 101 61 5
93 52 91 70 51 86 5
46 13 2 20 18 5 5
44 95 29 27 90 27 5
69 1 29 7 6 29 5
96 19 23 91 20 28 5
90 103 5 16 99 1 5
67 14 69 39 15 75 6
49 32 8 36 27 4 6
61 36 13 49 32 8 6
50 9 53 37 15 50 6
29 31 92 84 31 98 6
22 45 35 6 47 41 6
79 25 100 84 31 98 6
66 71 94 14 74 88 6
1 65 40 47 66 46 6
97 64 31 55 67 25 6
8 76 14 68 82 14 6
86 73 26 55 67 25 6
1 65 40 87 59 40 6
37 15 50 57 22 53 7
23 61 51 47 66 46 7
75 97 4 10 91 8 7
82 62 97 76 55 99 7
103 37 15 80 44 14 7
66 71 94 85 64 96 7
103 37 15 52 36 22 7
31 87 73 41 81 78 7
10 91 8 34 86 15 8
55 67 25 30 66 17 8
21 45 95 93 52 91 8
93 52 91 76 55 99 8
74 2 37 7 6 29 8
22 45 35 77 51 29 8
57 22 53 42 30 55 8
100 16 13 20 18 5 8
33 41 102 21 45 95 8
25 17 29 35 8 27 9
97 64 31 1 65 40 9
20 18 5 36 27 4 9
70 51 86 72 60 86 9
13 25 44 57 22 53 9
99 77 60 56 68 60 9
12 35 92 0 44 93 9
15 77 89 19 84 95 9
80 44 14 102 53 17 9
4 29 64 42 30 55 9
9 62 14 102 53 17 9
5 39 82 12 35 92 10
87 59 40 73 50 46 10
23 61 51 2 66 60 10
40 86 31 78 77 25 10
100 16 13 96 19 23 10
79 25 100 94 15 96 10
60 11 96 88 1 93 10
8 76 14 30 66 17 10
15 77 89 41 81 78 11
95 43 64 17 53 70 11
59 101 95 18 89 94 12
45 57 2 26 69 1 12
28 8 0 54 1 10 12
31 87 73 62 97 65 12
62 97 65 92 102 78 13
45 57 2 9 62 14 13
11 15 68 4 29 64 14
53 0 74 67 14 69 14
4 29 64 95 43 64 14
44 95 29 24 101 42 14
51 20 78 32 15 93 15
