18 21 1 15 21 1 0
3 38 4 4 39 4 1
37 34 35 38 35 36 1
9 28 9 29 29 10 1
26 11 4 16 12 6 2
34 7 31 31 6 33 2
16 12 6 19 14 4 2
37 34 35 30 35 33 2
20 33 33 37 34 35 2
32 32 8 29 29 10 3
32 32 8 14 35 7 3
7 36 1 3 38 4 3
9 28 9 6 29 5 4
10 8 23 11 8 27 4
3 38 4 14 35 7 4
34 7 31 11 8 27 4
21 16 13 36 19 18 5
2 32 17 12 28 20 5
0 25 39 17 20 39 5
31 6 33 1 10 36 5
16 12 6 24 10 11 5
8 28 31 22 29 26 5
28 24 12 29 29 10 5
35 22 29 27 18 25 5
33 30 0 6 29 5 5
8 28 31 20 33 33 5
23 10 17 24 10 11 6
12 28 20 22 29 26 6
8 28 31 35 22 29 6
21 16 13 24 10 11 6
2 32 17 5 38 18 6
23 10 17 10 8 23 6
19 14 4 15 21 1 7
36 19 18 27 18 25 7
13 1 22 10 8 23 7
28 24 12 36 19 18 7
25 4 0 26 11 4 8
39 0 14 13 1 22 8
8 28 31 0 25 39 8
