20 29 12 17 30 13 1
15 10 18 1 10 19 1
18 4 8 2 4 7 1
19 12 17 0 13 18 1
16 14 22 24 15 21 1
31 32 19 26 31 19 1
29 5 29 7 4 29 1
23 13 13 30 15 12 2
15 10 18 19 12 17 2
22 2 30 7 4 29 2
1 10 19 9 11 21 2
28 11 29 21 12 26 3
14 20 5 10 18 8 3
8 22 22 13 22 19 3
24 15 21 0 13 18 3
26 31 19 6 28 20 3
21 12 26 16 14 22 4
12 26 9 20 29 12 4
10 18 8 32 21 11 4
19 12 17 23 13 13 4
13 22 19 3 24 15 4
28 11 29 25 16 32 5
30 15 12 10 18 8 5
3 24 15 20 29 12 5
23 13 13 5 10 8 5
11 31 24 31 32 19 5
3 24 15 32 21 11 5
13 22 19 6 28 20 6
2 4 7 5 10 8 6
29 5 29 28 11 29 6
11 31 24 27 28 30 6
4 2 18 1 10 19 8
