15 103 45 52 103 44 1
19 79 69 39 78 69 1
127 59 84 91 59 85 1
15 103 45 22 104 47 2
104 6 60 17 4 61 2
147 40 8 87 41 6 2
48 37 121 135 38 119 2
144 107 66 106 109 66 2
116 19 25 40 17 23 2
129 87 41 146 85 43 2
94 41 63 0 43 63 2
96 140 43 5 138 41 2
153 107 144 133 105 142 2
90 36 4 62 35 7 3
78 118 47 44 120 44 3
39 78 69 151 76 66 3
109 77 15 115 73 15 4
9 10 39 103 7 42 4
18 133 90 79 134 86 4
65 86 30 35 84 34 4
80 47 62 0 43 63 4
14 31 103 50 27 100 5
65 86 30 26 91 33 5
37 123 127 76 119 130 5
111 59 14 119 55 17 5
90 36 4 147 40 8 5
91 59 85 57 55 89 5
26 91 33 73 96 30 5
19 79 69 97 84 70 5
107 131 18 8 127 15 5
137 45 49 42 49 52 5
34 0 3 74 5 5 5
3 83 92 120 88 94 5
108 141 128 141 146 129 5
88 143 59 114 139 56 5
109 77 15 13 82 15 5
118 82 83 83 77 80 5
32 94 18 55 88 16 6
13 82 15 55 88 16 6
75 127 91 18 133 90 6
4 6 87 89 0 87 6
22 104 47 102 98 49 6
73 96 30 92 102 32 6
113 123 135 76 119 130 6
9 10 39 30 16 39 6
53 86 3 59 92 1 6
99 67 54 95 61 53 6
106 109 66 24 115 67 6
124 47 137 66 52 141 6
101 110 20 130 104 22 6
58 74 24 105 68 26 6
138 94 96 120 88 94 6
82 100 55 102 98 49 6
88 143 59 11 149 58 6
119 55 17 123 50 21 6
101 110 20 100 114 14 7
61 76 146 23 70 142 7
93 26 23 2 27 30 7
129 87 41 35 84 34 7
93 26 23 116 19 25 7
37 123 127 122 130 128 7
105 68 26 56 61 26 7
2 27 30 98 25 37 7
113 123 135 71 121 142 7
16 38 33 69 40 26 7
31 128 140 71 121 142 7
67 65 18 111 59 14 7
45 89 65 97 84 70 7
6 50 84 57 55 89 7
124 47 137 20 40 138 7
110 124 8 8 127 15 7
86 27 86 134 32 92 7
122 130 128 84 135 122 7
135 38 119 41 32 114 7
136 135 138 31 128 140 7
68 66 43 54 74 45 8
140 75 109 85 83 105 8
66 52 141 63 54 149 8
67 65 18 105 68 26 8
99 67 54 125 75 56 8
143 5 69 17 4 61 8
67 65 18 115 73 15 8
84 135 122 108 141 128 8
115 73 15 27 72 7 8
72 18 96 60 16 88 8
121 147 71 46 147 79 8
107 131 18 43 131 26 8
36 44 77 128 39 84 8
134 32 92 50 27 100 9
70 59 101 7 50 103 9
132 67 96 70 59 101 9
145 63 63 99 67 54 9
36 44 77 6 50 84 9
149 29 148 131 20 146 9
49 106 153 153 107 144 9
38 140 29 43 131 26 9
145 63 63 10 56 70 9
33 24 71 112 33 72 9
7 50 103 25 41 100 9
30 16 39 98 25 37 9
118 82 83 3 83 92 9
16 38 33 81 47 35 9
50 27 100 72 18 96 9
125 75 56 148 85 54 10
80 47 62 42 49 52 10
46 147 79 51 152 88 10
77 28 60 47 29 50 10
25 41 100 14 31 103 10
32 94 18 130 104 22 10
125 75 56 151 76 66 10
24 115 67 29 121 76 10
92 102 32 130 104 22 10
134 32 92 128 39 84 10
4 6 87 60 16 88 10
83 77 80 19 79 69 11
150 71 131 126 82 132 11
125 75 56 54 74 45 11
110 124 8 100 114 14 11
148 85 54 146 85 43 11
2 27 30 16 38 33 11
77 28 60 33 24 71 11
138 94 96 12 104 90 11
1 9 138 21 5 149 11
69 40 26 123 50 21 11
23 70 142 150 71 131 11
14 31 103 41 32 114 11
94 41 63 112 33 72 12
36 44 77 112 33 72 12
121 147 71 88 143 59 12
53 86 3 13 82 15 12
92 102 32 52 103 44 12
80 47 62 10 56 70 12
120 88 94 85 83 105 12
38 140 29 5 138 41 12
28 121 114 37 123 127 13
82 100 55 144 107 66 13
1 9 138 131 20 146 13
114 139 56 96 140 43 13
142 60 121 150 71 131 14
71 121 142 153 107 144 14
22 104 47 78 118 47 14
46 147 79 79 134 86 14
149 29 148 20 40 138 14
138 94 96 139 104 106 14
117 18 123 152 4 116 15
41 32 114 117 18 123 16
64 149 15 38 140 29 16
123 50 21 147 40 8 16
1 9 138 117 18 123 17
63 54 149 23 70 142 17
89 0 87 143 5 69 18
139 104 106 28 121 114 18
40 17 23 74 5 5 21
