37 8 30 4 8 30 0
97 81 34 48 80 35 1
69 24 84 52 23 86 2
3 57 111 22 59 109 2
98 103 16 47 105 16 2
25 102 33 74 104 31 2
9 110 10 82 108 8 2
7 51 50 105 53 51 2
86 91 67 71 89 67 2
26 104 27 112 105 25 2
84 93 16 85 91 16 2
83 106 46 36 105 48 2
103 56 5 55 59 3 3
31 22 55 29 23 58 3
38 88 18 85 91 16 3
79 74 2 92 71 0 3
30 49 29 63 46 28 3
89 6 0 66 3 2 3
86 91 67 23 94 67 3
73 105 52 5 102 53 3
77 87 5 110 86 1 4
106 91 85 49 88 82 4
73 105 52 36 105 48 4
50 17 21 33 13 19 4
28 48 3 70 52 2 4
46 105 21 112 105 25 4
102 65 13 104 68 10 4
74 104 31 26 104 27 4
67 91 48 99 91 52 4
94 47 51 7 51 50 4
2 70 105 100 69 109 4
80 73 40 24 77 40 4
81 80 100 15 84 101 4
34 109 54 73 105 52 4
62 24 104 91 28 103 4
72 98 18 84 93 16 5
98 103 16 72 98 18 5
78 13 48 108 8 47 5
8 59 34 111 55 38 5
60 66 40 109 64 35 5
48 80 35 24 77 40 5
46 105 21 98 103 16 5
8 59 34 44 57 29 5
53 17 57 31 22 55 5
103 56 5 70 52 2 5
8 59 34 109 64 35 5
96 40 31 20 35 31 5
89 6 0 13 11 3 5
34 109 54 39 112 48 6
20 35 31 58 29 30 6
34 109 54 45 105 59 6
42 59 54 105 53 51 6
16 2 29 4 8 30 6
49 88 82 51 83 78 6
75 99 110 90 95 105 6
96 40 31 63 46 28 6
87 80 5 79 74 2 6
81 80 100 56 73 98 7
87 80 5 77 87 5 7
59 31 23 58 29 30 7
9 110 10 47 105 16 7
18 98 11 98 103 16 7
76 48 74 40 54 70 7
80 73 40 60 66 40 7
56 73 98 2 70 105 7
32 96 60 23 94 67 7
23 94 67 41 101 70 7
81 80 100 93 79 108 8
66 3 2 54 0 10 8
11 34 60 35 39 67 8
13 11 3 1 15 11 8
44 57 29 30 49 29 8
11 34 60 101 38 53 8
1 15 11 33 13 19 8
42 59 54 27 63 62 8
44 57 29 107 64 22 9
32 96 60 99 91 52 9
57 50 12 103 56 5 9
107 64 22 102 65 13 9
101 38 53 94 47 51 9
32 96 60 5 102 53 9
96 40 31 19 42 40 9
53 17 57 78 13 48 9
43 1 41 108 8 47 9
35 39 67 17 46 61 9
68 104 96 6 111 103 9
104 68 10 79 74 2 10
12 37 109 91 28 103 10
22 59 109 100 69 109 10
65 13 80 52 23 86 11
29 23 58 11 34 60 11
90 95 105 15 84 101 11
106 91 85 61 102 85 11
104 68 10 55 59 3 11
95 12 69 65 13 80 11
76 48 74 35 39 67 11
85 91 16 77 87 5 11
68 104 96 61 102 85 11
21 99 0 18 98 11 11
19 42 40 94 47 51 12
43 1 41 16 2 29 12
51 83 78 10 71 80 12
33 13 19 37 8 30 12
90 95 105 68 104 96 12
71 89 67 51 83 78 12
1 15 11 88 28 10 13
95 12 69 53 17 57 13
14 11 108 62 24 104 13
25 102 33 83 106 46 13
0 51 88 76 48 74 14
64 3 91 65 13 80 14
52 23 86 91 28 103 17
