40 1 33 45 1 33 0
57 12 46 22 12 46 0
0 19 33 50 19 32 1
21 11 38 19 11 37 1
25 18 45 46 19 46 1
28 38 6 53 39 7 1
37 17 49 51 18 49 1
11 18 48 51 18 49 1
8 11 46 22 12 46 1
31 37 3 26 38 2 1
27 42 48 38 41 48 1
55 11 20 13 11 18 2
44 16 40 32 18 40 2
21 11 38 6 9 37 2
5 31 16 24 29 18 2
5 31 16 36 30 14 2
18 47 23 29 45 24 2
11 18 48 46 19 46 2
54 9 15 13 11 18 3
51 18 49 47 19 52 3
16 33 47 20 32 44 3
31 37 3 28 38 6 3
3 58 42 39 56 46 4
5 31 16 14 35 14 4
49 15 54 47 19 52 4
53 39 7 30 43 5 4
4 50 34 23 46 36 4
56 44 28 29 45 24 4
44 16 40 25 18 45 5
7 37 28 34 34 33 5
21 11 38 44 16 40 5
1 46 0 30 43 5 5
37 17 49 57 12 46 5
17 29 24 24 29 18 6
41 46 11 30 43 5 6
15 41 19 29 45 24 6
35 13 30 0 19 33 6
42 51 42 10 49 48 6
39 56 46 42 51 42 6
34 34 33 52 28 35 6
15 41 19 14 35 14 7
44 16 40 0 19 33 7
27 42 48 10 49 48 7
56 44 28 7 37 28 7
42 51 42 23 46 36 7
12 21 25 50 19 32 7
56 44 28 23 46 36 8
14 35 14 28 38 6 8
33 54 15 41 46 11 8
12 21 25 17 29 24 8
38 41 48 16 33 47 8
24 29 18 43 22 13 8
6 9 37 40 1 33 8
2 2 21 13 11 18 9
9 38 57 38 41 48 9
35 13 30 55 11 20 10
48 25 0 31 37 3 12
58 0 57 49 15 54 15
