44 50 9 0 49 9 1
25 39 33 22 38 32 1
32 12 2 9 11 4 2
4 39 30 1 39 28 2
28 8 47 30 6 47 2
47 23 45 8 24 47 2
50 32 38 20 30 39 2
22 38 32 4 39 30 2
12 21 49 8 24 47 3
43 5 13 24 4 10 3
10 49 22 42 49 25 3
29 47 12 0 49 9 3
28 8 47 19 11 46 3
15 36 21 23 33 21 3
36 30 21 23 33 21 3
18 39 21 15 36 21 3
39 0 3 41 0 6 3
21 14 7 11 12 10 3
47 23 45 17 22 42 3
35 7 21 45 3 19 4
21 14 7 9 11 4 4
13 33 44 7 37 44 4
29 47 12 49 43 11 4
24 4 10 41 0 6 5
8 24 47 40 28 50 5
13 33 44 20 30 39 5
26 16 23 34 15 18 5
17 22 42 33 17 41 5
30 6 47 46 0 48 6
38 42 40 7 37 44 6
16 2 25 35 7 21 6
6 20 11 37 26 8 6
45 3 19 43 5 13 6
48 29 15 36 30 21 6
33 17 41 31 17 35 6
25 39 33 38 42 40 7
13 33 44 40 28 50 7
15 36 21 1 39 28 7
5 34 10 48 29 15 7
37 26 8 48 29 15 7
11 12 10 43 5 13 7
6 20 11 21 14 7 7
19 11 46 33 17 41 7
38 42 40 2 49 45 8
34 15 18 35 7 21 8
14 26 0 37 26 8 8
0 49 9 3 45 2 8
49 43 11 5 34 10 9
1 39 28 42 49 25 10
16 2 25 27 5 35 10
