23 51 91 61 50 90 1
44 34 62 30 33 61 1
10 39 37 68 40 38 1
33 135 12 81 133 13 2
90 65 10 1 63 8 2
110 124 28 64 126 30 2
138 25 76 100 27 76 2
26 48 124 98 50 122 2
19 124 33 47 122 36 3
109 92 15 55 92 12 3
130 32 26 37 34 23 3
87 51 73 126 50 70 3
129 22 113 31 19 114 3
111 130 14 81 133 13 3
52 34 130 2 37 131 3
64 126 30 19 124 33 3
3 48 74 87 51 73 3
24 86 57 79 89 58 3
92 81 15 49 84 17 3
69 68 136 72 67 133 3
74 56 66 34 53 64 3
13 72 126 121 71 123 3
4 74 0 50 70 0 4
132 26 62 125 22 64 4
128 36 66 44 34 62 4
107 132 9 81 133 13 4
135 125 39 47 122 36 4
78 129 38 135 125 39 4
134 39 99 43 40 95 4
137 120 26 110 124 28 4
77 113 84 18 113 80 4
116 128 68 120 132 70 4
82 52 28 51 48 26 4
117 73 79 36 71 75 4
15 125 12 111 130 14 5
43 40 95 12 45 93 5
123 119 86 104 115 89 5
104 115 89 77 113 84 5
134 39 99 28 44 102 5
122 101 55 7 106 53 5
52 34 130 16 34 125 5
64 126 30 22 131 28 5
1 63 8 127 59 5 5
89 22 95 136 19 99 5
12 45 93 61 50 90 5
25 115 106 88 118 102 5
94 99 79 113 104 81 5
49 84 17 76 87 22 5
105 127 130 41 126 125 5
58 78 91 14 80 96 5
41 126 125 63 130 121 5
71 23 69 125 22 64 5
95 19 19 101 13 19 6
79 89 58 85 94 62 6
112 40 60 44 34 62 6
20 16 130 83 18 124 6
93 138 111 133 132 110 6
75 113 52 35 116 58 6
70 122 57 35 116 58 6
17 84 91 58 78 91 6
5 42 108 28 44 102 6
25 115 106 99 109 108 6
11 61 136 72 67 133 6
74 56 66 53 60 61 6
0 16 71 57 16 77 6
126 50 70 34 53 64 6
56 112 74 18 113 80 6
20 16 130 96 22 134 7
84 92 27 76 87 22 7
62 16 91 89 22 95 7
66 23 12 86 29 7 7
30 33 61 132 26 62 7
6 128 137 105 127 130 7
7 106 53 75 113 52 7
10 39 37 29 32 40 7
138 25 76 71 23 69 7
48 68 62 131 74 66 7
38 36 9 86 29 7 7
13 72 126 80 75 133 7
0 16 71 71 23 69 7
80 75 133 69 68 136 7
53 60 61 48 68 62 8
108 60 74 74 56 66 8
84 92 27 118 99 23 8
76 87 22 109 92 15 8
119 45 53 112 40 60 8
91 52 103 28 44 102 8
65 32 95 43 40 95 8
66 23 12 95 19 19 8
45 63 49 21 57 43 8
31 19 114 9 13 108 8
42 117 44 75 113 52 8
40 131 96 46 138 92 8
42 117 44 47 122 36 9
85 94 62 122 101 55 9
59 7 131 20 16 130 9
24 86 57 67 84 66 9
102 138 63 120 132 70 9
18 113 80 113 104 81 9
36 71 75 131 74 66 9
39 105 68 56 112 74 9
97 109 37 42 117 44 10
31 19 114 83 18 124 10
1 63 8 50 70 0 10
125 22 64 54 14 57 10
65 32 95 89 22 95 10
9 13 108 136 19 99 10
131 74 66 67 84 66 10
106 31 108 129 22 113 10
124 48 15 51 48 26 11
118 99 23 114 107 15 11
63 130 121 133 132 110 11
96 22 134 52 34 130 12
53 60 61 45 63 49 12
73 88 0 55 92 12 12
39 105 68 85 94 62 12
116 128 68 70 122 57 12
60 0 16 101 13 19 13
38 36 9 124 48 15 13
10 39 37 130 32 26 13
24 86 57 27 88 44 13
26 48 124 2 37 131 13
34 53 64 112 40 60 13
88 118 102 104 115 89 13
117 73 79 103 65 90 13
58 78 91 117 73 79 13
51 48 26 68 40 38 14
23 51 91 103 65 90 14
124 48 15 127 59 5 14
4 74 0 73 88 0 14
22 131 28 111 130 14 14
17 84 91 32 97 98 14
88 118 102 40 131 96 14
40 131 96 133 132 110 14
8 10 34 101 13 19 15
68 40 38 119 45 53 15
26 48 124 11 61 136 17
115 90 121 13 72 126 18
