73 70 87 45 70 87 0
24 54 78 63 53 77 1
9 78 73 36 79 73 1
82 31 10 37 32 10 1
59 45 36 74 43 35 2
6 14 2 79 15 4 2
93 73 14 100 73 12 2
42 38 27 20 38 25 2
85 49 70 5 47 71 2
7 67 82 46 69 82 2
69 71 83 46 69 82 2
86 40 65 18 41 68 3
11 74 22 87 75 19 3
65 11 4 6 14 2 3
71 89 24 50 89 27 3
97 4 55 61 7 54 3
17 16 89 4 16 92 3
78 45 93 84 48 91 3
18 41 68 13 44 68 3
82 31 10 25 30 6 4
13 44 68 5 47 71 4
77 13 95 4 16 92 4
27 78 39 88 81 36 4
56 89 93 62 93 91 4
92 23 93 83 21 89 4
22 66 94 70 70 94 4
75 29 83 28 30 87 4
69 71 83 73 70 87 4
15 18 22 96 16 26 4
24 54 78 48 52 82 4
87 75 19 93 73 14 5
22 66 94 19 62 91 5
56 89 93 0 94 96 5
90 84 67 41 83 62 5
40 42 21 20 38 25 5
17 16 89 83 21 89 5
79 15 4 26 18 8 5
43 54 28 10 59 28 5
48 52 82 21 57 84 5
39 87 80 8 92 80 5
89 63 17 53 60 21 5
47 38 35 74 43 35 5
44 90 8 76 89 14 6
60 20 14 26 18 8 6
80 96 70 32 99 76 6
29 45 77 5 47 71 6
3 23 40 81 23 34 6
85 49 70 54 55 68 6
2 21 75 49 15 78 6
35 23 28 81 23 34 6
1 51 10 16 53 16 6
30 29 39 3 23 40 6
12 9 47 61 7 54 7
84 48 91 98 53 96 7
70 70 94 73 70 87 7
57 15 60 95 22 57 7
35 23 28 96 16 26 7
67 5 0 65 11 4 7
94 6 98 77 13 95 7
10 59 28 53 60 21 7
3 23 40 99 18 45 7
90 84 67 36 79 73 7
31 24 1 25 30 6 7
63 53 77 29 45 77 8
47 38 35 42 38 27 8
8 92 80 51 100 84 8
38 29 53 95 22 57 8
89 63 17 33 64 9 8
55 70 73 91 73 65 8
55 70 73 9 78 73 8
34 70 41 27 78 39 8
8 92 80 32 99 76 8
53 60 21 16 53 16 8
19 62 91 21 57 84 8
60 20 14 15 18 22 8
55 70 73 46 69 82 9
31 24 1 79 15 4 9
12 9 47 99 18 45 9
68 90 56 41 83 62 9
33 64 9 100 73 12 9
62 93 91 51 100 84 9
84 48 91 48 52 82 9
83 21 89 28 30 87 9
92 23 93 64 29 100 9
47 38 35 30 29 39 9
71 89 24 76 89 14 10
66 3 80 52 4 70 10
61 7 54 57 15 60 10
39 87 80 36 79 73 10
44 90 8 23 82 2 10
49 15 78 17 16 89 11
58 40 54 86 40 65 11
58 40 54 38 29 53 11
34 70 41 14 67 52 11
16 53 16 40 42 21 12
49 15 78 66 3 80 12
50 89 27 88 81 36 12
23 82 2 100 73 12 13
52 4 70 57 15 60 14
68 90 56 72 97 43 14
