11 49 29 33 49 29 0
36 9 42 12 8 41 1
15 45 32 10 46 33 1
34 37 44 16 37 45 1
30 4 11 9 2 11 2
13 42 19 46 44 17 2
41 8 6 0 8 4 2
32 41 42 44 43 42 2
0 8 4 42 10 3 2
2 9 1 42 10 3 2
45 39 4 4 39 6 2
7 13 23 24 14 26 3
9 2 11 1 1 8 3
26 22 36 48 23 33 3
24 14 26 22 11 28 3
17 45 38 44 43 42 4
34 37 44 32 41 42 4
30 4 11 19 5 15 4
35 26 10 21 25 6 4
37 26 49 5 30 49 4
27 33 21 40 33 25 4
18 44 4 39 49 3 5
12 8 41 14 12 37 5
17 45 38 10 46 33 5
18 44 4 45 39 4 5
14 12 37 29 15 41 5
21 25 6 25 29 3 5
10 46 33 11 49 29 5
43 46 23 13 42 19 5
21 25 6 3 20 6 5
46 44 17 49 49 17 5
37 26 49 20 24 44 5
38 25 15 35 26 10 5
15 45 32 8 40 30 5
30 4 11 41 8 6 6
24 14 26 28 17 32 6
19 5 15 23 11 15 6
43 46 23 11 49 29 6
48 23 33 28 17 32 6
28 17 32 14 12 37 7
6 3 25 31 4 32 7
5 30 49 34 37 44 8
22 11 28 31 4 32 8
40 33 25 8 40 30 8
26 22 36 20 24 44 8
47 24 25 48 23 33 8
23 11 15 7 13 23 8
4 39 6 25 29 3 10
27 33 21 38 25 15 10
