94 5 12 103 4 12 1
4 93 96 1 93 97 1
7 31 106 80 32 106 1
111 17 109 8 18 110 1
97 46 88 108 46 87 1
71 105 16 55 106 16 1
30 98 86 19 96 84 2
40 56 94 49 58 92 2
72 90 30 65 91 32 2
26 4 110 79 6 108 2
40 56 94 60 55 92 2
2 111 34 29 109 34 2
10 72 62 42 70 61 2
44 89 81 39 87 82 2
36 109 2 85 108 4 2
24 68 24 9 70 23 2
83 41 91 58 38 91 3
77 1 10 103 4 12 3
9 70 23 102 73 21 3
76 22 63 31 22 66 3
34 92 86 19 96 84 4
90 74 92 21 72 88 4
25 102 59 100 104 63 4
45 5 37 43 3 41 4
92 105 29 37 101 29 4
105 56 40 56 52 42 4
87 55 47 56 52 42 5
0 98 96 4 93 96 5
60 55 92 3 52 88 5
109 40 36 32 39 41 5
82 46 9 99 46 4 5
107 15 3 6 19 0 5
44 89 81 34 92 86 5
87 55 47 15 52 52 5
104 87 87 34 92 86 5
7 31 106 5 26 105 5
70 8 41 43 3 41 5
33 11 7 107 15 3 5
35 4 25 28 0 28 5
97 46 88 83 41 91 5
46 50 37 56 52 42 5
108 46 87 3 52 88 6
15 52 52 23 47 48 6
48 96 57 25 102 59 6
10 72 62 91 78 62 6
27 83 50 88 89 48 6
62 17 103 111 17 109 6
106 18 71 31 22 66 6
92 105 29 29 109 34 6
0 98 96 74 103 101 7
93 88 21 89 89 14 7
108 46 87 17 47 80 7
89 89 14 63 91 7 7
53 9 56 51 3 52 7
94 5 12 33 11 7 7
64 83 93 104 87 87 7
66 20 78 52 25 84 7
66 20 78 106 18 71 7
96 42 53 23 47 48 7
61 19 89 52 25 84 7
81 93 64 48 96 57 7
11 79 103 73 72 108 8
49 58 92 69 62 84 8
38 60 23 24 68 24 8
50 48 72 17 47 80 8
70 8 41 78 16 40 8
102 73 21 95 80 26 8
74 103 101 41 108 94 8
54 21 48 78 16 40 9
95 80 26 93 88 21 9
47 16 25 16 23 31 9
98 0 89 12 2 98 9
57 99 111 84 108 110 9
64 83 93 90 74 92 9
93 88 21 72 90 30 9
5 26 105 111 17 109 9
21 72 88 69 62 84 10
4 93 96 104 87 87 10
46 50 37 109 40 36 10
84 108 110 74 103 101 10
53 9 56 14 6 66 10
13 56 1 99 46 4 10
65 91 32 37 101 29 10
22 67 51 42 70 61 10
20 66 100 73 72 108 10
76 22 63 18 29 55 10
45 5 37 28 0 28 10
64 83 93 11 79 103 10
54 21 48 18 29 55 10
72 90 30 75 81 36 10
79 6 108 12 2 98 10
101 65 35 105 56 40 10
67 32 69 31 22 66 10
111 17 109 79 6 108 11
78 16 40 16 23 31 11
88 89 48 48 96 57 11
43 3 41 51 3 52 11
68 3 78 98 0 89 11
101 65 35 24 68 24 11
22 67 51 87 55 47 12
86 105 76 19 96 84 12
85 108 4 55 106 16 12
14 6 66 68 3 78 12
59 55 107 40 56 94 13
103 4 12 35 4 25 13
37 101 29 55 106 16 13
96 42 53 18 29 55 13
91 78 62 27 83 50 13
100 104 63 86 105 76 13
110 25 13 6 19 0 14
82 46 9 38 60 23 19
