100 154 107 107 154 107 0
107 154 107 128 154 98 9
128 154 98 138 143 89 14
138 143 89 9 135 91 8
9 135 91 85 134 89 2
85 134 89 70 134 102 13
70 134 102 126 138 114 12
126 138 114 51 141 125 11
51 141 125 78 158 140 22
78 158 140 144 157 159 19
144 157 159 122 148 82 77
122 148 82 118 144 77 6
118 144 77 73 141 72 5
73 141 72 123 140 73 1
123 140 73 61 139 69 4
61 139 69 106 134 66 5
106 134 66 111 135 60 6
111 135 60 136 135 59 1
136 135 59 76 135 57 2
76 135 57 135 130 54 5
135 130 54 12 120 56 10
12 120 56 143 113 41 16
143 113 41 58 113 33 8
58 113 33 119 96 26 18
119 96 26 8 84 27 12
8 84 27 42 79 29 5
42 79 29 124 70 38 12
124 70 38 26 68 37 2
26 68 37 29 60 38 8
29 60 38 16 65 24 14
16 65 24 149 63 19 5
149 63 19 80 52 19 11
80 52 19 6 47 15 6
6 47 15 4 44 18 4
4 44 18 75 42 12 6
75 42 12 155 33 17 10
155 33 17 92 31 9 8
92 31 9 99 29 6 3
99 29 6 152 13 5 16
152 13 5 117 10 5 3
117 10 5 21 1 3 9
21 1 3 43 8 16 14
43 8 16 13 36 31 31
13 36 31 120 30 45 15
120 30 45 34 38 49 8
34 38 49 41 30 55 10
41 30 55 38 20 67 15
38 20 67 125 12 75 11
125 12 75 44 15 52 23
44 15 52 108 9 54 6
108 9 54 137 4 57 5
137 4 57 10 4 41 16
10 4 41 33 4 34 7
33 4 34 24 19 32 15
24 19 32 64 38 73 45
64 38 73 22 45 81 10
22 45 81 94 46 85 4
94 46 85 91 48 94 9
91 48 94 7 49 79 15
7 49 79 151 54 80 5
151 54 80 139 62 78 8
139 62 78 52 76 73 14
52 76 73 133 73 66 7
133 73 66 31 61 59 13
31 61 59 146 87 53 26
146 87 53 39 94 46 9
39 94 46 0 98 58 12
0 98 58 28 100 57 2
28 100 57 45 82 84 32
45 82 84 15 89 82 7
15 89 82 153 97 79 8
153 97 79 68 81 100 26
68 81 100 60 80 101 1
60 80 101 30 32 81 52
30 32 81 2 32 87 6
2 32 87 1 32 93 6
1 32 93 20 30 93 2
20 30 93 90 21 98 10
90 21 98 14 16 98 5
14 16 98 156 8 97 8
156 8 97 18 6 97 2
18 6 97 35 3 111 14
35 3 111 101 8 125 14
101 8 125 40 1 131 9
40 1 131 53 4 136 5
53 4 136 131 1 142 6
131 1 142 158 0 153 11
158 0 153 36 8 152 8
36 8 152 96 17 158 10
96 17 158 55 30 157 13
55 30 157 49 32 158 2
49 32 158 27 46 159 14
27 46 159 141 57 158 11
141 57 158 54 17 147 41
54 17 147 37 31 106 43
37 31 106 95 35 112 7
95 35 112 127 37 115 3
127 37 115 88 34 117 3
88 34 117 132 27 114 7
132 27 114 159 37 124 14
159 37 124 105 32 132 9
105 32 132 110 28 131 4
110 28 131 140 27 129 2
140 27 129 5 23 124 6
5 23 124 77 38 137 19
77 38 137 82 39 136 1
82 39 136 121 40 134 2
121 40 134 63 35 143 10
63 35 143 86 51 142 16
86 51 142 62 61 134 12
62 61 134 157 73 133 12
157 73 133 130 76 133 3
130 76 133 129 87 133 11
129 87 133 67 89 127 6
67 89 127 17 88 124 3
17 88 124 57 90 117 7
57 90 117 66 95 114 5
66 95 114 3 103 119 9
3 103 119 50 108 130 12
50 108 130 81 113 130 5
81 113 130 25 99 138 16
25 99 138 145 103 143 6
145 103 143 19 92 153 14
19 92 153 104 90 151 2
104 90 151 113 82 151 8
113 82 151 93 74 147 8
93 74 147 147 103 158 31
147 103 158 32 117 149 16
32 117 149 11 120 150 3
11 120 150 71 126 159 10
71 126 159 97 68 122 68
97 68 122 98 46 116 22
98 46 116 83 54 112 8
83 54 112 134 61 105 9
134 61 105 142 61 93 12
142 61 93 46 48 126 35
46 48 126 47 40 109 18
47 40 109 148 35 94 15
148 35 94 48 54 5 91
48 54 5 87 64 4 10
87 64 4 109 80 3 16
109 80 3 114 105 0 25
114 105 0 65 139 41 53
65 139 41 84 142 41 3
84 142 41 23 144 43 2
23 144 43 102 144 39 4
102 144 39 72 144 36 3
72 144 36 59 142 31 5
59 142 31 79 136 33 6
79 136 33 154 138 23 10
154 138 23 150 140 17 6
150 140 17 74 139 17 1
74 139 17 115 154 9 17
115 154 9 56 157 3 6
56 157 3 89 124 20 37
89 124 20 69 151 31 29
69 151 31 103 159 26 9
103 159 26 116 123 70 56
116 123 70 112 154 67 31
112 154 67 100 154 107 40
