29 30 3 3 29 2 1
3 29 2 4 30 5 3
4 30 5 40 28 7 2
40 28 7 10 24 10 5
10 24 10 6 16 16 10
6 16 16 2 13 15 3
2 13 15 54 11 15 2
54 11 15 52 8 10 5
52 8 10 13 4 11 4
13 4 11 36 1 17 6
36 1 17 12 0 1 16
12 0 1 46 13 19 22
46 13 19 47 10 21 3
47 10 21 8 5 23 5
8 5 23 43 0 31 9
43 0 31 18 15 24 16
18 15 24 15 17 25 2
15 17 25 19 20 27 3
19 20 27 21 16 37 10
21 16 37 20 17 37 1
20 17 37 16 20 38 3
16 20 38 26 23 38 3
26 23 38 38 26 41 4
38 26 41 30 27 43 2
30 27 43 32 22 46 5
32 22 46 28 19 45 3
28 19 45 45 13 49 7
45 13 49 24 3 43 11
24 3 43 33 2 49 6
33 2 49 7 2 53 4
7 2 53 1 1 55 2
1 1 55 55 28 54 27
55 28 54 0 38 50 10
0 38 50 22 43 41 10
22 43 41 39 37 38 6
39 37 38 31 49 48 15
31 49 48 5 50 51 3
5 50 51 51 49 53 2
51 49 53 14 55 42 12
14 55 42 25 36 10 37
25 36 10 23 39 9 3
23 39 9 56 41 8 2
56 41 8 34 42 10 2
34 42 10 17 46 12 4
17 46 12 35 52 14 6
35 52 14 49 53 20 6
49 53 20 27 56 24 5
27 56 24 37 56 26 2
37 56 26 44 46 27 10
44 46 27 48 35 24 11
48 35 24 42 47 7 20
42 47 7 53 46 7 1
53 46 7 50 52 7 6
50 52 7 41 56 3 5
41 56 3 9 48 1 8
9 48 1 11 39 4 9
11 39 4 29 30 3 9
