14 0 31 29 1 30 1
29 1 30 42 5 25 6
42 5 25 10 0 22 5
10 0 22 5 6 15 9
5 6 15 40 2 10 6
40 2 10 24 5 5 5
24 5 5 6 9 6 4
6 9 6 33 12 3 4
33 12 3 19 14 5 2
19 14 5 44 14 8 3
44 14 8 13 15 11 3
13 15 11 21 18 18 7
21 18 18 39 23 22 6
39 23 22 25 24 26 4
25 24 26 27 22 27 2
27 22 27 9 18 27 4
9 18 27 0 15 29 3
0 15 29 34 28 34 13
34 28 34 37 30 34 2
37 30 34 36 34 32 4
36 34 32 35 42 29 8
35 42 29 45 25 36 18
45 25 36 1 28 39 4
1 28 39 15 40 46 13
15 40 46 30 44 47 4
30 44 47 43 21 44 23
43 21 44 7 20 47 3
7 20 47 32 15 47 5
32 15 47 41 13 45 2
41 13 45 11 11 42 3
11 11 42 23 9 47 5
23 9 47 26 20 7 41
26 20 7 16 25 5 5
16 25 5 46 26 6 1
46 26 6 8 29 2 5
8 29 2 2 35 2 6
2 35 2 18 36 7 5
18 36 7 20 38 7 2
20 38 7 22 41 8 3
22 41 8 28 39 11 3
28 39 11 47 43 15 5
47 43 15 17 43 20 5
17 43 20 4 43 4 16
4 43 4 12 29 13 16
12 29 13 31 28 14 1
31 28 14 3 32 15 4
3 32 15 38 8 0 28
38 8 0 14 0 31 32
