54 26 21 49 26 21 0
49 26 21 28 35 22 9
28 35 22 0 38 17 5
0 38 17 10 41 19 3
10 41 19 74 46 18 5
74 46 18 38 47 21 3
38 47 21 81 50 24 4
81 50 24 18 55 22 5
18 55 22 64 60 22 5
64 60 22 23 70 24 10
23 70 24 22 65 10 14
22 65 10 40 69 6 5
40 69 6 29 69 0 6
29 69 0 11 77 2 8
11 77 2 30 77 5 3
30 77 5 61 77 10 5
61 77 10 32 81 17 8
32 81 17 12 57 27 26
12 57 27 36 41 13 21
36 41 13 37 47 8 7
37 47 8 27 41 0 10
27 41 0 70 38 30 30
70 38 30 62 33 38 9
62 33 38 63 41 44 10
63 41 44 55 40 53 9
55 40 53 25 39 54 1
25 39 54 6 38 55 1
6 38 55 1 35 54 3
1 35 54 42 36 59 5
42 36 59 82 40 61 4
82 40 61 9 43 60 3
9 43 60 78 47 61 4
78 47 61 53 46 57 4
53 46 57 77 47 51 6
77 47 51 60 59 62 16
60 59 62 4 62 58 5
4 62 58 26 59 54 5
26 59 54 50 61 49 5
50 61 49 75 62 49 1
75 62 49 24 64 41 8
24 64 41 41 69 44 5
41 69 44 71 79 40 10
71 79 40 72 82 39 3
72 82 39 76 69 57 22
76 69 57 13 76 56 7
13 76 56 34 79 56 3
34 79 56 59 79 55 1
59 79 55 47 80 59 4
47 80 59 43 81 67 8
43 81 67 39 77 77 10
39 77 77 46 79 78 2
46 79 78 51 70 70 12
51 70 70 7 62 73 8
7 62 73 17 62 76 3
17 62 76 8 62 78 2
8 62 78 48 30 64 34
48 30 64 52 34 67 5
52 34 67 31 33 71 4
31 33 71 21 30 77 6
21 30 77 57 39 76 9
57 39 76 67 40 80 4
67 40 80 5 47 77 7
5 47 77 80 40 71 9
80 40 71 58 25 70 15
58 25 70 73 10 73 15
73 10 73 14 7 79 6
14 7 79 79 14 81 7
79 14 81 44 26 18 64
44 26 18 15 22 9 9
15 22 9 56 29 6 7
56 29 6 66 14 15 17
66 14 15 65 14 18 3
65 14 18 16 3 7 15
16 3 7 69 1 6 2
69 1 6 68 25 25 30
68 25 25 33 14 35 14
33 14 35 20 7 34 7
20 7 34 2 8 43 9
2 8 43 35 3 43 5
35 3 43 3 1 54 11
3 1 54 45 18 41 21
45 18 41 19 17 50 9
19 17 50 54 26 21 30
