28 4 26 25 5 25 1
25 5 25 5 2 18 7
5 2 18 2 8 29 12
2 8 29 33 9 31 2
33 9 31 0 9 35 4
0 9 35 9 14 28 8
9 14 28 23 15 30 2
23 15 30 6 18 32 3
6 18 32 32 12 25 9
32 12 25 27 17 24 5
27 17 24 35 16 21 3
35 16 21 26 18 17 4
26 18 17 24 19 15 2
24 19 15 11 22 17 3
11 22 17 17 22 9 8
17 22 9 7 19 6 4
7 19 6 14 20 4 2
14 20 4 15 23 4 3
15 23 4 20 27 2 4
20 27 2 8 35 5 8
8 35 5 16 27 7 8
16 27 7 13 28 11 4
13 28 11 10 29 15 4
10 29 15 18 32 22 7
18 32 22 3 35 19 4
3 35 19 34 28 23 8
34 28 23 4 27 26 3
4 27 26 29 27 30 4
29 27 30 22 30 33 4
22 30 33 12 34 32 4
12 34 32 19 16 2 34
19 16 2 31 13 11 9
31 13 11 21 9 8 5
21 9 8 1 7 10 2
1 7 10 30 7 7 3
30 7 7 28 4 26 19
