44 65 9 52 64 8 1
52 64 8 57 64 4 4
57 64 4 40 63 3 1
40 63 3 26 58 0 5
26 58 0 39 52 1 6
39 52 1 54 60 15 16
54 60 15 36 57 14 3
36 57 14 33 52 19 7
33 52 19 50 49 22 4
50 49 22 20 43 21 6
20 43 21 35 36 30 11
35 36 30 15 30 30 6
15 30 30 19 26 29 4
19 26 29 51 23 36 7
51 23 36 5 26 37 3
5 26 37 42 27 41 4
42 27 41 1 15 34 13
1 15 34 25 15 36 2
25 15 36 13 11 32 5
13 11 32 32 14 29 4
32 14 29 53 17 24 5
53 17 24 28 21 21 5
28 21 21 7 19 11 10
7 19 11 17 26 10 7
17 26 10 27 30 10 4
27 30 10 16 33 12 3
16 33 12 24 35 13 2
24 35 13 31 26 3 13
31 26 3 58 34 0 8
58 34 0 65 35 0 1
65 35 0 10 39 1 4
10 39 1 48 41 5 4
48 41 5 59 4 38 49
59 4 38 2 2 33 5
2 2 33 11 0 30 3
11 0 30 69 2 27 3
69 2 27 21 4 20 7
21 4 20 41 4 14 6
41 4 14 46 9 11 5
46 9 11 64 5 6 6
64 5 6 60 2 4 3
60 2 4 63 7 45 41
63 7 45 0 8 45 1
0 8 45 68 9 47 2
68 9 47 9 8 48 1
9 8 48 30 2 52 7
30 2 52 4 0 52 2
4 0 52 34 16 46 17
34 16 46 6 17 53 7
6 17 53 61 11 56 6
61 11 56 14 12 60 4
14 12 60 49 12 67 7
49 12 67 23 50 29 53
23 50 29 8 47 39 10
8 47 39 66 43 45 7
66 43 45 56 37 54 10
56 37 54 55 40 61 7
55 40 61 38 38 63 2
38 38 63 67 33 62 5
67 33 62 43 28 69 8
43 28 69 62 44 65 16
62 44 65 12 45 63 2
12 45 63 18 54 69 10
18 54 69 45 57 62 7
45 57 62 47 58 58 4
47 58 58 37 55 53 5
37 55 53 3 62 50 7
3 62 50 22 65 58 8
22 65 58 29 60 24 34
29 60 24 44 65 9 15
