102 22 148 31 22 148 0
31 22 148 48 29 141 9
48 29 141 42 31 136 5
42 31 136 87 25 133 6
87 25 133 26 36 144 15
26 36 144 12 50 149 14
12 50 149 149 50 148 1
149 50 148 103 58 147 8
103 58 147 5 65 149 7
5 65 149 2 67 148 2
2 67 148 98 59 134 16
98 59 134 72 61 130 4
72 61 130 119 69 132 8
119 69 132 95 81 124 14
95 81 124 67 89 125 8
67 89 125 115 93 121 5
115 93 121 11 88 114 8
11 88 114 59 99 106 13
59 99 106 43 106 93 14
43 106 93 106 113 92 7
106 113 92 96 117 84 8
96 117 84 81 126 83 9
81 126 83 37 129 76 7
37 129 76 62 130 75 1
62 130 75 124 137 67 10
124 137 67 19 139 67 2
19 139 67 24 143 70 5
24 143 70 139 150 65 8
139 150 65 125 145 52 13
125 145 52 75 138 45 9
75 138 45 88 148 38 12
88 148 38 51 143 33 7
51 143 33 150 145 28 5
150 145 28 128 148 25 4
128 148 25 71 139 10 17
71 139 10 108 147 5 9
108 147 5 15 116 71 72
15 116 71 25 114 69 2
25 114 69 127 105 71 9
127 105 71 8 99 70 6
8 99 70 90 92 61 11
90 92 61 34 100 55 10
34 100 55 60 102 47 8
60 102 47 52 94 46 8
52 94 46 130 89 38 9
130 89 38 58 86 29 9
58 86 29 113 87 24 5
113 87 24 133 90 22 3
133 90 22 91 92 13 9
91 92 13 54 98 16 6
54 98 16 84 101 13 4
84 101 13 9 99 7 6
9 99 7 23 101 4 3
23 101 4 105 109 17 15
105 109 17 109 112 16 3
109 112 16 117 118 3 14
117 118 3 65 113 22 19
65 113 22 68 122 26 9
68 122 26 79 120 33 7
79 120 33 36 126 39 8
36 126 39 32 124 53 14
32 124 53 30 84 7 60
30 84 7 13 81 22 15
13 81 22 99 80 37 15
99 80 37 55 70 33 10
55 70 33 76 67 29 5
76 67 29 100 64 20 9
100 64 20 135 53 33 17
135 53 33 73 41 26 13
73 41 26 14 47 16 11
14 47 16 10 51 11 6
10 51 11 70 36 13 15
70 36 13 63 36 6 7
63 36 6 114 84 48 63
114 84 48 144 99 80 35
144 99 80 1 89 90 14
1 89 90 22 75 98 16
22 75 98 33 123 103 48
33 123 103 101 132 104 9
101 132 104 138 133 103 1
138 133 103 17 137 98 6
17 137 98 97 146 96 9
97 146 96 118 137 120 25
118 137 120 93 139 121 2
93 139 121 132 147 118 8
132 147 118 0 149 129 11
0 149 129 120 130 125 19
120 130 125 61 127 132 7
61 127 132 131 126 135 3
131 126 135 29 113 123 17
29 113 123 116 106 142 20
116 106 142 92 104 148 6
92 104 148 39 86 131 24
39 86 131 134 86 133 2
134 86 133 111 75 117 19
111 75 117 89 63 114 12
89 63 114 121 61 115 2
121 61 115 85 50 117 11
85 50 117 147 47 113 5
147 47 113 136 50 107 6
136 50 107 35 39 112 12
35 39 112 123 36 112 3
123 36 112 46 40 106 7
46 40 106 45 36 103 5
45 36 103 56 40 100 5
56 40 100 94 30 99 10
94 30 99 66 22 95 8
66 22 95 77 20 89 6
77 20 89 145 16 88 4
145 16 88 41 10 90 6
41 10 90 50 8 97 7
50 8 97 140 13 98 5
140 13 98 53 11 109 11
53 11 109 64 20 114 10
64 20 114 112 9 122 13
112 9 122 38 10 126 4
38 10 126 82 9 138 12
82 9 138 18 25 79 61
18 25 79 47 26 66 13
47 26 66 44 37 70 11
44 37 70 110 43 81 12
110 43 81 141 56 81 13
141 56 81 126 59 84 4
126 59 84 27 61 86 2
27 61 86 80 57 86 4
80 57 86 16 68 75 15
16 68 75 104 80 70 13
104 80 70 4 51 69 29
4 51 69 129 49 53 16
129 49 53 83 56 52 7
83 56 52 21 14 70 45
21 14 70 86 0 73 14
86 0 73 3 19 55 26
3 19 55 146 12 55 7
146 12 55 49 6 56 6
49 6 56 6 11 46 11
6 11 46 7 17 38 10
7 17 38 78 21 36 4
78 21 36 74 24 36 3
74 24 36 107 28 41 6
107 28 41 28 29 43 2
28 29 43 137 14 30 19
137 14 30 57 3 29 11
57 3 29 143 5 22 7
143 5 22 69 24 22 19
69 24 22 148 21 17 5
148 21 17 20 12 11 10
20 12 11 40 17 3 9
40 17 3 142 5 3 12
142 5 3 122 44 125 128
122 44 125 102 22 148 31
