121 24 108 115 24 108 0
115 24 108 25 19 107 5
25 19 107 31 3 112 16
31 3 112 76 2 130 18
76 2 130 108 29 99 41
108 29 99 63 23 93 8
63 23 93 79 37 104 17
79 37 104 68 36 110 6
68 36 110 82 43 112 7
82 43 112 73 38 123 12
73 38 123 38 37 126 3
38 37 126 7 53 126 16
7 53 126 94 56 106 20
94 56 106 16 62 98 10
16 62 98 71 69 101 7
71 69 101 55 79 103 10
55 79 103 27 88 101 9
27 88 101 103 92 98 5
103 92 98 102 88 92 7
102 88 92 89 99 97 12
89 99 97 61 102 94 4
61 102 94 132 100 83 11
132 100 83 124 96 73 10
124 96 73 130 90 73 6
130 90 73 126 88 80 7
126 88 80 111 76 82 12
111 76 82 17 82 68 15
17 82 68 85 84 55 13
85 84 55 8 94 51 10
8 94 51 109 102 50 8
109 102 50 29 100 43 7
29 100 43 19 106 41 6
19 106 41 20 106 36 5
20 106 36 28 98 28 11
28 98 28 65 98 22 6
65 98 22 92 105 23 7
92 105 23 36 109 16 8
36 109 16 5 107 10 6
5 107 10 74 109 8 2
74 109 8 75 104 10 5
75 104 10 62 117 26 20
62 117 26 64 123 18 10
64 123 18 52 131 16 8
52 131 16 51 93 14 38
51 93 14 72 87 10 7
72 87 10 127 87 9 1
127 87 9 69 87 4 5
69 87 4 77 80 6 7
77 80 6 128 76 1 6
128 76 1 80 73 3 3
80 73 3 33 112 44 56
33 112 44 35 123 41 11
35 123 41 46 129 44 6
46 129 44 34 133 33 11
34 133 33 91 66 65 74
91 66 65 97 68 53 12
97 68 53 95 63 52 5
95 63 52 105 50 64 17
105 50 64 125 49 70 6
125 49 70 11 50 71 1
11 50 71 15 40 60 14
15 40 60 44 35 57 5
44 35 57 104 33 56 2
104 33 56 70 31 50 6
70 31 50 90 26 54 6
90 26 54 54 25 50 4
54 25 50 6 23 49 2
6 23 49 118 18 55 7
118 18 55 78 17 58 3
78 17 58 99 10 53 8
99 10 53 112 8 48 5
112 8 48 119 5 50 3
119 5 50 30 1 53 5
30 1 53 66 6 41 13
66 6 41 43 9 26 15
43 9 26 9 24 62 39
9 24 62 58 26 64 2
58 26 64 114 33 42 23
114 33 42 49 32 28 14
49 32 28 45 29 19 9
45 29 19 1 39 13 11
1 39 13 0 41 9 4
0 41 9 48 45 5 5
48 45 5 86 46 0 5
86 46 0 3 48 1 2
3 48 1 60 51 25 24
60 51 25 59 69 23 18
59 69 23 131 20 1 53
131 20 1 87 33 59 59
87 33 59 41 35 64 5
41 35 64 13 36 69 5
13 36 69 116 36 72 3
116 36 72 12 33 77 5
12 33 77 120 23 75 10
120 23 75 96 8 72 15
96 8 72 40 0 72 8
40 0 72 101 1 81 9
101 1 81 24 1 91 10
24 1 91 2 1 92 1
2 1 92 39 43 49 60
39 43 49 81 45 47 2
81 45 47 106 68 114 70
106 68 114 88 75 117 7
88 75 117 26 79 121 5
26 79 121 83 84 118 5
83 84 118 98 88 122 5
98 88 122 117 91 130 8
117 91 130 100 94 129 3
100 94 129 67 99 120 10
67 99 120 4 105 115 7
4 105 115 129 112 112 7
129 112 112 23 115 104 8
23 115 104 32 121 97 9
32 121 97 110 128 93 8
110 128 93 18 132 101 8
18 132 101 56 120 88 17
56 120 88 57 118 81 7
57 118 81 53 125 83 7
53 125 83 47 124 70 13
47 124 70 123 120 61 9
123 120 61 22 128 58 8
22 128 58 37 122 113 55
37 122 113 42 126 112 4
42 126 112 122 125 117 5
122 125 117 133 125 119 2
133 125 119 10 131 119 6
10 131 119 21 130 130 11
21 130 130 107 64 90 77
107 64 90 50 66 91 2
50 66 91 93 47 94 19
93 47 94 14 24 119 33
14 24 119 84 21 121 3
84 21 121 113 23 130 9
113 23 130 121 24 108 22
