42 137 69 45 136 70 1
45 136 70 29 126 70 10
29 126 70 119 115 77 13
119 115 77 46 114 75 2
46 114 75 47 110 60 15
47 110 60 109 104 56 7
109 104 56 129 118 53 14
129 118 53 137 117 48 5
137 117 48 67 118 48 1
67 118 48 128 120 45 3
128 120 45 60 124 42 5
60 124 42 13 131 30 13
13 131 30 112 139 39 12
112 139 39 57 145 51 13
57 145 51 120 141 54 5
120 141 54 146 135 16 38
146 135 16 70 133 12 4
70 133 12 34 138 10 5
34 138 10 18 144 6 7
18 144 6 35 145 3 3
35 145 3 41 133 0 12
41 133 0 31 127 13 14
31 127 13 10 120 6 9
10 120 6 111 107 44 40
111 107 44 44 103 34 10
44 103 34 52 108 30 6
52 108 30 0 110 28 2
0 110 28 4 104 23 7
4 104 23 17 100 21 4
17 100 21 131 100 15 6
131 100 15 50 95 3 13
50 95 3 69 91 23 20
69 91 23 27 95 29 7
27 95 29 142 93 33 4
142 93 33 22 91 35 2
22 91 35 71 95 43 8
71 95 43 88 93 49 6
88 93 49 23 91 52 3
23 91 52 101 83 56 8
101 83 56 37 82 58 2
37 82 58 61 80 62 4
61 80 62 140 80 63 1
140 80 63 5 84 78 15
5 84 78 83 69 76 15
83 69 76 106 65 80 5
106 65 80 89 78 53 29
89 78 53 62 76 48 5
62 76 48 90 67 42 10
90 67 42 73 66 30 12
73 66 30 108 64 24 6
108 64 24 80 56 20 8
80 56 20 124 49 25 8
124 49 25 132 41 25 8
132 41 25 82 26 24 15
82 26 24 59 22 17 8
59 22 17 16 10 18 12
16 10 18 40 5 16 5
40 5 16 138 11 12 7
138 11 12 117 10 8 4
117 10 8 94 28 4 18
94 28 4 14 38 8 10
14 38 8 102 28 39 32
102 28 39 139 28 41 2
139 28 41 38 32 45 5
38 32 45 63 32 52 7
63 32 52 28 29 54 3
28 29 54 54 31 56 2
54 31 56 123 21 51 11
123 21 51 114 18 57 6
114 18 57 135 21 63 6
135 21 63 6 29 64 8
6 29 64 81 32 71 7
81 32 71 87 22 81 14
87 22 81 26 5 85 17
26 5 85 105 2 84 3
105 2 84 103 2 89 5
103 2 89 21 15 99 16
21 15 99 48 24 100 9
48 24 100 2 11 62 40
2 11 62 3 4 63 7
3 4 63 76 10 47 17
76 10 47 133 4 41 8
133 4 41 66 64 12 66
66 64 12 58 64 10 2
58 64 10 144 72 12 8
144 72 12 25 55 5 18
25 55 5 56 61 54 49
56 61 54 95 60 55 1
95 60 55 84 52 47 11
84 52 47 72 47 64 17
72 47 64 116 48 76 12
116 48 76 86 48 79 3
86 48 79 79 93 64 47
79 93 64 104 79 32 34
104 79 32 55 123 88 71
55 123 88 141 124 92 4
141 124 92 126 124 98 6
126 124 98 75 124 101 3
75 124 101 110 121 104 4
110 121 104 39 127 110 8
39 127 110 118 129 97 13
118 129 97 24 138 98 9
24 138 98 134 140 100 2
134 140 100 11 118 98 22
11 118 98 98 115 93 5
98 115 93 32 112 103 10
32 112 103 12 106 98 7
12 106 98 127 98 101 8
127 98 101 113 85 99 13
113 85 99 1 73 102 12
1 73 102 125 67 101 6
125 67 101 91 60 103 7
91 60 103 30 55 109 7
30 55 109 7 52 111 3
7 52 111 78 49 97 14
78 49 97 96 68 109 22
96 68 109 19 63 111 5
19 63 111 64 60 120 9
64 60 120 107 56 124 5
107 56 124 145 49 128 8
145 49 128 143 44 133 7
143 44 133 74 44 134 1
74 44 134 65 52 142 11
65 52 142 68 59 142 7
68 59 142 121 40 128 23
121 40 128 33 20 121 21
33 20 121 100 14 140 19
100 14 140 9 11 142 3
9 11 142 93 22 145 11
93 22 145 20 0 129 27
20 0 129 51 76 123 76
51 76 123 130 79 131 8
130 79 131 36 81 144 13
36 81 144 15 99 146 18
15 99 146 136 108 139 11
136 108 139 49 112 137 4
49 112 137 99 112 136 1
99 112 136 8 125 130 14
8 125 130 92 131 136 8
92 131 136 43 135 130 7
43 135 130 85 127 146 17
85 127 146 77 112 142 15
77 112 142 53 103 135 11
53 103 135 115 108 110 25
115 108 110 122 146 74 52
122 146 74 97 145 84 10
97 145 84 42 137 69 17
