94 5 12 103 4 12 1
103 4 12 77 1 10 3
77 1 10 35 4 25 15
35 4 25 28 0 28 5
28 0 28 45 5 37 10
45 5 37 43 3 41 4
43 3 41 70 8 41 5
70 8 41 78 16 40 8
78 16 40 54 21 48 9
54 21 48 18 29 55 10
18 29 55 76 22 63 10
76 22 63 31 22 66 3
31 22 66 106 18 71 6
106 18 71 66 20 78 7
66 20 78 52 25 84 7
52 25 84 61 19 89 7
61 19 89 67 32 69 23
67 32 69 96 42 53 18
96 42 53 23 47 48 7
23 47 48 15 52 52 6
15 52 52 87 55 47 5
87 55 47 56 52 42 5
56 52 42 105 56 40 4
105 56 40 101 65 35 10
101 65 35 24 68 24 11
24 68 24 9 70 23 2
9 70 23 102 73 21 3
102 73 21 95 80 26 8
95 80 26 93 88 21 9
93 88 21 89 89 14 7
89 89 14 63 91 7 7
63 91 7 72 90 30 23
72 90 30 65 91 32 2
65 91 32 37 101 29 10
37 101 29 92 105 29 4
92 105 29 29 109 34 6
29 109 34 2 111 34 2
2 111 34 55 106 16 18
55 106 16 71 105 16 1
71 105 16 85 108 4 12
85 108 4 36 109 2 2
36 109 2 75 81 36 44
75 81 36 38 60 23 24
38 60 23 82 46 9 19
82 46 9 99 46 4 5
99 46 4 13 56 1 10
13 56 1 46 50 37 36
46 50 37 109 40 36 10
109 40 36 32 39 41 5
32 39 41 22 67 51 29
22 67 51 42 70 61 10
42 70 61 10 72 62 2
10 72 62 91 78 62 6
91 78 62 27 83 50 13
27 83 50 88 89 48 6
88 89 48 48 96 57 11
48 96 57 25 102 59 6
25 102 59 100 104 63 4
100 104 63 86 105 76 13
86 105 76 19 96 84 12
19 96 84 30 98 86 2
30 98 86 34 92 86 6
34 92 86 44 89 81 5
44 89 81 39 87 82 2
39 87 82 104 87 87 5
104 87 87 64 83 93 7
64 83 93 90 74 92 9
90 74 92 21 72 88 4
21 72 88 69 62 84 10
69 62 84 49 58 92 8
49 58 92 40 56 94 2
40 56 94 60 55 92 2
60 55 92 3 52 88 5
3 52 88 108 46 87 6
108 46 87 97 46 88 1
97 46 88 83 41 91 5
83 41 91 58 38 91 3
58 38 91 17 47 80 14
17 47 80 50 48 72 8
50 48 72 59 55 107 35
59 55 107 11 79 103 24
11 79 103 73 72 108 8
73 72 108 20 66 100 10
20 66 100 4 93 96 27
4 93 96 1 93 97 1
1 93 97 0 98 96 5
0 98 96 74 103 101 7
74 103 101 41 108 94 8
41 108 94 84 108 110 16
84 108 110 57 99 111 9
57 99 111 81 93 64 47
81 93 64 16 23 31 77
16 23 31 47 16 25 9
47 16 25 51 3 52 29
51 3 52 53 9 56 7
53 9 56 14 6 66 10
14 6 66 68 3 78 12
68 3 78 98 0 89 11
98 0 89 12 2 98 9
12 2 98 79 6 108 10
79 6 108 26 4 110 2
26 4 110 111 17 109 13
111 17 109 8 18 110 1
8 18 110 62 17 103 7
62 17 103 5 26 105 9
5 26 105 7 31 106 5
7 31 106 80 32 106 1
80 32 106 33 11 7 101
33 11 7 107 15 3 5
107 15 3 6 19 0 5
6 19 0 110 25 13 14
110 25 13 94 5 12 20
