36 0 22 17 1 21 1
17 1 21 33 12 20 11
33 12 20 42 14 23 3
42 14 23 29 19 21 5
29 19 21 38 20 24 3
38 20 24 28 25 28 6
28 25 28 11 28 24 5
11 28 24 5 28 21 3
5 28 21 1 29 14 7
1 29 14 44 30 10 4
44 30 10 20 35 2 9
20 35 2 8 35 19 17
8 35 19 45 36 17 2
45 36 17 16 41 13 6
16 41 13 13 43 8 5
13 43 8 37 37 21 14
37 37 21 6 42 23 5
6 42 23 26 47 22 5
26 47 22 46 48 22 1
46 48 22 31 47 16 6
31 47 16 21 27 35 27
21 27 35 14 28 43 8
14 28 43 15 35 42 7
15 35 42 24 37 46 4
24 37 46 47 39 43 3
47 39 43 30 42 40 4
30 42 40 2 41 35 5
2 41 35 9 39 31 4
9 39 31 7 46 35 8
7 46 35 23 50 39 5
23 50 39 0 43 47 10
0 43 47 18 45 44 3
18 45 44 35 46 47 3
35 46 47 12 44 51 4
12 44 51 25 51 50 7
25 51 50 19 22 49 29
19 22 49 50 17 45 6
50 17 45 27 13 47 4
27 13 47 49 1 48 12
49 1 48 10 0 46 2
10 0 46 43 17 37 19
43 17 37 34 11 13 24
34 11 13 41 12 5 8
41 12 5 22 11 4 1
22 11 4 3 8 2 3
3 8 2 40 7 2 1
40 7 2 39 4 4 3
39 4 4 32 13 5 9
32 13 5 51 16 3 3
51 16 3 48 22 6 6
48 22 6 4 24 0 6
4 24 0 36 0 22 32
