80 33 34 6 32 35 1
6 32 35 33 31 40 5
33 31 40 26 29 43 3
26 29 43 15 23 48 7
15 23 48 86 24 51 3
86 24 51 92 24 61 10
92 24 61 11 23 62 1
11 23 62 84 19 65 5
84 19 65 71 8 66 11
71 8 66 27 4 64 4
27 4 64 64 2 56 8
64 2 56 14 6 54 4
14 6 54 50 4 52 2
50 4 52 34 4 47 5
34 4 47 83 7 47 3
83 7 47 49 3 34 13
49 3 34 22 8 22 13
22 8 22 3 28 63 45
3 28 63 21 31 69 6
21 31 69 9 34 70 3
9 34 70 96 36 73 3
96 36 73 28 36 82 9
28 36 82 43 42 87 7
43 42 87 67 42 96 9
67 42 96 89 50 97 8
89 50 97 70 28 79 28
70 28 79 94 18 84 11
94 18 84 73 13 88 6
73 13 88 42 8 86 5
42 8 86 76 3 84 5
76 3 84 4 7 94 10
4 7 94 40 4 98 5
40 4 98 24 14 78 22
24 14 78 12 25 94 19
12 25 94 52 36 60 35
52 36 60 63 34 54 6
63 34 54 59 45 58 11
59 45 58 19 52 52 9
19 52 52 7 25 27 36
7 25 27 62 41 26 16
62 41 26 99 47 21 7
99 47 21 91 53 23 6
91 53 23 65 44 15 12
65 44 15 54 44 10 5
54 44 10 38 39 6 6
38 39 6 75 36 9 4
75 36 9 82 35 16 7
82 35 16 97 23 13 12
97 23 13 77 19 13 4
77 19 13 16 12 8 8
16 12 8 74 15 4 5
74 15 4 30 9 0 7
30 9 0 5 0 11 14
5 0 11 46 53 14 53
46 53 14 66 53 10 4
66 53 10 1 54 5 5
1 54 5 35 68 3 14
35 68 3 2 74 1 6
2 74 1 45 75 2 1
45 75 2 17 75 12 10
17 75 12 93 78 16 5
93 78 16 61 69 14 9
61 69 14 69 47 32 28
69 47 32 32 57 35 10
32 57 35 55 58 39 4
55 58 39 60 61 35 5
60 61 35 39 69 39 8
39 69 39 72 75 44 7
72 75 44 81 79 40 5
81 79 40 13 84 37 5
13 84 37 29 83 35 2
29 83 35 36 87 31 5
36 87 31 88 87 29 2
88 87 29 78 82 47 18
78 82 47 90 87 46 5
90 87 46 18 88 48 2
18 88 48 68 88 56 8
68 88 56 56 83 57 5
56 83 57 85 90 64 9
85 90 64 44 83 67 7
44 83 67 98 87 73 7
98 87 73 23 83 79 7
23 83 79 20 88 85 7
20 88 85 25 94 86 6
25 94 86 8 72 64 31
8 72 64 57 68 64 4
57 68 64 51 66 65 2
51 66 65 37 59 67 7
37 59 67 79 53 68 6
79 53 68 31 53 73 5
31 53 73 47 59 82 10
47 59 82 95 67 56 27
95 67 56 41 99 61 32
41 99 61 53 98 57 4
53 98 57 10 94 41 16
10 94 41 58 94 36 5
58 94 36 87 97 31 5
87 97 31 0 98 16 15
0 98 16 48 99 42 26
48 99 42 80 33 34 66
