25 24 14 12 24 14 0
12 24 14 7 23 12 2
7 23 12 8 21 14 2
8 21 14 3 21 16 2
3 21 16 15 16 15 5
15 16 15 2 16 17 2
2 16 17 4 13 21 5
4 13 21 6 10 19 3
6 10 19 27 7 20 3
27 7 20 0 1 22 6
0 1 22 1 1 20 2
1 1 20 9 1 14 6
9 1 14 5 1 12 2
5 1 12 22 3 14 2
22 3 14 11 2 10 4
11 2 10 14 2 5 5
14 2 5 13 0 3 2
13 0 3 16 7 4 7
16 7 4 26 1 25 21
26 1 25 10 18 24 17
10 18 24 20 15 11 13
20 15 11 21 16 9 2
21 16 9 19 17 8 1
19 17 8 24 19 5 3
24 19 5 17 20 6 1
17 20 6 23 14 7 6
23 14 7 18 25 8 11
18 25 8 25 24 14 6
