32 93 25 47 93 24 1
47 93 24 76 92 18 6
76 92 18 31 96 17 4
31 96 17 52 99 17 3
52 99 17 55 97 5 12
55 97 5 77 100 24 19
77 100 24 62 106 30 8
62 106 30 54 107 31 1
54 107 31 67 99 41 12
67 99 41 82 97 52 11
82 97 52 38 99 53 2
38 99 53 11 106 56 7
11 106 56 30 89 49 18
30 89 49 45 87 58 9
45 87 58 94 86 62 4
94 86 62 87 89 69 7
87 89 69 56 95 69 6
56 95 69 34 97 72 3
34 97 72 98 96 74 2
98 96 74 81 106 67 12
81 106 67 6 107 78 11
6 107 78 103 105 88 10
103 105 88 57 105 101 13
57 105 101 108 85 75 32
108 85 75 26 82 79 5
26 82 79 9 74 82 8
9 74 82 5 67 84 7
5 67 84 59 71 95 11
59 71 95 79 74 95 3
79 74 95 91 80 94 6
91 80 94 22 82 94 2
22 82 94 14 85 101 7
14 85 101 69 85 106 5
69 85 106 0 68 96 19
0 68 96 85 55 97 13
85 55 97 36 55 95 2
36 55 95 71 52 83 12
71 52 83 88 45 82 7
88 45 82 4 41 76 7
4 41 76 75 41 67 9
75 41 67 16 44 62 5
16 44 62 100 44 90 28
100 44 90 17 30 89 14
17 30 89 101 28 87 2
101 28 87 24 26 84 3
24 26 84 68 24 76 8
68 24 76 37 8 76 16
37 8 76 84 0 74 8
84 0 74 65 43 104 52
65 43 104 50 27 106 16
50 27 106 86 20 102 8
86 20 102 43 11 96 10
43 11 96 53 0 97 11
53 0 97 80 0 95 2
80 0 95 46 7 107 13
46 7 107 104 91 85 86
104 91 85 74 78 60 28
74 78 60 35 72 65 7
35 72 65 60 74 73 8
60 74 73 7 73 49 24
7 73 49 23 67 48 6
23 67 48 78 63 48 4
78 63 48 93 61 47 2
93 61 47 41 57 40 8
41 57 40 51 57 35 5
51 57 35 106 55 32 3
106 55 32 97 48 32 7
97 48 32 33 46 28 4
33 46 28 107 45 27 1
107 45 27 66 50 24 5
66 50 24 72 48 19 5
72 48 19 29 51 14 5
29 51 14 102 50 12 2
102 50 12 95 49 14 2
95 49 14 10 55 8 8
10 55 8 40 59 9 4
40 59 9 44 65 9 6
44 65 9 27 63 4 5
27 63 4 25 63 3 1
25 63 3 19 73 14 14
19 73 14 28 67 20 8
28 67 20 105 61 20 6
105 61 20 3 74 23 13
3 74 23 89 70 33 10
89 70 33 1 43 2 41
1 43 2 2 29 7 14
2 29 7 18 25 0 8
18 25 0 8 24 15 15
8 24 15 21 25 18 3
21 25 18 58 19 20 6
58 19 20 70 14 14 7
70 14 14 42 14 11 3
42 14 11 63 11 10 3
63 11 10 12 7 11 4
12 7 11 73 6 15 4
73 6 15 92 16 33 20
92 16 33 15 36 34 20
15 36 34 99 33 42 8
99 33 42 90 42 48 10
90 42 48 64 32 53 11
64 32 53 48 25 59 9
48 25 59 39 15 51 12
39 15 51 96 7 49 8
96 7 49 20 1 49 6
20 1 49 83 0 45 4
83 0 45 49 4 57 12
49 4 57 13 62 54 58
13 62 54 61 60 56 2
61 60 56 32 93 25 45
