16 68 26 56 67 27 1
56 67 27 27 63 25 4
27 63 25 3 62 28 3
3 62 28 63 62 37 9
63 62 37 14 61 45 8
14 61 45 61 69 44 8
61 69 44 39 63 21 23
39 63 21 37 59 22 4
37 59 22 13 57 25 3
13 57 25 43 53 27 4
43 53 27 32 52 33 6
32 52 33 28 51 19 14
28 51 19 15 49 14 5
15 49 14 41 42 15 7
41 42 15 4 38 21 7
4 38 21 11 36 20 2
11 36 20 64 41 29 10
64 41 29 0 37 31 4
0 37 31 59 33 38 8
59 33 38 30 33 44 6
30 33 44 6 30 46 3
6 30 46 5 27 49 4
5 27 49 35 25 50 2
35 25 50 69 25 49 1
69 25 49 40 17 44 9
40 17 44 20 12 44 5
20 12 44 36 7 40 6
36 7 40 24 10 37 4
24 10 37 34 2 42 9
34 2 42 38 2 44 2
38 2 44 29 6 50 7
29 6 50 72 6 52 2
72 6 52 55 0 36 17
55 0 36 12 0 33 3
12 0 33 49 5 24 10
49 5 24 46 11 22 6
46 11 22 17 9 18 4
17 9 18 48 15 26 10
48 15 26 42 26 41 18
42 26 41 57 42 43 16
57 42 43 60 41 50 7
60 41 50 51 46 51 5
51 46 51 45 46 53 2
45 46 53 31 48 51 2
31 48 51 21 42 55 7
21 42 55 33 39 57 3
33 39 57 26 36 61 5
26 36 61 71 38 67 6
71 38 67 52 49 71 11
52 49 71 18 63 69 14
18 63 69 25 63 66 3
25 63 66 2 25 62 38
2 25 62 1 24 61 1
1 24 61 22 24 65 4
22 24 65 66 21 64 3
66 21 64 58 16 68 6
58 16 68 67 5 70 11
67 5 70 44 15 59 14
44 15 59 23 23 68 12
23 23 68 50 39 8 62
50 39 8 8 37 8 2
8 37 8 62 36 6 2
62 36 6 70 33 7 3
70 33 7 7 25 7 8
7 25 7 54 22 9 3
54 22 9 10 11 2 13
10 11 2 9 0 3 11
9 0 3 19 45 6 45
19 45 6 68 47 7 2
68 47 7 65 52 5 5
65 52 5 47 67 3 15
47 67 3 53 45 1 22
53 45 1 16 68 26 33
