121 139 136 98 139 136 0
98 139 136 14 142 134 3
14 142 134 108 138 131 5
108 138 131 38 129 127 9
38 129 127 12 126 115 12
12 126 115 93 124 105 10
93 124 105 56 130 97 10
56 130 97 37 133 94 4
37 133 94 53 129 85 9
53 129 85 79 125 72 13
79 125 72 107 118 67 8
107 118 67 32 109 67 9
32 109 67 13 107 69 2
13 107 69 22 111 80 11
22 111 80 45 112 83 3
45 112 83 136 105 89 9
136 105 89 117 100 95 7
117 100 95 4 95 97 5
4 95 97 42 90 91 7
42 90 91 77 83 94 7
77 83 94 9 79 94 4
9 79 94 112 75 102 8
112 75 102 110 81 104 6
110 81 104 65 81 115 11
65 81 115 75 83 119 4
75 83 119 18 80 123 5
18 80 123 43 76 125 4
43 76 125 1 56 97 34
1 56 97 19 53 96 3
19 53 96 128 95 79 45
128 95 79 126 86 77 9
126 86 77 40 83 69 8
40 83 69 15 82 66 3
15 82 66 109 106 104 44
109 106 104 103 106 106 2
103 106 106 55 100 110 7
55 100 110 105 108 117 10
105 108 117 27 103 120 5
27 103 120 123 96 124 8
123 96 124 36 100 129 6
36 100 129 135 106 134 7
135 106 134 17 90 136 16
17 90 136 69 110 102 39
69 110 102 73 120 56 47
73 120 56 125 123 56 3
125 123 56 82 126 55 3
82 126 55 113 134 64 12
113 134 64 7 141 62 7
7 141 62 140 122 51 21
140 122 51 64 133 41 14
64 133 41 33 130 32 9
33 130 32 95 123 29 7
95 123 29 67 110 26 13
67 110 26 48 108 26 2
48 108 26 85 102 26 6
85 102 26 114 99 33 7
114 99 33 129 98 34 1
129 98 34 116 108 42 12
116 108 42 94 102 46 7
94 102 46 63 101 47 1
63 101 47 59 98 52 5
59 98 52 0 94 58 7
0 94 58 16 84 37 23
16 84 37 120 79 31 7
120 79 31 72 71 32 8
72 71 32 62 69 39 7
62 69 39 50 58 45 12
50 58 45 5 55 39 6
5 55 39 139 56 38 1
139 56 38 71 49 39 7
71 49 39 70 49 45 6
70 49 45 134 53 50 6
134 53 50 100 60 58 10
100 60 58 26 62 59 2
26 62 59 28 70 56 8
28 70 56 88 50 62 20
88 50 62 132 43 62 7
132 43 62 133 55 75 17
133 55 75 47 40 51 28
47 40 51 142 28 57 13
142 28 57 92 23 53 6
92 23 53 84 17 56 6
84 17 56 80 12 59 5
80 12 59 2 5 60 7
2 5 60 35 15 44 18
35 15 44 81 23 66 23
81 23 66 90 17 68 6
90 17 68 137 29 75 13
137 29 75 25 31 74 2
25 31 74 11 27 78 5
11 27 78 131 24 79 3
131 24 79 130 21 79 3
130 21 79 39 19 83 4
39 19 83 61 17 86 3
61 17 86 119 6 88 11
119 6 88 78 8 94 6
78 8 94 101 20 98 12
101 20 98 8 21 100 2
8 21 100 60 24 108 8
60 24 108 30 19 111 5
30 19 111 89 15 113 4
89 15 113 52 30 113 15
52 30 113 138 31 121 8
138 31 121 76 29 122 2
76 29 122 44 22 128 9
44 22 128 49 18 128 4
49 18 128 122 13 127 5
122 13 127 51 1 122 13
51 1 122 74 36 135 37
74 36 135 141 33 137 3
141 33 137 68 49 141 16
68 49 141 29 56 131 12
29 56 131 127 56 129 2
127 56 129 66 42 118 17
66 42 118 21 50 31 87
21 50 31 24 76 23 27
24 76 23 31 70 15 10
31 70 15 34 57 11 13
34 57 11 118 60 6 5
118 60 6 58 54 3 6
58 54 3 86 52 12 9
86 52 12 106 47 16 6
106 47 16 46 46 17 1
46 46 17 91 36 24 12
91 36 24 23 28 22 8
23 28 22 83 25 24 3
83 25 24 111 25 30 6
111 25 30 102 28 17 13
102 28 17 104 10 11 18
104 10 11 124 8 13 2
124 8 13 96 5 15 3
96 5 15 57 7 22 7
57 7 22 41 39 7 35
41 39 7 3 34 6 5
3 34 6 6 101 13 67
6 101 13 54 101 6 7
54 101 6 10 86 1 15
10 86 1 115 133 19 50
115 133 19 87 134 13 6
87 134 13 20 133 11 2
20 133 11 99 121 13 12
99 121 13 97 137 105 93
97 137 105 121 139 136 31
