77 56 41 97 57 40 1
97 57 40 70 64 39 7
70 64 39 24 67 36 4
24 67 36 38 74 32 8
38 74 32 30 77 35 4
30 77 35 13 78 43 8
13 78 43 88 79 51 8
88 79 51 25 75 58 8
25 75 58 72 81 61 6
72 81 61 53 77 73 12
53 77 73 33 73 72 4
33 73 72 32 82 78 10
32 82 78 57 77 83 7
57 77 83 92 72 88 7
92 72 88 94 71 89 1
94 71 89 46 73 93 4
46 73 93 66 75 95 2
66 75 95 1 75 107 12
1 75 107 31 81 107 6
31 81 107 69 94 105 13
69 94 105 45 93 102 3
45 93 102 63 102 104 9
63 102 104 34 103 91 13
34 103 91 105 96 83 10
105 96 83 14 99 80 4
14 99 80 27 99 72 8
27 99 72 37 97 61 11
37 97 61 36 106 51 13
36 106 51 52 106 49 2
52 106 49 49 102 36 13
49 102 36 18 93 32 9
18 93 32 106 97 25 8
106 97 25 95 100 25 3
95 100 25 86 91 20 10
86 91 20 35 92 10 10
35 92 10 4 88 6 5
4 88 6 101 87 2 4
101 87 2 84 83 1 4
84 83 1 7 78 1 5
7 78 1 15 69 85 84
15 69 85 100 64 85 5
100 64 85 54 62 90 5
54 62 90 85 64 98 8
85 64 98 41 61 101 4
41 61 101 90 61 49 52
90 61 49 29 57 54 6
29 57 54 23 56 66 12
23 56 66 82 52 69 5
82 52 69 47 50 71 2
47 50 71 26 44 76 7
26 44 76 60 38 72 7
60 38 72 51 34 74 4
51 34 74 65 31 72 3
65 31 72 10 29 74 2
10 29 74 83 26 71 4
83 26 71 102 20 75 7
102 20 75 5 16 67 8
5 16 67 58 18 63 4
58 18 63 0 11 65 7
0 11 65 19 10 69 4
19 10 69 43 2 61 11
43 2 61 9 3 50 11
9 3 50 75 4 48 2
75 4 48 40 5 44 4
40 5 44 74 5 42 2
74 5 42 22 15 33 13
22 15 33 59 23 25 11
59 23 25 96 30 23 7
96 30 23 98 31 32 9
98 31 32 67 41 40 12
67 41 40 81 30 45 12
81 30 45 89 29 56 11
89 29 56 80 42 55 13
80 42 55 91 44 57 2
91 44 57 78 24 14 47
78 24 14 76 19 12 5
76 19 12 61 5 3 16
61 5 3 55 1 7 5
55 1 7 71 34 10 33
71 34 10 99 34 6 4
99 34 6 20 40 2 7
20 40 2 39 42 17 15
39 42 17 62 45 17 3
62 45 17 68 48 10 7
68 48 10 56 57 14 9
56 57 14 87 62 15 5
87 62 15 42 60 20 5
42 60 20 3 64 7 13
3 64 7 17 71 16 11
17 71 16 107 3 29 69
107 3 29 79 10 22 9
79 10 22 16 0 45 25
16 0 45 28 48 82 60
28 48 82 44 42 91 10
44 42 91 11 43 96 5
11 43 96 64 48 96 5
64 48 96 2 49 96 1
2 49 96 48 38 88 13
48 38 88 21 36 88 2
21 36 88 6 30 85 6
6 30 85 73 26 87 4
73 26 87 8 22 85 4
8 22 85 104 16 90 7
104 16 90 103 8 90 8
103 8 90 93 19 100 14
93 19 100 50 8 103 11
50 8 103 12 56 71 57
12 56 71 77 56 41 30
