15 103 45 52 103 44 1
52 103 44 92 102 32 12
92 102 32 73 96 30 6
73 96 30 26 91 33 5
26 91 33 65 86 30 5
65 86 30 35 84 34 4
35 84 34 129 87 41 7
129 87 41 146 85 43 2
146 85 43 148 85 54 11
148 85 54 125 75 56 10
125 75 56 99 67 54 8
99 67 54 95 61 53 6
95 61 53 145 63 63 10
145 63 63 10 56 70 9
10 56 70 80 47 62 12
80 47 62 0 43 63 4
0 43 63 94 41 63 2
94 41 63 112 33 72 12
112 33 72 33 24 71 9
33 24 71 77 28 60 11
77 28 60 47 29 50 10
47 29 50 36 44 77 30
36 44 77 128 39 84 8
128 39 84 134 32 92 10
134 32 92 86 27 86 7
86 27 86 50 27 100 14
50 27 100 14 31 103 5
14 31 103 25 41 100 10
25 41 100 7 50 103 9
7 50 103 70 59 101 9
70 59 101 132 67 96 9
132 67 96 41 32 114 39
41 32 114 135 38 119 7
135 38 119 48 37 121 2
48 37 121 117 18 123 19
117 18 123 152 4 116 15
152 4 116 1 9 138 22
1 9 138 21 5 149 11
21 5 149 131 20 146 15
131 20 146 149 29 148 9
149 29 148 20 40 138 14
20 40 138 124 47 137 7
124 47 137 66 52 141 6
66 52 141 63 54 149 8
63 54 149 23 70 142 17
23 70 142 61 76 146 7
61 76 146 150 71 131 15
150 71 131 126 82 132 11
126 82 132 142 60 121 24
142 60 121 72 18 96 48
72 18 96 60 16 88 8
60 16 88 4 6 87 10
4 6 87 89 0 87 6
89 0 87 143 5 69 18
143 5 69 17 4 61 8
17 4 61 104 6 60 2
104 6 60 6 50 84 50
6 50 84 57 55 89 7
57 55 89 91 59 85 5
91 59 85 127 59 84 1
127 59 84 42 49 52 33
42 49 52 137 45 49 5
137 45 49 151 76 66 35
151 76 66 39 78 69 3
39 78 69 19 79 69 1
19 79 69 97 84 70 5
97 84 70 45 89 65 7
45 89 65 83 77 80 19
83 77 80 118 82 83 5
118 82 83 3 83 92 9
3 83 92 120 88 94 5
120 88 94 138 94 96 6
138 94 96 12 104 90 11
12 104 90 139 104 106 16
139 104 106 28 121 114 18
28 121 114 37 123 127 13
37 123 127 76 119 130 5
76 119 130 113 123 135 6
113 123 135 71 121 142 7
71 121 142 31 128 140 7
31 128 140 136 135 138 7
136 135 138 153 107 144 28
153 107 144 133 105 142 2
133 105 142 49 106 153 11
49 106 153 122 130 128 34
122 130 128 84 135 122 7
84 135 122 108 141 128 8
108 141 128 141 146 129 5
141 146 129 85 83 105 67
85 83 105 140 75 109 8
140 75 109 54 74 45 64
54 74 45 68 66 43 8
68 66 43 130 104 22 43
130 104 22 101 110 20 6
101 110 20 100 114 14 7
100 114 14 110 124 8 11
110 124 8 8 127 15 7
8 127 15 107 131 18 5
107 131 18 43 131 26 8
43 131 26 38 140 29 9
38 140 29 5 138 41 12
5 138 41 96 140 43 2
96 140 43 114 139 56 13
114 139 56 88 143 59 5
88 143 59 11 149 58 6
11 149 58 121 147 71 13
121 147 71 46 147 79 8
46 147 79 51 152 88 10
51 152 88 79 134 86 18
79 134 86 18 133 90 4
18 133 90 75 127 91 6
75 127 91 64 149 15 79
64 149 15 32 94 18 55
32 94 18 55 88 16 6
55 88 16 13 82 15 6
13 82 15 109 77 15 5
109 77 15 115 73 15 4
115 73 15 67 65 18 8
67 65 18 111 59 14 7
111 59 14 119 55 17 5
119 55 17 123 50 21 6
123 50 21 69 40 26 11
69 40 26 16 38 33 7
16 38 33 81 47 35 9
81 47 35 2 27 30 20
2 27 30 93 26 23 7
93 26 23 116 19 25 7
116 19 25 40 17 23 2
40 17 23 74 5 5 21
74 5 5 34 0 3 5
34 0 3 98 25 37 42
98 25 37 30 16 39 9
30 16 39 9 10 39 6
9 10 39 103 7 42 4
103 7 42 147 40 8 47
147 40 8 87 41 6 2
87 41 6 90 36 4 5
90 36 4 62 35 7 3
62 35 7 105 68 26 38
105 68 26 58 74 24 6
58 74 24 56 61 26 13
56 61 26 27 72 7 21
27 72 7 53 86 3 14
53 86 3 59 92 1 6
59 92 1 22 104 47 47
22 104 47 102 98 49 6
102 98 49 82 100 55 6
82 100 55 144 107 66 13
144 107 66 106 109 66 2
106 109 66 24 115 67 6
24 115 67 29 121 76 10
29 121 76 78 118 47 29
78 118 47 44 120 44 3
44 120 44 15 103 45 17
