52 52 38 47 52 38 0
47 52 38 20 50 36 2
20 50 36 54 52 34 2
54 52 34 15 56 29 6
15 56 29 30 53 27 3
30 53 27 35 54 19 8
35 54 19 3 48 19 6
3 48 19 32 45 16 4
32 45 16 36 56 12 11
36 56 12 43 55 5 7
43 55 5 12 55 4 1
12 55 4 38 42 35 33
38 42 35 4 40 26 9
4 40 26 42 38 24 2
42 38 24 44 32 29 7
44 32 29 48 26 24 7
48 26 24 0 22 24 4
0 22 24 45 32 14 14
45 32 14 40 38 5 10
40 38 5 49 34 3 4
49 34 3 37 29 0 5
37 29 0 16 42 0 13
16 42 0 13 56 40 42
13 56 40 31 53 43 4
31 53 43 10 51 48 5
10 51 48 46 54 54 6
46 54 54 24 54 54 0
24 54 54 50 52 54 2
50 52 54 55 51 58 4
55 51 58 56 48 57 3
56 48 57 22 47 55 2
22 47 55 7 44 48 7
7 44 48 29 38 47 6
29 38 47 28 35 44 4
28 35 44 5 34 49 5
5 34 49 34 32 55 6
34 32 55 2 26 46 10
2 26 46 9 26 47 1
9 26 47 58 21 47 5
58 21 47 59 22 51 4
59 22 51 26 22 51 0
26 22 51 19 21 52 1
19 21 52 33 22 54 2
33 22 54 14 15 45 11
14 15 45 8 18 38 7
8 18 38 57 14 38 4
57 14 38 18 13 36 2
18 13 36 6 15 32 4
6 15 32 27 6 39 11
27 6 39 51 0 31 10
51 0 31 39 6 21 11
39 6 21 25 3 17 5
25 3 17 21 5 15 2
21 5 15 1 7 14 2
1 7 14 53 6 11 3
53 6 11 23 3 5 6
23 3 5 41 4 5 1
41 4 5 11 4 4 1
11 4 4 17 12 53 49
17 12 53 52 52 38 42
