138 22 31 99 22 30 1
99 22 30 43 24 33 3
43 24 33 13 25 42 9
13 25 42 47 22 43 3
47 22 43 72 24 49 6
72 24 49 97 16 55 10
97 16 55 111 9 57 7
111 9 57 45 1 59 8
45 1 59 76 0 51 8
76 0 51 121 14 38 19
121 14 38 21 29 45 16
21 29 45 133 41 49 12
133 41 49 33 50 52 9
33 50 52 128 56 51 6
128 56 51 78 57 49 2
78 57 49 52 59 55 6
52 59 55 3 55 60 6
3 55 60 1 57 68 8
1 57 68 136 59 74 6
136 59 74 117 63 77 5
117 63 77 61 74 81 11
61 74 81 38 72 85 4
38 72 85 63 74 91 6
63 74 91 137 73 92 1
137 73 92 22 55 83 20
22 55 83 66 58 89 6
66 58 89 98 57 94 5
98 57 94 58 44 79 19
58 44 79 16 40 81 4
16 40 81 92 33 72 11
92 33 72 54 34 68 4
54 34 68 126 29 62 7
126 29 62 44 30 61 1
44 30 61 5 22 68 10
5 22 68 107 15 77 11
107 15 77 101 8 76 7
101 8 76 119 1 82 9
119 1 82 113 5 90 8
113 5 90 46 10 98 9
46 10 98 73 16 99 6
73 16 99 108 25 90 12
108 25 90 56 9 108 24
56 9 108 88 8 112 4
88 8 112 93 6 120 8
93 6 120 83 16 115 11
83 16 115 15 24 118 8
15 24 118 67 24 110 8
67 24 110 10 34 108 10
10 34 108 51 45 107 11
51 45 107 80 48 103 5
80 48 103 26 46 101 2
26 46 101 102 57 110 14
102 57 110 130 53 116 7
130 53 116 55 55 125 9
55 55 125 75 45 129 10
75 45 129 71 40 132 5
71 40 132 40 43 139 7
40 43 139 37 67 131 25
37 67 131 12 74 134 7
12 74 134 120 82 127 10
120 82 127 132 82 124 3
132 82 124 94 79 115 9
94 79 115 135 81 109 6
135 81 109 0 95 101 16
0 95 101 28 97 106 5
28 97 106 96 102 104 5
96 102 104 20 106 104 4
20 106 104 4 108 101 3
4 108 101 79 115 117 17
79 115 117 139 113 122 5
139 113 122 81 120 125 7
81 120 125 24 107 134 15
24 107 134 112 100 138 8
112 100 138 91 102 98 40
91 102 98 8 98 88 10
8 98 88 129 91 89 7
129 91 89 70 32 122 67
70 32 122 124 17 126 15
124 17 126 65 69 55 88
65 69 55 89 72 49 6
89 72 49 69 74 47 2
69 74 47 64 77 51 5
64 77 51 134 79 54 3
134 79 54 23 83 60 7
23 83 60 36 84 68 8
36 84 68 35 89 71 5
35 89 71 103 100 70 11
103 100 70 115 113 68 13
115 113 68 9 116 70 3
9 116 70 30 115 75 5
30 115 75 7 117 82 7
7 117 82 57 119 85 3
57 119 85 105 134 90 15
105 134 90 62 134 95 5
62 134 95 17 136 99 4
17 136 99 87 133 102 4
87 133 102 106 134 111 9
106 134 111 53 134 117 6
53 134 117 27 136 119 2
27 136 119 90 137 121 2
90 137 121 2 139 96 25
2 139 96 34 113 57 46
34 113 57 77 117 50 8
77 117 50 48 122 44 7
48 122 44 118 129 47 7
118 129 47 14 124 54 8
14 124 54 85 123 56 2
85 123 56 74 128 63 8
74 128 63 18 135 56 9
18 135 56 29 115 31 32
29 115 31 11 117 26 5
11 117 26 104 124 26 7
104 124 26 60 133 24 9
60 133 24 59 133 18 6
59 133 18 122 127 8 11
122 127 8 86 131 7 4
86 131 7 50 104 19 29
50 104 19 95 107 15 5
95 107 15 42 99 8 10
42 99 8 100 70 44 46
100 70 44 110 69 34 10
110 69 34 39 76 26 10
39 76 26 6 89 20 14
6 89 20 127 83 12 10
127 83 12 41 79 7 6
41 79 7 32 67 1 13
32 67 1 31 58 28 28
31 58 28 19 53 26 5
19 53 26 109 44 32 10
109 44 32 131 39 36 6
131 39 36 116 38 18 18
116 38 18 125 35 11 7
125 35 11 84 41 7 7
84 41 7 82 39 1 6
82 39 1 49 52 10 15
49 52 10 123 23 7 29
123 23 7 25 22 9 2
25 22 9 114 41 58 52
114 41 58 68 12 25 43
68 12 25 138 22 31 11
