41 62 119 89 62 119 0
89 62 119 11 64 117 2
11 64 117 42 73 123 10
42 73 123 8 71 107 16
8 71 107 104 75 104 5
104 75 104 59 87 100 12
59 87 100 46 96 100 9
46 96 100 120 92 109 9
120 92 109 9 91 115 6
9 91 115 20 98 114 7
20 98 114 74 100 109 5
74 100 109 82 96 121 12
82 96 121 101 88 124 8
101 88 124 30 106 126 18
30 106 126 36 120 119 15
36 120 119 43 124 118 4
43 124 118 119 123 115 3
119 123 115 80 123 115 0
80 123 115 38 120 110 5
38 120 110 61 127 106 8
61 127 106 70 123 97 9
70 123 97 39 114 91 10
39 114 91 58 118 78 13
58 118 78 107 110 76 8
107 110 76 26 111 67 9
26 111 67 88 113 65 2
88 113 65 114 114 59 6
114 114 59 2 123 63 9
2 123 63 97 126 62 3
97 126 62 40 119 48 15
40 119 48 124 125 49 6
124 125 49 87 111 47 14
87 111 47 103 103 49 8
103 103 49 123 95 58 12
123 95 58 35 99 69 11
35 99 69 60 59 104 53
60 59 104 90 53 103 6
90 53 103 62 52 108 5
62 52 108 53 50 111 3
53 50 111 55 45 122 12
55 45 122 91 40 119 5
91 40 119 84 37 127 8
84 37 127 115 31 121 8
115 31 121 48 18 114 14
48 18 114 14 14 105 9
14 14 105 21 8 109 7
21 8 109 75 4 121 12
75 4 121 125 5 122 1
125 5 122 79 49 98 50
79 49 98 64 55 96 6
64 55 96 127 41 92 14
127 41 92 32 36 94 5
32 36 94 121 31 96 5
121 31 96 102 26 93 5
102 26 93 50 27 91 2
50 27 91 66 30 82 9
66 30 82 118 24 82 6
118 24 82 108 18 82 6
108 18 82 23 39 78 21
23 39 78 112 43 77 4
112 43 77 45 31 106 31
45 31 106 25 50 86 27
25 50 86 12 57 75 13
12 57 75 29 58 67 8
29 58 67 16 60 64 3
16 60 64 5 60 62 2
5 60 62 78 57 54 8
78 57 54 33 64 47 9
33 64 47 52 69 39 9
52 69 39 111 60 35 9
111 60 35 51 51 31 9
51 51 31 117 52 27 4
117 52 27 17 48 24 5
17 48 24 86 50 17 7
86 50 17 24 47 5 12
24 47 5 34 35 7 12
34 35 7 4 35 10 3
4 35 10 31 32 6 5
31 32 6 85 24 10 8
85 24 10 113 28 22 12
113 28 22 3 25 25 4
3 25 25 109 13 28 12
109 13 28 100 13 33 5
100 13 33 19 10 36 4
19 10 36 106 5 34 5
106 5 34 81 6 39 5
81 6 39 93 9 47 8
93 9 47 47 17 48 8
47 17 48 72 25 41 10
72 25 41 56 32 36 8
56 32 36 10 0 53 36
10 0 53 22 9 16 38
22 9 16 77 10 15 1
77 10 15 28 11 15 1
28 11 15 67 7 8 8
67 7 8 92 7 5 3
92 7 5 105 12 7 5
105 12 7 96 1 21 17
96 1 21 83 65 24 64
83 65 24 76 65 24 0
76 65 24 7 79 29 14
7 79 29 1 79 14 15
1 79 14 44 86 10 8
44 86 10 68 84 6 4
68 84 6 94 82 4 2
94 82 4 73 99 3 17
73 99 3 99 105 3 6
99 105 3 65 108 3 3
65 108 3 13 119 11 13
13 119 11 18 121 20 9
18 121 20 49 125 25 6
49 125 25 126 72 6 56
126 72 6 54 94 32 34
54 94 32 71 100 30 6
71 100 30 98 54 45 48
98 54 45 15 44 50 11
15 44 50 95 44 52 2
95 44 52 69 42 61 9
69 42 61 27 69 58 27
27 69 58 57 75 56 6
57 75 56 110 76 52 4
110 76 52 63 74 63 11
63 74 63 0 70 71 8
0 70 71 116 75 75 6
116 75 75 37 83 83 11
37 83 83 6 73 87 10
6 73 87 122 54 62 31
122 54 62 41 62 119 57
