52 6 100 3 6 100 0
3 6 100 16 5 104 4
16 5 104 108 7 114 10
108 7 114 32 9 115 2
32 9 115 80 19 121 11
80 19 121 57 29 124 10
57 29 124 85 36 127 7
85 36 127 109 31 116 12
109 31 116 77 29 108 8
77 29 108 42 24 101 8
42 24 101 84 26 98 3
84 26 98 102 27 87 11
102 27 87 7 24 87 3
7 24 87 93 20 87 4
93 20 87 96 19 84 3
96 19 84 61 15 69 15
61 15 69 66 11 67 4
66 11 67 28 15 63 5
28 15 63 73 16 61 2
73 16 61 107 15 54 7
107 15 54 95 11 48 7
95 11 48 38 7 55 8
38 7 55 69 0 61 9
69 0 61 11 18 43 25
11 18 43 34 24 31 13
34 24 31 24 31 31 7
24 31 31 122 29 25 6
122 29 25 92 22 21 8
92 22 21 41 25 14 7
41 25 14 128 37 9 13
128 37 9 68 45 5 8
68 45 5 49 45 2 3
49 45 2 76 45 12 10
76 45 12 88 55 17 11
88 55 17 103 62 13 8
103 62 13 105 57 9 6
105 57 9 40 67 17 12
40 67 17 30 75 22 9
30 75 22 106 89 19 14
106 89 19 125 89 27 8
125 89 27 48 87 41 14
48 87 41 25 93 47 8
25 93 47 75 98 42 7
75 98 42 54 99 40 2
54 99 40 94 106 2 38
94 106 2 115 109 0 3
115 109 0 123 121 1 12
123 121 1 56 124 0 3
56 124 0 120 124 6 6
120 124 6 101 123 6 1
101 123 6 86 119 9 5
86 119 9 112 116 11 3
112 116 11 124 61 25 56
124 61 25 110 68 33 10
110 68 33 99 71 32 3
99 71 32 127 67 44 12
127 67 44 8 48 27 25
8 48 27 4 7 19 41
4 7 19 1 4 9 10
1 4 9 64 12 1 11
64 12 1 91 36 38 44
91 36 38 19 40 41 5
19 40 41 118 38 44 3
118 38 44 83 37 44 1
83 37 44 87 41 48 5
87 41 48 2 36 54 7
2 36 54 100 30 50 7
100 30 50 36 44 60 17
36 44 60 71 54 62 10
71 54 62 74 65 68 12
74 65 68 59 66 64 4
59 66 64 29 70 64 4
29 70 64 121 71 73 9
121 71 73 39 77 80 9
39 77 80 51 86 78 9
51 86 78 89 91 77 5
89 91 77 22 91 68 9
22 91 68 10 88 63 5
10 88 63 114 84 64 4
114 84 64 126 83 62 2
126 83 62 26 82 64 2
26 82 64 20 82 65 1
20 82 65 47 85 68 4
47 85 68 116 95 63 11
116 95 63 13 102 62 7
13 102 62 35 114 64 12
35 114 64 0 123 67 9
0 123 67 67 122 69 2
67 122 69 63 116 52 18
63 116 52 111 115 40 12
111 115 40 15 83 88 57
15 83 88 45 91 88 8
45 91 88 117 103 90 12
117 103 90 98 108 86 6
98 108 86 82 111 94 8
82 111 94 23 118 92 7
23 118 92 70 120 87 5
70 120 87 37 122 88 2
37 122 88 79 125 84 5
79 125 84 46 122 105 21
46 122 105 17 123 105 1
17 123 105 62 127 108 5
62 127 108 90 118 110 9
90 118 110 6 113 118 9
6 113 118 113 109 116 4
113 109 116 18 118 122 10
18 118 122 55 112 125 6
55 112 125 72 97 99 30
72 97 99 78 94 104 5
78 94 104 65 96 111 7
65 96 111 31 90 120 10
31 90 120 43 85 116 6
43 85 116 50 84 113 3
50 84 113 81 97 122 15
81 97 122 33 2 45 122
33 2 45 119 34 79 46
119 34 79 12 30 73 7
12 30 73 58 39 86 15
58 39 86 104 43 91 6
104 43 91 60 47 88 5
60 47 88 5 44 81 7
5 44 81 27 57 84 13
27 57 84 21 63 90 8
21 63 90 53 53 96 11
53 53 96 9 58 105 10
9 58 105 44 59 106 1
44 59 106 14 57 115 9
14 57 115 97 0 113 57
97 0 113 52 6 100 14
