103 90 54 5 90 54 0
5 90 54 91 90 51 3
91 90 51 72 87 51 3
72 87 51 87 82 44 8
87 82 44 74 88 41 6
74 88 41 66 85 36 5
66 85 36 65 91 37 6
65 91 37 70 94 36 3
70 94 36 49 90 32 5
49 90 32 9 91 24 8
9 91 24 64 97 19 7
64 97 19 69 98 18 1
69 98 18 19 103 16 5
19 103 16 73 103 11 5
73 103 11 58 95 11 8
58 95 11 95 89 10 6
95 89 10 55 84 6 6
55 84 6 27 75 12 10
27 75 12 84 67 25 15
84 67 25 12 59 23 8
12 59 23 15 47 19 12
15 47 19 29 59 0 22
29 59 0 50 106 38 60
50 106 38 67 104 50 12
67 104 50 96 77 39 29
96 77 39 53 77 55 16
53 77 55 32 76 63 8
32 76 63 97 73 65 3
97 73 65 7 69 62 5
7 69 62 10 66 52 10
10 66 52 26 61 56 6
26 61 56 25 54 49 9
25 54 49 31 50 56 8
31 50 56 78 53 66 10
78 53 66 1 53 68 2
1 53 68 23 41 66 12
23 41 66 48 38 61 5
48 38 61 20 35 58 4
20 35 58 106 29 59 6
106 29 59 101 27 69 10
101 27 69 36 46 44 31
36 46 44 98 40 38 8
98 40 38 94 38 45 7
94 38 45 81 35 46 3
81 35 46 43 28 39 9
43 28 39 46 30 36 3
46 30 36 39 23 31 8
39 23 31 44 28 24 8
44 28 24 11 27 10 14
11 27 10 3 35 4 10
3 35 4 60 16 23 26
60 16 23 37 9 26 7
37 9 26 21 8 19 7
21 8 19 54 4 17 4
54 4 17 75 3 19 2
75 3 19 85 1 25 6
85 1 25 13 2 28 3
13 2 28 6 8 8 20
6 8 8 42 35 29 34
42 35 29 2 18 42 21
2 18 42 89 12 45 6
89 12 45 57 7 46 5
57 7 46 8 0 44 7
8 0 44 61 0 43 1
61 0 43 86 1 38 5
86 1 38 59 10 57 21
59 10 57 77 3 59 7
77 3 59 79 14 67 13
79 14 67 88 14 72 5
88 14 72 47 16 77 5
47 16 77 90 19 86 9
90 19 86 92 16 88 3
92 16 88 30 7 87 9
30 7 87 28 3 86 4
28 3 86 24 1 84 2
24 1 84 45 4 82 3
45 4 82 34 5 82 1
34 5 82 33 0 81 5
33 0 81 104 3 100 19
104 3 100 80 23 91 21
80 23 91 76 28 89 5
76 28 89 100 17 100 15
100 17 100 40 20 102 3
40 20 102 62 20 106 4
62 20 106 68 9 40 66
68 9 40 22 47 36 38
22 47 36 82 59 39 12
82 59 39 18 75 72 36
18 75 72 35 87 79 13
35 87 79 51 87 77 2
51 87 77 63 95 76 8
63 95 76 99 103 80 8
99 103 80 93 104 82 2
93 104 82 41 98 90 10
41 98 90 56 90 94 8
56 90 94 105 82 105 13
105 82 105 71 72 104 10
71 72 104 16 61 97 13
16 61 97 102 57 93 5
102 57 93 0 49 100 10
0 49 100 17 42 106 9
17 42 106 83 66 88 30
83 66 88 4 99 99 34
4 99 99 52 96 67 32
52 96 67 14 104 64 8
14 104 64 38 89 82 23
38 89 82 103 90 54 28
