99 135 48 59 135 49 1
59 135 49 111 139 49 4
111 139 49 12 147 57 11
12 147 57 0 137 42 18
0 137 42 8 134 39 4
8 134 39 66 130 40 4
66 130 40 50 125 40 5
50 125 40 43 111 50 17
43 111 50 45 106 46 6
45 106 46 63 103 54 8
63 103 54 96 103 57 3
96 103 57 109 108 66 10
109 108 66 91 101 76 12
91 101 76 127 102 87 11
127 102 87 30 102 93 6
30 102 93 49 100 98 5
49 100 98 110 102 107 9
110 102 107 141 101 109 2
141 101 109 79 104 109 3
79 104 109 138 104 115 6
138 104 115 25 99 122 8
25 99 122 1 107 128 10
1 107 128 128 112 126 5
128 112 126 69 127 139 19
69 127 139 122 100 135 27
122 100 135 148 94 134 6
148 94 134 129 88 137 6
129 88 137 32 79 129 12
32 79 129 2 70 129 9
2 70 129 35 56 130 14
35 56 130 133 51 122 9
133 51 122 81 49 143 21
81 49 143 119 38 144 11
119 38 144 21 34 144 4
21 34 144 16 78 144 44
16 78 144 11 77 146 2
11 77 146 100 64 143 13
100 64 143 68 88 149 24
68 88 149 10 90 152 3
10 90 152 104 107 149 17
104 107 149 70 90 115 38
70 90 115 39 115 107 26
39 115 107 44 122 108 7
44 122 108 112 123 106 2
112 123 106 20 128 103 5
20 128 103 64 130 108 5
64 130 108 84 135 121 13
84 135 121 143 150 130 17
143 150 130 29 152 120 10
29 152 120 51 116 98 42
51 116 98 46 126 91 12
46 126 91 89 124 82 9
89 124 82 97 121 73 9
97 121 73 105 138 86 21
105 138 86 37 139 81 5
37 139 81 88 89 95 51
88 89 95 115 87 87 8
115 87 87 73 85 78 9
73 85 78 134 83 73 5
134 83 73 5 78 64 10
5 78 64 71 75 84 20
71 75 84 74 63 76 14
74 63 76 118 56 79 7
118 56 79 137 56 81 2
137 56 81 60 60 91 10
60 60 91 144 50 91 10
144 50 91 76 45 92 5
76 45 92 123 46 99 7
123 46 99 4 44 101 2
4 44 101 61 36 103 8
61 36 103 15 32 100 5
15 32 100 93 25 106 9
93 25 106 131 16 108 9
131 16 108 107 2 103 14
107 2 103 75 1 94 9
75 1 94 54 3 114 20
54 3 114 87 8 123 10
87 8 123 55 13 128 7
55 13 128 53 16 141 13
53 16 141 83 16 149 8
83 16 149 40 17 152 3
40 17 152 28 36 115 41
28 36 115 108 33 121 6
108 33 121 113 70 100 42
113 70 100 120 75 107 8
120 75 107 136 53 74 39
136 53 74 41 45 74 8
41 45 74 58 38 78 8
58 38 78 151 32 72 8
151 32 72 149 25 71 7
149 25 71 48 25 68 3
48 25 68 72 21 61 8
72 21 61 135 17 61 4
135 17 61 102 26 77 18
102 26 77 80 24 82 5
80 24 82 126 25 86 4
126 25 86 22 16 74 15
22 16 74 94 12 74 4
94 12 74 142 2 74 10
142 2 74 3 1 65 9
3 1 65 150 3 55 10
150 3 55 7 52 65 50
7 52 65 90 56 64 4
90 56 64 125 64 57 10
125 64 57 117 63 46 11
117 63 46 124 69 42 7
124 69 42 62 74 39 5
62 74 39 31 73 39 1
31 73 39 52 84 30 14
52 84 30 34 87 27 4
34 87 27 114 92 29 5
114 92 29 132 56 42 38
132 56 42 17 50 39 6
17 50 39 106 41 32 11
106 41 32 38 48 24 10
38 48 24 65 51 25 3
65 51 25 145 55 24 4
145 55 24 121 66 18 12
121 66 18 140 61 11 8
140 61 11 33 57 9 4
33 57 9 152 58 8 1
152 58 8 147 69 4 11
147 69 4 13 84 1 15
13 84 1 19 86 2 2
19 86 2 47 87 8 6
47 87 8 77 99 15 13
77 99 15 26 103 9 7
26 103 9 36 51 22 53
36 51 22 23 33 23 18
23 33 23 86 31 11 12
86 31 11 146 13 9 18
146 13 9 139 8 1 9
139 8 1 116 62 35 63
116 62 35 78 42 63 34
78 42 63 6 33 60 9
6 33 60 85 33 52 8
85 33 52 130 34 46 6
130 34 46 14 30 44 4
14 30 44 18 25 48 6
18 25 48 42 22 50 3
42 22 50 67 9 36 19
67 9 36 27 4 35 5
27 4 35 9 1 35 3
9 1 35 82 13 33 12
82 13 33 57 109 86 109
57 109 86 101 92 54 36
101 92 54 103 86 49 7
103 86 49 24 131 33 47
24 131 33 98 123 30 8
98 123 30 92 115 27 8
92 115 27 95 148 37 34
95 148 37 56 148 13 24
56 148 13 99 135 48 37
