38 90 46 142 90 46 0
142 90 46 141 82 36 12
141 82 36 97 79 31 5
97 79 31 23 83 20 11
23 83 20 121 89 21 6
121 89 21 34 93 13 8
34 93 13 99 98 13 5
99 98 13 22 90 2 13
22 90 2 13 77 0 13
13 77 0 92 72 13 13
92 72 13 7 68 21 8
7 68 21 146 64 13 8
146 64 13 123 63 7 6
123 63 7 48 62 3 4
48 62 3 57 60 2 2
57 60 2 109 59 3 1
109 59 3 140 57 9 6
140 57 9 0 56 18 9
0 56 18 124 48 15 8
124 48 15 35 42 9 8
35 42 9 50 39 1 8
50 39 1 87 30 9 12
87 30 9 20 19 11 11
20 19 11 93 18 0 11
93 18 0 108 11 3 7
108 11 3 96 58 27 52
96 58 27 47 54 34 8
47 54 34 19 54 37 3
19 54 37 64 64 48 14
64 64 48 112 77 52 13
112 77 52 2 77 62 10
2 77 62 81 82 69 8
81 82 69 131 90 69 8
131 90 69 77 66 64 24
77 66 64 24 66 68 4
24 66 68 79 63 75 7
79 63 75 126 52 78 11
126 52 78 4 50 77 2
4 50 77 105 43 81 8
105 43 81 135 36 88 9
135 36 88 115 31 82 7
115 31 82 63 22 74 12
63 22 74 84 30 66 11
84 30 66 62 38 57 12
62 38 57 85 8 68 31
85 8 68 69 7 55 13
69 7 55 5 12 50 7
5 12 50 154 14 46 4
154 14 46 101 16 44 2
101 16 44 39 13 43 3
39 13 43 9 5 41 8
9 5 41 132 14 34 11
132 14 34 25 13 25 9
25 13 25 147 24 26 11
147 24 26 59 34 96 70
59 34 96 17 25 94 9
17 25 94 58 24 97 3
58 24 97 32 18 98 6
32 18 98 113 14 100 4
113 14 100 61 9 94 7
61 9 94 53 13 111 17
53 13 111 49 12 118 7
49 12 118 44 20 122 8
44 20 122 41 18 129 7
41 18 129 1 22 139 10
1 22 139 42 20 141 2
42 20 141 107 13 140 7
107 13 140 138 3 140 10
138 3 140 145 21 154 22
145 21 154 128 7 155 14
128 7 155 156 22 113 44
156 22 113 75 32 116 10
75 32 116 60 40 128 14
60 40 128 43 45 136 9
43 45 136 137 50 133 5
137 50 133 152 56 136 6
152 56 136 114 64 136 8
114 64 136 51 68 146 10
51 68 146 139 67 148 2
139 67 148 89 63 150 4
89 63 150 127 63 149 1
127 63 149 28 76 145 13
28 76 145 94 74 125 20
94 74 125 76 72 120 5
76 72 120 86 81 125 10
86 81 125 31 84 126 3
31 84 126 148 68 88 41
148 68 88 30 72 96 8
30 72 96 102 79 102 9
102 79 102 16 79 90 12
16 79 90 155 90 84 12
155 90 84 18 101 89 12
18 101 89 100 108 81 10
100 108 81 104 108 80 1
104 108 80 46 105 77 4
46 105 77 98 113 87 12
98 113 87 150 122 95 12
150 122 95 74 130 91 8
74 130 91 106 100 101 31
106 100 101 120 99 101 1
120 99 101 151 97 104 3
151 97 104 73 97 107 3
73 97 107 36 106 105 9
36 106 105 33 111 113 9
33 111 113 116 108 119 6
116 108 119 67 101 136 18
67 101 136 55 118 135 17
55 118 135 82 96 155 29
82 96 155 119 104 156 8
119 104 156 143 114 154 10
143 114 154 88 116 108 46
88 116 108 40 120 113 6
40 120 113 14 137 112 17
14 137 112 136 142 119 8
136 142 119 83 139 125 6
83 139 125 70 138 135 10
70 138 135 157 145 147 13
157 145 147 149 143 151 4
149 143 151 125 141 153 2
125 141 153 21 61 95 98
21 61 95 117 50 97 11
117 50 97 91 48 102 5
91 48 102 27 51 105 4
27 51 105 71 52 114 9
71 52 114 134 50 114 2
134 50 114 12 49 117 3
12 49 117 68 39 37 80
68 39 37 111 101 28 62
111 101 28 130 99 33 5
130 99 33 10 102 34 3
10 102 34 78 105 56 22
78 105 56 122 122 54 17
122 122 54 80 125 63 9
80 125 63 29 136 63 11
29 136 63 52 138 57 6
52 138 57 11 138 51 6
11 138 51 90 129 44 11
90 129 44 54 127 41 3
54 127 41 66 127 33 8
66 127 33 118 123 31 4
118 123 31 144 120 34 4
144 120 34 153 134 20 19
153 134 20 110 130 18 4
110 130 18 26 123 6 13
26 123 6 6 125 3 3
6 125 3 45 136 6 11
45 136 6 72 142 8 6
72 142 8 129 154 7 12
129 154 7 15 116 2 38
15 116 2 8 149 32 44
8 149 32 3 155 34 6
3 155 34 65 157 29 5
65 157 29 56 146 58 31
56 146 58 133 145 62 4
133 145 62 95 149 79 17
95 149 79 103 155 83 7
103 155 83 37 156 57 26
37 156 57 38 90 46 66
