92 61 8 40 61 8 0
40 61 8 35 56 5 5
35 56 5 45 55 0 5
45 55 0 25 46 2 9
25 46 2 81 46 9 7
81 46 9 106 39 10 7
106 39 10 38 31 16 10
38 31 16 28 25 22 8
28 25 22 85 27 25 3
85 27 25 33 24 35 10
33 24 35 8 38 35 14
8 38 35 42 19 22 23
42 19 22 11 13 26 7
11 13 26 39 12 33 7
39 12 33 5 11 40 7
5 11 40 51 13 41 2
51 13 41 57 16 48 7
57 16 48 7 21 49 5
7 21 49 95 31 54 11
95 31 54 94 37 52 6
94 37 52 58 46 47 10
58 46 47 69 50 47 4
69 50 47 30 52 52 5
30 52 52 9 61 52 9
9 61 52 55 62 58 6
55 62 58 43 68 59 6
43 68 59 32 69 58 1
32 69 58 93 73 55 5
93 73 55 75 76 52 4
75 76 52 54 80 53 4
54 80 53 59 91 57 11
59 91 57 50 96 71 14
50 96 71 6 93 77 6
6 93 77 87 106 72 13
87 106 72 26 110 63 9
26 110 63 1 108 84 21
1 108 84 77 102 94 11
77 102 94 107 99 94 3
107 99 94 105 95 91 5
105 95 91 60 97 100 9
60 97 100 48 97 108 8
48 97 108 72 107 109 10
72 107 109 70 84 41 71
70 84 41 74 95 43 11
74 95 43 31 98 37 6
31 98 37 3 102 42 6
3 102 42 16 102 49 7
16 102 49 34 104 30 19
34 104 30 99 105 19 11
99 105 19 23 104 15 4
23 104 15 29 105 10 5
29 105 10 15 109 13 5
15 109 13 100 98 6 13
100 98 6 82 94 2 5
82 94 2 63 108 1 14
63 108 1 89 107 1 1
89 107 1 80 77 59 65
80 77 59 103 78 60 1
103 78 60 46 69 64 9
46 69 64 13 51 65 18
13 51 65 49 53 73 8
49 53 73 17 41 77 12
17 41 77 108 41 76 1
108 41 76 66 41 82 6
66 41 82 84 40 89 7
84 40 89 36 39 98 9
36 39 98 64 44 106 9
64 44 106 91 45 108 2
91 45 108 12 58 105 13
12 58 105 41 69 107 11
41 69 107 79 29 93 42
79 29 93 53 21 89 8
53 21 89 56 18 85 5
56 18 85 73 9 88 9
73 9 88 2 1 78 12
2 1 78 98 20 76 19
98 20 76 47 29 74 9
47 29 74 65 14 103 32
65 14 103 61 9 106 5
61 9 106 109 7 104 2
109 7 104 21 4 105 3
21 4 105 44 49 85 49
44 49 85 18 61 87 12
18 61 87 78 63 87 2
78 63 87 24 65 81 6
24 65 81 4 67 92 11
4 67 92 83 72 88 6
83 72 88 14 73 88 1
14 73 88 86 69 48 40
86 69 48 20 58 41 13
20 58 41 88 63 34 8
88 63 34 76 70 37 7
76 70 37 67 74 28 9
67 74 28 10 74 26 2
10 74 26 90 86 20 13
90 86 20 71 81 8 13
71 81 8 96 13 59 85
96 13 59 62 23 62 10
62 23 62 104 29 8 54
104 29 8 37 29 2 6
37 29 2 110 17 3 12
110 17 3 97 15 3 2
97 15 3 19 6 3 9
19 6 3 27 4 1 2
27 4 1 0 2 7 6
0 2 7 101 2 8 1
101 2 8 102 2 13 5
102 2 13 52 51 21 49
52 51 21 22 49 25 4
22 49 25 68 66 6 25
68 66 6 92 61 8 5
