71 22 21 73 21 22 1
73 21 22 96 17 24 4
96 17 24 75 9 27 8
75 9 27 67 2 26 7
67 2 26 82 1 35 9
82 1 35 39 8 43 10
39 8 43 9 24 25 24
9 24 25 94 31 26 7
94 31 26 25 34 32 6
25 34 32 34 38 35 5
34 38 35 48 42 31 5
48 42 31 18 47 32 5
18 47 32 6 50 33 3
6 50 33 17 58 28 9
17 58 28 42 54 20 8
42 54 20 38 64 17 10
38 64 17 68 67 14 4
68 67 14 53 53 44 33
53 53 44 80 53 47 3
80 53 47 69 57 46 4
69 57 46 66 63 47 6
66 63 47 47 64 46 1
47 64 46 5 78 41 14
5 78 41 101 84 34 9
101 84 34 49 84 29 5
49 84 29 13 73 30 11
13 73 30 61 92 19 21
61 92 19 88 93 10 9
88 93 10 78 89 4 7
78 89 4 30 86 6 3
30 86 6 29 79 4 7
29 79 4 92 78 4 1
92 78 4 97 77 1 3
97 77 1 89 88 43 43
89 88 43 44 90 42 2
44 90 42 23 102 45 12
23 102 45 77 46 53 56
77 46 53 31 45 59 6
31 45 59 15 46 61 2
15 46 61 72 45 66 5
72 45 66 55 38 64 7
55 38 64 32 30 64 8
32 30 64 64 22 69 9
64 22 69 14 19 65 5
14 19 65 22 22 78 13
22 22 78 59 20 78 2
59 20 78 57 14 77 6
57 14 77 90 1 66 17
90 1 66 16 27 84 31
16 27 84 2 25 95 11
2 25 95 84 31 96 6
84 31 96 27 38 101 8
27 38 101 19 46 98 8
19 46 98 35 46 101 3
35 46 101 36 38 92 12
36 38 92 70 39 87 5
70 39 87 3 39 84 3
3 39 84 52 38 84 1
52 38 84 65 16 99 26
65 16 99 46 11 101 5
46 11 101 33 7 101 4
33 7 101 10 6 93 8
10 6 93 11 52 62 55
11 52 62 58 57 57 7
58 57 57 24 56 69 12
24 56 69 12 53 78 9
12 53 78 98 50 79 3
98 50 79 74 60 86 12
74 60 86 95 67 81 8
95 67 81 4 73 81 6
4 73 81 37 84 91 14
37 84 91 21 86 87 4
21 86 87 81 87 83 4
81 87 83 0 93 80 6
0 93 80 91 89 69 11
91 89 69 99 96 68 7
99 96 68 50 90 59 10
50 90 59 104 94 90 31
104 94 90 40 86 96 10
40 86 96 28 85 104 8
28 85 104 93 78 96 10
93 78 96 100 62 95 16
100 62 95 103 63 99 4
103 63 99 20 39 53 51
20 39 53 1 28 50 11
1 28 50 76 26 36 14
76 26 36 43 27 38 2
43 27 38 26 20 14 25
26 20 14 79 17 13 3
79 17 13 56 12 8 7
56 12 8 51 11 7 1
51 11 7 102 7 2 6
102 7 2 83 6 3 1
83 6 3 60 3 8 5
60 3 8 54 4 0 8
54 4 0 62 9 16 16
62 9 16 63 26 12 17
63 26 12 45 30 14 4
45 30 14 87 33 12 3
87 33 12 86 36 4 8
86 36 4 7 37 3 1
7 37 3 85 42 9 7
85 42 9 8 43 14 5
8 43 14 41 25 5 20
41 25 5 71 22 21 16
