15 34 17 11 34 18 1
11 34 18 6 32 17 2
6 32 17 16 29 16 3
16 29 16 32 27 15 2
32 27 15 23 27 13 2
23 27 13 31 25 8 5
31 25 8 12 26 4 4
12 26 4 3 26 3 1
3 26 3 34 29 0 4
34 29 0 8 20 7 11
8 20 7 2 19 10 3
2 19 10 7 20 15 5
7 20 15 17 11 13 9
17 11 13 22 7 5 8
22 7 5 4 9 2 3
4 9 2 25 0 5 9
25 0 5 29 3 17 12
29 3 17 21 1 18 2
21 1 18 33 0 21 3
33 0 21 24 33 9 35
24 33 9 26 26 22 14
26 26 22 14 28 24 2
14 28 24 5 34 29 7
5 34 29 27 28 32 6
27 28 32 30 23 23 10
30 23 23 20 19 25 4
20 19 25 13 14 26 5
13 14 26 19 11 25 3
19 11 25 18 14 29 5
18 14 29 0 14 32 3
0 14 32 9 9 32 5
9 9 32 28 6 32 3
28 6 32 1 6 30 2
1 6 30 10 0 34 7
10 0 34 15 34 17 38
