2 5 1 28 5 1 0
28 5 1 15 8 2 3
15 8 2 23 11 0 3
23 11 0 21 19 4 8
21 19 4 11 18 5 1
11 18 5 4 22 7 4
4 22 7 0 21 14 7
0 21 14 13 30 8 10
13 30 8 7 32 8 2
7 32 8 3 30 16 8
3 30 16 32 31 17 1
32 31 17 31 31 18 1
31 31 18 25 28 21 4
25 28 21 33 27 21 1
33 27 21 22 26 21 1
22 26 21 12 18 26 9
12 18 26 30 17 30 4
30 17 30 6 20 31 3
6 20 31 8 27 31 7
8 27 31 16 13 27 14
16 13 27 24 7 27 6
24 7 27 10 9 22 5
10 9 22 26 12 21 3
26 12 21 27 5 19 7
27 5 19 14 6 17 2
14 6 17 17 2 29 12
17 2 29 20 3 32 3
20 3 32 29 5 33 2
29 5 33 5 2 24 9
5 2 24 18 12 10 17
18 12 10 19 0 3 13
19 0 3 1 0 3 0
1 0 3 9 0 5 2
9 0 5 2 5 1 6
