20 28 13 19 29 12 1
19 29 12 16 25 14 4
16 25 14 7 25 15 1
7 25 15 27 27 20 5
27 27 20 15 27 22 2
15 27 22 10 25 12 10
10 25 12 14 19 17 7
14 19 17 4 19 21 4
4 19 21 8 16 23 3
8 16 23 9 16 21 2
9 16 21 0 20 27 7
0 20 27 2 23 28 3
2 23 28 11 11 27 12
11 11 27 25 9 26 2
25 9 26 5 7 27 2
5 7 27 18 5 23 4
18 5 23 13 2 24 3
13 2 24 3 4 19 5
3 4 19 6 0 19 4
6 0 19 23 10 16 10
23 10 16 12 13 15 3
12 13 15 21 16 8 7
21 16 8 26 14 3 5
26 14 3 17 11 1 3
17 11 1 28 7 4 5
28 7 4 22 5 2 2
22 5 2 24 9 8 7
24 9 8 1 2 11 7
1 2 11 29 20 1 20
29 20 1 20 28 13 14
