37 6 1 5 5 1 1
5 5 1 19 2 0 3
19 2 0 24 0 0 2
24 0 0 6 3 5 5
6 3 5 45 10 5 7
45 10 5 31 7 12 7
31 7 12 21 3 13 4
21 3 13 44 18 7 16
44 18 7 38 18 12 5
38 18 12 30 20 17 5
30 20 17 13 16 26 9
13 16 26 35 17 27 1
35 17 27 54 14 35 8
54 14 35 57 19 36 5
57 19 36 40 22 42 6
40 22 42 36 26 44 4
36 26 44 18 29 45 3
18 29 45 22 34 44 5
22 34 44 56 39 53 10
56 39 53 51 32 56 7
51 32 56 9 47 51 15
9 47 51 8 51 51 4
8 51 51 39 54 55 5
39 54 55 28 53 56 1
28 53 56 47 48 57 5
47 48 57 0 57 57 9
0 57 57 46 47 42 18
46 47 42 49 53 40 6
49 53 40 27 57 32 8
27 57 32 32 54 28 5
32 54 28 10 57 27 3
10 57 27 7 45 27 12
7 45 27 50 47 21 6
50 47 21 43 40 18 7
43 40 18 14 37 23 5
14 37 23 41 35 28 5
41 35 28 2 32 28 3
2 32 28 12 30 32 4
12 30 32 16 38 32 8
16 38 32 53 36 15 17
53 36 15 55 31 9 7
55 31 9 52 32 8 1
52 32 8 3 36 6 4
3 36 6 26 33 1 5
26 33 1 42 44 10 14
42 44 10 20 43 0 10
20 43 0 33 17 45 51
33 17 45 34 14 51 6
34 14 51 25 16 54 3
25 16 54 15 15 56 2
15 15 56 11 9 54 6
11 9 54 1 5 56 4
1 5 56 17 8 43 13
17 8 43 48 6 27 16
48 6 27 29 2 25 4
29 2 25 23 1 26 1
23 1 26 4 2 33 7
4 2 33 37 6 1 32
