10 14 51 23 14 51 0
23 14 51 60 15 51 1
60 15 51 59 20 49 5
59 20 49 63 22 49 2
63 22 49 5 28 46 6
5 28 46 28 29 47 1
28 29 47 44 37 44 8
44 37 44 62 38 43 1
62 38 43 4 25 43 13
4 25 43 48 25 39 4
48 25 39 51 27 34 5
51 27 34 50 34 35 7
50 34 35 13 35 30 5
13 35 30 37 39 23 8
37 39 23 42 46 30 9
42 46 30 61 45 31 1
61 45 31 6 48 27 5
6 48 27 0 49 27 1
0 49 27 57 49 30 3
57 49 30 15 56 25 8
15 56 25 2 57 19 6
2 57 19 9 55 18 2
9 55 18 25 59 12 7
25 59 12 38 64 13 5
38 64 13 55 52 11 12
55 52 11 36 46 17 8
36 46 17 18 62 5 20
18 62 5 49 61 5 1
49 61 5 26 55 4 6
26 55 4 54 61 30 26
54 61 30 56 57 34 5
56 57 34 19 62 39 7
19 62 39 40 58 45 7
40 58 45 29 56 47 2
29 56 47 41 54 48 2
41 54 48 46 51 49 3
46 51 49 34 54 51 3
34 54 51 53 55 53 2
53 55 53 64 61 58 7
64 61 58 45 60 63 5
45 60 63 1 50 53 14
1 50 53 27 49 63 10
27 49 63 14 40 64 9
14 40 64 31 56 44 25
31 56 44 7 20 30 38
7 20 30 12 20 24 6
12 20 24 24 26 18 8
24 26 18 43 29 20 3
43 29 20 47 21 11 12
47 21 11 8 27 9 6
8 27 9 58 20 2 9
58 20 2 33 10 0 10
33 10 0 39 9 4 4
39 9 4 20 5 8 5
20 5 8 22 13 19 13
22 13 19 32 5 22 8
32 5 22 16 11 54 32
16 11 54 30 9 55 2
30 9 55 21 8 60 5
21 8 60 35 21 63 13
35 21 63 17 10 47 19
17 10 47 11 4 43 7
11 4 43 3 4 37 6
3 4 37 52 8 33 5
52 8 33 10 14 51 18
