43 34 56 2 34 56 0
2 34 56 29 26 61 9
29 26 61 13 18 62 8
13 18 62 14 16 55 7
14 16 55 6 14 55 2
6 14 55 33 9 59 6
33 9 59 16 12 48 11
16 12 48 26 10 44 4
26 10 44 59 5 44 5
59 5 44 11 17 39 13
11 17 39 9 18 32 7
9 18 32 4 16 30 2
4 16 30 53 17 29 1
53 17 29 42 14 24 5
42 14 24 36 11 18 6
36 11 18 21 13 17 2
21 13 17 45 12 14 3
45 12 14 38 7 7 8
38 7 7 34 9 5 2
34 9 5 58 9 1 4
58 9 1 49 3 18 18
49 3 18 56 2 25 7
56 2 25 27 39 59 50
27 39 59 25 40 59 1
25 40 59 23 45 62 5
23 45 62 55 26 50 22
55 26 50 3 33 45 8
3 33 45 50 37 38 8
50 37 38 41 38 37 1
41 38 37 19 37 31 6
19 37 31 44 40 26 5
44 40 26 48 46 29 6
48 46 29 15 47 25 4
15 47 25 18 46 19 6
18 46 19 32 43 13 6
32 43 13 62 39 13 4
62 39 13 5 29 12 10
5 29 12 0 26 14 3
0 26 14 60 27 7 7
60 27 7 20 22 2 7
20 22 2 24 34 2 12
24 34 2 52 33 0 2
52 33 0 47 46 10 16
47 46 10 61 46 8 2
61 46 8 37 45 7 1
37 45 7 40 49 2 6
40 49 2 10 44 0 5
10 44 0 22 49 10 11
22 49 10 8 51 32 22
8 51 32 28 55 29 5
28 55 29 46 57 24 5
46 57 24 30 58 21 3
30 58 21 39 61 23 3
39 61 23 1 56 16 8
1 56 16 7 60 15 4
7 60 15 57 60 7 8
57 60 7 12 62 1 6
12 62 1 31 57 34 33
31 57 34 35 55 38 4
35 55 38 51 49 37 6
51 49 37 54 35 22 20
54 35 22 17 30 30 9
17 30 30 43 34 56 26
