9 15 11 85 15 10 1
85 15 10 45 2 6 13
45 2 6 34 2 20 14
34 2 20 7 31 16 29
7 31 16 97 32 22 6
97 32 22 69 34 25 3
69 34 25 1 39 33 9
1 39 33 58 25 26 15
58 25 26 26 23 31 5
26 23 31 31 15 34 8
31 15 34 50 4 39 12
50 4 39 5 6 44 5
5 6 44 95 2 47 5
95 2 47 22 2 53 6
22 2 53 51 0 60 7
51 0 60 60 9 51 12
60 9 51 94 11 54 3
94 11 54 39 8 57 4
39 8 57 77 6 64 7
77 6 64 56 9 64 3
56 9 64 25 3 74 11
25 3 74 20 17 48 29
20 17 48 96 22 49 5
96 22 49 86 26 47 4
86 26 47 41 29 58 11
41 29 58 59 39 59 10
59 39 59 90 33 70 12
90 33 70 28 31 82 12
28 31 82 75 26 85 5
75 26 85 13 31 88 5
13 31 88 29 39 91 8
29 39 91 74 34 96 7
74 34 96 79 47 88 15
79 47 88 35 52 85 5
35 52 85 87 58 94 10
87 58 94 24 57 97 3
24 57 97 16 63 89 10
16 63 89 93 67 93 5
93 67 93 40 70 96 4
40 70 96 44 72 96 2
44 72 96 14 77 95 5
14 77 95 80 83 90 7
80 83 90 21 81 89 2
21 81 89 10 89 91 8
10 89 91 17 91 93 2
17 91 93 84 96 90 5
84 96 90 46 88 83 10
46 88 83 3 88 79 4
3 88 79 43 93 79 5
43 93 79 73 95 75 4
73 95 75 11 85 69 11
11 85 69 89 87 67 2
89 87 67 6 75 71 12
6 75 71 48 66 68 9
48 66 68 68 60 72 7
68 60 72 88 55 68 6
88 55 68 64 52 69 3
64 52 69 81 55 55 14
81 55 55 23 59 46 9
23 59 46 38 58 44 2
38 58 44 62 56 44 2
62 56 44 67 54 42 2
67 54 42 15 53 41 1
15 53 41 8 59 41 6
8 59 41 47 69 37 10
47 69 37 4 74 42 7
4 74 42 92 77 41 3
92 77 41 82 79 43 2
82 79 43 27 87 40 8
27 87 40 18 91 46 7
18 91 46 19 86 52 7
19 86 52 36 92 53 6
36 92 53 12 80 54 12
12 80 54 78 87 29 25
78 87 29 54 81 22 9
54 81 22 72 78 23 3
72 78 23 33 77 20 3
33 77 20 71 68 16 9
71 68 16 52 59 19 9
52 59 19 0 58 13 6
0 58 13 42 54 9 5
42 54 9 57 46 4 9
57 46 4 65 30 0 16
65 30 0 70 52 16 27
70 52 16 53 72 6 22
53 72 6 30 78 7 6
30 78 7 76 63 1 16
76 63 1 63 93 13 32
63 93 13 66 43 81 84
66 43 81 83 23 94 23
83 23 94 32 14 87 11
32 14 87 91 15 84 3
91 15 84 55 16 78 6
55 16 78 49 8 93 17
49 8 93 37 5 93 3
37 5 93 61 2 92 3
61 2 92 2 6 87 6
2 6 87 9 15 11 76
