64 83 64 26 83 64 0
26 83 64 50 84 71 7
50 84 71 41 77 74 7
41 77 74 62 81 79 6
62 81 79 56 70 76 11
56 70 76 37 67 73 4
37 67 73 57 64 70 4
57 64 70 7 63 73 3
7 63 73 43 61 70 3
43 61 70 92 52 73 9
92 52 73 16 52 75 2
16 52 75 83 52 70 5
83 52 70 86 62 79 13
86 62 79 53 54 87 11
53 54 87 60 63 67 21
60 63 67 69 63 64 3
69 63 64 3 62 57 7
3 62 57 38 73 84 29
38 73 84 13 90 77 18
13 90 77 2 85 55 22
2 85 55 74 91 55 6
74 91 55 63 93 58 3
63 93 58 72 89 48 10
72 89 48 85 87 43 5
85 87 43 44 88 33 10
44 88 33 21 92 27 7
21 92 27 80 91 24 3
80 91 24 35 77 33 16
35 77 33 22 75 36 3
22 75 36 67 65 36 10
67 65 36 17 65 31 5
17 65 31 82 66 25 6
82 66 25 40 77 17 13
40 77 17 81 81 13 5
81 81 13 73 84 11 3
73 84 11 29 81 9 3
29 81 9 31 83 2 7
31 83 2 32 89 2 6
32 89 2 30 89 4 2
30 89 4 87 71 5 18
87 71 5 24 66 9 6
24 66 9 33 56 9 10
33 56 9 58 56 5 4
58 56 5 77 52 1 5
77 52 1 55 49 10 9
55 49 10 91 44 19 10
91 44 19 12 41 21 3
12 41 21 61 29 24 12
61 29 24 15 26 23 3
15 26 23 0 27 15 8
0 27 15 68 32 10 7
68 32 10 4 35 6 5
4 35 6 51 17 19 22
51 17 19 27 14 23 5
27 14 23 88 3 22 11
88 3 22 25 1 24 2
25 1 24 65 4 36 12
65 4 36 90 0 15 21
90 0 15 79 1 4 11
79 1 4 52 4 0 5
52 4 0 75 6 0 2
75 6 0 78 26 29 35
78 26 29 34 29 33 5
34 29 33 70 38 34 9
70 38 34 93 27 44 14
93 27 44 14 32 45 5
14 32 45 47 37 49 6
47 37 49 89 41 48 4
89 41 48 9 45 49 4
9 45 49 39 39 58 10
39 39 58 23 21 43 23
23 21 43 19 16 50 8
19 16 50 49 18 52 2
49 18 52 45 17 55 3
45 17 55 42 11 51 7
42 11 51 1 9 57 6
1 9 57 6 8 65 8
6 8 65 46 9 71 6
46 9 71 36 12 72 3
36 12 72 66 13 74 2
66 13 74 71 15 79 5
71 15 79 11 13 87 8
11 13 87 76 22 84 9
76 22 84 84 25 80 5
84 25 80 28 29 92 12
28 29 92 59 21 70 23
59 21 70 48 25 71 4
48 25 71 8 36 71 11
8 36 71 20 36 75 4
20 36 75 10 59 30 50
10 59 30 54 57 30 2
54 57 30 5 64 43 14
5 64 43 18 75 47 11
18 75 47 64 83 64 18
