3 21 50 70 22 50 1
70 22 50 86 19 54 5
86 19 54 76 26 56 7
76 26 56 1 28 54 2
1 28 54 29 32 46 8
29 32 46 22 38 43 6
22 38 43 89 33 37 7
89 33 37 0 30 34 4
0 30 34 39 30 33 1
39 30 33 58 30 32 1
58 30 32 83 25 29 5
83 25 29 50 20 34 7
50 20 34 73 19 38 4
73 19 38 6 17 30 8
6 17 30 82 9 32 8
82 9 32 53 8 36 4
53 8 36 45 0 40 8
45 0 40 11 0 39 1
11 0 39 16 5 46 8
16 5 46 27 12 49 7
27 12 49 56 0 57 14
56 0 57 57 0 61 4
57 0 61 20 0 64 3
20 0 64 55 7 26 38
55 7 26 13 13 18 10
13 13 18 52 5 15 8
52 5 15 17 0 9 7
17 0 9 63 4 1 8
63 4 1 5 6 1 2
5 6 1 32 48 38 55
32 48 38 40 52 38 4
40 52 38 78 53 35 3
78 53 35 14 57 37 4
14 57 37 88 65 35 8
88 65 35 8 72 43 10
8 72 43 81 75 51 8
81 75 51 33 77 57 6
33 77 57 62 88 53 11
62 88 53 23 67 56 21
23 67 56 66 79 35 24
66 79 35 68 83 37 4
68 83 37 75 87 40 5
75 87 40 4 56 31 32
4 56 31 47 55 28 3
47 55 28 59 54 24 4
59 54 24 48 49 24 5
48 49 24 72 42 29 8
72 42 29 37 51 18 14
37 51 18 65 38 9 15
65 38 9 24 30 11 8
24 30 11 61 26 5 7
61 26 5 31 62 19 38
31 62 19 15 61 16 3
15 61 16 28 65 20 5
28 65 20 84 69 26 7
84 69 26 19 73 19 8
19 73 19 67 81 11 11
67 81 11 87 83 9 2
87 83 9 7 84 6 3
7 84 6 35 74 0 11
35 74 0 69 69 5 7
69 69 5 60 88 13 20
60 88 13 30 50 43 48
30 50 43 77 58 48 9
77 58 48 74 44 53 14
74 44 53 9 29 60 16
9 29 60 10 30 65 5
10 30 65 79 25 70 7
79 25 70 85 34 76 10
85 34 76 41 40 74 6
41 40 74 46 51 69 12
46 51 69 34 51 81 12
34 51 81 12 49 82 2
12 49 82 25 61 87 13
25 61 87 71 64 88 3
71 64 88 2 75 89 11
2 75 89 43 79 89 4
43 79 89 51 81 82 7
51 81 82 64 83 79 3
64 83 79 36 84 72 7
36 84 72 54 89 89 17
54 89 89 26 62 75 30
26 62 75 80 37 82 25
80 37 82 38 31 86 7
38 31 86 44 16 89 15
44 16 89 49 16 87 2
49 16 87 42 16 82 5
42 16 82 18 11 78 6
18 11 78 21 11 89 11
21 11 89 3 21 50 40
