1 78 94 76 88 94 10
37 76 32 2 74 29 3
3 90 1 58 86 11 10
4 114 32 79 104 47 18
60 76 14 5 68 12 8
82 84 107 6 80 107 4
7 18 101 46 24 103 6
8 97 6 3 90 1 8
23 44 68 9 43 70 2
105 52 77 10 54 80 3
11 35 40 69 29 36 7
12 87 114 82 84 107 7
108 104 98 13 115 96 11
14 87 64 33 88 69 5
15 58 52 16 51 51 7
16 51 51 36 40 51 11
17 84 20 2 74 29 13
18 112 114 87 107 115 5
19 22 85 70 24 89 4
108 104 98 20 104 104 6
21 79 47 68 86 47 7
47 44 66 22 45 62 4
47 44 66 23 44 68 2
24 29 104 28 33 107 5
66 9 46 25 4 43 5
5 68 12 26 51 8 17
27 25 60 49 31 57 6
91 38 109 28 33 107 5
29 95 86 85 93 82 4
35 58 102 30 64 107 7
17 84 20 31 82 16 4
32 89 44 77 92 45 3
84 88 71 33 88 69 2
21 79 47 34 74 37 11
35 58 102 83 59 93 9
36 40 51 11 35 40 12
37 76 32 34 74 37 5
38 22 28 45 20 15 13
26 51 8 39 47 19 11
40 96 63 114 91 61 5
41 28 30 38 22 28 6
115 9 85 42 3 85 6
29 95 86 43 96 86 1
44 76 71 102 72 64 8
45 20 15 0 14 14 6
24 29 104 46 24 103 5
47 44 66 97 49 68 5
48 27 39 69 29 36 3
49 31 57 36 40 51 10
89 99 98 50 94 106 9
51 13 75 64 19 82 9
52 67 48 15 58 52 9
53 45 95 73 45 94 1
54 1 10 103 11 8 10
84 88 71 55 92 79 8
56 16 93 109 13 93 3
57 3 19 54 1 10 9
80 81 10 58 86 11 5
48 27 39 59 29 44 5
31 82 16 60 76 14 6
61 106 3 8 97 6 9
24 29 104 62 31 101 3
85 93 82 63 90 83 3
19 22 85 64 19 82 4
98 19 39 65 20 43 4
113 19 44 66 9 46 10
20 104 104 67 106 111 7
68 86 47 32 89 44 4
41 28 30 69 29 36 6
56 16 93 70 24 89 8
15 58 52 71 65 58 9
72 18 111 46 24 103 10
73 45 94 88 45 86 8
74 3 58 66 9 46 13
75 99 58 40 96 63 5
29 95 86 76 88 94 10
110 91 52 77 92 45 7
45 20 15 78 23 12 4
75 99 58 79 104 47 12
80 81 10 31 82 16 6
1 78 94 81 72 96 6
50 94 106 82 84 107 10
83 59 93 100 62 81 12
84 88 71 44 76 71 12
85 93 82 55 92 79 3
86 5 61 99 3 59 2
87 107 115 67 106 111 4
10 54 80 88 45 86 10
89 99 98 107 99 95 3
90 38 38 11 35 40 3
91 38 109 53 45 95 15
92 5 62 86 5 61 1
70 24 89 93 26 93 4
7 18 101 94 11 99 7
71 65 58 95 64 59 1
104 63 62 96 56 71 11
97 49 68 96 56 71 7
48 27 39 98 19 39 8
74 3 58 99 3 59 1
100 62 81 10 54 80 8
34 74 37 101 57 33 17
102 72 64 71 65 58 9
0 14 14 103 11 8 6
95 64 59 104 63 62 3
96 56 71 105 52 77 7
103 11 8 106 13 6 2
29 95 86 107 99 95 9
107 99 95 108 104 98 5
94 11 99 109 13 93 6
110 91 52 114 91 61 9
111 109 8 61 106 3 5
112 2 90 42 3 85 5
113 19 44 65 20 43 1
114 91 61 14 87 64 5
109 13 93 115 9 85 8
