1 50 53 46 51 49 4
2 57 19 15 56 25 6
11 4 43 3 4 37 6
48 25 39 4 25 43 4
4 25 43 5 28 46 4
0 49 27 6 48 27 1
7 20 30 51 27 34 8
8 27 9 47 21 11 6
9 55 18 2 57 19 2
10 14 51 23 14 51 0
11 4 43 17 10 47 7
12 20 24 7 20 30 6
37 39 23 13 35 30 8
14 40 64 27 49 63 9
15 56 25 0 49 27 7
16 11 54 23 14 51 4
17 10 47 23 14 51 5
18 62 5 25 59 12 7
56 57 34 19 62 39 7
39 9 4 20 5 8 5
30 9 55 21 8 60 5
12 20 24 22 13 19 8
23 14 51 60 15 51 1
24 26 18 12 20 24 8
2 57 19 25 59 12 7
26 55 4 49 61 5 6
27 49 63 1 50 53 10
5 28 46 28 29 47 1
29 56 47 40 58 45 2
16 11 54 30 9 55 2
40 58 45 31 56 44 2
22 13 19 32 5 22 8
33 10 0 58 20 2 10
41 54 48 34 54 51 3
60 15 51 35 21 63 13
36 46 17 55 52 11 8
37 39 23 6 48 27 9
25 59 12 38 64 13 5
33 10 0 39 9 4 4
19 62 39 40 58 45 7
29 56 47 41 54 48 2
42 46 30 6 48 27 3
43 29 20 24 26 18 3
28 29 47 44 37 44 8
45 60 63 64 61 58 5
46 51 49 41 54 48 3
24 26 18 47 21 11 8
51 27 34 48 25 39 5
18 62 5 49 61 5 1
50 34 35 13 35 30 5
50 34 35 51 27 34 7
52 8 33 3 4 37 5
34 54 51 53 55 53 2
54 61 30 15 56 25 7
55 52 11 9 55 18 7
56 57 34 54 61 30 5
57 49 30 0 49 27 3
47 21 11 58 20 2 9
63 22 49 59 20 49 2
59 20 49 60 15 51 5
61 45 31 42 46 30 1
44 37 44 62 38 43 1
4 25 43 63 22 49 6
64 61 58 53 55 53 7
