34 8 23 1 2 21 6
1 2 21 2 0 19 2
3 35 17 0 38 18 3
4 14 53 42 13 53 1
5 37 43 38 32 37 7
27 42 1 6 36 2 6
7 24 10 14 25 9 1
5 37 43 8 35 45 2
9 25 32 21 22 28 5
10 15 4 29 12 7 4
11 48 7 22 47 11 4
12 26 6 14 25 9 3
13 21 19 46 25 17 4
14 25 9 16 29 11 4
16 29 11 15 27 14 3
3 35 17 16 29 11 8
50 8 15 17 0 11 8
18 52 34 25 51 31 3
19 18 1 10 15 4 4
20 19 37 9 25 32 7
40 26 23 21 22 28 6
22 47 11 30 44 18 7
23 10 37 47 17 35 7
44 15 16 24 14 18 2
28 44 34 25 51 31 7
34 8 23 26 11 28 5
27 42 1 53 47 6 7
28 44 34 33 46 41 7
29 12 7 36 15 14 7
0 38 18 30 44 18 6
23 10 37 31 10 36 1
32 30 50 51 33 50 3
5 37 43 33 46 41 9
24 14 18 34 8 23 7
40 26 23 35 29 24 3
36 15 14 44 15 16 2
37 7 39 23 10 37 3
38 32 37 9 25 32 8
13 21 19 39 19 18 2
40 26 23 43 26 17 6
41 16 48 20 19 37 11
42 13 53 41 16 48 5
43 26 17 15 27 14 3
44 15 16 39 19 18 4
45 9 7 29 12 7 3
46 25 17 43 26 17 1
20 19 37 47 17 35 2
48 13 27 26 11 28 2
49 25 5 12 26 6 1
24 14 18 50 8 15 6
8 35 45 51 33 50 5
52 37 14 3 35 17 3
11 48 7 53 47 6 1
