113 55 120 1 46 115 10
2 54 74 112 52 72 2
11 44 102 3 36 106 8
105 25 50 4 22 51 3
5 44 70 26 35 66 9
6 32 100 3 36 106 7
41 11 0 7 5 3 6
68 86 98 8 92 106 10
79 12 98 9 13 96 2
10 7 64 28 8 62 2
11 44 102 124 46 95 7
12 82 57 25 72 52 11
13 7 95 79 12 98 5
14 95 18 110 99 8 10
15 44 81 5 44 70 11
16 96 105 8 92 106 4
17 94 38 91 89 33 7
36 57 42 18 61 37 6
51 108 51 19 119 47 11
20 105 119 16 96 105 16
94 61 47 21 66 54 8
45 58 29 22 50 27 8
23 53 11 88 40 8 13
24 119 83 44 116 91 8
25 72 52 21 66 54 6
0 30 64 26 35 66 5
27 4 15 52 8 19 5
28 8 62 89 18 68 11
90 69 38 29 74 33 7
1 46 115 30 39 121 9
31 81 37 60 80 35 2
58 32 33 32 25 31 7
33 35 53 86 30 56 5
81 121 55 34 121 60 5
35 113 76 24 119 83 9
92 48 45 36 57 42 9
37 41 90 15 44 81 9
38 64 35 18 61 37 3
39 35 12 117 32 6 6
95 57 115 40 66 119 9
41 11 0 101 11 7 7
43 33 15 42 34 16 1
39 35 12 43 33 15 3
44 116 91 75 113 91 3
45 58 29 84 60 30 2
93 10 23 46 19 16 11
57 114 10 47 125 7 11
106 17 34 48 5 44 15
49 87 3 80 73 5 14
50 74 97 121 76 103 6
114 109 39 51 108 51 12
93 10 23 52 8 19 4
11 44 102 53 46 104 2
40 66 119 54 76 111 12
55 10 123 70 14 121 4
56 112 32 114 109 39 7
110 99 8 57 114 10 15
58 32 33 77 34 29 4
36 57 42 59 59 45 3
29 74 33 60 80 35 6
61 4 62 10 7 64 3
62 93 75 125 90 86 11
64 11 83 63 3 83 8
64 11 83 87 20 86 9
65 115 101 83 104 101 11
120 36 91 66 31 87 6
67 15 30 106 17 34 4
121 76 103 68 86 98 11
69 40 34 22 50 27 12
70 14 121 97 20 119 6
71 81 34 60 80 35 1
102 27 101 72 25 97 4
73 77 67 12 82 57 11
103 57 102 74 58 103 1
65 115 101 75 113 91 10
76 21 92 72 25 97 6
77 34 29 69 40 34 7
78 55 104 115 51 101 5
111 14 103 79 12 98 5
80 73 5 119 78 18 13
81 121 55 19 119 47 8
82 108 85 75 113 91 7
16 96 105 83 104 101 8
84 60 30 38 64 35 6
99 20 106 85 15 114 9
0 30 64 86 30 56 8
87 20 86 76 21 92 6
39 35 12 88 40 8 6
0 30 64 89 18 68 12
90 69 38 38 64 35 5
71 81 34 91 89 33 8
92 48 45 122 35 50 13
93 10 23 67 15 30 8
94 61 47 59 59 45 2
95 57 115 98 56 106 9
12 82 57 96 93 57 11
85 15 114 97 20 119 7
78 55 104 98 56 106 2
102 27 101 99 20 106 8
32 25 31 100 18 34 7
27 4 15 101 11 7 10
102 27 101 6 32 100 5
103 57 102 78 55 104 2
104 64 85 116 71 93 10
105 25 50 86 30 56 7
100 18 34 106 17 34 1
68 86 98 107 86 90 8
48 5 44 108 1 39 6
17 94 38 109 97 40 3
110 99 8 49 87 3 13
99 20 106 111 14 103 6
5 44 70 112 52 72 8
113 55 120 95 57 115 5
109 97 40 114 109 39 12
115 51 101 53 46 104 5
116 71 93 50 74 97 5
117 32 6 123 21 4 11
118 109 27 56 112 32 5
119 78 18 29 74 33 15
120 36 91 37 41 90 5
54 76 111 121 76 103 8
33 35 53 122 35 50 3
101 11 7 123 21 4 10
37 41 90 124 46 95 7
107 86 90 125 90 86 5
