1 15 116 91 24 116 9
2 76 95 23 69 94 7
50 10 76 3 8 67 9
85 34 105 4 38 104 4
5 37 50 13 43 63 14
6 79 37 33 74 35 5
104 90 21 7 98 11 12
32 64 3 8 65 5 2
58 49 17 9 46 18 3
18 90 43 10 94 46 5
103 108 57 11 111 57 3
2 76 95 12 77 103 8
38 33 70 13 43 63 12
14 87 26 16 87 24 2
15 57 82 113 53 88 7
16 87 24 27 79 25 8
3 8 67 17 8 58 9
18 90 43 6 79 37 12
19 44 13 64 49 13 5
28 31 100 20 36 97 5
21 20 47 46 26 37 11
22 23 13 109 26 20 7
106 73 82 23 69 94 12
24 67 93 23 69 94 2
25 90 31 87 89 31 1
26 57 92 90 62 89 5
27 79 25 33 74 35 11
28 31 100 102 26 91 10
29 100 68 74 93 71 7
30 112 22 65 112 21 1
31 23 25 46 26 37 12
32 64 3 0 66 0 3
33 74 35 73 62 39 12
16 87 24 34 87 21 3
14 87 26 35 91 27 4
84 10 42 36 9 39 3
37 111 110 70 108 107 4
86 23 72 38 33 70 10
39 4 44 40 9 42 5
84 10 42 40 9 42 1
41 51 104 93 45 109 7
114 79 80 42 74 74 7
4 38 104 43 42 104 4
48 91 59 44 92 64 5
12 77 103 45 70 109 9
80 33 43 46 26 37 9
96 62 26 47 60 36 10
10 94 46 48 91 59 13
9 46 18 49 41 21 5
50 10 76 86 23 72 13
51 100 103 69 95 101 5
52 25 80 59 28 82 3
53 29 113 85 34 105 9
54 35 86 79 43 87 8
55 109 95 51 100 103 12
78 13 23 56 1 24 12
61 10 9 57 2 11 8
64 49 13 58 49 17 4
54 35 86 59 28 82 8
60 94 85 77 94 72 13
107 13 12 61 10 9 4
52 25 80 62 24 82 2
92 16 88 63 12 98 10
64 49 13 89 56 16 7
100 108 17 65 112 21 5
66 86 72 74 93 71 7
67 55 21 89 56 16 5
68 110 12 100 108 17 5
69 95 101 60 94 85 16
70 108 107 51 100 103 8
71 64 70 42 74 74 10
88 97 9 72 93 0 9
47 60 36 73 62 39 3
74 93 71 44 92 64 7
75 54 37 47 60 36 6
5 37 50 76 32 46 6
74 93 71 77 94 72 1
78 13 23 31 23 25 10
113 53 88 79 43 87 10
76 32 46 80 33 43 3
15 57 82 81 47 75 12
82 74 49 110 67 48 7
83 95 101 69 95 101 0
84 10 42 21 20 47 11
28 31 100 85 34 105 5
86 23 72 52 25 80 8
35 91 27 87 89 31 4
7 98 11 88 97 9 2
95 60 12 89 56 16 5
90 62 89 24 67 93 6
53 29 113 91 24 116 5
62 24 82 92 16 88 10
43 42 104 93 45 109 5
94 103 68 29 100 68 3
8 65 5 95 60 12 8
96 62 26 67 55 21 8
29 100 68 97 102 63 5
98 114 39 30 112 22 17
99 22 109 91 24 116 7
7 98 11 100 108 17 11
70 108 107 101 101 115 10
102 26 91 59 28 82 9
97 102 63 103 108 57 8
34 87 21 104 90 21 3
93 45 109 105 44 113 4
106 73 82 114 79 80 6
107 13 12 22 23 13 10
45 70 109 108 75 113 6
31 23 25 109 26 20 5
110 67 48 73 62 39 10
111 9 1 61 10 9 8
112 111 93 55 109 95 2
26 57 92 113 53 88 5
114 79 80 66 86 72 10
105 44 113 115 48 116 5
6 79 37 116 79 36 1
