4 93 96 1 93 97 1
2 111 34 29 109 34 2
60 55 92 3 52 88 5
0 98 96 4 93 96 5
5 26 105 111 17 109 9
107 15 3 6 19 0 5
7 31 106 5 26 105 5
111 17 109 8 18 110 1
24 68 24 9 70 23 2
10 72 62 91 78 62 6
64 83 93 11 79 103 10
98 0 89 12 2 98 9
13 56 1 99 46 4 10
53 9 56 14 6 66 10
87 55 47 15 52 52 5
78 16 40 16 23 31 11
108 46 87 17 47 80 7
96 42 53 18 29 55 13
34 92 86 19 96 84 4
20 66 100 73 72 108 10
90 74 92 21 72 88 4
22 67 51 42 70 61 10
15 52 52 23 47 48 6
101 65 35 24 68 24 11
25 102 59 100 104 63 4
26 4 110 79 6 108 2
27 83 50 88 89 48 6
45 5 37 28 0 28 10
92 105 29 29 109 34 6
30 98 86 19 96 84 2
76 22 63 31 22 66 3
109 40 36 32 39 41 5
94 5 12 33 11 7 7
4 93 96 34 92 86 10
35 4 25 28 0 28 5
36 109 2 85 108 4 2
65 91 32 37 101 29 10
38 60 23 24 68 24 8
44 89 81 39 87 82 2
40 56 94 49 58 92 2
74 103 101 41 108 94 8
10 72 62 42 70 61 2
70 8 41 43 3 41 5
44 89 81 34 92 86 5
45 5 37 43 3 41 4
46 50 37 56 52 42 5
47 16 25 16 23 31 9
48 96 57 25 102 59 6
49 58 92 69 62 84 8
50 48 72 17 47 80 8
43 3 41 51 3 52 11
66 20 78 52 25 84 7
53 9 56 51 3 52 7
54 21 48 18 29 55 10
71 105 16 55 106 16 1
87 55 47 56 52 42 5
57 99 111 84 108 110 9
83 41 91 58 38 91 3
59 55 107 40 56 94 13
40 56 94 60 55 92 2
61 19 89 52 25 84 7
62 17 103 111 17 109 6
89 89 14 63 91 7 7
64 83 93 104 87 87 7
72 90 30 65 91 32 2
66 20 78 106 18 71 7
67 32 69 31 22 66 10
14 6 66 68 3 78 12
21 72 88 69 62 84 10
70 8 41 78 16 40 8
71 105 16 37 101 29 13
93 88 21 72 90 30 9
11 79 103 73 72 108 8
0 98 96 74 103 101 7
95 80 26 75 81 36 10
76 22 63 18 29 55 10
77 1 10 103 4 12 3
54 21 48 78 16 40 9
79 6 108 12 2 98 10
7 31 106 80 32 106 1
81 93 64 48 96 57 7
82 46 9 38 60 23 19
97 46 88 83 41 91 5
84 108 110 74 103 101 10
71 105 16 85 108 4 12
86 105 76 19 96 84 12
22 67 51 87 55 47 12
88 89 48 48 96 57 11
93 88 21 89 89 14 7
64 83 93 90 74 92 9
91 78 62 27 83 50 13
92 105 29 37 101 29 4
95 80 26 93 88 21 9
94 5 12 103 4 12 1
102 73 21 95 80 26 8
96 42 53 23 47 48 7
97 46 88 108 46 87 1
68 3 78 98 0 89 11
82 46 9 99 46 4 5
100 104 63 86 105 76 13
101 65 35 105 56 40 10
9 70 23 102 73 21 3
103 4 12 35 4 25 13
104 87 87 34 92 86 5
105 56 40 56 52 42 4
106 18 71 31 22 66 6
33 11 7 107 15 3 5
108 46 87 3 52 88 6
46 50 37 109 40 36 10
107 15 3 110 25 13 14
111 17 109 79 6 108 11
