57 76 38 1 84 31 10
1 84 31 2 79 26 7
45 69 82 3 79 84 10
73 65 68 4 68 73 5
5 82 49 69 74 52 8
6 20 51 12 20 48 3
7 68 75 4 68 73 2
8 30 3 77 25 6 5
25 29 40 9 23 47 9
10 13 37 37 8 41 6
11 44 31 64 40 31 4
9 23 47 12 20 48 3
13 33 72 62 27 67 7
3 79 84 14 79 84 0
15 27 11 22 23 7 5
16 48 56 32 52 59 5
2 79 26 17 83 17 9
18 75 58 39 71 61 5
19 15 55 6 20 51 6
20 13 44 12 20 48 8
40 56 35 21 59 37 3
22 23 7 28 17 2 7
23 79 66 18 75 58 8
16 48 56 24 40 54 8
25 29 40 36 23 35 7
23 79 66 26 79 67 1
30 30 17 27 38 16 8
28 17 2 0 16 1 1
29 81 2 49 83 5 3
15 27 11 30 30 17 6
38 45 24 31 48 21 4
32 52 59 42 54 59 2
10 13 37 33 8 30 8
15 27 11 34 24 14 4
70 24 29 35 20 27 4
36 23 35 70 24 29 6
37 8 41 20 13 44 5
38 45 24 79 39 18 8
73 65 68 39 71 61 9
44 52 33 40 56 35 4
41 57 63 52 61 68 6
41 57 63 42 54 59 5
43 34 82 55 40 79 6
81 46 33 44 52 33 6
7 68 75 45 69 82 7
46 59 77 74 51 77 8
48 63 46 47 73 39 12
48 63 46 21 59 37 9
49 83 5 17 83 17 12
75 44 48 50 42 44 4
51 25 54 72 24 52 2
84 61 73 52 61 68 5
75 44 48 53 50 44 7
54 2 58 58 10 52 10
13 33 72 55 40 79 9
83 77 25 56 73 27 4
57 76 38 47 73 39 3
19 15 55 58 10 52 5
59 52 4 31 48 21 17
60 18 63 19 15 55 8
59 52 4 61 62 1 10
62 27 67 60 18 63 9
63 3 81 60 18 63 23
78 39 29 64 40 31 2
65 49 78 74 51 77 2
0 16 1 66 7 0 9
78 39 29 67 32 28 7
68 54 57 42 54 59 2
69 74 52 18 75 58 6
67 32 28 70 24 29 8
71 39 68 13 33 72 7
6 20 51 72 24 52 4
73 65 68 52 61 68 4
74 51 77 80 49 75 2
75 44 48 24 40 54 7
76 32 26 67 32 28 2
22 23 7 77 25 6 2
78 39 29 38 45 24 7
27 38 16 79 39 18 2
80 49 75 55 40 79 9
81 46 33 11 44 31 2
82 3 3 66 7 0 5
2 79 26 83 77 25 2
46 59 77 84 61 73 4
