21 6 28 1 13 34 9
9 4 20 2 0 19 4
3 3 34 26 4 29 5
4 31 6 12 32 10 4
9 4 20 5 1 23 4
11 28 1 6 30 0 2
1 13 34 7 17 35 4
19 10 11 8 6 14 5
8 6 14 9 4 20 6
0 14 10 10 16 4 6
11 28 1 16 31 3 3
29 30 16 12 32 10 6
13 4 14 8 6 14 2
14 21 0 10 16 4 6
15 7 5 34 5 6 2
4 31 6 16 31 3 3
17 34 29 31 36 23 6
18 24 16 27 18 19 6
19 10 11 33 13 10 3
17 34 29 20 27 35 9
21 6 28 26 4 29 2
22 23 14 18 24 16 2
23 14 15 0 14 10 5
24 2 4 35 4 5 2
25 8 2 15 7 5 3
26 4 29 5 1 23 6
27 18 19 23 14 15 5
28 4 10 8 6 14 4
30 28 16 29 30 16 2
30 28 16 18 24 16 4
29 30 16 31 36 23 9
32 36 0 16 31 3 5
0 14 10 33 13 10 1
28 4 10 34 5 6 4
35 4 5 34 5 6 1
24 2 4 36 1 3 1
