1 47 34 65 47 41 7
2 82 33 99 77 31 5
65 47 41 3 51 42 4
4 26 27 123 28 22 5
1 47 34 5 51 33 4
18 103 106 6 103 119 13
13 6 108 7 4 122 14
8 70 28 78 71 29 1
111 97 84 9 93 88 5
10 63 6 70 62 13 7
3 51 42 11 51 56 14
64 49 89 12 43 89 6
107 9 105 13 6 108 4
14 56 83 25 54 79 4
15 115 90 39 108 90 7
16 100 15 118 99 14 1
74 0 38 17 5 52 14
34 106 95 18 103 106 11
19 90 77 49 89 74 3
113 104 4 20 100 12 8
103 114 19 21 116 12 7
22 12 82 119 25 83 13
4 26 27 23 33 36 11
51 104 66 24 114 66 10
84 61 77 25 54 79 7
81 38 46 26 28 49 10
27 25 105 102 30 95 11
26 28 49 28 28 49 0
29 12 103 41 13 103 1
30 78 16 71 72 22 8
31 66 26 8 70 28 4
32 89 37 2 82 33 8
27 25 105 33 36 109 11
39 108 90 34 106 95 5
35 74 5 55 72 11 6
36 41 115 44 40 112 3
37 92 52 87 99 47 8
38 1 23 88 0 19 4
111 97 84 39 108 90 12
40 37 88 12 43 89 6
116 15 108 41 13 103 5
35 74 5 42 84 6 10
43 21 15 101 28 14 7
44 40 112 33 36 109 5
45 33 76 40 37 88 12
67 42 0 46 42 0 0
86 40 117 47 33 123 9
101 28 14 48 25 4 10
77 91 60 49 89 74 14
53 83 116 50 87 112 5
100 95 75 51 104 66 12
52 19 105 109 23 104 4
53 83 116 110 76 103 14
4 26 27 54 13 28 13
55 72 11 89 75 13 3
2 82 33 56 86 26 8
57 121 18 58 117 20 4
58 117 20 103 114 19 3
59 10 7 120 17 12 8
60 123 114 73 123 110 4
17 5 52 61 11 49 6
95 119 40 62 122 41 3
45 33 76 63 32 68 8
105 52 85 64 49 89 5
96 39 40 65 47 41 8
106 58 89 66 56 99 10
0 39 12 67 42 0 12
68 30 119 47 33 123 5
42 84 6 69 89 0 7
70 62 13 55 72 11 10
71 72 22 8 70 28 6
72 4 12 59 10 7 7
112 117 95 73 123 110 16
38 1 23 74 0 38 15
75 108 78 104 115 74 8
29 12 103 76 7 99 6
37 92 52 77 91 60 8
78 71 29 80 70 30 1
11 51 56 79 56 67 12
80 70 30 90 63 37 9
96 39 40 81 38 46 6
82 74 104 98 69 106 5
93 2 78 83 6 67 11
84 61 77 79 56 67 11
85 120 24 58 117 20 5
86 40 117 36 41 115 2
32 89 37 87 99 47 14
88 0 19 72 4 12 8
30 78 16 89 75 13 4
90 63 37 5 51 33 12
36 41 115 91 47 118 6
67 42 0 92 51 1 9
22 12 82 93 2 78 10
94 100 18 16 100 15 3
95 119 40 117 114 43 5
23 33 36 96 39 40 7
84 61 77 97 66 75 5
66 56 99 98 69 106 14
99 77 31 78 71 29 6
100 95 75 19 90 77 5
101 28 14 0 39 12 11
40 37 88 102 30 95 9
103 114 19 16 100 15 14
104 115 74 24 114 66 8
105 52 85 14 56 83 4
106 58 89 14 56 83 6
107 9 105 29 12 103 3
122 121 61 108 112 53 12
27 25 105 109 23 104 2
82 74 104 110 76 103 2
111 97 84 19 90 77 9
112 117 95 15 115 90 5
113 104 4 69 89 0 15
91 47 118 114 48 115 3
115 18 0 48 25 4 8
116 15 108 52 19 105 5
108 112 53 117 114 43 10
118 99 14 20 100 12 2
121 26 80 119 25 83 3
120 17 12 43 21 15 5
45 33 76 121 26 80 8
122 121 61 24 114 66 8
123 28 22 101 28 14 8
