1 39 13 0 41 9 4
2 1 92 24 1 91 1
3 48 1 86 46 0 2
67 99 120 4 105 115 7
36 109 16 5 107 10 6
6 23 49 54 25 50 2
73 38 123 7 53 126 15
8 94 51 85 84 55 10
58 26 64 9 24 62 2
122 125 117 10 131 119 6
125 49 70 11 50 71 1
116 36 72 12 33 77 5
13 36 69 41 35 64 5
14 24 119 121 24 108 11
44 35 57 15 40 60 5
71 69 101 16 62 98 7
17 82 68 91 66 65 16
18 132 101 110 128 93 8
29 100 43 19 106 41 6
19 106 41 20 106 36 5
21 130 130 10 131 119 11
123 120 61 22 128 58 8
23 115 104 129 112 112 8
24 1 91 101 1 81 10
25 19 107 121 24 108 5
88 75 117 26 79 121 5
27 88 101 103 92 98 5
20 106 36 28 98 28 11
29 100 43 109 102 50 7
30 1 53 119 5 50 5
31 3 112 25 19 107 16
32 121 97 23 115 104 9
19 106 41 33 112 44 6
46 129 44 34 133 33 11
35 123 41 33 112 44 11
92 105 23 36 109 16 8
129 112 112 37 122 113 10
38 37 126 73 38 123 3
44 35 57 39 43 49 11
96 8 72 40 0 72 8
87 33 59 41 35 64 5
42 126 112 37 122 113 4
66 6 41 43 9 26 15
104 33 56 44 35 57 2
1 39 13 45 29 19 11
35 123 41 46 129 44 6
47 124 70 57 118 81 12
48 45 5 0 41 9 5
45 29 19 49 32 28 9
50 66 91 107 64 90 2
51 93 14 65 98 22 9
52 131 16 64 123 18 8
53 125 83 56 120 88 7
54 25 50 90 26 54 4
27 88 101 55 79 103 9
32 121 97 56 120 88 9
56 120 88 57 118 81 7
58 26 64 87 33 59 8
60 51 25 59 69 23 18
60 51 25 1 39 13 16
132 100 83 61 102 94 11
62 117 26 92 105 23 12
108 29 99 63 23 93 8
62 117 26 64 123 18 10
65 98 22 28 98 28 6
66 6 41 112 8 48 7
100 94 129 67 99 120 10
82 43 112 68 36 110 7
69 87 4 127 87 9 5
114 33 42 70 31 50 8
71 69 101 55 79 103 10
72 87 10 51 93 14 7
73 38 123 82 43 112 12
5 107 10 74 109 8 2
75 104 10 5 107 10 3
76 2 130 31 3 112 18
77 80 6 127 87 9 7
78 17 58 118 18 55 3
79 37 104 68 36 110 6
80 73 3 128 76 1 3
39 43 49 81 45 47 2
82 43 112 94 56 106 14
83 84 118 26 79 121 5
14 24 119 84 21 121 3
85 84 55 17 82 68 13
48 45 5 86 46 0 5
87 33 59 44 35 57 2
106 68 114 88 75 117 7
61 102 94 89 99 97 4
90 26 54 70 31 50 6
91 66 65 105 50 64 16
92 105 23 65 98 22 7
93 47 94 79 37 104 14
16 62 98 94 56 106 10
95 63 52 97 68 53 5
120 23 75 96 8 72 15
91 66 65 97 68 53 12
83 84 118 98 88 122 5
99 10 53 118 18 55 8
117 91 130 100 94 129 3
40 0 72 101 1 81 9
102 88 92 103 92 98 7
103 92 98 89 99 97 7
70 31 50 104 33 56 6
105 50 64 15 40 60 10
106 68 114 71 69 101 13
107 64 90 16 62 98 8
108 29 99 79 37 104 9
109 102 50 8 94 51 8
32 121 97 110 128 93 8
126 88 80 111 76 82 12
112 8 48 99 10 53 5
113 23 130 84 21 121 9
49 32 28 114 33 42 14
121 24 108 115 24 108 0
13 36 69 116 36 72 3
117 91 130 98 88 122 8
6 23 49 118 18 55 7
119 5 50 112 8 48 3
12 33 77 120 23 75 10
121 24 108 108 29 99 10
122 125 117 37 122 113 5
47 124 70 123 120 61 9
130 90 73 124 96 73 6
125 49 70 105 50 64 6
126 88 80 130 90 73 7
72 87 10 127 87 9 1
77 80 6 128 76 1 6
4 105 115 129 112 112 7
17 82 68 130 90 73 9
131 20 1 45 29 19 20
132 100 83 124 96 73 10
122 125 117 133 125 119 2
