2 40 42 1 39 47 5
2 40 42 13 38 39 3
43 40 30 3 35 32 5
4 38 26 11 37 20 6
5 38 3 38 40 6 3
6 2 40 15 8 39 6
13 38 39 7 38 37 2
8 9 3 28 12 9 6
23 19 36 9 12 34 7
12 42 32 10 42 37 5
41 36 18 11 37 20 2
12 42 32 43 40 30 2
13 38 39 10 42 37 4
14 6 20 39 7 27 7
25 9 36 15 8 39 3
16 19 6 27 22 13 7
34 42 19 17 43 22 3
39 7 27 18 16 24 9
19 31 17 35 24 13 8
31 26 33 20 25 33 1
21 0 33 33 3 31 3
22 5 8 8 9 3 6
23 19 36 24 22 32 5
20 25 33 24 22 32 3
25 9 36 9 12 34 3
26 15 8 16 19 6 4
27 22 13 0 22 15 2
26 15 8 28 12 9 3
29 0 31 21 0 33 2
44 7 19 30 8 18 1
37 30 37 31 26 33 5
34 42 19 32 44 12 7
33 3 31 25 9 36 7
34 42 19 11 37 20 5
35 24 13 0 22 15 2
17 43 22 36 47 21 4
37 30 37 3 35 32 7
32 44 12 38 40 6 7
39 7 27 33 3 31 5
19 31 17 40 34 16 3
40 34 16 41 36 18 2
2 40 42 42 44 42 4
4 38 26 43 40 30 4
14 6 20 44 7 19 1
45 0 19 14 6 20 6
7 38 37 46 37 37 1
23 19 36 47 17 48 12
48 37 47 1 39 47 2
