1 8 9 39 11 9 3
45 52 7 2 56 3 5
21 68 27 3 71 34 7
4 102 100 49 110 96 8
52 63 112 5 70 114 7
42 7 90 6 3 82 8
106 38 53 7 42 62 9
8 107 71 57 103 70 4
62 81 10 9 84 6 5
63 36 81 10 36 77 4
22 83 54 11 88 60 7
12 46 7 17 49 11 5
13 21 61 97 25 73 12
14 44 90 102 48 98 8
15 97 109 82 100 107 3
16 94 58 11 88 60 6
58 39 19 17 49 11 12
18 19 87 92 25 97 11
23 18 62 19 9 64 9
20 6 0 1 8 9 9
21 68 27 55 62 27 6
22 83 54 91 80 59 5
23 18 62 13 21 61 3
24 68 97 44 66 102 5
25 20 51 13 21 61 10
26 67 16 100 71 15 4
31 68 1 27 71 4 4
28 5 9 1 8 9 3
69 52 114 29 57 112 5
30 104 10 34 101 12 3
31 68 1 79 65 8 7
109 84 16 32 90 14 6
67 73 62 33 78 67 7
34 101 12 68 98 16 5
35 68 103 44 66 102 2
36 112 78 108 111 77 1
37 63 19 26 67 16 5
71 39 111 38 46 106 8
39 11 9 75 19 16 10
40 5 34 88 20 32 15
76 27 28 41 18 18 13
42 7 90 114 3 97 8
60 107 37 43 108 45 8
44 66 102 52 63 112 10
17 49 11 45 52 7 5
46 100 64 72 92 65 8
25 20 51 47 31 48 11
81 55 62 48 57 66 4
49 110 96 36 112 78 18
113 33 32 50 45 28 12
73 50 37 51 52 39 2
29 57 112 52 63 112 6
53 5 44 40 5 34 10
54 49 82 98 41 86 8
37 63 19 55 62 27 8
24 68 97 56 73 91 7
46 100 64 57 103 70 6
50 45 28 58 39 19 10
104 101 76 59 106 77 5
80 93 43 60 107 37 15
61 47 76 54 49 82 6
107 76 4 62 81 10 7
98 41 86 63 36 81 7
27 71 4 64 72 7 3
65 70 49 85 80 40 13
103 88 86 66 86 88 2
89 60 63 67 73 62 13
32 90 14 68 98 16 8
69 52 114 38 46 106 10
105 103 3 70 106 0 4
110 31 105 71 39 111 10
11 88 60 72 92 65 6
50 45 28 73 50 37 10
74 80 75 33 78 67 8
75 19 16 41 18 18 2
113 33 32 76 27 28 7
77 51 0 2 56 3 5
81 55 62 78 54 56 6
2 56 3 79 65 8 10
80 93 43 85 80 40 13
81 55 62 7 42 62 13
82 100 107 4 102 100 7
83 106 12 30 104 10 2
48 57 66 84 58 66 1
3 71 34 85 80 40 10
33 78 67 86 71 70 7
48 57 66 87 57 66 0
76 27 28 88 20 32 8
89 60 63 84 58 66 3
74 80 75 90 87 77 7
91 80 59 67 73 62 7
92 25 97 0 14 100 11
93 104 63 46 100 64 4
94 74 12 64 72 7 5
88 20 32 95 20 35 3
54 49 82 96 61 86 12
112 21 81 97 25 73 8
98 41 86 14 44 90 5
49 110 96 99 111 104 8
100 71 15 94 74 12 4
101 82 67 33 78 67 4
38 46 106 102 48 98 8
103 88 86 90 87 77 9
57 103 70 104 101 76 6
105 103 3 30 104 10 7
47 31 48 106 38 53 8
107 76 4 27 71 4 5
59 106 77 108 111 77 5
62 81 10 109 84 16 6
92 25 97 110 31 105 10
47 31 48 111 28 40 8
112 21 81 18 19 87 6
111 28 40 113 33 32 9
114 3 97 0 14 100 11
