1 13 41 12 19 46 7
14 32 40 2 30 37 3
3 52 14 30 49 6 8
8 36 58 4 38 61 3
60 50 25 5 48 27 2
52 46 41 6 45 42 1
26 13 12 7 12 4 8
24 43 52 8 36 58 9
13 51 45 9 56 56 12
10 19 22 48 22 25 4
11 1 44 42 6 36 9
49 23 48 12 19 46 4
52 46 41 13 51 45 6
14 32 40 35 36 40 4
56 14 37 15 12 35 2
43 33 62 16 24 65 9
17 5 34 42 6 36 2
55 40 34 18 36 25 9
19 25 34 2 30 37 5
20 29 11 0 33 12 4
21 23 47 49 23 48 1
22 41 38 41 39 36 2
5 48 27 23 50 28 2
24 43 52 33 43 49 3
14 32 40 25 31 41 1
58 16 15 26 13 12 4
28 57 22 27 58 28 6
28 57 22 3 52 14 9
17 5 34 29 1 30 5
30 49 6 44 41 4 8
51 60 63 31 64 62 4
32 28 51 65 32 48 5
33 43 49 59 40 46 4
6 45 42 34 44 42 1
41 39 36 35 36 40 5
3 52 14 36 63 12 11
17 5 34 37 7 30 4
20 29 11 38 26 5 6
47 1 8 39 0 12 4
40 57 36 27 58 28 8
41 39 36 55 40 34 2
15 12 35 42 6 36 6
43 33 62 8 36 58 5
44 41 4 0 33 12 11
63 1 52 45 3 53 2
49 23 48 46 23 48 0
47 1 8 62 1 1 7
19 25 34 48 22 25 9
49 23 48 32 28 51 5
29 1 30 50 2 28 2
51 60 63 9 56 56 8
22 41 38 52 46 41 5
53 32 41 14 32 40 1
54 8 65 45 3 53 13
5 48 27 55 40 34 10
1 13 41 56 14 37 4
64 41 64 57 41 64 0
58 16 15 10 19 22 7
59 40 46 61 37 42 5
28 57 22 60 50 25 7
61 37 42 35 36 40 2
62 1 1 7 12 4 11
63 1 52 11 1 44 8
64 41 64 4 38 61 4
65 32 48 61 37 42 7
