1 1 13 20 18 18 17
84 31 13 2 35 22 9
7 49 133 3 40 136 9
3 40 136 4 37 127 9
5 58 68 135 62 68 4
120 65 80 6 72 88 10
32 53 136 7 49 133 5
106 14 32 8 1 30 13
9 133 57 72 134 48 9
10 103 72 118 103 72 0
35 2 90 11 5 87 4
71 34 84 12 23 72 16
37 75 93 13 65 100 12
14 45 13 2 35 22 13
82 75 20 15 67 13 10
132 80 49 16 77 35 14
17 133 42 109 126 39 7
18 78 115 119 77 114 1
62 37 114 19 45 108 10
20 18 18 100 15 28 10
51 101 51 21 105 38 13
22 1 102 33 3 97 5
43 5 63 23 3 55 8
24 51 113 19 45 108 7
25 117 63 46 121 59 5
26 78 70 27 78 76 6
53 87 85 27 78 76 12
28 114 37 76 109 34 5
29 10 109 54 11 102 7
47 77 107 30 75 108 2
31 90 80 53 87 85 5
32 53 136 104 64 134 11
33 3 97 54 11 102 9
21 105 38 34 98 30 10
33 3 97 35 2 90 7
36 107 6 116 98 19 15
6 72 88 37 75 93 5
38 67 122 66 74 122 7
39 58 59 0 53 57 5
40 114 30 76 109 34 6
55 88 100 41 92 98 4
108 95 73 42 94 71 2
12 23 72 43 5 63 20
44 136 126 45 130 128 6
45 130 128 67 123 132 8
46 121 59 107 120 53 6
47 77 107 122 82 104 5
48 56 68 80 57 68 1
135 62 68 49 59 76 8
70 116 124 50 113 133 9
128 96 51 51 101 51 5
72 134 48 52 129 48 5
117 80 93 53 87 85 10
54 11 102 85 27 99 16
55 88 100 117 80 93 10
56 125 88 114 128 77 11
57 0 66 43 5 63 5
58 38 117 4 37 127 10
65 41 51 59 42 59 8
60 111 80 77 107 76 5
9 133 57 61 136 66 9
62 37 114 58 38 117 3
23 3 55 63 14 42 17
77 107 76 64 106 79 3
65 41 51 110 47 50 6
66 74 122 119 77 114 8
70 116 124 67 123 132 10
68 0 136 92 10 125 14
69 20 122 75 12 117 9
83 110 118 70 116 124 8
127 42 83 71 34 84 8
72 134 48 17 133 42 6
73 83 110 122 82 104 6
36 107 6 74 103 1 6
29 10 109 75 12 117 8
76 109 34 21 105 38 5
77 107 76 118 103 72 5
78 126 68 124 133 69 7
134 46 106 79 43 102 5
80 57 68 5 58 68 1
25 117 63 81 112 61 5
82 75 20 113 88 12 15
91 104 115 83 110 118 6
20 18 18 84 31 13 13
79 43 102 85 27 99 16
86 58 96 13 65 100 8
89 112 104 87 107 104 5
86 58 96 88 56 91 5
89 112 104 101 114 95 9
133 113 11 90 119 13 6
91 104 115 87 107 104 11
75 12 117 92 10 125 8
93 93 62 42 94 71 9
94 74 124 66 74 122 2
55 88 100 95 92 105 6
96 129 11 90 119 13 10
39 58 59 97 63 62 5
98 59 45 105 59 52 7
99 55 35 98 59 45 10
106 14 32 100 15 28 4
101 114 95 56 125 88 13
96 129 11 102 130 3 8
92 10 125 103 4 122 6
38 67 122 104 64 134 12
105 59 52 0 53 57 7
106 14 32 63 14 42 10
52 129 48 107 120 53 10
108 95 73 31 90 80 8
109 126 39 137 124 40 2
0 53 57 110 47 50 9
111 27 99 85 27 99 0
102 130 3 112 123 1 7
113 88 12 116 98 19 12
114 128 77 124 133 69 9
115 87 8 113 88 12 4
34 98 30 116 98 19 11
37 75 93 117 80 93 5
118 103 72 108 95 73 8
119 77 114 30 75 108 6
120 65 80 49 59 76 7
17 133 42 121 137 30 12
55 88 100 122 82 104 7
123 5 111 29 10 109 5
124 133 69 61 136 66 4
125 90 55 93 93 62 7
126 20 45 131 18 44 2
127 42 83 88 56 91 16
125 90 55 128 96 51 7
125 90 55 129 86 54 4
130 127 110 136 133 101 10
131 18 44 63 14 42 4
132 80 49 129 86 54 7
133 113 11 36 107 6 7
134 46 106 19 45 108 2
135 62 68 97 63 62 6
56 125 88 136 133 101 15
28 114 37 137 124 40 10
