1 55 7 42 55 8 1
2 55 1 1 55 7 6
3 38 21 54 39 20 1
4 17 45 25 19 39 6
13 12 50 5 0 47 12
10 34 54 6 39 54 5
7 15 53 14 12 54 3
8 11 16 34 8 14 3
9 28 52 43 26 52 2
50 30 54 10 34 54 4
7 15 53 11 21 55 6
12 17 32 23 19 31 2
4 17 45 13 12 50 7
14 12 54 13 12 50 4
15 41 49 6 39 54 5
38 7 12 16 4 14 3
17 24 27 32 26 23 4
8 11 16 18 19 18 8
8 11 16 19 8 20 5
20 22 12 40 21 15 3
46 39 4 21 43 13 9
53 0 17 22 0 22 5
23 19 31 17 24 27 6
24 22 18 18 19 18 3
25 19 39 12 17 32 7
26 4 29 39 2 23 6
33 27 46 27 30 47 3
28 46 37 15 41 49 13
29 30 37 30 28 38 2
30 28 38 33 27 46 8
31 35 4 52 28 3 7
49 24 22 32 26 23 2
35 24 50 33 27 46 5
38 7 12 34 8 14 2
35 24 50 43 26 52 2
36 20 5 20 22 12 7
42 55 8 37 49 5 6
0 11 7 38 7 12 6
22 0 22 39 2 23 2
18 19 18 40 21 15 3
41 48 16 21 43 13 5
42 55 8 48 55 11 3
11 21 55 43 26 52 5
0 11 7 44 11 0 7
45 43 55 6 39 54 4
31 35 4 46 39 4 4
47 47 16 41 48 16 1
48 55 11 41 48 16 8
24 22 18 49 24 22 4
9 28 52 50 30 54 2
51 35 19 3 38 21 3
36 20 5 52 28 3 8
16 4 14 53 0 17 5
21 43 13 54 39 20 8
55 51 25 41 48 16 9
