1 51 10 16 53 16 6
2 21 75 49 15 78 6
3 23 40 99 18 45 7
17 16 89 4 16 92 3
29 45 77 5 47 71 6
6 14 2 79 15 4 2
7 67 82 46 69 82 2
8 92 80 51 100 84 8
9 78 73 36 79 73 1
10 59 28 53 60 21 7
11 74 22 87 75 19 3
12 9 47 61 7 54 7
13 44 68 5 47 71 4
34 70 41 14 67 52 11
15 18 22 96 16 26 4
16 53 16 40 42 21 12
49 15 78 17 16 89 11
18 41 68 13 44 68 3
22 66 94 19 62 91 5
42 38 27 20 38 25 2
19 62 91 21 57 84 8
22 66 94 70 70 94 4
23 82 2 100 73 12 13
24 54 78 48 52 82 4
31 24 1 25 30 6 7
60 20 14 26 18 8 6
27 78 39 88 81 36 4
83 21 89 28 30 87 9
48 52 82 29 45 77 8
30 29 39 3 23 40 6
26 18 8 31 24 1 9
32 99 76 51 100 84 8
89 63 17 33 64 9 8
34 70 41 27 78 39 8
35 23 28 81 23 34 6
39 87 80 36 79 73 10
82 31 10 37 32 10 1
58 40 54 38 29 53 11
39 87 80 8 92 80 5
40 42 21 20 38 25 5
90 84 67 41 83 62 5
47 38 35 42 38 27 8
43 54 28 10 59 28 5
44 90 8 23 82 2 10
73 70 87 45 70 87 0
55 70 73 46 69 82 9
47 38 35 30 29 39 9
48 52 82 21 57 84 5
49 15 78 66 3 80 12
71 89 24 50 89 27 3
62 93 91 51 100 84 9
52 4 70 57 15 60 14
53 60 21 16 53 16 8
85 49 70 54 55 68 6
55 70 73 9 78 73 8
56 89 93 0 94 96 5
57 15 60 95 22 57 7
58 40 54 86 40 65 11
59 45 36 74 43 35 2
60 20 14 15 18 22 8
61 7 54 57 15 60 10
56 89 93 62 93 91 4
24 54 78 63 53 77 1
92 23 93 64 29 100 9
65 11 4 6 14 2 3
66 3 80 52 4 70 10
67 5 0 65 11 4 7
68 90 56 41 83 62 9
69 71 83 46 69 82 2
70 70 94 73 70 87 7
71 89 24 76 89 14 10
68 90 56 72 97 43 14
69 71 83 73 70 87 4
47 38 35 74 43 35 5
75 29 83 28 30 87 4
44 90 8 76 89 14 6
77 13 95 4 16 92 4
78 45 93 84 48 91 3
79 15 4 26 18 8 5
80 96 70 32 99 76 6
3 23 40 81 23 34 6
82 31 10 25 30 6 4
17 16 89 83 21 89 5
84 48 91 48 52 82 9
85 49 70 5 47 71 2
86 40 65 18 41 68 3
87 75 19 93 73 14 5
50 89 27 88 81 36 12
89 63 17 53 60 21 5
90 84 67 36 79 73 7
55 70 73 91 73 65 8
92 23 93 83 21 89 4
93 73 14 100 73 12 2
94 6 98 77 13 95 7
38 29 53 95 22 57 8
35 23 28 96 16 26 7
97 4 55 61 7 54 3
84 48 91 98 53 96 7
12 9 47 99 18 45 9
33 64 9 100 73 12 9
