1 0 3 19 0 3 0
2 5 1 28 5 1 0
3 30 16 32 31 17 1
0 21 14 4 22 7 7
24 7 27 5 2 24 5
6 20 31 30 17 30 3
13 30 8 7 32 8 2
8 27 31 6 20 31 7
9 0 5 19 0 3 2
10 9 22 24 7 27 5
11 18 5 4 22 7 4
12 18 26 22 26 21 9
4 22 7 13 30 8 8
27 5 19 14 6 17 2
15 8 2 18 12 10 8
16 13 27 12 18 26 5
17 2 29 24 7 27 5
11 18 5 18 12 10 7
28 5 1 19 0 3 5
20 3 32 17 2 29 3
21 19 4 11 18 5 1
22 26 21 0 21 14 8
15 8 2 23 11 0 3
16 13 27 24 7 27 6
33 27 21 25 28 21 1
26 12 21 10 9 22 3
27 5 19 10 9 22 5
28 5 1 15 8 2 3
20 3 32 29 5 33 2
12 18 26 30 17 30 4
25 28 21 31 31 18 4
32 31 17 31 31 18 1
22 26 21 33 27 21 1
