66 53 10 1 54 5 5
35 68 3 2 74 1 6
3 28 63 92 24 61 4
4 7 94 73 13 88 8
5 0 11 16 12 8 12
80 33 34 6 32 35 1
80 33 34 7 25 27 10
8 72 64 44 83 67 11
9 34 70 21 31 69 3
10 94 41 58 94 36 5
11 23 62 92 24 61 1
12 25 94 94 18 84 12
13 84 37 29 83 35 2
14 6 54 64 2 56 4
26 29 43 15 23 48 7
16 12 8 77 19 13 8
17 75 12 45 75 2 10
90 87 46 18 88 48 2
19 52 52 59 45 58 9
20 88 85 23 83 79 7
3 28 63 21 31 69 6
22 8 22 5 0 11 13
23 83 79 98 87 73 7
24 14 78 94 18 84 7
20 88 85 25 94 86 6
26 29 43 33 31 40 3
71 8 66 27 4 64 4
28 36 82 96 36 73 9
29 83 35 36 87 31 5
30 9 0 74 15 4 7
79 53 68 31 53 73 5
60 61 35 32 57 35 4
33 31 40 6 32 35 5
50 4 52 34 4 47 5
35 68 3 1 54 5 14
36 87 31 58 94 36 8
51 66 65 37 59 67 7
38 39 6 54 44 10 6
39 69 39 72 75 44 7
40 4 98 4 7 94 5
85 90 64 41 99 61 9
73 13 88 42 8 86 5
28 36 82 43 42 87 7
44 83 67 85 90 64 7
2 74 1 45 75 2 1
46 53 14 99 47 21 9
31 53 73 47 59 82 10
48 99 42 10 94 41 5
49 3 34 34 4 47 13
50 4 52 14 6 54 2
57 68 64 51 66 65 2
52 36 60 3 28 63 8
41 99 61 53 98 57 4
65 44 15 54 44 10 5
55 58 39 32 57 35 4
56 83 57 68 88 56 5
8 72 64 57 68 64 4
58 94 36 87 97 31 5
59 45 58 52 36 60 9
60 61 35 39 69 39 8
17 75 12 61 69 14 6
62 41 26 69 47 32 8
63 34 54 52 36 60 6
64 2 56 27 4 64 8
65 44 15 99 47 21 6
66 53 10 46 53 14 4
43 42 87 67 42 96 9
68 88 56 18 88 48 8
32 57 35 69 47 32 10
70 28 79 28 36 82 8
84 19 65 71 8 66 11
81 79 40 72 75 44 5
94 18 84 73 13 88 6
16 12 8 74 15 4 5
38 39 6 75 36 9 4
42 8 86 76 3 84 5
77 19 13 97 23 13 4
81 79 40 78 82 47 7
79 53 68 37 59 67 6
80 33 34 62 41 26 11
81 79 40 13 84 37 5
75 36 9 82 35 16 7
83 7 47 34 4 47 3
84 19 65 11 23 62 5
85 90 64 68 88 56 8
86 24 51 15 23 48 3
87 97 31 0 98 16 15
36 87 31 88 87 29 2
67 42 96 89 50 97 8
78 82 47 90 87 46 5
99 47 21 91 53 23 6
92 24 61 86 24 51 10
93 78 16 17 75 12 5
94 18 84 70 28 79 11
57 68 64 95 67 56 8
96 36 73 9 34 70 3
97 23 13 82 35 16 12
98 87 73 44 83 67 7
62 41 26 99 47 21 7
