1 15 37 67 21 46 10
50 83 114 2 85 118 4
119 41 14 3 36 13 5
22 81 83 4 73 88 9
21 88 44 5 86 38 6
6 18 72 40 15 80 8
48 36 85 7 36 88 3
8 115 91 32 110 85 7
111 74 99 9 78 99 4
80 97 55 10 100 49 6
28 36 45 11 35 36 9
59 27 82 12 22 83 5
13 88 58 46 83 55 5
14 12 88 40 15 80 8
15 38 65 0 41 63 3
16 40 47 82 38 54 7
94 102 71 17 96 76 7
18 119 80 120 115 83 5
13 88 58 19 91 54 5
11 35 36 20 36 36 1
21 88 44 88 85 47 4
22 81 83 30 89 89 10
106 103 8 23 115 5 12
87 103 101 24 107 104 5
25 80 120 2 85 118 5
26 84 48 112 85 52 4
27 15 13 44 15 27 14
28 36 45 16 40 47 4
29 105 81 94 102 71 10
30 89 89 63 99 90 10
31 47 28 101 35 32 12
29 105 81 32 110 85 6
15 38 65 33 35 69 5
72 80 14 34 91 8 12
35 97 59 80 97 55 4
103 51 46 36 61 45 10
37 71 13 91 77 18 7
74 76 108 38 82 109 6
52 101 8 39 102 15 7
12 22 83 40 15 80 7
82 38 54 41 30 58 8
66 35 111 42 30 116 7
43 90 34 5 86 38 5
44 15 27 1 15 37 10
117 111 27 45 119 32 9
47 79 60 46 83 55 6
105 67 56 47 79 60 12
48 36 85 89 41 79 7
49 37 73 33 35 69 4
38 82 109 50 83 114 5
70 62 32 51 69 23 11
52 101 8 34 91 8 10
69 48 114 53 52 115 4
74 76 108 54 76 112 4
55 73 38 57 79 41 6
23 115 5 56 119 10 6
57 79 41 5 86 38 7
58 1 7 115 13 9 12
59 27 82 48 36 85 9
42 30 116 60 17 114 13
49 37 73 61 38 72 1
62 84 114 50 83 114 1
29 105 81 63 99 90 10
64 45 109 114 45 97 12
65 109 32 117 111 27 5
64 45 109 66 35 111 10
71 16 60 67 21 46 14
68 40 97 7 36 88 9
64 45 109 69 48 114 5
55 73 38 70 62 32 12
6 18 72 71 16 60 12
72 80 14 91 77 18 5
56 119 10 73 116 15 5
111 74 99 74 76 108 9
75 69 12 37 71 13 2
71 16 60 76 12 57 5
77 53 95 114 45 97 8
17 96 76 78 91 73 5
5 86 38 79 84 35 3
80 97 55 19 91 54 6
81 63 118 53 52 115 11
82 38 54 0 41 63 9
45 119 32 83 118 39 7
22 81 83 84 74 73 12
85 70 4 75 69 12 8
61 38 72 86 44 72 6
63 99 90 87 103 101 11
26 84 48 88 85 47 1
49 37 73 89 41 79 7
65 109 32 90 104 32 5
91 77 18 51 69 23 9
54 76 112 92 76 113 1
93 24 3 118 15 0 9
99 99 64 94 102 71 7
31 47 28 95 53 16 13
36 61 45 96 67 50 7
1 15 37 97 1 32 14
98 46 116 69 48 114 2
35 97 59 99 99 64 5
100 1 114 60 17 114 16
101 35 32 11 35 36 4
102 45 115 98 46 116 1
16 40 47 103 51 46 11
104 25 72 6 18 72 7
105 67 56 96 67 50 6
52 101 8 106 103 8 2
107 1 56 76 12 57 11
108 109 110 24 107 104 6
109 56 54 103 51 46 9
110 70 72 84 74 73 4
4 73 88 111 74 99 11
46 83 55 112 85 52 3
39 102 15 113 96 20 7
68 40 97 114 45 97 5
115 13 9 27 15 13 4
116 107 71 94 102 71 5
73 116 15 117 111 27 13
115 13 9 118 15 0 9
95 53 16 119 41 14 12
32 110 85 120 115 83 5
