1 85 134 66 87 140 6
146 108 79 2 118 80 10
3 8 1 114 8 9 8
124 14 116 4 19 111 7
5 102 58 63 99 48 10
143 47 86 6 54 78 10
7 36 129 77 28 131 8
12 26 4 8 27 1 3
9 149 143 141 136 136 14
10 80 108 131 68 102 13
11 62 64 134 64 55 9
12 26 4 74 36 14 14
13 68 80 75 66 74 6
14 61 100 32 66 94 7
15 102 93 146 108 79 15
16 126 33 49 117 41 12
17 92 18 81 100 14 8
41 75 47 18 78 38 9
116 131 10 19 130 14 4
20 114 112 142 120 105 9
117 17 52 21 8 51 9
135 116 45 22 130 50 14
16 126 33 23 116 28 11
24 10 147 106 19 140 11
68 139 55 25 146 56 7
4 19 111 26 32 111 13
4 19 111 27 16 99 12
28 32 94 148 30 86 8
107 141 129 29 141 128 1
30 72 147 122 66 133 15
31 132 7 116 131 10 3
87 65 90 32 66 94 4
33 17 6 12 26 4 9
144 80 88 34 84 91 5
35 63 132 113 60 132 3
133 126 123 36 126 133 10
37 26 42 78 27 41 1
27 16 99 38 22 93 8
39 82 83 140 77 81 5
144 80 88 40 76 94 7
0 83 49 41 75 47 8
42 83 94 34 84 91 3
44 132 77 43 144 86 15
44 132 77 149 124 79 8
108 144 99 45 146 101 2
33 17 6 46 14 8 3
68 139 55 47 144 42 13
48 120 135 36 126 133 6
135 116 45 49 117 41 4
141 136 136 50 135 142 6
51 3 115 147 6 124 9
18 78 38 52 78 31 7
88 36 57 53 30 64 9
95 53 49 54 46 60 13
55 16 133 92 15 135 2
74 36 14 56 38 15 2
57 28 136 115 31 140 5
58 111 60 5 102 58 9
59 144 6 31 132 7 12
86 98 137 60 94 142 6
132 73 30 61 63 30 10
44 132 77 62 133 71 6
63 99 48 121 90 54 10
147 6 124 64 14 120 8
65 65 121 93 72 115 9
60 94 142 66 87 140 7
15 102 93 67 102 100 7
89 134 56 68 139 55 5
69 52 26 61 63 30 11
70 38 144 84 40 139 5
17 92 18 71 82 10 12
72 69 73 126 72 66 7
88 36 57 73 35 45 12
74 36 14 96 28 19 9
72 69 73 75 66 74 3
76 100 0 81 100 14 14
57 28 136 77 28 131 5
78 27 41 73 35 45 8
43 144 86 79 145 89 3
108 144 99 80 130 102 14
81 100 14 118 106 21 9
82 110 71 123 116 63 10
114 8 9 83 1 20 13
84 40 139 111 49 131 12
21 8 51 85 5 47 5
145 108 126 86 98 137 14
87 65 90 13 68 80 10
88 36 57 54 46 60 10
22 130 50 89 134 56 7
90 58 124 65 65 121 7
67 102 100 91 99 104 5
92 15 135 106 19 140 6
93 72 115 10 80 108 10
90 58 124 94 58 121 3
95 53 49 134 64 55 12
96 28 19 136 26 25 6
97 69 39 18 78 38 9
103 105 45 98 98 37 10
71 82 10 99 64 2 19
100 27 27 78 27 41 14
110 116 0 101 117 4 4
133 126 123 102 129 115 8
63 99 48 103 105 45 6
104 2 129 128 8 128 6
87 65 90 105 55 92 10
57 28 136 106 19 140 9
107 141 129 141 136 136 8
79 145 89 108 144 99 10
109 149 65 25 146 56 9
110 116 0 76 100 0 16
90 58 124 111 49 131 11
112 56 2 99 64 2 8
90 58 124 113 60 132 8
46 14 8 114 8 9 6
115 31 140 70 38 144 8
101 117 4 116 131 10 15
117 17 52 130 24 59 9
118 106 21 23 116 28 12
26 32 111 119 33 116 5
103 105 45 120 110 50 7
121 90 54 0 83 49 8
35 63 132 122 66 133 3
58 111 60 123 116 63 5
64 14 120 124 14 116 4
102 129 115 125 141 116 12
11 62 64 126 72 66 10
127 43 115 119 33 116 10
92 15 135 128 8 128 9
86 98 137 129 104 140 6
53 30 64 130 24 59 7
14 61 100 131 68 102 7
52 78 31 132 73 30 5
133 126 123 139 122 121 4
134 64 55 41 75 47 13
135 116 45 120 110 50 7
100 27 27 136 26 25 2
10 80 108 137 87 116 10
129 104 140 138 104 148 8
139 122 121 20 114 112 12
13 68 80 140 77 81 9
36 126 133 141 136 136 10
142 120 105 80 130 102 10
143 47 86 105 55 92 10
39 82 83 144 80 88 5
139 122 121 145 108 126 14
82 110 71 146 108 79 8
128 8 128 147 6 124 4
38 22 93 148 30 86 10
149 124 79 2 118 80 6
