1 63 8 127 59 5 5
52 34 130 2 37 131 3
3 48 74 87 51 73 3
4 74 0 50 70 0 4
5 42 108 28 44 102 6
6 128 137 105 127 130 7
122 101 55 7 106 53 5
8 10 34 101 13 19 15
9 13 108 136 19 99 10
10 39 37 130 32 26 13
26 48 124 11 61 136 17
43 40 95 12 45 93 5
13 72 126 80 75 133 7
58 78 91 14 80 96 5
15 125 12 137 120 26 14
52 34 130 16 34 125 5
17 84 91 58 78 91 6
56 112 74 18 113 80 6
19 124 33 47 122 36 3
20 16 130 83 18 124 6
45 63 49 21 57 43 8
64 126 30 22 131 28 5
23 51 91 61 50 90 1
24 86 57 67 84 66 9
25 115 106 88 118 102 5
26 48 124 2 37 131 13
24 86 57 27 88 44 13
134 39 99 28 44 102 5
10 39 37 29 32 40 7
30 33 61 132 26 62 7
31 19 114 9 13 108 8
17 84 91 32 97 98 14
33 135 12 81 133 13 2
34 53 64 112 40 60 13
75 113 52 35 116 58 6
36 71 75 131 74 66 9
130 32 26 37 34 23 3
38 36 9 124 48 15 13
39 105 68 85 94 62 12
88 118 102 40 131 96 14
41 126 125 63 130 121 5
42 117 44 75 113 52 8
65 32 95 43 40 95 8
44 34 62 30 33 61 1
53 60 61 45 63 49 12
40 131 96 46 138 92 8
42 117 44 47 122 36 9
53 60 61 48 68 62 8
49 84 17 76 87 22 5
1 63 8 50 70 0 10
82 52 28 51 48 26 4
96 22 134 52 34 130 12
74 56 66 53 60 61 6
125 22 64 54 14 57 10
73 88 0 55 92 12 12
39 105 68 56 112 74 9
0 16 71 57 16 77 6
58 78 91 117 73 79 13
59 7 131 20 16 130 9
60 0 16 101 13 19 13
12 45 93 61 50 90 5
57 16 77 62 16 91 14
63 130 121 133 132 110 11
64 126 30 19 124 33 3
65 32 95 89 22 95 10
66 23 12 86 29 7 7
131 74 66 67 84 66 10
10 39 37 68 40 38 1
69 68 136 72 67 133 3
70 122 57 35 116 58 6
0 16 71 71 23 69 7
11 61 136 72 67 133 6
4 74 0 73 88 0 14
74 56 66 34 53 64 3
7 106 53 75 113 52 7
76 87 22 109 92 15 8
77 113 84 18 113 80 4
78 129 38 135 125 39 4
24 86 57 79 89 58 3
80 75 133 69 68 136 7
111 130 14 81 133 13 3
21 57 43 82 52 28 15
31 19 114 83 18 124 10
84 92 27 76 87 22 7
79 89 58 85 94 62 6
38 36 9 86 29 7 7
87 51 73 126 50 70 3
88 118 102 104 115 89 13
62 16 91 89 22 95 7
90 65 10 1 63 8 2
91 52 103 28 44 102 8
92 81 15 49 84 17 3
93 138 111 133 132 110 6
94 99 79 113 104 81 5
66 23 12 95 19 19 8
20 16 130 96 22 134 7
97 109 37 42 117 44 10
26 48 124 98 50 122 2
25 115 106 99 109 108 6
138 25 76 100 27 76 2
95 19 19 101 13 19 6
102 138 63 120 132 70 9
117 73 79 103 65 90 13
104 115 89 77 113 84 5
105 127 130 41 126 125 5
106 31 108 129 22 113 10
107 132 9 81 133 13 4
108 60 74 74 56 66 8
109 92 15 55 92 12 3
110 124 28 64 126 30 2
15 125 12 111 130 14 5
112 40 60 44 34 62 6
18 113 80 113 104 81 9
118 99 23 114 107 15 11
115 90 121 13 72 126 18
116 128 68 70 122 57 12
117 73 79 36 71 75 4
84 92 27 118 99 23 8
119 45 53 112 40 60 8
116 128 68 120 132 70 4
13 72 126 121 71 123 3
85 94 62 122 101 55 9
123 119 86 104 115 89 5
124 48 15 51 48 26 11
71 23 69 125 22 64 5
126 50 70 34 53 64 6
124 48 15 127 59 5 14
128 36 66 44 34 62 4
129 22 113 31 19 114 3
130 32 26 95 19 19 14
48 68 62 131 74 66 7
132 26 62 125 22 64 4
40 131 96 133 132 110 14
134 39 99 43 40 95 4
135 125 39 47 122 36 4
89 22 95 136 19 99 5
137 120 26 110 124 28 4
138 25 76 71 23 69 7
