1 16 14 12 19 21 7
15 52 65 2 53 68 3
2 53 68 3 51 69 2
4 31 72 46 38 60 13
22 17 56 5 24 55 7
59 30 6 6 34 4 4
39 69 64 7 69 63 1
8 38 31 30 30 31 8
34 11 5 9 8 2 4
24 60 15 10 60 18 3
19 14 63 11 15 58 5
65 26 24 12 19 21 7
13 56 73 2 53 68 5
14 70 27 53 69 18 9
15 52 65 68 53 62 3
51 64 13 16 72 6 10
71 15 48 17 10 43 7
66 49 16 18 53 13 5
73 11 64 19 14 63 3
20 33 9 45 32 18 9
21 57 30 38 55 25 5
22 17 56 11 15 58 2
51 64 13 23 69 17 6
42 58 12 24 60 15 3
69 14 38 25 9 35 5
26 3 58 29 3 63 5
25 9 35 27 11 31 4
47 19 35 28 20 34 1
73 11 64 29 3 63 8
30 30 31 49 28 34 3
55 15 54 31 14 55 1
20 33 9 32 39 8 6
33 27 20 65 26 24 4
40 19 1 34 11 5 8
59 30 6 35 25 8 5
36 10 24 27 11 31 7
37 37 52 54 31 49 6
38 55 25 56 53 21 4
48 69 68 39 69 64 4
40 19 1 35 25 8 9
41 58 9 60 60 11 2
18 53 13 42 58 12 5
43 57 6 41 58 9 3
17 10 43 44 6 50 8
45 32 18 33 27 20 5
37 37 52 46 38 60 8
47 19 35 69 14 38 5
13 56 73 48 69 68 13
58 21 32 49 28 34 7
50 44 38 57 43 30 8
51 64 13 60 60 11 4
36 10 24 52 2 16 11
23 69 17 53 69 18 1
54 31 49 5 24 55 9
55 15 54 22 17 56 2
66 49 16 56 53 21 6
57 43 30 8 38 31 5
28 20 34 58 21 32 2
20 33 9 59 30 6 4
42 58 12 60 60 11 2
37 37 52 61 38 47 5
62 48 60 46 38 60 10
63 52 59 62 48 60 4
23 69 17 64 73 16 4
30 30 31 65 26 24 8
66 49 16 32 39 8 12
67 54 47 63 52 59 12
68 53 62 63 52 59 3
69 14 38 17 10 43 6
0 15 72 70 8 73 7
55 15 54 71 15 48 6
7 69 63 72 69 52 11
0 15 72 73 11 64 8
