8 35 19 1 29 14 7
30 42 40 2 41 35 5
22 11 4 3 8 2 3
4 24 0 48 22 6 6
8 35 19 5 28 21 7
9 39 31 6 42 23 8
2 41 35 7 46 35 5
8 35 19 37 37 21 2
9 39 31 2 41 35 4
49 1 48 10 0 46 2
11 28 24 5 28 21 3
0 43 47 12 44 51 4
16 41 13 13 43 8 5
14 28 43 15 35 42 7
15 35 42 47 39 43 4
45 36 17 16 41 13 6
33 12 20 17 1 21 11
0 43 47 18 45 44 3
19 22 49 14 28 43 8
44 30 10 20 35 2 9
28 25 28 21 27 35 7
22 11 4 41 12 5 1
7 46 35 23 50 39 5
24 37 46 47 39 43 3
25 51 50 35 46 47 5
26 47 22 6 42 23 5
50 17 45 27 13 47 4
11 28 24 28 25 28 5
29 19 21 38 20 24 3
47 39 43 30 42 40 4
31 47 16 26 47 22 6
32 13 5 41 12 5 1
42 14 23 33 12 20 3
34 11 13 33 12 20 7
0 43 47 35 46 47 3
36 0 22 17 1 21 1
6 42 23 37 37 21 5
28 25 28 38 20 24 6
40 7 2 39 4 4 3
3 8 2 40 7 2 1
41 12 5 34 11 13 8
42 14 23 29 19 21 5
43 17 37 50 17 45 8
44 30 10 1 29 14 4
45 36 17 8 35 19 2
46 48 22 26 47 22 1
47 39 43 0 43 47 5
51 16 3 48 22 6 6
27 13 47 49 1 48 12
19 22 49 50 17 45 6
32 13 5 51 16 3 3
