21 5 15 1 7 14 2
2 26 46 9 26 47 1
3 48 19 35 54 19 6
42 38 24 4 40 26 2
5 34 49 29 38 47 4
6 15 32 18 13 36 4
7 44 48 10 51 48 7
14 15 45 8 18 38 7
9 26 47 5 34 49 8
10 51 48 31 53 43 5
11 4 4 23 3 5 1
43 55 5 12 55 4 1
47 52 38 13 56 40 4
58 21 47 14 15 45 6
54 52 34 15 56 29 6
16 42 0 40 38 5 6
14 15 45 17 12 53 8
18 13 36 57 14 38 2
59 22 51 19 21 52 1
38 42 35 20 50 36 8
25 3 17 21 5 15 2
56 48 57 22 47 55 2
23 3 5 53 6 11 6
46 54 54 24 54 54 0
25 3 17 39 6 21 5
26 22 51 59 22 51 0
18 13 36 27 6 39 7
28 35 44 29 38 47 4
29 38 47 7 44 48 6
15 56 29 30 53 27 3
31 53 43 13 56 40 4
32 45 16 3 48 19 4
33 22 54 19 21 52 2
5 34 49 34 32 55 6
35 54 19 30 53 27 8
35 54 19 36 56 12 7
49 34 3 37 29 0 5
38 42 35 4 40 26 9
39 6 21 51 0 31 11
45 32 14 40 38 5 10
41 4 5 23 3 5 1
42 38 24 44 32 29 7
36 56 12 43 55 5 7
44 32 29 48 26 24 7
48 26 24 45 32 14 11
46 54 54 10 51 48 6
20 50 36 47 52 38 2
0 22 24 48 26 24 4
49 34 3 40 38 5 4
50 52 54 46 54 54 2
27 6 39 51 0 31 10
52 52 38 47 52 38 0
53 6 11 1 7 14 3
20 50 36 54 52 34 2
50 52 54 55 51 58 4
55 51 58 56 48 57 3
8 18 38 57 14 38 4
58 21 47 9 26 47 5
58 21 47 59 22 51 4
