44 30 58 1 30 50 8
40 49 69 2 51 73 4
20 82 72 3 85 60 12
4 27 10 32 27 18 8
2 51 73 5 53 81 8
6 78 6 60 79 5 1
7 52 35 69 62 37 10
52 19 22 8 13 10 13
29 67 5 9 63 9 5
10 13 69 76 21 79 12
11 24 50 1 30 50 6
12 82 13 26 76 18 7
16 71 47 13 76 44 5
78 63 12 14 52 14 11
50 0 28 15 3 34 6
16 71 47 53 72 60 13
83 7 73 17 3 83 10
18 75 23 38 80 23 5
19 72 1 74 73 4 3
20 82 72 63 75 70 7
21 47 31 41 48 35 4
22 81 37 13 76 44 8
23 32 18 32 27 18 5
46 42 64 24 50 56 11
30 25 32 25 21 26 7
18 75 23 26 76 18 5
73 10 3 27 7 5 3
25 21 26 28 14 27 7
29 67 5 74 73 4 6
54 23 36 30 25 32 4
0 36 83 31 28 76 10
37 31 26 32 27 18 8
33 74 82 85 67 73 11
34 9 2 73 10 3 1
35 83 31 22 81 37 6
36 39 74 0 36 83 9
66 27 30 37 31 26 5
35 83 31 38 80 23 8
58 2 24 39 5 22 3
46 42 64 40 49 69 8
41 48 35 7 52 35 4
42 35 65 36 39 74 9
11 24 50 43 14 53 10
44 30 58 42 35 65 8
54 23 36 45 22 35 1
46 42 64 42 35 65 7
47 77 3 60 79 5 2
16 71 47 48 71 45 2
13 76 44 49 80 46 4
50 0 28 58 2 24 4
48 71 45 51 69 44 2
25 21 26 52 19 22 4
63 75 70 53 72 60 10
54 23 36 62 30 40 8
38 80 23 55 85 22 5
35 83 31 56 85 30 2
57 4 47 65 5 52 5
80 7 27 58 2 24 5
8 13 10 59 12 3 7
60 79 5 12 82 13 8
45 22 35 61 14 38 8
62 30 40 70 35 46 7
63 75 70 85 67 73 8
50 0 28 64 1 28 1
43 14 53 65 5 52 9
66 27 30 30 25 32 2
47 77 3 67 78 0 3
68 6 4 27 7 5 1
51 69 44 69 62 37 9
1 30 50 70 35 46 6
71 58 27 75 63 32 7
47 77 3 72 76 3 1
73 10 3 59 12 3 2
74 73 4 72 76 3 3
69 62 37 75 63 32 5
76 21 79 31 28 76 7
65 5 52 77 0 60 9
79 65 11 78 63 12 2
79 65 11 9 63 9 2
80 7 27 28 14 27 7
81 33 16 23 32 18 2
82 6 37 15 3 34 4
84 11 71 83 7 73 4
84 11 71 10 13 69 2
2 51 73 85 67 73 16
