95 25 4 1 26 6 2
99 110 70 2 107 67 4
81 1 123 3 0 119 4
61 34 108 4 41 112 8
5 107 115 37 98 112 9
133 46 87 6 60 83 14
7 119 124 110 121 118 6
8 126 132 114 129 131 3
9 49 12 49 37 8 12
21 15 129 10 20 136 8
11 110 93 89 101 90 9
12 67 105 15 78 94 15
13 13 72 55 13 76 4
54 132 101 14 133 104 3
50 87 93 15 78 94 9
16 85 8 36 86 17 9
17 57 49 20 61 45 5
18 128 44 122 120 48 8
86 63 40 19 55 36 8
20 61 45 86 63 40 5
119 23 121 21 15 129 11
134 132 18 22 133 24 6
121 105 10 23 112 9 7
24 50 10 9 49 12 2
59 30 75 25 36 68 9
26 26 87 29 35 86 9
56 58 121 27 56 128 7
12 67 105 28 56 101 11
48 38 96 29 35 86 10
31 130 6 30 136 1 7
31 130 6 88 125 2 6
43 72 68 32 79 74 9
33 49 117 4 41 112 9
34 6 126 21 15 129 9
35 125 15 31 130 6 10
36 86 17 46 88 28 11
37 98 112 131 96 105 7
38 126 102 39 118 100 8
11 110 93 39 118 100 10
40 74 34 45 72 22 12
66 107 44 41 101 44 6
42 89 81 127 80 79 9
43 72 68 75 68 57 11
44 95 40 41 101 44 7
45 72 22 36 86 17 14
46 88 28 76 98 32 10
47 19 95 116 27 95 8
48 38 96 98 47 96 9
123 33 7 49 37 8 4
50 87 93 42 89 81 12
84 48 131 51 46 132 2
52 16 10 90 10 13 6
53 51 68 104 39 65 12
38 126 102 54 132 101 6
55 13 76 70 20 82 9
33 49 117 56 58 121 9
25 36 68 57 37 66 2
58 114 134 7 119 124 11
59 30 75 135 20 70 11
60 135 106 14 133 104 2
48 38 96 61 34 108 12
62 75 112 12 67 105 10
16 85 8 63 90 0 9
27 56 128 64 53 132 5
65 87 100 50 87 93 7
66 107 44 122 120 48 13
63 90 0 67 98 1 8
134 132 18 68 136 16 4
13 13 72 69 0 66 14
26 26 87 70 20 82 7
94 23 61 71 17 58 6
72 134 37 18 128 44 9
135 20 70 73 18 65 5
2 107 67 74 103 61 7
113 68 52 75 68 57 5
44 95 40 76 98 32 8
77 21 48 71 17 58 10
136 16 37 78 1 20 22
79 134 81 130 136 76 5
125 128 117 80 127 119 2
34 6 126 81 1 123 5
82 25 35 136 16 37 9
83 112 68 0 123 65 11
64 53 132 84 48 131 5
85 98 0 67 98 1 1
86 63 40 40 74 34 12
87 101 29 76 98 32 4
88 125 2 101 113 5 12
117 100 93 89 101 90 3
90 10 13 78 1 20 11
91 68 132 27 56 128 12
92 121 52 0 123 65 13
93 126 101 38 126 102 1
73 18 65 94 23 61 6
95 25 4 52 16 10 10
96 136 110 60 135 106 4
97 11 56 71 17 58 6
28 56 101 98 47 96 10
99 110 70 83 112 68 2
0 123 65 100 126 64 3
23 112 9 101 113 5 4
87 101 29 102 102 24 5
103 110 90 11 110 93 3
104 39 65 57 37 66 2
112 101 59 105 96 60 5
108 97 134 106 90 129 8
17 57 49 107 48 47 9
124 102 127 108 97 134 8
51 46 132 109 36 124 12
110 121 118 80 127 119 6
80 127 119 111 135 126 10
74 103 61 112 101 59 2
113 68 52 20 61 45 9
114 129 131 111 135 126 7
87 101 29 115 106 28 5
116 27 95 26 26 87 8
131 96 105 117 100 93 12
118 124 18 35 125 15 3
119 23 121 109 36 124 13
107 48 47 120 43 39 9
121 105 10 67 98 1 11
92 121 52 122 120 48 4
123 33 7 1 26 6 7
5 107 115 124 102 127 13
125 128 117 96 136 110 10
128 6 96 126 6 104 8
32 79 74 127 80 79 5
129 9 85 128 6 96 11
55 13 76 129 9 85 9
100 126 64 130 136 76 15
65 87 100 131 96 105 10
24 50 10 132 49 8 2
133 46 87 98 47 96 9
35 125 15 134 132 18 7
135 20 70 13 13 72 7
77 21 48 136 16 37 12
