1 56 16 30 58 21 5
43 34 56 2 34 56 0
50 37 38 3 33 45 8
4 16 30 9 18 32 2
5 29 12 0 26 14 3
6 14 55 14 16 55 2
7 60 15 1 56 16 4
8 51 32 48 46 29 5
9 18 32 11 17 39 7
40 49 2 10 44 0 5
11 17 39 26 10 44 8
12 62 1 57 60 7 6
13 18 62 29 26 61 8
14 16 55 13 18 62 7
15 47 25 18 46 19 6
6 14 55 16 12 48 7
19 37 31 17 30 30 7
32 43 13 18 46 19 6
44 40 26 19 37 31 5
60 27 7 20 22 2 7
21 13 17 36 11 18 2
22 49 10 47 46 10 3
23 45 62 25 40 59 5
60 27 7 24 34 2 8
27 39 59 25 40 59 1
26 10 44 16 12 48 4
27 39 59 43 34 56 5
8 51 32 28 55 29 5
29 26 61 43 34 56 9
30 58 21 46 57 24 3
31 57 34 28 55 29 5
62 39 13 32 43 13 4
33 9 59 6 14 55 6
38 7 7 34 9 5 2
35 55 38 31 57 34 4
36 11 18 42 14 24 6
37 45 7 61 46 8 1
38 7 7 45 12 14 8
30 58 21 39 61 23 3
61 46 8 40 49 2 6
19 37 31 41 38 37 6
42 14 24 53 17 29 5
55 26 50 43 34 56 10
48 46 29 44 40 26 6
21 13 17 45 12 14 3
46 57 24 28 55 29 5
32 43 13 47 46 10 4
15 47 25 48 46 29 4
36 11 18 49 3 18 8
41 38 37 50 37 38 1
8 51 32 51 49 37 5
52 33 0 24 34 2 2
53 17 29 4 16 30 1
54 35 22 44 40 26 6
55 26 50 3 33 45 8
56 2 25 49 3 18 7
57 60 7 7 60 15 8
58 9 1 34 9 5 4
26 10 44 59 5 44 5
60 27 7 5 29 12 5
61 46 8 47 46 10 2
5 29 12 62 39 13 10
