33 31 2 1 33 0 2
3 26 30 2 30 33 5
3 26 30 37 19 36 9
4 26 12 20 24 18 6
38 32 7 5 40 8 8
17 34 33 6 34 36 3
7 35 29 21 35 31 2
28 27 10 8 30 7 4
0 4 6 9 8 8 4
9 8 8 10 10 5 3
11 25 24 3 26 30 6
12 25 3 22 25 3 0
13 32 2 33 31 2 1
14 18 37 39 16 38 2
24 9 21 15 8 30 9
4 26 12 16 30 14 4
2 30 33 17 34 33 4
18 14 23 24 9 21 5
7 35 29 19 34 21 8
11 25 24 20 24 18 6
21 35 31 17 34 33 2
8 30 7 22 25 3 6
20 24 18 23 20 15 5
24 9 21 36 4 15 7
25 30 35 2 30 33 2
26 8 4 10 10 5 2
27 25 1 22 25 3 2
28 27 10 4 26 12 2
31 9 37 29 10 39 2
32 18 12 30 18 11 1
15 8 30 31 9 37 7
32 18 12 23 20 15 3
33 31 2 8 30 7 5
34 1 22 36 4 15 7
9 8 8 35 7 13 5
35 7 13 36 4 15 3
14 18 37 37 19 36 1
8 30 7 38 32 7 2
39 16 38 29 10 39 6
40 2 12 36 4 15 3
