1 78 72 71 75 73 3
2 24 112 103 27 107 5
3 133 97 76 128 91 7
4 53 91 117 58 77 14
42 45 72 5 40 70 5
6 37 120 26 28 124 9
7 37 126 6 37 120 6
8 76 133 51 65 123 14
86 28 72 9 33 83 12
10 15 56 35 20 49 8
11 124 0 132 128 4 5
2 24 112 12 21 110 3
91 109 116 13 106 114 3
14 78 134 8 76 133 2
15 80 134 14 78 134 2
16 28 11 33 36 16 9
17 82 68 1 78 72 5
102 128 78 18 134 89 12
19 80 61 17 82 68 7
20 100 42 90 105 31 12
49 107 61 21 109 63 2
22 129 7 37 126 15 8
23 69 107 125 65 102 6
32 124 103 24 121 103 3
25 85 22 58 79 32 11
26 28 124 2 24 112 12
64 111 79 27 122 76 11
125 65 102 28 68 101 3
110 113 133 29 124 135 11
30 113 3 11 124 0 11
64 111 79 31 109 92 13
32 124 103 39 128 103 4
33 36 16 94 37 26 10
34 14 12 89 19 8 6
35 20 49 82 15 42 8
36 87 16 25 85 22 6
44 124 28 37 126 15 13
38 43 30 84 46 30 3
39 128 103 3 133 97 7
40 10 122 12 21 110 16
41 95 91 85 93 91 2
42 45 72 117 58 77 13
43 3 50 10 15 56 13
44 124 28 107 116 36 11
109 38 13 45 39 6 7
79 4 114 46 0 117 5
47 60 68 111 63 63 5
121 129 53 48 125 43 10
49 107 61 87 106 62 1
50 43 5 45 39 6 4
67 53 132 51 65 123 15
56 6 86 52 14 81 9
53 35 95 9 33 83 12
54 97 49 20 100 42 7
68 91 73 55 99 69 8
56 6 86 66 16 98 15
57 60 41 63 53 31 12
58 79 32 131 75 30 4
115 64 11 59 62 18 7
53 35 95 60 29 104 10
81 68 23 61 74 16 9
30 113 3 62 113 15 12
112 60 27 63 53 31 8
118 106 73 64 111 79 7
84 46 30 65 45 39 9
134 24 98 66 16 98 8
100 39 135 67 53 132 14
17 82 68 68 91 73 10
10 15 56 69 15 60 4
70 96 106 13 106 114 12
71 75 73 106 65 75 10
72 77 110 23 69 107 8
73 38 58 127 37 65 7
75 44 24 74 48 22 4
75 44 24 84 46 30 6
18 134 89 76 128 91 6
88 14 4 77 12 3 2
78 28 45 35 20 49 8
40 10 122 79 4 114 10
27 122 76 80 125 78 3
81 68 23 123 63 21 5
82 15 42 98 21 38 7
83 80 76 1 78 72 4
84 46 30 63 53 31 7
85 93 91 126 91 82 9
127 37 65 86 28 72 11
87 106 62 55 99 69 9
88 14 4 89 19 8 6
16 28 11 89 19 8 9
107 116 36 90 105 31 12
91 109 116 101 114 117 5
102 128 78 92 134 74 7
93 134 118 39 128 103 16
94 37 26 38 43 30 7
95 79 7 61 74 16 10
92 134 74 96 132 65 9
45 39 6 97 39 4 2
116 28 27 98 21 38 13
99 105 134 130 102 127 7
7 37 126 100 39 135 9
101 114 117 24 121 103 15
102 128 78 80 125 78 3
103 27 107 60 29 104 3
52 14 81 104 7 75 9
15 80 134 105 81 135 1
47 60 68 106 65 75 8
48 125 43 107 116 36 11
108 3 110 79 4 114 4
109 38 13 33 36 16 3
114 109 133 110 113 133 4
122 70 54 111 63 63 11
112 60 27 123 63 21 6
113 81 94 85 93 91 12
99 105 134 114 109 133 4
0 64 5 115 64 11 6
116 28 27 94 37 26 9
106 65 75 117 58 77 7
55 99 69 118 106 73 8
4 53 91 119 55 102 11
120 70 43 57 60 41 10
96 132 65 121 129 53 12
120 70 43 122 70 54 11
59 62 18 123 63 21 3
22 129 7 124 135 6 6
119 55 102 125 65 102 10
68 91 73 126 91 82 9
5 40 70 127 37 65 5
90 105 31 128 102 27 5
129 33 58 73 38 58 5
130 102 127 91 109 116 13
131 75 30 81 68 23 9
22 129 7 132 128 4 3
110 113 133 133 113 135 2
134 24 98 60 29 104 7
54 97 49 135 88 45 9
