104 64 103 1 66 111 8
69 118 66 2 119 66 1
60 34 25 3 38 15 10
4 70 83 108 69 85 2
73 2 66 5 7 63 5
47 78 96 6 80 105 9
7 0 111 13 0 116 5
8 101 87 39 104 84 4
43 87 70 9 82 67 5
10 105 100 51 111 101 6
11 58 98 54 65 96 7
87 106 26 12 109 20 6
13 0 116 57 2 119 3
14 76 83 79 72 85 4
70 108 18 15 113 15 5
16 103 57 53 104 51 6
17 99 24 83 91 32 11
18 63 120 1 66 111 9
124 86 120 19 83 122 3
72 26 102 20 24 109 7
21 18 112 42 20 107 5
52 24 53 22 34 56 10
23 108 37 31 109 35 2
24 62 36 97 57 37 5
89 79 51 25 73 50 6
46 50 113 26 42 102 13
98 51 36 27 47 47 11
27 47 47 28 55 58 13
29 86 39 122 83 45 6
30 116 53 84 121 45 9
31 109 35 75 109 27 8
32 55 65 28 55 58 7
33 93 52 78 88 54 5
0 22 19 34 18 24 6
35 44 21 100 46 18 3
14 76 83 36 80 79 5
37 76 29 65 66 32 10
34 18 24 38 13 27 5
39 104 84 91 104 82 2
40 48 32 63 49 26 6
33 93 52 41 90 48 5
42 20 107 20 24 109 4
43 87 70 36 80 79 11
86 30 91 44 32 84 7
57 2 119 45 3 123 4
46 50 113 76 50 117 4
80 84 90 47 78 96 8
48 95 13 112 99 13 4
39 104 84 49 105 87 3
50 112 71 69 118 66 7
77 112 95 51 111 101 6
120 20 56 52 24 53 5
56 98 48 53 104 51 6
54 65 96 107 66 90 6
55 121 103 114 120 94 9
33 93 52 56 98 48 6
57 2 119 21 18 112 17
58 76 85 14 76 83 2
21 18 112 59 21 120 8
60 34 25 0 22 19 13
61 86 96 80 84 90 6
81 68 23 62 67 17 6
63 49 26 35 44 21 7
67 39 8 64 26 4 13
24 62 36 65 66 32 5
66 124 116 110 123 115 1
3 38 15 67 39 8 7
68 22 93 93 15 88 8
30 116 53 69 118 66 13
12 109 20 70 108 18 2
71 18 39 85 20 28 11
68 22 93 72 26 102 9
73 2 66 123 3 69 3
54 65 96 74 68 99 4
87 106 26 75 109 27 3
18 63 120 76 50 117 13
77 112 95 49 105 87 10
78 88 54 102 87 65 11
4 70 83 79 72 85 2
80 84 90 92 83 86 4
95 66 30 81 68 23 7
82 41 69 96 50 75 10
83 91 32 29 86 39 8
84 121 45 101 119 34 11
85 20 28 34 18 24 4
68 22 93 86 30 91 8
17 99 24 87 106 26 7
10 105 100 88 99 102 6
122 83 45 89 79 51 7
28 55 58 90 56 58 1
91 104 82 50 112 71 13
92 83 86 14 76 83 7
93 15 88 115 13 74 14
94 61 80 121 65 68 12
95 66 30 65 66 32 2
32 55 65 96 50 75 11
97 57 37 98 51 36 6
98 51 36 40 48 32 5
68 22 93 99 15 97 8
3 38 15 100 46 18 8
101 119 34 31 109 35 10
43 87 70 102 87 65 5
103 121 26 101 119 34 8
104 64 103 74 68 99 5
105 25 67 116 34 70 9
118 3 79 106 0 90 11
107 66 90 108 69 85 5
108 69 85 94 61 80 9
77 112 95 109 119 92 7
55 121 103 110 123 115 12
111 92 124 124 86 120 7
112 99 13 113 104 8 7
113 104 8 70 108 18 10
109 119 92 114 120 94 2
115 13 74 105 25 67 13
116 34 70 82 41 69 7
117 28 115 20 24 109 7
123 3 69 118 3 79 10
50 112 71 119 114 73 2
120 20 56 105 25 67 12
32 55 65 121 65 68 10
41 90 48 122 83 45 7
123 3 69 115 13 74 11
6 80 105 124 86 120 16
