1 63 16 34 60 19 4
50 67 51 2 64 54 4
3 23 58 13 16 52 9
4 75 43 60 72 43 3
5 22 10 17 24 19 9
31 49 44 6 50 50 6
37 15 16 7 12 6 10
69 39 5 8 38 8 3
16 54 52 9 56 51 2
10 32 26 24 37 29 5
46 63 68 11 60 74 6
12 26 64 3 23 58 6
21 13 47 13 16 52 5
66 31 4 14 32 0 4
30 28 46 15 33 45 5
16 54 52 32 53 53 1
75 26 26 17 24 19 7
18 0 48 0 2 36 12
40 9 19 19 7 20 2
59 49 9 20 56 12 7
21 13 47 25 14 40 7
26 15 73 22 19 75 4
14 32 0 23 38 1 6
72 41 34 24 37 29 6
25 14 40 53 9 40 5
41 16 68 26 15 73 5
48 69 55 27 67 62 7
28 73 62 55 70 62 3
26 15 73 29 0 74 15
73 23 38 30 28 46 9
38 45 43 31 49 44 4
32 53 53 65 52 53 1
33 73 4 64 65 1 8
34 60 19 42 55 14 7
35 21 38 25 14 40 7
36 7 60 13 16 52 12
37 15 16 17 24 19 9
38 45 43 51 38 40 7
37 15 16 39 10 18 5
39 10 18 40 9 19 1
12 26 64 41 16 68 10
20 56 12 42 55 14 2
8 38 8 43 46 14 10
44 56 21 34 60 19 4
45 59 4 20 56 12 8
27 67 62 46 63 68 7
49 71 43 47 65 32 12
48 69 55 50 67 51 4
57 67 47 49 71 43 5
50 67 51 68 64 49 3
15 33 45 51 38 40 7
42 55 14 52 54 14 1
0 2 36 53 9 40 8
35 21 38 54 22 38 1
27 67 62 55 70 62 3
61 64 11 56 73 14 9
57 67 47 68 64 49 3
58 47 64 65 52 53 12
43 46 14 59 49 9 5
60 72 43 49 71 43 1
61 64 11 1 63 16 5
7 12 6 62 6 2 7
63 5 2 62 6 2 1
45 59 4 64 65 1 6
6 50 50 65 52 53 3
66 31 4 67 28 3 3
5 22 10 67 28 3 9
9 56 51 68 64 49 8
23 38 1 69 39 5 4
70 44 48 38 45 43 5
71 19 74 22 19 75 1
51 38 40 72 41 34 6
54 22 38 73 23 38 1
74 75 74 28 73 62 12
10 32 26 75 26 26 6
