1 9 57 42 11 51 6
74 91 55 2 85 55 6
69 63 64 3 62 57 7
4 35 6 68 32 10 5
67 65 36 5 64 43 7
6 8 65 1 9 57 8
57 64 70 7 63 73 3
8 36 71 48 25 71 11
89 41 48 9 45 49 4
17 65 31 10 59 30 6
71 15 79 11 13 87 8
61 29 24 12 41 21 12
13 90 77 50 84 71 8
93 27 44 14 32 45 5
15 26 23 0 27 15 8
16 52 75 92 52 73 2
82 66 25 17 65 31 6
18 75 47 5 64 43 11
19 16 50 23 21 43 8
20 36 75 8 36 71 4
44 88 33 21 92 27 7
22 75 36 67 65 36 10
23 21 43 93 27 44 6
24 66 9 33 56 9 10
88 3 22 25 1 24 2
64 83 64 26 83 64 0
27 14 23 51 17 19 5
28 29 92 76 22 84 10
29 81 9 87 71 5 10
32 89 2 30 89 4 2
31 83 2 29 81 9 7
32 89 2 31 83 2 6
33 56 9 55 49 10 7
78 26 29 34 29 33 5
35 77 33 22 75 36 3
46 9 71 36 12 72 3
37 67 73 56 70 76 4
56 70 76 38 73 84 8
47 37 49 39 39 58 9
81 81 13 40 77 17 5
50 84 71 41 77 74 7
19 16 50 42 11 51 5
43 61 70 57 64 70 3
44 88 33 35 77 33 11
49 18 52 45 17 55 3
46 9 71 6 8 65 6
14 32 45 47 37 49 6
48 25 71 59 21 70 4
49 18 52 19 16 50 2
50 84 71 64 83 64 7
51 17 19 15 26 23 9
52 4 0 79 1 4 5
53 54 87 86 62 79 11
54 57 30 10 59 30 2
55 49 10 91 44 19 10
56 70 76 41 77 74 7
37 67 73 57 64 70 4
58 56 5 33 56 9 4
66 13 74 59 21 70 8
60 63 67 57 64 70 3
61 29 24 15 26 23 3
62 81 79 41 77 74 6
63 93 58 74 91 55 3
2 85 55 64 83 64 9
25 1 24 65 4 36 12
66 13 74 36 12 72 2
17 65 31 67 65 36 5
68 32 10 0 27 15 7
69 63 64 60 63 67 3
70 38 34 34 29 33 9
66 13 74 71 15 79 5
85 87 43 72 89 48 5
29 81 9 73 84 11 3
72 89 48 74 91 55 7
52 4 0 75 6 0 2
76 22 84 71 15 79 8
58 56 5 77 52 1 5
61 29 24 78 26 29 5
90 0 15 79 1 4 11
80 91 24 21 92 27 3
81 81 13 73 84 11 3
82 66 25 40 77 17 13
43 61 70 83 52 70 9
84 25 80 76 22 84 5
85 87 43 44 88 33 10
7 63 73 86 62 79 6
24 66 9 87 71 5 6
88 3 22 27 14 23 11
89 41 48 47 37 49 4
88 3 22 90 0 15 7
91 44 19 12 41 21 3
83 52 70 92 52 73 3
34 29 33 93 27 44 11
