16 88 57 1 88 57 0
2 71 10 76 73 12 2
45 91 64 3 90 65 1
52 38 66 4 35 61 5
66 79 81 5 77 81 2
6 78 83 66 79 81 2
7 47 83 81 46 80 3
8 25 77 37 35 74 10
9 49 68 53 49 59 9
12 80 48 10 79 51 3
11 80 64 88 76 60 5
12 80 48 50 79 42 6
87 55 47 13 45 42 11
82 9 4 14 8 4 1
21 26 14 15 31 22 9
16 88 57 48 84 56 4
17 20 50 84 18 41 9
72 68 27 18 59 22 10
78 20 82 19 28 88 10
2 71 10 20 68 5 5
86 37 10 21 26 14 11
22 90 31 0 87 36 5
49 12 86 23 1 87 11
20 68 5 24 70 1 4
63 13 22 25 6 21 7
43 7 38 26 1 48 11
55 63 74 27 63 76 2
22 90 31 28 92 31 2
55 63 74 29 65 67 7
51 58 55 30 52 55 6
31 16 52 17 20 50 4
32 36 42 13 45 42 9
33 42 4 60 48 2 6
15 31 22 34 37 24 6
58 76 88 35 71 86 5
79 15 61 36 16 68 7
37 35 74 52 38 66 8
24 70 1 38 71 2 1
39 1 67 91 2 69 2
34 37 24 40 42 31 8
41 67 50 47 75 48 8
42 70 21 72 68 27 6
71 1 29 43 7 38 10
44 51 31 40 42 31 9
16 88 57 45 91 64 7
46 17 22 21 26 14 12
12 80 48 47 75 48 5
10 79 51 48 84 56 7
49 12 86 78 20 82 8
0 87 36 50 79 42 10
41 67 50 51 58 55 10
9 49 68 52 38 66 11
30 52 55 53 49 59 5
73 49 73 54 50 79 6
55 63 74 68 71 78 8
56 82 74 11 80 64 10
31 16 52 57 17 60 8
58 76 88 6 78 83 5
4 35 61 59 36 55 6
67 54 7 60 48 2 7
64 74 1 61 87 5 13
22 90 31 62 83 29 7
46 17 22 63 13 22 4
64 74 1 38 71 2 3
65 24 7 21 26 14 7
66 79 81 56 82 74 7
69 59 8 67 54 7 5
5 77 81 68 71 78 6
80 66 11 69 59 8 7
92 59 40 70 67 33 10
25 6 21 71 1 29 9
70 67 33 72 68 27 6
73 49 73 9 49 68 5
74 60 3 69 59 8 5
18 59 22 75 51 18 8
76 73 12 42 70 21 9
77 67 87 35 71 86 4
8 25 77 78 20 82 7
79 15 61 57 17 60 2
80 66 11 2 71 10 5
54 50 79 81 46 80 4
65 24 7 82 9 4 15
0 87 36 83 91 40 5
84 18 41 43 7 38 11
30 52 55 85 48 54 4
86 37 10 33 42 4 7
51 58 55 87 55 47 8
88 76 60 89 80 58 4
48 84 56 89 80 58 4
83 91 40 90 92 45 5
36 16 68 91 2 69 14
92 59 40 87 55 47 8
