44 55 16 1 51 21 6
55 51 40 2 62 43 11
3 69 87 109 61 87 8
4 24 64 56 29 68 6
0 84 107 5 90 101 8
129 36 119 6 36 112 7
7 45 113 13 51 100 14
20 91 13 8 88 18 5
9 92 112 0 84 107 9
106 19 95 10 17 93 2
11 39 92 120 37 87 5
12 86 38 86 96 40 10
27 47 96 13 51 100 5
9 92 112 14 92 125 13
121 107 58 15 103 56 4
124 34 88 16 33 94 6
112 128 91 17 128 84 7
18 5 88 39 14 92 9
19 34 58 47 35 60 2
20 91 13 49 95 8 6
114 30 79 21 25 85 7
22 68 118 43 74 122 7
23 62 4 123 74 5 12
24 73 18 123 74 5 13
91 26 52 25 12 50 14
101 98 73 26 90 72 8
11 39 92 27 47 96 8
104 115 12 28 108 12 7
29 26 49 91 26 52 3
30 31 55 19 34 58 4
31 3 122 127 10 107 16
46 37 63 32 34 62 3
121 107 58 33 116 50 12
34 19 6 130 24 12 7
14 92 125 35 82 126 10
69 118 22 36 119 16 6
42 113 64 37 122 62 9
38 24 90 21 25 85 5
39 14 92 85 16 93 2
40 115 94 81 105 97 10
41 53 88 76 47 87 6
100 106 63 42 113 64 7
43 74 122 35 82 126 8
54 54 6 44 55 16 10
45 113 19 69 118 22 5
64 45 68 46 37 63 9
32 34 62 47 35 60 2
75 51 116 48 47 120 5
80 104 11 49 95 8 9
50 25 4 93 20 4 5
31 3 122 51 17 128 15
52 115 130 95 109 118 13
53 125 124 52 115 130 11
54 54 6 108 55 3 3
55 51 40 66 49 30 10
32 34 62 56 29 68 7
57 62 25 44 55 16 11
58 95 125 14 92 125 3
59 52 73 64 45 68 8
60 104 79 92 99 88 10
61 22 98 106 19 95 4
62 14 32 78 8 47 16
63 85 7 20 91 13 8
79 54 57 64 45 68 14
17 128 84 65 124 82 4
66 49 30 1 51 21 9
110 117 5 67 119 5 2
105 89 80 68 89 81 1
69 118 22 117 116 33 11
70 40 119 7 45 113 7
55 51 40 71 50 44 4
72 98 127 58 95 125 3
37 122 62 73 124 60 2
74 130 98 112 128 91 7
75 51 116 7 45 113 6
76 47 87 11 39 92 9
1 51 21 77 43 16 9
78 8 47 25 12 50 5
79 54 57 71 50 44 13
28 108 12 80 104 11 4
81 105 97 5 90 101 15
82 65 70 125 57 75 9
83 130 9 97 124 6 6
84 9 14 131 17 7 10
10 17 93 85 16 93 1
15 103 56 86 96 40 17
61 22 98 87 24 99 2
88 64 99 109 61 87 12
89 114 43 33 116 50 7
105 89 80 90 85 79 4
30 31 55 91 26 52 5
81 105 97 92 99 88 10
93 20 4 34 19 6 2
84 9 14 94 5 4 10
72 98 127 95 109 118 14
96 114 2 110 117 5 4
67 119 5 97 124 6 5
98 131 15 83 130 9 6
99 21 21 62 14 32 13
101 98 73 100 106 63 12
60 104 79 101 98 73 8
117 116 33 102 126 33 10
3 69 87 103 73 90 5
104 115 12 36 119 16 5
26 90 72 105 89 80 8
106 19 95 38 24 90 7
107 83 57 26 90 72 16
108 55 3 23 62 4 7
109 61 87 41 53 88 8
110 117 5 104 115 12 7
111 2 90 18 5 88 3
112 128 91 40 115 94 13
113 49 1 108 55 3 6
114 30 79 56 29 68 11
115 7 82 18 5 88 6
116 11 106 106 19 95 13
89 114 43 117 116 33 10
34 19 6 118 16 3 4
119 0 60 25 12 50 15
120 37 87 124 34 88 3
121 107 58 100 106 63 5
63 85 7 122 78 0 9
123 74 5 122 78 0 6
114 30 79 124 34 88 9
125 57 75 59 52 73 5
127 10 107 126 2 106 8
116 11 106 127 10 107 1
94 5 4 128 3 1 3
70 40 119 129 36 119 4
99 21 21 130 24 12 9
34 19 6 131 17 7 2
