1 68 121 102 77 109 15
2 110 99 39 110 105 6
89 67 21 3 62 16 7
4 24 132 112 26 121 11
71 103 17 5 91 8 15
5 91 8 6 86 19 12
39 110 105 7 97 111 14
8 137 81 115 144 76 8
9 122 141 99 124 134 7
10 160 1 62 155 9 9
11 20 104 133 25 116 13
12 34 1 152 54 12 22
13 158 121 123 154 129 8
14 76 60 116 87 60 11
55 24 69 15 31 69 7
88 98 77 16 88 79 10
17 21 156 135 34 149 14
18 44 97 54 47 94 4
19 11 57 80 20 48 12
20 38 122 104 42 128 7
21 152 83 132 155 88 5
79 117 20 22 118 9 11
23 12 159 41 17 155 6
24 118 148 161 125 148 7
25 106 31 141 109 27 5
26 117 87 45 111 96 10
5 91 8 27 89 0 8
130 139 106 28 144 108 5
16 88 79 29 88 76 3
30 20 41 80 20 48 7
31 14 6 36 23 4 9
160 39 68 32 38 69 1
124 149 75 33 158 66 12
85 46 142 34 42 130 12
35 153 30 44 152 25 5
12 34 1 36 23 4 11
57 111 23 37 111 25 2
38 105 140 101 106 127 13
39 110 105 47 122 109 12
40 67 8 3 62 16 9
17 21 156 41 17 155 4
42 85 31 111 79 29 6
43 57 76 139 42 84 17
143 142 28 44 152 25 10
2 110 99 45 111 96 3
46 38 67 15 31 69 7
47 122 109 0 128 106 6
94 107 54 48 100 46 10
49 59 129 56 68 126 9
18 44 97 50 49 100 5
51 37 119 20 38 122 3
52 117 75 26 117 87 12
109 38 153 53 43 154 5
139 42 84 54 47 94 11
55 24 69 157 20 65 5
56 68 126 1 68 121 5
87 112 21 57 111 23 2
58 26 93 11 20 104 12
59 60 52 14 76 60 17
60 127 103 0 128 106 3
61 82 92 65 84 88 4
62 155 9 44 152 25 16
86 83 107 63 80 107 3
64 34 48 78 39 41 8
65 84 88 16 88 79 9
122 15 147 66 2 145 13
107 137 145 67 150 137 15
23 12 159 68 11 158 1
69 143 40 149 138 46 7
70 152 57 33 158 66 10
87 112 21 71 103 17 9
66 2 145 72 2 130 15
148 58 22 73 42 32 18
74 132 45 149 138 46 6
1 68 121 75 62 120 6
117 71 139 76 85 143 14
94 107 54 77 96 60 12
78 39 41 73 42 32 9
95 125 32 79 117 20 14
125 26 49 80 20 48 6
154 64 142 81 66 153 11
82 66 1 40 67 8 7
100 117 124 83 117 126 2
2 110 99 84 99 93 12
151 58 132 85 46 142 15
134 80 98 86 83 107 9
79 117 20 87 112 21 5
88 98 77 127 109 71 12
97 74 27 89 67 21 9
31 14 6 90 16 11 5
8 137 81 91 139 91 10
92 0 85 150 5 91 7
114 152 6 93 144 5 8
129 111 48 94 107 54 7
95 125 32 142 138 35 13
145 141 63 96 134 57 9
97 74 27 111 79 29 5
85 46 142 98 35 144 11
99 124 134 83 117 126 10
106 110 119 100 117 124 8
101 106 127 106 110 119 8
63 80 107 102 77 109 3
103 24 71 55 24 69 2
34 42 130 104 42 128 2
155 10 93 105 4 99 8
39 110 105 106 110 119 14
161 125 148 107 137 145 12
108 55 18 159 57 14 4
109 38 153 135 34 149 5
4 24 132 110 24 133 1
111 79 29 6 86 19 12
51 37 119 112 26 121 11
113 1 9 31 14 6 13
62 155 9 114 152 6 4
115 144 76 124 149 75 5
116 87 60 119 89 58 2
154 64 142 117 71 139 7
118 93 157 126 81 155 12
77 96 60 119 89 58 7
103 24 71 120 21 74 4
13 158 121 121 159 119 2
122 15 147 41 17 155 8
67 150 137 123 154 129 8
124 149 75 21 152 83 8
64 34 48 125 26 49 8
76 85 143 126 81 155 12
127 109 71 52 117 75 8
128 2 113 105 4 99 14
158 125 46 129 111 48 14
130 139 106 0 128 106 11
138 147 109 131 154 100 11
132 155 88 131 154 100 12
112 26 121 133 25 116 5
61 82 92 134 80 98 6
135 34 149 98 35 144 5
136 58 130 49 59 129 1
137 1 76 92 0 85 9
138 147 109 28 144 108 3
139 42 84 32 38 69 15
24 118 148 140 114 159 11
141 109 27 37 111 25 2
142 138 35 69 143 40 7
142 138 35 143 142 28 8
144 132 118 0 128 106 12
145 141 63 70 152 57 12
146 158 131 123 154 129 4
61 82 92 147 74 90 8
148 58 22 108 55 18 5
149 138 46 96 134 57 11
150 5 91 155 10 93 5
136 58 130 151 58 132 2
159 57 14 152 54 12 3
73 42 32 153 30 31 12
151 58 132 154 64 142 11
155 10 93 11 20 104 14
156 79 33 111 79 29 4
157 20 65 19 11 57 12
158 125 46 74 132 45 7
159 57 14 3 62 16 5
160 39 68 46 38 67 1
9 122 141 161 125 148 7
