27 6 22 1 3 28 6
18 23 6 2 24 5 1
3 8 14 13 7 14 1
4 21 21 17 24 26 5
5 24 17 7 26 20 3
6 11 1 26 12 2 1
12 27 25 7 26 20 5
1 3 28 8 1 26 2
16 11 13 9 10 11 2
10 8 2 6 11 1 3
11 3 12 13 7 14 4
0 25 26 12 27 25 2
13 7 14 27 6 22 8
2 24 5 14 26 2 3
15 24 16 5 24 17 1
3 8 14 16 11 13 3
0 25 26 17 24 26 1
18 23 6 24 24 10 4
19 14 23 4 21 21 7
20 15 0 26 12 2 3
21 22 26 17 24 26 2
22 3 3 10 8 2 5
23 13 10 16 11 13 3
15 24 16 24 24 10 6
14 26 2 25 24 2 2
26 12 2 23 13 10 8
27 6 22 19 14 23 8
6 11 1 28 11 0 1
