33 81 112 1 79 104 8
72 103 93 2 98 99 7
3 79 59 98 83 50 9
11 58 33 4 65 37 8
16 95 70 5 97 65 5
62 69 47 6 64 49 5
7 110 118 38 93 111 18
75 101 6 8 91 0 11
118 40 93 9 37 96 4
10 92 85 27 92 85 0
77 59 29 11 58 33 4
54 10 89 12 12 80 9
82 17 61 13 7 58 10
14 10 93 54 10 89 4
57 33 13 15 34 2 11
16 95 70 86 83 68 12
105 10 77 17 7 74 4
113 35 72 18 33 74 2
97 87 26 19 91 21 6
49 48 83 20 55 78 8
64 100 90 21 102 87 3
41 21 43 22 22 41 2
23 110 65 93 107 68 4
24 22 56 82 17 61 7
110 104 17 25 107 16 3
59 33 103 26 31 111 8
76 89 79 27 92 85 6
28 84 80 76 89 79 5
79 46 62 29 38 55 10
30 53 9 92 52 11 2
71 107 0 31 112 2 5
32 103 1 75 101 6 5
33 81 112 115 84 114 3
52 81 88 34 87 94 8
14 10 93 35 12 101 8
36 47 63 79 46 62 1
37 36 83 18 33 74 9
111 92 108 38 93 111 3
44 77 39 39 82 42 5
40 71 19 74 71 15 4
41 21 43 117 19 46 3
117 19 46 42 12 42 8
51 20 31 43 29 26 10
44 77 39 70 71 39 6
45 85 60 3 79 59 6
61 98 36 46 89 32 9
47 98 11 103 93 15 6
6 64 49 48 58 52 6
49 48 83 50 46 83 2
37 36 83 50 46 83 10
22 22 41 51 20 31 10
52 81 88 28 84 80 8
53 33 27 43 29 26 4
102 20 88 54 10 89 10
55 102 81 100 97 83 5
99 110 18 56 112 26 8
57 33 13 43 29 26 13
58 57 39 11 58 33 6
66 37 103 59 33 103 4
89 113 56 60 110 48 8
61 98 36 101 101 44 8
62 69 47 70 71 39 8
33 81 112 63 75 118 8
64 100 90 69 97 88 3
94 58 27 65 49 22 10
66 37 103 9 37 96 7
50 46 83 67 47 85 2
14 10 93 68 5 96 5
27 92 85 69 97 88 5
70 71 39 4 65 37 6
71 107 0 32 103 1 4
72 103 93 64 100 90 4
88 6 72 73 2 71 4
0 65 15 74 71 15 6
75 101 6 47 98 11 5
16 95 70 76 89 79 10
94 58 27 77 59 29 2
78 74 99 1 79 104 7
90 50 51 79 46 62 11
80 25 87 37 36 83 11
81 43 117 26 31 111 13
116 21 71 82 17 61 10
83 0 111 85 7 117 9
55 102 81 84 105 79 3
85 7 117 87 14 104 14
86 83 68 45 85 60 8
87 14 104 35 12 101 3
17 7 74 88 6 72 2
89 113 56 23 110 65 9
90 50 51 48 58 52 8
91 4 4 106 4 4 0
92 52 11 65 49 22 11
93 107 68 5 97 65 10
0 65 15 94 58 27 13
95 82 45 39 82 42 3
66 37 103 96 45 102 8
46 89 32 97 87 26 6
98 83 50 95 82 45 5
25 107 16 99 110 18 3
27 92 85 100 97 83 5
101 101 44 60 110 48 9
102 20 88 80 25 87 5
103 93 15 19 91 21 6
104 13 72 105 10 77 5
105 10 77 12 12 80 3
106 4 4 57 33 13 30
107 37 35 53 33 27 8
108 29 113 26 31 111 2
7 110 118 109 115 109 10
47 98 11 110 104 17 8
2 98 99 111 92 108 10
99 110 18 112 114 17 4
79 46 62 113 35 72 14
114 0 50 13 7 58 10
38 93 111 115 84 114 9
104 13 72 116 21 71 8
24 22 56 117 19 46 10
118 40 93 37 36 83 10
74 71 15 119 74 1 14
