1 49 49 8 43 44 7
46 10 66 2 2 62 8
3 2 52 59 0 53 2
4 7 7 43 6 6 1
58 46 5 5 49 3 3
69 25 54 6 21 47 8
7 21 66 71 21 66 0
57 45 38 8 43 44 6
9 28 34 44 34 33 6
42 60 12 10 71 6 12
53 19 6 11 12 0 9
1 49 49 12 44 52 5
22 1 25 13 2 23 2
14 29 6 26 36 13 9
6 21 47 15 14 53 9
36 43 19 16 43 23 4
71 21 66 17 28 68 7
18 6 70 20 9 70 3
19 68 0 10 71 6 6
46 10 66 20 9 70 4
28 60 61 21 59 63 2
22 1 25 55 2 34 9
46 10 66 23 16 67 6
26 36 13 24 43 6 9
66 53 9 25 55 10 2
62 42 17 26 36 13 7
27 8 4 11 12 0 5
28 60 61 33 60 54 7
15 14 53 29 12 57 4
30 70 26 48 68 23 3
31 38 27 16 43 23 6
32 52 62 21 59 63 7
39 56 51 33 60 54 5
34 28 33 9 28 34 1
35 47 38 37 52 33 7
36 43 19 38 52 22 9
37 52 33 38 52 22 11
38 52 22 64 60 24 8
39 56 51 1 49 49 7
37 52 33 40 57 39 7
63 13 34 41 4 36 9
56 58 9 42 60 12 3
43 6 6 27 8 4 2
44 34 33 31 38 27 7
45 70 70 28 60 61 13
46 10 66 29 12 57 9
47 1 20 13 2 23 3
48 68 23 0 66 21 2
12 44 52 49 33 56 11
50 56 4 66 53 9 5
33 60 54 51 66 55 6
34 28 33 52 26 28 5
70 25 12 53 19 6 8
54 70 23 48 68 23 2
41 4 36 55 2 34 2
56 58 9 25 55 10 3
35 47 38 57 45 38 2
24 43 6 58 46 5 3
59 0 53 2 2 62 9
46 10 66 60 9 66 1
61 40 70 65 38 64 6
62 42 17 36 43 19 2
52 26 28 63 13 34 14
64 60 24 0 66 21 6
49 33 56 65 38 64 9
5 49 3 66 53 9 7
67 2 25 22 1 25 1
40 57 39 68 61 41 4
49 33 56 69 25 54 8
14 29 6 70 25 12 7
23 16 67 71 21 66 5
