19 27 12 1 26 12 1
2 29 10 19 27 12 2
4 25 3 3 21 1 4
4 25 3 20 25 8 5
5 2 27 15 4 24 3
6 2 17 8 0 14 3
29 19 1 7 14 1 5
13 0 11 8 0 14 3
9 14 12 23 22 13 8
0 30 17 10 29 18 1
11 24 20 10 29 18 5
12 5 23 21 4 19 4
13 0 11 28 7 9 7
9 14 12 14 15 9 3
15 4 24 12 5 23 1
2 29 10 16 28 9 1
17 16 27 30 20 25 4
30 20 25 18 27 29 8
0 30 17 19 27 12 5
20 25 8 16 28 9 3
6 2 17 21 4 19 2
2 29 10 22 30 11 1
23 22 13 1 26 12 4
11 24 20 24 20 22 4
25 31 20 10 29 18 2
26 20 1 3 21 1 1
27 11 1 7 14 1 3
28 7 9 9 14 12 7
29 19 1 26 20 1 1
30 20 25 24 20 22 3
24 20 22 31 16 21 4
