6 107 16 1 115 8 11
47 61 55 2 71 56 10
55 70 111 3 72 110 2
4 28 52 87 36 59 10
5 82 116 3 72 110 11
6 107 16 88 102 14 5
7 107 30 84 112 20 11
53 43 19 8 40 25 6
9 103 6 88 102 14 8
10 87 58 78 78 59 9
11 37 61 51 39 63 2
101 55 41 12 56 36 5
106 67 88 13 77 83 11
14 36 63 11 37 61 2
4 28 52 15 29 48 4
66 86 25 16 87 19 6
76 105 56 17 109 55 4
18 18 16 61 9 16 9
109 52 89 19 55 84 5
69 61 52 20 68 44 10
21 27 10 63 27 10 0
50 11 94 22 13 87 7
39 18 100 23 13 106 7
24 64 105 114 62 101 4
99 76 55 25 83 49 9
26 47 70 60 47 72 2
27 91 29 31 95 38 9
28 61 110 24 64 105 5
29 72 19 86 71 7 12
94 93 50 30 97 48 4
64 99 42 31 95 38 5
86 71 7 32 68 7 3
33 91 41 31 95 38 5
72 90 9 34 91 2 7
28 61 110 35 67 113 6
26 47 70 36 52 60 11
37 6 37 112 15 43 10
38 53 78 113 55 83 5
79 30 97 39 18 100 12
40 91 82 54 85 74 10
41 20 7 89 12 9 8
111 51 113 42 42 114 9
43 24 110 39 18 100 11
44 101 93 40 91 82 14
116 8 108 45 8 117 9
46 109 68 76 105 56 12
47 61 55 80 57 62 8
75 3 79 48 6 69 10
49 1 29 37 6 37 9
50 11 94 39 18 100 9
26 47 70 51 39 63 10
52 70 69 100 77 67 7
53 43 19 73 52 19 9
54 85 74 100 77 67 10
35 67 113 55 70 111 3
56 11 57 85 12 57 1
92 111 88 57 113 98 10
116 8 108 58 3 108 5
59 3 24 49 1 29 5
38 53 78 60 47 72 8
61 9 16 59 3 24 10
62 81 31 66 86 25 7
63 27 10 41 20 7 7
64 99 42 30 97 48 6
65 94 99 44 101 93 9
66 86 25 27 91 29 6
38 53 78 67 59 77 6
68 66 99 114 62 101 4
69 61 52 47 61 55 3
72 90 9 70 80 4 11
71 61 2 32 68 7 8
72 90 9 74 91 12 3
73 52 19 115 55 10 9
74 91 12 16 87 19 8
75 3 79 22 13 87 12
30 97 48 76 105 56 11
83 115 108 77 105 117 13
99 76 55 78 78 59 4
79 30 97 103 36 100 6
80 57 62 36 52 60 5
0 47 101 81 55 92 12
89 12 9 82 11 5 4
83 115 108 57 113 98 10
6 107 16 84 112 20 6
108 16 47 85 12 57 10
70 80 4 86 71 7 9
11 37 61 87 36 59 2
88 102 14 74 91 12 11
61 9 16 89 12 9 7
40 91 82 90 97 74 10
91 74 56 2 71 56 3
92 111 88 44 101 93 11
93 33 83 117 27 82 6
94 93 50 25 83 49 10
97 61 97 95 60 100 3
101 55 41 96 47 46 9
97 61 97 81 55 92 7
98 79 89 13 77 83 6
99 76 55 91 74 56 2
78 78 59 100 77 67 8
101 55 41 69 61 52 12
1 115 8 102 117 7 2
103 36 100 0 47 101 11
104 111 44 17 109 55 11
105 4 45 37 6 37 8
97 61 97 106 67 88 10
27 91 29 107 95 25 5
108 16 47 4 28 52 13
81 55 92 109 52 89 4
82 11 5 110 6 3 5
111 51 113 28 61 110 10
108 16 47 112 15 43 4
19 55 84 113 55 83 1
95 60 100 114 62 101 2
71 61 2 115 55 10 10
116 8 108 23 13 106 5
22 13 87 117 27 82 14
