1 62 6 8 50 9 12
2 17 37 53 15 31 6
51 9 36 3 4 39 5
31 37 81 4 30 84 7
11 84 29 5 72 36 13
35 52 55 6 50 65 10
7 2 5 66 10 3 8
93 45 9 8 50 9 5
24 63 28 9 70 25 7
10 56 79 44 50 72 9
91 93 29 11 84 29 9
72 77 64 12 82 66 5
13 88 90 95 84 94 5
14 0 24 30 3 35 11
1 62 6 15 77 0 16
2 17 37 16 22 39 5
57 66 82 17 66 85 3
18 16 80 52 19 69 11
93 45 9 19 46 13 4
89 38 12 20 42 9 5
21 39 69 68 47 64 9
22 51 87 88 46 79 9
23 44 46 62 43 49 3
74 68 35 24 63 28 8
36 82 81 25 92 78 10
88 46 79 26 39 83 8
17 66 85 27 79 92 14
43 33 32 28 31 29 3
59 78 47 29 78 55 8
30 3 35 3 4 39 4
31 37 81 26 39 83 2
67 25 50 32 28 54 5
78 47 2 33 42 1 5
34 84 59 82 82 63 4
35 52 55 62 43 49 10
85 81 84 36 82 81 3
16 22 39 37 24 40 2
38 0 69 40 2 68 2
45 26 21 39 20 27 8
79 3 59 40 2 68 9
41 79 6 15 77 0 6
42 63 36 74 68 35 5
83 39 37 43 33 32 7
6 50 65 44 50 72 7
28 31 29 45 26 21 9
81 66 79 46 66 70 9
47 41 19 89 38 12 7
48 35 51 32 28 54 7
27 79 92 49 81 91 2
50 18 19 87 19 18 1
53 15 31 51 9 36 7
60 18 59 52 19 69 10
53 15 31 39 20 27 6
71 21 52 54 23 55 3
29 78 55 55 73 56 5
25 92 78 56 92 79 1
81 66 79 57 66 82 3
45 26 21 58 28 15 6
59 78 47 5 72 36 12
69 18 55 60 18 59 4
65 52 35 61 43 30 10
48 35 51 62 43 49 8
34 84 59 63 89 63 6
86 87 4 64 90 1 4
65 52 35 94 54 33 2
66 10 3 92 16 4 6
37 24 40 67 25 50 10
68 47 64 6 50 65 3
71 21 52 69 18 55 4
70 18 19 50 18 19 0
71 21 52 67 25 50 4
90 73 60 72 77 64 5
73 26 69 52 19 69 7
74 68 35 5 72 36 4
58 28 15 75 28 15 0
2 17 37 76 22 34 5
69 18 55 77 9 56 9
78 47 2 93 45 9 7
77 9 56 79 3 59 6
91 93 29 80 92 35 6
10 56 79 81 66 79 10
82 82 63 12 82 66 3
61 43 30 83 39 37 8
84 67 54 55 73 56 6
85 81 84 49 81 91 7
86 87 4 41 79 6 8
45 26 21 87 19 18 7
88 46 79 44 50 72 8
58 28 15 89 38 12 10
90 73 60 55 73 56 4
0 94 26 91 93 29 3
87 19 18 92 16 4 14
93 45 9 20 42 9 3
94 54 33 42 63 36 9
49 81 91 95 84 94 4
