1 22 139 41 18 129 10
2 77 62 112 77 52 10
3 155 34 8 149 32 6
126 52 78 4 50 77 2
5 12 50 69 7 55 7
6 125 3 26 123 6 3
7 68 21 146 64 13 8
153 134 20 8 149 32 19
9 5 41 39 13 43 8
10 102 34 130 99 33 3
52 138 57 11 138 51 6
134 50 114 12 49 117 3
13 77 0 92 72 13 13
40 120 113 14 137 112 17
15 116 2 26 123 6 8
30 72 96 16 79 90 9
17 25 94 59 34 96 9
155 90 84 18 101 89 12
47 54 34 19 54 37 3
87 30 9 20 19 11 11
148 68 88 21 61 95 9
22 90 2 34 93 13 11
92 72 13 23 83 20 13
77 66 64 24 66 68 4
132 14 34 25 13 25 9
26 123 6 110 130 18 13
91 48 102 27 51 105 4
28 76 145 51 68 146 8
80 125 63 29 136 63 11
148 68 88 30 72 96 8
31 84 126 86 81 125 3
58 24 97 32 18 98 6
33 111 113 36 106 105 9
121 89 21 34 93 13 8
35 42 9 124 48 15 8
36 106 105 106 100 101 7
56 146 58 37 156 57 10
38 90 46 142 90 46 0
39 13 43 154 14 46 3
88 116 108 40 120 113 6
41 18 129 44 20 122 7
1 22 139 42 20 141 2
43 45 136 60 40 128 9
49 12 118 44 20 122 8
6 125 3 45 136 6 11
46 105 77 104 108 80 4
47 54 34 96 58 27 8
123 63 7 48 62 3 4
49 12 118 53 13 111 7
50 39 1 35 42 9 8
51 68 146 114 64 136 10
29 136 63 52 138 57 6
53 13 111 113 14 100 11
90 129 44 54 127 41 3
67 101 136 55 118 135 17
56 146 58 52 138 57 8
57 60 2 48 62 3 2
58 24 97 17 25 94 3
59 34 96 135 36 88 8
75 32 116 60 40 128 14
113 14 100 61 9 94 7
84 30 66 62 38 57 12
115 31 82 63 22 74 12
64 64 48 112 77 52 13
65 157 29 3 155 34 5
54 127 41 66 127 33 8
116 108 119 67 101 136 18
47 54 34 68 39 37 15
69 7 55 85 8 68 13
70 138 135 83 139 125 10
27 51 105 71 52 114 9
45 136 6 72 142 8 6
151 97 104 73 97 107 3
74 130 91 150 122 95 8
75 32 116 156 22 113 10
94 74 125 76 72 120 5
2 77 62 77 66 64 11
142 90 46 78 105 56 18
24 66 68 79 63 75 7
80 125 63 122 122 54 9
2 77 62 81 82 69 8
82 96 155 119 104 156 8
136 142 119 83 139 125 6
63 22 74 84 30 66 11
63 22 74 85 8 68 15
86 81 125 94 74 125 7
87 30 9 35 42 9 12
33 111 113 88 116 108 7
139 67 148 89 63 150 4
11 138 51 90 129 44 11
117 50 97 91 48 102 5
92 72 13 146 64 13 8
20 19 11 93 18 0 11
94 74 125 114 64 136 14
95 149 79 133 145 62 17
96 58 27 0 56 18 9
23 83 20 97 79 31 11
98 113 87 100 108 81 7
99 98 13 34 93 13 5
18 101 89 100 108 81 10
101 16 44 154 14 46 2
102 79 102 30 72 96 9
95 149 79 103 155 83 7
100 108 81 104 108 80 1
4 50 77 105 43 81 8
106 100 101 18 101 89 12
107 13 140 42 20 141 7
108 11 3 93 18 0 7
109 59 3 57 60 2 1
153 134 20 110 130 18 4
121 89 21 111 101 28 13
142 90 46 112 77 52 14
32 18 98 113 14 100 4
114 64 136 152 56 136 8
115 31 82 135 36 88 7
33 111 113 116 108 119 6
117 50 97 21 61 95 11
118 123 31 66 127 33 4
143 114 154 119 104 156 10
106 100 101 120 99 101 1
121 89 21 23 83 20 6
122 122 54 78 105 56 17
123 63 7 146 64 13 6
124 48 15 0 56 18 8
149 143 151 125 141 153 2
126 52 78 79 63 75 11
127 63 149 89 63 150 1
145 21 154 128 7 155 14
72 142 8 129 154 7 12
111 101 28 130 99 33 5
81 82 69 131 90 69 8
39 13 43 132 14 34 9
56 146 58 133 145 62 4
71 52 114 134 50 114 2
105 43 81 135 36 88 9
136 142 119 14 137 112 8
137 50 133 43 45 136 5
138 3 140 107 13 140 10
139 67 148 51 68 146 2
123 63 7 140 57 9 6
97 79 31 141 82 36 5
142 90 46 141 82 36 12
55 118 135 143 114 154 19
118 123 31 144 120 34 4
42 20 141 145 21 154 13
146 64 13 0 56 18 9
147 24 26 25 13 25 11
148 68 88 79 63 75 13
149 143 151 157 145 147 4
150 122 95 98 113 87 12
120 99 101 151 97 104 3
152 56 136 137 50 133 6
66 127 33 153 134 20 14
5 12 50 154 14 46 4
16 79 90 155 90 84 12
156 22 113 53 13 111 9
157 145 147 70 138 135 13
