1 123 98 0 120 112 14
2 109 61 128 124 64 15
70 59 77 3 59 68 9
4 50 88 70 59 77 14
5 82 30 95 86 28 4
56 58 39 6 57 34 5
7 97 135 37 99 129 6
8 47 59 120 57 60 10
144 54 124 9 52 125 2
10 142 43 90 146 60 17
111 16 8 11 13 4 5
69 23 98 12 18 96 5
10 142 43 13 128 37 15
123 11 116 14 15 117 4
29 24 49 15 19 52 5
16 22 112 137 29 108 8
17 30 101 23 38 100 8
18 8 132 132 10 125 7
121 153 97 19 150 98 3
20 60 131 149 62 125 6
8 47 59 21 43 53 7
36 121 91 22 125 84 8
23 38 100 124 44 91 10
24 91 130 7 97 135 7
25 77 106 88 89 103 12
114 145 72 26 142 71 3
131 129 100 27 138 103 9
125 95 89 28 92 95 6
29 24 49 113 29 56 8
99 102 54 30 100 50 4
141 14 44 31 11 43 3
86 72 81 32 67 90 10
33 140 88 97 134 88 6
28 92 95 34 86 90 7
146 148 140 35 149 151 11
36 121 91 1 123 98 7
61 106 116 37 99 129 14
38 142 75 33 140 88 13
39 28 139 100 33 151 13
132 10 125 40 14 126 4
112 154 22 41 150 9 13
134 83 1 42 88 10 10
43 34 23 150 50 22 16
44 30 33 43 34 23 10
34 86 90 45 85 94 4
23 38 100 46 45 110 12
47 139 25 73 152 27 13
48 68 144 20 60 131 15
4 50 88 49 48 86 2
50 124 55 128 124 64 9
118 32 111 51 35 118 7
80 137 67 52 137 65 2
53 3 97 12 18 96 15
54 17 19 96 19 21 2
55 89 124 24 91 130 6
56 58 39 119 65 54 16
57 152 91 33 140 88 12
58 9 153 18 8 132 21
77 145 76 59 151 74 6
60 7 48 31 11 43 6
0 120 112 61 106 116 14
140 30 56 62 36 63 9
111 16 8 63 17 7 1
64 55 110 46 45 110 10
28 92 95 65 96 95 4
66 106 151 142 108 144 7
30 100 50 67 96 48 4
68 125 16 47 139 25 16
69 23 98 17 30 101 7
70 59 77 130 66 79 7
49 48 86 71 38 82 10
42 88 10 72 94 26 17
73 152 27 109 148 42 15
150 50 22 74 59 18 9
129 122 133 75 121 128 5
76 140 0 41 150 9 13
77 145 76 38 142 75 3
148 118 88 78 111 84 8
79 18 61 15 19 52 9
26 142 71 80 137 67 6
72 94 26 81 93 28 2
22 125 84 82 125 82 2
56 58 39 83 57 39 1
84 35 2 143 18 2 17
68 125 16 85 119 16 6
34 86 90 86 72 81 16
87 1 72 152 16 69 15
28 92 95 88 89 103 8
58 9 153 89 7 154 2
90 146 60 52 137 65 10
149 62 125 91 69 128 7
92 60 150 48 68 144 10
93 120 146 136 121 137 9
5 82 30 94 78 25 6
81 93 28 95 86 28 7
96 19 21 43 34 23 15
22 125 84 97 134 88 9
98 107 59 2 109 61 2
99 102 54 98 107 59 7
100 33 151 103 47 151 14
101 20 67 79 18 61 6
102 149 130 127 146 137 7
103 47 151 92 60 150 13
104 92 150 115 93 152 2
105 10 25 96 19 21 9
85 119 16 106 112 5 13
135 70 3 107 71 0 3
108 124 10 68 125 16 6
10 142 43 109 148 42 6
21 43 53 110 38 53 5
133 10 16 111 16 8 10
112 154 22 73 152 27 5
113 29 56 140 30 56 1
114 145 72 38 142 75 4
115 93 152 139 97 153 4
116 73 111 25 77 106 6
117 89 152 104 92 150 3
137 29 108 118 32 111 4
119 65 54 120 57 60 10
3 59 68 120 57 60 8
57 152 91 121 153 97 6
62 36 63 122 30 70 9
123 11 116 126 14 110 6
124 44 91 4 50 88 6
78 111 84 125 95 89 16
126 14 110 16 22 112 8
127 146 137 147 128 140 18
128 124 64 151 127 66 3
136 121 137 129 122 133 4
86 72 81 130 66 79 6
131 129 100 1 123 98 6
132 10 125 123 11 116 9
133 10 16 54 17 19 7
107 71 0 134 83 1 12
74 59 18 135 70 3 18
153 111 135 136 121 137 10
137 29 108 17 30 101 7
138 136 117 27 138 103 14
139 97 153 66 106 151 9
110 38 53 140 30 56 8
141 14 44 15 19 52 9
142 108 144 153 111 135 9
63 17 7 143 18 2 5
64 55 110 144 54 124 14
117 89 152 145 89 154 2
146 148 140 127 146 137 3
147 128 140 136 121 137 7
148 118 88 36 121 91 4
149 62 125 144 54 124 8
150 50 22 6 57 34 13
151 127 66 80 137 67 10
152 16 69 101 20 67 4
153 111 135 37 99 129 13
13 128 37 154 118 37 10
