1 73 102 113 85 99 12
114 18 57 2 11 62 8
2 11 62 3 4 63 7
0 110 28 4 104 23 7
5 84 78 140 80 63 15
6 29 64 54 31 56 8
30 55 109 7 52 111 3
49 112 137 8 125 130 14
9 11 142 100 14 140 3
31 127 13 10 120 6 9
11 118 98 126 124 98 6
12 106 98 32 112 103 7
60 124 42 13 131 30 13
94 28 4 14 38 8 10
15 99 146 36 81 144 18
16 10 18 59 22 17 12
17 100 21 4 104 23 4
34 138 10 18 144 6 7
96 68 109 19 63 111 5
20 0 129 100 14 140 17
103 2 89 21 15 99 16
22 91 35 142 93 33 2
23 91 52 88 93 49 3
118 129 97 24 138 98 9
58 64 10 25 55 5 10
87 22 81 26 5 85 17
27 95 29 44 103 34 9
28 29 54 63 32 52 3
29 126 70 46 114 75 13
30 55 109 91 60 103 7
70 133 12 31 127 13 6
11 118 98 32 112 103 7
121 40 128 33 20 121 21
34 138 10 70 133 12 5
35 145 3 18 144 6 3
36 81 144 130 79 131 13
37 82 58 101 83 56 2
139 28 41 38 32 45 5
39 127 110 110 121 104 8
16 10 18 40 5 16 5
34 138 10 41 133 0 11
42 137 69 45 136 70 1
92 131 136 43 135 130 7
44 103 34 52 108 30 6
29 126 70 45 136 70 10
47 110 60 46 114 75 15
129 118 53 47 110 60 10
48 24 100 21 15 99 9
49 112 137 136 108 139 4
131 100 15 50 95 3 13
96 68 109 51 76 123 16
0 110 28 52 108 30 2
136 108 139 53 103 135 6
28 29 54 54 31 56 2
55 123 88 119 115 77 13
56 61 54 90 67 42 13
112 139 39 57 145 51 13
66 64 12 58 64 10 2
59 22 17 82 26 24 8
128 120 45 60 124 42 5
37 82 58 61 80 62 4
62 76 48 89 78 53 5
63 32 52 38 32 45 7
64 60 120 19 63 111 9
74 44 134 65 52 142 11
66 64 12 80 56 20 11
67 118 48 137 117 48 1
68 59 142 65 52 142 7
27 95 29 69 91 23 7
70 133 12 146 135 16 4
22 91 35 71 95 43 8
72 47 64 95 60 55 15
73 66 30 90 67 42 12
74 44 134 143 44 133 1
75 124 101 126 124 98 3
123 21 51 76 10 47 11
77 112 142 136 108 139 5
78 49 97 91 60 103 12
79 93 64 23 91 52 12
80 56 20 108 64 24 8
81 32 71 6 29 64 7
82 26 24 132 41 25 15
5 84 78 83 69 76 15
84 52 47 56 61 54 11
92 131 136 85 127 146 10
86 48 79 116 48 76 3
81 32 71 87 22 81 14
88 93 49 71 95 43 6
101 83 56 89 78 53 5
90 67 42 62 76 48 10
125 67 101 91 60 103 7
92 131 136 8 125 130 8
100 14 140 93 22 145 9
59 22 17 94 28 4 14
56 61 54 95 60 55 1
96 68 109 1 73 102 8
97 145 84 122 146 74 10
11 118 98 98 115 93 5
99 112 136 49 112 137 1
100 14 140 33 20 121 19
23 91 52 101 83 56 8
82 26 24 102 28 39 15
103 2 89 26 5 85 5
22 91 35 104 79 32 12
26 5 85 105 2 84 3
83 69 76 106 65 80 5
64 60 120 107 56 124 5
108 64 24 73 66 30 6
47 110 60 109 104 56 7
75 124 101 110 121 104 4
44 103 34 111 107 44 10
112 139 39 13 131 30 12
113 85 99 127 98 101 13
123 21 51 114 18 57 6
115 108 110 32 112 103 8
72 47 64 116 48 76 12
117 10 8 138 11 12 4
126 124 98 118 129 97 5
119 115 77 46 114 75 2
57 145 51 120 141 54 5
143 44 133 121 40 128 6
122 146 74 45 136 70 10
123 21 51 28 29 54 8
80 56 20 124 49 25 8
125 67 101 1 73 102 6
126 124 98 141 124 92 6
127 98 101 12 106 98 8
67 118 48 128 120 45 3
137 117 48 129 118 53 5
130 79 131 51 76 123 8
17 100 21 131 100 15 6
124 49 25 132 41 25 8
133 4 41 76 10 47 8
24 138 98 134 140 100 2
114 18 57 135 21 63 6
15 99 146 136 108 139 11
111 107 44 137 117 48 10
16 10 18 138 11 12 6
139 28 41 102 28 39 2
140 80 63 61 80 62 1
141 124 92 55 123 88 4
142 93 33 27 95 29 4
145 49 128 143 44 133 7
144 72 12 66 64 12 8
145 49 128 107 56 124 8
13 131 30 146 135 16 14
