135 50 152 1 48 155 3
2 18 82 77 28 84 10
156 63 138 3 67 144 7
126 20 44 4 10 39 11
50 104 94 5 103 102 8
6 2 56 88 10 61 9
51 102 133 7 108 138 7
63 109 113 8 119 110 10
9 85 79 109 82 86 7
10 86 46 100 90 44 4
11 46 118 25 43 111 7
115 115 153 12 126 154 11
46 144 156 13 148 147 9
14 157 71 111 147 71 10
106 29 39 15 23 27 13
16 21 131 93 25 130 4
36 92 51 17 84 64 15
82 70 68 18 59 70 11
19 38 26 52 37 30 4
9 85 79 20 87 77 2
37 102 2 21 105 1 3
22 54 12 92 45 18 10
23 60 23 146 67 18 8
41 140 108 24 145 105 5
25 43 111 124 40 112 3
72 105 44 26 100 38 7
5 103 102 27 105 104 2
139 153 20 28 155 15 5
29 130 22 0 129 9 13
30 65 147 3 67 144 3
110 34 67 31 35 59 8
157 71 137 32 76 142 7
33 68 135 156 63 138 5
34 7 7 123 11 11 5
35 68 60 74 72 61 4
36 92 51 100 90 44 7
37 102 2 97 91 3 11
56 61 85 38 66 93 9
39 75 143 32 76 142 1
133 26 117 40 29 123 6
41 140 108 130 136 112 5
42 136 36 83 135 35 1
43 51 72 18 59 70 8
60 126 27 44 119 33 9
45 138 60 155 123 53 16
46 144 156 154 133 155 11
47 62 80 57 57 79 5
48 58 157 30 65 147 12
85 29 83 49 32 89 6
50 104 94 58 98 87 9
51 102 133 143 100 124 9
106 29 39 52 37 30 12
137 1 146 53 14 154 15
54 126 130 65 129 122 8
55 45 134 11 46 118 16
56 61 85 47 62 80 5
18 59 70 57 57 79 9
149 95 85 58 98 87 3
59 140 26 29 130 22 10
60 126 27 29 130 22 6
61 119 129 54 126 130 7
98 4 136 62 0 138 4
94 107 108 63 109 113 5
144 14 89 64 8 85 7
103 129 112 65 129 122 10
66 59 8 22 54 12 6
67 111 23 150 115 26 5
24 145 105 68 145 97 8
43 51 72 69 37 74 14
145 81 8 70 86 13 7
71 96 39 26 100 38 4
72 105 44 131 111 42 6
73 149 78 111 147 71 7
74 72 61 82 70 68 7
75 129 30 60 126 27 4
126 20 44 76 20 49 5
85 29 83 77 28 84 1
78 132 73 45 138 60 14
50 104 94 79 116 89 13
53 14 154 80 18 154 4
81 110 76 79 116 89 14
151 78 68 82 70 68 8
75 129 30 83 135 35 7
47 62 80 84 65 79 3
85 29 83 153 31 77 6
129 17 103 86 14 105 3
87 24 108 129 17 103 8
121 17 71 88 10 61 12
89 27 111 87 24 108 4
35 68 60 90 66 47 13
91 106 57 96 107 49 8
92 45 18 19 38 26 10
93 25 130 40 29 123 8
94 107 108 27 105 104 4
95 71 34 90 66 47 13
96 107 49 72 105 44 5
97 91 3 134 89 4 2
98 4 136 16 21 131 17
158 96 137 99 94 137 2
100 90 44 71 96 39 7
29 130 22 101 130 22 0
146 67 18 102 69 20 2
8 119 110 103 129 112 10
89 27 111 104 32 108 5
4 10 39 105 9 30 9
106 29 39 107 40 44 12
119 48 53 107 40 44 12
104 32 108 108 34 115 7
109 82 86 142 79 86 3
110 34 67 69 37 74 7
45 138 60 111 147 71 14
86 14 105 112 9 117 13
18 59 70 113 56 61 9
145 81 8 114 84 6 3
115 115 153 7 108 138 16
116 21 157 80 18 154 4
117 16 101 138 12 99 4
13 148 147 118 158 132 18
113 56 61 119 48 53 11
120 99 150 158 96 137 13
125 28 74 121 17 71 11
11 46 118 122 54 116 8
152 19 15 123 11 11 8
124 40 112 108 34 115 6
153 31 77 125 28 74 4
126 20 44 106 29 39 10
122 54 116 127 61 107 11
128 77 129 33 68 135 10
117 16 101 129 17 103 2
103 129 112 130 136 112 7
131 111 42 44 119 33 12
28 155 15 132 154 5 10
89 27 111 133 26 117 6
114 84 6 134 89 4 5
48 58 157 135 50 152 9
136 25 11 152 19 15 7
137 1 146 62 0 138 8
138 12 99 144 14 89 10
139 153 20 59 140 26 14
140 152 41 42 136 36 16
141 66 12 66 59 8 8
142 79 86 147 73 81 7
63 109 113 143 100 124 14
144 14 89 2 18 82 8
141 66 12 145 81 8 15
146 67 18 141 66 12 6
147 73 81 84 65 79 8
148 37 96 49 32 89 8
9 85 79 149 95 85 11
150 115 26 44 119 33 8
151 78 68 17 84 64 7
15 23 27 152 19 15 12
69 37 74 153 31 77 6
12 126 154 154 133 155 7
131 111 42 155 123 53 16
156 63 138 55 45 134 18
33 68 135 157 71 137 3
51 102 133 158 96 137 7
