1 50 8 54 43 10 7
49 1 43 2 3 32 11
3 30 15 7 26 17 4
18 16 57 4 13 60 4
38 15 2 5 14 1 1
58 37 49 6 34 46 4
44 28 25 7 26 17 8
14 31 45 8 24 50 8
9 58 57 17 52 52 7
20 55 18 10 59 17 4
11 54 21 20 55 18 3
31 32 14 12 38 8 8
13 50 25 11 54 21 5
14 31 45 6 34 46 3
48 18 43 15 14 45 4
16 14 9 25 22 12 8
17 52 52 61 48 58 7
8 24 50 18 16 57 10
19 34 52 58 37 49 4
20 55 18 23 52 14 5
21 19 34 48 18 43 9
22 14 25 36 20 27 6
1 50 8 23 52 14 6
41 40 54 24 43 51 4
25 22 12 40 25 16 5
26 53 1 52 56 6 5
13 50 25 27 52 30 5
17 52 52 28 56 44 8
29 32 54 19 34 52 2
30 3 17 60 12 15 9
31 32 14 3 30 15 2
32 56 28 27 52 30 4
28 56 44 33 59 46 3
34 37 17 31 32 14 5
35 57 39 28 56 44 5
36 20 27 21 19 34 7
37 36 0 12 38 8 8
16 14 9 38 15 2 7
10 59 17 39 59 11 6
7 26 17 40 25 16 1
41 40 54 0 40 61 7
0 40 61 42 37 61 3
58 37 49 43 42 43 7
36 20 27 44 28 25 8
40 25 16 45 20 18 5
46 29 39 50 30 42 3
47 44 37 43 42 43 6
8 24 50 48 18 43 9
49 1 43 57 6 48 7
14 31 45 50 30 42 3
51 1 11 30 3 17 6
39 59 11 52 56 6 5
53 30 58 29 32 54 4
54 43 10 12 38 8 5
55 29 10 3 30 15 5
56 59 60 9 58 57 3
15 14 45 57 6 48 8
41 40 54 58 37 49 5
1 50 8 59 45 1 8
16 14 9 60 12 15 6
61 48 58 0 40 61 8
