1 20 7 21 24 6 4
39 51 49 2 47 49 4
3 47 21 0 43 18 5
9 55 58 4 57 59 2
53 46 36 5 51 40 6
6 25 0 21 24 6 6
29 20 27 7 22 33 6
40 43 37 8 43 42 5
58 53 57 9 55 58 2
10 53 55 39 51 49 6
11 39 37 40 43 37 4
12 15 12 1 20 7 7
13 31 56 33 23 51 9
36 42 21 14 40 24 3
12 15 12 15 14 21 9
15 14 21 16 15 25 4
17 59 2 42 58 1 1
31 8 51 18 1 48 7
45 19 5 19 17 3 2
19 17 3 20 16 1 2
21 24 6 32 26 12 6
18 1 48 22 1 41 7
12 15 12 23 13 11 2
49 42 18 24 35 15 7
25 24 40 50 20 39 4
26 21 21 51 19 23 2
27 33 55 13 31 56 2
33 23 51 28 13 58 12
29 20 27 34 17 26 3
52 7 10 30 7 7 3
28 13 58 31 8 51 8
24 35 15 32 26 12 9
33 23 51 25 24 40 11
34 17 26 16 15 25 2
35 57 30 37 52 28 5
36 42 21 0 43 18 3
37 52 28 3 47 21 8
5 51 40 38 54 46 6
38 54 46 39 51 49 4
53 46 36 40 43 37 3
41 38 4 24 35 15 11
42 58 1 57 43 0 15
43 47 34 37 52 28 7
55 38 34 44 32 35 6
1 20 7 45 19 5 2
7 22 33 46 18 34 4
47 6 2 30 7 7 5
48 52 20 3 47 21 5
49 42 18 0 43 18 1
46 18 34 50 20 39 5
51 19 23 34 17 26 3
52 7 10 23 13 11 6
43 47 34 53 46 36 2
54 51 16 48 52 20 4
55 38 34 11 39 37 3
47 6 2 56 0 1 6
57 43 0 41 38 4 6
58 53 57 10 53 55 2
58 53 57 59 48 60 5
60 11 59 28 13 58 2
