1 48 43 104 49 48 5
92 50 113 2 58 112 8
3 117 112 19 112 101 12
4 38 44 64 39 42 2
102 52 99 5 58 91 10
6 79 21 127 85 23 6
120 76 80 7 73 71 9
8 25 28 39 31 26 6
0 46 128 9 36 120 12
84 75 121 10 70 125 6
59 77 91 11 80 84 7
12 22 123 67 23 116 7
13 74 115 54 68 114 6
14 42 106 43 47 112 7
79 25 35 15 26 36 1
16 73 54 122 64 50 9
89 11 70 17 16 70 5
116 32 2 18 28 6 5
53 101 108 19 112 101 13
20 121 21 34 116 33 13
22 107 29 21 96 29 11
34 116 33 22 107 29 9
23 120 52 91 122 63 11
24 64 115 2 58 112 6
117 41 26 25 37 36 10
26 91 95 78 94 97 3
113 16 96 27 8 102 10
8 25 28 28 18 22 9
29 34 115 9 36 120 5
4 38 44 30 41 49 5
31 126 40 23 120 52 13
85 127 88 32 121 83 7
33 114 50 23 120 52 6
31 126 40 34 116 33 12
35 56 126 0 46 128 10
33 114 50 36 99 51 15
37 82 17 6 79 21 5
38 110 65 42 97 69 13
39 31 26 117 41 26 10
40 58 77 51 49 82 10
41 110 4 73 102 11 10
42 97 69 123 96 80 11
43 47 112 100 43 116 5
111 84 121 44 85 113 8
88 48 3 45 41 8 8
74 90 16 46 89 19 3
47 69 98 5 58 91 13
48 17 53 58 15 55 2
89 11 70 49 5 73 6
50 55 41 1 48 43 7
51 49 82 5 58 91 12
52 62 0 62 71 9 12
99 94 120 53 101 108 13
54 68 114 24 64 115 4
28 18 22 55 10 18 8
30 41 49 56 41 55 6
57 100 18 21 96 29 11
69 18 56 58 15 55 3
47 69 98 59 77 91 10
60 16 86 87 26 84 10
61 113 129 93 112 118 11
62 71 9 37 82 17 13
41 110 4 63 112 8 4
64 39 42 25 37 36 6
19 112 101 65 123 91 14
66 89 121 111 84 121 5
67 23 116 129 24 113 3
68 73 6 62 71 9 3
17 16 70 69 18 56 14
35 56 126 70 57 126 1
58 15 55 71 2 56 13
45 41 8 72 46 15 8
77 102 12 73 102 11 1
57 100 18 74 90 16 10
75 59 0 52 62 0 3
10 70 125 76 69 128 3
77 102 12 57 100 18 6
78 94 97 53 101 108 13
8 25 28 79 25 35 7
80 77 40 81 90 33 14
81 90 33 21 96 29 7
20 121 21 82 126 10 12
101 92 9 83 88 7 4
84 75 121 13 74 115 6
65 123 91 85 127 88 5
86 15 10 55 10 18 9
87 26 84 90 30 86 4
75 59 0 88 48 3 11
89 11 70 60 16 86 16
110 38 91 90 30 86 9
114 120 65 91 122 63 2
43 47 112 92 50 113 3
3 117 112 93 112 118 7
38 110 65 94 116 64 6
47 69 98 95 75 101 6
96 125 95 65 123 91 4
2 58 112 97 54 103 9
109 4 12 98 1 5 7
99 94 120 66 89 121 5
100 43 116 9 36 120 8
74 90 16 101 92 9 7
97 54 103 102 52 99 4
118 45 64 103 41 67 5
30 41 49 104 49 48 8
105 62 42 50 55 41 7
106 73 85 120 76 80 5
107 28 14 18 28 6 8
104 49 48 108 51 51 3
109 4 12 55 10 18 8
110 38 91 121 39 100 9
111 84 121 84 75 121 9
49 5 73 112 0 73 5
115 9 90 113 16 96 9
114 120 65 94 116 64 4
115 9 90 60 16 86 8
116 32 2 45 41 8 10
117 41 26 72 46 15 12
56 41 55 118 45 64 9
78 94 97 119 100 90 9
11 80 84 120 76 80 5
125 41 102 121 39 100 2
105 62 42 122 64 50 8
123 96 80 119 100 90 10
124 32 1 116 32 2 1
14 42 106 125 41 102 4
126 39 106 14 42 106 3
46 89 19 127 85 23 5
128 12 128 12 22 123 11
29 34 115 129 24 113 10
