1 41 34 19 36 33 5
2 8 34 7 2 32 6
3 37 25 31 33 27 4
4 46 29 38 42 26 5
27 30 12 5 32 11 2
6 38 38 19 36 33 5
7 2 32 34 0 28 4
0 29 43 8 31 45 2
16 16 20 9 10 25 7
10 2 10 29 4 10 2
11 20 44 40 26 39 7
12 8 41 2 8 34 7
13 32 23 31 33 27 4
21 2 6 14 4 1 5
45 35 13 15 43 9 8
44 21 20 16 16 20 5
40 26 39 17 26 38 1
18 10 17 16 16 20 6
19 36 33 37 33 32 3
37 33 32 20 33 30 2
21 2 6 43 0 9 3
22 7 1 14 4 1 3
28 5 26 23 1 27 4
24 30 9 5 32 11 2
25 22 28 30 25 33 5
25 22 28 26 21 24 4
27 30 12 42 22 15 8
39 7 25 28 5 26 2
18 10 17 29 4 10 9
30 25 33 17 26 38 5
31 33 27 20 33 30 3
32 5 6 21 2 6 3
33 30 35 40 26 39 5
23 1 27 34 0 28 1
35 0 13 10 2 10 3
36 20 2 24 30 9 12
37 33 32 33 30 35 4
38 42 26 3 37 25 5
39 7 25 9 10 25 3
40 26 39 0 29 43 5
15 43 9 41 41 7 2
44 21 20 42 22 15 5
10 2 10 43 0 9 2
44 21 20 26 21 24 4
45 35 13 5 32 11 3
46 1 46 12 8 41 8
