1 59 47 32 71 43 12
2 111 109 45 105 113 7
3 55 13 108 51 19 7
4 78 120 16 74 115 6
64 35 31 5 33 40 9
6 28 53 122 20 47 10
97 135 117 7 139 111 7
70 10 50 8 10 53 3
56 59 115 9 59 117 2
10 15 94 63 16 100 6
11 104 25 33 101 28 4
12 46 129 9 59 117 17
65 67 77 13 72 83 7
14 41 134 12 46 129 7
15 24 104 62 29 118 14
16 74 115 143 73 101 14
17 145 137 114 143 127 10
92 144 69 18 138 62 9
19 125 19 72 133 36 18
14 41 134 20 28 137 13
0 130 76 21 141 72 11
22 13 39 135 15 38 2
23 141 94 25 143 107 13
113 77 34 24 81 23 11
81 142 109 25 143 107 2
26 16 100 63 16 100 0
27 2 95 43 9 98 7
71 64 18 28 74 11 12
29 90 45 107 89 51 6
30 54 137 12 46 129 11
31 123 63 124 125 61 2
32 71 43 133 74 54 11
33 101 28 66 94 42 15
34 145 53 136 143 49 4
125 56 48 35 53 47 3
30 54 137 36 55 142 5
37 46 47 73 49 50 4
73 49 50 38 55 61 12
39 111 71 52 119 64 10
40 16 119 62 29 118 13
4 78 120 41 81 122 3
42 121 51 110 127 53 6
43 9 98 63 16 100 7
44 105 140 139 107 135 5
116 98 120 45 105 113 9
46 109 47 84 115 47 6
47 91 12 24 81 23 14
48 89 55 87 90 62 7
22 13 39 49 11 38 2
50 62 62 38 55 61 7
61 35 28 51 35 30 2
52 119 64 31 123 63 4
53 49 87 57 56 81 9
54 13 105 63 16 100 5
55 36 12 89 45 22 13
16 74 115 56 59 115 15
57 56 81 59 64 83 8
145 119 115 58 124 121 7
65 67 77 59 64 83 6
115 109 76 60 105 87 11
89 45 22 61 35 28 11
82 30 120 62 29 118 2
15 24 104 63 16 100 8
64 35 31 51 35 30 1
65 67 77 93 73 69 10
66 94 42 29 90 45 5
67 143 47 136 143 49 2
68 137 53 18 138 62 9
69 60 20 90 60 16 4
122 20 47 70 10 50 10
90 60 16 71 64 18 4
72 133 36 106 143 36 10
73 49 50 35 53 47 5
6 28 53 74 33 61 9
75 55 38 1 59 47 9
112 131 14 76 125 1 14
121 95 98 77 91 99 4
116 98 120 78 106 123 8
79 143 4 104 142 10 6
80 119 124 58 124 121 5
7 139 111 81 142 109 3
82 30 120 88 40 116 10
41 81 122 83 88 125 7
119 117 47 84 115 47 2
111 8 83 85 17 74 12
8 10 53 86 3 62 11
87 90 62 134 101 64 11
88 40 116 12 46 129 14
108 51 19 89 45 22 6
3 55 13 90 60 16 5
91 93 124 83 88 125 5
92 144 69 21 141 72 4
93 73 69 127 83 60 13
94 117 111 2 111 109 6
95 54 30 75 55 38 8
0 130 76 96 123 92 17
58 124 121 97 135 117 11
98 75 94 123 72 92 3
99 6 137 100 2 137 4
132 0 128 100 2 137 9
101 116 55 42 121 51 6
102 93 13 47 91 12 2
97 135 117 103 145 122 11
112 131 14 104 142 10 11
105 42 72 137 48 63 10
106 143 36 67 143 47 11
107 89 51 48 89 55 4
95 54 30 108 51 19 11
102 93 13 109 95 9 4
68 137 53 110 127 53 10
111 8 83 128 19 88 12
112 131 14 19 125 19 7
32 71 43 113 77 34 10
114 143 127 103 145 122 5
115 109 76 39 111 71 5
91 93 124 116 98 120 6
56 59 115 117 58 101 14
118 93 90 60 105 87 12
42 121 51 119 117 47 5
120 22 7 55 36 12 14
121 95 98 118 93 90 8
140 28 40 122 20 47 10
141 73 84 123 72 92 8
110 127 53 124 125 61 8
125 56 48 1 59 47 3
126 142 144 17 145 137 7
87 90 62 127 83 60 7
10 15 94 128 19 88 7
129 0 116 40 16 119 16
140 28 40 130 23 37 5
30 54 137 131 66 137 12
129 0 116 132 0 128 12
127 83 60 133 74 54 10
134 101 64 39 111 71 12
130 23 37 135 15 38 8
68 137 53 136 143 49 7
137 48 63 38 55 61 7
37 46 47 138 41 50 5
139 107 135 78 106 123 12
5 33 40 140 28 40 5
13 72 83 141 73 84 1
142 91 90 118 93 90 2
98 75 94 143 73 101 7
144 25 143 20 28 137 6
94 117 111 145 119 115 4
