1 46 0 30 43 5 5
55 11 20 2 2 21 9
3 58 42 39 56 46 4
4 50 34 56 44 28 8
5 31 16 24 29 18 2
19 11 37 6 9 37 2
56 44 28 7 37 28 7
57 12 46 8 11 46 1
27 42 48 9 38 57 9
42 51 42 10 49 48 6
11 18 48 46 19 46 2
12 21 25 50 19 32 7
55 11 20 13 11 18 2
5 31 16 14 35 14 4
15 41 19 14 35 14 7
38 41 48 16 33 47 8
12 21 25 17 29 24 8
18 47 23 29 45 24 2
44 16 40 19 11 37 5
16 33 47 20 32 44 3
21 11 38 19 11 37 1
57 12 46 22 12 46 0
4 50 34 23 46 36 4
17 29 24 24 29 18 6
44 16 40 25 18 45 5
31 37 3 26 38 2 1
27 42 48 10 49 48 7
28 38 6 53 39 7 1
15 41 19 29 45 24 6
53 39 7 30 43 5 4
31 37 3 28 38 6 3
44 16 40 32 18 40 2
33 54 15 41 46 11 8
7 37 28 34 34 33 5
35 13 30 0 19 33 6
5 31 16 36 30 14 2
11 18 48 37 17 49 1
27 42 48 38 41 48 1
39 56 46 42 51 42 6
6 9 37 40 1 33 8
41 46 11 30 43 5 6
42 51 42 23 46 36 7
24 29 18 43 22 13 8
44 16 40 0 19 33 7
40 1 33 45 1 33 0
25 18 45 46 19 46 1
51 18 49 47 19 52 3
48 25 0 31 37 3 12
49 15 54 47 19 52 4
0 19 33 50 19 32 1
11 18 48 51 18 49 1
34 34 33 52 28 35 6
14 35 14 53 39 7 8
54 9 15 13 11 18 3
35 13 30 55 11 20 10
56 44 28 29 45 24 4
37 17 49 57 12 46 5
58 0 57 49 15 54 15
