1 53 101 55 50 99 3
2 103 96 14 94 102 10
3 129 113 115 128 106 7
4 15 127 112 25 119 12
5 69 10 88 67 21 11
6 5 49 35 9 44 6
7 94 88 25 92 89 2
76 92 6 8 113 8 21
141 122 16 9 125 14 3
10 133 25 46 132 24 1
11 17 138 4 15 127 11
8 113 8 12 116 12 5
10 133 25 13 130 30 5
14 94 102 122 87 99 7
80 127 12 15 123 6 7
16 22 99 139 21 88 11
85 4 112 17 8 108 5
9 125 14 18 132 20 9
19 100 138 109 105 138 5
20 57 8 29 60 12 5
47 9 90 21 4 82 9
123 88 126 22 82 123 6
75 114 130 23 116 137 7
1 53 101 24 52 107 6
131 88 93 25 92 89 5
45 24 33 26 17 31 7
27 27 140 11 17 138 10
28 127 38 33 131 38 4
5 69 10 29 60 12 9
105 101 123 30 99 122 2
31 89 23 41 80 35 15
32 75 53 102 72 59 6
13 130 30 33 131 38 8
95 132 92 34 139 94 7
35 9 44 89 11 35 9
36 120 124 50 120 124 0
102 72 59 37 74 61 2
38 80 80 83 81 79 1
39 61 99 1 53 101 8
40 38 90 54 41 79 11
114 69 33 41 80 35 11
42 119 140 23 116 137 4
12 116 12 43 120 14 4
44 19 63 128 20 58 5
57 27 25 45 24 33 8
18 132 20 46 132 24 4
47 9 90 139 21 88 12
48 116 127 50 120 124 5
49 60 74 64 53 80 9
3 129 113 50 120 124 14
81 0 128 51 2 133 5
21 4 82 52 5 72 10
70 37 46 53 35 52 6
129 41 67 54 41 79 12
98 50 91 55 50 99 8
56 9 107 17 8 108 1
57 27 25 69 32 23 5
58 8 13 74 16 23 12
59 32 44 70 37 46 5
101 31 122 60 41 123 10
61 22 112 116 22 105 7
62 27 80 77 25 73 7
44 19 63 63 18 71 8
54 41 79 64 53 80 12
65 10 109 17 8 108 2
66 6 117 140 6 122 5
96 38 18 67 37 15 3
68 128 78 125 124 92 14
103 38 22 69 32 23 6
70 37 46 104 41 37 9
45 24 33 71 24 35 2
72 61 34 93 61 44 10
73 18 45 79 13 48 5
74 16 23 26 17 31 8
75 114 130 48 116 127 3
76 92 6 31 89 23 17
63 18 71 77 25 73 7
80 127 12 78 139 1 16
35 9 44 79 13 48 5
9 125 14 80 127 12 2
81 0 128 140 6 122 8
74 16 23 82 20 16 8
83 81 79 119 81 67 12
110 80 128 84 69 130 11
85 4 112 66 6 117 5
121 110 96 86 110 106 10
53 35 52 87 36 60 8
88 67 21 138 66 23 2
89 11 35 26 17 31 7
97 120 131 90 141 140 22
91 127 93 125 124 92 3
92 46 19 99 54 23 8
93 61 44 0 51 46 10
94 30 115 112 25 119 6
91 127 93 95 132 92 5
92 46 19 96 38 18 8
48 116 127 97 120 131 5
98 50 91 64 53 80 11
99 54 23 138 66 23 12
84 69 130 100 59 121 13
101 31 122 112 25 119 6
124 63 61 102 72 59 9
103 38 22 96 38 18 4
104 41 37 134 34 29 10
127 113 121 105 101 123 12
60 41 123 106 44 134 11
52 5 72 107 5 63 9
10 133 25 108 138 28 5
132 110 137 109 105 138 5
22 82 123 110 80 128 5
111 127 76 68 128 78 2
112 25 119 61 22 112 7
113 60 141 84 69 130 14
72 61 34 114 69 33 8
91 127 93 115 128 106 13
116 22 105 16 22 99 6
117 98 44 118 99 36 8
118 99 36 31 89 23 16
119 81 67 37 74 61 9
120 55 66 49 60 74 9
2 103 96 121 110 96 7
131 88 93 122 87 99 6
30 99 122 123 88 126 11
120 55 66 124 63 61 9
121 110 96 125 124 92 14
126 34 104 94 30 115 11
127 113 121 48 116 127 6
79 13 48 128 20 58 12
87 36 60 129 41 67 8
130 7 6 58 8 13 7
137 82 87 131 88 93 8
132 110 137 23 116 137 6
133 135 45 33 131 38 8
69 32 23 134 34 29 6
135 115 2 8 113 8 6
136 140 95 34 139 94 1
137 82 87 38 80 80 7
138 66 23 114 69 33 10
62 27 80 139 21 88 10
4 15 127 140 6 122 10
43 120 14 141 122 16 2
