1 1 19 5 3 20 2
33 31 29 2 31 30 1
37 10 30 3 8 35 5
34 6 33 4 5 32 1
5 3 20 31 5 13 7
6 34 8 32 36 12 4
18 29 18 7 25 22 5
14 22 13 8 24 16 3
9 18 6 0 20 11 5
10 1 35 34 6 33 5
6 34 8 11 33 8 1
12 30 32 2 31 30 2
19 17 32 13 15 25 7
14 22 13 0 20 11 2
35 26 14 15 29 16 3
30 14 12 16 8 11 6
33 31 29 17 35 31 4
15 29 16 18 29 18 2
19 17 32 36 24 33 7
28 29 24 20 36 23 7
21 7 24 5 3 20 5
22 31 5 11 33 8 3
23 15 5 26 16 5 1
24 25 35 12 30 32 5
25 28 4 22 31 5 3
9 18 6 26 16 5 2
27 23 26 7 25 22 4
28 29 24 7 25 22 4
29 26 2 25 28 4 2
0 20 11 30 14 12 6
16 8 11 31 5 13 3
15 29 16 32 36 12 8
33 31 29 28 29 24 5
3 8 35 34 6 33 2
8 24 16 35 26 14 2
36 24 33 24 25 35 2
21 7 24 37 10 30 6
