1 62 25 70 68 28 6
1 62 25 2 57 17 9
45 25 18 3 23 21 3
4 67 68 44 62 62 7
5 7 60 22 9 47 13
6 73 51 0 65 56 9
7 80 54 6 73 51 7
8 35 25 79 36 30 5
9 54 64 57 60 69 7
10 76 79 19 79 79 3
11 52 13 2 57 17 6
37 15 13 12 15 7 6
78 7 70 13 11 71 4
14 28 23 30 32 19 5
15 73 39 40 71 43 4
16 54 11 11 52 13 2
50 31 71 17 35 71 4
18 7 3 69 13 2 6
76 81 68 19 79 79 11
38 17 37 20 10 38 7
21 11 20 37 15 13 8
43 11 46 22 9 47 2
52 29 16 23 29 15 1
24 31 6 80 27 10 5
25 31 30 64 26 30 5
18 7 3 26 6 2 1
27 71 47 6 73 51 4
28 41 29 79 36 30 5
29 2 67 39 1 62 5
62 33 19 30 32 19 1
32 70 17 31 71 15 2
70 68 28 32 70 17 11
24 31 6 33 28 1 5
34 1 16 46 4 24 8
35 69 32 15 73 39 8
36 10 26 21 11 20 6
59 18 14 37 15 13 3
38 17 37 81 20 27 10
5 7 60 39 1 62 6
40 71 43 27 71 47 4
66 23 63 41 26 67 5
42 24 28 81 20 27 4
20 10 38 43 11 46 8
44 62 62 0 65 56 6
45 25 18 52 29 16 4
46 4 24 36 10 26 6
48 4 25 47 3 28 3
48 4 25 46 4 24 1
49 23 9 80 27 10 4
50 31 71 41 26 67 6
51 13 80 13 11 71 9
52 29 16 30 32 19 4
53 76 11 31 71 15 6
54 81 64 7 80 54 10
55 43 26 28 41 29 3
56 48 15 11 52 13 4
44 62 62 57 60 69 7
13 11 71 58 19 65 10
59 18 14 49 23 9 7
63 51 55 60 45 54 6
71 40 13 61 44 8 6
71 40 13 62 33 19 9
9 54 64 63 51 55 9
42 24 28 64 26 30 2
65 73 3 53 76 11 8
66 23 63 58 19 65 4
67 10 12 37 15 13 5
29 2 67 68 6 67 4
12 15 7 69 13 2 5
70 68 28 35 69 32 4
71 40 13 56 48 15 8
72 54 46 63 51 55 9
72 54 46 73 61 44 7
74 54 8 16 54 11 3
75 1 44 22 9 47 8
76 81 68 54 81 64 4
26 6 2 77 3 0 3
78 7 70 68 6 67 3
79 36 30 25 31 30 5
80 27 10 23 29 15 5
3 23 21 81 20 27 6
