1 67 46 84 71 41 6
95 53 22 2 59 27 7
60 88 51 3 88 43 8
93 13 22 4 25 12 15
5 55 17 95 53 22 5
6 70 51 1 67 46 5
82 39 63 7 41 71 8
8 5 19 27 2 30 11
2 59 27 9 62 23 5
10 94 55 63 98 58 5
83 27 49 11 29 43 6
12 34 65 82 39 63 5
13 34 86 16 39 83 5
14 69 80 53 70 81 1
15 65 32 73 62 32 3
16 39 83 70 46 77 9
17 38 1 69 48 2 10
18 9 47 79 22 53 14
19 46 54 49 54 47 10
20 39 22 32 42 18 5
21 69 11 36 63 13 6
67 92 93 22 99 97 8
102 97 20 23 102 16 6
24 47 31 0 51 24 8
86 13 92 25 5 100 11
63 98 58 26 98 62 4
27 2 30 80 1 37 7
28 73 42 84 71 41 2
41 89 3 29 85 2 4
42 73 67 30 73 72 5
31 89 27 65 83 34 9
32 42 18 66 47 20 5
33 17 98 86 13 92 7
34 3 41 18 9 47 8
35 44 95 88 45 91 4
36 63 13 5 55 17 8
58 56 93 37 65 98 10
101 101 43 38 101 46 3
39 102 84 92 102 79 5
40 75 74 30 73 72 2
41 89 3 74 89 5 2
57 75 57 42 73 67 10
24 47 31 43 47 31 0
78 15 71 44 22 68 7
40 75 74 45 72 79 5
87 33 99 46 34 102 3
96 100 40 47 99 42 2
12 34 65 48 30 59 7
77 48 38 49 54 47 10
50 3 58 18 9 47 12
51 66 30 15 65 32 2
52 21 102 33 17 98 5
53 70 81 45 72 79 2
15 65 32 54 72 37 8
55 58 68 68 63 68 5
56 78 49 62 74 54 6
62 74 54 57 75 57 3
88 45 91 58 56 93 11
94 27 87 59 17 81 11
10 94 55 60 88 51 7
61 17 6 4 25 12 10
62 74 54 89 70 52 4
63 98 58 98 92 61 6
64 2 100 25 5 100 3
65 83 34 3 88 43 10
0 51 24 66 47 20 5
67 92 93 39 102 84 13
68 63 68 42 73 67 10
99 49 13 69 48 2 11
70 46 77 7 41 71 7
71 65 27 51 66 30 3
72 55 85 58 56 93 8
73 62 32 2 59 27 5
74 89 5 85 96 12 9
24 47 31 75 51 34 5
76 98 32 31 89 27 10
77 48 38 75 51 34 5
59 17 81 78 15 71 10
79 22 53 48 30 59 10
80 1 37 34 3 41 4
59 17 81 81 11 88 9
82 39 63 19 46 54 11
83 27 49 90 25 50 2
54 72 37 84 71 41 4
97 95 17 85 96 12 5
81 11 88 86 13 92 4
35 44 95 87 33 99 11
16 39 83 88 45 91 10
89 70 52 6 70 51 1
79 22 53 90 25 50 4
91 83 63 57 75 57 10
26 98 62 92 102 79 17
8 5 19 93 13 22 8
94 27 87 13 34 86 7
95 53 22 0 51 24 2
76 98 32 96 100 40 8
102 97 20 97 95 17 3
91 83 63 98 92 61 9
66 47 20 99 49 13 7
37 65 98 100 71 97 6
47 99 42 101 101 43 2
31 89 27 102 97 20 10
