1 52 42 3 51 39 3
2 32 37 23 38 37 6
3 51 39 28 51 36 3
4 26 12 13 25 13 1
7 4 40 5 3 27 13
6 11 25 10 10 22 3
7 4 40 46 3 41 1
8 47 47 49 47 49 2
32 45 17 9 48 12 5
10 10 22 14 4 25 6
9 48 12 11 50 12 2
48 50 15 12 51 18 3
25 26 17 13 25 13 4
14 4 25 5 3 27 2
30 28 35 15 19 44 12
16 52 21 12 51 18 3
17 50 21 16 52 21 2
42 22 2 18 17 7 7
19 51 47 1 52 42 5
31 46 46 20 39 43 7
21 38 19 39 42 23 5
9 48 12 22 48 8 4
23 38 37 20 39 43 6
24 41 29 51 46 31 5
25 26 17 38 30 23 7
26 46 4 22 48 8 4
27 3 42 52 10 50 10
28 51 36 0 51 35 1
29 33 8 41 28 8 5
2 32 37 30 28 35 4
31 46 46 8 47 47 1
39 42 23 32 45 17 6
33 29 1 36 25 4 5
34 10 4 18 17 7 7
35 17 51 15 19 44 7
41 28 8 36 25 4 5
45 8 6 37 2 7 6
38 30 23 47 34 18 6
39 42 23 24 41 29 6
14 4 25 40 3 22 3
41 28 8 4 26 12 4
36 25 4 42 22 2 3
26 46 4 43 43 1 4
44 43 49 49 47 49 4
34 10 4 45 8 6 2
27 3 42 46 3 41 1
21 38 19 47 34 18 4
48 50 15 9 48 12 3
19 51 47 49 47 49 4
38 30 23 50 34 28 6
0 51 35 51 46 31 6
52 10 50 35 17 51 7
