1 29 68 56 26 68 3
2 1 21 0 7 21 6
39 30 55 3 23 62 9
25 68 56 4 67 66 10
54 41 25 5 38 19 6
26 47 34 6 50 26 8
42 48 41 7 50 49 8
4 67 66 8 67 66 0
23 9 38 9 12 39 3
10 7 19 0 7 21 2
47 10 49 11 8 55 6
12 56 41 42 48 41 8
13 13 30 17 16 25 5
14 33 47 61 32 43 4
15 39 8 58 36 9 3
7 50 49 16 58 52 8
48 10 19 17 16 25 8
18 34 56 27 37 52 5
31 53 62 19 47 65 6
20 70 13 43 59 17 11
21 32 4 58 36 9 6
24 12 12 22 11 11 1
23 9 38 13 13 30 8
24 12 12 48 10 19 7
25 68 56 52 67 53 3
26 47 34 66 47 39 5
27 37 52 14 33 47 6
28 65 54 52 67 53 2
29 63 25 38 61 24 2
30 63 1 20 70 13 13
31 53 62 64 49 52 10
32 69 27 29 63 25 6
33 51 20 6 50 26 6
61 32 43 34 36 42 4
21 32 4 35 27 5 5
11 8 55 36 4 63 8
37 13 5 22 11 11 6
43 59 17 38 61 24 7
18 34 56 39 30 55 4
17 16 25 40 19 28 4
22 11 11 41 1 8 10
66 47 39 42 48 41 2
33 51 20 43 59 17 8
35 27 5 44 28 11 6
15 39 8 45 39 6 2
49 0 25 46 2 29 4
9 12 39 47 10 49 10
0 7 21 48 10 19 3
49 0 25 2 1 21 4
16 58 52 50 64 47 7
9 12 39 51 21 45 10
50 64 47 52 67 53 6
53 42 8 15 39 8 3
6 50 26 54 41 25 9
55 14 11 24 12 12 2
68 27 64 56 26 68 4
57 28 43 51 21 45 7
58 36 9 5 38 19 10
59 38 1 45 39 6 5
29 63 25 60 61 32 7
57 28 43 61 32 43 4
62 37 39 34 36 42 3
40 19 28 63 20 26 2
7 50 49 64 49 52 3
65 9 56 11 8 55 1
66 47 39 67 40 41 7
67 40 41 62 37 39 3
3 23 62 68 27 64 4
19 47 65 69 48 67 2
70 55 68 31 53 62 6
