119 8 50 1 1 40 12
23 19 110 2 18 114 4
3 48 30 125 46 29 2
101 23 113 4 31 121 11
28 65 24 5 64 12 12
38 41 102 6 37 99 5
7 45 91 60 46 98 7
8 121 20 58 113 16 8
9 58 83 96 58 86 3
10 126 44 48 116 47 10
11 85 120 27 85 117 3
64 124 112 12 128 103 9
61 111 125 13 109 127 2
14 93 57 104 86 66 11
15 45 24 99 40 27 5
35 32 124 16 22 129 11
7 45 91 17 53 88 8
18 39 0 106 40 9 9
82 47 33 19 47 40 7
20 9 67 129 13 61 7
26 93 32 21 91 31 2
99 40 27 22 37 24 4
23 19 110 92 30 100 14
24 9 111 2 18 114 9
117 88 127 25 91 130 4
31 95 41 26 93 32 9
27 85 117 62 85 115 2
47 68 29 28 65 24 5
29 7 36 1 1 40 7
130 50 46 30 45 56 11
91 94 44 31 95 41 3
26 93 32 32 94 30 2
33 78 30 102 83 29 5
34 117 69 78 113 73 5
35 32 124 4 31 121 3
42 85 98 36 76 86 15
37 106 101 67 119 99 13
38 41 102 60 46 98 6
129 13 61 39 18 54 8
40 53 76 9 58 83 8
76 38 73 41 24 76 14
111 90 96 42 85 98 5
43 5 100 87 2 110 10
44 57 108 98 67 105 10
32 94 30 45 91 25 5
46 23 90 92 30 100 12
47 68 29 33 78 30 10
48 116 47 59 114 39 8
49 118 70 34 117 69 1
50 106 97 37 106 101 4
51 96 95 53 98 99 4
64 124 112 52 128 113 4
53 98 99 86 100 106 7
54 64 58 74 60 65 8
55 86 21 45 91 25 6
0 117 111 56 117 124 13
106 40 9 57 44 10 4
58 113 16 113 102 17 11
69 102 36 59 114 39 12
95 50 106 60 46 98 8
61 111 125 94 112 126 1
123 76 109 62 85 115 10
38 41 102 63 42 104 2
0 117 111 64 124 112 7
7 45 91 65 39 84 9
66 2 14 29 7 36 22
12 128 103 67 119 99 9
68 118 82 78 113 73 10
69 102 36 31 95 41 8
70 18 128 16 22 129 4
112 89 47 71 80 47 9
51 96 95 72 96 81 14
118 92 72 73 86 67 7
74 60 65 40 53 76 13
114 29 33 75 23 22 12
76 38 73 65 39 84 11
77 2 96 43 5 100 5
115 101 71 78 113 73 12
22 37 24 79 32 13 12
80 101 26 32 94 30 8
107 126 59 81 129 58 3
82 47 33 3 48 30 3
29 7 36 83 18 38 11
66 2 14 84 8 3 12
85 30 46 114 29 33 13
86 100 106 37 106 101 7
24 9 111 87 2 110 7
3 48 30 88 53 34 6
10 126 44 89 126 44 0
87 2 110 90 2 113 3
91 94 44 112 89 47 5
6 37 99 92 30 100 7
93 87 128 117 88 127 1
56 117 124 94 112 126 5
95 50 106 44 57 108 7
17 53 88 96 58 86 5
127 75 123 97 77 130 7
98 67 105 123 76 109 9
116 39 34 99 40 27 7
48 116 47 100 111 56 10
101 23 113 23 19 110 5
21 91 31 102 83 29 8
86 100 106 103 102 112 6
73 86 67 104 86 66 1
19 47 40 105 47 42 2
79 32 13 106 40 9 8
107 126 59 109 123 69 10
108 44 126 35 32 124 12
49 118 70 109 123 69 5
110 2 68 20 9 67 7
111 90 96 51 96 95 6
14 93 57 112 89 47 10
113 102 17 80 101 26 9
83 18 38 114 29 33 12
115 101 71 118 92 72 9
114 29 33 116 39 34 10
117 88 127 11 85 120 7
118 92 72 72 96 81 9
119 8 50 39 18 54 10
47 68 29 120 70 24 5
44 57 108 121 60 115 7
122 1 129 90 2 113 16
42 85 98 123 76 109 14
100 111 56 124 107 60 5
15 45 24 125 46 29 5
41 24 76 126 24 66 10
127 75 123 11 85 120 10
8 121 20 128 122 21 1
129 13 61 126 24 66 12
130 50 46 105 47 42 5
