9 88 65 1 99 62 11
2 20 17 103 26 10 9
20 105 28 3 115 19 13
4 70 84 15 74 78 7
10 94 33 5 97 28 5
6 54 19 32 45 23 9
7 72 26 130 64 28 8
132 82 27 8 85 16 11
9 88 65 89 87 51 14
118 89 40 10 94 33 8
11 102 118 96 105 116 3
12 30 109 60 25 106 5
99 11 68 13 10 64 4
14 124 28 3 115 19 12
15 74 78 22 84 75 10
16 122 79 82 122 80 1
17 74 95 76 67 89 9
64 86 120 18 85 121 1
66 35 66 19 36 75 9
20 105 28 102 101 33 6
38 51 33 21 46 31 5
22 84 75 9 88 65 10
53 31 53 23 26 47 7
116 129 92 24 132 96 5
25 131 119 100 115 108 19
18 85 121 26 75 132 14
79 119 54 27 123 51 5
28 117 18 3 115 19 2
86 16 116 29 1 116 15
30 8 61 13 10 64 3
40 39 111 31 48 106 10
32 45 23 49 42 25 3
33 18 48 101 24 43 7
118 89 40 34 100 44 11
35 19 18 2 20 17 1
111 30 35 36 32 36 2
19 36 75 37 41 73 5
115 50 37 38 51 33 4
53 31 53 39 40 51 9
12 30 109 40 39 111 9
4 70 84 41 62 82 8
42 47 87 46 40 85 7
43 81 35 61 80 32 3
66 35 66 44 40 60 7
45 37 83 52 40 81 3
45 37 83 46 40 85 3
69 108 63 47 111 62 3
48 15 93 0 7 91 8
21 46 31 49 42 25 7
50 65 102 106 71 102 6
91 17 83 51 6 76 13
52 40 81 19 36 75 7
53 31 53 78 28 60 7
54 53 128 121 68 132 15
85 4 27 55 1 25 3
56 99 4 95 112 8 13
33 18 48 57 12 38 11
58 32 23 93 34 16 7
59 52 61 44 40 60 12
83 28 101 60 25 106 5
7 72 26 61 80 32 10
43 81 35 62 87 42 9
63 47 129 54 53 128 6
11 102 118 64 86 120 16
65 22 90 48 15 93 7
66 35 66 77 28 66 7
67 99 82 90 98 75 7
68 33 118 112 27 112 8
69 108 63 1 99 62 9
116 129 92 70 118 95 11
127 0 36 71 0 48 12
6 54 19 72 50 10 9
73 45 93 42 47 87 6
74 79 7 8 85 16 10
27 123 51 75 132 52 9
4 70 84 76 67 89 5
77 28 66 119 19 67 9
77 28 66 78 28 60 6
79 119 54 47 111 62 11
112 27 112 80 21 118 8
22 84 75 81 88 76 4
109 110 78 82 122 80 12
124 19 97 83 28 101 9
84 9 103 129 14 105 5
98 15 26 85 4 27 11
86 16 116 80 21 118 5
113 63 106 87 66 108 3
88 93 103 114 88 93 11
62 87 42 89 87 51 9
90 98 75 81 88 76 10
65 22 90 91 17 83 8
92 113 1 95 112 8 7
93 34 16 107 41 18 7
126 48 44 94 55 47 7
3 115 19 95 112 8 11
100 115 108 96 105 116 12
97 105 83 67 99 82 6
35 19 18 98 15 26 8
99 11 68 51 6 76 9
100 115 108 70 118 95 13
23 26 47 101 24 43 4
102 101 33 5 97 28 6
93 34 16 103 26 10 10
104 60 44 94 55 47 5
99 11 68 105 15 67 4
106 71 102 17 74 95 7
107 41 18 32 45 23 6
108 40 11 107 41 18 7
109 110 78 97 105 83 7
81 88 76 110 88 82 6
101 24 43 111 30 35 10
12 30 109 112 27 112 4
50 65 102 113 63 106 4
114 88 93 110 88 82 11
126 48 44 115 50 37 7
116 129 92 82 122 80 13
117 20 120 80 21 118 2
62 87 42 118 89 40 2
119 19 67 105 15 67 4
103 26 10 120 24 2 8
121 68 132 26 75 132 7
122 69 52 104 60 44 12
123 109 67 69 108 63 4
124 19 97 48 15 93 5
97 105 83 125 106 87 4
126 48 44 39 40 51 10
85 4 27 127 0 36 9
128 128 69 16 122 79 11
124 19 97 129 14 105 9
38 51 33 130 64 28 13
131 23 122 117 20 120 3
132 82 27 61 80 32 5
