1 84 33 114 84 31 2
120 34 24 2 47 17 14
3 57 80 67 57 79 1
4 117 109 47 115 100 9
50 8 26 5 7 26 1
6 3 13 109 6 18 5
31 45 40 7 34 33 13
8 83 63 55 88 71 9
9 112 94 0 120 86 11
10 71 54 56 78 61 9
71 29 91 11 33 97 7
12 118 12 89 108 20 12
16 85 12 13 81 5 8
14 18 4 95 19 2 2
15 45 70 48 36 67 9
46 79 21 16 85 12 10
17 13 10 14 18 4 7
52 9 118 18 0 121 9
19 38 124 23 29 124 9
115 11 68 20 9 67 2
21 66 23 57 63 13 10
22 89 108 58 91 97 11
23 29 124 80 17 126 12
24 1 9 6 3 13 4
75 111 37 25 119 41 8
26 16 24 62 9 23 7
91 121 44 27 125 59 15
78 44 83 28 45 87 4
28 45 87 29 51 92 7
21 66 23 30 76 24 10
41 52 42 31 45 40 7
4 117 109 32 104 121 17
33 92 15 16 85 12 7
34 10 48 68 21 50 11
35 123 108 4 117 109 6
36 96 86 112 99 80 6
37 39 104 11 33 97 9
38 26 78 125 32 71 9
39 52 58 15 45 70 13
36 96 86 40 92 89 5
41 52 42 101 62 47 11
106 102 29 42 106 33 5
43 57 96 29 51 92 7
44 17 88 54 18 84 4
45 13 89 74 13 88 1
30 76 24 46 79 21 4
9 112 94 47 115 100 6
99 33 67 48 36 67 3
49 10 74 111 12 77 3
50 8 26 62 9 23 3
32 104 121 51 99 124 5
52 9 118 84 5 108 10
53 55 7 2 47 17 12
102 26 86 54 18 84 8
112 99 80 55 88 71 14
56 78 61 97 78 62 1
57 63 13 53 55 7 10
82 89 96 58 91 97 2
110 57 121 59 57 121 0
64 29 59 60 31 64 5
33 92 15 61 104 19 12
62 9 23 109 6 18 5
63 4 83 74 13 88 10
64 29 59 119 29 57 2
101 62 47 65 65 41 6
66 0 102 84 5 108 7
98 62 82 67 57 79 5
68 21 50 113 23 37 13
69 67 55 10 71 54 4
70 49 26 2 47 17 9
71 29 91 102 26 86 5
72 121 26 122 123 37 11
73 93 58 92 83 56 10
44 17 88 74 13 88 4
42 106 33 75 111 37 6
76 74 3 13 81 5 7
77 71 103 123 63 94 12
78 44 83 15 45 70 13
73 93 58 79 99 50 10
52 9 118 80 17 126 11
90 17 99 81 13 107 8
82 89 96 40 92 89 7
83 75 66 97 78 62 5
84 5 108 81 13 107 8
44 17 88 85 21 97 9
86 80 54 92 83 56 3
87 82 40 88 80 38 2
1 84 33 88 80 38 6
89 108 20 61 104 19 4
90 17 99 85 21 97 4
91 121 44 25 119 41 3
92 83 56 8 83 63 7
93 47 1 53 55 7 10
33 92 15 94 94 7 8
95 19 2 117 27 12 12
96 37 0 93 47 1 10
8 83 63 97 78 62 5
98 62 82 123 63 94 12
60 31 64 99 33 67 3
38 26 78 100 30 81 5
101 62 47 69 67 55 9
102 26 86 100 30 81 6
103 110 40 75 111 37 3
104 23 64 64 29 59 7
105 40 105 37 39 104 1
106 102 29 124 97 27 5
98 62 82 107 65 80 3
77 71 103 108 65 112 10
17 13 10 109 6 18 10
110 57 121 108 65 112 12
54 18 84 111 12 77 9
126 115 75 112 99 80 16
7 34 33 113 23 37 11
114 84 31 30 76 24 10
115 11 68 49 10 74 6
116 121 126 4 117 109 17
120 34 24 117 27 12 13
34 10 48 118 1 49 9
119 29 57 68 21 50 10
7 34 33 120 34 24 9
108 65 112 121 73 120 11
25 119 41 122 123 37 5
43 57 96 123 63 94 6
61 104 19 124 97 27 10
125 32 71 99 33 67 4
0 120 86 126 115 75 12
