32 7 14 1 5 19 5
2 14 0 22 5 5 10
3 39 23 37 32 23 7
4 33 13 28 32 17 4
5 9 34 16 10 33 1
15 13 30 6 17 28 4
7 12 15 35 14 15 2
8 1 11 32 7 14 6
6 17 28 9 16 20 8
10 41 38 34 33 38 8
24 22 34 11 20 38 4
16 10 33 12 7 30 4
13 38 10 4 33 13 5
14 29 9 4 33 13 5
15 13 30 16 10 33 4
16 10 33 26 12 35 2
17 1 0 22 5 5 6
0 28 27 18 25 32 5
23 11 14 19 11 11 3
14 29 9 20 31 7 2
20 31 7 21 26 1 7
22 5 5 8 1 11 7
7 12 15 23 11 14 1
24 22 34 18 25 32 3
25 15 40 11 20 38 5
26 12 35 25 15 40 5
27 8 29 12 7 30 1
40 29 23 28 32 17 6
29 26 24 0 28 27 3
30 40 22 3 39 23 1
31 29 41 18 25 32 9
23 11 14 32 7 14 4
33 4 40 5 9 34 7
31 29 41 34 33 38 5
35 14 15 9 16 20 5
13 38 10 36 41 6 5
40 29 23 37 32 23 3
33 4 40 38 4 41 1
41 16 12 39 17 13 1
40 29 23 29 26 24 3
35 14 15 41 16 12 3
