1 45 22 15 42 25 4
2 29 15 90 29 15 0
3 9 81 53 11 75 6
47 31 71 4 30 68 3
84 12 40 5 5 52 13
18 13 1 6 13 1 0
49 88 21 7 82 23 6
87 52 54 8 47 65 12
9 70 58 17 75 51 8
71 83 62 10 88 60 5
11 47 32 74 40 35 7
12 71 83 68 73 84 2
13 43 51 63 38 54 5
14 73 47 28 71 45 2
11 47 32 15 42 25 8
16 78 87 20 78 84 3
14 73 47 17 75 51 4
0 17 10 18 13 1 9
78 4 28 19 1 25 4
20 78 84 42 79 71 13
71 83 62 21 80 66 5
22 91 27 30 88 35 8
23 68 44 58 66 43 2
24 56 40 85 52 42 4
40 16 17 25 16 22 5
26 21 80 50 20 90 10
27 71 5 45 75 5 4
28 71 45 23 68 44 3
29 14 68 31 9 66 5
30 88 35 57 88 48 13
65 4 62 31 9 66 6
32 7 69 31 9 66 3
33 60 20 1 45 22 15
34 35 46 54 26 42 9
35 90 20 51 89 22 2
25 16 22 36 11 25 5
91 85 66 37 87 73 7
38 22 17 40 16 17 6
48 88 11 39 89 1 10
0 17 10 40 16 17 7
36 11 25 41 10 21 4
42 79 71 21 80 66 5
43 78 57 17 75 51 6
13 43 51 44 47 52 4
45 75 5 89 84 12 11
50 20 90 46 27 88 7
47 31 71 79 35 79 8
48 88 11 89 84 12 4
51 89 22 49 88 21 1
60 14 91 50 20 90 6
51 89 22 22 91 27 5
16 78 87 52 90 91 12
32 7 69 53 11 75 7
64 22 49 54 26 42 8
80 57 68 55 59 70 2
56 58 73 88 60 71 2
70 89 59 57 88 48 11
58 66 43 24 56 40 10
38 22 17 59 22 22 5
82 7 91 60 14 91 7
61 10 35 78 4 28 9
62 26 27 59 22 22 6
34 35 46 63 38 54 8
84 12 40 64 22 49 13
76 9 55 65 4 62 8
66 3 90 82 7 91 4
67 1 53 5 5 52 4
20 78 84 68 73 84 5
1 45 22 69 44 9 13
10 88 60 70 89 59 1
43 78 57 71 83 62 7
72 84 35 30 88 35 4
73 56 2 69 44 9 13
74 40 35 86 39 36 1
75 16 25 25 16 22 3
5 5 52 76 9 55 5
77 63 57 9 70 58 7
78 4 28 36 11 25 7
79 35 79 83 34 81 2
80 57 68 8 47 65 10
81 71 39 23 68 44 5
3 9 81 82 7 91 10
46 27 88 83 34 81 9
84 12 40 61 10 35 5
85 52 42 44 47 52 11
86 39 36 34 35 46 10
44 47 52 87 52 54 5
55 59 70 88 60 71 1
49 88 21 89 84 12 9
38 22 17 90 29 15 7
91 85 66 71 83 62 4
