8 27 19 1 21 18 6
2 39 16 46 40 17 1
27 4 27 3 0 22 6
60 14 20 4 7 22 7
5 20 13 1 21 18 5
11 2 32 6 1 33 1
43 55 45 7 64 42 9
8 27 19 57 29 21 2
9 27 23 57 29 21 2
10 44 45 54 33 47 11
27 4 27 11 2 32 5
24 25 4 12 33 7 8
13 32 33 21 30 24 9
14 4 10 67 12 8 8
15 55 50 43 55 45 5
16 15 45 19 23 47 8
17 15 35 35 19 34 4
63 59 13 18 61 15 2
68 26 44 19 23 47 4
20 63 68 30 58 57 12
36 31 21 21 30 24 3
22 54 0 40 55 6 6
58 52 51 23 50 49 2
39 21 13 24 25 4 9
25 41 21 46 40 17 4
31 8 48 26 9 50 2
27 4 27 4 7 22 5
18 61 15 28 66 17 5
53 63 6 29 67 9 5
15 55 50 30 58 57 7
31 8 48 16 15 45 7
32 38 2 12 33 7 7
33 30 52 54 33 47 5
62 18 68 34 5 67 13
56 22 39 35 19 34 5
36 31 21 49 36 22 5
37 61 37 65 65 39 4
41 51 55 38 49 60 5
39 21 13 5 20 13 1
40 55 6 44 55 12 6
58 52 51 41 51 55 4
42 18 59 26 9 50 12
43 55 45 48 54 44 1
44 55 12 0 44 17 12
45 49 42 10 44 45 5
46 40 17 0 44 17 4
47 1 12 14 4 10 3
48 54 44 51 52 43 2
49 36 22 25 41 21 5
32 38 2 50 41 0 3
51 52 43 45 49 42 3
25 41 21 52 48 28 9
53 63 6 66 61 4 2
54 33 47 68 26 44 7
55 34 68 59 37 56 12
56 22 39 13 32 33 11
36 31 21 57 29 21 2
15 55 50 58 52 51 3
59 37 56 33 30 52 8
60 14 20 1 21 18 7
34 5 67 61 2 65 3
62 18 68 42 18 59 9
44 55 12 63 59 13 4
64 49 67 38 49 60 7
7 64 42 65 65 39 3
66 61 4 40 55 6 6
5 20 13 67 12 8 9
68 26 44 56 22 39 6
