7 5 22 1 9 23 4
16 20 4 2 24 8 5
1 9 23 3 7 26 3
37 34 11 4 35 11 1
14 26 24 5 23 24 3
6 22 29 31 23 29 1
7 5 22 8 4 20 2
25 8 15 8 4 20 6
30 13 14 9 10 8 6
9 10 8 10 9 0 8
11 34 32 36 32 29 3
12 18 27 35 21 29 3
11 34 32 13 34 36 4
33 29 29 14 26 24 5
37 34 11 15 31 4 7
16 20 4 22 16 9 6
17 2 17 8 4 20 3
0 37 19 18 32 22 5
19 1 0 28 4 1 3
10 9 0 20 8 0 1
18 32 22 21 35 27 5
22 16 9 30 13 14 5
23 27 32 24 28 31 1
33 29 29 24 28 31 2
30 13 14 25 8 15 5
12 18 27 26 16 20 7
27 25 36 23 27 32 4
20 8 0 28 4 1 4
29 6 38 3 7 26 12
32 16 18 30 13 14 5
31 23 29 24 28 31 5
26 16 20 32 16 18 2
36 32 29 33 29 29 3
34 30 34 24 28 31 3
6 22 29 35 21 29 1
21 35 27 36 32 29 3
37 34 11 0 37 19 8
16 20 4 38 21 4 1
