9 54 10 1 65 17 13
6 22 20 2 14 10 12
78 32 19 3 30 14 5
4 21 59 76 24 59 3
5 30 34 47 21 28 10
50 29 13 6 22 20 9
7 84 0 87 87 3 4
36 12 7 8 12 4 3
0 52 9 9 54 10 2
70 51 50 10 51 45 5
57 20 22 11 12 25 8
62 71 34 12 72 39 5
47 21 28 13 20 30 2
14 52 26 24 49 24 3
15 68 49 21 69 46 3
60 3 75 16 9 81 8
55 28 3 17 27 4 1
18 47 9 0 52 9 5
19 67 19 1 65 17 2
25 13 34 20 7 41 9
61 64 42 21 69 46 6
46 58 58 22 51 62 8
35 44 12 23 38 15 6
81 42 24 24 49 24 7
13 20 30 25 13 34 8
59 57 81 26 63 86 7
84 53 77 27 46 78 7
1 65 17 28 74 9 12
29 80 85 63 86 81 7
28 74 9 30 85 15 12
40 62 64 31 61 65 1
38 69 73 32 64 77 6
33 57 35 14 52 26 10
33 57 35 34 66 36 9
35 44 12 18 47 9 4
2 14 10 36 12 7 3
37 66 69 54 63 69 3
37 66 69 38 69 73 5
39 37 47 77 44 46 7
58 63 57 40 62 64 7
41 39 6 35 44 12 7
29 80 85 42 79 87 2
48 58 55 43 58 51 4
12 72 39 44 77 44 7
45 23 65 49 29 70 7
46 58 58 58 63 57 5
57 20 22 47 21 28 6
46 58 58 48 58 55 3
49 29 70 67 35 63 9
50 29 13 3 30 14 1
51 52 72 75 60 71 8
49 29 70 52 25 72 4
53 5 31 25 13 34 8
31 61 65 54 63 69 4
66 33 3 55 28 3 5
56 56 55 48 58 55 2
57 20 22 6 22 20 2
58 63 57 15 68 49 9
84 53 77 59 57 81 5
86 6 70 60 3 75 5
61 64 42 34 66 36 6
62 71 34 34 66 36 5
71 84 78 63 86 81 3
52 25 72 64 30 80 9
52 25 72 65 19 75 6
66 33 3 41 39 6 6
67 35 63 79 43 55 11
82 53 8 68 51 4 4
69 51 22 24 49 24 2
56 56 55 70 51 50 7
71 84 78 38 69 73 15
65 19 75 72 11 71 8
73 10 46 20 7 41 5
74 86 15 30 85 15 1
75 60 71 54 63 69 3
76 24 59 45 23 65 6
85 48 49 77 44 46 5
23 38 15 78 32 19 7
85 48 49 79 43 55 7
80 1 20 53 5 31 11
23 38 15 81 42 24 9
0 52 9 82 53 8 1
22 51 62 83 51 63 1
84 53 77 51 52 72 5
70 51 50 85 48 49 3
72 11 71 86 6 70 5
87 87 3 30 85 15 12
