99 93 64 1 95 73 9
88 74 56 2 71 48 8
3 48 68 74 47 71 3
4 6 29 67 7 22 7
5 53 4 89 63 3 10
6 68 20 87 68 22 2
7 26 99 90 34 95 8
8 49 62 13 45 66 5
9 51 86 45 46 88 5
29 34 83 10 37 84 3
38 57 61 11 60 63 3
61 21 85 12 7 89 14
3 48 68 13 45 66 3
14 30 4 84 28 10 6
39 38 30 15 35 34 5
31 76 4 16 86 4 10
17 100 27 33 99 30 3
18 60 22 0 60 13 9
80 42 16 19 45 21 5
76 13 9 20 14 8 1
21 71 69 32 73 71 2
22 35 14 80 42 16 7
26 43 53 23 50 50 7
24 11 33 60 10 32 1
2 71 48 25 73 40 8
8 49 62 26 43 53 10
27 41 32 39 38 30 3
28 42 93 51 45 89 5
29 34 83 48 31 80 4
66 63 83 30 70 79 8
31 76 4 89 63 3 13
32 73 71 30 70 79 8
77 100 34 33 99 30 4
28 42 93 34 39 97 5
35 89 39 54 86 31 8
9 51 86 36 49 79 7
99 93 64 37 100 62 7
8 49 62 38 57 61 8
39 38 30 82 37 28 2
11 60 63 40 64 57 7
87 68 22 41 78 24 10
23 50 50 42 55 46 6
58 7 44 43 14 52 10
44 54 101 68 60 91 11
45 46 88 51 45 89 1
46 28 16 93 31 15 3
36 49 79 47 51 72 7
48 31 80 61 21 85 11
49 23 28 96 24 26 2
50 97 3 16 86 4 11
95 40 86 51 45 89 5
52 55 89 9 51 86 5
42 55 46 53 62 40 9
41 78 24 54 86 31 10
53 62 40 55 55 35 8
88 74 56 56 86 58 12
57 16 51 43 14 52 2
58 7 44 24 11 33 11
94 21 71 59 14 73 7
60 10 32 4 6 29 5
59 14 73 61 21 85 13
50 97 3 62 97 9 6
63 65 89 68 60 91 5
64 86 60 56 86 58 2
72 12 14 65 6 20 8
66 63 83 63 65 89 6
67 7 22 65 6 20 2
68 60 91 52 55 89 5
69 23 2 14 30 4 7
70 23 11 84 28 10 5
71 98 36 35 89 39 9
75 15 15 72 12 14 3
59 14 73 73 10 70 5
47 51 72 74 47 71 4
70 23 11 75 15 15 8
76 13 9 72 12 14 5
77 100 34 71 98 36 2
78 98 94 1 95 73 21
73 10 70 79 9 69 1
86 48 8 80 42 16 10
81 1 84 12 7 89 7
19 45 21 82 37 28 10
45 46 88 83 46 87 1
84 28 10 93 31 15 5
85 92 59 56 86 58 6
5 53 4 86 48 8 6
18 60 22 87 68 22 8
88 74 56 40 64 57 10
89 63 3 0 60 13 10
34 39 97 90 34 95 5
4 6 29 91 0 31 6
92 38 62 13 45 66 8
22 35 14 93 31 15 4
94 21 71 100 22 66 5
95 40 86 10 37 84 3
46 28 16 96 24 26 10
30 70 79 97 75 86 8
43 14 52 98 16 63 11
85 92 59 99 93 64 5
98 16 63 100 22 66 6
101 4 22 65 6 20 2
