1 2 11 24 9 8 7
0 20 27 2 23 28 3
18 5 23 3 4 19 4
4 19 21 8 16 23 3
5 7 27 25 9 26 2
6 0 19 3 4 19 4
16 25 14 7 25 15 1
8 16 23 0 20 27 5
9 16 21 8 16 23 2
16 25 14 10 25 12 2
8 16 23 11 11 27 6
9 16 21 12 13 15 6
18 5 23 13 2 24 3
4 19 21 14 19 17 4
27 27 20 15 27 22 2
14 19 17 16 25 14 6
17 11 1 26 14 3 3
18 5 23 5 7 27 4
20 28 13 19 29 12 1
16 25 14 20 28 13 3
12 13 15 21 16 8 7
22 5 2 28 7 4 2
12 13 15 23 10 16 3
28 7 4 24 9 8 4
25 9 26 11 11 27 2
26 14 3 21 16 8 5
27 27 20 7 25 15 5
17 11 1 28 7 4 5
29 20 1 26 14 3 6
