68 26 69 1 20 62 9
2 12 5 139 20 13 11
16 131 37 3 138 38 7
146 131 85 4 129 74 11
19 112 64 5 105 55 11
35 21 135 6 4 147 20
7 94 11 130 103 6 10
113 136 144 8 137 137 7
69 105 109 9 116 118 14
10 142 78 17 140 77 2
11 71 35 74 60 42 13
38 58 122 12 53 124 5
13 110 70 19 112 64 6
131 52 10 14 38 15 14
15 145 67 73 143 67 2
145 131 45 16 131 37 8
4 129 74 17 140 77 11
128 132 92 18 130 106 14
148 123 70 19 112 64 12
20 70 67 54 71 60 7
106 90 99 21 92 94 5
22 133 18 50 131 15 3
23 96 51 44 103 51 7
61 99 137 24 111 135 12
130 103 6 25 103 6 0
26 128 134 135 125 124 10
54 71 60 27 68 54 6
28 32 56 104 30 58 2
29 85 101 106 90 99 5
30 54 138 72 57 137 3
31 12 29 39 19 17 13
56 124 14 32 121 7 7
47 59 120 33 57 112 8
105 52 70 34 45 68 7
35 21 135 46 29 133 8
140 43 55 36 39 60 6
37 104 41 75 100 43 4
88 59 124 38 58 122 2
124 26 25 39 19 17 10
40 73 144 94 72 133 11
41 105 85 112 95 76 13
3 138 38 42 140 32 6
43 117 19 91 115 33 14
5 105 55 44 103 51 4
45 42 143 30 54 138 13
45 42 143 46 29 133 16
38 58 122 47 59 120 2
72 57 137 48 59 140 3
83 16 61 49 5 48 17
56 124 14 50 131 15 7
51 8 70 83 16 61 12
3 138 38 52 141 46 8
143 73 12 53 74 9 3
54 71 60 90 82 60 11
69 105 109 55 109 103 7
43 117 19 56 124 14 8
81 87 113 57 81 128 16
121 115 7 58 113 12 5
59 33 61 36 39 60 6
60 92 13 7 94 11 2
67 96 129 61 99 137 8
62 95 60 23 96 51 9
122 140 4 63 140 2 2
27 68 54 64 57 56 11
65 74 49 27 68 54 7
18 130 106 66 133 111 5
57 81 128 67 96 129 15
68 26 69 59 33 61 10
101 101 107 69 105 109 4
97 18 118 70 15 115 4
71 58 135 144 62 132 5
71 58 135 72 57 137 2
73 143 67 17 140 77 10
74 60 42 115 54 48 8
75 100 43 44 103 51 8
76 26 54 104 30 58 5
77 92 51 23 96 51 4
76 26 54 78 30 50 5
133 127 137 79 127 141 4
80 136 0 63 140 2 4
29 85 101 81 87 113 12
74 60 42 82 52 31 13
83 16 61 1 20 62 4
84 49 49 115 54 48 5
51 8 70 85 2 66 7
86 105 36 37 104 41 5
8 137 137 87 143 129 10
144 62 132 88 59 124 8
89 85 54 77 92 51 7
89 85 54 90 82 60 6
91 115 33 86 105 36 10
117 28 71 92 21 78 9
93 83 87 21 92 94 11
94 72 133 57 81 128 10
95 145 102 111 145 113 11
19 112 64 96 113 63 1
132 8 126 97 18 118 12
50 131 15 98 134 14 3
99 9 84 92 21 78 13
100 104 0 130 103 6 6
101 101 107 134 97 103 5
16 131 37 102 128 32 5
103 120 41 91 115 33 9
104 30 58 59 33 61 4
105 52 70 127 53 61 9
106 90 99 0 96 99 6
107 54 86 120 45 85 9
93 83 87 108 90 77 12
109 3 113 70 15 115 12
110 62 4 143 73 12 13
111 145 113 66 133 111 12
108 90 77 112 95 76 5
137 128 148 113 136 144 8
114 66 119 47 59 120 7
115 54 48 64 57 56 8
116 130 65 148 123 70 8
68 26 69 117 28 71 2
82 52 31 118 50 32 2
41 105 85 119 117 90 13
105 52 70 120 45 85 16
32 121 7 121 115 7 6
122 140 4 98 134 14 11
92 21 78 123 26 85 8
142 29 25 124 26 25 3
125 77 18 60 92 13 15
95 145 102 126 148 99 4
127 53 61 64 57 56 6
146 131 85 128 132 92 7
119 117 90 129 120 90 3
130 103 6 58 113 12 11
110 62 4 131 52 10 11
35 21 135 132 8 126 15
26 128 134 133 127 137 3
0 96 99 134 97 103 4
135 125 124 9 116 118 10
136 52 110 33 57 112 5
79 127 141 137 128 148 7
18 130 106 138 128 108 2
39 19 17 139 20 13 4
140 43 55 84 49 49 8
141 51 102 136 52 110 8
14 38 15 142 29 25 13
143 73 12 125 77 18 7
144 62 132 94 72 133 10
145 131 45 103 120 41 11
129 120 90 146 131 85 12
103 120 41 147 120 51 10
4 129 74 148 123 70 7
