1 59 45 37 59 44 1
32 74 43 2 74 40 3
3 36 32 48 32 31 4
4 25 56 19 25 53 3
49 11 9 5 3 2 10
66 17 48 6 10 49 7
7 72 25 44 64 25 8
8 40 54 46 31 46 12
28 65 18 9 66 13 5
34 67 3 10 71 5 4
3 36 32 11 38 40 8
12 25 46 46 31 46 6
13 65 19 44 64 25 6
14 39 23 0 43 21 4
58 8 17 15 3 20 5
16 56 22 44 64 25 8
71 58 38 17 62 29 9
18 51 72 20 39 72 12
19 25 53 12 25 46 7
38 35 72 20 39 72 4
21 3 70 73 0 63 7
22 10 59 59 2 58 8
23 45 28 0 43 21 7
4 25 56 24 29 61 6
67 59 12 25 54 10 5
26 69 53 40 60 53 9
27 9 11 49 11 9 2
28 65 18 13 65 19 1
29 43 39 11 38 40 5
30 33 69 36 28 63 7
40 60 53 31 60 55 2
26 69 53 32 74 43 11
33 9 35 54 16 35 7
50 63 3 34 67 3 4
55 33 25 35 26 24 7
24 29 61 36 28 63 2
70 54 40 37 59 44 6
38 35 72 30 33 69 3
39 27 41 12 25 46 5
40 60 53 1 59 45 8
41 53 39 52 52 37 2
42 24 5 62 30 18 14
43 18 38 39 27 41 9
17 62 29 44 64 25 4
45 15 39 43 18 38 3
11 38 40 46 31 46 9
47 34 20 14 39 23 5
48 32 31 53 34 27 4
49 11 9 61 17 5 7
67 59 12 50 63 3 9
51 40 8 57 46 17 10
52 52 37 69 45 31 9
56 38 26 53 34 27 4
54 16 35 43 18 38 3
55 33 25 53 34 27 2
56 38 26 14 39 23 3
57 46 17 0 43 21 5
58 8 17 27 9 11 6
59 2 58 60 2 53 5
6 10 49 60 2 53 8
61 17 5 42 24 5 7
47 34 20 62 30 18 4
22 10 59 63 12 67 8
2 74 40 64 71 40 3
7 72 25 65 74 23 2
66 17 48 12 25 46 8
67 59 12 9 66 13 7
41 53 39 68 56 37 3
23 45 28 69 45 31 3
70 54 40 41 53 39 1
71 58 38 68 56 37 2
21 3 70 72 1 74 4
73 0 63 59 2 58 5
74 34 17 47 34 20 3
