1 56 97 112 75 102 19
2 5 60 80 12 59 7
3 34 6 41 39 7 5
117 100 95 4 95 97 5
5 55 39 50 58 45 6
85 102 26 6 101 13 13
113 134 64 7 141 62 7
101 20 98 8 21 100 2
9 79 94 77 83 94 4
10 86 1 54 101 6 15
137 29 75 11 27 78 3
93 124 105 12 126 115 10
13 107 69 32 109 67 2
14 142 134 108 138 131 5
15 82 66 40 83 69 3
129 98 34 16 84 37 14
17 90 136 36 100 129 12
18 80 123 75 83 119 5
1 56 97 19 53 96 3
20 133 11 87 134 13 2
71 49 39 21 50 31 8
13 107 69 22 111 80 11
91 36 24 23 28 22 8
24 76 23 120 79 31 8
25 31 74 137 29 75 2
26 62 59 100 60 58 2
27 103 120 105 108 117 5
28 70 56 26 62 59 8
68 49 141 29 56 131 12
60 24 108 30 19 111 5
24 76 23 31 70 15 10
107 118 67 32 109 67 9
33 130 32 95 123 29 7
118 60 6 34 57 11 5
35 15 44 92 23 53 12
123 96 124 36 100 129 6
37 133 94 53 129 85 9
12 126 115 38 129 127 12
39 19 83 130 21 79 4
126 86 77 40 83 69 8
41 39 7 106 47 16 12
42 90 91 4 95 97 7
43 76 125 18 80 123 4
44 22 128 76 29 122 9
22 111 80 45 112 83 3
46 46 17 106 47 16 1
47 40 51 70 49 45 10
48 108 26 85 102 26 6
49 18 128 44 22 128 4
62 69 39 50 58 45 12
51 1 122 122 13 127 13
60 24 108 52 30 113 7
79 125 72 53 129 85 13
6 101 13 54 101 6 7
103 106 106 55 100 110 7
37 133 94 56 130 97 4
57 7 22 96 5 15 7
58 54 3 118 60 6 6
0 94 58 59 98 52 7
60 24 108 8 21 100 8
39 19 83 61 17 86 3
72 71 32 62 69 39 7
59 98 52 63 101 47 5
33 130 32 64 133 41 9
110 81 104 65 81 115 11
66 42 118 138 31 121 11
67 110 26 48 108 26 2
74 36 135 68 49 141 14
69 110 102 109 106 104 4
71 49 39 70 49 45 6
5 55 39 71 49 39 6
120 79 31 72 71 32 8
73 120 56 140 122 51 5
74 36 135 141 33 137 3
65 81 115 75 83 119 4
138 31 121 76 29 122 2
77 83 94 42 90 91 7
78 8 94 119 6 88 6
107 118 67 79 125 72 8
80 12 59 84 17 56 5
81 23 66 142 28 57 10
125 123 56 82 126 55 3
83 25 24 23 28 22 3
84 17 56 92 23 53 6
85 102 26 114 99 33 7
86 52 12 34 57 11 5
87 134 13 115 133 19 6
88 50 62 100 60 58 10
89 15 113 30 19 111 4
81 23 66 90 17 68 6
91 36 24 46 46 17 12
92 23 53 142 28 57 6
93 124 105 56 130 97 10
63 101 47 94 102 46 1
67 110 26 95 123 29 13
124 8 13 96 5 15 3
56 130 97 97 137 105 10
121 139 136 98 139 136 0
20 133 11 99 121 13 12
134 53 50 100 60 58 10
101 20 98 61 17 86 12
23 28 22 102 28 17 5
103 106 106 109 106 104 2
104 10 11 102 28 17 18
105 108 117 55 100 110 10
106 47 16 86 52 12 6
107 118 67 73 120 56 11
108 138 131 38 129 127 9
109 106 104 117 100 95 10
112 75 102 110 81 104 6
83 25 24 111 25 30 6
9 79 94 112 75 102 8
113 134 64 82 126 55 12
129 98 34 114 99 33 1
115 133 19 33 130 32 13
116 108 42 94 102 46 7
117 100 95 136 105 89 7
31 70 15 118 60 6 13
119 6 88 61 17 86 11
16 84 37 120 79 31 7
121 139 136 14 142 134 3
122 13 127 49 18 128 5
123 96 124 27 103 120 8
104 10 11 124 8 13 2
73 120 56 125 123 56 3
126 86 77 128 95 79 9
29 56 131 127 56 129 2
42 90 91 128 95 79 13
129 98 34 94 102 46 12
131 24 79 130 21 79 3
131 24 79 11 27 78 3
88 50 62 132 43 62 7
88 50 62 133 55 75 13
70 49 45 134 53 50 6
36 100 129 135 106 134 7
136 105 89 45 112 83 9
137 29 75 81 23 66 10
138 31 121 52 30 113 8
139 56 38 5 55 39 1
140 122 51 64 133 41 14
44 22 128 141 33 137 14
142 28 57 47 40 51 13
