1 43 2 102 50 12 12
2 29 7 1 43 2 14
28 67 20 3 74 23 7
88 45 82 4 41 76 7
59 71 95 5 67 84 11
34 97 72 6 107 78 11
7 73 49 74 78 60 12
8 24 15 2 29 7 9
5 67 84 9 74 82 7
10 55 8 102 50 12 6
38 99 53 11 106 56 7
12 7 11 63 11 10 4
13 62 54 78 63 48 6
22 82 94 14 85 101 7
33 46 28 15 36 34 11
16 44 62 75 41 67 5
100 44 90 17 30 89 14
18 25 0 2 29 7 8
44 65 9 19 73 14 9
96 7 49 20 1 49 6
21 25 18 8 24 15 3
91 80 94 22 82 94 2
7 73 49 23 67 48 6
24 26 84 101 28 87 3
25 63 3 27 63 4 1
9 74 82 26 82 79 8
27 63 4 44 65 9 5
19 73 14 28 67 20 8
29 51 14 72 48 19 5
30 89 49 45 87 58 9
76 92 18 31 96 17 4
32 93 25 47 93 24 1
33 46 28 97 48 32 4
56 95 69 34 97 72 3
35 72 65 74 78 60 7
36 55 95 0 68 96 13
68 24 76 37 8 76 16
82 97 52 38 99 53 2
39 15 51 48 25 59 12
40 59 9 10 55 8 4
41 57 40 93 61 47 8
70 14 14 42 14 11 3
43 11 96 86 20 102 10
40 59 9 44 65 9 6
94 86 62 45 87 58 4
43 11 96 46 7 107 11
77 100 24 47 93 24 7
64 32 53 48 25 59 9
96 7 49 49 4 57 8
86 20 102 50 27 106 8
41 57 40 51 57 35 5
31 96 17 52 99 17 3
43 11 96 53 0 97 11
54 107 31 67 99 41 12
31 96 17 55 97 5 12
56 95 69 87 89 69 6
103 105 88 57 105 101 13
58 19 20 21 25 18 6
59 71 95 0 68 96 3
35 72 65 60 74 73 8
61 60 56 13 62 54 2
62 106 30 54 107 31 1
63 11 10 42 14 11 3
64 32 53 99 33 42 11
85 55 97 65 43 104 13
33 46 28 66 50 24 5
82 97 52 67 99 41 11
24 26 84 68 24 76 8
14 85 101 69 85 106 5
58 19 20 70 14 14 7
36 55 95 71 52 83 12
66 50 24 72 48 19 5
73 6 15 12 7 11 4
94 86 62 74 78 60 8
75 41 67 4 41 76 9
76 92 18 47 93 24 6
77 100 24 62 106 30 8
23 67 48 78 63 48 4
59 71 95 79 74 95 3
53 0 97 80 0 95 2
34 97 72 81 106 67 10
30 89 49 82 97 52 8
20 1 49 83 0 45 4
37 8 76 84 0 74 8
85 55 97 36 55 95 2
17 30 89 86 20 102 16
108 85 75 87 89 69 7
88 45 82 71 52 83 7
89 70 33 3 74 23 10
99 33 42 90 42 48 10
91 80 94 79 74 95 6
58 19 20 92 16 33 13
93 61 47 78 63 48 2
87 89 69 94 86 62 7
29 51 14 95 49 14 2
96 7 49 39 15 51 8
106 55 32 97 48 32 7
98 96 74 34 97 72 2
15 36 34 99 33 42 8
100 44 90 88 45 82 8
101 28 87 17 30 89 2
29 51 14 102 50 12 2
103 105 88 6 107 78 10
26 82 79 104 91 85 10
105 61 20 28 67 20 6
51 57 35 106 55 32 3
107 45 27 33 46 28 1
26 82 79 108 85 75 5
