144 99 80 1 89 90 14
2 67 148 5 65 149 2
3 19 55 47 26 66 13
4 51 69 141 56 81 13
103 58 147 5 65 149 7
6 11 46 146 12 55 9
6 11 46 7 17 38 10
8 99 70 127 105 71 6
84 101 13 9 99 7 6
10 51 11 14 47 16 6
59 99 106 11 88 114 13
12 50 149 149 50 148 1
113 87 24 13 81 22 6
14 47 16 73 41 26 11
15 116 71 96 117 84 13
16 68 75 126 59 84 12
138 133 103 17 137 98 6
18 25 79 77 20 89 11
124 137 67 19 139 67 2
148 21 17 20 12 11 10
21 14 70 47 26 66 12
1 89 90 22 75 98 16
9 99 7 23 101 4 3
24 143 70 19 139 67 5
25 114 69 15 116 71 2
149 50 148 26 36 144 14
126 59 84 27 61 86 2
28 29 43 107 28 41 2
29 113 123 61 127 132 16
30 84 7 91 92 13 10
102 22 148 31 22 148 0
32 124 53 36 126 39 14
101 132 104 33 123 103 9
34 100 55 90 92 61 10
147 47 113 35 39 112 8
36 126 39 79 120 33 8
81 126 83 37 129 76 7
112 9 122 38 10 126 4
39 86 131 67 89 125 6
20 12 11 40 17 3 9
41 10 90 145 16 88 6
48 29 141 42 31 136 5
106 113 92 43 106 93 7
44 37 70 47 26 66 11
45 36 103 46 40 106 5
35 39 112 46 40 106 6
18 25 79 47 26 66 13
26 36 144 48 29 141 7
49 6 56 146 12 55 6
41 10 90 50 8 97 7
88 148 38 51 143 33 7
52 94 46 60 102 47 8
140 13 98 53 11 109 11
54 98 16 91 92 13 6
99 80 37 55 70 33 10
56 40 100 45 36 103 5
137 14 30 57 3 29 11
58 86 29 130 89 38 9
59 99 106 43 106 93 14
34 100 55 60 102 47 8
61 127 132 120 130 125 7
37 129 76 62 130 75 1
70 36 13 63 36 6 7
64 20 114 53 11 109 10
65 113 22 105 109 17 6
66 22 95 94 30 99 8
67 89 125 115 93 121 5
68 122 26 65 113 22 9
137 14 30 69 24 22 12
70 36 13 14 47 16 11
71 139 10 128 148 25 17
119 69 132 72 61 130 8
135 53 33 73 41 26 13
78 21 36 74 24 36 3
75 138 45 36 126 39 13
55 70 33 76 67 29 5
77 20 89 66 22 95 6
7 17 38 78 21 36 4
68 122 26 79 120 33 7
126 59 84 80 57 86 2
81 126 83 96 117 84 9
38 10 126 82 9 138 12
129 49 53 83 56 52 7
84 101 13 54 98 16 4
121 61 115 85 50 117 11
21 14 70 86 0 73 14
42 31 136 87 25 133 6
75 138 45 88 148 38 12
89 63 114 111 75 117 12
90 92 61 8 99 70 11
91 92 13 133 90 22 9
116 106 142 92 104 148 6
93 139 121 132 147 118 8
94 30 99 45 36 103 7
67 89 125 95 81 124 8
106 113 92 96 117 84 8
17 137 98 97 146 96 9
98 59 134 72 61 130 4
130 89 38 99 80 37 9
76 67 29 100 64 20 9
101 132 104 118 137 120 16
48 29 141 102 22 148 9
103 58 147 98 59 134 13
104 80 70 16 68 75 13
105 109 17 84 101 13 8
106 113 92 33 123 103 14
74 24 36 107 28 41 6
71 139 10 108 147 5 9
109 112 16 105 109 17 3
44 37 70 110 43 81 12
111 75 117 95 81 124 9
112 9 122 53 11 109 13
58 86 29 113 87 24 5
114 84 48 52 94 46 10
11 88 114 115 93 121 8
116 106 142 29 113 123 20
117 118 3 109 112 16 14
118 137 120 93 139 121 2
95 81 124 119 69 132 14
120 130 125 118 137 120 8
89 63 114 121 61 115 2
85 50 117 122 44 125 10
123 36 112 35 39 112 3
124 137 67 62 130 75 10
75 138 45 125 145 52 9
141 56 81 126 59 84 4
25 114 69 127 105 71 9
150 145 28 128 148 25 4
129 49 53 4 51 69 16
52 94 46 130 89 38 9
61 127 132 131 126 135 3
0 149 129 132 147 118 11
133 90 22 113 87 24 3
134 86 133 39 86 131 2
135 53 33 76 67 29 14
136 50 107 147 47 113 6
7 17 38 137 14 30 8
101 132 104 138 133 103 1
24 143 70 139 150 65 8
140 13 98 50 8 97 5
110 43 81 141 56 81 13
142 5 3 20 12 11 10
143 5 22 57 3 29 7
127 105 71 144 99 80 10
77 20 89 145 16 88 4
146 12 55 3 19 55 7
147 47 113 85 50 117 5
148 21 17 69 24 22 5
149 50 148 103 58 147 8
150 145 28 51 143 33 5
