1 67 99 83 61 98 6
128 82 90 2 77 87 5
88 31 103 3 29 103 2
76 132 35 4 142 31 10
5 108 96 29 114 96 6
6 134 124 37 126 121 8
99 15 30 7 14 39 9
31 136 112 8 131 109 5
9 59 136 53 63 129 8
18 41 57 10 39 67 10
11 54 82 70 48 70 13
12 97 0 131 86 2 11
13 117 102 124 125 98 8
14 72 38 0 64 40 8
89 93 46 15 84 53 11
48 87 130 16 97 139 13
106 18 145 17 10 146 8
93 45 50 18 41 57 8
19 45 31 123 48 36 5
17 10 146 20 8 144 2
138 109 38 21 109 35 3
22 29 45 93 45 50 16
23 57 28 90 64 25 7
27 77 18 24 70 20 7
25 126 42 76 132 35 9
137 43 110 26 42 108 2
27 77 18 117 80 9 9
132 14 137 28 6 133 8
29 114 96 13 117 102 6
30 72 94 1 67 99 7
31 136 112 50 138 113 2
34 16 5 32 10 6 6
33 49 126 114 47 134 8
61 32 6 34 16 5 16
35 52 1 58 42 0 10
36 99 8 92 102 5 4
43 122 118 37 126 121 5
84 5 145 38 1 144 4
39 116 128 122 116 123 5
75 15 56 40 14 58 2
41 122 31 125 116 22 10
4 142 31 42 133 17 16
115 116 113 43 122 118 7
44 62 113 145 69 105 10
32 10 6 45 6 2 5
139 37 127 46 33 128 4
42 133 17 47 125 4 15
48 87 130 91 69 132 18
49 93 27 101 93 28 1
50 138 113 6 134 124 11
51 21 27 99 15 30 6
52 107 86 5 108 96 10
53 63 129 95 66 129 3
32 10 6 54 13 22 16
55 124 78 127 119 71 8
56 97 47 89 93 46 4
71 134 94 57 131 97 4
58 42 0 61 32 6 11
59 119 70 121 110 57 15
103 142 129 60 142 140 11
120 40 14 61 32 6 11
79 86 60 62 82 63 5
63 1 32 82 0 26 6
123 48 36 64 53 49 13
65 40 122 33 49 126 9
66 90 41 142 82 34 10
67 79 66 62 82 63 4
68 64 147 118 65 140 7
69 61 87 11 54 82 8
10 39 67 70 48 70 9
71 134 94 100 132 87 7
72 27 77 10 39 67 15
72 27 77 73 20 84 9
74 66 56 134 54 56 12
75 15 56 98 19 56 4
41 122 31 76 132 35 10
77 89 72 107 79 74 10
4 142 31 78 145 33 3
79 86 60 15 84 53 7
80 112 123 122 116 123 4
81 18 125 46 33 128 15
82 0 26 54 13 22 13
69 61 87 83 61 98 11
20 8 144 84 5 145 3
85 33 145 136 19 142 14
19 45 31 86 46 21 10
87 110 12 92 102 5 10
88 31 103 26 42 108 12
89 93 46 66 90 41 5
90 64 25 24 70 20 7
91 69 132 95 66 129 4
12 97 0 92 102 5 7
64 53 49 93 45 50 8
94 0 96 73 20 84 23
44 62 113 95 66 129 16
129 119 135 96 121 140 5
133 71 104 97 75 103 4
98 19 56 22 29 45 14
54 13 22 99 15 30 8
100 132 87 55 124 78 12
109 95 36 101 93 28 8
102 98 102 5 108 96 11
103 142 129 6 134 124 9
104 55 32 23 57 28 4
28 6 133 105 5 126 7
106 18 145 136 19 142 3
67 79 66 107 79 74 8
25 126 42 108 138 49 13
109 95 36 66 90 41 7
110 110 45 56 97 47 13
97 75 103 111 77 109 6
119 90 19 112 88 13 6
113 124 95 124 125 98 3
114 47 134 9 59 136 12
13 117 102 115 116 113 11
42 133 17 116 145 3 18
112 88 13 117 80 9 8
9 59 136 118 65 140 7
49 93 27 119 90 19 8
120 40 14 86 46 21 9
135 119 54 121 110 57 9
43 122 118 122 116 123 7
104 55 32 123 48 36 8
57 131 97 124 125 98 6
125 116 22 87 110 12 11
68 64 147 126 56 145 8
59 119 70 127 119 71 1
130 80 93 128 82 90 3
39 116 128 129 119 135 7
130 80 93 30 72 94 8
131 86 2 117 80 9 9
132 14 137 81 18 125 12
145 69 105 133 71 104 2
134 54 56 64 53 49 7
110 110 45 135 119 54 12
132 14 137 136 19 142 7
137 43 110 65 40 122 12
110 110 45 138 109 38 7
65 40 122 139 37 127 5
140 146 105 50 138 113 11
141 60 100 83 61 98 2
14 72 38 142 82 34 10
118 65 140 143 69 140 4
23 57 28 144 56 27 1
1 67 99 145 69 105 6
102 98 102 146 96 109 7
40 14 58 147 6 68 12
