0 25 1 1 23 2 2
7 11 6 2 4 8 7
3 17 3 1 23 2 6
3 17 3 4 15 5 2
5 34 6 11 25 8 9
6 18 30 41 22 34 5
4 15 5 7 11 6 4
8 41 42 31 37 42 4
21 29 16 9 29 20 4
10 3 23 26 1 28 5
1 23 2 11 25 8 6
12 21 13 11 25 8 6
17 30 26 13 25 27 5
40 16 33 14 8 32 8
15 38 34 22 35 28 6
10 3 23 16 1 19 4
9 29 20 17 30 26 6
33 40 16 18 41 14 2
19 24 41 36 25 42 1
20 5 0 7 11 6 8
11 25 8 21 29 16 8
22 35 28 38 35 25 3
23 31 39 34 33 37 2
16 1 19 24 0 17 2
25 34 40 34 33 37 3
26 1 28 14 8 32 8
27 37 21 38 35 25 4
12 21 13 28 17 13 4
29 15 28 6 18 30 3
30 22 38 19 24 41 3
25 34 40 31 37 42 3
32 25 36 30 22 38 3
27 37 21 33 40 16 5
15 38 34 34 33 37 5
38 35 25 35 38 26 3
36 25 42 37 29 41 4
23 31 39 37 29 41 2
17 30 26 38 35 25 5
5 34 6 39 34 8 2
40 16 33 6 18 30 3
41 22 34 32 25 36 3
30 22 38 42 19 37 3
