4 7 19 1 4 9 10
36 44 60 2 36 54 10
52 6 100 3 6 100 0
4 7 19 92 22 21 15
58 39 86 5 44 81 7
6 113 118 113 109 116 4
93 20 87 7 24 87 4
8 48 27 88 55 17 12
53 53 96 9 58 105 10
22 91 68 10 88 63 5
11 18 43 100 30 50 13
119 34 79 12 30 73 7
13 102 62 35 114 64 12
44 59 106 14 57 115 9
51 86 78 15 83 88 10
16 5 104 108 7 114 10
17 123 105 46 122 105 1
18 118 122 6 113 118 6
19 40 41 118 38 44 3
26 82 64 20 82 65 1
27 57 84 21 63 90 8
116 95 63 22 91 68 6
82 111 94 23 118 92 7
24 31 31 91 36 38 8
25 93 47 48 87 41 8
114 84 64 26 82 64 2
60 47 88 27 57 84 10
73 16 61 28 15 63 2
59 66 64 29 70 64 4
30 75 22 40 67 17 9
65 96 111 31 90 120 10
32 9 115 80 19 121 11
33 2 45 95 11 48 9
24 31 31 34 24 31 7
0 123 67 35 114 64 9
71 54 62 36 44 60 10
70 120 87 37 122 88 2
38 7 55 95 11 48 8
39 77 80 51 86 78 9
40 67 17 103 62 13 6
41 25 14 92 22 21 7
84 26 98 42 24 101 3
31 90 120 43 85 116 6
9 58 105 44 59 106 1
45 91 88 15 83 88 8
46 122 105 90 118 110 6
114 84 64 47 85 68 4
48 87 41 125 89 27 14
68 45 5 49 45 2 3
43 85 116 50 84 113 3
89 91 77 51 86 78 5
16 5 104 52 6 100 4
53 53 96 60 47 88 10
54 99 40 75 98 42 2
18 118 122 55 112 125 6
56 124 0 123 121 1 3
109 31 116 57 29 124 8
119 34 79 58 39 86 8
74 65 68 59 66 64 4
104 43 91 60 47 88 5
61 15 69 66 11 67 4
46 122 105 62 127 108 5
35 114 64 63 116 52 12
1 4 9 64 12 1 11
65 96 111 78 94 104 7
28 15 63 66 11 67 5
0 123 67 67 122 69 2
128 37 9 68 45 5 8
69 0 61 38 7 55 9
23 118 92 70 120 87 5
74 65 68 71 54 62 12
72 97 99 117 103 90 10
107 15 54 73 16 61 7
74 65 68 121 71 73 7
75 98 42 25 93 47 7
68 45 5 76 45 12 7
42 24 101 77 29 108 8
72 97 99 78 94 104 5
70 120 87 79 125 84 5
57 29 124 80 19 121 10
31 90 120 81 97 122 7
117 103 90 82 111 94 8
87 41 48 83 37 44 5
7 24 87 84 26 98 11
57 29 124 85 36 127 7
101 123 6 86 119 9 5
87 41 48 2 36 54 7
88 55 17 76 45 12 11
89 91 77 22 91 68 9
6 113 118 90 118 110 9
19 40 41 91 36 38 5
122 29 25 92 22 21 8
93 20 87 96 19 84 3
106 89 19 94 106 2 24
95 11 48 11 18 43 8
96 19 84 61 15 69 15
97 0 113 108 7 114 7
117 103 90 98 108 86 6
30 75 22 99 71 32 10
2 36 54 100 30 50 7
123 121 1 101 123 6 5
102 27 87 7 24 87 3
103 62 13 88 55 17 8
58 39 86 104 43 91 6
103 62 13 105 57 9 6
125 89 27 106 89 19 8
107 15 54 95 11 48 7
108 7 114 32 9 115 2
77 29 108 109 31 116 8
110 68 33 99 71 32 3
63 116 52 111 115 40 12
112 116 11 86 119 9 3
113 109 116 65 96 111 13
10 88 63 114 84 64 4
115 109 0 94 106 2 3
13 102 62 116 95 63 7
45 91 88 117 103 90 12
83 37 44 118 38 44 1
102 27 87 119 34 79 10
101 123 6 120 124 6 1
121 71 73 39 77 80 9
122 29 25 24 31 31 6
123 121 1 115 109 0 12
124 61 25 88 55 17 10
30 75 22 125 89 27 14
114 84 64 126 83 62 2
127 67 44 110 68 33 11
128 37 9 41 25 14 13
