45 25 36 1 28 39 4
8 29 2 2 35 2 6
12 29 13 3 32 15 3
4 43 4 22 41 8 4
5 6 15 40 2 10 6
33 12 3 6 9 6 4
43 21 44 7 20 47 3
8 29 2 16 25 5 5
9 18 27 0 15 29 3
5 6 15 10 0 22 9
11 11 42 41 13 45 3
12 29 13 46 26 6 7
21 18 18 13 15 11 7
14 0 31 29 1 30 1
15 40 46 1 28 39 13
16 25 5 26 20 7 5
17 43 20 47 43 15 5
2 35 2 18 36 7 5
44 14 8 19 14 5 3
18 36 7 20 38 7 2
21 18 18 39 23 22 6
22 41 8 20 38 7 3
23 9 47 41 13 45 4
6 9 6 24 5 5 4
25 24 26 27 22 27 2
13 15 11 26 20 7 6
27 22 27 9 18 27 4
22 41 8 28 39 11 3
29 1 30 42 5 25 6
15 40 46 30 44 47 4
12 29 13 31 28 14 1
7 20 47 32 15 47 5
19 14 5 33 12 3 2
25 24 26 34 28 34 8
35 42 29 36 34 32 8
37 30 34 36 34 32 4
34 28 34 37 30 34 2
38 8 0 33 12 3 5
25 24 26 39 23 22 4
40 2 10 24 5 5 5
32 15 47 41 13 45 2
10 0 22 42 5 25 5
43 21 44 45 25 36 8
13 15 11 44 14 8 3
34 28 34 45 25 36 3
46 26 6 16 25 5 1
28 39 11 47 43 15 5
