1 32 93 2 32 87 6
30 32 81 2 32 87 6
3 103 119 66 95 114 9
6 47 15 4 44 18 4
140 27 129 5 23 124 6
6 47 15 80 52 19 6
7 49 79 22 45 81 4
8 84 27 119 96 26 12
9 135 91 138 143 89 8
108 9 54 10 4 41 13
11 120 150 32 117 149 3
12 120 56 143 113 41 16
13 36 31 155 33 17 14
14 16 98 90 21 98 5
15 89 82 45 82 84 7
16 65 24 26 68 37 13
17 88 124 67 89 127 3
18 6 97 156 8 97 2
104 90 151 19 92 153 2
20 30 93 1 32 93 2
117 10 5 21 1 3 9
22 45 81 64 38 73 10
23 144 43 84 142 41 2
33 4 34 24 19 32 15
25 99 138 50 108 130 12
26 68 37 124 70 38 2
27 46 159 49 32 158 14
28 100 57 0 98 58 2
29 60 38 26 68 37 8
64 38 73 30 32 81 10
31 61 59 133 73 66 13
32 117 149 145 103 143 15
33 4 34 10 4 41 7
120 30 45 34 38 49 8
35 3 111 156 8 97 14
96 17 158 36 8 152 10
37 31 106 148 35 94 12
38 20 67 41 30 55 15
0 98 58 39 94 46 12
53 4 136 40 1 131 5
120 30 45 41 30 55 10
42 79 29 8 84 27 5
117 10 5 43 8 16 11
41 30 55 44 15 52 15
52 76 73 45 82 84 12
46 48 126 98 46 116 10
47 40 109 95 35 112 5
48 54 5 6 47 15 12
55 30 157 49 32 158 2
50 108 130 3 103 119 12
126 138 114 51 141 125 11
52 76 73 139 62 78 14
53 4 136 131 1 142 6
54 17 147 36 8 152 10
55 30 157 63 35 143 14
56 157 3 115 154 9 6
17 88 124 57 90 117 7
143 113 41 58 113 33 8
72 144 36 59 142 31 5
60 80 101 68 81 100 1
106 134 66 61 139 69 5
86 51 142 62 61 134 12
63 35 143 77 38 137 6
64 38 73 38 20 67 18
135 130 54 65 139 41 15
57 90 117 66 95 114 5
129 87 133 67 89 127 6
45 82 84 68 81 100 16
72 144 36 69 151 31 8
70 134 102 9 135 91 11
71 126 159 11 120 150 10
72 144 36 102 144 39 3
73 141 72 61 139 69 3
74 139 17 150 140 17 1
6 47 15 75 42 12 5
76 135 57 135 130 54 5
77 38 137 105 32 132 7
78 158 140 51 141 125 22
79 136 33 59 142 31 6
149 63 19 80 52 19 11
81 113 130 50 108 130 5
77 38 137 82 39 136 1
83 54 112 98 46 116 8
84 142 41 65 139 41 3
85 134 89 9 135 91 2
86 51 142 77 38 137 13
48 54 5 87 64 4 10
127 37 115 88 34 117 3
89 124 20 154 138 23 14
90 21 98 20 30 93 10
94 46 85 91 48 94 9
92 31 9 155 33 17 8
157 73 133 93 74 147 14
94 46 85 22 45 81 4
37 31 106 95 35 112 7
55 30 157 96 17 158 13
97 68 122 157 73 133 12
127 37 115 98 46 116 9
92 31 9 99 29 6 3
100 154 107 107 154 107 0
101 8 125 40 1 131 9
102 144 39 84 142 41 2
69 151 31 103 159 26 9
113 82 151 104 90 151 8
159 37 124 105 32 132 9
111 135 60 106 134 66 6
128 154 98 107 154 107 9
108 9 54 44 15 52 6
109 80 3 87 64 4 16
110 28 131 105 32 132 4
111 135 60 136 135 59 1
73 141 72 112 154 67 13
113 82 151 93 74 147 8
114 105 0 109 80 3 25
115 154 9 150 140 17 16
106 134 66 116 123 70 11
152 13 5 117 10 5 3
73 141 72 118 144 77 5
119 96 26 58 113 33 18
13 36 31 120 30 45 15
82 39 136 121 40 134 2
122 148 82 118 144 77 6
73 141 72 123 140 73 1
42 79 29 124 70 38 12
125 12 75 38 20 67 11
126 138 114 70 134 102 12
127 37 115 95 35 112 3
128 154 98 138 143 89 14
129 87 133 130 76 133 11
157 73 133 130 76 133 3
158 0 153 131 1 142 11
132 27 114 88 34 117 7
52 76 73 133 73 66 7
83 54 112 134 61 105 9
12 120 56 135 130 54 10
136 135 59 76 135 57 2
108 9 54 137 4 57 5
138 143 89 122 148 82 8
139 62 78 151 54 80 8
140 27 129 110 28 131 2
141 57 158 27 46 159 11
142 61 93 134 61 105 12
39 94 46 143 113 41 19
78 158 140 144 157 159 19
25 99 138 145 103 143 6
146 87 53 39 94 46 9
19 92 153 147 103 158 12
1 32 93 148 35 94 3
149 63 19 16 65 24 5
150 140 17 154 138 23 6
7 49 79 151 54 80 5
152 13 5 99 29 6 16
153 97 79 15 89 82 8
154 138 23 59 142 31 8
75 42 12 155 33 17 10
156 8 97 14 16 98 8
157 73 133 62 61 134 12
36 8 152 158 0 153 8
159 37 124 88 34 117 7
