1 75 107 66 75 95 12
2 49 96 64 48 96 1
87 62 15 3 64 7 8
35 92 10 4 88 6 5
5 16 67 0 11 65 5
6 30 85 73 26 87 4
7 78 1 84 83 1 5
102 20 75 8 22 85 10
9 3 50 43 2 61 11
83 26 71 10 29 74 4
44 42 91 11 43 96 5
12 56 71 82 52 69 4
13 78 43 30 77 35 8
14 99 80 105 96 83 4
15 69 85 92 72 88 4
9 3 50 16 0 45 5
17 71 16 87 62 15 9
18 93 32 49 102 36 9
0 11 65 19 10 69 4
99 34 6 20 40 2 7
21 36 88 6 30 85 6
59 23 25 22 15 33 11
82 52 69 23 56 66 5
24 67 36 70 64 39 4
25 75 58 88 79 51 8
60 38 72 26 44 76 7
14 99 80 27 99 72 8
28 48 82 26 44 76 7
23 56 66 29 57 54 12
38 74 32 30 77 35 4
31 81 107 1 75 107 6
32 82 78 53 77 73 7
33 73 72 53 77 73 4
34 103 91 63 102 104 13
35 92 10 86 91 20 10
36 106 51 37 97 61 13
37 97 61 27 99 72 11
38 74 32 24 67 36 8
39 42 17 71 34 10 10
75 4 48 40 5 44 4
85 64 98 41 61 101 4
42 60 20 87 62 15 5
0 11 65 43 2 61 9
44 42 91 48 38 88 5
45 93 102 31 81 107 13
94 71 89 46 73 93 4
26 44 76 47 50 71 7
21 36 88 48 38 88 2
49 102 36 52 106 49 13
93 19 100 50 8 103 11
65 31 72 51 34 74 3
36 106 51 52 106 49 2
53 77 73 72 81 61 12
100 64 85 54 62 90 5
61 5 3 55 1 7 5
68 48 10 56 57 14 9
32 82 78 57 77 83 7
58 18 63 5 16 67 4
59 23 25 96 30 23 7
60 38 72 51 34 74 4
61 5 3 76 19 12 16
39 42 17 62 45 17 3
69 94 105 63 102 104 8
64 48 96 11 43 96 5
65 31 72 10 29 74 2
66 75 95 46 73 93 2
67 41 40 81 30 45 12
68 48 10 62 45 17 7
45 93 102 69 94 105 3
70 64 39 97 57 40 7
71 34 10 78 24 14 10
72 81 61 25 75 58 6
8 22 85 73 26 87 4
40 5 44 74 5 42 2
9 3 50 75 4 48 2
76 19 12 78 24 14 5
90 61 49 77 56 41 9
96 30 23 78 24 14 10
107 3 29 79 10 22 9
80 42 55 89 29 56 13
89 29 56 81 30 45 11
47 50 71 82 52 69 2
83 26 71 102 20 75 7
101 87 2 84 83 1 4
85 64 98 54 62 90 8
106 97 25 86 91 20 7
87 62 15 56 57 14 5
88 79 51 13 78 43 8
58 18 63 89 29 56 13
90 61 49 29 57 54 6
80 42 55 91 44 57 2
92 72 88 57 77 83 7
104 16 90 93 19 100 10
94 71 89 92 72 88 1
95 100 25 106 97 25 3
96 30 23 98 31 32 9
77 56 41 97 57 40 1
67 41 40 98 31 32 12
71 34 10 99 34 6 4
15 69 85 100 64 85 5
101 87 2 4 88 6 4
102 20 75 5 16 67 8
103 8 90 104 16 90 8
104 16 90 8 22 85 7
34 103 91 105 96 83 10
106 97 25 18 93 32 8
22 15 33 107 3 29 12
