1 29 38 9 32 34 5
2 8 26 4 11 26 3
17 4 39 3 1 45 6
15 14 27 4 11 26 3
53 30 28 5 28 29 2
6 25 28 5 28 29 3
36 0 14 7 0 12 2
33 13 46 8 17 44 4
27 31 32 9 32 34 2
10 40 20 30 43 25 5
16 33 30 11 38 27 5
12 15 22 32 16 24 2
13 37 47 21 36 40 7
29 6 29 14 5 27 2
51 16 34 15 14 27 7
53 30 28 16 33 30 3
44 4 35 17 4 39 4
12 15 22 18 17 19 3
19 6 52 28 2 50 4
42 44 9 20 40 4 6
21 36 40 9 32 34 7
10 40 20 22 44 11 9
23 47 38 38 45 48 10
24 54 22 30 43 25 11
31 28 13 25 24 9 5
41 37 52 26 28 53 9
16 33 30 27 31 32 2
28 2 50 40 2 49 1
2 8 26 29 6 29 3
11 38 27 30 43 25 5
31 28 13 47 28 15 2
32 16 24 15 14 27 3
33 13 46 37 11 40 6
34 24 34 5 28 29 6
35 27 49 26 28 53 4
14 5 27 36 0 14 13
51 16 34 37 11 40 7
38 45 48 13 37 47 8
39 7 2 52 8 8 6
3 1 45 40 2 49 4
41 37 52 13 37 47 5
22 44 11 42 44 9 2
43 50 4 54 49 6 2
29 6 29 44 4 35 6
45 3 1 39 7 2 4
23 47 38 46 53 34 7
47 28 15 50 23 17 5
14 5 27 48 4 27 1
43 50 4 49 54 6 4
50 23 17 18 17 19 6
51 16 34 34 24 34 8
52 8 8 7 0 12 8
53 30 28 0 30 25 3
42 44 9 54 49 6 5
