13 11 32 1 15 34 4
2 2 33 59 4 38 5
3 62 50 37 55 53 7
4 0 52 30 2 52 2
5 26 37 51 23 36 3
6 17 53 34 16 46 7
46 9 11 7 19 11 10
8 47 39 23 50 29 10
68 9 47 9 8 48 1
65 35 0 10 39 1 4
11 0 30 2 2 33 3
12 45 63 62 44 65 2
59 4 38 13 11 32 9
61 11 56 14 12 60 4
19 26 29 15 30 30 4
16 33 12 27 30 10 3
17 26 10 7 19 11 7
18 54 69 62 44 65 10
51 23 36 19 26 29 7
20 43 21 35 36 30 11
21 4 20 69 2 27 7
22 65 58 47 58 58 7
23 50 29 50 49 22 7
24 35 13 16 33 12 2
25 15 36 1 15 34 2
40 63 3 26 58 0 5
27 30 10 17 26 10 4
28 21 21 53 17 24 5
33 52 19 29 60 24 9
9 8 48 30 2 52 7
17 26 10 31 26 3 7
32 14 29 13 11 32 4
33 52 19 50 49 22 4
68 9 47 34 16 46 7
15 30 30 35 36 30 6
33 52 19 36 57 14 7
47 58 58 37 55 53 5
55 40 61 38 38 63 2
26 58 0 39 52 1 6
57 64 4 40 63 3 1
41 4 14 21 4 20 6
5 26 37 42 27 41 4
67 33 62 43 28 69 8
44 65 9 54 60 15 7
45 57 62 18 54 69 7
41 4 14 46 9 11 5
47 58 58 45 57 62 4
10 39 1 48 41 5 4
49 12 67 14 12 60 7
20 43 21 50 49 22 6
51 23 36 1 15 34 8
44 65 9 52 64 8 1
53 17 24 32 14 29 5
36 57 14 54 60 15 3
55 40 61 56 37 54 7
66 43 45 56 37 54 10
57 64 4 52 64 8 4
31 26 3 58 34 0 8
59 4 38 63 7 45 7
64 5 6 60 2 4 3
6 17 53 61 11 56 6
62 44 65 55 40 61 5
63 7 45 0 8 45 1
64 5 6 46 9 11 6
65 35 0 58 34 0 1
8 47 39 66 43 45 7
38 38 63 67 33 62 5
68 9 47 0 8 45 2
11 0 30 69 2 27 3
