1 10 36 34 7 31 5
2 32 17 12 28 20 5
3 38 4 14 35 7 4
3 38 4 4 39 4 1
2 32 17 5 38 18 6
9 28 9 6 29 5 4
7 36 1 3 38 4 3
8 28 31 0 25 39 8
9 28 9 29 29 10 1
23 10 17 10 8 23 6
10 8 23 11 8 27 4
12 28 20 22 29 26 6
13 1 22 10 8 23 7
32 32 8 14 35 7 3
18 21 1 15 21 1 0
16 12 6 24 10 11 5
0 25 39 17 20 39 5
19 14 4 18 21 1 7
16 12 6 19 14 4 2
8 28 31 20 33 33 5
21 16 13 36 19 18 5
8 28 31 22 29 26 5
23 10 17 24 10 11 6
21 16 13 24 10 11 6
25 4 0 26 11 4 8
26 11 4 16 12 6 2
35 22 29 27 18 25 5
28 24 12 36 19 18 7
28 24 12 29 29 10 5
30 35 33 20 33 33 2
34 7 31 31 6 33 2
32 32 8 29 29 10 3
33 30 0 6 29 5 5
34 7 31 11 8 27 4
8 28 31 35 22 29 6
36 19 18 27 18 25 7
20 33 33 37 34 35 2
37 34 35 38 35 36 1
39 0 14 13 1 22 8
