78 53 66 1 53 68 2
2 18 42 43 28 39 10
3 35 4 11 27 10 10
4 99 99 41 98 90 9
5 90 54 91 90 51 3
6 8 8 54 4 17 9
97 73 65 7 69 62 5
57 7 46 8 0 44 7
9 91 24 49 90 32 8
10 66 52 7 69 62 10
11 27 10 44 28 24 14
15 47 19 12 59 23 12
13 2 28 86 1 38 10
14 104 64 52 96 67 8
15 47 19 42 35 29 15
102 57 93 16 61 97 5
17 42 106 0 49 100 9
18 75 72 51 87 77 13
69 98 18 19 103 16 5
20 35 58 81 35 46 12
21 8 19 54 4 17 4
98 40 38 22 47 36 7
48 38 61 23 41 66 5
24 1 84 28 3 86 2
26 61 56 25 54 49 9
26 61 56 10 66 52 6
55 84 6 27 75 12 10
28 3 86 30 7 87 4
29 59 0 27 75 12 20
92 16 88 30 7 87 9
25 54 49 31 50 56 8
32 76 63 97 73 65 3
24 1 84 33 0 81 3
34 5 82 45 4 82 1
51 87 77 35 87 79 2
25 54 49 36 46 44 9
37 9 26 13 2 28 7
35 87 79 38 89 82 3
46 30 36 39 23 31 8
100 17 100 40 20 102 3
41 98 90 56 90 94 8
42 35 29 46 30 36 8
43 28 39 81 35 46 9
39 23 31 44 28 24 8
24 1 84 45 4 82 3
43 28 39 46 30 36 3
47 16 77 88 14 72 5
20 35 58 48 38 61 4
65 91 37 49 90 32 5
50 106 38 70 94 36 12
63 95 76 51 87 77 8
63 95 76 52 96 67 9
53 77 55 32 76 63 8
54 4 17 75 3 19 2
95 89 10 55 84 6 6
56 90 94 105 82 105 13
57 7 46 89 12 45 5
69 98 18 58 95 11 7
57 7 46 59 10 57 11
37 9 26 60 16 23 7
61 0 43 8 0 44 1
40 20 102 62 20 106 4
99 103 80 63 95 76 8
9 91 24 64 97 19 7
65 91 37 74 88 41 5
66 85 36 74 88 41 5
67 104 50 50 106 38 12
89 12 45 68 9 40 5
69 98 18 64 97 19 1
70 94 36 65 91 37 3
71 72 104 16 61 97 13
72 87 51 53 77 55 10
19 103 16 73 103 11 5
87 82 44 74 88 41 6
75 3 19 85 1 25 6
80 23 91 76 28 89 5
59 10 57 77 3 59 7
78 53 66 31 50 56 10
79 14 67 59 10 57 10
90 19 86 80 23 91 6
94 38 45 81 35 46 3
82 59 39 25 54 49 11
83 66 88 102 57 93 10
84 67 25 12 59 23 8
13 2 28 85 1 25 3
61 0 43 86 1 38 5
72 87 51 87 82 44 8
79 14 67 88 14 72 5
2 18 42 89 12 45 6
90 19 86 47 16 77 9
91 90 51 72 87 51 3
92 16 88 90 19 86 3
93 104 82 41 98 90 10
98 40 38 94 38 45 7
95 89 10 58 95 11 6
96 77 39 87 82 44 7
18 75 72 97 73 65 7
36 46 44 98 40 38 8
99 103 80 93 104 82 2
100 17 100 80 23 91 10
106 29 59 101 27 69 10
102 57 93 0 49 100 10
103 90 54 5 90 54 0
104 3 100 30 7 87 13
71 72 104 105 82 105 10
20 35 58 106 29 59 6
