1 19 44 28 24 50 7
2 68 77 83 63 72 7
40 41 79 3 45 76 5
4 18 38 1 19 44 6
5 22 65 12 25 69 5
6 8 70 8 13 75 7
41 36 21 7 37 12 9
36 20 74 8 13 75 7
9 32 29 44 23 32 9
13 57 55 10 55 57 2
11 4 74 6 8 70 5
47 30 66 12 25 69 5
81 62 52 13 57 55 5
35 27 54 14 25 51 3
42 34 73 15 29 81 9
7 37 12 16 42 11 5
17 50 16 16 42 11 9
18 55 72 61 54 71 1
25 18 12 19 25 9 7
63 1 13 20 2 10 3
21 11 21 29 11 18 3
24 11 24 22 3 34 12
34 58 8 23 65 10 7
24 11 24 21 11 21 3
31 24 21 25 18 12 10
75 48 60 26 52 67 8
27 74 68 48 70 65 5
28 24 50 14 25 51 1
29 11 18 39 16 12 7
30 58 33 79 59 30 3
44 23 32 31 24 21 11
32 39 75 42 34 73 5
33 64 33 79 59 30 5
34 58 8 60 55 8 3
35 27 54 68 34 61 9
36 20 74 12 25 69 7
37 79 61 27 74 68 8
38 82 76 27 74 68 11
39 16 12 25 18 12 2
32 39 75 40 41 79 4
41 36 21 9 32 29 8
47 30 66 42 34 73 8
43 51 24 17 50 16 8
69 22 33 44 23 32 1
45 4 53 82 5 53 1
46 36 33 9 32 29 5
47 30 66 68 34 61 6
73 66 57 48 70 65 8
3 45 76 49 46 75 1
2 68 77 50 69 79 2
51 36 22 41 36 21 1
28 24 50 52 18 53 6
23 65 10 53 68 19 9
77 38 41 54 48 45 10
58 44 8 55 51 3 8
50 69 79 56 69 81 2
53 68 19 57 68 23 4
58 44 8 16 42 11 3
59 80 3 78 65 0 15
55 51 3 60 55 8 6
61 54 71 26 52 67 4
62 0 6 20 2 10 4
74 3 15 63 1 13 2
64 59 2 34 58 8 6
65 12 9 39 16 12 5
66 59 60 13 57 55 5
67 60 80 83 63 72 8
68 34 61 76 41 61 7
4 18 38 69 22 33 6
52 18 53 70 14 57 5
46 36 33 71 40 31 4
26 52 67 72 52 67 0
0 73 51 73 66 57 9
74 3 15 29 11 18 8
75 48 60 10 55 57 7
76 41 61 75 48 60 7
80 34 37 77 38 41 5
78 65 0 64 59 2 6
79 59 30 43 51 24 10
46 36 33 80 34 37 4
81 62 52 73 66 57 6
70 14 57 82 5 53 9
18 55 72 83 63 72 8
