40 124 105 1 131 99 9
31 46 130 2 34 127 12
117 20 60 3 31 60 11
4 126 64 103 129 54 10
5 40 5 0 28 11 13
6 89 100 79 98 95 10
7 9 31 39 15 31 6
8 18 83 130 23 86 5
9 76 18 131 68 21 8
10 12 15 133 19 19 8
104 27 111 11 27 105 6
12 78 48 61 83 44 6
45 119 41 13 123 43 4
14 25 80 58 21 81 4
15 72 112 37 74 107 5
56 77 40 16 84 31 11
86 10 58 17 9 59 1
56 77 40 18 73 31 9
19 26 115 71 30 119 5
20 13 127 114 17 129 4
21 118 124 57 116 129 5
22 92 42 61 83 44 9
95 26 45 23 14 52 13
24 105 22 27 98 29 9
13 123 43 25 123 44 1
58 21 81 26 20 78 3
22 92 42 27 98 29 14
36 52 61 28 54 71 10
29 43 10 92 44 8 2
30 92 42 22 92 42 0
31 46 130 55 59 125 13
54 99 46 32 106 51 8
76 107 8 33 105 1 7
87 30 75 34 33 80 5
28 54 71 35 50 75 5
36 52 61 119 58 58 6
37 74 107 69 81 97 12
38 104 88 88 103 77 11
39 15 31 133 19 19 12
40 124 105 82 120 112 8
41 82 56 134 79 58 3
42 72 41 101 61 42 11
43 98 67 116 88 63 10
129 106 66 44 107 65 1
81 110 46 45 119 41 10
63 100 121 46 103 126 5
47 84 0 53 84 2 2
48 12 103 97 15 107 5
49 112 0 113 112 6 6
115 54 112 50 54 111 1
51 42 40 52 53 31 14
52 53 31 112 51 16 15
53 84 2 100 81 10 8
54 99 46 70 94 48 5
55 59 125 62 62 115 10
42 72 41 56 77 40 5
46 103 126 57 116 129 13
58 21 81 8 18 83 3
59 21 37 39 15 31 8
0 28 11 60 32 21 10
61 83 44 56 77 40 7
15 72 112 62 62 115 10
132 98 122 63 100 121 2
69 81 97 64 84 90 7
126 12 83 65 0 83 12
38 104 88 66 113 95 11
67 59 37 52 53 31 8
68 3 125 20 13 127 10
74 88 98 69 81 97 7
70 94 48 22 92 42 6
71 30 119 2 34 127 8
121 127 72 72 131 73 4
105 61 79 73 62 77 2
74 88 98 6 89 100 2
75 98 127 109 97 125 2
76 107 8 102 107 19 11
77 70 129 55 59 125 11
78 85 120 89 82 120 3
38 104 88 79 98 95 9
80 88 97 74 88 98 1
81 110 46 32 106 51 6
21 118 124 82 120 112 12
83 104 103 106 102 101 2
107 97 129 84 97 132 3
96 51 102 85 46 91 12
23 14 52 86 10 58 7
14 25 80 87 30 75 7
88 103 77 43 98 67 11
89 82 120 15 72 112 12
90 6 50 23 14 52 8
91 97 120 78 85 120 12
92 44 8 5 40 5 5
93 55 76 28 54 71 5
10 12 15 94 10 4 11
95 26 45 59 21 37 9
96 51 102 123 47 106 5
104 27 111 97 15 107 12
98 76 16 9 76 18 2
121 127 72 99 126 82 10
100 81 10 98 76 16 7
101 61 42 67 59 37 5
102 107 19 24 105 22 3
25 123 44 103 129 54 11
19 26 115 104 27 111 4
105 61 79 93 55 76 6
106 102 101 79 98 95 7
75 98 127 107 97 129 2
57 116 129 108 121 133 6
132 98 122 109 97 125 3
78 85 120 110 85 120 0
18 73 31 111 68 25 7
92 44 8 112 51 16 10
76 107 8 113 112 6 5
114 17 129 71 30 119 16
115 54 112 62 62 115 8
124 82 62 116 88 63 6
117 20 60 23 14 52 10
118 9 32 7 9 31 1
101 61 42 119 58 58 16
26 20 78 120 21 78 1
121 127 72 4 126 64 8
73 62 77 122 62 73 4
123 47 106 50 54 111 8
124 82 62 134 79 58 5
125 104 119 63 100 121 4
126 12 83 8 18 83 6
12 78 48 127 77 55 7
128 19 90 48 12 103 14
43 98 67 129 106 66 8
128 19 90 130 23 86 5
131 68 21 111 68 25 4
132 98 122 91 97 120 2
0 28 11 133 19 19 12
127 77 55 134 79 58 3
