2 25 62 1 24 61 1
2 25 62 22 24 65 3
27 63 25 3 62 28 3
64 41 29 4 38 21 8
6 30 46 5 27 49 4
6 30 46 30 33 44 3
7 25 7 70 33 7 8
50 39 8 8 37 8 2
9 0 3 10 11 2 11
10 11 2 54 22 9 13
4 38 21 11 36 20 2
55 0 36 12 0 33 3
43 53 27 13 57 25 4
63 62 37 14 61 45 8
41 42 15 15 49 14 7
16 68 26 56 67 27 1
46 11 22 17 9 18 4
52 49 71 18 63 69 14
50 39 8 19 45 6 6
20 12 44 40 17 44 5
45 46 53 21 42 55 4
66 21 64 22 24 65 3
23 23 68 22 24 65 3
36 7 40 24 10 37 4
18 63 69 25 63 66 3
26 36 61 33 39 57 5
39 63 21 27 63 25 4
28 51 19 15 49 14 5
38 2 44 29 6 50 7
30 33 44 59 33 38 6
31 48 51 51 46 51 2
32 52 33 43 53 27 6
21 42 55 33 39 57 3
34 2 42 36 7 40 5
35 25 50 5 27 49 2
36 7 40 20 12 44 6
37 59 22 13 57 25 3
34 2 42 38 2 44 2
39 63 21 37 59 22 4
40 17 44 69 25 49 9
4 38 21 41 42 15 7
6 30 46 42 26 41 6
43 53 27 28 51 19 8
44 15 59 72 6 52 11
51 46 51 45 46 53 2
46 11 22 49 5 24 6
65 52 5 47 67 3 15
46 11 22 48 15 26 5
12 0 33 49 5 24 10
50 39 8 41 42 15 7
51 46 51 60 41 50 5
52 49 71 71 38 67 11
19 45 6 53 45 1 5
7 25 7 54 22 9 3
55 0 36 34 2 42 6
27 63 25 56 67 27 4
30 33 44 57 42 43 9
66 21 64 58 16 68 6
0 37 31 59 33 38 8
60 41 50 57 42 43 7
14 61 45 61 69 44 8
62 36 6 8 37 8 2
63 62 37 3 62 28 9
64 41 29 0 37 31 4
68 47 7 65 52 5 5
66 21 64 44 15 59 7
67 5 70 58 16 68 11
19 45 6 68 47 7 2
69 25 49 35 25 50 1
62 36 6 70 33 7 3
26 36 61 71 38 67 6
72 6 52 29 6 50 2
