68 38 97 1 29 100 9
83 17 64 2 7 65 10
3 36 70 32 39 74 5
4 30 43 8 29 36 7
5 2 79 53 3 79 1
66 69 11 6 68 0 11
7 95 62 0 86 59 9
8 29 36 61 35 33 6
106 55 54 9 50 50 6
50 105 48 10 113 45 8
11 17 100 64 16 94 6
12 100 108 96 100 108 0
13 44 70 32 39 74 6
87 81 103 14 85 101 4
85 41 22 15 35 27 7
16 80 101 73 73 104 7
103 96 62 17 103 54 10
74 72 100 18 61 104 11
0 86 59 19 80 54 7
20 50 39 70 55 46 8
30 43 88 21 44 84 4
34 28 15 22 24 14 4
51 15 43 23 9 34 10
24 54 101 18 61 104 7
99 103 0 25 109 8 10
80 104 99 26 109 104 7
6 68 0 27 61 0 7
28 105 52 17 103 54 2
95 36 58 29 36 58 0
57 47 92 30 43 88 5
31 19 65 48 28 71 10
32 39 74 105 37 78 4
107 80 108 33 83 110 3
34 28 15 69 28 19 4
44 101 79 35 91 86 12
36 109 55 28 105 52 5
81 56 36 37 52 28 8
38 10 100 11 17 100 7
39 56 26 37 52 28 4
13 44 70 40 55 71 11
41 49 29 37 52 28 3
42 57 18 39 56 26 8
43 14 73 31 19 65 9
44 101 79 93 94 69 12
45 63 72 113 61 73 2
46 27 72 48 28 71 1
47 91 3 52 88 18 15
3 36 70 48 28 71 8
79 78 28 49 78 38 10
28 105 52 50 105 48 4
90 24 33 51 15 43 13
52 88 18 79 78 28 14
43 14 73 53 3 79 12
38 10 100 54 6 98 4
55 44 96 24 54 101 11
56 44 4 112 46 21 17
55 44 96 57 47 92 5
35 91 86 58 80 88 11
59 111 87 44 101 79 12
60 95 0 47 91 3 5
61 35 33 15 35 27 6
62 28 77 46 27 72 5
63 43 31 41 49 29 6
84 23 92 64 16 94 7
64 16 94 65 16 94 0
66 69 11 42 57 18 13
57 47 92 67 53 90 6
68 38 97 55 44 96 6
69 28 19 15 35 27 10
70 55 46 9 50 50 6
71 44 43 20 50 39 7
72 35 67 3 36 70 3
74 72 100 73 73 104 4
74 72 100 111 68 92 8
75 98 33 110 105 45 13
76 1 30 23 9 34 8
1 29 100 77 25 91 9
0 86 59 78 86 61 2
98 69 26 79 78 28 9
59 111 87 80 104 99 13
20 50 39 81 56 36 6
101 57 66 82 62 63 5
83 17 64 31 19 65 2
77 25 91 84 23 92 2
112 46 21 85 41 22 5
72 35 67 86 30 61 7
87 81 103 16 80 101 2
70 55 46 88 58 44 3
58 80 88 89 78 86 2
90 24 33 8 29 36 5
75 98 33 91 93 33 5
92 113 75 44 101 79 12
7 95 62 93 94 69 7
94 61 108 18 61 104 4
86 30 61 95 36 58 6
80 104 99 96 100 108 9
97 63 48 88 58 44 6
39 56 26 98 69 26 13
99 103 0 60 95 0 8
1 29 100 100 37 111 13
101 57 66 40 55 71 5
102 41 39 71 44 43 5
103 96 62 7 95 62 1
51 15 43 104 3 49 13
21 44 84 105 37 78 9
82 62 63 106 55 54 11
107 80 108 87 81 103 5
108 35 56 95 36 58 2
109 65 65 82 62 63 3
50 105 48 110 105 45 3
111 68 92 89 78 86 11
41 49 29 112 46 21 8
40 55 71 113 61 73 6
