1 44 99 7 45 98 1
51 114 152 2 111 159 7
120 126 33 3 128 42 9
4 85 53 84 93 51 8
145 105 56 5 113 61 9
6 83 115 151 72 122 13
7 45 98 86 48 88 10
8 11 51 0 12 48 3
30 95 35 9 91 41 7
0 12 48 10 14 43 5
11 58 158 16 64 137 21
90 94 9 12 102 4 9
123 123 138 13 128 144 7
14 75 127 82 73 125 2
15 22 23 26 17 33 11
16 64 137 14 75 127 14
140 19 68 17 9 85 19
47 49 138 18 32 145 18
95 136 13 19 139 4 9
103 119 126 20 128 127 9
21 44 5 98 42 14 9
22 1 55 8 11 51 10
23 128 132 20 128 127 5
24 31 55 114 26 64 10
36 158 53 25 159 65 12
26 17 33 126 14 40 7
27 102 144 96 112 152 12
40 147 124 28 156 113 14
29 17 140 153 22 141 5
30 95 35 79 110 30 15
31 98 43 9 91 41 7
32 144 35 100 142 34 2
33 92 143 27 102 144 10
42 135 22 34 137 26 4
35 55 39 67 49 42 6
81 158 51 36 158 53 2
117 66 53 37 60 55 6
77 12 139 38 5 155 17
39 139 111 61 132 113 7
40 147 124 130 132 123 15
41 53 47 37 60 55 10
95 136 13 42 135 22 9
43 75 55 4 85 53 10
121 15 61 44 15 63 2
45 85 9 132 75 9 10
76 61 89 46 66 98 10
47 49 138 16 64 137 15
75 125 9 48 130 11 5
97 69 109 49 62 114 8
50 73 142 16 64 137 10
73 118 151 51 114 152 4
52 72 102 46 66 98 7
53 158 110 28 156 113 3
54 141 61 102 143 55 6
55 141 1 19 139 4 3
56 116 29 69 118 34 5
57 64 49 117 66 53 4
93 32 31 58 35 25 6
59 152 35 32 144 35 8
115 58 11 60 62 16 6
130 132 123 61 132 113 10
1 44 99 62 43 105 6
136 63 70 63 74 74 11
64 124 93 92 137 94 13
148 100 45 65 96 52 8
66 134 27 34 137 26 3
41 53 47 67 49 42 6
68 139 82 92 137 94 12
69 118 34 120 126 33 8
70 81 73 63 74 74 7
71 54 36 35 55 39 3
72 27 11 15 22 23 13
13 128 144 73 118 151 12
74 160 127 40 147 124 13
135 117 1 75 125 9 11
86 48 88 76 61 89 13
29 17 140 77 12 139 5
160 154 146 78 152 158 12
56 116 29 79 110 30 6
0 12 48 80 20 49 8
111 149 49 81 158 51 9
82 73 125 151 72 122 3
83 16 159 143 7 157 9
84 93 51 65 96 52 3
85 45 0 21 44 5 5
154 40 83 86 48 88 9
87 0 54 22 1 55 1
88 138 32 34 137 26 6
89 99 111 105 94 112 5
90 94 9 45 85 9 9
91 39 98 1 44 99 5
92 137 94 134 138 96 2
15 22 23 93 32 31 12
94 49 7 21 44 5 5
48 130 11 95 136 13 6
96 112 152 51 114 152 2
52 72 102 97 69 109 7
98 42 14 146 33 9 10
147 73 47 99 75 33 14
88 138 32 100 142 34 4
101 108 126 89 99 111 17
102 143 55 111 149 49 8
101 108 126 103 119 126 11
109 2 26 104 7 16 11
6 83 115 105 94 112 11
129 109 75 106 101 71 8
93 32 31 107 34 32 2
141 83 75 108 81 86 11
109 2 26 26 17 33 16
49 62 114 110 60 106 8
32 144 35 111 149 49 14
112 83 3 45 85 9 6
113 18 102 125 30 108 13
114 26 64 140 19 68 8
94 49 7 115 58 11 9
78 152 158 116 157 160 5
43 75 55 117 66 53 9
114 26 64 118 31 70 7
119 35 52 24 31 55 5
120 126 33 66 134 27 10
8 11 51 121 15 61 10
123 123 138 122 115 136 8
23 128 132 123 123 138 7
131 98 158 124 84 160 14
159 33 100 125 30 108 8
10 14 43 126 14 40 3
119 35 52 127 40 57 7
128 64 118 49 62 114 4
5 113 61 129 109 75 14
20 128 127 130 132 123 5
2 111 159 131 98 158 13
132 75 9 144 63 2 13
133 18 128 29 17 140 12
134 138 96 39 139 111 15
135 117 1 12 102 4 15
136 63 70 152 61 74 4
104 7 16 137 9 0 16
138 118 56 5 113 61 7
74 160 127 139 156 136 9
44 15 63 140 19 68 6
70 81 73 141 83 75 2
53 158 110 142 154 108 4
38 5 155 143 7 157 2
144 63 2 115 58 11 10
145 105 56 65 96 52 9
72 27 11 146 33 9 6
147 73 47 43 75 55 8
31 98 43 148 100 45 2
0 12 48 149 2 44 10
105 94 112 150 90 101 11
151 72 122 128 64 118 8
152 61 74 76 61 89 15
18 32 145 153 22 141 10
118 31 70 154 40 83 15
155 144 158 78 152 158 8
156 146 8 19 139 4 8
108 81 86 157 91 85 10
158 151 91 134 138 96 13
159 33 100 91 39 98 6
160 154 146 139 156 136 10
