1 17 0 50 17 2 2
2 112 70 111 111 63 7
79 98 3 3 108 2 10
41 21 84 4 29 85 8
34 119 18 5 121 30 12
6 103 106 30 110 95 13
7 78 57 45 85 55 7
44 43 114 8 46 113 3
92 66 70 9 75 74 9
79 98 3 10 103 12 10
11 84 30 43 81 32 3
12 73 6 59 77 3 5
13 34 120 100 37 121 3
27 121 34 14 117 45 11
60 110 1 15 114 4 5
42 15 76 16 15 80 4
116 92 115 17 78 119 14
86 42 34 18 49 35 7
19 96 37 23 96 38 1
120 62 118 20 65 108 10
21 104 53 82 100 54 4
22 13 30 83 17 33 5
23 96 38 115 98 41 3
22 13 30 24 5 26 8
4 29 85 25 30 83 2
82 100 54 26 102 60 6
27 121 34 5 121 30 4
28 68 37 31 58 38 10
69 98 76 29 93 91 15
72 116 87 30 110 95 10
18 49 35 31 58 38 9
106 2 97 32 11 101 9
33 58 42 31 58 38 4
34 119 18 54 113 9 10
7 78 57 35 66 61 12
71 102 47 36 96 46 6
67 119 106 37 116 112 6
38 0 69 101 6 67 6
39 47 16 117 44 18 3
69 98 76 40 102 77 4
41 21 84 16 15 80 7
42 15 76 101 6 67 12
99 77 33 43 81 32 4
98 34 107 44 43 114 11
87 85 48 45 85 55 7
70 36 44 46 32 56 12
47 38 19 78 34 8 11
48 4 10 53 12 8 8
49 1 35 24 5 26 9
113 21 8 50 17 2 7
4 29 85 51 29 89 4
29 93 91 52 91 90 2
53 12 8 50 17 2 7
54 113 9 15 114 4 5
55 89 12 104 86 22 10
27 121 34 56 117 34 4
57 31 55 46 32 56 1
94 21 19 58 23 22 3
59 77 3 55 89 12 15
3 108 2 60 110 1 2
28 68 37 61 65 29 8
51 29 89 62 24 100 12
63 32 86 4 29 85 3
64 26 36 80 19 33 7
76 65 12 65 62 11 3
66 118 85 103 117 77 8
67 119 106 30 110 95 14
95 90 56 68 87 66 10
119 90 69 69 98 76 10
86 42 34 70 36 44 11
21 104 53 71 102 47 6
66 118 85 72 116 87 2
95 90 56 73 97 54 7
57 31 55 74 20 55 11
75 2 12 48 4 10 2
76 65 12 12 73 6 10
77 20 52 74 20 55 3
0 26 6 78 34 8 8
55 89 12 79 98 3 12
58 23 22 80 19 33 11
81 102 63 26 102 60 3
82 100 54 73 97 54 3
83 17 33 80 19 33 2
74 20 55 84 12 62 10
85 48 45 18 49 35 10
86 42 34 93 39 32 3
87 85 48 91 84 41 7
20 65 108 88 57 101 10
89 57 120 8 46 113 13
9 75 74 90 66 85 14
43 81 32 91 84 41 9
97 67 65 92 66 70 5
93 39 32 108 42 21 11
113 21 8 94 21 19 11
95 90 56 45 85 55 5
35 66 61 96 57 54 11
35 66 61 97 67 65 4
98 34 107 109 36 102 5
28 68 37 99 77 33 9
44 43 114 100 37 121 9
101 6 67 84 12 62 7
102 5 93 112 6 85 8
2 112 70 103 117 77 8
11 84 30 104 86 22 8
105 121 89 66 118 85 5
106 2 97 102 5 93 5
107 103 14 10 103 12 2
47 38 19 108 42 21 4
110 33 91 109 36 102 11
51 29 89 110 33 91 4
26 102 60 111 111 63 9
112 6 85 16 15 80 10
0 26 6 113 21 8 5
114 116 45 14 117 45 1
36 96 46 115 98 41 5
116 92 115 6 103 106 14
108 42 21 117 44 18 3
109 36 102 118 43 100 7
119 90 69 68 87 66 4
89 57 120 120 62 118 5
121 42 69 46 32 56 16
