20 47 54 1 52 50 6
10 63 28 2 60 25 4
3 22 11 17 18 7 5
0 63 67 4 52 65 11
5 47 17 45 46 17 1
6 31 18 15 32 16 2
63 2 40 7 1 33 7
59 43 7 8 38 2 7
16 36 29 9 38 30 2
32 63 36 10 63 28 8
11 10 22 34 10 15 7
12 52 37 54 46 39 6
13 52 7 53 49 15 8
14 56 37 12 52 37 4
66 30 12 15 32 16 4
16 36 29 52 32 36 8
44 23 4 17 18 7 5
16 36 29 18 39 24 5
19 17 42 60 24 42 7
20 47 54 46 50 61 7
21 5 8 25 6 7 1
63 2 40 22 1 49 9
23 31 4 8 38 2 7
51 39 60 24 39 62 2
25 6 7 34 10 15 8
17 18 7 26 14 12 6
3 22 11 27 19 17 6
28 22 29 40 25 36 7
37 40 45 29 41 41 4
25 6 7 30 6 2 5
55 17 5 31 17 1 4
32 63 36 14 56 37 7
33 52 39 12 52 37 2
34 10 15 26 14 12 5
35 21 58 38 24 47 11
36 10 23 11 10 22 1
47 43 51 37 40 45 6
60 24 42 38 24 47 5
48 16 60 39 12 63 5
65 30 37 40 25 36 5
41 63 3 61 60 2 3
2 60 25 42 58 26 2
30 6 2 43 7 1 1
44 23 4 23 31 4 8
18 39 24 45 46 17 9
4 52 65 46 50 61 4
20 47 54 47 43 51 5
48 16 60 35 21 58 5
49 0 31 7 1 33 2
50 32 12 66 30 12 2
47 43 51 51 39 60 9
52 32 36 57 36 41 6
5 47 17 53 49 15 2
54 46 39 29 41 41 5
55 17 5 17 18 7 2
19 17 42 56 8 41 9
37 40 45 57 36 41 5
10 63 28 58 65 28 2
13 52 7 59 43 7 9
67 29 42 60 24 42 5
62 57 3 61 60 2 3
13 52 7 62 57 3 6
63 2 40 56 8 41 6
64 67 20 10 63 28 8
65 30 37 52 32 36 2
23 31 4 66 30 12 8
67 29 42 65 30 37 5
