67 7 42 1 5 47 5
54 72 61 2 70 54 7
45 58 44 3 58 40 4
4 17 22 32 20 26 5
5 68 31 62 65 25 6
20 55 66 6 62 63 7
30 15 30 7 22 35 8
73 23 0 8 15 3 8
22 52 45 9 52 50 5
76 67 73 10 57 78 11
11 72 1 27 73 8 7
12 42 38 49 35 44 9
13 44 76 43 43 74 2
14 9 41 38 12 35 6
63 15 52 15 14 55 3
16 67 49 2 70 54 5
77 60 40 17 63 42 3
18 41 8 0 35 17 10
19 57 40 3 58 40 1
20 55 66 74 46 66 9
57 65 51 21 59 48 6
45 58 44 22 52 45 6
59 47 3 23 51 7 5
24 22 45 70 23 43 2
78 73 61 25 77 62 4
65 12 20 26 4 12 11
39 69 15 27 73 8 8
28 53 18 23 51 7 11
29 26 54 24 22 45 9
30 15 30 32 20 26 6
28 53 18 31 56 22 5
32 20 26 55 26 22 7
67 7 42 33 9 44 2
58 69 65 34 72 67 3
35 31 65 44 38 69 8
36 43 27 68 43 30 3
37 42 58 56 40 52 6
30 15 30 38 12 35 5
39 69 15 51 66 16 3
40 46 28 68 43 30 3
6 62 63 41 65 63 3
51 66 16 42 62 9 8
43 43 74 74 46 66 8
43 43 74 44 38 69 7
45 58 44 21 59 48 4
46 74 27 5 68 31 7
15 14 55 47 2 63 14
34 72 67 48 73 71 4
49 35 44 50 38 52 8
52 34 55 50 38 52 5
51 66 16 62 65 25 9
52 34 55 29 26 54 8
61 30 66 53 23 70 8
58 69 65 54 72 61 5
55 26 22 0 35 17 10
50 38 52 56 40 52 2
57 65 51 16 67 49 2
58 69 65 41 65 63 4
59 47 3 18 41 8 7
60 39 6 18 41 8 2
61 30 66 35 31 65 1
62 65 25 31 56 22 9
63 15 52 24 22 45 9
64 42 59 37 42 58 1
4 17 22 65 12 20 5
66 44 35 12 42 38 3
67 7 42 14 9 41 2
68 43 30 66 44 35 5
69 25 74 53 23 70 4
70 23 43 7 22 35 8
71 75 17 39 69 15 6
72 39 3 60 39 6 3
75 25 10 73 23 0 10
74 46 66 37 42 58 8
75 25 10 0 35 17 12
76 67 73 48 73 71 6
3 58 40 77 60 40 2
78 73 61 54 72 61 1
