130 1 14 52 1 14 
52 1 14 135 7 8 
135 7 8 114 21 1 
114 21 1 38 30 1 
38 30 1 27 33 13 
27 33 13 152 33 16 
152 33 16 10 34 18 
10 34 18 83 34 20 
83 34 20 84 36 23 
84 36 23 40 36 31 
40 36 31 118 40 32 
118 40 32 4 45 31 
4 45 31 127 46 36 
127 46 36 55 49 43 
55 49 43 43 53 45 
43 53 45 77 53 48 
77 53 48 58 55 50 
58 55 50 61 61 59 
61 61 59 113 72 60 
113 72 60 142 81 64 
142 81 64 116 88 59 
116 88 59 23 93 55 
23 93 55 112 105 55 
112 105 55 68 104 66 
68 104 66 3 99 72 
3 99 72 56 93 71 
56 93 71 148 102 88 
148 102 88 18 99 98 
18 99 98 162 110 95 
162 110 95 42 109 107 
42 109 107 48 113 111 
48 113 111 70 120 106 
70 120 106 16 134 109 
16 134 109 155 143 104 
155 143 104 133 149 98 
133 149 98 0 160 78 
0 160 78 31 159 76 
31 159 76 49 149 116 
49 149 116 44 146 120 
44 146 120 146 144 124 
146 144 124 141 141 128 
141 141 128 136 145 130 
136 145 130 46 158 137 
46 158 137 60 158 147 
60 158 147 107 159 160 
107 159 160 69 160 160 
69 160 160 82 161 162 
82 161 162 89 162 162 
89 162 162 110 145 158 
110 145 158 28 142 159 
28 142 159 97 139 161 
97 139 161 144 139 152 
144 139 152 13 131 156 
13 131 156 65 128 159 
65 128 159 66 124 156 
66 124 156 78 122 144 
78 122 144 128 127 137 
128 127 137 99 154 117 
99 154 117 124 110 122 
124 110 122 14 104 119 
14 104 119 53 103 128 
53 103 128 95 96 125 
95 96 125 94 96 132 
94 96 132 59 94 134 
59 94 134 160 95 139 
160 95 139 109 95 144 
109 95 144 159 96 151 
159 96 151 37 97 156 
37 97 156 54 102 158 
54 102 158 57 84 162 
57 84 162 161 81 145 
161 81 145 79 71 152 
79 71 152 47 70 154 
47 70 154 157 60 158 
157 60 158 29 48 150 
29 48 150 51 45 144 
51 45 144 2 42 137 
2 42 137 30 50 131 
30 50 131 86 54 123 
86 54 123 119 67 114 
119 67 114 75 78 120 
75 78 120 45 31 145 
45 31 145 33 30 148 
33 30 148 90 16 158 
90 16 158 62 10 157 
62 10 157 138 7 155 
138 7 155 106 8 150 
106 8 150 115 4 146 
115 4 146 105 27 137 
105 27 137 19 28 124 
19 28 124 102 26 122 
102 26 122 24 22 117 
24 22 117 36 20 116 
36 20 116 25 23 114 
25 23 114 21 33 112 
21 33 112 50 36 104 
50 36 104 117 36 96 
117 36 96 123 29 86 
123 29 86 41 51 97 
41 51 97 12 57 96 
12 57 96 32 67 140 
32 67 140 147 111 132 
147 111 132 104 119 73 
104 119 73 71 125 81 
71 125 81 140 129 87 
140 129 87 154 130 75 
154 130 75 80 130 65 
80 130 65 22 129 59 
22 129 59 137 139 64 
137 139 64 149 100 43 
149 100 43 143 112 41 
143 112 41 158 118 40 
158 118 40 67 115 26 
67 115 26 145 118 12 
145 118 12 132 118 10 
132 118 10 134 130 5 
134 130 5 6 132 40 
6 132 40 76 136 29 
76 136 29 139 134 25 
139 134 25 39 142 30 
39 142 30 73 154 11 
73 154 11 81 159 14 
81 159 14 9 147 48 
9 147 48 101 158 43 
101 158 43 153 160 45 
153 160 45 91 86 41 
91 86 41 34 69 72 
34 69 72 96 76 80 
96 76 80 98 50 54 
98 50 54 1 46 53 
1 46 53 108 44 53 
108 44 53 7 39 64 
7 39 64 72 51 26 
72 51 26 35 50 22 
35 50 22 156 60 16 
156 60 16 88 68 21 
88 68 21 26 77 30 
26 77 30 63 69 33 
63 69 33 11 82 13 
11 82 13 122 92 21 
122 92 21 131 97 17 
131 97 17 93 65 5 
93 65 5 87 57 28 
87 57 28 74 34 36 
74 34 36 85 29 41 
85 29 41 103 30 43 
103 30 43 121 34 49 
121 34 49 126 24 48 
126 24 48 150 17 47 
150 17 47 5 5 44 
5 5 44 151 1 47 
151 1 47 64 0 54 
64 0 54 92 6 73 
92 6 73 100 5 76 
100 5 76 129 10 79 
129 10 79 8 12 76 
8 12 76 111 6 37 
111 6 37 125 27 56 
125 27 56 17 25 34 
17 25 34 15 40 14 
15 40 14 120 46 1 
120 46 1 20 19 20 
20 19 20 130 1 14