130 103 6 25 103 6 
25 103 6 100 104 0 
100 104 0 7 94 11 
7 94 11 60 92 13 
60 92 13 125 77 18 
125 77 18 143 73 12 
143 73 12 53 74 9 
53 74 9 110 62 4 
110 62 4 131 52 10 
131 52 10 14 38 15 
14 38 15 142 29 25 
142 29 25 124 26 25 
124 26 25 39 19 17 
39 19 17 139 20 13 
139 20 13 2 12 5 
2 12 5 31 12 29 
31 12 29 58 113 12 
58 113 12 121 115 7 
121 115 7 32 121 7 
32 121 7 56 124 14 
56 124 14 50 131 15 
50 131 15 98 134 14 
98 134 14 122 140 4 
122 140 4 63 140 2 
63 140 2 80 136 0 
80 136 0 22 133 18 
22 133 18 102 128 32 
102 128 32 16 131 37 
16 131 37 3 138 38 
3 138 38 42 140 32 
42 140 32 52 141 46 
52 141 46 145 131 45 
145 131 45 103 120 41 
103 120 41 91 115 33 
91 115 33 86 105 36 
86 105 36 37 104 41 
37 104 41 75 100 43 
75 100 43 23 96 51 
23 96 51 77 92 51 
77 92 51 89 85 54 
89 85 54 90 82 60 
90 82 60 54 71 60 
54 71 60 27 68 54 
27 68 54 65 74 49 
65 74 49 64 57 56 
64 57 56 127 53 61 
127 53 61 105 52 70 
105 52 70 34 45 68 
34 45 68 115 54 48 
115 54 48 84 49 49 
84 49 49 140 43 55 
140 43 55 36 39 60 
36 39 60 59 33 61 
59 33 61 104 30 58 
104 30 58 28 32 56 
28 32 56 76 26 54 
76 26 54 78 30 50 
78 30 50 1 20 62 
1 20 62 83 16 61 
83 16 61 51 8 70 
51 8 70 85 2 66 
85 2 66 49 5 48 
49 5 48 68 26 69 
68 26 69 117 28 71 
117 28 71 92 21 78 
92 21 78 123 26 85 
123 26 85 99 9 84 
99 9 84 74 60 42 
74 60 42 11 71 35 
11 71 35 82 52 31 
82 52 31 118 50 32 
118 50 32 20 70 67 
20 70 67 44 103 51 
44 103 51 5 105 55 
5 105 55 96 113 63 
96 113 63 19 112 64 
19 112 64 13 110 70 
13 110 70 148 123 70 
148 123 70 4 129 74 
4 129 74 146 131 85 
146 131 85 128 132 92 
128 132 92 18 130 106 
18 130 106 138 128 108 
138 128 108 66 133 111 
66 133 111 111 145 113 
111 145 113 95 145 102 
95 145 102 126 148 99 
126 148 99 129 120 90 
129 120 90 119 117 90 
119 117 90 41 105 85 
41 105 85 112 95 76 
112 95 76 108 90 77 
108 90 77 93 83 87 
93 83 87 21 92 94 
21 92 94 106 90 99 
106 90 99 29 85 101 
29 85 101 81 87 113 
81 87 113 57 81 128 
57 81 128 94 72 133 
94 72 133 144 62 132 
144 62 132 71 58 135 
71 58 135 72 57 137 
72 57 137 48 59 140 
48 59 140 30 54 138 
30 54 138 45 42 143 
45 42 143 46 29 133 
46 29 133 35 21 135 
35 21 135 132 8 126 
132 8 126 97 18 118 
97 18 118 70 15 115 
70 15 115 109 3 113 
109 3 113 6 4 147 
6 4 147 88 59 124 
88 59 124 38 58 122 
38 58 122 47 59 120 
47 59 120 114 66 119 
114 66 119 33 57 112 
33 57 112 136 52 110 
136 52 110 141 51 102 
141 51 102 107 54 86 
107 54 86 120 45 85 
120 45 85 12 53 124 
12 53 124 40 73 144 
40 73 144 67 96 129 
67 96 129 61 99 137 
61 99 137 24 111 135 
24 111 135 0 96 99 
0 96 99 134 97 103 
134 97 103 101 101 107 
101 101 107 69 105 109 
69 105 109 55 109 103 
55 109 103 9 116 118 
9 116 118 135 125 124 
135 125 124 26 128 134 
26 128 134 133 127 137 
133 127 137 79 127 141 
79 127 141 137 128 148 
137 128 148 113 136 144 
113 136 144 8 137 137 
8 137 137 87 143 129 
87 143 129 17 140 77 
17 140 77 10 142 78 
10 142 78 73 143 67 
73 143 67 15 145 67 
15 145 67 116 130 65 
116 130 65 62 95 60 
62 95 60 147 120 51 
147 120 51 43 117 19 
43 117 19 130 103 6