17 59 2 42 58 1 
42 58 1 57 43 0 
57 43 0 41 38 4 
41 38 4 24 35 15 
24 35 15 49 42 18 
49 42 18 0 43 18 
0 43 18 36 42 21 
36 42 21 14 40 24 
14 40 24 3 47 21 
3 47 21 48 52 20 
48 52 20 54 51 16 
54 51 16 37 52 28 
37 52 28 35 57 30 
35 57 30 43 47 34 
43 47 34 53 46 36 
53 46 36 40 43 37 
40 43 37 11 39 37 
11 39 37 55 38 34 
55 38 34 44 32 35 
44 32 35 8 43 42 
8 43 42 5 51 40 
5 51 40 38 54 46 
38 54 46 39 51 49 
39 51 49 2 47 49 
2 47 49 10 53 55 
10 53 55 58 53 57 
58 53 57 9 55 58 
9 55 58 4 57 59 
4 57 59 59 48 60 
59 48 60 32 26 12 
32 26 12 21 24 6 
21 24 6 1 20 7 
1 20 7 45 19 5 
45 19 5 19 17 3 
19 17 3 20 16 1 
20 16 1 12 15 12 
12 15 12 23 13 11 
23 13 11 52 7 10 
52 7 10 30 7 7 
30 7 7 47 6 2 
47 6 2 56 0 1 
56 0 1 15 14 21 
15 14 21 16 15 25 
16 15 25 34 17 26 
34 17 26 51 19 23 
51 19 23 26 21 21 
26 21 21 29 20 27 
29 20 27 7 22 33 
7 22 33 46 18 34 
46 18 34 50 20 39 
50 20 39 25 24 40 
25 24 40 33 23 51 
33 23 51 13 31 56 
13 31 56 27 33 55 
27 33 55 28 13 58 
28 13 58 60 11 59 
60 11 59 31 8 51 
31 8 51 18 1 48 
18 1 48 22 1 41 
22 1 41 6 25 0 
6 25 0 17 59 2