28 51 36 0 51 35 
0 51 35 51 46 31 
51 46 31 24 41 29 
24 41 29 39 42 23 
39 42 23 21 38 19 
21 38 19 47 34 18 
47 34 18 38 30 23 
38 30 23 50 34 28 
50 34 28 25 26 17 
25 26 17 13 25 13 
13 25 13 4 26 12 
4 26 12 41 28 8 
41 28 8 36 25 4 
36 25 4 42 22 2 
42 22 2 18 17 7 
18 17 7 34 10 4 
34 10 4 45 8 6 
45 8 6 37 2 7 
37 2 7 33 29 1 
33 29 1 29 33 8 
29 33 8 32 45 17 
32 45 17 9 48 12 
9 48 12 11 50 12 
11 50 12 48 50 15 
48 50 15 12 51 18 
12 51 18 16 52 21 
16 52 21 17 50 21 
17 50 21 22 48 8 
22 48 8 26 46 4 
26 46 4 43 43 1 
43 43 1 3 51 39 
3 51 39 1 52 42 
1 52 42 19 51 47 
19 51 47 49 47 49 
49 47 49 8 47 47 
8 47 47 31 46 46 
31 46 46 44 43 49 
44 43 49 20 39 43 
20 39 43 23 38 37 
23 38 37 2 32 37 
2 32 37 30 28 35 
30 28 35 15 19 44 
15 19 44 35 17 51 
35 17 51 52 10 50 
52 10 50 27 3 42 
27 3 42 46 3 41 
46 3 41 7 4 40 
7 4 40 5 3 27 
5 3 27 14 4 25 
14 4 25 40 3 22 
40 3 22 10 10 22 
10 10 22 6 11 25 
6 11 25 28 51 36