93 126 101 38 126 102 
38 126 102 39 118 100 
39 118 100 11 110 93 
11 110 93 103 110 90 
103 110 90 89 101 90 
89 101 90 117 100 93 
117 100 93 131 96 105 
131 96 105 37 98 112 
37 98 112 5 107 115 
5 107 115 124 102 127 
124 102 127 108 97 134 
108 97 134 106 90 129 
106 90 129 65 87 100 
65 87 100 50 87 93 
50 87 93 15 78 94 
15 78 94 12 67 105 
12 67 105 62 75 112 
62 75 112 28 56 101 
28 56 101 98 47 96 
98 47 96 133 46 87 
133 46 87 6 60 83 
6 60 83 48 38 96 
48 38 96 29 35 86 
29 35 86 26 26 87 
26 26 87 70 20 82 
70 20 82 55 13 76 
55 13 76 13 13 72 
13 13 72 135 20 70 
135 20 70 73 18 65 
73 18 65 94 23 61 
94 23 61 71 17 58 
71 17 58 97 11 56 
97 11 56 69 0 66 
69 0 66 77 21 48 
77 21 48 136 16 37 
136 16 37 82 25 35 
82 25 35 78 1 20 
78 1 20 90 10 13 
90 10 13 52 16 10 
52 16 10 95 25 4 
95 25 4 1 26 6 
1 26 6 123 33 7 
123 33 7 49 37 8 
49 37 8 9 49 12 
9 49 12 24 50 10 
24 50 10 132 49 8 
132 49 8 59 30 75 
59 30 75 25 36 68 
25 36 68 57 37 66 
57 37 66 104 39 65 
104 39 65 53 51 68 
53 51 68 129 9 85 
129 9 85 128 6 96 
128 6 96 126 6 104 
126 6 104 116 27 95 
116 27 95 47 19 95 
47 19 95 61 34 108 
61 34 108 4 41 112 
4 41 112 33 49 117 
33 49 117 56 58 121 
56 58 121 27 56 128 
27 56 128 64 53 132 
64 53 132 84 48 131 
84 48 131 51 46 132 
51 46 132 109 36 124 
109 36 124 119 23 121 
119 23 121 21 15 129 
21 15 129 10 20 136 
10 20 136 34 6 126 
34 6 126 81 1 123 
81 1 123 3 0 119 
3 0 119 91 68 132 
91 68 132 42 89 81 
42 89 81 127 80 79 
127 80 79 32 79 74 
32 79 74 43 72 68 
43 72 68 75 68 57 
75 68 57 113 68 52 
113 68 52 20 61 45 
20 61 45 86 63 40 
86 63 40 19 55 36 
19 55 36 40 74 34 
40 74 34 45 72 22 
45 72 22 36 86 17 
36 86 17 16 85 8 
16 85 8 63 90 0 
63 90 0 67 98 1 
67 98 1 85 98 0 
85 98 0 121 105 10 
121 105 10 23 112 9 
23 112 9 101 113 5 
101 113 5 88 125 2 
88 125 2 31 130 6 
31 130 6 30 136 1 
30 136 1 35 125 15 
35 125 15 118 124 18 
118 124 18 134 132 18 
134 132 18 68 136 16 
68 136 16 22 133 24 
22 133 24 72 134 37 
72 134 37 18 128 44 
18 128 44 122 120 48 
122 120 48 92 121 52 
92 121 52 100 126 64 
100 126 64 0 123 65 
0 123 65 83 112 68 
83 112 68 99 110 70 
99 110 70 2 107 67 
2 107 67 74 103 61 
74 103 61 112 101 59 
112 101 59 105 96 60 
105 96 60 130 136 76 
130 136 76 79 134 81 
79 134 81 46 88 28 
46 88 28 76 98 32 
76 98 32 87 101 29 
87 101 29 115 106 28 
115 106 28 102 102 24 
102 102 24 44 95 40 
44 95 40 41 101 44 
41 101 44 66 107 44 
66 107 44 17 57 49 
17 57 49 107 48 47 
107 48 47 120 43 39 
120 43 39 54 132 101 
54 132 101 14 133 104 
14 133 104 60 135 106 
60 135 106 96 136 110 
96 136 110 125 128 117 
125 128 117 80 127 119 
80 127 119 110 121 118 
110 121 118 7 119 124 
7 119 124 8 126 132 
8 126 132 114 129 131 
114 129 131 111 135 126 
111 135 126 58 114 134 
58 114 134 93 126 101