71 22 21 73 21 22 
73 21 22 96 17 24 
96 17 24 75 9 27 
75 9 27 67 2 26 
67 2 26 82 1 35 
82 1 35 39 8 43 
39 8 43 9 24 25 
9 24 25 94 31 26 
94 31 26 25 34 32 
25 34 32 34 38 35 
34 38 35 48 42 31 
48 42 31 18 47 32 
18 47 32 6 50 33 
6 50 33 17 58 28 
17 58 28 42 54 20 
42 54 20 38 64 17 
38 64 17 68 67 14 
68 67 14 53 53 44 
53 53 44 80 53 47 
80 53 47 69 57 46 
69 57 46 66 63 47 
66 63 47 47 64 46 
47 64 46 5 78 41 
5 78 41 101 84 34 
101 84 34 49 84 29 
49 84 29 13 73 30 
13 73 30 61 92 19 
61 92 19 88 93 10 
88 93 10 78 89 4 
78 89 4 30 86 6 
30 86 6 29 79 4 
29 79 4 92 78 4 
92 78 4 97 77 1 
97 77 1 89 88 43 
89 88 43 44 90 42 
44 90 42 23 102 45 
23 102 45 77 46 53 
77 46 53 31 45 59 
31 45 59 15 46 61 
15 46 61 72 45 66 
72 45 66 55 38 64 
55 38 64 32 30 64 
32 30 64 64 22 69 
64 22 69 14 19 65 
14 19 65 22 22 78 
22 22 78 59 20 78 
59 20 78 57 14 77 
57 14 77 90 1 66 
90 1 66 16 27 84 
16 27 84 2 25 95 
2 25 95 84 31 96 
84 31 96 27 38 101 
27 38 101 19 46 98 
19 46 98 35 46 101 
35 46 101 36 38 92 
36 38 92 70 39 87 
70 39 87 3 39 84 
3 39 84 52 38 84 
52 38 84 65 16 99 
65 16 99 46 11 101 
46 11 101 33 7 101 
33 7 101 10 6 93 
10 6 93 11 52 62 
11 52 62 58 57 57 
58 57 57 24 56 69 
24 56 69 12 53 78 
12 53 78 98 50 79 
98 50 79 74 60 86 
74 60 86 95 67 81 
95 67 81 4 73 81 
4 73 81 37 84 91 
37 84 91 21 86 87 
21 86 87 81 87 83 
81 87 83 0 93 80 
0 93 80 91 89 69 
91 89 69 99 96 68 
99 96 68 50 90 59 
50 90 59 104 94 90 
104 94 90 40 86 96 
40 86 96 28 85 104 
28 85 104 93 78 96 
93 78 96 100 62 95 
100 62 95 103 63 99 
103 63 99 20 39 53 
20 39 53 1 28 50 
1 28 50 76 26 36 
76 26 36 43 27 38 
43 27 38 26 20 14 
26 20 14 79 17 13 
79 17 13 56 12 8 
56 12 8 51 11 7 
51 11 7 102 7 2 
102 7 2 83 6 3 
83 6 3 60 3 8 
60 3 8 54 4 0 
54 4 0 62 9 16 
62 9 16 63 26 12 
63 26 12 45 30 14 
45 30 14 87 33 12 
87 33 12 86 36 4 
86 36 4 7 37 3 
7 37 3 85 42 9 
85 42 9 8 43 14 
8 43 14 41 25 5 
41 25 5 71 22 21