38 90 46 142 90 46 
142 90 46 141 82 36 
141 82 36 97 79 31 
97 79 31 23 83 20 
23 83 20 121 89 21 
121 89 21 34 93 13 
34 93 13 99 98 13 
99 98 13 22 90 2 
22 90 2 13 77 0 
13 77 0 92 72 13 
92 72 13 7 68 21 
7 68 21 146 64 13 
146 64 13 123 63 7 
123 63 7 48 62 3 
48 62 3 57 60 2 
57 60 2 109 59 3 
109 59 3 140 57 9 
140 57 9 0 56 18 
0 56 18 124 48 15 
124 48 15 35 42 9 
35 42 9 50 39 1 
50 39 1 87 30 9 
87 30 9 20 19 11 
20 19 11 93 18 0 
93 18 0 108 11 3 
108 11 3 96 58 27 
96 58 27 47 54 34 
47 54 34 19 54 37 
19 54 37 64 64 48 
64 64 48 112 77 52 
112 77 52 2 77 62 
2 77 62 81 82 69 
81 82 69 131 90 69 
131 90 69 77 66 64 
77 66 64 24 66 68 
24 66 68 79 63 75 
79 63 75 126 52 78 
126 52 78 4 50 77 
4 50 77 105 43 81 
105 43 81 135 36 88 
135 36 88 115 31 82 
115 31 82 63 22 74 
63 22 74 84 30 66 
84 30 66 62 38 57 
62 38 57 85 8 68 
85 8 68 69 7 55 
69 7 55 5 12 50 
5 12 50 154 14 46 
154 14 46 101 16 44 
101 16 44 39 13 43 
39 13 43 9 5 41 
9 5 41 132 14 34 
132 14 34 25 13 25 
25 13 25 147 24 26 
147 24 26 59 34 96 
59 34 96 17 25 94 
17 25 94 58 24 97 
58 24 97 32 18 98 
32 18 98 113 14 100 
113 14 100 61 9 94 
61 9 94 53 13 111 
53 13 111 49 12 118 
49 12 118 44 20 122 
44 20 122 41 18 129 
41 18 129 1 22 139 
1 22 139 42 20 141 
42 20 141 107 13 140 
107 13 140 138 3 140 
138 3 140 145 21 154 
145 21 154 128 7 155 
128 7 155 156 22 113 
156 22 113 75 32 116 
75 32 116 60 40 128 
60 40 128 43 45 136 
43 45 136 137 50 133 
137 50 133 152 56 136 
152 56 136 114 64 136 
114 64 136 51 68 146 
51 68 146 139 67 148 
139 67 148 89 63 150 
89 63 150 127 63 149 
127 63 149 28 76 145 
28 76 145 94 74 125 
94 74 125 76 72 120 
76 72 120 86 81 125 
86 81 125 31 84 126 
31 84 126 148 68 88 
148 68 88 30 72 96 
30 72 96 102 79 102 
102 79 102 16 79 90 
16 79 90 155 90 84 
155 90 84 18 101 89 
18 101 89 100 108 81 
100 108 81 104 108 80 
104 108 80 46 105 77 
46 105 77 98 113 87 
98 113 87 150 122 95 
150 122 95 74 130 91 
74 130 91 106 100 101 
106 100 101 120 99 101 
120 99 101 151 97 104 
151 97 104 73 97 107 
73 97 107 36 106 105 
36 106 105 33 111 113 
33 111 113 116 108 119 
116 108 119 67 101 136 
67 101 136 55 118 135 
55 118 135 82 96 155 
82 96 155 119 104 156 
119 104 156 143 114 154 
143 114 154 88 116 108 
88 116 108 40 120 113 
40 120 113 14 137 112 
14 137 112 136 142 119 
136 142 119 83 139 125 
83 139 125 70 138 135 
70 138 135 157 145 147 
157 145 147 149 143 151 
149 143 151 125 141 153 
125 141 153 21 61 95 
21 61 95 117 50 97 
117 50 97 91 48 102 
91 48 102 27 51 105 
27 51 105 71 52 114 
71 52 114 134 50 114 
134 50 114 12 49 117 
12 49 117 68 39 37 
68 39 37 111 101 28 
111 101 28 130 99 33 
130 99 33 10 102 34 
10 102 34 78 105 56 
78 105 56 122 122 54 
122 122 54 80 125 63 
80 125 63 29 136 63 
29 136 63 52 138 57 
52 138 57 11 138 51 
11 138 51 90 129 44 
90 129 44 54 127 41 
54 127 41 66 127 33 
66 127 33 118 123 31 
118 123 31 144 120 34 
144 120 34 153 134 20 
153 134 20 110 130 18 
110 130 18 26 123 6 
26 123 6 6 125 3 
6 125 3 45 136 6 
45 136 6 72 142 8 
72 142 8 129 154 7 
129 154 7 15 116 2 
15 116 2 8 149 32 
8 149 32 3 155 34 
3 155 34 65 157 29 
65 157 29 56 146 58 
56 146 58 133 145 62 
133 145 62 95 149 79 
95 149 79 103 155 83 
103 155 83 37 156 57 
37 156 57 38 90 46