102 22 148 31 22 148 
31 22 148 48 29 141 
48 29 141 42 31 136 
42 31 136 87 25 133 
87 25 133 26 36 144 
26 36 144 12 50 149 
12 50 149 149 50 148 
149 50 148 103 58 147 
103 58 147 5 65 149 
5 65 149 2 67 148 
2 67 148 98 59 134 
98 59 134 72 61 130 
72 61 130 119 69 132 
119 69 132 95 81 124 
95 81 124 67 89 125 
67 89 125 115 93 121 
115 93 121 11 88 114 
11 88 114 59 99 106 
59 99 106 43 106 93 
43 106 93 106 113 92 
106 113 92 96 117 84 
96 117 84 81 126 83 
81 126 83 37 129 76 
37 129 76 62 130 75 
62 130 75 124 137 67 
124 137 67 19 139 67 
19 139 67 24 143 70 
24 143 70 139 150 65 
139 150 65 125 145 52 
125 145 52 75 138 45 
75 138 45 88 148 38 
88 148 38 51 143 33 
51 143 33 150 145 28 
150 145 28 128 148 25 
128 148 25 71 139 10 
71 139 10 108 147 5 
108 147 5 15 116 71 
15 116 71 25 114 69 
25 114 69 127 105 71 
127 105 71 8 99 70 
8 99 70 90 92 61 
90 92 61 34 100 55 
34 100 55 60 102 47 
60 102 47 52 94 46 
52 94 46 130 89 38 
130 89 38 58 86 29 
58 86 29 113 87 24 
113 87 24 133 90 22 
133 90 22 91 92 13 
91 92 13 54 98 16 
54 98 16 84 101 13 
84 101 13 9 99 7 
9 99 7 23 101 4 
23 101 4 105 109 17 
105 109 17 109 112 16 
109 112 16 117 118 3 
117 118 3 65 113 22 
65 113 22 68 122 26 
68 122 26 79 120 33 
79 120 33 36 126 39 
36 126 39 32 124 53 
32 124 53 30 84 7 
30 84 7 13 81 22 
13 81 22 99 80 37 
99 80 37 55 70 33 
55 70 33 76 67 29 
76 67 29 100 64 20 
100 64 20 135 53 33 
135 53 33 73 41 26 
73 41 26 14 47 16 
14 47 16 10 51 11 
10 51 11 70 36 13 
70 36 13 63 36 6 
63 36 6 114 84 48 
114 84 48 144 99 80 
144 99 80 1 89 90 
1 89 90 22 75 98 
22 75 98 33 123 103 
33 123 103 101 132 104 
101 132 104 138 133 103 
138 133 103 17 137 98 
17 137 98 97 146 96 
97 146 96 118 137 120 
118 137 120 93 139 121 
93 139 121 132 147 118 
132 147 118 0 149 129 
0 149 129 120 130 125 
120 130 125 61 127 132 
61 127 132 131 126 135 
131 126 135 29 113 123 
29 113 123 116 106 142 
116 106 142 92 104 148 
92 104 148 39 86 131 
39 86 131 134 86 133 
134 86 133 111 75 117 
111 75 117 89 63 114 
89 63 114 121 61 115 
121 61 115 85 50 117 
85 50 117 147 47 113 
147 47 113 136 50 107 
136 50 107 35 39 112 
35 39 112 123 36 112 
123 36 112 46 40 106 
46 40 106 45 36 103 
45 36 103 56 40 100 
56 40 100 94 30 99 
94 30 99 66 22 95 
66 22 95 77 20 89 
77 20 89 145 16 88 
145 16 88 41 10 90 
41 10 90 50 8 97 
50 8 97 140 13 98 
140 13 98 53 11 109 
53 11 109 64 20 114 
64 20 114 112 9 122 
112 9 122 38 10 126 
38 10 126 82 9 138 
82 9 138 18 25 79 
18 25 79 47 26 66 
47 26 66 44 37 70 
44 37 70 110 43 81 
110 43 81 141 56 81 
141 56 81 126 59 84 
126 59 84 27 61 86 
27 61 86 80 57 86 
80 57 86 16 68 75 
16 68 75 104 80 70 
104 80 70 4 51 69 
4 51 69 129 49 53 
129 49 53 83 56 52 
83 56 52 21 14 70 
21 14 70 86 0 73 
86 0 73 3 19 55 
3 19 55 146 12 55 
146 12 55 49 6 56 
49 6 56 6 11 46 
6 11 46 7 17 38 
7 17 38 78 21 36 
78 21 36 74 24 36 
74 24 36 107 28 41 
107 28 41 28 29 43 
28 29 43 137 14 30 
137 14 30 57 3 29 
57 3 29 143 5 22 
143 5 22 69 24 22 
69 24 22 148 21 17 
148 21 17 20 12 11 
20 12 11 40 17 3 
40 17 3 142 5 3 
142 5 3 122 44 125 
122 44 125 102 22 148