2 53 56 14 53 56 
14 53 56 16 52 51 
16 52 51 83 47 45 
83 47 45 52 42 42 
52 42 42 54 43 37 
54 43 37 46 39 36 
46 39 36 3 44 28 
3 44 28 48 44 19 
48 44 19 47 41 13 
47 41 13 81 35 15 
81 35 15 13 33 16 
13 33 16 59 28 10 
59 28 10 4 24 15 
4 24 15 34 25 20 
34 25 20 73 26 23 
73 26 23 41 17 27 
41 17 27 43 12 26 
43 12 26 42 10 28 
42 10 28 64 8 33 
64 8 33 30 3 25 
30 3 25 84 25 32 
84 25 32 68 24 36 
68 24 36 69 24 37 
69 24 37 88 24 38 
88 24 38 31 26 36 
31 26 36 55 28 43 
55 28 43 19 19 47 
19 19 47 57 13 49 
57 13 49 9 9 49 
9 9 49 0 23 55 
0 23 55 18 30 57 
18 30 57 82 30 63 
82 30 63 75 28 68 
75 28 68 23 30 70 
23 30 70 61 33 74 
61 33 74 29 31 80 
29 31 80 1 27 83 
1 27 83 77 22 85 
77 22 85 8 18 77 
8 18 77 85 16 75 
85 16 75 76 14 87 
76 14 87 62 7 83 
62 7 83 7 6 82 
7 6 82 28 14 61 
28 14 61 37 9 62 
37 9 62 66 17 12 
66 17 12 79 17 3 
79 17 3 70 10 1 
70 10 1 12 2 9 
12 2 9 58 33 4 
58 33 4 53 55 30 
53 55 30 21 55 27 
21 55 27 38 57 24 
38 57 24 56 60 25 
56 60 25 40 66 19 
40 66 19 11 61 13 
11 61 13 50 58 13 
50 58 13 24 65 3 
24 65 3 71 71 10 
71 71 10 78 75 10 
78 75 10 35 82 9 
35 82 9 6 79 17 
6 79 17 39 80 19 
39 80 19 65 76 20 
65 76 20 63 70 37 
63 70 37 45 75 41 
45 75 41 51 40 47 
51 40 47 10 51 64 
10 51 64 22 48 64 
22 48 64 15 47 65 
15 47 65 74 44 58 
74 44 58 49 56 70 
49 56 70 72 59 74 
72 59 74 33 55 76 
33 55 76 20 50 78 
20 50 78 32 43 74 
32 43 74 60 42 85 
60 42 85 80 65 80 
80 65 80 17 71 83 
17 71 83 36 72 88 
36 72 88 44 68 72 
44 68 72 5 69 68 
5 69 68 26 72 68 
26 72 68 86 73 66 
86 73 66 27 76 72 
27 76 72 67 84 74 
67 84 74 87 59 54 
87 59 54 25 58 52 
25 58 52 2 53 56