64 83 64 26 83 64 
26 83 64 50 84 71 
50 84 71 41 77 74 
41 77 74 62 81 79 
62 81 79 56 70 76 
56 70 76 37 67 73 
37 67 73 57 64 70 
57 64 70 7 63 73 
7 63 73 43 61 70 
43 61 70 92 52 73 
92 52 73 16 52 75 
16 52 75 83 52 70 
83 52 70 86 62 79 
86 62 79 53 54 87 
53 54 87 60 63 67 
60 63 67 69 63 64 
69 63 64 3 62 57 
3 62 57 38 73 84 
38 73 84 13 90 77 
13 90 77 2 85 55 
2 85 55 74 91 55 
74 91 55 63 93 58 
63 93 58 72 89 48 
72 89 48 85 87 43 
85 87 43 44 88 33 
44 88 33 21 92 27 
21 92 27 80 91 24 
80 91 24 35 77 33 
35 77 33 22 75 36 
22 75 36 67 65 36 
67 65 36 17 65 31 
17 65 31 82 66 25 
82 66 25 40 77 17 
40 77 17 81 81 13 
81 81 13 73 84 11 
73 84 11 29 81 9 
29 81 9 31 83 2 
31 83 2 32 89 2 
32 89 2 30 89 4 
30 89 4 87 71 5 
87 71 5 24 66 9 
24 66 9 33 56 9 
33 56 9 58 56 5 
58 56 5 77 52 1 
77 52 1 55 49 10 
55 49 10 91 44 19 
91 44 19 12 41 21 
12 41 21 61 29 24 
61 29 24 15 26 23 
15 26 23 0 27 15 
0 27 15 68 32 10 
68 32 10 4 35 6 
4 35 6 51 17 19 
51 17 19 27 14 23 
27 14 23 88 3 22 
88 3 22 25 1 24 
25 1 24 65 4 36 
65 4 36 90 0 15 
90 0 15 79 1 4 
79 1 4 52 4 0 
52 4 0 75 6 0 
75 6 0 78 26 29 
78 26 29 34 29 33 
34 29 33 70 38 34 
70 38 34 93 27 44 
93 27 44 14 32 45 
14 32 45 47 37 49 
47 37 49 89 41 48 
89 41 48 9 45 49 
9 45 49 39 39 58 
39 39 58 23 21 43 
23 21 43 19 16 50 
19 16 50 49 18 52 
49 18 52 45 17 55 
45 17 55 42 11 51 
42 11 51 1 9 57 
1 9 57 6 8 65 
6 8 65 46 9 71 
46 9 71 36 12 72 
36 12 72 66 13 74 
66 13 74 71 15 79 
71 15 79 11 13 87 
11 13 87 76 22 84 
76 22 84 84 25 80 
84 25 80 28 29 92 
28 29 92 59 21 70 
59 21 70 48 25 71 
48 25 71 8 36 71 
8 36 71 20 36 75 
20 36 75 10 59 30 
10 59 30 54 57 30 
54 57 30 5 64 43 
5 64 43 18 75 47 
18 75 47 64 83 64