105 89 80 68 89 81 
68 89 81 90 85 79 
90 85 79 26 90 72 
26 90 72 101 98 73 
101 98 73 60 104 79 
60 104 79 92 99 88 
92 99 88 81 105 97 
81 105 97 40 115 94 
40 115 94 112 128 91 
112 128 91 17 128 84 
17 128 84 65 124 82 
65 124 82 74 130 98 
74 130 98 5 90 101 
5 90 101 0 84 107 
0 84 107 9 92 112 
9 92 112 14 92 125 
14 92 125 58 95 125 
58 95 125 72 98 127 
72 98 127 95 109 118 
95 109 118 52 115 130 
52 115 130 53 125 124 
53 125 124 35 82 126 
35 82 126 43 74 122 
43 74 122 22 68 118 
22 68 118 100 106 63 
100 106 63 121 107 58 
121 107 58 15 103 56 
15 103 56 86 96 40 
86 96 40 12 86 38 
12 86 38 42 113 64 
42 113 64 37 122 62 
37 122 62 73 124 60 
73 124 60 33 116 50 
33 116 50 89 114 43 
89 114 43 117 116 33 
117 116 33 102 126 33 
102 126 33 69 118 22 
69 118 22 45 113 19 
45 113 19 36 119 16 
36 119 16 104 115 12 
104 115 12 28 108 12 
28 108 12 80 104 11 
80 104 11 49 95 8 
49 95 8 20 91 13 
20 91 13 8 88 18 
8 88 18 63 85 7 
63 85 7 122 78 0 
122 78 0 123 74 5 
123 74 5 23 62 4 
23 62 4 108 55 3 
108 55 3 54 54 6 
54 54 6 44 55 16 
44 55 16 1 51 21 
1 51 21 66 49 30 
66 49 30 55 51 40 
55 51 40 71 50 44 
71 50 44 79 54 57 
79 54 57 64 45 68 
64 45 68 59 52 73 
59 52 73 125 57 75 
125 57 75 82 65 70 
82 65 70 46 37 63 
46 37 63 32 34 62 
32 34 62 47 35 60 
47 35 60 19 34 58 
19 34 58 30 31 55 
30 31 55 91 26 52 
91 26 52 29 26 49 
29 26 49 25 12 50 
25 12 50 78 8 47 
78 8 47 119 0 60 
119 0 60 62 14 32 
62 14 32 99 21 21 
99 21 21 130 24 12 
130 24 12 34 19 6 
34 19 6 93 20 4 
93 20 4 50 25 4 
50 25 4 131 17 7 
131 17 7 118 16 3 
118 16 3 84 9 14 
84 9 14 94 5 4 
94 5 4 128 3 1 
128 3 1 56 29 68 
56 29 68 4 24 64 
4 24 64 114 30 79 
114 30 79 21 25 85 
21 25 85 38 24 90 
38 24 90 106 19 95 
106 19 95 10 17 93 
10 17 93 85 16 93 
85 16 93 39 14 92 
39 14 92 18 5 88 
18 5 88 111 2 90 
111 2 90 115 7 82 
115 7 82 116 11 106 
116 11 106 127 10 107 
127 10 107 126 2 106 
126 2 106 31 3 122 
31 3 122 51 17 128 
51 17 128 61 22 98 
61 22 98 87 24 99 
87 24 99 124 34 88 
124 34 88 120 37 87 
120 37 87 11 39 92 
11 39 92 16 33 94 
16 33 94 27 47 96 
27 47 96 13 51 100 
13 51 100 7 45 113 
7 45 113 75 51 116 
75 51 116 48 47 120 
48 47 120 70 40 119 
70 40 119 129 36 119 
129 36 119 6 36 112 
6 36 112 76 47 87 
76 47 87 41 53 88 
41 53 88 109 61 87 
109 61 87 3 69 87 
3 69 87 103 73 90 
103 73 90 88 64 99 
88 64 99 2 62 43 
2 62 43 77 43 16 
77 43 16 57 62 25 
57 62 25 113 49 1 
113 49 1 24 73 18 
24 73 18 110 117 5 
110 117 5 67 119 5 
67 119 5 97 124 6 
97 124 6 83 130 9 
83 130 9 98 131 15 
98 131 15 96 114 2 
96 114 2 107 83 57 
107 83 57 105 89 80