10 14 51 23 14 51 
23 14 51 60 15 51 
60 15 51 59 20 49 
59 20 49 63 22 49 
63 22 49 5 28 46 
5 28 46 28 29 47 
28 29 47 44 37 44 
44 37 44 62 38 43 
62 38 43 4 25 43 
4 25 43 48 25 39 
48 25 39 51 27 34 
51 27 34 50 34 35 
50 34 35 13 35 30 
13 35 30 37 39 23 
37 39 23 42 46 30 
42 46 30 61 45 31 
61 45 31 6 48 27 
6 48 27 0 49 27 
0 49 27 57 49 30 
57 49 30 15 56 25 
15 56 25 2 57 19 
2 57 19 9 55 18 
9 55 18 25 59 12 
25 59 12 38 64 13 
38 64 13 55 52 11 
55 52 11 36 46 17 
36 46 17 18 62 5 
18 62 5 49 61 5 
49 61 5 26 55 4 
26 55 4 54 61 30 
54 61 30 56 57 34 
56 57 34 19 62 39 
19 62 39 40 58 45 
40 58 45 29 56 47 
29 56 47 41 54 48 
41 54 48 46 51 49 
46 51 49 34 54 51 
34 54 51 53 55 53 
53 55 53 64 61 58 
64 61 58 45 60 63 
45 60 63 1 50 53 
1 50 53 27 49 63 
27 49 63 14 40 64 
14 40 64 31 56 44 
31 56 44 7 20 30 
7 20 30 12 20 24 
12 20 24 24 26 18 
24 26 18 43 29 20 
43 29 20 47 21 11 
47 21 11 8 27 9 
8 27 9 58 20 2 
58 20 2 33 10 0 
33 10 0 39 9 4 
39 9 4 20 5 8 
20 5 8 22 13 19 
22 13 19 32 5 22 
32 5 22 16 11 54 
16 11 54 30 9 55 
30 9 55 21 8 60 
21 8 60 35 21 63 
35 21 63 17 10 47 
17 10 47 11 4 43 
11 4 43 3 4 37 
3 4 37 52 8 33 
52 8 33 10 14 51