30 6 2 43 7 1 
43 7 1 25 6 7 
25 6 7 21 5 8 
21 5 8 34 10 15 
34 10 15 26 14 12 
26 14 12 17 18 7 
17 18 7 55 17 5 
55 17 5 31 17 1 
31 17 1 3 22 11 
3 22 11 27 19 17 
27 19 17 44 23 4 
44 23 4 23 31 4 
23 31 4 8 38 2 
8 38 2 59 43 7 
59 43 7 13 52 7 
13 52 7 62 57 3 
62 57 3 61 60 2 
61 60 2 41 63 3 
41 63 3 53 49 15 
53 49 15 5 47 17 
5 47 17 45 46 17 
45 46 17 18 39 24 
18 39 24 16 36 29 
16 36 29 9 38 30 
9 38 30 52 32 36 
52 32 36 65 30 37 
65 30 37 67 29 42 
67 29 42 60 24 42 
60 24 42 38 24 47 
38 24 47 35 21 58 
35 21 58 48 16 60 
48 16 60 39 12 63 
39 12 63 19 17 42 
19 17 42 56 8 41 
56 8 41 63 2 40 
63 2 40 7 1 33 
7 1 33 49 0 31 
49 0 31 22 1 49 
22 1 49 40 25 36 
40 25 36 28 22 29 
28 22 29 57 36 41 
57 36 41 37 40 45 
37 40 45 29 41 41 
29 41 41 54 46 39 
54 46 39 12 52 37 
12 52 37 33 52 39 
33 52 39 14 56 37 
14 56 37 32 63 36 
32 63 36 10 63 28 
10 63 28 58 65 28 
58 65 28 2 60 25 
2 60 25 42 58 26 
42 58 26 64 67 20 
64 67 20 47 43 51 
47 43 51 20 47 54 
20 47 54 1 52 50 
1 52 50 46 50 61 
46 50 61 4 52 65 
4 52 65 0 63 67 
0 63 67 51 39 60 
51 39 60 24 39 62 
24 39 62 50 32 12 
50 32 12 66 30 12 
66 30 12 15 32 16 
15 32 16 6 31 18 
6 31 18 11 10 22 
11 10 22 36 10 23 
36 10 23 30 6 2