28 65 18 13 65 19 
13 65 19 44 64 25 
44 64 25 17 62 29 
17 62 29 71 58 38 
71 58 38 68 56 37 
68 56 37 70 54 40 
70 54 40 41 53 39 
41 53 39 52 52 37 
52 52 37 29 43 39 
29 43 39 11 38 40 
11 38 40 46 31 46 
46 31 46 12 25 46 
12 25 46 39 27 41 
39 27 41 43 18 38 
43 18 38 54 16 35 
54 16 35 45 15 39 
45 15 39 33 9 35 
33 9 35 19 25 53 
19 25 53 4 25 56 
4 25 56 24 29 61 
24 29 61 36 28 63 
36 28 63 30 33 69 
30 33 69 38 35 72 
38 35 72 20 39 72 
20 39 72 18 51 72 
18 51 72 66 17 48 
66 17 48 6 10 49 
6 10 49 60 2 53 
60 2 53 59 2 58 
59 2 58 73 0 63 
73 0 63 21 3 70 
21 3 70 72 1 74 
72 1 74 22 10 59 
22 10 59 63 12 67 
63 12 67 8 40 54 
8 40 54 69 45 31 
69 45 31 23 45 28 
23 45 28 14 39 23 
14 39 23 56 38 26 
56 38 26 53 34 27 
53 34 27 55 33 25 
55 33 25 48 32 31 
48 32 31 3 36 32 
3 36 32 0 43 21 
0 43 21 57 46 17 
57 46 17 47 34 20 
47 34 20 74 34 17 
74 34 17 51 40 8 
51 40 8 62 30 18 
62 30 18 35 26 24 
35 26 24 42 24 5 
42 24 5 61 17 5 
61 17 5 49 11 9 
49 11 9 27 9 11 
27 9 11 58 8 17 
58 8 17 15 3 20 
15 3 20 5 3 2 
5 3 2 37 59 44 
37 59 44 1 59 45 
1 59 45 40 60 53 
40 60 53 31 60 55 
31 60 55 26 69 53 
26 69 53 32 74 43 
32 74 43 2 74 40 
2 74 40 64 71 40 
64 71 40 7 72 25 
7 72 25 65 74 23 
65 74 23 16 56 22 
16 56 22 9 66 13 
9 66 13 67 59 12 
67 59 12 25 54 10 
25 54 10 50 63 3 
50 63 3 34 67 3 
34 67 3 10 71 5 
10 71 5 28 65 18