35 19 18 2 20 17 
2 20 17 103 26 10 
103 26 10 120 24 2 
120 24 2 93 34 16 
93 34 16 108 40 11 
108 40 11 107 41 18 
107 41 18 32 45 23 
32 45 23 49 42 25 
49 42 25 21 46 31 
21 46 31 38 51 33 
38 51 33 115 50 37 
115 50 37 126 48 44 
126 48 44 94 55 47 
94 55 47 104 60 44 
104 60 44 122 69 52 
122 69 52 39 40 51 
39 40 51 53 31 53 
53 31 53 78 28 60 
78 28 60 77 28 66 
77 28 66 66 35 66 
66 35 66 44 40 60 
44 40 60 59 52 61 
59 52 61 19 36 75 
19 36 75 37 41 73 
37 41 73 52 40 81 
52 40 81 45 37 83 
45 37 83 46 40 85 
46 40 85 42 47 87 
42 47 87 73 45 93 
73 45 93 119 19 67 
119 19 67 105 15 67 
105 15 67 99 11 68 
99 11 68 13 10 64 
13 10 64 30 8 61 
30 8 61 51 6 76 
51 6 76 91 17 83 
91 17 83 65 22 90 
65 22 90 124 19 97 
124 19 97 48 15 93 
48 15 93 0 7 91 
0 7 91 83 28 101 
83 28 101 60 25 106 
60 25 106 12 30 109 
12 30 109 112 27 112 
112 27 112 80 21 118 
80 21 118 117 20 120 
117 20 120 131 23 122 
131 23 122 86 16 116 
86 16 116 29 1 116 
29 1 116 68 33 118 
68 33 118 40 39 111 
40 39 111 31 48 106 
31 48 106 129 14 105 
129 14 105 84 9 103 
84 9 103 23 26 47 
23 26 47 101 24 43 
101 24 43 33 18 48 
33 18 48 57 12 38 
57 12 38 111 30 35 
111 30 35 36 32 36 
36 32 36 6 54 19 
6 54 19 72 50 10 
72 50 10 130 64 28 
130 64 28 7 72 26 
7 72 26 61 80 32 
61 80 32 43 81 35 
43 81 35 62 87 42 
62 87 42 118 89 40 
118 89 40 10 94 33 
10 94 33 5 97 28 
5 97 28 102 101 33 
102 101 33 20 105 28 
20 105 28 3 115 19 
3 115 19 28 117 18 
28 117 18 14 124 28 
14 124 28 95 112 8 
95 112 8 92 113 1 
92 113 1 56 99 4 
56 99 4 34 100 44 
34 100 44 89 87 51 
89 87 51 9 88 65 
9 88 65 22 84 75 
22 84 75 81 88 76 
81 88 76 110 88 82 
110 88 82 114 88 93 
114 88 93 88 93 103 
88 93 103 90 98 75 
90 98 75 67 99 82 
67 99 82 97 105 83 
97 105 83 125 106 87 
125 106 87 109 110 78 
109 110 78 16 122 79 
16 122 79 82 122 80 
82 122 80 116 129 92 
116 129 92 24 132 96 
24 132 96 70 118 95 
70 118 95 100 115 108 
100 115 108 96 105 116 
96 105 116 11 102 118 
11 102 118 64 86 120 
64 86 120 18 85 121 
18 85 121 26 75 132 
26 75 132 121 68 132 
121 68 132 54 53 128 
54 53 128 63 47 129 
63 47 129 25 131 119 
25 131 119 128 128 69 
128 128 69 15 74 78 
15 74 78 4 70 84 
4 70 84 76 67 89 
76 67 89 41 62 82 
41 62 82 17 74 95 
17 74 95 106 71 102 
106 71 102 50 65 102 
50 65 102 113 63 106 
113 63 106 87 66 108 
87 66 108 1 99 62 
1 99 62 69 108 63 
69 108 63 47 111 62 
47 111 62 79 119 54 
79 119 54 27 123 51 
27 123 51 75 132 52 
75 132 52 123 109 67 
123 109 67 132 82 27 
132 82 27 8 85 16 
8 85 16 74 79 7 
74 79 7 58 32 23 
58 32 23 98 15 26 
98 15 26 85 4 27 
85 4 27 55 1 25 
55 1 25 127 0 36 
127 0 36 71 0 48 
71 0 48 35 19 18