53 71 70 23 38 68 1
58 64 41 47 21 48 1
81 27 88 18 12 53 1
32 71 48 15 30 75 1
2 55 26 43 12 2 1
34 92 21 16 41 50 1
78 23 82 11 39 5 1
15 30 75 79 50 63 1
48 79 55 83 24 75 1
32 71 48 59 81 80 1
80 17 79 89 39 22 1
17 18 30 23 38 68 1
66 12 83 10 92 70 1
80 17 79 56 37 66 1
50 6 65 29 50 3 1
84 55 82 31 69 55 1
92 74 13 17 18 30 1
61 47 39 40 48 18 1
83 24 75 35 68 85 1
18 12 53 52 20 25 1
53 71 70 9 36 77 1
72 56 23 6 18 23 1
40 48 18 67 47 89 1
2 55 26 3 0 3 1
58 64 41 45 76 67 1
51 53 90 75 66 37 1
64 62 72 59 81 80 1
20 35 67 92 74 13 1
48 79 55 10 92 70 1
19 27 73 26 59 85 1
54 62 80 86 57 4 2
67 47 89 51 53 90 2
86 57 4 69 60 64 2
48 79 55 69 60 64 2
45 76 67 20 35 67 2
31 69 55 88 11 91 2
92 74 13 83 24 75 2
8 83 42 77 5 87 2
9 36 77 77 5 87 2
68 65 18 51 53 90 2
64 62 72 75 66 37 2
41 8 59 15 30 75 2
34 92 21 55 26 42 2
0 41 10 49 11 33 2
7 64 30 18 12 53 2
57 74 27 70 9 7 2
32 71 48 30 84 13 2
75 66 37 6 18 23 2
89 39 22 34 92 21 2
26 59 85 4 38 13 2
40 48 18 27 39 32 2
25 46 53 19 27 73 2
70 9 7 5 28 75 2
85 33 84 7 64 30 2
49 11 33 67 47 89 2
79 50 63 87 18 1 2
16 41 50 2 55 26 2
38 64 62 83 24 75 2
35 68 85 64 62 72 2
7 64 30 35 68 85 2
91 42 83 67 47 89 2
64 62 72 1 74 88 2
90 75 34 44 57 29 2
54 62 80 13 67 49 2
86 57 4 56 37 66 2
37 35 17 91 42 83 2
90 75 34 18 12 53 2
77 5 87 28 21 62 2
85 33 84 33 74 28 3
40 48 18 4 38 13 3
13 67 49 88 11 91 3
36 71 84 42 8 38 3
57 74 27 11 39 5 3
29 50 3 22 13 2 3
74 0 59 77 5 87 3
80 17 79 76 92 83 3
30 84 13 70 9 7 3
27 39 32 46 51 81 3
75 66 37 39 37 42 3
23 38 68 29 50 3 3
62 27 15 25 46 53 3
65 37 27 33 74 28 3
60 36 2 3 0 3 3
42 8 38 84 55 82 4
47 21 48 12 58 1 4
69 60 64 24 76 43 4
11 39 5 73 84 6 4
14 89 88 56 37 66 5
78 23 82 21 79 53 5
3 0 3 82 65 46 5
66 12 83 63 34 77 5
71 12 6 25 46 53 6
