14 20 4 7 21 30 1
34 14 36 30 37 14 1
10 25 18 25 30 18 1
12 34 13 31 13 8 1
24 12 29 0 38 26 1
18 27 24 13 31 36 1
4 35 6 3 4 26 1
28 8 35 38 33 1 1
25 30 18 39 16 22 1
2 22 8 30 37 14 1
16 24 28 23 9 1 1
25 30 18 1 32 36 1
0 38 26 10 25 18 1
19 27 21 40 36 3 1
20 30 34 24 12 29 1
9 38 3 8 15 1 1
27 1 34 31 13 8 1
24 12 29 26 38 4 1
27 1 34 30 37 14 1
40 36 3 30 37 14 1
15 35 30 13 31 36 1
37 32 11 5 10 6 1
15 35 30 35 17 13 1
32 1 0 1 32 36 1
22 20 8 21 32 6 1
36 28 11 9 38 3 1
30 37 14 33 29 1 1
34 14 36 29 32 3 1
32 1 0 15 35 30 2
28 8 35 6 38 17 2
22 20 8 12 34 13 2
17 3 29 8 15 1 2
12 34 13 1 32 36 2
10 25 18 6 38 17 2
16 24 28 19 27 21 2
24 12 29 41 7 25 2
4 35 6 30 37 14 2
11 20 25 35 17 13 2
22 20 8 36 28 11 2
1 32 36 37 32 11 3
14 20 4 23 9 1 3
