13 44 9 61 92 25 1
108 113 4 85 15 38 1
63 70 23 55 14 36 1
79 54 73 12 23 25 1
79 54 73 53 65 104 1
38 20 37 98 13 97 1
102 29 115 4 53 31 1
96 11 87 111 27 63 1
93 46 99 21 80 36 1
111 27 63 44 60 54 1
11 73 38 58 88 4 1
103 75 117 76 53 104 1
106 32 8 32 57 110 1
46 63 86 103 75 117 1
113 58 118 36 61 2 1
75 84 59 36 61 2 1
70 68 96 97 77 118 1
111 27 63 104 18 9 1
13 44 9 12 23 25 1
33 4 27 96 11 87 1
72 6 57 37 103 1 1
20 40 7 53 65 104 1
26 18 28 59 50 70 1
73 103 20 34 62 95 1
94 55 90 24 44 71 1
35 97 60 89 94 101 1
2 67 26 48 102 79 1
113 58 118 112 29 57 1
63 70 23 23 55 49 1
81 65 88 107 85 105 1
8 19 86 0 41 93 1
87 96 115 28 50 52 1
80 107 46 25 0 96 1
58 88 4 55 14 36 1
7 18 103 83 75 101 1
4 53 31 71 35 94 1
80 107 46 102 29 115 1
111 27 63 75 84 59 1
51 119 0 87 96 115 1
81 65 88 119 91 115 1
61 92 25 39 98 48 1
108 113 4 23 55 49 1
62 71 49 92 42 97 1
35 97 60 21 80 36 1
71 35 94 0 41 93 1
41 73 25 58 88 4 1
78 1 95 34 62 95 2
40 20 13 77 52 87 2
48 102 79 99 107 13 2
58 88 4 7 18 103 2
86 90 62 57 82 28 2
21 80 36 41 73 25 2
92 42 97 26 18 28 2
14 100 47 61 92 25 2
18 20 89 94 55 90 2
58 88 4 81 65 88 2
31 71 30 57 82 28 2
100 0 14 22 99 116 2
71 35 94 35 97 60 2
40 20 13 46 63 86 2
20 40 7 75 84 59 2
78 1 95 43 9 23 2
91 9 61 54 68 13 2
12 23 25 59 50 70 2
76 53 104 89 94 101 2
52 20 97 32 57 110 2
38 20 37 79 54 73 2
45 19 42 15 117 16 2
89 94 101 42 90 9 2
24 44 71 10 87 33 2
66 99 26 15 117 16 2
117 87 86 2 67 26 2
87 96 115 21 80 36 2
6 1 46 31 71 30 2
41 73 25 105 107 66 2
94 55 90 43 9 23 2
5 43 68 3 36 62 2
52 20 97 105 107 66 2
115 5 59 92 42 97 2
15 117 16 70 68 96 2
98 13 97 86 90 62 2
104 18 9 49 22 59 2
74 83 54 112 29 57 2
87 96 115 113 58 118 2
1 5 74 102 29 115 2
43 9 23 39 98 48 2
38 20 37 101 59 2 2
58 88 4 22 99 116 2
72 6 57 1 5 74 2
114 58 13 116 27 11 2
16 52 95 9 112 104 3
48 102 79 65 23 66 3
101 59 2 19 19 52 3
0 41 93 56 53 85 3
79 54 73 15 117 16 3
29 88 39 79 54 73 3
109 13 103 45 19 42 3
16 52 95 15 117 16 3
59 50 70 48 102 79 3
22 99 116 30 64 6 3
82 43 29 52 20 97 3
47 30 89 50 54 56 3
97 77 118 68 119 116 3
6 1 46 90 2 1 3
33 4 27 114 58 13 3
38 20 37 17 51 7 3
107 85 105 3 36 62 3
60 16 116 89 94 101 3
64 60 103 117 87 86 3
4 53 31 95 119 12 3
71 35 94 110 11 63 3
25 0 96 118 58 32 3
86 90 62 50 54 56 3
69 78 101 117 87 86 3
85 15 38 27 14 9 4
28 50 52 54 68 13 4
51 119 0 84 19 7 5
82 43 29 67 113 43 6
88 114 34 70 68 96 8
