85 14 52 71 12 7 1
24 103 77 7 53 84 1
54 114 119 117 2 80 1
63 86 3 104 109 115 1
65 0 71 25 8 55 1
6 21 39 8 45 99 1
19 90 108 105 28 10 1
6 21 39 116 83 121 1
41 20 52 65 0 71 1
107 83 98 21 96 48 1
68 104 57 59 38 22 1
90 119 64 72 108 38 1
84 11 81 60 104 111 1
109 109 106 118 62 83 1
13 61 68 6 21 39 1
72 108 38 41 20 52 1
69 82 15 77 71 91 1
106 58 64 15 96 75 1
55 102 22 54 114 119 1
53 13 107 22 85 55 1
87 15 60 73 50 9 1
22 85 55 107 83 98 1
10 26 39 8 45 99 1
9 87 75 4 79 92 1
96 105 6 117 2 80 1
11 118 54 72 108 38 1
98 114 50 87 15 60 1
6 21 39 0 22 8 1
4 79 92 84 11 81 1
103 70 15 71 12 7 1
36 91 65 86 2 57 1
9 87 75 44 65 63 1
0 22 8 88 118 65 1
64 115 32 8 45 99 1
115 12 91 116 83 121 1
82 63 16 45 33 121 1
14 66 14 29 110 59 1
104 109 115 102 69 10 1
111 54 101 15 96 75 1
92 17 117 113 121 11 1
116 83 121 41 20 52 2
40 79 103 88 118 65 2
14 66 14 70 53 16 2
74 91 18 113 121 11 2
69 82 15 8 45 99 2
119 47 121 18 17 84 2
23 89 26 93 10 76 2
25 8 55 4 79 92 2
82 63 16 10 26 39 2
94 3 80 112 21 52 2
34 48 45 113 121 11 2
115 12 91 20 98 86 2
97 32 37 92 17 117 2
101 16 59 53 13 107 2
13 61 68 76 109 10 2
63 86 3 71 12 7 2
16 106 32 21 96 48 2
116 83 121 73 50 9 2
69 82 15 31 88 65 2
31 88 65 47 103 105 2
80 109 115 10 26 39 2
23 89 26 19 90 108 2
48 7 17 15 96 75 2
7 53 84 14 66 14 2
45 33 121 39 80 84 2
25 8 55 94 3 80 2
88 118 65 117 2 80 2
36 91 65 117 2 80 2
52 57 100 31 88 65 2
1 74 40 82 63 16 2
105 28 10 97 32 37 2
2 7 110 89 22 80 2
113 121 11 96 105 6 2
103 70 15 82 63 16 2
38 20 88 43 105 8 2
94 3 80 50 18 66 2
53 13 107 12 68 13 2
106 58 64 69 82 15 2
91 79 51 101 16 59 2
21 96 48 46 86 66 2
89 22 80 118 62 83 2
49 92 118 100 36 39 2
121 77 21 84 11 81 2
44 65 63 38 20 88 2
91 79 51 93 10 76 2
2 7 110 96 105 6 2
21 96 48 66 42 100 2
0 22 8 32 40 86 2
98 114 50 99 83 21 2
14 66 14 67 65 29 2
56 68 102 82 63 16 2
7 53 84 82 63 16 3
28 60 84 24 103 77 3
60 104 111 18 17 84 3
36 91 65 95 60 70 3
17 120 24 107 83 98 3
119 47 121 100 36 39 3
30 50 52 77 71 91 3
107 83 98 59 38 22 3
0 22 8 5 4 43 3
88 118 65 78 62 36 3
91 79 51 83 58 104 3
75 97 64 88 118 65 3
33 20 89 0 22 8 3
37 120 68 57 85 27 3
58 27 37 11 118 54 3
1 74 40 27 34 85 3
37 120 68 39 80 84 3
120 30 51 39 80 84 3
81 2 80 50 18 66 3
42 65 119 76 109 10 3
51 103 111 42 65 119 3
68 104 57 35 7 16 3
31 88 65 79 85 26 4
72 108 38 61 67 111 4
3 112 90 45 33 121 4
29 110 59 114 60 115 4
26 72 37 98 114 50 4
78 62 36 62 53 68 4
110 105 93 34 48 45 4
99 83 21 108 45 84 5
