25 2 27 34 15 28 1
5 3 10 17 18 32 1
19 38 24 7 36 46 1
17 18 32 30 39 28 1
5 3 10 9 17 46 1
30 39 28 13 32 43 1
6 36 3 23 26 42 1
9 17 46 46 37 11 1
1 3 20 6 36 3 1
43 37 17 2 33 29 1
39 15 13 6 36 3 1
15 10 17 14 19 5 1
17 18 32 41 36 22 1
8 22 38 13 32 43 1
19 38 24 28 15 33 1
24 4 36 15 10 17 1
0 2 25 10 1 26 1
1 3 20 17 18 32 1
10 1 26 35 1 29 1
30 39 28 44 41 11 1
21 42 43 17 18 32 1
38 0 29 45 37 8 1
19 38 24 11 20 3 2
12 35 27 8 22 38 2
22 41 28 12 35 27 2
39 15 13 37 3 27 2
31 13 44 2 33 29 2
38 0 29 43 37 17 2
0 2 25 8 22 38 2
39 15 13 14 19 5 2
33 11 43 15 10 17 2
36 6 5 18 5 14 2
16 29 23 46 37 11 2
4 26 29 25 2 27 2
7 36 46 5 3 10 2
36 6 5 25 2 27 2
34 15 28 23 26 42 3
40 4 36 28 15 33 3
29 44 34 26 38 5 3
3 42 8 12 35 27 3
32 25 4 15 10 17 3
6 36 3 42 30 18 3
11 20 3 26 38 5 3
43 37 17 36 6 5 3
19 38 24 20 8 23 3
27 33 10 14 19 5 4
