76 33 34 42 89 82 1
4 4 16 41 78 12 1
93 19 57 1 60 91 1
48 68 43 45 77 71 1
98 81 42 50 75 51 1
64 28 100 94 79 93 1
10 82 15 78 45 82 1
82 3 62 88 34 42 1
98 81 42 4 4 16 1
39 14 30 88 34 42 1
99 50 73 71 92 9 1
89 51 75 84 25 34 1
62 3 1 76 33 34 1
28 3 29 8 12 60 1
88 34 42 99 50 73 1
11 73 19 1 60 91 1
10 82 15 68 51 91 1
3 83 38 83 26 47 1
87 76 65 99 50 73 1
75 68 12 0 71 22 1
13 36 101 88 34 42 1
51 37 6 70 47 10 1
87 76 65 70 47 10 1
9 67 64 28 3 29 1
29 30 70 41 78 12 1
94 79 93 84 25 34 1
5 76 0 79 77 73 1
13 36 101 54 50 10 1
11 73 19 85 19 38 1
86 99 86 11 73 19 1
47 88 48 94 79 93 1
13 36 101 81 53 24 1
53 32 46 38 98 50 1
1 60 91 100 10 46 1
82 3 62 14 43 19 1
51 37 6 21 6 68 1
61 82 61 35 61 96 1
2 59 59 80 52 93 1
75 68 12 46 80 29 1
19 10 42 46 80 29 1
25 7 85 26 74 83 1
78 45 82 83 26 47 1
34 26 71 49 42 26 1
2 59 59 77 37 13 1
47 88 48 16 34 86 1
41 78 12 6 90 30 1
10 82 15 28 3 29 2
80 52 93 94 79 93 2
77 37 13 92 87 10 2
60 92 94 11 73 19 2
69 96 58 86 99 86 2
52 80 99 31 92 34 2
15 62 40 27 57 82 2
35 61 96 81 53 24 2
41 78 12 7 53 50 2
31 92 34 18 17 82 2
94 79 93 43 93 56 2
83 26 47 35 61 96 2
8 12 60 34 26 71 2
92 87 10 48 68 43 2
74 82 49 97 14 63 2
54 50 10 45 77 71 2
73 17 50 72 50 69 2
24 52 80 25 7 85 2
4 4 16 17 24 76 2
93 19 57 37 90 68 2
72 50 69 53 32 46 2
25 7 85 88 34 42 2
21 6 68 75 68 12 2
95 94 97 85 19 38 2
5 76 0 1 60 91 2
1 60 91 30 69 1 2
28 3 29 5 76 0 2
29 30 70 26 74 83 2
62 3 1 31 92 34 2
7 53 50 96 62 81 2
91 20 45 31 92 34 2
76 33 34 10 82 15 2
23 23 13 83 26 47 2
2 59 59 22 40 97 2
22 40 97 74 82 49 2
34 26 71 38 98 50 2
90 98 75 40 94 33 2
27 57 82 73 17 50 2
55 52 40 84 25 34 2
22 40 97 90 98 75 3
57 59 78 34 26 71 3
36 55 58 18 17 82 3
43 93 56 59 48 0 3
32 41 10 77 37 13 3
20 78 18 11 73 19 3
65 56 32 20 78 18 3
12 53 11 26 74 83 4
67 82 53 31 92 34 4
57 59 78 66 25 67 4
71 92 9 101 61 22 4
33 45 13 87 76 65 4
74 82 49 63 10 36 4
13 36 101 44 58 92 5
58 2 85 46 80 29 5
80 52 93 56 44 59 8
