39 21 54 106 16 57 1
49 68 63 48 61 69 1
123 42 105 93 100 118 1
8 18 58 106 16 57 1
96 112 120 45 15 31 1
36 59 97 31 13 85 1
86 16 106 23 72 90 1
15 61 77 110 19 88 1
33 112 124 2 93 30 1
4 69 73 33 112 124 1
18 8 13 89 43 56 1
3 74 86 81 112 123 1
45 15 31 7 17 124 1
122 80 10 109 115 43 1
1 31 5 55 122 72 1
38 79 123 113 124 97 1
101 29 64 11 51 119 1
30 15 34 60 102 60 1
74 23 34 10 3 25 1
124 54 67 24 44 14 1
61 56 22 0 121 54 1
83 70 24 118 26 35 1
42 103 64 53 105 10 1
109 115 43 25 4 53 1
81 112 123 37 93 114 1
44 112 72 80 21 108 1
92 65 30 33 112 124 1
0 121 54 49 68 63 1
76 84 75 61 56 22 1
110 19 88 17 22 117 1
94 71 90 2 93 30 1
93 100 118 31 13 85 1
117 45 21 124 54 67 1
61 56 22 21 65 100 1
67 78 59 105 11 84 1
62 121 43 50 13 81 1
75 82 79 66 34 38 1
6 79 112 103 68 90 1
60 102 60 121 70 49 1
83 70 24 26 49 51 1
115 94 125 23 72 90 1
52 85 90 68 51 63 1
75 82 79 20 123 101 1
69 44 17 53 105 10 1
0 121 54 39 21 54 1
118 26 35 98 59 121 1
11 51 119 30 15 34 1
11 51 119 63 21 114 1
19 15 68 87 57 111 1
106 16 57 82 119 66 1
106 16 57 2 93 30 1
101 29 64 115 94 125 1
19 15 68 76 84 75 2
125 53 42 22 68 9 2
18 8 13 107 25 98 2
44 112 72 124 54 67 2
98 59 121 57 92 115 2
72 51 40 99 85 94 2
20 123 101 4 69 73 2
109 115 43 11 51 119 2
59 46 2 115 94 125 2
51 75 64 86 16 106 2
116 30 25 107 25 98 2
100 34 34 113 124 97 2
23 72 90 81 112 123 2
100 34 34 99 85 94 2
10 3 25 27 42 109 2
46 116 64 10 3 25 2
28 14 35 37 93 114 2
113 124 97 61 56 22 2
85 103 83 58 115 89 2
97 114 15 26 49 51 2
10 3 25 99 85 94 2
116 30 25 2 93 30 2
68 51 63 22 68 9 2
41 88 117 25 4 53 2
30 15 34 40 107 82 2
17 22 117 87 57 111 2
67 78 59 87 57 111 2
30 15 34 55 122 72 2
21 65 100 103 68 90 2
123 42 105 77 18 82 2
37 93 114 31 13 85 2
16 11 66 124 54 67 2
6 79 112 52 85 90 2
31 13 85 42 103 64 2
46 116 64 115 94 125 2
84 37 108 76 84 75 2
95 34 8 22 68 9 2
99 85 94 85 103 83 2
104 22 22 35 41 43 2
83 70 24 63 21 114 2
5 34 96 66 34 38 2
124 54 67 121 70 49 2
100 34 34 45 15 31 2
47 68 22 110 19 88 2
2 93 30 12 16 37 2
32 111 24 15 61 77 2
12 16 37 79 61 78 2
54 54 83 117 45 21 2
120 124 50 117 45 21 2
56 37 99 74 23 34 2
65 99 106 87 57 111 3
116 30 25 35 41 43 3
77 18 82 71 13 63 3
62 121 43 0 121 54 3
29 115 81 33 112 124 3
49 68 63 111 79 31 3
9 15 14 48 61 69 3
104 22 22 13 20 22 3
14 125 36 119 84 46 3
36 59 97 14 125 36 3
24 44 14 73 72 47 3
108 45 6 123 42 105 3
64 31 115 95 34 8 3
105 11 84 114 40 16 3
88 92 79 96 112 120 4
43 3 116 49 68 63 4
60 102 60 34 26 20 4
78 17 116 45 15 31 4
82 119 66 112 115 23 4
102 121 56 42 103 64 5
70 29 50 68 51 63 5
116 30 25 90 92 52 5
108 45 6 91 20 26 6
