6 47 8 22 25 3 1
25 30 42 22 25 3 1
25 30 42 35 9 31 1
11 10 5 0 3 1 1
3 25 51 41 46 11 1
32 35 7 44 42 46 1
14 24 45 8 49 9 1
38 39 27 23 18 3 1
34 3 14 50 13 1 1
30 37 16 23 18 3 1
48 45 9 34 3 14 1
29 46 51 2 20 5 1
5 33 16 29 46 51 1
40 11 13 12 15 45 1
6 47 8 34 3 14 1
4 16 6 41 46 11 1
13 29 40 22 25 3 1
20 45 11 22 25 3 1
16 42 8 32 35 7 1
6 47 8 28 48 33 1
13 29 40 16 42 8 1
40 11 13 27 23 0 2
34 3 14 21 27 49 2
0 3 1 34 3 14 2
1 19 16 19 7 48 2
30 37 16 10 0 24 2
13 29 40 43 2 37 2
4 16 6 48 45 9 2
28 48 33 40 11 13 2
31 40 41 8 49 9 2
24 3 45 15 3 6 2
19 7 48 30 37 16 2
35 9 31 18 40 42 2
20 45 11 36 44 23 2
30 37 16 0 3 1 2
51 15 20 45 48 40 2
34 3 14 8 49 9 2
2 20 5 20 45 11 2
8 49 9 15 3 6 2
15 3 6 45 48 40 2
35 9 31 39 40 36 2
0 3 1 42 45 26 2
22 25 3 47 11 26 2
25 30 42 17 26 10 2
20 45 11 33 49 50 2
31 40 41 9 48 11 3
30 37 16 46 47 12 3
49 31 46 46 47 12 3
7 42 32 37 17 2 4
27 23 0 26 1 29 4
33 49 50 7 42 32 5
