100 15 1 31 48 102 1
26 13 94 103 59 101 1
62 1 6 63 102 29 1
22 35 47 29 66 48 1
92 45 58 18 36 92 1
45 89 88 5 61 52 1
96 95 11 26 13 94 1
73 44 105 57 17 95 1
96 95 11 65 100 82 1
93 72 17 20 17 83 1
32 106 88 36 47 49 1
34 107 109 12 93 56 1
108 4 68 31 48 102 1
109 85 67 21 67 14 1
8 50 109 88 95 34 1
107 97 39 83 13 65 1
63 102 29 23 101 1 1
23 101 1 61 48 81 1
51 69 56 44 84 98 1
3 52 73 81 17 13 1
3 52 73 82 87 64 1
100 15 1 14 5 79 1
54 5 68 60 77 4 1
50 10 57 28 23 87 1
30 91 29 5 61 52 1
69 56 73 34 107 109 1
62 1 6 19 75 8 1
25 108 21 89 44 58 1
3 52 73 89 44 58 1
54 5 68 52 75 55 1
80 19 51 21 67 14 1
28 23 87 100 15 1 1
91 103 30 27 7 42 1
3 52 73 102 15 47 1
34 107 109 64 109 84 1
31 48 102 12 93 56 1
87 108 71 5 61 52 1
45 89 88 67 94 55 1
30 91 29 102 15 47 1
92 45 58 74 8 58 1
4 65 59 11 15 62 1
62 1 6 28 23 87 1
83 13 65 106 89 70 1
76 79 12 90 80 11 1
82 87 64 28 23 87 1
54 5 68 64 109 84 1
109 85 67 7 93 102 1
6 101 47 92 45 58 1
38 45 42 16 104 39 1
96 95 11 53 43 6 1
70 65 23 80 19 51 1
30 91 29 73 44 105 2
20 17 83 70 65 23 2
39 7 48 44 84 98 2
36 47 49 18 36 92 2
25 108 21 109 85 67 2
43 75 72 37 56 52 2
11 15 62 48 50 75 2
106 89 70 81 17 13 2
79 83 7 86 65 34 2
2 99 13 58 21 65 2
15 97 59 32 106 88 2
49 5 87 60 77 4 2
65 100 82 56 18 55 2
64 109 84 37 56 52 2
36 47 49 68 29 99 2
71 81 34 37 56 52 2
90 80 11 91 103 30 2
38 45 42 30 91 29 2
98 103 58 41 13 13 2
97 20 15 50 10 57 2
107 97 39 101 97 68 2
100 15 1 85 38 13 2
110 37 48 2 99 13 2
104 95 30 42 100 102 2
12 93 56 96 95 11 2
42 100 102 102 15 47 2
60 77 4 2 99 13 2
3 52 73 15 97 59 2
86 65 34 44 84 98 2
44 84 98 25 108 21 2
4 65 59 21 67 14 2
72 40 22 35 108 106 2
91 103 30 19 75 8 2
109 85 67 29 66 48 2
17 56 82 79 83 7 2
60 77 4 33 20 4 2
0 83 104 37 56 52 2
41 13 13 96 95 11 2
102 15 47 10 9 35 2
69 56 73 13 89 3 2
40 46 98 110 37 48 3
6 101 47 88 95 34 3
80 19 51 59 91 33 3
98 103 58 1 34 75 3
66 26 86 107 97 39 3
47 110 58 33 20 4 3
105 106 47 94 11 76 3
46 100 44 52 75 55 3
100 15 1 24 80 11 3
3 52 73 77 65 85 3
28 23 87 105 106 47 3
71 81 34 55 4 42 3
99 85 59 81 17 13 3
34 107 109 78 96 83 4
84 12 93 81 17 13 4
95 55 95 93 72 17 4
63 102 29 75 76 22 4
72 40 22 53 43 6 4
9 21 81 55 4 42 5
