6 31 3 5 23 28 1
18 16 25 32 39 39 1
37 42 19 40 11 4 1
32 39 39 33 19 41 1
15 15 31 24 27 16 1
28 28 26 4 28 12 1
4 28 12 18 16 25 1
28 28 26 1 32 21 1
33 19 41 26 2 33 1
37 42 19 25 30 34 1
24 27 16 21 39 18 1
37 42 19 21 39 18 1
20 39 42 40 11 4 1
11 28 38 14 25 39 1
15 15 31 3 25 24 1
11 28 38 13 10 36 1
1 32 21 37 42 19 1
4 28 12 13 10 36 2
21 39 18 34 7 19 2
8 40 17 12 30 13 2
42 20 37 1 32 21 2
22 28 3 13 10 36 2
16 27 39 24 27 16 2
41 14 21 8 40 17 2
19 40 38 14 25 39 2
31 26 30 10 0 12 2
2 36 40 20 39 42 2
39 7 5 24 27 16 2
9 33 32 18 16 25 2
35 16 22 24 27 16 2
42 20 37 38 42 3 2
5 23 28 1 32 21 2
39 7 5 17 3 13 2
21 39 18 23 7 31 2
8 40 17 23 7 31 2
26 2 33 10 0 12 2
29 27 31 9 33 32 2
7 13 33 34 7 19 3
0 18 22 10 0 12 3
30 33 22 11 28 38 4
22 28 3 27 28 28 4
9 33 32 36 28 41 4
