75 25 19 46 58 0 1
38 70 23 79 7 64 1
31 47 22 61 45 27 1
5 79 80 6 30 38 1
5 79 80 21 67 15 1
16 74 13 15 46 38 1
79 7 64 9 79 3 1
76 66 10 69 5 23 1
77 29 28 25 0 72 1
9 79 3 25 0 72 1
15 46 38 29 36 52 1
74 12 38 15 46 38 1
68 63 78 74 12 38 1
65 47 41 60 17 44 1
7 65 38 47 32 2 1
79 7 64 22 15 18 1
19 51 77 46 58 0 1
8 58 5 26 58 6 1
12 13 67 5 79 80 1
47 32 2 3 8 32 1
58 57 15 42 55 62 1
6 30 38 49 50 53 1
79 7 64 40 46 8 1
33 43 78 32 49 43 1
61 45 27 15 46 38 1
4 68 56 27 72 42 1
18 7 67 72 39 52 1
11 13 26 13 12 7 1
47 32 2 43 78 26 1
63 55 2 80 79 3 1
6 30 38 8 58 5 1
0 45 17 42 55 62 1
78 78 29 67 27 9 2
36 73 11 67 27 9 2
0 45 17 11 13 26 2
4 68 56 63 55 2 2
69 5 23 63 55 2 2
39 73 21 19 51 77 2
67 27 9 14 3 49 2
17 46 6 30 53 41 2
1 78 13 60 17 44 2
72 39 52 6 30 38 2
31 47 22 38 70 23 2
26 58 6 43 78 26 2
74 12 38 48 25 17 2
52 33 80 59 17 63 2
23 68 14 51 39 6 2
19 51 77 10 39 76 2
28 32 64 55 46 18 2
25 0 72 33 43 78 2
42 55 62 9 79 3 2
77 29 28 5 79 80 2
10 39 76 0 45 17 2
50 56 27 45 1 24 2
37 62 50 60 17 44 2
66 75 6 74 12 38 2
44 39 50 13 12 7 2
63 55 2 6 30 38 2
20 41 32 8 58 5 2
52 33 80 72 39 52 2
73 74 62 71 43 62 2
48 25 17 71 43 62 2
54 42 40 2 9 47 2
78 78 29 59 17 63 2
53 22 11 23 68 14 2
45 1 24 13 12 7 2
10 39 76 65 47 41 2
71 43 62 2 9 47 3
51 39 6 19 51 77 3
57 21 68 30 53 41 3
23 68 14 64 35 62 3
57 21 68 37 62 50 3
17 46 6 70 59 5 3
44 39 50 41 31 66 3
35 15 28 51 39 6 3
34 32 46 38 70 23 3
56 48 51 8 58 5 3
62 32 27 80 79 3 4
33 43 78 24 57 48 4
55 46 18 47 32 2 4
