18 17 27 27 22 23 1
28 17 12 13 18 20 1
5 26 19 26 11 1 1
22 2 15 18 17 27 1
10 13 27 25 18 12 1
12 12 25 4 0 27 1
18 17 27 26 11 1 1
19 24 23 16 21 0 1
7 26 6 15 21 14 2
1 19 20 13 18 20 2
13 18 20 11 26 26 2
11 26 26 6 24 1 2
23 20 0 21 25 11 2
23 20 0 13 18 20 3
3 16 21 2 2 0 3
19 24 23 10 13 27 3
22 2 15 12 12 25 3
16 21 0 23 20 0 3
20 2 9 17 9 10 3
20 2 9 2 2 0 3
18 17 27 14 25 4 3
0 12 2 23 20 0 3
21 25 11 14 25 4 3
24 7 1 8 5 16 3
0 12 2 15 21 14 3
1 19 20 3 16 21 4
24 7 1 27 22 23 4
9 12 24 13 18 20 4
