73 87 73 104 104 99 1
41 42 100 11 68 46 1
107 100 34 61 82 10 1
61 82 10 90 21 101 1
15 87 8 72 51 27 1
53 110 99 68 72 18 1
42 75 91 67 98 47 1
31 40 30 48 87 36 1
52 113 54 17 72 73 1
61 82 10 101 93 64 1
19 51 71 21 16 58 1
40 14 20 90 21 101 1
29 101 7 108 19 33 1
48 87 36 9 101 92 1
58 88 8 59 49 80 1
60 106 65 80 40 43 1
97 29 103 17 72 73 1
5 15 110 58 88 8 1
8 21 92 82 63 25 1
87 82 11 53 110 99 1
51 37 113 94 7 45 1
100 101 7 93 26 7 1
68 72 18 29 101 7 1
10 10 103 92 61 8 1
6 38 23 57 95 66 1
20 52 12 97 29 103 1
30 78 17 96 102 100 1
101 93 64 37 91 79 1
31 40 30 81 87 9 1
34 2 42 39 12 25 1
58 88 8 86 100 42 1
36 39 23 2 110 110 1
86 100 42 10 10 103 1
66 15 10 19 51 71 1
40 14 20 15 87 8 1
6 38 23 92 61 8 1
18 93 0 87 82 11 1
50 109 15 2 110 110 1
100 101 7 10 10 103 1
32 11 10 49 97 105 1
76 2 93 66 15 10 1
83 28 55 93 26 7 1
7 99 90 56 34 76 1
15 87 8 46 4 11 1
8 21 92 37 91 79 1
78 11 31 108 19 33 1
84 65 28 0 57 56 1
23 46 18 51 37 113 1
77 70 5 107 100 34 1
91 65 104 103 31 67 1
6 38 23 32 11 10 1
71 111 101 61 82 10 1
111 26 42 9 101 92 1
90 21 101 35 81 106 1
40 14 20 39 12 25 1
38 19 112 104 104 99 1
52 113 54 45 16 42 1
48 87 36 33 101 75 1
58 88 8 48 87 36 1
26 57 56 53 110 99 2
40 14 20 41 42 100 2
75 58 64 4 87 46 2
113 18 4 20 52 12 2
83 28 55 66 15 10 2
30 78 17 31 40 30 2
22 59 107 98 56 69 2
24 96 63 70 43 62 2
15 87 8 13 69 23 2
62 32 43 103 31 67 2
53 110 99 12 28 109 2
104 104 99 37 91 79 2
73 87 73 85 53 74 2
103 31 67 3 108 67 2
4 87 46 108 19 33 2
81 87 9 8 21 92 2
20 52 12 79 80 84 2
12 28 109 94 7 45 2
59 49 80 113 18 4 2
65 100 101 74 11 88 2
94 7 45 52 113 54 2
104 104 99 91 65 104 2
75 58 64 2 110 110 2
60 106 65 49 97 105 2
70 43 62 77 70 5 2
101 93 64 88 110 62 2
28 94 22 56 34 76 2
16 107 111 100 101 7 2
55 105 104 68 72 18 2
89 81 3 12 28 109 2
67 98 47 91 65 104 2
109 59 4 27 101 110 2
54 98 31 64 14 45 2
39 12 25 63 8 35 2
40 14 20 27 101 110 2
29 101 7 25 9 78 2
84 65 28 21 16 58 2
21 16 58 47 91 75 2
112 7 63 93 26 7 2
103 31 67 102 62 12 3
47 91 75 105 73 94 3
69 83 16 74 11 88 3
1 21 65 61 82 10 3
95 91 77 19 51 71 3
64 14 45 20 52 12 3
31 40 30 56 34 76 3
27 101 110 65 100 101 3
41 42 100 98 56 69 3
38 19 112 43 45 22 3
110 22 105 96 102 100 3
103 31 67 14 29 21 4
44 87 64 70 43 62 4
20 52 12 99 20 104 4
106 45 99 12 28 109 5
