30 16 17 7 52 46 1
53 41 17 1 10 29 1
23 38 17 31 14 8 1
24 44 31 25 20 19 1
14 32 5 53 41 17 1
31 14 8 1 10 29 1
20 47 39 43 13 13 1
27 24 2 19 52 44 1
1 10 29 49 33 29 1
35 22 4 12 14 10 1
37 11 47 49 33 29 1
27 24 2 15 38 51 1
14 32 5 43 13 13 1
27 24 2 48 53 19 1
8 38 33 21 31 28 1
8 38 33 0 2 27 1
21 31 28 45 9 43 1
29 16 30 20 47 39 1
5 20 25 43 13 13 1
36 49 17 22 30 51 1
7 52 46 24 44 31 1
2 29 15 50 48 21 1
29 16 30 45 9 43 1
30 16 17 12 14 10 1
7 52 46 53 41 17 1
40 2 36 8 38 33 1
3 30 31 1 10 29 1
9 27 4 38 39 12 1
42 32 52 26 28 1 1
43 13 13 50 48 21 1
17 2 21 11 15 26 1
6 1 31 35 22 4 2
18 30 26 1 10 29 2
21 31 28 34 20 14 2
12 14 10 28 47 29 2
13 11 51 29 16 30 2
24 44 31 36 49 17 2
46 38 44 33 10 52 2
51 20 47 15 38 51 2
31 14 8 46 38 44 2
47 7 27 0 2 27 2
22 30 51 39 31 50 2
38 39 12 39 31 50 2
42 32 52 43 13 13 2
42 32 52 15 38 51 2
16 11 27 42 32 52 2
20 47 39 17 2 21 2
52 4 24 12 14 10 3
44 30 28 14 32 5 3
4 44 50 48 53 19 3
32 34 15 39 31 50 3
42 32 52 10 18 20 4
36 49 17 41 20 3 4
