60 70 27 3 36 18 1
23 51 24 39 50 30 1
45 40 25 36 2 83 1
11 22 40 30 61 47 1
51 9 73 73 71 82 1
42 14 26 7 58 50 1
40 9 54 79 4 83 1
17 53 6 78 53 37 1
16 22 49 0 73 65 1
63 69 45 16 22 49 1
3 36 18 61 0 51 1
46 18 19 51 9 73 1
7 58 50 70 40 46 1
62 16 18 38 74 45 1
10 16 39 47 22 12 1
29 6 48 7 58 50 1
62 16 18 63 69 45 1
31 61 16 2 59 57 1
83 80 0 40 9 54 1
11 22 40 13 43 34 1
82 68 13 12 10 23 1
9 23 84 1 83 81 1
78 53 37 65 75 12 1
4 12 84 21 26 82 1
38 74 45 28 78 27 1
82 68 13 72 38 53 1
79 4 83 10 16 39 1
83 80 0 25 43 13 1
74 77 22 81 61 41 1
83 80 0 72 38 53 1
58 13 83 79 4 83 1
49 30 60 84 43 37 1
79 4 83 33 12 6 1
56 3 54 55 13 10 1
72 38 53 41 52 84 1
30 61 47 12 10 23 1
65 75 12 12 10 23 1
59 33 56 80 54 54 1
88 86 14 8 6 37 1
12 10 23 85 39 6 1
69 14 11 63 69 45 1
25 43 13 56 3 54 1
65 75 12 68 56 81 2
36 2 83 47 22 12 2
42 14 26 22 17 20 2
7 58 50 6 6 74 2
10 16 39 42 14 26 2
84 43 37 51 9 73 2
36 2 83 39 50 30 2
49 30 60 59 33 56 2
59 33 56 4 12 84 2
52 3 49 30 61 47 2
84 43 37 35 0 37 2
16 22 49 32 70 86 2
20 15 43 71 49 80 2
2 59 57 27 49 3 2
87 48 49 54 40 87 2
9 23 84 80 54 54 2
69 14 11 59 33 56 2
51 9 73 25 43 13 2
81 61 41 65 75 12 2
32 70 86 3 36 18 2
77 80 3 42 14 26 2
2 59 57 16 22 49 2
64 66 74 50 37 21 2
69 14 11 15 54 78 2
87 48 49 86 64 33 2
54 40 87 78 53 37 2
88 86 14 70 40 46 2
53 63 56 6 6 74 2
85 39 6 24 62 55 3
75 64 12 11 22 40 3
37 46 17 35 0 37 3
19 55 14 20 15 43 3
67 60 60 49 30 60 3
48 88 20 34 74 1 3
39 50 30 76 63 41 3
43 26 3 5 83 56 3
74 77 22 57 58 73 3
73 71 82 66 21 52 3
34 74 1 81 61 41 3
3 36 18 50 37 21 3
23 51 24 71 49 80 3
26 0 35 37 46 17 4
85 39 6 44 74 46 4
22 17 20 43 26 3 4
1 83 81 14 34 57 5
66 21 52 18 27 26 5
