72 94 33 17 32 77 1
69 72 65 33 90 59 1
67 59 32 90 41 79 1
71 94 72 83 28 96 1
97 50 83 12 61 79 1
86 12 57 42 56 82 1
24 90 17 48 29 11 1
17 32 77 34 30 91 1
53 77 56 1 17 9 1
69 72 65 84 29 94 1
54 82 77 11 12 20 1
7 31 62 92 79 96 1
74 53 55 12 61 79 1
42 56 82 45 83 64 1
99 16 26 68 81 24 1
85 29 3 14 53 24 1
14 53 24 27 90 97 1
64 73 28 51 54 62 1
69 72 65 72 94 33 1
6 18 50 21 91 96 1
67 59 32 14 53 24 1
16 33 42 74 53 55 1
59 73 92 20 55 72 1
45 83 64 49 22 44 1
88 85 56 39 3 71 1
80 74 56 15 62 14 1
28 81 6 70 20 35 1
94 40 96 33 90 59 1
52 43 52 40 23 94 1
26 87 88 11 12 20 1
23 30 22 65 87 54 1
72 94 33 62 25 77 1
36 53 36 6 18 50 1
95 18 43 58 60 0 1
89 69 88 53 77 56 1
92 79 96 2 7 17 1
40 23 94 88 85 56 1
35 66 60 32 6 86 1
95 18 43 77 89 70 1
87 66 66 25 23 40 1
84 29 94 80 74 56 1
46 73 96 31 93 66 1
29 0 89 17 32 77 1
34 30 91 71 94 72 1
33 90 59 87 66 66 1
76 62 80 73 89 9 1
27 90 97 3 95 70 1
73 89 9 7 31 62 1
11 12 20 85 29 3 1
87 66 66 65 87 54 1
39 3 71 12 61 79 1
24 90 17 63 31 3 1
60 14 79 4 56 15 1
13 6 54 4 56 15 1
74 53 55 54 82 77 1
91 4 50 31 93 66 1
86 12 57 82 80 67 2
2 7 17 63 31 3 2
5 13 32 31 93 66 2
23 30 22 53 77 56 2
63 31 3 51 54 62 2
69 72 65 21 91 96 2
13 6 54 86 12 57 2
89 69 88 4 56 15 2
29 0 89 64 73 28 2
62 25 77 10 97 35 2
39 3 71 41 49 18 2
41 49 18 93 57 40 2
37 50 12 98 37 5 2
35 66 60 17 32 77 2
96 22 62 14 53 24 2
22 47 2 38 99 48 2
20 55 72 92 79 96 2
99 16 26 71 94 72 2
56 0 79 32 6 86 2
3 95 70 8 57 99 2
56 0 79 46 73 96 2
39 3 71 2 7 17 2
44 57 34 95 18 43 2
55 98 93 14 53 24 2
17 32 77 61 75 96 2
38 99 48 94 40 96 2
43 2 66 51 54 62 2
5 13 32 75 35 36 2
55 98 93 95 18 43 3
86 12 57 57 24 48 3
70 20 35 13 6 54 3
0 70 76 70 20 35 3
30 67 69 2 7 17 3
47 51 82 6 18 50 3
9 74 59 5 13 32 3
98 37 5 78 74 2 3
19 82 95 47 51 82 3
37 50 12 94 40 96 3
81 45 27 30 67 69 3
39 3 71 18 30 78 3
66 9 98 62 25 77 3
82 80 67 50 47 77 5
90 41 79 79 86 70 6
