12 116 90 69 57 105 1
22 1 94 110 61 41 1
59 101 3 91 16 37 1
67 13 17 24 75 94 1
79 89 31 1 49 114 1
63 3 111 14 10 43 1
94 24 55 57 9 28 1
98 10 62 55 31 97 1
31 89 48 96 55 37 1
43 1 16 63 3 111 1
66 87 1 2 113 63 1
72 37 83 30 104 91 1
107 54 58 15 87 99 1
103 81 13 14 10 43 1
100 109 15 41 45 112 1
13 110 99 102 28 112 1
81 5 20 75 114 71 1
7 39 96 65 32 30 1
110 61 41 8 23 20 1
1 49 114 70 38 37 1
66 87 1 0 106 84 1
89 89 59 19 69 12 1
9 85 60 90 92 68 1
20 25 14 24 75 94 1
84 30 35 46 21 25 1
50 3 28 114 63 92 1
57 9 28 114 63 92 1
21 61 111 67 13 17 1
60 109 92 50 3 28 1
9 85 60 49 101 72 1
24 75 94 23 49 54 1
24 75 94 14 10 43 1
59 101 3 83 61 84 1
36 52 41 48 85 33 1
92 15 16 52 46 31 1
86 23 90 75 114 71 1
64 67 87 41 45 112 1
75 114 71 36 52 41 1
25 68 84 1 49 114 1
18 82 96 98 10 62 1
107 54 58 117 72 3 1
66 87 1 112 35 30 1
5 94 14 41 45 112 1
115 38 96 58 68 75 1
99 107 57 27 102 106 1
54 115 73 40 13 9 1
67 13 17 0 106 84 1
27 102 106 82 34 109 1
98 10 62 52 46 31 1
27 102 106 66 87 1 1
91 16 37 7 39 96 1
41 45 112 38 4 24 1
12 116 90 2 113 63 2
51 24 91 61 104 59 2
7 39 96 26 52 47 2
21 61 111 55 31 97 2
12 116 90 56 60 98 2
61 104 59 55 31 97 2
112 35 30 39 63 111 2
102 28 112 63 3 111 2
79 89 31 51 24 91 2
15 87 99 5 94 14 2
55 31 97 58 68 75 2
13 110 99 8 23 20 2
55 31 97 89 89 59 2
64 67 87 115 38 96 2
45 33 64 20 25 14 2
84 30 35 43 1 16 2
103 81 13 74 95 53 2
36 52 41 114 63 92 2
47 23 7 96 55 37 2
90 92 68 11 86 110 2
108 58 83 85 51 53 2
116 49 57 72 37 83 2
34 57 96 56 60 98 2
71 20 112 19 69 12 2
105 31 84 56 60 98 2
35 104 5 114 63 92 2
93 44 20 99 107 57 2
49 101 72 3 88 62 2
73 93 3 5 94 14 2
29 15 8 58 68 75 2
6 36 76 23 49 54 2
47 23 7 117 72 3 2
70 38 37 44 98 87 2
76 63 95 83 61 84 2
38 4 24 9 85 60 2
75 114 71 70 38 37 2
101 32 50 48 85 33 2
109 79 117 115 38 96 2
77 67 31 24 75 94 2
62 113 22 49 101 72 2
87 25 14 14 10 43 2
26 52 47 53 66 96 2
88 94 77 18 82 96 2
14 10 43 17 41 104 3
77 67 31 65 32 30 3
5 94 14 40 13 9 3
11 86 110 16 65 6 3
37 39 20 39 63 111 3
80 98 40 27 102 106 3
56 60 98 97 67 107 3
77 67 31 116 49 57 3
64 67 87 104 102 82 3
106 91 82 99 107 57 3
21 61 111 113 116 114 3
107 54 58 95 81 113 3
111 46 90 7 39 96 3
80 98 40 28 107 30 3
92 15 16 33 7 52 3
88 94 77 78 57 46 3
108 58 83 68 107 81 3
42 72 50 93 44 20 3
109 79 117 68 107 81 4
10 79 114 4 58 98 4
20 25 14 10 79 114 4
5 94 14 32 77 107 5
