152 122 119 106 96 26 1
42 25 144 131 35 19 1
129 109 39 133 96 44 1
77 141 93 85 36 58 1
59 87 148 25 104 71 1
156 49 39 54 25 71 1
108 126 40 59 87 148 1
43 95 148 92 15 61 1
14 116 99 132 90 132 1
67 27 21 111 34 77 1
100 106 110 148 23 81 1
5 37 148 57 97 61 1
117 132 64 26 12 4 1
92 15 61 115 24 141 1
154 41 73 81 36 37 1
26 12 4 47 158 141 1
87 22 114 153 130 65 1
74 68 157 18 70 84 1
128 78 101 86 112 42 1
66 72 17 7 81 85 1
145 87 64 106 96 26 1
39 1 29 3 16 39 1
54 25 71 78 3 91 1
22 100 83 39 1 29 1
41 103 100 99 119 149 1
146 102 132 125 42 7 1
132 90 132 40 31 134 1
122 158 43 31 65 86 1
90 83 19 140 112 59 1
37 114 66 3 16 39 1
19 69 68 141 44 85 1
149 150 62 32 63 37 1
116 117 25 140 112 59 1
50 148 21 2 133 92 1
152 122 119 16 95 119 1
82 67 100 99 119 149 1
68 86 146 1 130 63 1
0 78 70 143 20 76 1
120 19 105 67 27 21 1
25 104 71 101 86 147 1
33 92 2 144 128 75 1
151 36 7 33 92 2 1
92 15 61 108 126 40 1
133 96 44 33 92 2 1
12 134 56 142 1 35 1
87 22 114 121 138 140 1
127 61 53 108 126 40 1
36 80 107 86 112 42 1
115 24 141 145 87 64 1
100 106 110 140 112 59 1
72 28 11 125 42 7 1
61 137 6 86 112 42 1
98 72 156 23 66 50 1
127 61 53 36 80 107 1
139 111 44 81 36 37 1
14 116 99 126 128 91 1
3 16 39 9 19 1 1
122 158 43 37 114 66 1
44 79 109 133 96 44 1
150 157 51 111 34 77 1
101 86 147 79 122 36 1
57 97 61 124 145 108 1
134 51 71 104 31 141 1
9 19 1 27 61 84 1
112 104 146 118 146 128 1
91 60 159 147 155 58 1
28 19 48 96 50 108 1
2 133 92 138 63 76 1
4 10 116 121 138 140 1
148 23 81 27 61 84 1
112 104 146 9 19 1 1
52 51 1 107 25 70 1
94 150 87 6 72 49 1
111 34 77 48 140 127 1
88 147 101 141 44 85 1
139 111 44 78 3 91 1
83 63 71 44 79 109 1
24 104 41 15 109 1 2
44 79 109 97 86 110 2
41 103 100 146 102 132 2
109 90 147 91 60 159 2
136 42 60 88 147 101 2
25 104 71 89 110 21 2
78 3 91 52 51 1 2
36 80 107 14 116 99 2
101 86 147 113 4 157 2
99 119 149 113 4 157 2
59 87 148 109 90 147 2
81 36 37 134 51 71 2
39 1 29 46 86 1 2
56 60 120 62 153 133 2
117 132 64 52 51 1 2
105 57 98 142 1 35 2
147 155 58 57 97 61 2
155 85 83 131 35 19 2
123 90 34 128 78 101 2
134 51 71 113 4 157 2
136 42 60 6 72 49 2
137 72 125 116 117 25 2
113 4 157 155 85 83 2
15 109 1 23 66 50 2
57 97 61 142 1 35 2
76 19 105 32 63 37 2
78 3 91 33 92 2 2
12 134 56 62 153 133 2
22 100 83 63 154 118 2
143 20 76 136 42 60 2
26 12 4 49 65 77 2
4 10 116 16 95 119 2
154 41 73 122 158 43 2
2 133 92 106 96 26 2
101 86 147 75 93 46 2
159 120 126 130 86 86 2
80 5 120 41 103 100 2
56 60 120 157 107 28 2
84 52 152 39 1 29 2
135 122 69 78 3 91 2
69 17 121 115 24 141 2
48 140 127 121 138 140 2
124 145 108 21 140 70 2
125 42 7 28 19 48 2
83 63 71 8 96 23 2
110 53 159 70 134 8 2
15 109 1 2 133 92 2
77 141 93 59 87 148 2
13 102 88 5 37 148 2
55 45 135 59 87 148 2
30 14 122 31 65 86 2
58 110 51 37 114 66 2
1 130 63 111 34 77 2
9 19 1 76 19 105 2
8 96 23 35 60 23 2
3 16 39 65 151 92 2
64 27 63 80 5 120 2
137 72 125 19 69 68 3
11 1 107 65 151 92 3
159 120 126 21 140 70 3
125 42 7 95 70 118 3
110 53 159 143 20 76 3
45 52 124 115 24 141 3
103 151 45 34 152 60 3
121 138 140 7 81 85 3
10 95 108 153 130 65 3
38 30 81 128 78 101 3
51 132 90 26 12 4 3
74 68 157 121 138 140 3
29 2 24 68 86 146 3
145 87 64 17 8 17 3
158 60 114 30 14 122 3
93 139 24 38 30 81 3
71 150 54 110 53 159 3
24 104 41 103 151 45 3
104 31 141 102 41 42 3
134 51 71 73 79 94 3
119 156 51 138 63 76 3
49 65 77 114 37 74 4
20 117 159 80 5 120 4
88 147 101 60 23 153 4
25 104 71 53 60 14 6
