24 22 54 43 22 51 1
5 62 29 55 12 40 1
29 59 62 61 16 37 1
28 47 75 23 4 24 1
34 0 12 4 15 3 1
40 55 5 4 15 3 1
29 59 62 24 22 54 1
47 54 53 24 22 54 1
30 56 15 31 25 13 1
75 57 44 69 5 20 1
35 40 33 3 37 15 1
10 64 20 62 29 18 1
72 22 63 11 11 47 1
75 57 44 23 4 24 1
25 35 59 41 59 2 1
72 22 63 61 16 37 1
69 5 20 65 3 41 1
68 61 43 35 40 33 1
54 3 47 47 54 53 1
59 65 45 41 59 2 1
38 63 6 63 65 72 1
7 69 58 73 73 50 1
63 65 72 62 29 18 1
36 57 32 69 5 20 1
64 18 57 34 0 12 1
30 56 15 23 4 24 1
46 36 46 67 53 59 1
8 66 2 19 53 16 1
52 11 56 58 61 62 1
14 36 53 71 31 10 1
62 29 18 51 20 41 1
29 59 62 48 75 33 1
55 12 40 75 57 44 1
22 50 71 30 56 15 1
5 62 29 43 22 51 1
75 57 44 13 12 24 1
30 56 15 25 35 59 1
2 6 7 69 5 20 1
21 8 4 46 36 46 2
25 35 59 1 68 44 2
54 3 47 67 53 59 2
5 62 29 8 66 2 2
26 53 45 22 50 71 2
71 31 10 26 53 45 2
45 62 47 38 63 6 2
41 59 2 9 40 8 2
15 58 16 47 54 53 2
51 20 41 41 59 2 2
1 68 44 52 11 56 2
63 65 72 32 3 26 2
7 69 58 74 29 47 2
57 2 53 18 18 61 2
71 31 10 20 67 74 2
62 29 18 42 45 6 2
12 37 12 66 6 42 2
58 61 62 17 36 56 2
18 18 61 15 58 16 2
0 21 2 5 62 29 2
61 16 37 16 41 70 2
16 41 70 73 73 50 2
54 3 47 4 15 3 2
55 12 40 35 40 33 2
16 41 70 50 46 36 2
39 48 40 34 0 12 3
49 19 29 70 46 49 3
20 67 74 37 71 12 3
60 63 35 7 69 58 3
49 19 29 34 0 12 3
34 0 12 66 6 42 3
33 52 19 14 36 53 3
6 41 69 59 65 45 4
27 49 60 42 45 6 4
61 16 37 44 33 13 4
40 55 5 53 57 58 5
11 11 47 56 38 44 5
