15 110 100 5 104 17 1
107 136 2 60 147 147 1
63 121 95 129 106 123 1
102 148 115 86 112 149 1
84 81 73 104 131 10 1
72 130 126 83 7 3 1
117 101 110 64 152 38 1
67 85 104 119 53 64 1
108 97 69 103 125 81 1
29 12 30 128 76 26 1
25 29 72 116 133 67 1
77 11 128 147 132 12 1
93 75 153 75 146 116 1
50 49 31 2 26 111 1
117 101 110 36 39 101 1
40 35 130 66 124 53 1
22 77 137 66 124 53 1
100 144 13 11 62 46 1
66 124 53 16 74 96 1
5 104 17 124 131 129 1
21 18 86 89 45 79 1
5 104 17 70 123 102 1
102 148 115 141 30 31 1
134 45 140 16 74 96 1
2 26 111 19 4 16 1
51 143 74 38 99 45 1
3 84 1 52 34 43 1
26 20 7 152 54 131 1
25 29 72 122 133 110 1
96 143 103 81 58 42 1
7 1 101 104 131 10 1
70 123 102 0 44 88 1
65 125 112 110 58 146 1
87 95 7 93 75 153 1
35 95 18 101 39 18 1
1 96 37 51 143 74 1
98 105 96 23 42 153 1
18 57 26 68 37 116 1
153 93 127 80 92 73 1
133 139 43 153 93 127 1
46 42 70 128 76 26 1
40 35 130 4 45 16 1
18 57 26 32 95 80 1
87 95 7 45 96 84 1
44 39 109 108 97 69 1
142 97 85 41 64 35 1
98 105 96 11 62 46 1
70 123 102 91 124 66 1
12 57 43 20 62 34 1
8 10 43 40 35 130 1
129 106 123 140 123 0 1
73 15 64 8 10 43 1
48 144 60 102 148 115 1
47 18 89 110 58 146 1
116 133 67 9 97 127 1
145 125 22 73 15 64 1
110 58 146 82 132 127 1
80 92 73 86 112 149 1
60 147 147 89 45 79 1
123 93 58 9 97 127 1
87 95 7 26 20 7 1
99 4 80 131 139 19 1
152 54 131 90 122 15 1
149 30 11 76 110 36 1
5 104 17 55 15 40 1
82 132 127 125 19 127 1
54 15 11 95 13 136 1
105 41 67 42 121 86 1
72 130 126 46 42 70 1
2 26 111 123 93 58 1
150 120 19 143 17 147 1
91 124 66 129 106 123 2
31 121 31 125 19 127 2
61 107 9 53 11 64 2
101 39 18 78 14 113 2
38 99 45 124 131 129 2
19 4 16 111 33 147 2
146 24 45 151 143 14 2
102 148 115 21 18 86 2
76 110 36 91 124 66 2
20 62 34 132 72 66 2
25 29 72 127 42 140 2
94 107 109 6 93 133 2
132 72 66 91 124 66 2
68 37 116 24 48 68 2
21 18 86 47 18 89 2
70 123 102 95 13 136 2
145 125 22 118 118 138 2
141 30 31 2 26 111 2
53 11 64 88 131 120 2
104 131 10 146 24 45 2
110 58 146 39 59 123 2
51 143 74 86 112 149 2
99 4 80 153 93 127 2
36 39 101 128 76 26 2
98 105 96 29 12 30 2
131 139 19 23 42 153 2
63 121 95 118 118 138 2
80 92 73 67 85 104 2
120 5 25 92 118 95 2
26 20 7 97 99 116 2
24 48 68 78 14 113 2
45 96 84 145 125 22 2
35 95 18 9 97 127 2
11 62 46 92 118 95 2
103 125 81 100 144 13 2
115 42 6 27 124 127 2
18 57 26 144 101 114 2
37 90 29 153 93 127 2
15 110 100 58 58 52 2
41 64 35 29 12 30 2
27 124 127 64 152 38 2
10 149 35 41 64 35 2
92 118 95 62 85 6 2
106 94 89 28 117 141 2
22 77 137 52 34 43 2
16 74 96 61 107 9 2
37 90 29 77 11 128 2
42 121 86 35 95 18 2
124 131 129 56 96 111 2
120 5 25 30 91 67 2
140 123 0 81 58 42 2
108 97 69 104 131 10 2
57 40 32 113 42 124 2
128 76 26 13 143 128 2
145 125 22 59 3 128 2
34 149 5 5 104 17 2
28 117 141 66 124 53 2
6 93 133 97 99 116 2
46 42 70 148 3 133 3
139 41 77 69 57 23 3
109 100 153 64 152 38 3
43 151 67 98 105 96 3
114 113 147 82 132 127 3
47 18 89 112 73 41 3
131 139 19 130 143 98 3
1 96 37 113 42 124 3
49 100 90 69 57 23 3
136 57 117 30 91 67 3
54 15 11 135 24 19 3
86 112 149 139 41 77 3
58 58 52 71 24 73 3
118 118 138 138 151 27 3
127 42 140 126 136 64 3
112 73 41 150 120 19 3
137 110 137 65 125 112 4
154 114 57 121 99 7 4
72 130 126 14 71 11 4
154 114 57 22 77 137 4
68 37 116 85 62 19 4
79 119 97 101 39 18 4
37 90 29 17 24 132 4
33 23 24 70 123 102 4
74 100 38 141 30 31 5
