55 30 36 48 52 35 1
0 58 7 18 10 54 1
78 69 52 46 20 79 1
26 72 79 66 76 79 1
35 68 76 41 66 41 1
32 22 1 8 14 48 1
65 57 78 62 8 4 1
25 45 10 26 72 79 1
77 19 67 41 66 41 1
51 48 24 1 14 54 1
18 10 54 33 1 48 1
66 76 79 4 41 77 1
5 57 67 11 38 7 1
46 20 79 27 6 65 1
39 0 55 75 57 32 1
3 46 69 7 23 47 1
50 21 49 19 17 51 1
23 35 62 13 6 24 1
67 8 42 23 35 62 1
0 58 7 24 9 68 1
46 20 79 16 71 36 1
21 30 39 71 13 15 1
26 72 79 2 65 50 1
67 8 42 68 38 32 1
6 1 67 7 23 47 1
26 72 79 59 10 64 1
79 47 15 61 32 71 1
56 28 45 2 65 50 1
22 35 13 4 41 77 1
27 6 65 52 2 57 1
1 14 54 67 8 42 1
33 1 48 38 27 35 1
40 57 75 69 63 45 1
47 8 61 17 47 74 1
28 21 23 29 48 52 1
18 10 54 61 32 71 1
42 11 20 64 34 67 1
21 30 39 30 76 14 1
25 45 10 5 57 67 1
79 47 15 45 47 71 1
21 30 39 39 0 55 1
52 2 57 0 58 7 1
37 37 44 23 35 62 1
52 2 57 62 8 4 1
75 57 32 17 47 74 1
79 47 15 57 27 2 2
55 30 36 10 59 39 2
63 16 19 2 65 50 2
2 65 50 43 62 24 2
5 57 67 24 9 68 2
49 72 24 75 57 32 2
59 10 64 32 22 1 2
74 39 13 32 22 1 2
22 35 13 55 30 36 2
46 20 79 77 19 67 2
39 0 55 77 19 67 2
58 18 50 20 67 26 2
38 27 35 50 21 49 2
7 23 47 29 48 52 2
73 42 31 5 57 67 2
60 23 7 31 62 30 2
36 19 27 75 57 32 2
6 1 67 52 2 57 2
38 27 35 76 18 48 2
44 36 10 77 19 67 2
1 14 54 50 21 49 2
11 38 7 9 69 62 2
69 63 45 60 23 7 2
40 57 75 68 38 32 2
20 67 26 65 57 78 2
14 27 33 26 72 79 3
42 11 20 51 48 24 3
70 63 73 24 9 68 3
14 27 33 34 44 45 3
5 57 67 72 7 62 4
21 30 39 53 62 2 4
19 17 51 12 67 78 4
4 41 77 15 42 69 5
54 79 27 47 8 61 6
