33 30 109 35 45 73 1
61 90 3 52 98 9 1
130 13 116 76 100 131 1
85 9 114 33 30 109 1
104 123 43 56 75 5 1
101 79 60 0 72 51 1
31 93 69 119 8 126 1
92 20 117 26 78 73 1
132 37 73 81 69 90 1
24 111 50 134 112 12 1
81 69 90 56 75 5 1
131 106 117 22 74 43 1
136 57 56 10 113 53 1
0 72 51 17 72 22 1
50 96 70 37 53 103 1
1 107 53 6 67 55 1
111 35 47 44 49 29 1
0 72 51 61 90 3 1
86 50 131 115 134 135 1
80 34 105 105 46 110 1
49 11 108 4 77 121 1
7 123 43 66 103 9 1
116 134 56 70 66 101 1
93 133 53 72 26 44 1
107 36 41 29 111 42 1
12 88 54 103 94 127 1
73 99 85 56 75 5 1
120 40 66 108 52 120 1
9 21 36 55 35 64 1
113 127 3 55 35 64 1
133 42 17 33 30 109 1
22 74 43 48 44 1 1
70 66 101 72 26 44 1
33 30 109 81 69 90 1
123 76 81 54 121 135 1
57 45 36 51 12 133 1
16 81 20 95 74 30 1
49 11 108 98 19 2 1
25 43 132 30 56 67 1
117 129 2 51 12 133 1
34 118 89 55 35 64 1
116 134 56 104 123 43 1
128 60 35 76 100 131 1
47 111 115 31 93 69 1
110 81 120 95 74 30 1
11 96 129 61 90 3 1
53 102 120 9 21 36 1
82 105 77 5 22 30 1
18 35 61 10 113 53 1
82 105 77 49 11 108 1
75 68 40 48 44 1 1
51 12 133 99 52 14 1
50 96 70 124 84 89 1
72 26 44 136 57 56 1
35 45 73 44 49 29 1
72 26 44 7 123 43 1
130 13 116 61 90 3 1
44 49 29 92 20 117 2
21 123 6 28 49 58 2
124 84 89 128 60 35 2
133 42 17 112 124 5 2
134 112 12 60 21 73 2
128 60 35 31 93 69 2
23 85 9 99 52 14 2
0 72 51 23 85 9 2
87 136 108 91 3 10 2
45 89 95 4 77 121 2
136 57 56 108 52 120 2
104 123 43 47 111 115 2
1 107 53 62 37 123 2
114 88 43 6 67 55 2
82 105 77 116 134 56 2
92 20 117 83 43 85 2
95 74 30 89 21 42 2
127 121 52 13 1 4 2
84 107 134 102 36 23 2
127 121 52 22 74 43 2
129 83 64 57 45 36 2
39 131 130 124 84 89 2
16 81 20 115 134 135 2
65 72 111 135 48 105 2
6 67 55 98 19 2 2
48 44 1 121 114 95 2
48 44 1 47 111 115 2
32 45 64 41 64 0 2
75 68 40 9 21 36 2
135 48 105 131 106 117 2
60 21 73 65 72 111 2
12 88 54 71 95 71 2
19 128 38 129 83 64 2
24 111 50 3 45 46 2
30 56 67 51 12 133 2
96 49 97 112 124 5 2
20 102 69 19 128 38 2
127 121 52 91 3 10 2
15 32 112 19 128 38 2
117 129 2 43 0 88 2
103 94 127 68 72 127 2
103 94 127 87 136 108 2
126 72 30 58 70 102 2
16 81 20 85 9 114 2
27 10 71 131 106 117 2
107 36 41 68 72 127 2
41 64 0 2 68 24 2
118 19 35 61 90 3 3
57 45 36 90 119 95 3
106 15 88 116 134 56 3
100 80 103 7 123 43 3
37 53 103 2 68 24 3
84 107 134 124 84 89 3
77 23 49 72 26 44 3
125 136 57 12 88 54 3
105 46 110 90 119 95 3
59 107 105 111 35 47 3
38 8 53 110 81 120 3
94 48 53 102 36 23 3
74 46 121 127 121 52 3
58 70 102 79 111 121 3
5 22 30 109 99 97 3
64 35 115 47 111 115 3
14 51 38 80 34 105 3
21 123 6 85 9 114 3
36 129 118 33 30 109 3
62 37 123 58 70 102 3
69 23 45 108 52 120 3
88 127 68 25 43 132 3
35 45 73 97 92 112 3
109 99 97 8 10 127 3
123 76 81 108 52 120 3
40 18 119 78 39 14 3
46 51 111 29 111 42 4
67 101 48 17 72 22 4
63 48 6 49 11 108 4
95 74 30 42 83 119 5
122 87 27 37 53 103 5
40 18 119 13 1 4 6
