63 71 50 81 35 53 1
75 26 46 98 85 24 1
75 26 46 78 84 33 1
11 37 55 63 71 50 1
66 41 68 50 77 96 1
72 94 81 26 44 45 1
30 34 76 10 99 63 1
69 48 2 37 63 0 1
99 92 1 71 82 19 1
33 33 79 75 26 46 1
44 10 37 36 98 48 1
20 80 25 6 15 58 1
35 95 72 55 29 3 1
86 34 38 10 99 63 1
94 84 8 56 60 12 1
70 84 57 86 34 38 1
44 10 37 24 10 56 1
86 34 38 98 85 24 1
6 15 58 13 75 54 1
4 73 73 96 52 18 1
33 33 79 22 13 34 1
93 30 28 48 59 7 1
39 15 74 9 31 56 1
74 28 48 32 78 65 1
24 10 56 29 99 27 1
55 29 3 67 24 100 1
86 34 38 25 35 40 1
53 92 3 7 1 33 1
84 7 41 72 94 81 1
88 50 37 50 77 96 1
58 25 37 48 59 7 1
29 99 27 90 3 31 1
85 39 37 46 2 100 1
42 88 49 75 26 46 1
17 62 51 78 84 33 1
72 94 81 39 15 74 1
51 27 79 63 71 50 1
52 75 57 32 78 65 1
8 93 63 35 95 72 1
7 1 33 35 95 72 1
30 34 76 2 35 17 1
66 41 68 9 31 56 1
62 94 5 31 61 41 1
46 2 100 84 7 41 1
74 28 48 43 15 55 1
99 92 1 1 35 88 1
33 33 79 58 25 37 1
82 97 85 1 35 88 1
53 92 3 95 92 57 1
83 65 3 3 12 75 1
91 54 27 11 37 55 2
20 80 25 57 14 80 2
96 52 18 69 48 2 2
37 63 0 50 77 96 2
56 60 12 35 95 72 2
91 54 27 84 7 41 2
16 49 98 38 23 77 2
80 18 81 68 56 80 2
42 88 49 7 1 33 2
97 68 72 72 94 81 2
79 48 35 81 35 53 2
64 98 92 31 61 41 2
83 65 3 45 12 68 2
27 15 98 40 73 10 2
16 49 98 100 36 20 2
41 81 76 32 78 65 2
53 92 3 88 50 37 2
64 98 92 8 93 63 2
47 64 45 56 60 12 2
38 23 77 99 92 1 2
52 75 57 51 27 79 2
21 50 20 61 100 37 2
77 88 96 48 59 7 2
85 39 37 83 65 3 2
30 34 76 80 18 81 2
49 91 14 33 33 79 2
58 25 37 6 15 58 2
42 88 49 60 6 36 2
89 74 98 19 12 96 2
21 50 20 77 88 96 2
61 100 37 19 12 96 2
90 3 31 78 84 33 2
100 36 20 35 95 72 2
40 73 10 97 68 72 2
86 34 38 15 20 53 3
5 69 37 77 88 96 3
96 52 18 92 26 87 3
23 93 83 7 1 33 3
34 46 66 83 65 3 3
5 69 37 73 63 84 3
65 99 89 70 84 57 3
12 46 10 63 71 50 3
59 36 12 11 37 55 3
14 28 11 52 75 57 3
0 64 6 37 63 0 3
18 18 26 82 97 85 3
69 48 2 76 28 39 4
95 92 57 28 61 30 4
54 99 56 15 20 53 4
78 84 33 87 56 59 5
