114 34 14 89 68 96 1
28 39 158 51 112 98 1
107 156 43 151 5 118 1
31 148 73 82 17 119 1
73 103 70 78 79 32 1
50 63 49 34 90 92 1
83 50 58 15 1 20 1
68 113 53 22 86 64 1
71 142 88 42 6 132 1
115 136 120 139 147 99 1
61 142 45 89 68 96 1
128 64 35 156 162 82 1
75 128 107 94 124 163 1
86 53 59 130 53 118 1
87 89 72 88 75 24 1
105 20 81 66 108 113 1
129 77 147 28 39 158 1
13 42 93 49 65 124 1
84 139 51 40 93 109 1
50 63 49 152 140 160 1
19 94 105 145 42 141 1
114 34 14 118 70 22 1
90 25 50 61 142 45 1
19 94 105 112 165 29 1
152 140 160 128 64 35 1
123 88 63 105 20 81 1
143 146 136 149 91 164 1
34 90 92 68 113 53 1
22 86 64 99 35 106 1
124 55 149 129 77 147 1
42 6 132 28 39 158 1
106 90 65 109 108 7 1
107 156 43 37 146 124 1
20 159 103 119 89 4 1
52 17 151 50 63 49 1
62 52 153 33 159 107 1
66 108 113 62 52 153 1
154 111 64 112 165 29 1
116 82 107 44 97 81 1
156 162 82 2 65 105 1
109 108 7 71 142 88 1
138 45 61 89 68 96 1
87 89 72 155 19 129 1
88 75 24 15 1 20 1
29 161 85 115 136 120 1
86 53 59 102 17 28 1
159 154 40 54 24 134 1
138 45 61 105 20 81 1
153 74 130 164 54 130 1
113 151 15 41 98 132 1
50 63 49 94 124 163 1
55 155 137 26 127 165 1
100 80 119 13 42 93 1
161 90 132 142 13 34 1
34 90 92 102 17 28 1
154 111 64 63 96 5 1
43 135 23 19 94 105 1
135 161 138 69 55 93 1
142 13 34 121 162 21 1
164 54 130 137 140 156 1
122 88 148 78 79 32 1
145 42 141 141 86 24 1
38 39 54 72 35 72 1
78 79 32 127 55 154 1
17 34 95 143 146 136 1
60 158 64 154 111 64 1
98 27 101 164 54 130 1
127 55 154 62 52 153 1
85 150 88 115 136 120 1
120 17 155 27 157 37 1
106 90 65 23 117 118 1
28 39 158 123 88 63 1
112 165 29 119 89 4 1
31 148 73 161 90 132 1
4 67 29 24 45 95 1
138 45 61 97 24 107 1
110 0 89 30 105 165 1
157 151 52 61 142 45 1
80 106 53 152 140 160 1
149 91 164 37 146 124 1
52 17 151 122 88 148 1
12 11 149 27 157 37 2
17 34 95 126 11 131 2
10 149 4 72 35 72 2
20 159 103 100 80 119 2
95 25 36 120 17 155 2
28 39 158 139 147 99 2
129 77 147 159 154 40 2
59 103 139 10 149 4 2
59 103 139 34 90 92 2
144 58 118 76 45 102 2
77 28 100 61 142 45 2
56 116 51 19 94 105 2
93 12 4 6 75 139 2
46 68 124 135 161 138 2
131 136 16 147 162 114 2
153 74 130 31 148 73 2
67 73 15 5 110 109 2
2 65 105 134 96 132 2
153 74 130 69 55 93 2
119 89 4 45 133 157 2
141 86 24 78 79 32 2
77 28 100 163 36 151 2
88 75 24 33 159 107 2
64 3 60 87 89 72 2
34 90 92 101 11 61 2
58 18 31 43 135 23 2
44 97 81 123 88 63 2
58 18 31 24 45 95 2
88 75 24 125 139 13 2
143 146 136 117 149 45 2
148 16 9 79 22 64 2
103 149 127 0 2 90 2
151 5 118 162 85 64 2
157 151 52 151 5 118 2
43 135 23 132 2 73 2
30 105 165 149 91 164 2
0 2 90 27 157 37 2
64 3 60 108 90 87 2
91 73 91 27 157 37 2
128 64 35 55 155 137 2
129 77 147 92 108 6 2
142 13 34 17 34 95 2
18 161 34 101 11 61 2
16 73 7 160 120 47 2
147 162 114 44 97 81 2
27 157 37 130 53 118 2
3 138 45 4 67 29 2
163 36 151 9 37 153 2
146 123 41 1 89 99 2
82 17 119 79 22 64 2
136 22 147 23 117 118 2
113 151 15 124 55 149 2
29 161 85 160 120 47 2
104 58 69 88 75 24 2
81 121 37 130 53 118 2
32 33 79 118 70 22 2
35 44 126 39 158 153 2
96 22 108 79 22 64 2
53 133 160 77 28 100 3
25 91 40 9 37 153 3
91 73 91 36 151 43 3
100 80 119 111 61 26 3
91 73 91 11 39 78 3
139 147 99 1 89 99 3
149 91 164 140 115 118 3
158 160 5 151 5 118 3
71 142 88 21 57 84 3
6 75 139 10 149 4 3
153 74 130 150 36 149 3
8 91 164 120 17 155 3
152 140 160 76 45 102 3
39 158 153 70 162 58 3
106 90 65 39 158 153 3
96 22 108 47 79 6 3
57 67 61 76 45 102 3
133 110 162 46 68 124 4
48 18 98 59 103 139 4
130 53 118 14 0 47 4
84 139 51 114 34 14 4
65 43 130 42 6 132 4
147 162 114 5 110 109 5
8 91 164 74 61 121 5
165 153 157 14 0 47 6
7 145 37 95 25 36 6
