36 76 73 92 121 120 1
75 6 28 109 10 68 1
40 33 26 37 31 52 1
15 67 122 21 82 34 1
45 114 6 26 84 108 1
97 33 64 21 82 34 1
16 11 70 29 61 79 1
68 120 38 59 99 13 1
32 86 12 73 13 121 1
88 73 91 37 31 52 1
29 61 79 114 90 0 1
114 90 0 97 33 64 1
66 10 32 80 110 93 1
5 100 110 97 33 64 1
1 58 96 96 97 17 1
104 98 108 77 58 40 1
14 49 38 51 56 39 1
99 95 34 105 2 119 1
25 94 66 51 56 39 1
105 2 119 101 21 2 1
118 100 113 21 82 34 1
86 55 60 14 49 38 1
53 56 26 121 2 27 1
28 29 92 2 81 47 1
28 29 92 37 31 52 1
18 8 87 77 58 40 1
46 86 10 21 82 34 1
121 2 27 95 63 31 1
116 101 24 98 115 81 1
13 119 71 42 67 52 1
37 31 52 82 26 120 1
85 91 68 47 6 84 1
77 58 40 102 45 32 1
43 42 109 28 29 92 1
112 122 121 18 8 87 1
24 60 83 49 98 118 1
84 103 100 41 93 68 1
50 86 70 99 95 34 1
88 73 91 95 63 31 1
12 86 91 86 55 60 1
115 107 88 11 62 57 1
90 17 6 52 9 118 1
1 58 96 26 84 108 1
21 82 34 6 111 48 1
12 86 91 113 116 57 1
66 10 32 51 56 39 1
21 82 34 101 21 2 2
75 6 28 66 10 32 2
44 11 39 89 14 62 2
6 111 48 73 13 121 2
76 26 58 70 81 37 2
84 103 100 70 81 37 2
93 11 16 111 35 96 2
101 21 2 92 121 120 2
19 58 29 21 82 34 2
51 56 39 29 61 79 2
48 123 4 89 14 62 2
99 95 34 62 95 77 2
116 101 24 29 61 79 2
83 13 40 91 82 107 2
112 122 121 108 27 22 2
95 63 31 116 101 24 2
117 103 99 0 85 3 2
28 29 92 30 37 26 2
110 100 29 55 35 107 2
55 35 107 116 101 24 2
0 85 3 81 1 18 2
19 58 29 39 98 27 2
100 37 8 101 21 2 2
110 100 29 33 80 15 2
34 120 93 113 116 57 2
58 76 75 78 27 72 2
108 27 22 61 93 89 2
1 58 96 5 100 110 2
74 95 118 118 100 113 2
87 14 104 27 22 29 2
117 103 99 96 97 17 2
123 42 111 110 100 29 2
79 118 35 82 26 120 2
86 55 60 54 49 3 2
106 41 20 111 35 96 2
69 38 45 19 58 29 2
12 86 91 35 90 29 2
19 58 29 112 122 121 2
3 61 122 81 1 18 2
70 81 37 2 81 47 2
52 9 118 76 26 58 2
7 73 0 72 106 37 2
95 63 31 27 22 29 2
37 31 52 10 1 40 3
22 38 33 1 58 96 3
9 57 9 123 42 111 3
85 91 68 10 1 40 3
70 81 37 64 5 120 3
20 6 80 14 49 38 3
36 76 73 23 101 15 3
88 73 91 122 110 58 3
109 10 68 38 60 74 3
36 76 73 49 98 118 3
57 11 26 24 60 83 3
62 95 77 83 13 40 3
81 1 18 93 11 16 3
76 26 58 60 103 23 3
7 73 0 111 35 96 3
13 119 71 65 119 59 3
91 82 107 48 123 4 3
58 76 75 31 27 102 3
12 86 91 11 62 57 3
56 89 25 67 116 54 3
49 98 118 120 19 5 3
103 55 76 38 60 74 3
30 37 26 59 99 13 3
96 97 17 63 37 80 3
79 118 35 78 27 72 4
118 100 113 94 72 11 4
102 45 32 17 46 67 4
71 91 85 63 37 80 4
42 67 52 7 73 0 4
8 28 23 52 9 118 4
107 12 108 3 61 122 4
63 37 80 56 89 25 4
4 16 107 53 56 26 6
88 73 91 119 115 8 7
