85 17 85 55 4 18 1
95 94 49 101 96 44 1
100 46 21 73 3 70 1
13 62 73 42 18 80 1
14 33 68 27 24 50 1
60 6 84 44 6 71 1
95 94 49 85 17 85 1
102 100 38 100 46 21 1
23 80 6 53 88 45 1
17 35 16 72 69 61 1
9 58 13 37 14 87 1
40 49 9 67 12 61 1
65 84 99 2 68 85 1
65 84 99 33 72 74 1
18 40 26 1 98 29 1
74 45 30 70 96 18 1
34 10 74 29 1 75 1
93 36 71 30 10 29 1
38 64 12 67 12 61 1
44 6 71 63 89 34 1
81 18 42 103 66 78 1
60 6 84 41 86 85 1
80 65 53 47 98 85 1
41 86 85 33 72 74 1
93 36 71 31 95 67 1
77 6 61 21 80 41 1
31 95 67 53 88 45 1
5 60 71 48 78 42 1
74 45 30 12 21 36 1
11 31 83 76 11 22 1
68 38 75 62 6 59 1
5 60 71 14 33 68 1
39 35 60 21 80 41 1
11 31 83 79 47 9 1
100 46 21 21 80 41 1
40 49 9 8 92 81 1
45 87 28 31 95 67 1
74 45 30 73 3 70 1
25 0 61 56 44 18 1
48 78 42 81 18 42 1
60 6 84 87 53 88 1
13 62 73 76 11 22 1
70 96 18 46 31 95 1
36 97 37 15 5 92 1
40 49 9 99 65 64 1
72 69 61 6 51 37 1
101 96 44 22 67 69 2
30 10 29 71 74 88 2
17 35 16 92 19 82 2
2 68 85 37 14 87 2
34 10 74 45 87 28 2
102 100 38 38 64 12 2
15 5 92 66 4 75 2
13 62 73 38 64 12 2
90 24 36 36 97 37 2
8 92 81 89 56 66 2
96 15 37 84 35 85 2
72 69 61 85 17 85 2
87 53 88 21 80 41 2
47 98 85 18 40 26 2
95 94 49 1 98 29 2
78 45 88 86 14 79 2
103 66 78 33 72 74 2
0 81 17 102 100 38 2
89 56 66 93 36 71 2
102 100 38 49 17 47 2
13 62 73 47 98 85 2
97 85 101 12 21 36 2
3 53 44 67 12 61 2
50 29 80 24 25 51 2
82 76 44 74 45 30 2
31 95 67 69 35 55 2
88 15 29 7 78 98 2
103 66 78 66 4 75 2
75 27 84 85 17 85 2
98 37 5 27 24 50 2
39 35 60 104 58 26 2
53 88 45 16 9 39 2
63 89 34 58 83 97 2
91 70 82 49 17 47 2
57 5 36 40 49 9 2
7 78 98 97 85 101 2
90 24 36 86 14 79 2
102 100 38 54 71 71 3
39 35 60 96 15 37 3
10 26 82 33 72 74 3
62 6 59 66 4 75 3
28 79 36 5 60 71 3
70 96 18 19 71 60 3
100 46 21 64 66 20 3
56 44 18 20 102 102 3
4 60 32 84 35 85 3
43 51 77 36 97 37 3
41 86 85 83 77 60 3
26 8 0 86 14 79 3
32 57 25 103 66 78 3
100 46 21 20 102 102 3
18 40 26 50 29 80 3
59 61 0 13 62 73 3
61 104 71 82 76 44 4
50 29 80 35 72 30 4
92 19 82 94 10 76 4
21 80 41 52 90 85 6
55 4 18 51 63 34 7
