21 122 116 102 8 103 1
107 154 36 171 77 92 1
155 52 13 80 157 147 1
117 43 165 88 115 125 1
55 112 1 58 76 153 1
6 165 120 149 37 153 1
101 147 160 131 29 168 1
71 95 16 3 64 97 1
102 8 103 4 87 47 1
175 176 31 115 110 151 1
5 142 80 141 5 78 1
148 49 116 63 44 98 1
155 52 13 53 7 4 1
94 165 20 147 78 6 1
144 19 170 77 174 139 1
95 61 123 15 157 76 1
130 21 92 83 173 9 1
31 35 119 74 93 52 1
62 25 2 143 88 83 1
3 64 97 116 49 56 1
174 24 71 91 79 71 1
17 23 155 43 87 89 1
6 165 120 81 67 69 1
0 157 44 144 19 170 1
37 150 80 144 19 170 1
140 60 36 41 25 62 1
108 153 80 85 150 32 1
113 57 26 151 132 52 1
165 86 118 32 135 86 1
137 49 4 4 87 47 1
83 173 9 121 173 122 1
25 90 96 68 14 122 1
128 72 98 152 19 64 1
159 88 134 83 173 9 1
2 60 2 109 133 59 1
4 87 47 46 173 65 1
95 61 123 118 144 66 1
65 77 132 162 40 59 1
102 8 103 37 150 80 1
126 55 130 168 61 71 1
96 42 55 98 104 23 1
10 71 129 102 8 103 1
114 36 32 99 71 106 1
176 150 7 131 29 168 1
41 25 62 142 106 23 1
105 90 52 161 30 57 1
175 176 31 138 85 61 1
118 144 66 39 64 15 1
72 23 144 62 25 2 1
98 104 23 144 19 170 1
19 174 162 101 147 160 1
23 89 38 148 49 116 1
114 36 32 116 49 56 1
121 173 122 3 64 97 1
39 64 15 64 115 100 1
151 132 52 29 118 65 1
16 69 79 54 46 138 1
155 52 13 152 19 64 1
160 81 61 61 104 95 1
56 44 162 118 144 66 1
66 163 15 1 54 103 1
116 49 56 34 5 10 1
61 104 95 70 58 41 1
82 172 99 55 112 1 1
77 174 139 8 102 143 1
142 106 23 120 48 21 1
156 170 39 35 57 150 1
150 94 36 25 90 96 1
163 117 71 161 30 57 1
67 58 154 29 118 65 1
147 78 6 93 107 73 1
125 15 86 174 24 71 1
118 144 66 92 73 156 1
147 78 6 97 19 74 1
67 58 154 2 60 2 1
111 166 41 118 144 66 1
72 23 144 131 29 168 1
18 174 50 175 176 31 1
125 15 86 32 135 86 1
105 90 52 70 58 41 1
8 102 143 17 23 155 1
24 28 104 44 41 31 1
102 8 103 66 163 15 1
4 87 47 158 111 64 1
35 57 150 72 23 144 1
2 60 2 174 24 71 1
117 43 165 47 139 10 1
80 157 147 174 24 71 1
19 174 162 73 119 124 1
7 138 87 157 136 167 1
83 173 9 6 165 120 1
142 106 23 49 40 159 1
14 28 150 80 157 147 2
98 104 23 49 40 159 2
101 147 160 169 11 127 2
166 67 169 97 19 74 2
111 166 41 26 143 33 2
38 84 136 115 110 151 2
145 132 134 158 111 64 2
145 132 134 171 77 92 2
97 19 74 153 2 70 2
25 90 96 145 132 134 2
40 94 67 157 136 167 2
26 143 33 124 144 88 2
20 55 116 140 60 36 2
77 174 139 71 95 16 2
170 63 94 62 25 2 2
85 150 32 160 81 61 2
160 81 61 76 133 93 2
65 77 132 48 16 122 2
113 57 26 30 139 138 2
118 144 66 71 95 16 2
62 25 2 92 73 156 2
107 154 36 119 19 86 2
124 144 88 82 172 99 2
68 14 122 69 63 47 2
128 72 98 46 173 65 2
127 25 25 146 65 141 2
58 76 153 23 89 38 2
17 23 155 173 113 71 2
127 25 25 84 93 83 2
112 81 157 118 144 66 2
134 53 1 100 122 14 2
59 57 75 133 153 95 2
113 57 26 164 175 138 2
170 63 94 103 44 77 2
113 57 26 175 176 31 2
100 122 14 90 153 91 2
25 90 96 123 50 100 2
28 153 128 64 115 100 2
54 46 138 166 67 169 2
119 19 86 65 77 132 2
72 23 144 70 58 41 2
21 122 116 88 115 125 2
36 122 138 63 44 98 2
112 81 157 126 55 130 2
81 67 69 86 69 111 2
35 57 150 94 165 20 2
77 174 139 51 48 41 2
44 41 31 116 49 56 2
57 172 134 31 35 119 2
56 44 162 90 153 91 2
131 29 168 132 115 113 2
31 35 119 166 67 169 2
75 122 5 61 104 95 2
11 154 108 126 55 130 2
154 68 171 29 118 65 2
133 153 95 173 113 71 2
78 69 86 144 19 170 2
12 24 131 28 153 128 2
88 115 125 87 83 65 2
163 117 71 141 5 78 2
20 55 116 135 176 70 2
84 93 83 157 136 167 2
122 14 73 27 143 87 2
7 138 87 126 55 130 2
59 57 75 13 27 81 2
9 161 154 79 32 154 2
42 87 62 17 23 155 3
30 139 138 110 118 38 3
89 37 119 57 172 134 3
86 69 111 172 49 39 3
125 15 86 52 94 67 3
45 58 34 136 18 103 3
91 79 71 79 32 154 3
34 5 10 106 62 168 3
173 113 71 104 87 141 3
49 40 159 122 14 73 3
129 35 160 2 60 2 3
73 119 124 60 51 114 4
3 64 97 136 18 103 4
167 50 118 172 49 39 4
22 147 134 120 48 21 4
55 112 1 139 153 45 4
20 55 116 50 170 70 4
158 111 64 33 49 19 5
