29 53 132 150 89 80 1
187 135 55 58 137 15 1
192 109 9 65 167 136 1
14 133 172 182 162 15 1
51 129 6 179 107 43 1
65 167 136 53 105 99 1
94 98 188 30 92 116 1
137 121 191 124 52 52 1
96 185 169 11 102 52 1
44 170 3 97 100 84 1
48 166 45 34 167 71 1
19 24 89 126 48 81 1
160 73 86 3 168 91 1
87 44 133 26 166 35 1
146 144 125 57 155 78 1
36 21 165 141 7 25 1
17 68 51 187 135 55 1
182 162 15 189 60 1 1
148 89 29 147 19 153 1
60 89 129 41 117 127 1
2 134 81 16 79 177 1
64 193 38 2 134 81 1
79 96 81 60 89 129 1
133 144 43 193 121 155 1
173 65 99 187 135 55 1
123 101 162 132 140 114 1
51 129 6 109 148 149 1
17 68 51 4 34 13 1
44 170 3 115 148 1 1
111 17 150 171 13 116 1
169 131 70 131 15 122 1
27 87 160 85 146 28 1
134 76 138 104 68 45 1
10 28 163 47 120 92 1
154 182 90 186 29 30 1
143 93 18 39 181 91 1
122 138 119 49 51 3 1
188 29 139 25 68 87 1
114 8 114 56 69 72 1
158 138 49 172 8 77 1
79 96 81 155 72 55 1
47 120 92 68 58 188 1
40 150 24 169 131 70 1
16 79 177 110 41 158 1
74 71 125 145 155 155 1
104 68 45 80 144 109 1
47 120 92 5 30 175 1
60 89 129 2 134 81 1
139 22 110 174 102 124 1
34 167 71 83 177 49 1
114 8 114 80 144 109 1
68 58 188 172 8 77 1
82 67 31 179 107 43 1
187 135 55 185 96 167 1
132 140 114 23 36 187 1
70 31 176 34 167 71 1
32 9 104 182 162 15 1
36 21 165 161 152 123 1
177 104 4 5 30 175 1
122 138 119 68 58 188 1
37 89 131 11 102 52 1
46 143 112 182 162 15 1
103 24 21 178 19 141 1
95 95 12 13 180 2 1
13 180 2 24 97 175 1
88 118 180 138 93 29 1
162 52 193 68 58 188 1
40 150 24 13 180 2 1
132 140 114 104 68 45 1
23 36 187 41 117 127 1
125 97 170 187 135 55 1
157 149 53 123 101 162 1
6 144 7 74 71 125 1
60 89 129 97 100 84 1
149 129 155 53 105 99 1
192 109 9 43 25 18 1
190 117 146 90 87 47 1
183 158 82 18 3 69 1
185 96 167 165 48 136 1
48 166 45 159 107 163 1
158 138 49 37 89 131 1
58 137 15 15 4 183 1
123 101 162 135 62 192 1
137 121 191 160 73 86 1
60 89 129 26 166 35 1
178 19 141 181 126 176 1
44 170 3 7 159 165 1
14 133 172 80 144 109 1
67 134 117 117 58 188 1
112 49 154 157 149 53 1
161 152 123 109 148 149 1
91 119 88 68 58 188 1
130 54 159 6 144 7 1
151 107 9 87 44 133 1
167 21 25 28 116 4 1
54 134 85 71 51 193 1
103 24 21 124 52 52 1
124 52 52 6 144 7 1
100 144 106 39 181 91 1
142 26 73 38 1 2 1
100 144 106 164 89 59 1
188 29 139 46 143 112 1
161 152 123 5 30 175 1
166 183 177 64 193 38 1
64 193 38 136 50 105 1
17 68 51 5 30 175 1
94 98 188 99 15 151 1
160 73 86 193 121 155 1
45 63 30 156 157 29 2
81 126 15 69 125 168 2
15 4 183 163 172 137 2
111 17 150 166 183 177 2
47 120 92 0 118 16 2
152 184 120 101 185 109 2
155 72 55 0 118 16 2
180 125 152 76 75 39 2
26 166 35 183 158 82 2
89 155 70 49 51 3 2
173 65 99 77 189 94 2
71 51 193 172 8 77 2
108 120 3 151 107 9 2
126 48 81 138 93 29 2
93 119 193 16 79 177 2
2 134 81 92 15 43 2
126 48 81 161 152 123 2
72 171 141 53 105 99 2
142 26 73 150 89 80 2
125 97 170 50 193 193 2
40 150 24 93 119 193 2
95 95 12 3 168 91 2
107 154 0 187 135 55 2
57 155 78 129 66 51 2
99 15 151 77 189 94 2
102 183 184 187 135 55 2
12 43 134 99 15 151 2
168 75 160 111 17 150 2
96 185 169 147 19 153 2
56 69 72 149 129 155 2
152 184 120 161 152 123 2
153 156 3 77 189 94 2
34 167 71 134 76 138 2
55 132 57 0 118 16 2
78 166 31 168 75 160 2
41 117 127 164 89 59 2
29 53 132 50 193 193 2
180 125 152 145 155 155 2
0 118 16 106 120 60 2
62 51 19 89 155 70 2
82 67 31 127 159 37 2
141 7 25 28 116 4 2
67 134 117 166 183 177 2
133 144 43 146 144 125 2
53 105 99 105 17 86 2
152 184 120 66 31 116 2
148 89 29 45 63 30 2
193 121 155 191 3 122 2
81 126 15 0 118 16 2
59 29 192 27 87 160 2
31 19 33 181 126 176 2
90 87 47 180 125 152 2
41 117 127 8 171 139 2
75 67 165 110 41 158 2
174 102 124 135 62 192 2
73 120 87 155 72 55 2
118 7 74 134 76 138 2
184 65 46 100 144 106 2
116 103 135 49 51 3 2
63 182 149 120 100 172 2
110 41 158 186 29 30 2
20 25 3 73 120 87 2
187 135 55 52 188 135 2
133 144 43 121 111 100 3
33 51 64 83 177 49 3
86 174 7 92 15 43 3
150 89 80 42 110 49 3
128 80 126 84 155 160 3
86 174 7 98 97 32 3
84 155 160 95 95 12 3
185 96 167 144 183 39 3
63 182 149 20 25 3 3
71 51 193 59 29 192 3
21 8 27 24 97 175 3
19 24 89 1 170 104 3
140 31 129 70 31 176 3
60 89 129 35 193 70 3
127 159 37 176 16 70 3
108 120 3 61 104 85 4
18 3 69 22 51 52 4
107 154 0 113 157 73 5
170 160 55 12 43 134 5
134 76 138 175 58 22 5
114 8 114 119 144 65 5
71 51 193 9 137 178 6
