72 69 67 26 122 97 1
70 117 48 32 141 39 1
106 28 105 93 22 141 1
149 68 80 34 11 58 1
19 84 118 137 88 51 1
172 1 45 48 5 82 1
128 25 19 105 19 36 1
33 3 130 146 161 11 1
43 102 83 152 0 106 1
141 169 158 85 24 71 1
29 88 69 81 80 124 1
123 28 56 155 56 169 1
74 150 170 168 52 139 1
108 123 122 22 40 62 1
98 129 162 29 88 69 1
71 61 107 84 36 8 1
84 36 8 53 42 135 1
133 153 7 66 107 0 1
170 74 43 117 49 102 1
76 99 173 122 170 21 1
120 103 86 96 172 120 1
163 173 117 112 74 59 1
72 69 67 135 48 59 1
88 118 0 16 133 28 1
118 48 101 73 118 130 1
4 94 102 85 24 71 1
122 170 21 33 3 130 1
51 163 30 26 122 97 1
24 171 115 166 58 168 1
109 19 164 47 96 1 1
67 43 45 11 88 63 1
80 120 5 51 163 30 1
115 123 36 94 55 137 1
149 68 80 156 96 90 1
49 139 167 122 170 21 1
6 105 59 11 88 63 1
152 0 106 174 74 49 1
140 66 135 40 100 139 1
21 9 142 41 44 15 1
71 61 107 81 80 124 1
91 126 22 148 83 54 1
72 69 67 84 36 8 1
132 52 118 0 41 97 1
37 158 147 110 2 1 1
29 88 69 174 74 49 1
147 121 72 170 74 43 1
148 83 54 121 2 154 1
129 44 2 11 88 63 1
103 5 33 0 41 97 1
46 147 7 155 56 169 1
7 72 61 82 119 90 1
44 32 56 158 140 124 1
174 74 49 144 45 136 1
106 28 105 131 148 122 1
17 15 20 27 43 149 1
65 165 132 145 154 27 1
121 2 154 105 19 36 1
102 79 41 71 61 107 1
74 150 170 23 49 91 1
155 56 169 99 85 16 1
87 79 172 48 5 82 1
10 101 124 143 93 168 1
51 163 30 11 88 63 1
62 109 12 169 141 140 1
7 72 61 144 45 136 1
47 96 1 133 153 7 1
62 109 12 89 31 103 1
121 2 154 172 1 45 1
83 165 10 32 141 39 1
129 44 2 62 109 12 1
140 66 135 61 139 146 1
81 80 124 41 44 15 1
157 88 33 0 41 97 1
46 147 7 57 145 32 1
150 42 39 73 118 130 1
57 145 32 16 133 28 1
3 1 92 87 79 172 1
110 2 1 155 56 169 1
98 129 162 9 91 63 1
169 141 140 20 124 53 1
40 100 139 36 138 100 1
59 148 25 120 103 86 1
130 83 152 4 94 102 1
49 139 167 72 69 67 1
123 28 56 125 81 162 1
48 5 82 23 49 91 1
147 121 72 19 84 118 1
12 142 81 45 97 152 1
169 141 140 93 22 141 1
41 44 15 162 3 137 2
123 28 56 25 9 26 2
82 119 90 107 85 92 2
74 150 170 124 83 16 2
76 99 173 3 1 92 2
89 31 103 142 93 166 2
33 3 130 110 2 1 2
20 124 53 143 93 168 2
149 68 80 27 43 149 2
69 71 84 160 142 164 2
113 152 77 32 141 39 2
5 76 72 80 120 5 2
73 118 130 7 72 61 2
94 55 137 54 142 18 2
60 42 167 90 118 12 2
34 11 58 103 5 33 2
42 88 115 158 140 124 2
169 141 140 130 83 152 2
120 103 86 112 74 59 2
137 88 51 133 153 7 2
7 72 61 22 40 62 2
134 172 147 130 83 152 2
86 73 5 129 44 2 2
128 25 19 61 139 146 2
112 74 59 174 74 49 2
127 138 129 171 16 1 2
100 86 40 16 133 28 2
62 109 12 12 142 81 2
35 75 151 166 58 168 2
116 138 82 130 83 152 2
66 107 0 37 158 147 2
50 28 162 155 56 169 2
65 165 132 59 148 25 2
107 85 92 83 165 10 2
120 103 86 2 156 134 2
157 88 33 65 165 132 2
127 138 129 105 19 36 2
52 14 39 83 165 10 2
84 36 8 31 60 42 2
2 156 134 64 1 40 2
60 42 167 49 139 167 2
28 123 121 57 145 32 2
97 131 11 12 142 81 2
8 166 146 117 49 102 2
49 139 167 167 92 170 2
46 147 7 56 33 60 2
42 88 115 140 66 135 2
13 54 147 105 19 36 2
151 24 120 153 151 49 2
28 123 121 154 61 133 2
25 9 26 151 24 120 2
173 25 58 72 69 67 2
7 72 61 30 24 134 2
38 139 163 144 45 136 2
104 137 106 115 123 36 2
87 79 172 63 174 117 2
68 162 45 12 142 81 2
101 12 45 139 168 150 2
154 61 133 126 118 68 2
75 91 62 60 42 167 3
13 54 147 1 54 144 3
37 158 147 138 145 8 3
92 110 173 85 24 71 3
89 31 103 159 93 1 3
166 58 168 19 84 118 3
14 79 25 119 51 4 3
77 156 18 131 148 122 3
164 41 32 111 93 53 3
69 71 84 80 120 5 3
119 51 4 18 28 19 3
86 73 5 18 28 19 3
78 137 149 22 40 62 3
94 55 137 158 140 124 3
58 161 128 131 148 122 3
141 169 158 39 108 104 3
3 1 92 15 149 71 3
136 109 41 117 49 102 4
165 26 146 164 41 32 4
114 19 67 8 166 146 4
76 99 173 95 63 41 4
79 51 27 55 164 63 4
55 164 63 116 138 82 4
101 12 45 104 137 106 4
88 118 0 164 41 32 4
83 165 10 161 11 29 6
