133 91 79 48 136 8 1
116 119 65 21 112 119 1
83 75 35 18 89 1 1
2 50 133 135 12 79 1
27 66 109 104 128 74 1
90 107 77 6 107 96 1
3 123 60 101 5 70 1
71 21 28 97 41 24 1
66 99 52 123 123 75 1
32 99 98 93 47 18 1
77 85 108 33 116 33 1
99 42 99 67 9 1 1
134 88 34 63 29 74 1
136 50 86 49 81 47 1
65 95 70 121 93 68 1
0 33 43 50 56 47 1
88 1 61 6 107 96 1
90 107 77 71 21 28 1
89 99 16 128 100 98 1
50 56 47 129 135 73 1
16 113 43 4 124 81 1
55 109 0 37 125 72 1
60 17 86 2 50 133 1
131 10 133 89 99 16 1
81 49 0 3 123 60 1
115 131 109 79 120 34 1
44 131 38 51 2 125 1
79 120 34 74 79 27 1
118 128 123 105 30 103 1
2 50 133 73 116 87 1
107 6 46 26 62 101 1
131 10 133 82 133 60 1
44 131 38 39 59 68 1
66 99 52 34 43 53 1
23 20 19 9 58 116 1
134 88 34 73 116 87 1
69 124 132 130 4 104 1
112 124 97 109 127 12 1
16 113 43 55 109 0 1
121 93 68 95 49 41 1
135 12 79 128 100 98 1
136 50 86 6 107 96 1
117 128 56 17 123 4 1
112 124 97 106 56 31 1
40 98 115 126 136 96 1
97 41 24 98 120 85 1
85 112 128 105 30 103 1
95 49 41 40 98 115 1
74 79 27 86 31 93 1
104 128 74 113 97 77 1
87 66 132 48 136 8 1
62 13 2 39 59 68 1
135 12 79 113 97 77 1
121 93 68 71 21 28 1
48 136 8 116 119 65 1
2 50 133 20 17 121 1
125 120 30 16 113 43 1
56 93 126 35 82 56 1
54 104 53 55 109 0 1
19 11 3 104 128 74 1
4 124 81 88 1 61 1
133 91 79 53 2 57 1
78 129 34 50 56 47 1
60 17 86 3 123 60 1
25 52 51 88 1 61 1
72 53 18 89 99 16 1
137 85 99 48 136 8 1
12 3 27 92 63 64 1
114 120 67 34 43 53 1
31 53 35 97 41 24 1
101 5 70 44 131 38 1
54 104 53 106 56 31 1
124 82 26 1 118 18 1
32 99 98 100 31 122 2
27 66 109 79 120 34 2
127 88 20 82 133 60 2
137 85 99 134 88 34 2
76 1 4 100 31 122 2
5 118 29 72 53 18 2
131 10 133 65 95 70 2
78 129 34 110 104 98 2
44 131 38 56 93 126 2
61 86 39 59 51 79 2
103 69 58 30 54 5 2
24 72 7 123 123 75 2
65 95 70 75 31 65 2
39 59 68 23 20 19 2
85 112 128 93 47 18 2
117 128 56 28 132 124 2
83 75 35 80 93 113 2
46 89 74 104 128 74 2
0 33 43 41 120 74 2
124 82 26 67 9 1 2
95 49 41 103 69 58 2
113 97 77 11 119 9 2
24 72 7 80 93 113 2
133 91 79 28 132 124 2
50 56 47 47 51 76 2
117 128 56 15 17 62 2
94 88 30 39 59 68 2
87 66 132 91 81 83 2
81 49 0 80 93 113 2
57 74 108 69 124 132 2
124 82 26 46 89 74 2
32 99 98 70 87 118 2
16 113 43 92 63 64 2
60 17 86 10 11 107 2
118 128 123 86 31 93 2
50 56 47 96 29 72 2
42 19 51 18 89 1 2
56 93 126 64 51 47 2
20 17 121 102 4 3 2
9 58 116 26 62 101 2
50 56 47 72 53 18 2
48 136 8 14 128 78 2
123 123 75 57 74 108 2
63 29 74 29 98 73 2
7 120 85 108 117 134 3
13 66 83 69 124 132 3
119 71 105 59 51 79 3
84 87 105 17 123 4 3
46 89 74 111 85 14 3
116 119 65 122 43 119 3
121 93 68 68 121 21 3
58 34 101 133 91 79 3
76 1 4 77 85 108 3
108 117 134 8 7 1 3
7 120 85 65 95 70 3
120 113 41 83 75 35 3
36 38 119 40 98 115 3
119 71 105 8 7 1 3
64 51 47 132 121 73 3
38 44 42 122 43 119 3
52 135 83 124 82 26 4
45 31 66 70 87 118 4
85 112 128 22 58 94 5
43 48 108 75 31 65 5
