23 90 85 26 54 39 1
27 104 82 104 110 109 1
100 57 72 67 111 82 1
2 84 98 57 106 14 1
104 110 109 4 32 112 1
89 26 70 83 28 93 1
3 18 36 91 18 104 1
98 38 84 50 65 37 1
70 99 12 1 92 66 1
28 107 114 19 29 115 1
25 19 84 114 80 89 1
62 8 65 6 60 60 1
7 38 10 42 103 32 1
24 79 77 115 32 42 1
100 57 72 85 37 44 1
33 113 74 75 69 108 1
60 29 113 15 50 0 1
24 79 77 111 5 105 1
33 113 74 80 0 90 1
2 84 98 73 89 112 1
49 49 78 38 34 20 1
78 76 39 77 34 111 1
62 8 65 112 57 103 1
99 29 7 36 100 52 1
87 55 38 6 60 60 1
18 109 53 112 57 103 1
118 97 91 32 33 83 1
79 67 0 115 32 42 1
18 109 53 17 42 7 1
95 51 103 33 113 74 1
110 91 27 23 90 85 1
115 32 42 4 32 112 1
60 29 113 17 42 7 1
11 80 88 13 95 51 1
73 89 112 76 65 60 1
39 93 59 51 60 31 1
39 93 59 107 31 89 1
13 95 51 64 32 24 1
11 80 88 117 33 67 1
35 115 113 49 49 78 1
78 76 39 35 115 113 1
83 28 93 88 33 55 1
44 24 73 116 26 5 1
61 54 13 75 69 108 1
80 0 90 17 42 7 1
80 0 90 68 48 112 1
29 85 36 12 106 85 1
15 50 0 97 83 77 1
64 32 24 40 42 45 1
30 76 62 22 47 32 1
21 63 104 104 110 109 1
48 0 35 69 49 91 1
16 116 39 41 50 98 1
95 51 103 35 115 113 1
74 46 104 53 63 66 1
76 65 60 77 34 111 1
72 65 20 114 80 89 1
109 63 26 4 32 112 1
79 67 0 29 85 36 2
91 18 104 109 63 26 2
87 55 38 42 103 32 2
71 74 37 90 57 47 2
96 5 70 68 48 112 2
9 22 84 37 7 77 2
44 24 73 40 42 45 2
32 33 83 41 50 98 2
65 36 91 93 22 29 2
59 48 104 19 29 115 2
67 111 82 31 14 77 2
107 31 89 55 16 40 2
11 80 88 97 83 77 2
59 48 104 72 65 20 2
44 24 73 55 16 40 2
115 32 42 7 38 10 2
3 18 36 54 45 35 2
56 48 22 91 18 104 2
56 48 22 23 90 85 2
64 32 24 83 28 93 2
25 19 84 18 109 53 2
12 106 85 101 17 54 2
39 93 59 31 14 77 2
14 104 4 107 31 89 2
47 34 24 74 46 104 2
108 62 118 64 32 24 2
118 97 91 55 16 40 2
71 74 37 107 31 89 2
69 49 91 36 100 52 2
80 0 90 99 29 7 2
75 69 108 20 39 107 2
101 17 54 1 92 66 2
50 65 37 39 93 59 2
44 24 73 105 108 31 2
42 103 32 5 54 19 2
92 78 31 103 13 117 2
118 97 91 8 80 47 2
19 29 115 37 7 77 2
106 61 38 61 54 13 2
102 115 2 12 106 85 3
0 101 106 104 110 109 3
49 49 78 93 22 29 3
14 104 4 10 113 58 3
98 38 84 30 76 62 3
108 62 118 113 10 42 3
74 46 104 79 67 0 3
41 50 98 66 78 13 3
45 45 12 24 79 77 3
52 2 92 96 5 70 3
86 28 4 81 23 98 3
34 46 67 67 111 82 3
43 71 25 4 32 112 3
77 34 111 58 112 94 3
115 32 42 81 23 98 4
82 62 109 20 39 107 4
79 67 0 46 27 80 4
27 104 82 103 13 117 4
63 28 24 35 115 113 4
94 32 65 64 32 24 5
84 73 115 106 61 38 6
