7 24 19 31 28 47 1
4 9 27 35 17 8 1
26 14 26 33 13 22 1
5 2 18 36 41 42 1
0 12 47 29 49 30 1
4 9 27 21 42 7 1
33 13 22 20 11 24 1
11 55 37 47 18 41 1
28 39 47 21 42 7 1
23 40 16 20 11 24 1
43 14 15 44 41 12 1
12 48 39 55 18 37 1
51 39 29 0 12 47 1
55 18 37 2 26 47 1
14 13 5 32 26 34 1
2 26 47 37 19 43 1
42 22 38 1 39 39 1
53 36 24 11 55 37 1
45 53 33 19 30 17 1
1 39 39 18 48 44 1
2 26 47 22 19 32 1
14 13 5 50 16 46 1
37 19 43 15 3 26 1
34 37 41 32 26 34 1
27 43 33 29 49 30 1
5 2 18 33 13 22 1
34 37 41 8 10 23 1
0 12 47 46 8 28 1
5 2 18 0 12 47 1
22 19 32 46 8 28 1
50 16 46 13 3 28 1
18 48 44 19 30 17 1
31 28 47 2 26 47 1
29 49 30 4 9 27 1
54 17 14 38 25 31 2
36 41 42 45 53 33 2
48 39 16 8 10 23 2
24 39 26 28 39 47 2
17 1 20 8 10 23 2
34 37 41 7 24 19 2
44 41 12 2 26 47 2
21 42 7 39 13 3 2
50 16 46 40 37 5 2
3 20 36 0 12 47 2
10 33 13 39 13 3 2
54 17 14 1 39 39 2
44 41 12 41 20 0 2
25 15 35 1 39 39 2
11 55 37 9 17 8 2
53 36 24 28 39 47 2
30 12 39 54 17 14 2
52 55 9 39 13 3 3
48 39 16 16 15 0 3
27 43 33 49 17 8 4
6 11 49 14 13 5 4
