17 35 51 35 9 14 1
7 48 58 13 31 53 1
62 3 18 52 59 41 1
41 22 12 45 61 35 1
12 29 2 14 22 7 1
6 49 14 56 47 62 1
29 2 60 18 20 14 1
52 59 41 2 22 14 1
57 9 44 52 59 41 1
41 22 12 58 58 56 1
46 19 15 43 20 24 1
48 42 15 54 60 48 1
62 3 18 46 19 15 1
12 29 2 35 9 14 1
0 42 18 13 31 53 1
24 24 13 57 9 44 1
49 17 33 42 61 18 1
41 22 12 37 4 46 1
56 47 62 0 42 18 1
20 11 50 27 2 27 1
52 59 41 9 14 54 1
0 42 18 25 41 11 1
3 22 21 59 52 59 1
13 31 53 55 28 20 1
1 10 1 54 60 48 1
31 44 51 56 47 62 1
23 19 17 61 55 23 1
10 49 33 18 20 14 1
7 48 58 9 14 54 1
30 55 0 29 2 60 1
25 41 11 42 61 18 1
38 4 30 8 9 56 1
37 4 46 27 2 27 1
6 49 14 29 2 60 1
19 62 51 48 42 15 1
49 17 33 48 42 15 1
10 49 33 12 29 2 1
4 20 15 60 41 3 1
25 41 11 16 19 22 1
2 22 14 45 61 35 1
23 19 17 0 42 18 1
32 28 22 53 27 47 1
38 4 30 36 39 35 1
2 22 14 26 51 6 1
36 39 35 53 27 47 2
51 48 60 38 4 30 2
44 45 39 23 19 17 2
14 22 7 8 9 56 2
38 4 30 47 58 54 2
11 9 5 45 61 35 2
11 9 5 33 7 57 2
1 10 1 4 20 15 2
60 41 3 50 56 53 2
39 14 44 7 48 58 2
50 56 53 28 53 54 2
15 59 6 2 22 14 2
59 52 59 15 59 6 2
22 11 9 56 47 62 3
40 3 8 24 24 13 3
4 20 15 34 53 29 3
44 45 39 5 2 23 3
21 30 2 42 61 18 5
