44 15 38 18 88 1 1
72 15 51 65 85 23 1
31 97 100 23 18 38 1
35 32 42 78 53 121 1
118 10 74 24 70 25 1
121 40 72 89 58 32 1
74 10 49 64 13 111 1
33 74 31 55 59 15 1
45 49 37 66 84 63 1
97 43 97 38 86 20 1
77 53 29 84 23 91 1
14 42 49 101 42 118 1
57 109 61 13 62 90 1
77 53 29 39 54 88 1
122 64 21 42 80 15 1
40 48 71 112 35 61 1
32 65 8 51 42 69 1
36 39 66 101 42 118 1
22 99 23 89 58 32 1
60 25 47 78 53 121 1
99 4 10 3 19 34 1
32 65 8 96 61 11 1
2 28 54 36 39 66 1
71 45 115 69 33 79 1
76 101 19 63 39 7 1
75 72 31 112 35 61 1
24 70 25 66 84 63 1
52 0 40 66 84 63 1
82 100 24 84 23 91 1
17 6 38 3 19 34 1
91 12 72 105 85 44 1
103 61 11 73 23 65 1
116 2 75 109 64 66 1
33 74 31 63 39 7 1
33 74 31 92 6 74 1
28 49 27 35 32 42 1
39 54 88 72 15 51 1
59 117 16 4 17 17 1
70 68 115 119 89 40 1
38 86 20 121 40 72 1
24 70 25 81 8 52 1
77 53 29 76 101 19 1
25 50 95 108 37 64 1
93 44 23 38 86 20 1
51 42 69 33 74 31 1
103 61 11 45 49 37 1
96 61 11 23 18 38 1
29 22 93 50 16 88 1
21 52 26 29 22 93 1
72 15 51 94 66 79 1
82 100 24 50 16 88 1
0 115 11 74 10 49 1
25 50 95 34 107 58 1
80 66 99 118 10 74 1
82 100 24 69 33 79 1
0 115 11 34 107 58 1
19 24 105 9 34 94 1
32 65 8 49 112 51 1
122 64 21 31 97 100 1
15 34 38 106 66 68 1
99 4 10 31 97 100 2
61 35 119 95 77 79 2
93 44 23 108 37 64 2
21 52 26 61 35 119 2
109 64 66 72 15 51 2
3 19 34 119 89 40 2
39 54 88 113 54 23 2
22 99 23 67 83 94 2
87 57 38 93 44 23 2
22 99 23 59 117 16 2
14 42 49 102 67 112 2
18 88 1 42 80 15 2
57 109 61 1 80 55 2
101 42 118 106 66 68 2
35 32 42 47 95 103 2
27 118 100 6 91 90 2
97 43 97 114 87 57 2
122 64 21 13 62 90 2
113 54 23 93 44 23 2
50 16 88 36 39 66 2
106 66 68 58 122 27 2
106 66 68 48 31 117 2
91 12 72 6 91 90 2
103 61 11 95 77 79 2
62 13 61 7 37 72 2
37 118 69 27 118 100 2
78 53 121 53 91 68 2
97 43 97 104 51 74 2
84 23 91 105 85 44 2
5 85 63 65 85 23 2
10 114 99 117 7 99 2
95 77 79 75 72 31 2
102 67 112 8 26 38 2
98 2 69 79 45 101 2
98 2 69 90 76 78 2
38 86 20 53 91 68 2
104 51 74 107 94 41 2
9 34 94 81 8 52 2
110 18 104 9 34 94 2
117 7 99 39 54 88 2
90 76 78 65 85 23 2
43 61 71 20 44 91 3
102 67 112 111 81 118 3
32 65 8 26 72 1 3
7 37 72 20 44 91 3
45 49 37 85 40 5 3
74 10 49 88 65 7 3
120 64 71 119 89 40 3
41 66 1 13 62 90 3
16 117 10 34 107 58 3
50 16 88 54 69 48 3
43 61 71 66 84 63 3
100 53 92 43 61 71 3
102 67 112 115 79 38 3
46 6 2 17 6 38 3
7 37 72 68 84 15 3
95 77 79 11 87 109 3
86 116 29 69 33 79 3
83 85 32 20 44 91 3
25 50 95 12 16 57 4
122 64 21 30 21 96 4
56 13 82 117 7 99 6
