6 58 132 111 5 120 1
75 23 9 127 128 37 1
77 27 56 15 165 6 1
157 105 39 155 19 91 1
91 57 169 13 82 99 1
89 23 102 66 51 57 1
116 110 84 176 83 56 1
43 115 101 107 136 141 1
83 136 5 21 143 111 1
49 83 163 48 74 79 1
37 151 16 33 130 166 1
58 27 38 117 93 117 1
147 175 101 121 153 8 1
121 153 8 66 51 57 1
64 27 7 87 8 167 1
54 116 49 165 6 95 1
54 116 49 24 28 118 1
95 120 148 93 64 156 1
142 83 130 15 165 6 1
0 153 50 28 115 54 1
176 83 56 85 148 85 1
22 16 67 152 149 124 1
108 131 137 41 26 95 1
29 10 148 150 7 170 1
163 69 48 139 106 174 1
69 21 8 129 139 119 1
112 73 54 23 78 53 1
170 133 100 15 165 6 1
113 104 146 122 110 98 1
22 16 67 86 162 153 1
118 106 58 147 175 101 1
99 52 169 171 154 122 1
85 148 85 26 106 107 1
46 46 96 12 153 142 1
163 69 48 21 143 111 1
56 50 151 40 66 67 1
156 13 13 169 73 85 1
5 6 65 43 115 101 1
130 101 62 83 136 5 1
97 128 167 27 14 133 1
36 28 129 86 162 153 1
73 176 129 99 52 169 1
12 153 142 158 123 166 1
5 6 65 147 175 101 1
83 136 5 51 18 123 1
30 19 23 114 104 87 1
56 50 151 166 71 152 1
149 90 168 136 46 142 1
136 46 142 89 23 102 1
170 133 100 109 125 62 1
87 8 167 31 114 152 1
15 165 6 156 13 13 1
133 112 81 2 31 62 1
39 172 114 38 60 78 1
27 14 133 33 130 166 1
170 133 100 177 113 140 1
95 120 148 2 31 62 1
120 114 31 157 105 39 1
162 149 28 169 73 85 1
100 137 66 51 18 123 1
150 7 170 142 83 130 1
59 108 129 138 3 139 1
129 139 119 17 51 143 1
132 136 72 44 71 58 1
5 6 65 164 140 142 1
115 157 68 50 162 140 1
175 171 37 30 19 23 1
132 136 72 62 122 11 1
120 114 31 145 107 176 1
127 128 37 89 23 102 1
0 153 50 92 91 7 1
44 71 58 177 113 140 1
120 114 31 16 92 15 1
93 64 156 59 108 129 1
116 110 84 22 16 67 1
104 70 162 50 162 140 1
25 9 66 120 114 31 1
145 107 176 136 46 142 1
3 85 123 19 85 123 1
12 153 142 175 171 37 1
80 114 92 5 6 65 1
153 131 96 124 157 13 1
148 118 168 48 74 79 1
20 130 44 111 5 120 2
19 85 123 46 46 96 2
34 50 74 45 133 42 2
3 85 123 4 85 144 2
126 139 123 146 90 124 2
1 81 172 123 135 76 2
44 71 58 19 85 123 2
94 70 2 56 50 151 2
162 149 28 127 128 37 2
8 74 112 92 91 7 2
38 60 78 154 24 76 2
120 114 31 176 83 56 2
135 143 74 21 143 111 2
123 135 76 105 44 119 2
84 23 135 85 148 85 2
46 46 96 14 152 95 2
35 159 104 139 106 174 2
74 120 94 24 28 118 2
105 44 119 135 143 74 2
9 154 171 131 56 120 2
173 164 58 23 78 53 2
119 159 121 120 114 31 2
28 115 54 49 83 163 2
117 93 117 32 159 104 2
57 122 70 37 151 16 2
124 157 13 145 107 176 2
98 80 142 109 125 62 2
103 105 176 168 23 122 2
143 128 160 86 162 153 2
104 70 162 60 66 4 2
112 73 54 121 153 8 2
52 144 38 168 23 122 2
102 63 12 69 21 8 2
52 144 38 86 162 153 2
174 136 26 21 143 111 2
54 116 49 157 105 39 2
84 23 135 57 122 70 2
161 49 121 125 148 67 2
111 5 120 142 83 130 2
101 73 122 51 18 123 2
148 118 168 41 26 95 2
67 76 136 38 60 78 2
137 38 120 101 73 122 2
117 93 117 99 52 169 2
121 153 8 51 18 123 2
81 103 91 156 13 13 2
172 153 172 137 38 120 2
165 6 95 161 49 121 2
56 50 151 138 3 139 2
115 157 68 33 130 166 2
40 66 67 79 75 41 2
98 80 142 40 66 67 2
109 125 62 11 86 171 2
16 92 15 122 110 98 2
0 153 50 70 48 157 2
37 151 16 110 44 103 2
107 136 141 61 70 21 2
29 10 148 64 27 7 2
48 74 79 60 66 4 2
144 50 102 131 56 120 2
38 60 78 60 66 4 2
140 170 130 166 71 152 2
90 137 77 135 143 74 2
63 43 173 15 165 6 2
177 113 140 7 77 71 2
117 93 117 80 114 92 2
47 26 105 15 165 6 2
151 9 33 111 5 120 2
112 73 54 160 8 117 3
9 154 171 148 118 168 3
118 106 58 146 90 124 3
56 50 151 129 139 119 3
12 153 142 34 50 74 3
13 82 99 15 165 6 3
53 79 41 120 114 31 3
65 126 31 58 27 38 3
167 79 162 113 104 146 3
70 48 157 141 86 155 3
18 45 87 2 31 62 3
128 112 133 170 133 100 3
55 144 167 172 153 172 4
107 136 141 68 5 102 4
113 104 146 134 87 83 4
96 89 167 158 123 166 4
78 81 24 83 136 5 4
90 137 77 10 157 121 4
138 3 139 42 26 158 4
88 171 17 98 80 142 4
90 137 77 76 98 111 4
159 129 63 134 87 83 5
11 86 171 106 170 46 5
71 108 166 93 64 156 5
82 85 175 51 18 123 6
110 44 103 72 37 69 7
