16 3 17 14 19 4 1
7 31 0 40 2 10 1
30 34 0 28 37 24 1
12 14 33 16 3 17 1
32 7 34 16 3 17 1
22 38 35 25 26 20 1
40 2 10 10 13 10 1
33 31 7 10 13 10 1
10 13 10 24 21 34 1
0 13 32 33 31 7 1
35 14 38 10 13 10 1
10 13 10 22 38 35 1
5 5 25 21 27 3 1
10 13 10 11 16 6 1
28 37 24 8 27 18 1
13 0 22 14 19 4 1
19 4 19 40 2 10 1
14 19 4 30 34 0 1
11 16 6 13 0 22 1
36 24 2 30 34 0 1
6 34 3 12 14 33 1
20 2 30 34 13 18 2
31 39 9 1 5 31 2
9 39 7 34 13 18 2
29 7 15 26 11 33 2
27 16 25 3 40 14 2
39 31 18 30 34 0 2
2 37 3 22 38 35 2
3 40 14 0 13 32 2
36 24 2 31 39 9 2
22 38 35 38 8 14 2
17 12 20 10 13 10 2
23 32 3 1 5 31 2
29 7 15 7 31 0 2
21 27 3 23 32 3 2
9 39 7 4 5 40 3
37 13 4 6 34 3 3
15 8 11 3 40 14 3
9 39 7 26 11 33 3
5 5 25 18 26 27 4
