63 36 87 61 43 30 1
79 90 42 23 63 34 1
33 32 5 70 17 64 1
5 51 75 65 90 16 1
14 5 46 92 77 89 1
48 4 10 37 22 44 1
55 0 68 39 71 94 1
77 77 60 25 93 10 1
88 92 88 87 62 68 1
55 0 68 25 93 10 1
26 30 86 64 62 42 1
13 34 65 6 58 15 1
89 75 13 84 38 19 1
82 90 15 25 93 10 1
67 33 38 42 20 67 1
84 38 19 51 90 95 1
92 77 89 84 38 19 1
67 33 38 96 71 50 1
7 74 96 73 62 70 1
35 71 45 7 74 96 1
73 62 70 11 46 48 1
33 32 5 22 86 31 1
45 60 22 64 62 42 1
19 91 8 28 79 44 1
22 86 31 59 37 38 1
88 92 88 9 39 85 1
65 90 16 27 7 80 1
71 6 19 12 20 53 1
65 90 16 72 66 26 1
38 89 30 90 62 88 1
83 56 73 8 50 16 1
47 39 65 86 38 60 1
76 26 45 14 5 46 1
4 18 51 17 45 34 1
23 63 34 89 75 13 1
61 43 30 40 74 24 1
31 65 83 13 34 65 1
93 17 43 54 6 83 1
74 39 92 37 22 44 1
95 48 34 60 20 65 1
96 71 50 40 74 24 1
32 16 19 1 2 30 1
0 65 48 54 6 83 1
9 39 85 1 2 30 1
56 31 20 75 75 53 1
23 63 34 50 35 69 1
61 43 30 34 88 7 2
71 6 19 89 75 13 2
53 49 37 18 21 54 2
34 88 7 72 66 26 2
15 91 55 79 90 42 2
42 20 67 49 26 85 2
3 7 80 96 71 50 2
90 62 88 8 50 16 2
82 90 15 40 74 24 2
40 74 24 76 26 45 2
31 65 83 46 77 3 2
75 75 53 84 38 19 2
32 16 19 79 90 42 2
21 43 86 34 88 7 2
74 39 92 59 37 38 2
18 21 54 24 77 42 2
9 39 85 37 22 44 2
83 56 73 74 39 92 2
57 21 91 11 46 48 2
80 85 24 11 46 48 2
68 22 2 80 85 24 2
2 53 1 38 89 30 2
13 34 65 43 6 64 2
42 20 67 47 39 65 2
52 83 85 72 66 26 2
56 31 20 95 48 34 2
80 85 24 78 2 74 2
34 88 7 93 17 43 2
17 45 34 95 48 34 2
77 77 60 78 2 74 2
70 17 64 16 47 0 2
29 2 27 73 62 70 2
9 39 85 81 5 93 2
41 51 55 95 48 34 2
23 63 34 58 54 60 2
36 94 48 21 43 86 2
61 43 30 28 79 44 2
58 54 60 44 87 62 2
6 58 15 75 75 53 2
66 71 71 40 74 24 3
9 39 85 53 49 37 3
45 60 22 65 90 16 3
37 22 44 20 87 22 3
59 37 38 69 60 5 3
62 17 63 52 83 85 3
85 41 95 2 53 1 3
91 36 58 64 62 42 3
30 41 63 85 41 95 4
94 59 49 50 35 69 4
10 85 88 43 6 64 4
