45 38 36 28 40 28 1
10 32 11 5 47 15 1
17 29 10 1 26 44 1
27 3 12 31 30 33 1
25 28 31 39 12 29 1
14 3 30 25 28 31 1
21 27 38 37 18 0 1
18 19 0 37 18 0 1
46 32 8 35 6 16 1
37 18 0 42 17 34 1
4 39 6 19 14 2 1
37 18 0 25 28 31 1
29 35 19 22 28 12 1
21 27 38 15 13 16 1
4 39 6 29 35 19 1
32 16 28 11 38 14 1
7 0 36 39 12 29 1
21 27 38 30 30 2 1
21 27 38 2 21 46 1
31 30 33 5 47 15 1
21 27 38 9 30 15 1
24 36 22 10 32 11 1
24 36 22 46 32 8 1
12 17 41 6 1 28 1
25 28 31 36 11 31 1
26 38 41 6 1 28 1
32 16 28 19 14 2 2
7 0 36 11 38 14 2
45 38 36 31 30 33 2
39 12 29 45 38 36 2
12 17 41 22 28 12 2
23 18 1 8 5 10 2
3 21 46 25 28 31 2
2 21 46 1 26 44 2
16 40 27 36 11 31 2
17 29 10 38 30 15 2
0 47 26 1 26 44 3
40 42 42 9 30 15 3
21 27 38 33 47 22 3
43 0 31 25 28 31 3
20 4 17 34 40 35 3
3 21 46 23 18 1 3
35 6 16 13 41 36 3
8 5 10 47 21 15 3
12 17 41 20 4 17 4
44 14 4 12 17 41 4
7 0 36 41 1 6 5
