97 77 40 47 142 52 1
123 166 111 100 11 132 1
63 164 64 24 43 105 1
124 159 18 73 12 151 1
26 25 99 152 91 94 1
151 129 48 176 23 84 1
6 118 77 31 156 74 1
68 162 169 84 36 141 1
113 178 91 147 46 58 1
116 30 133 165 126 146 1
67 110 29 63 164 64 1
33 27 26 150 72 160 1
3 131 64 151 129 48 1
61 178 143 77 29 82 1
48 182 105 3 131 64 1
10 71 138 111 29 46 1
99 173 124 91 177 20 1
80 109 59 13 83 63 1
22 128 128 158 31 156 1
176 23 84 77 29 82 1
2 156 40 52 66 178 1
115 13 40 107 173 23 1
117 166 75 153 91 3 1
69 74 79 132 68 85 1
173 126 57 59 177 14 1
24 43 105 82 93 51 1
166 33 137 127 11 154 1
42 181 54 174 21 117 1
171 166 153 90 92 49 1
57 45 122 86 134 29 1
168 180 104 96 177 21 1
180 80 115 159 2 24 1
160 61 127 40 9 56 1
67 110 29 138 82 48 1
55 107 166 50 23 128 1
152 91 94 7 98 155 1
179 146 65 47 142 52 1
147 46 58 115 13 40 1
100 11 132 14 14 43 1
120 37 161 153 91 3 1
176 23 84 29 19 135 1
112 170 111 80 109 59 1
100 11 132 142 110 7 1
133 121 95 166 33 137 1
103 14 7 117 166 75 1
158 31 156 129 10 108 1
52 66 178 154 90 157 1
105 67 107 118 57 62 1
146 60 18 97 77 40 1
7 98 155 177 73 46 1
30 172 113 71 9 169 1
148 12 41 19 8 63 1
13 83 63 66 94 94 1
1 138 141 68 162 169 1
83 125 30 35 17 168 1
167 146 54 62 45 74 1
160 61 127 178 13 131 1
143 147 10 5 72 46 1
25 146 134 31 156 74 1
73 12 151 59 177 14 1
165 126 146 142 110 7 1
121 24 65 26 25 99 1
117 166 75 165 126 146 1
20 62 140 156 25 124 1
66 94 94 109 37 5 1
12 38 166 13 83 63 1
11 116 151 42 181 54 1
106 43 135 48 182 105 1
95 112 139 109 37 5 1
33 27 26 181 77 32 1
35 17 168 5 72 46 1
70 36 43 36 179 23 1
78 42 142 15 167 89 1
99 173 124 103 14 7 1
66 94 94 139 135 24 1
169 37 79 114 144 40 1
140 177 54 6 118 77 1
51 163 139 109 37 5 1
178 13 131 162 88 49 1
161 29 111 143 147 10 1
158 31 156 46 171 103 1
130 98 89 181 77 32 1
178 13 131 149 68 50 1
38 152 64 58 42 126 1
47 142 52 20 62 140 1
13 83 63 146 60 18 1
70 36 43 153 91 3 1
11 116 151 163 133 144 1
173 126 57 134 6 139 1
96 177 21 52 66 178 1
116 30 133 135 58 97 1
62 45 74 129 10 108 1
173 126 57 21 114 99 1
14 14 43 90 92 49 1
158 31 156 144 59 82 1
106 43 135 144 59 82 1
137 136 131 76 43 60 1
79 169 121 1 138 141 1
147 46 58 36 179 23 1
55 107 166 176 23 84 2
49 116 33 100 11 132 2
12 38 166 57 45 122 2
38 152 64 101 87 22 2
65 72 45 152 91 94 2
38 152 64 64 117 0 2
52 66 178 150 72 160 2
19 8 63 50 23 128 2
15 167 89 176 23 84 2
76 43 60 78 42 142 2
73 12 151 138 82 48 2
175 175 135 35 17 168 2
135 58 97 46 171 103 2
169 37 79 92 53 69 2
30 172 113 157 179 161 2
32 53 89 79 169 121 2
22 128 128 4 27 34 2
167 146 54 28 22 103 2
169 37 79 155 126 21 2
116 30 133 109 37 5 2
110 65 118 64 117 0 2
60 29 42 7 98 155 2
101 87 22 17 46 117 2
131 159 115 36 179 23 2
123 166 111 17 46 117 2
147 46 58 175 175 135 2
8 109 86 66 94 94 2
122 61 42 81 146 143 2
162 88 49 56 50 91 2
98 66 76 70 36 43 2
19 8 63 73 12 151 2
38 152 64 128 32 111 2
147 46 58 0 141 118 2
8 109 86 152 91 94 2
174 21 117 123 166 111 2
37 50 119 111 29 46 2
178 13 131 80 109 59 2
44 171 53 37 50 119 2
96 177 21 143 147 10 2
159 2 24 41 9 97 2
86 134 29 122 61 42 2
43 110 99 133 121 95 2
78 42 142 145 42 22 2
162 88 49 32 53 89 2
97 77 40 169 37 79 2
71 9 169 23 131 37 2
9 42 154 21 114 99 2
60 29 42 25 146 134 2
159 2 24 112 170 111 2
162 88 49 170 78 59 2
93 26 151 175 175 135 2
75 6 65 33 27 26 2
54 119 81 68 162 169 2
111 29 46 174 21 117 2
144 59 82 157 179 161 2
159 2 24 141 180 141 2
163 133 144 27 83 3 2
22 128 128 108 34 130 2
14 14 43 74 138 136 2
164 106 60 114 144 40 2
39 24 36 133 121 95 2
161 29 111 102 96 8 2
136 143 97 146 60 18 2
69 74 79 160 61 127 2
125 167 158 35 17 168 2
50 23 128 182 92 67 2
162 88 49 133 121 95 2
175 175 135 104 137 113 2
131 159 115 45 140 163 3
172 106 73 3 131 64 3
96 177 21 34 21 22 3
89 127 66 63 164 64 3
164 106 60 118 57 62 3
88 4 126 79 169 121 3
173 126 57 16 33 149 3
119 82 75 48 182 105 3
40 9 56 18 79 103 3
97 77 40 72 136 110 3
123 166 111 126 72 21 3
92 53 69 87 160 66 3
85 147 53 27 83 3 3
101 87 22 53 133 0 4
94 160 173 21 114 99 4
