90 13 19 49 75 5 1
86 36 59 50 85 60 1
95 64 87 46 51 58 1
62 45 22 6 61 60 1
47 78 48 59 19 30 1
1 35 83 32 56 21 1
59 19 30 63 14 90 1
8 95 76 27 23 20 1
7 41 86 78 84 69 1
84 76 64 25 25 34 1
62 45 22 25 25 34 1
50 85 60 87 61 10 1
45 76 55 83 94 85 1
89 3 24 14 35 94 1
60 44 89 59 19 30 1
47 78 48 92 56 77 1
25 25 34 69 13 89 1
8 95 76 95 64 87 1
75 89 54 29 62 11 1
23 15 65 4 87 73 1
54 43 45 15 52 89 1
1 35 83 55 72 2 1
87 61 10 3 29 22 1
55 72 2 10 34 65 1
64 27 81 43 33 91 1
22 57 15 81 68 39 1
53 60 40 16 65 20 1
59 19 30 32 56 21 1
85 69 45 35 41 66 1
14 35 94 22 57 15 1
78 84 69 64 27 81 1
34 45 5 32 56 21 1
37 51 28 33 81 39 1
10 34 65 2 18 85 1
63 14 90 46 51 58 1
75 89 54 25 25 34 1
33 81 39 56 81 20 1
23 15 65 76 53 4 1
89 3 24 84 76 64 1
90 13 19 55 72 2 1
45 76 55 80 78 46 1
36 84 86 38 90 65 1
62 45 22 87 61 10 1
9 31 7 12 2 71 1
41 57 0 70 49 66 1
21 57 94 40 9 6 1
29 62 11 41 57 0 1
31 62 30 60 44 89 1
36 84 86 53 60 40 1
76 53 4 91 95 11 1
57 67 20 16 65 20 1
30 38 65 10 34 65 2
12 2 71 36 84 86 2
54 43 45 61 60 84 2
21 57 94 36 84 86 2
52 63 76 31 62 30 2
23 15 65 3 29 22 2
20 72 77 1 35 83 2
91 95 11 54 43 45 2
35 41 66 58 80 9 2
40 9 6 73 72 45 2
63 14 90 24 61 41 2
43 33 91 37 51 28 2
27 23 20 37 51 28 2
25 25 34 56 81 20 2
58 80 9 54 43 45 2
72 93 75 28 5 32 2
5 66 27 67 49 29 2
66 23 27 73 72 45 2
80 78 46 52 63 76 2
54 43 45 71 88 82 2
85 69 45 94 87 8 2
82 29 60 73 72 45 2
48 30 15 78 84 69 2
64 27 81 17 23 11 2
22 57 15 11 34 58 2
85 69 45 93 1 70 2
38 90 65 45 76 55 2
38 90 65 13 71 85 2
0 87 35 8 95 76 2
26 92 88 37 51 28 2
67 49 29 21 57 94 2
44 33 35 69 13 89 2
77 16 81 4 87 73 2
72 93 75 50 85 60 3
15 52 89 65 38 42 3
90 13 19 42 61 43 3
33 81 39 74 81 61 3
39 82 64 8 95 76 3
19 8 67 47 78 48 3
51 84 46 35 41 66 3
88 88 42 40 9 6 3
68 51 49 59 19 30 4
64 27 81 79 29 92 4
18 4 29 73 72 45 4
