109 120 87 70 79 129 1
125 28 22 130 126 24 1
76 68 35 54 83 30 1
34 134 8 16 16 30 1
23 44 7 6 4 23 1
66 100 101 81 118 86 1
123 56 36 52 31 89 1
60 73 26 4 133 79 1
85 14 49 109 120 87 1
98 97 7 91 47 16 1
51 9 3 5 134 106 1
7 81 54 19 122 49 1
91 47 16 65 29 49 1
122 115 49 80 73 110 1
116 60 11 30 113 61 1
132 12 39 122 115 49 1
62 108 31 33 111 117 1
111 87 120 110 72 104 1
108 102 59 115 26 34 1
102 88 28 82 72 7 1
98 97 7 39 119 117 1
7 81 54 17 122 53 1
61 115 108 31 17 5 1
71 44 133 10 106 120 1
118 92 119 54 83 30 1
82 72 7 76 68 35 1
24 17 84 115 26 34 1
77 19 7 40 90 18 1
55 75 82 130 126 24 1
45 68 89 121 106 33 1
95 131 45 86 81 94 1
60 73 26 126 58 32 1
50 114 84 127 48 11 1
106 123 12 109 120 87 1
103 13 105 10 106 120 1
17 122 53 15 0 134 1
34 134 8 2 36 112 1
80 73 110 3 74 85 1
124 74 40 12 125 18 1
130 126 24 27 27 120 1
26 43 71 16 16 30 1
123 56 36 22 49 66 1
109 120 87 1 64 10 1
67 83 119 121 106 33 1
24 17 84 65 29 49 1
43 3 106 33 111 117 1
108 102 59 82 72 7 1
9 11 110 31 17 5 1
81 118 86 113 47 68 1
10 106 120 1 64 10 1
60 73 26 45 68 89 1
16 16 30 13 106 130 1
71 44 133 102 88 28 1
99 87 59 26 43 71 1
83 17 31 57 97 53 1
131 93 38 29 120 42 1
19 122 49 1 64 10 1
19 122 49 32 86 82 1
35 4 45 8 49 37 1
80 73 110 43 3 106 1
110 72 104 87 15 46 1
51 9 3 112 104 44 1
62 108 31 130 126 24 1
8 49 37 107 46 62 1
113 47 68 114 19 26 1
117 107 3 41 129 48 1
75 26 47 48 12 14 1
59 110 130 38 90 31 1
128 31 25 56 75 30 1
55 75 82 24 17 84 1
87 15 46 8 49 37 1
2 36 112 0 42 92 1
101 74 20 124 74 40 1
130 126 24 46 97 75 2
128 31 25 7 81 54 2
127 48 11 107 46 62 2
100 53 9 98 97 7 2
35 4 45 122 115 49 2
69 33 66 126 58 32 2
126 58 32 51 9 3 2
77 19 7 29 120 42 2
54 83 30 30 113 61 2
56 75 30 68 130 2 2
41 129 48 91 47 16 2
48 12 14 133 122 22 2
133 122 22 80 73 110 2
117 107 3 16 16 30 2
39 119 117 124 74 40 2
101 74 20 73 5 27 2
118 92 119 40 90 18 2
92 8 6 8 49 37 2
31 17 5 27 27 120 2
42 82 110 91 47 16 2
120 71 56 46 97 75 2
89 75 66 111 87 120 2
47 84 68 66 100 101 2
20 72 106 89 75 66 2
102 88 28 11 76 69 2
108 102 59 22 49 66 2
119 81 123 46 97 75 2
129 5 5 74 26 10 2
120 71 56 21 59 103 2
74 26 10 40 90 18 2
113 47 68 90 76 117 2
104 110 89 14 116 18 2
44 5 60 76 68 35 2
80 73 110 25 27 33 2
2 36 112 84 7 94 2
127 48 11 66 100 101 2
53 76 80 38 90 31 2
81 118 86 36 111 51 2
88 8 101 111 87 120 2
57 97 53 67 83 119 2
6 4 23 104 110 89 2
49 65 55 22 49 66 3
95 131 45 125 28 22 3
14 116 18 17 122 53 3
121 106 33 125 28 22 3
33 111 117 105 64 54 3
87 15 46 53 76 80 3
114 19 26 18 79 102 3
78 102 52 60 73 26 3
96 102 51 99 87 59 3
28 109 67 21 59 103 3
44 5 60 63 47 98 3
45 68 89 79 100 89 3
30 113 61 93 44 134 3
12 125 18 134 10 19 4
37 103 123 62 108 31 4
94 40 116 129 5 5 4
133 122 22 58 20 62 5
90 76 117 72 53 60 5
33 111 117 64 23 117 6
53 76 80 97 61 64 6
