142 110 112 2 102 137 1
111 102 137 62 43 144 1
64 73 142 72 16 137 1
84 49 63 132 8 57 1
140 45 109 83 48 106 1
124 124 59 8 8 74 1
65 138 103 57 135 68 1
94 18 57 6 20 39 1
37 122 112 125 103 52 1
97 126 83 63 95 101 1
102 4 66 6 20 39 1
9 139 93 35 125 46 1
60 26 47 15 146 76 1
56 84 104 3 107 24 1
111 102 137 25 69 59 1
13 24 32 118 53 40 1
93 79 43 81 113 121 1
89 136 139 121 70 75 1
105 115 98 54 127 123 1
22 143 77 141 67 48 1
82 143 28 127 100 96 1
5 29 87 111 102 137 1
128 26 46 115 141 91 1
10 127 94 79 6 17 1
19 40 106 23 8 141 1
49 132 113 27 113 97 1
139 13 49 110 110 122 1
12 130 1 73 90 92 1
118 53 40 135 118 86 1
44 123 111 36 95 55 1
46 7 131 82 143 28 1
66 30 81 130 99 30 1
67 52 65 1 105 48 1
86 55 50 134 55 145 1
100 38 10 116 77 72 1
15 146 76 75 102 35 1
39 117 77 33 51 5 1
18 3 131 67 52 65 1
101 46 80 84 49 63 1
46 7 131 146 39 71 1
146 39 71 40 60 121 1
120 137 32 125 103 52 1
93 79 43 137 144 45 1
129 115 47 16 110 91 1
50 5 59 0 77 49 1
18 3 131 100 38 10 1
20 107 139 51 19 120 1
29 114 69 56 84 104 1
41 118 131 12 130 1 1
102 4 66 103 124 38 1
72 16 137 29 114 69 1
136 119 5 90 81 136 1
112 13 99 72 16 137 1
61 69 2 6 20 39 1
87 138 1 58 116 49 1
31 25 132 45 19 108 1
84 49 63 105 115 98 1
97 126 83 89 136 139 1
134 55 145 20 107 139 1
65 138 103 88 109 36 1
112 13 99 43 7 56 1
139 13 49 77 23 62 1
132 8 57 49 132 113 1
12 130 1 17 26 27 1
75 102 35 97 126 83 1
8 8 74 71 36 24 1
114 38 69 86 55 50 1
9 139 93 144 86 107 1
84 49 63 87 138 1 1
118 53 40 5 29 87 1
103 124 38 8 8 74 1
141 67 48 6 20 39 1
17 26 27 128 26 46 1
28 114 140 24 139 86 1
74 119 100 143 29 134 1
37 122 112 54 127 123 1
43 7 56 83 48 106 1
86 55 50 4 92 45 1
100 38 10 122 31 12 1
141 67 48 98 0 60 1
89 136 139 113 116 27 1
112 13 99 41 118 131 1
67 52 65 73 90 92 1
144 86 107 58 116 49 1
82 143 28 83 48 106 2
33 51 5 51 19 120 2
71 36 24 117 105 139 2
12 130 1 58 116 49 2
43 7 56 90 81 136 2
76 143 99 106 111 102 2
129 115 47 69 104 20 2
46 7 131 36 95 55 2
39 117 77 87 138 1 2
34 34 42 117 105 139 2
19 40 106 59 74 49 2
15 146 76 125 103 52 2
130 99 30 18 3 131 2
78 132 146 32 91 126 2
111 102 137 38 7 132 2
102 4 66 10 127 94 2
80 102 70 33 51 5 2
79 6 17 144 86 107 2
72 16 137 96 61 80 2
134 55 145 68 97 70 2
8 8 74 78 132 146 2
37 122 112 31 25 132 2
25 69 59 98 0 60 2
57 135 68 89 136 139 2
131 105 6 9 139 93 2
79 6 17 11 49 139 2
107 122 122 69 104 20 2
19 40 106 112 13 99 2
61 69 2 26 27 43 2
55 84 106 111 102 137 2
99 45 19 16 110 91 2
7 100 53 24 139 86 2
138 35 60 25 69 59 2
35 125 46 93 79 43 2
38 7 132 107 122 122 2
108 126 78 129 115 47 2
0 77 49 89 136 139 3
95 63 12 66 30 81 3
45 19 108 119 66 97 3
76 143 99 138 35 60 3
9 139 93 70 49 116 3
35 125 46 74 119 100 3
7 100 53 40 60 121 3
26 27 43 145 15 85 3
75 102 35 126 66 136 3
141 67 48 91 4 115 3
110 110 122 112 13 99 3
85 124 31 86 55 50 3
98 0 60 53 107 27 3
133 116 129 74 119 100 3
100 38 10 21 118 94 3
96 61 80 123 129 4 3
52 82 34 106 111 102 4
92 129 4 136 119 5 4
26 27 43 142 110 112 4
34 34 42 14 88 18 4
72 16 137 48 39 108 5
42 91 65 145 15 85 5
30 88 132 114 38 69 5
111 102 137 47 138 66 5
122 31 12 109 63 3 5
104 17 42 38 7 132 6
