93 126 44 125 20 124 1
109 71 120 67 66 61 1
136 0 73 129 5 105 1
118 25 100 53 42 96 1
104 42 140 39 94 97 1
43 106 145 69 101 65 1
91 7 51 102 120 143 1
76 36 60 26 11 84 1
31 40 96 27 8 118 1
93 126 44 119 82 20 1
89 41 25 28 58 136 1
99 107 66 21 39 79 1
107 15 39 55 143 17 1
94 117 15 1 145 112 1
32 112 99 54 88 98 1
18 127 139 35 8 127 1
17 145 60 44 136 74 1
145 32 78 138 79 110 1
71 22 3 58 115 107 1
70 123 29 143 5 88 1
95 6 98 66 59 5 1
93 126 44 106 89 78 1
1 145 112 46 75 33 1
24 121 121 115 50 73 1
60 131 53 17 145 60 1
131 110 32 94 117 15 1
78 2 66 10 0 114 1
134 51 94 107 15 39 1
45 103 102 46 75 33 1
23 6 103 71 22 3 1
131 110 32 82 50 107 1
70 123 29 97 16 142 1
64 136 84 67 66 61 1
140 72 0 105 97 129 1
103 46 72 45 103 102 1
20 9 105 1 145 112 1
115 50 73 84 96 116 1
69 101 65 113 104 44 1
127 31 104 5 137 104 1
99 107 66 101 113 79 1
70 123 29 130 74 51 1
88 117 92 28 58 136 1
103 46 72 53 42 96 1
103 46 72 47 136 3 1
72 108 27 30 96 11 1
40 63 97 77 107 19 1
23 6 103 36 128 58 1
5 137 104 118 25 100 1
103 46 72 130 74 51 1
56 117 10 85 66 46 1
142 43 63 50 96 114 1
131 110 32 22 110 78 1
14 96 107 60 131 53 1
80 9 47 102 120 143 1
55 143 17 49 12 3 1
16 56 46 59 54 101 1
125 20 124 134 51 94 1
54 88 98 132 4 34 1
14 96 107 144 109 81 1
84 96 116 96 27 124 1
66 59 5 140 72 0 1
7 47 118 65 54 54 1
80 9 47 85 66 46 1
27 8 118 48 52 122 1
109 71 120 17 145 60 1
93 126 44 8 79 55 1
101 113 79 10 0 114 1
66 59 5 128 109 141 2
31 40 96 103 46 72 2
12 42 143 69 101 65 2
4 126 31 44 136 74 2
41 105 74 112 88 2 2
144 109 81 92 5 61 2
112 88 2 116 141 119 2
126 11 91 9 102 13 2
59 54 101 18 127 139 2
38 128 69 53 42 96 2
144 109 81 47 136 3 2
126 11 91 73 129 82 2
128 109 141 12 42 143 2
81 57 67 9 102 13 2
80 9 47 105 97 129 2
118 25 100 132 4 34 2
12 42 143 78 2 66 2
57 39 111 17 145 60 2
60 131 53 56 117 10 2
139 106 52 114 27 101 2
88 117 92 137 33 37 2
77 107 19 114 27 101 2
50 96 114 76 36 60 2
59 54 101 113 104 44 2
93 126 44 28 58 136 2
101 113 79 120 109 88 2
134 51 94 130 74 51 2
75 101 143 53 42 96 2
29 63 37 79 139 135 2
112 88 2 34 134 10 2
0 94 11 43 106 145 2
66 59 5 117 29 86 2
94 117 15 39 94 97 2
118 25 100 62 17 63 2
14 96 107 51 99 60 2
106 89 78 23 6 103 2
92 5 61 3 6 77 2
61 2 102 114 27 101 2
46 75 33 76 36 60 2
7 47 118 14 96 107 2
109 71 120 29 63 37 2
21 39 79 123 60 82 2
55 143 17 111 6 10 2
100 120 60 112 88 2 2
116 141 119 51 99 60 2
68 95 73 65 54 54 2
110 141 104 135 137 109 2
110 141 104 5 137 104 2
114 27 101 99 107 66 2
81 57 67 115 50 73 2
87 43 27 34 134 10 2
84 96 116 108 64 41 2
52 44 56 42 77 66 2
60 131 53 129 5 105 2
94 117 15 52 44 56 2
65 54 54 96 27 124 3
33 87 74 91 7 51 3
19 58 86 121 145 61 3
56 117 10 83 23 62 3
94 117 15 72 108 27 3
140 72 0 2 118 45 3
15 68 112 35 8 127 3
124 94 110 14 96 107 3
86 144 130 133 55 118 3
81 57 67 133 55 118 3
122 82 16 111 6 10 3
7 47 118 145 32 78 3
63 114 18 73 129 82 3
65 54 54 121 145 61 4
135 137 109 6 135 78 4
44 136 74 74 73 75 4
11 115 72 1 145 112 4
34 134 10 98 12 107 4
138 79 110 13 145 132 4
90 10 35 131 110 32 4
141 72 100 31 40 96 5
25 36 138 122 82 16 5
39 94 97 37 46 26 5
