71 25 96 59 18 88 1
96 65 65 75 56 81 1
5 89 89 24 42 54 1
90 61 97 19 62 94 1
53 85 81 86 36 42 1
30 46 65 39 26 43 1
75 56 81 39 26 43 1
67 1 0 42 0 63 1
77 16 95 50 32 44 1
5 89 89 49 35 69 1
5 89 89 62 92 60 1
23 61 20 97 92 58 1
93 0 53 8 79 58 1
7 65 26 37 55 90 1
47 34 40 69 72 39 1
73 32 76 58 59 23 1
80 56 33 18 90 86 1
64 11 11 14 69 65 1
92 57 61 31 48 39 1
73 32 76 56 29 89 1
11 61 45 85 42 8 1
53 85 81 39 26 43 1
70 89 87 95 90 93 1
9 21 42 34 1 61 1
85 42 8 46 39 52 1
50 32 44 6 59 30 1
34 1 61 93 0 53 1
96 65 65 4 53 77 1
87 20 5 17 4 11 1
59 18 88 83 57 50 1
1 46 25 42 0 63 1
86 36 42 76 86 19 1
73 32 76 12 63 62 1
29 81 37 33 32 64 1
92 57 61 88 67 71 1
56 29 89 38 53 31 1
48 97 12 13 9 50 1
90 61 97 63 45 75 1
49 35 69 19 62 94 1
22 54 17 14 69 65 1
82 58 9 29 81 37 1
11 61 45 17 4 11 1
1 46 25 9 21 42 1
8 79 58 57 62 15 1
62 92 60 69 72 39 1
64 11 11 85 42 8 1
67 1 0 53 85 81 1
24 42 54 67 1 0 1
10 7 71 67 1 0 1
21 98 59 15 45 40 1
25 36 97 22 54 17 1
97 92 58 65 8 85 1
29 81 37 67 1 0 1
40 4 39 47 34 40 1
63 45 75 6 59 30 1
91 76 20 60 10 82 1
72 65 29 3 64 37 1
35 98 42 77 16 95 1
1 46 25 2 57 89 1
3 64 37 67 1 0 1
10 7 71 65 8 85 2
0 68 75 35 98 42 2
48 97 12 0 68 75 2
51 71 17 64 11 11 2
74 19 4 39 26 43 2
36 5 91 11 61 45 2
50 32 44 60 10 82 2
18 90 86 43 43 36 2
36 5 91 74 19 4 2
43 43 36 63 45 75 2
93 0 53 58 59 23 2
8 79 58 26 23 85 2
52 94 49 8 79 58 2
33 32 64 98 41 26 2
27 64 9 70 89 87 2
15 45 40 89 32 73 2
37 55 90 90 61 97 2
21 98 59 59 18 88 2
59 18 88 53 85 81 2
13 9 50 79 98 60 2
55 27 72 31 48 39 2
53 85 81 95 90 93 2
2 57 89 66 85 41 2
55 27 72 72 65 29 2
32 96 97 50 32 44 2
23 61 20 81 26 52 2
19 62 94 61 35 4 2
41 88 65 64 11 11 3
78 80 96 84 85 48 3
68 66 72 40 4 39 3
44 18 81 42 0 63 3
56 29 89 16 82 45 3
78 80 96 0 68 75 3
28 82 57 95 90 93 3
84 85 48 54 85 38 4
13 9 50 45 47 78 4
94 71 76 30 46 65 5
39 26 43 20 84 33 6
