115 24 57 97 112 0 1
115 24 57 67 32 16 1
101 126 116 16 81 113 1
131 42 46 17 99 36 1
92 123 18 8 57 57 1
73 74 129 89 131 43 1
13 12 54 69 65 58 1
11 2 84 121 27 22 1
89 131 43 78 136 40 1
108 101 79 69 65 58 1
15 2 122 18 124 123 1
105 136 77 23 37 58 1
138 95 89 117 99 141 1
114 102 13 5 4 34 1
137 37 79 20 26 52 1
136 52 21 72 106 1 1
94 20 133 133 142 18 1
61 126 9 134 89 13 1
70 0 3 47 42 139 1
85 102 131 94 20 133 1
51 34 113 83 48 128 1
130 110 15 119 79 96 1
7 115 119 1 136 102 1
101 126 116 49 53 43 1
57 56 3 101 126 116 1
50 117 47 19 136 54 1
34 35 91 73 74 129 1
104 101 114 127 48 126 1
98 19 110 117 99 141 1
4 106 53 61 126 9 1
9 86 28 122 55 126 1
33 104 82 76 118 64 1
134 89 13 140 58 83 1
28 117 108 84 129 9 1
7 115 119 120 100 88 1
67 32 16 62 11 41 1
103 104 36 23 37 58 1
99 10 59 62 11 41 1
91 116 82 12 27 79 1
126 93 100 15 2 122 1
33 104 82 7 115 119 1
1 136 102 98 19 110 1
134 89 13 82 104 98 1
138 95 89 110 81 100 1
49 53 43 39 65 134 1
38 99 86 86 31 29 1
131 42 46 0 95 122 1
71 14 103 66 113 82 1
60 64 131 76 118 64 1
50 117 47 95 43 71 1
35 115 58 134 89 13 1
110 81 100 8 57 57 1
86 31 29 64 83 133 1
34 35 91 141 120 130 1
101 126 116 102 65 98 1
34 35 91 13 12 54 1
107 66 13 22 91 107 1
116 4 34 29 126 10 1
114 102 13 54 44 62 2
53 15 75 22 91 107 2
43 63 101 99 10 59 2
7 115 119 134 89 13 2
23 37 58 64 83 133 2
5 4 34 79 60 61 2
33 104 82 56 34 44 2
52 127 132 54 44 62 2
9 86 28 20 26 52 2
15 2 122 91 116 82 2
104 101 114 29 126 10 2
96 138 72 32 64 105 2
91 116 82 130 110 15 2
41 139 117 98 19 110 2
72 106 1 89 131 43 2
85 102 131 120 100 88 2
105 136 77 43 63 101 2
30 124 53 93 80 108 2
31 29 106 21 119 86 2
118 21 126 44 142 132 2
63 54 93 92 123 18 2
93 80 108 13 12 54 2
31 29 106 47 42 139 2
52 127 132 83 48 128 2
39 65 134 10 13 111 2
82 104 98 59 83 23 2
28 117 108 111 121 48 2
58 97 126 130 110 15 2
9 86 28 67 32 16 2
33 104 82 141 120 130 2
48 29 118 141 120 130 2
87 72 41 140 58 83 2
50 117 47 35 115 58 2
139 80 115 101 126 116 2
104 101 114 3 8 11 2
22 91 107 12 27 79 2
15 2 122 138 95 89 2
55 111 74 105 136 77 2
79 60 61 126 93 100 2
90 138 21 98 19 110 2
40 77 135 27 93 131 2
102 65 98 1 136 102 2
88 136 80 61 126 9 2
64 83 133 41 139 117 2
106 36 93 118 21 126 2
59 83 23 29 126 10 2
58 97 126 27 93 131 2
77 141 114 60 64 131 2
74 66 40 53 15 75 2
82 104 98 100 27 3 2
128 39 23 41 139 117 2
40 77 135 2 104 20 2
135 21 0 18 124 123 2
103 104 36 129 40 119 3
136 52 21 47 42 139 3
60 64 131 81 15 123 3
68 71 110 62 11 41 3
78 136 40 142 97 6 3
124 31 21 120 100 88 3
79 60 61 26 18 111 3
36 100 36 137 37 79 3
83 48 128 24 76 45 3
32 64 105 134 89 13 3
22 91 107 71 14 103 3
22 91 107 65 31 72 3
41 139 117 132 11 81 3
26 18 111 111 121 48 3
43 63 101 37 17 93 3
128 39 23 125 60 62 3
48 29 118 75 43 55 3
106 36 93 126 93 100 3
94 20 133 0 95 122 3
25 69 12 119 79 96 3
112 57 4 66 113 82 3
42 53 73 0 95 122 3
32 64 105 113 101 137 3
16 81 113 11 2 84 4
45 7 93 108 101 79 4
46 102 133 54 44 62 4
0 95 122 6 1 51 4
14 11 76 125 60 62 4
80 108 47 71 14 103 4
123 134 123 10 13 111 4
109 23 142 34 35 91 5
