60 1 47 49 79 26 1
5 62 29 68 95 87 1
92 52 74 53 30 82 1
47 35 70 88 44 16 1
62 74 81 2 53 3 1
30 26 70 99 28 52 1
78 13 98 65 103 53 1
76 56 60 0 63 60 1
65 103 53 23 25 13 1
23 25 13 18 4 83 1
100 35 81 7 68 10 1
45 27 57 79 42 42 1
40 11 80 101 15 33 1
77 76 16 66 97 21 1
80 97 88 38 22 27 1
50 60 34 21 103 12 1
35 73 82 62 74 81 1
26 76 25 24 55 73 1
91 30 51 86 65 35 1
96 38 80 26 76 25 1
30 26 70 64 78 93 1
55 12 6 61 54 18 1
85 42 97 92 52 74 1
49 79 26 67 33 99 1
73 13 24 0 63 60 1
33 79 101 9 83 68 1
57 42 15 9 83 68 1
103 98 14 19 102 24 1
48 51 89 28 16 78 1
64 78 93 23 25 13 1
69 53 73 65 103 53 1
33 79 101 54 0 68 1
40 11 80 68 95 87 1
55 12 6 39 23 103 1
93 35 53 64 78 93 1
29 12 79 47 35 70 1
89 84 83 36 11 38 1
33 79 101 79 42 42 1
4 103 57 6 62 68 1
81 55 10 23 25 13 1
56 83 95 58 16 78 1
27 75 18 26 76 25 1
87 4 75 71 62 63 1
96 38 80 3 49 55 1
36 11 38 82 86 7 1
24 55 73 21 103 12 1
32 51 15 50 60 34 1
41 4 93 32 51 15 2
103 98 14 78 13 98 2
89 84 83 5 62 29 2
66 97 21 90 20 18 2
52 49 97 93 35 53 2
50 60 34 76 56 60 2
66 97 21 93 35 53 2
1 56 5 41 4 93 2
38 22 27 93 35 53 2
49 79 26 44 47 68 2
8 84 84 2 53 3 2
71 62 63 51 73 69 2
65 103 53 74 25 44 2
67 33 99 84 89 22 2
91 30 51 53 30 82 2
64 78 93 45 27 57 2
8 84 84 26 76 25 2
16 87 55 14 21 74 2
29 12 79 46 34 75 2
49 79 26 79 42 42 2
44 47 68 83 71 16 2
47 35 70 95 29 26 2
79 42 42 59 100 39 2
26 76 25 78 13 98 2
28 16 78 54 0 68 2
10 16 55 8 84 84 2
65 103 53 89 84 83 2
29 12 79 34 70 86 2
62 74 81 16 87 55 2
15 71 1 61 54 18 2
69 53 73 31 20 102 2
82 86 7 7 68 10 2
91 30 51 23 25 13 2
24 55 73 71 62 63 2
95 29 26 42 69 101 2
20 50 94 95 29 26 2
58 16 78 5 62 29 2
94 25 91 72 3 80 2
12 102 95 15 71 1 2
102 93 82 64 78 93 2
65 103 53 70 99 9 2
51 73 69 11 94 56 2
46 34 75 64 78 93 2
82 86 7 12 102 95 2
16 87 55 4 103 57 2
42 69 101 75 7 103 3
97 50 77 55 12 6 3
29 12 79 13 9 60 3
37 60 86 27 75 18 3
63 74 24 4 103 57 3
98 38 83 30 26 70 3
25 10 98 39 23 103 3
39 23 103 43 24 9 3
66 97 21 22 96 51 4
77 76 16 94 25 91 4
17 80 100 42 69 101 4
