2 4 26 11 17 24 1
35 29 12 12 3 31 1
26 19 27 15 28 23 1
2 4 26 23 13 30 1
2 4 26 27 15 21 1
20 33 26 36 9 24 1
27 15 21 22 14 34 1
34 19 3 5 29 12 1
14 21 13 2 4 26 1
10 19 33 19 37 34 1
9 20 13 18 12 18 1
26 19 27 32 5 35 1
25 13 12 26 19 27 1
7 21 20 15 28 23 1
20 33 26 23 13 30 1
37 10 19 0 14 27 1
37 10 19 30 23 2 1
11 17 24 28 26 12 2
18 12 18 23 13 30 2
34 19 3 31 1 37 2
21 20 33 18 12 18 2
27 15 21 32 5 35 2
17 3 36 28 26 12 2
24 1 22 33 30 0 2
36 9 24 16 35 17 2
13 14 1 36 9 24 2
19 37 34 12 3 31 2
7 21 20 5 29 12 2
37 10 19 16 35 17 2
22 14 34 4 9 11 2
24 1 22 13 14 1 2
1 34 37 7 21 20 2
4 9 11 19 37 34 2
6 35 6 34 19 3 3
3 29 26 28 26 12 4
29 12 28 37 10 19 4
5 29 12 8 37 1 4
