70 90 108 26 67 76 1
83 87 152 44 139 59 1
10 25 4 48 116 34 1
135 167 135 153 91 79 1
5 170 80 25 93 82 1
22 14 129 74 125 61 1
127 103 34 78 60 66 1
56 143 151 163 156 39 1
115 165 161 10 25 4 1
136 17 116 24 109 25 1
17 72 109 38 20 29 1
16 116 139 47 113 2 1
139 141 153 63 57 129 1
124 32 153 20 49 155 1
80 35 77 93 53 133 1
44 139 59 136 17 116 1
96 108 42 10 25 4 1
159 112 3 11 149 99 1
125 28 91 26 67 76 1
139 141 153 117 137 161 1
76 22 140 64 117 63 1
70 90 108 25 93 82 1
155 147 7 124 32 153 1
34 151 171 162 167 80 1
158 17 40 22 14 129 1
72 137 24 161 98 15 1
5 170 80 52 170 149 1
15 22 46 140 84 143 1
115 165 161 20 49 155 1
135 167 135 93 53 133 1
136 17 116 63 57 129 1
29 127 57 171 64 46 1
33 37 15 150 61 53 1
151 47 50 56 143 151 1
125 28 91 98 89 159 1
135 167 135 167 131 90 1
34 151 171 44 139 59 1
81 40 48 100 66 77 1
162 167 80 82 129 105 1
137 140 48 149 32 124 1
148 70 94 164 38 48 1
114 161 48 79 59 147 1
107 98 50 155 147 7 1
30 89 7 81 40 48 1
81 40 48 94 163 162 1
31 57 144 34 151 171 1
144 131 6 107 98 50 1
120 143 20 171 64 46 1
25 93 82 82 129 105 1
22 14 129 135 167 135 1
48 116 34 22 14 129 1
152 160 143 160 64 170 1
84 11 73 153 91 79 1
86 129 94 102 80 48 1
93 53 133 161 98 15 1
109 104 122 60 135 127 1
12 86 61 39 31 38 1
31 57 144 105 129 153 1
156 157 9 16 116 139 1
164 38 48 5 170 80 1
115 165 161 168 162 171 1
65 154 134 18 80 29 1
65 154 134 78 60 66 1
170 97 52 71 82 48 1
60 135 127 1 128 153 1
119 136 162 21 148 79 1
51 154 141 10 25 4 1
151 47 50 117 137 161 1
47 113 2 37 98 91 1
66 63 71 144 131 6 1
116 100 165 63 57 129 1
20 49 155 166 59 147 1
135 167 135 30 89 7 1
47 113 2 79 59 147 1
29 127 57 135 167 135 1
16 116 139 92 17 130 1
38 20 29 72 137 24 1
170 97 52 46 93 64 1
29 127 57 26 67 76 1
28 159 137 143 89 168 1
48 116 34 42 151 111 1
59 44 65 26 67 76 1
153 91 79 67 2 90 1
149 32 124 156 157 9 1
109 104 122 43 95 118 1
147 115 85 53 21 3 1
13 91 25 24 109 25 1
165 61 67 169 66 17 1
161 98 15 95 89 139 1
151 47 50 101 135 54 1
79 59 147 157 99 32 1
38 20 29 39 31 38 1
124 32 153 142 8 157 2
161 98 15 40 40 120 2
153 91 79 122 93 50 2
129 19 22 128 27 25 2
123 62 46 105 129 153 2
124 32 153 43 95 118 2
165 61 67 71 82 48 2
144 131 6 152 160 143 2
24 109 25 55 132 21 2
27 119 89 115 165 161 2
54 151 84 99 42 102 2
170 97 52 25 93 82 2
76 22 140 35 33 106 2
147 115 85 1 128 153 2
141 110 21 58 26 33 2
42 151 111 61 141 153 2
67 2 90 87 46 14 2
26 67 76 133 86 161 2
89 130 151 134 24 104 2
30 89 7 110 122 98 2
45 72 65 107 98 50 2
69 83 52 10 25 4 2
95 89 139 15 22 46 2
153 91 79 150 61 53 2
163 156 39 14 6 46 2
49 98 166 26 67 76 2
136 17 116 130 50 67 2
84 11 73 88 69 26 2
144 131 6 19 21 131 2
3 163 21 91 129 127 2
138 104 8 110 122 98 2
33 37 15 35 33 106 2
5 170 80 47 113 2 2
87 46 14 4 110 74 2
0 168 169 17 72 109 2
50 106 145 99 42 102 2
59 44 65 129 19 22 2
128 27 25 3 163 21 2
26 67 76 73 15 136 2
93 53 133 141 110 21 2
10 25 4 85 55 22 2
108 131 154 126 30 72 2
39 31 38 28 159 137 2
5 170 80 132 42 167 2
122 93 50 159 112 3 2
73 15 136 106 30 119 2
74 125 61 2 117 80 2
45 72 65 78 60 66 2
66 63 71 68 103 67 2
62 160 137 139 141 153 2
59 44 65 118 54 17 2
121 2 143 2 117 80 2
164 38 48 99 42 102 3
95 89 139 36 90 119 3
71 82 48 7 85 102 3
11 149 99 104 38 98 3
131 42 150 57 151 83 3
6 39 15 37 98 91 3
32 13 149 121 2 143 3
49 98 166 134 24 104 3
97 118 118 83 87 152 3
97 118 118 126 30 72 3
123 62 46 86 129 94 3
90 160 100 118 54 17 3
118 54 17 9 113 19 3
41 46 51 151 47 50 3
107 98 50 154 92 81 3
57 151 83 34 151 171 3
23 168 32 33 37 15 3
134 24 104 103 77 52 3
76 22 140 21 148 79 4
146 51 166 126 30 72 4
112 131 6 58 26 33 4
145 90 16 50 106 145 4
136 17 116 113 99 28 4
111 109 43 129 19 22 4
66 63 71 75 161 15 5
8 40 78 157 99 32 5
77 11 7 155 147 7 8
