114 9 86 42 57 13 1
6 13 152 1 166 75 1
150 148 143 57 28 141 1
65 17 37 136 4 43 1
137 108 98 85 166 49 1
0 17 109 160 140 80 1
75 143 68 130 76 160 1
99 89 97 27 56 152 1
140 67 28 145 77 120 1
111 59 6 80 146 103 1
17 66 123 23 91 14 1
56 84 19 41 108 1 1
69 85 128 166 53 135 1
45 142 25 6 13 152 1
162 91 99 114 9 86 1
33 161 154 145 77 120 1
135 40 73 143 166 7 1
102 61 117 141 0 143 1
117 110 147 126 81 161 1
19 19 62 84 78 25 1
24 92 144 108 31 55 1
39 20 10 135 40 73 1
125 58 27 78 28 82 1
45 142 25 35 105 156 1
76 50 81 116 108 88 1
52 21 43 107 156 52 1
136 4 43 19 19 62 1
70 100 24 81 19 147 1
85 166 49 112 65 34 1
140 67 28 12 134 96 1
36 98 12 80 146 103 1
140 67 28 144 92 54 1
99 89 97 85 166 49 1
20 54 132 6 13 152 1
100 96 113 75 143 68 1
101 20 122 13 78 77 1
159 153 22 1 166 75 1
150 148 143 60 127 53 1
109 46 24 153 47 32 1
29 60 89 11 155 92 1
146 3 120 35 105 156 1
59 10 166 78 28 82 1
41 108 1 40 24 60 1
9 161 2 92 155 159 1
97 26 47 50 121 143 1
21 66 17 59 10 166 1
12 134 96 139 166 44 1
133 5 158 33 161 154 1
22 20 122 121 120 56 1
77 117 1 84 78 25 1
162 91 99 82 21 123 1
60 127 53 161 135 29 1
123 57 113 64 23 74 1
0 17 109 105 44 108 1
160 140 80 112 65 34 1
17 66 123 55 166 159 1
50 121 143 53 7 53 1
85 166 49 36 98 12 1
141 0 143 140 67 28 1
49 100 102 109 46 24 1
117 110 147 158 161 133 1
95 80 25 122 142 47 1
12 134 96 98 69 13 1
27 56 152 69 85 128 1
38 75 15 104 152 151 1
6 13 152 131 161 73 1
158 161 133 100 96 113 1
153 47 32 155 64 127 1
122 142 47 140 67 28 1
63 163 40 150 148 143 1
156 117 125 11 155 92 1
77 117 1 3 5 58 2
150 148 143 133 5 158 2
113 127 36 59 10 166 2
78 28 82 54 73 113 2
14 14 101 66 51 152 2
94 150 164 9 161 2 2
1 166 75 77 117 1 2
131 161 73 5 137 83 2
162 91 99 3 5 58 2
118 153 139 46 18 97 2
98 69 13 1 166 75 2
80 146 103 32 141 98 2
27 56 152 72 113 133 2
139 166 44 59 10 166 2
21 66 17 164 25 33 2
57 28 141 157 27 144 2
60 127 53 158 161 133 2
64 23 74 18 100 62 2
158 161 133 48 20 15 2
118 153 139 161 135 29 2
91 87 3 32 141 98 2
91 87 3 153 47 32 2
66 51 152 157 27 144 2
13 78 77 79 34 141 2
102 61 117 55 166 159 2
12 134 96 149 49 25 2
121 120 56 132 26 45 2
30 80 81 112 65 34 2
54 73 113 31 92 30 2
31 92 30 91 87 3 2
58 58 111 32 141 98 2
43 53 42 123 57 113 2
74 9 20 68 91 123 2
85 166 49 121 120 56 2
8 159 78 7 5 149 2
64 23 74 60 127 53 2
66 51 152 103 119 68 2
88 7 92 44 46 151 2
58 58 111 154 81 111 2
165 127 140 34 121 2 2
52 21 43 53 7 53 2
156 117 125 50 121 143 2
87 141 28 0 17 109 2
48 20 15 79 34 141 2
134 139 145 7 5 149 2
89 78 129 70 100 24 2
4 136 26 76 50 81 2
83 1 144 38 75 15 2
67 5 30 138 152 52 2
143 166 7 154 81 111 2
62 35 57 29 60 89 2
8 159 78 83 1 144 2
11 155 92 58 58 111 2
42 57 13 89 78 129 2
131 161 73 34 121 2 2
60 127 53 90 153 8 2
30 80 81 9 161 2 2
26 107 126 154 81 111 2
110 141 103 0 17 109 2
74 9 20 81 19 147 3
150 148 143 16 137 119 3
56 84 19 45 142 25 3
103 119 68 128 5 124 3
138 152 52 99 89 97 3
51 115 50 59 10 166 3
14 14 101 129 148 122 3
135 40 73 37 24 36 3
163 105 89 28 24 34 3
59 10 166 61 56 56 3
95 80 25 76 50 81 3
38 75 15 46 18 97 3
106 59 68 27 56 152 3
148 70 96 19 19 62 3
151 80 10 95 80 25 3
54 73 113 108 31 55 3
64 23 74 96 89 103 3
144 92 54 120 13 76 3
127 50 40 39 20 10 3
88 7 92 123 57 113 3
133 5 158 124 81 107 3
71 164 60 117 110 147 3
86 144 111 91 87 3 3
142 81 52 51 115 50 4
38 75 15 2 98 124 4
105 44 108 25 113 108 4
91 87 3 119 52 57 4
163 105 89 48 20 15 4
93 98 132 91 87 3 4
47 124 154 3 5 58 4
126 81 161 15 78 94 4
10 137 162 139 166 44 5
152 49 46 23 91 14 5
73 150 78 56 84 19 5
75 143 68 147 153 153 7
108 31 55 115 110 147 7
