131 137 94 133 143 40 1
89 33 138 49 119 98 1
127 110 105 59 65 64 1
114 67 33 115 108 116 1
8 23 54 55 115 10 1
49 119 98 32 93 34 1
65 70 122 101 2 77 1
65 70 122 48 19 88 1
84 70 89 129 76 134 1
45 141 88 69 112 13 1
74 92 112 80 55 138 1
67 14 82 90 19 87 1
1 62 130 91 0 88 1
10 147 18 51 127 32 1
60 142 98 57 96 89 1
143 92 16 72 29 34 1
93 123 86 41 124 75 1
97 24 40 45 141 88 1
8 23 54 35 110 124 1
45 141 88 51 127 32 1
81 82 65 87 84 13 1
117 8 122 38 78 41 1
63 96 89 106 108 132 1
92 44 33 143 92 16 1
71 67 64 74 92 112 1
68 71 54 78 61 119 1
81 82 65 108 70 68 1
125 128 72 118 114 94 1
18 142 143 93 123 86 1
122 57 68 124 83 106 1
38 78 41 29 0 98 1
103 11 62 139 13 18 1
67 14 82 83 44 85 1
101 2 77 37 46 26 1
94 87 129 133 143 40 1
104 102 119 72 29 34 1
137 4 111 58 12 108 1
120 118 138 117 8 122 1
99 128 147 140 71 61 1
31 14 78 108 70 68 1
107 47 145 144 16 28 1
12 89 76 82 77 19 1
109 133 52 140 71 61 1
147 114 56 111 34 57 1
106 108 132 73 75 68 1
141 144 59 113 137 125 1
77 129 16 66 118 45 1
87 84 13 2 49 31 1
140 71 61 121 137 139 1
118 114 94 114 67 33 1
140 71 61 92 44 33 1
112 11 75 94 87 129 1
117 8 122 137 4 111 1
29 0 98 15 83 6 1
88 77 59 40 52 124 1
104 102 119 29 0 98 1
23 123 71 55 115 10 1
14 5 103 34 39 12 1
107 47 145 51 127 32 1
53 112 99 135 39 132 1
52 53 43 134 10 30 1
50 25 129 92 44 33 1
10 147 18 42 44 109 2
33 145 45 127 110 105 2
11 4 49 81 82 65 2
95 116 101 23 123 71 2
119 55 113 87 84 13 2
99 128 147 133 143 40 2
77 129 16 94 87 129 2
80 55 138 144 16 28 2
40 52 124 76 98 45 2
30 65 16 115 108 116 2
15 83 6 95 116 101 2
138 139 47 101 2 77 2
73 75 68 4 76 22 2
90 19 87 30 65 16 2
128 0 98 126 115 30 2
45 141 88 29 0 98 2
1 62 130 107 47 145 2
128 0 98 107 47 145 2
92 44 33 79 128 129 2
141 144 59 105 32 59 2
106 108 132 93 123 86 2
117 8 122 28 14 62 2
44 139 132 48 19 88 2
65 70 122 24 93 9 2
7 100 143 134 10 30 2
11 4 49 107 47 145 2
33 145 45 9 59 113 2
138 139 47 52 53 43 2
116 88 69 115 108 116 2
54 22 7 17 24 146 2
143 92 16 53 112 99 2
106 108 132 45 141 88 2
114 67 33 98 47 103 2
137 4 111 101 2 77 2
110 84 59 38 78 41 2
36 59 8 69 112 13 2
109 133 52 82 77 19 2
86 100 139 124 83 106 2
40 52 124 105 32 59 2
67 14 82 56 121 80 2
98 47 103 59 65 64 2
9 59 113 93 123 86 2
57 96 89 99 128 147 2
47 67 71 92 44 33 2
87 84 13 132 43 27 2
16 143 136 103 11 62 2
3 53 35 19 133 69 2
43 101 70 141 144 59 2
37 46 26 62 9 117 2
99 128 147 21 12 61 2
13 90 20 40 52 124 2
75 61 80 130 82 121 2
14 5 103 38 78 41 2
72 29 34 75 61 80 2
14 5 103 147 114 56 2
124 83 106 11 4 49 3
77 129 16 17 24 146 3
52 53 43 19 133 69 3
82 77 19 13 90 20 3
89 33 138 16 143 136 3
60 142 98 0 90 95 3
16 143 136 8 23 54 3
93 123 86 142 84 70 3
39 97 106 127 110 105 3
20 141 87 105 32 59 3
27 111 37 11 4 49 3
6 47 111 83 44 85 3
64 50 55 120 118 138 3
5 16 49 138 139 47 3
146 122 102 120 118 138 3
88 77 59 102 136 95 3
26 56 112 130 82 121 3
30 65 16 85 109 123 3
129 76 134 71 67 64 3
100 89 108 73 75 68 3
68 71 54 80 55 138 4
122 57 68 145 73 53 4
96 33 4 43 101 70 4
120 118 138 61 36 65 4
41 124 75 22 14 139 4
33 145 45 70 129 30 4
41 124 75 123 9 1 5
71 67 64 136 78 18 5
131 137 94 46 47 79 6
25 68 78 40 52 124 7
