69 69 52 36 43 78 1
21 51 1 11 22 60 1
87 93 35 77 19 43 1
79 54 82 11 22 60 1
13 75 73 31 64 31 1
53 90 42 96 92 64 1
100 17 103 24 91 95 1
100 17 103 57 89 20 1
57 89 20 92 14 55 1
58 72 49 70 56 37 1
28 87 21 18 18 86 1
1 28 5 61 28 99 1
1 28 5 94 97 13 1
52 92 99 42 99 51 1
5 104 12 56 6 101 1
19 21 10 80 97 53 1
3 65 2 48 90 27 1
86 103 99 74 63 33 1
85 1 28 34 56 76 1
27 30 64 36 43 78 1
84 55 21 31 64 31 1
36 43 78 52 92 99 1
28 87 21 101 76 105 1
48 90 27 87 93 35 1
52 92 99 31 64 31 1
45 79 40 40 93 68 1
81 88 91 88 66 104 1
10 67 72 69 69 52 1
3 65 2 27 30 64 1
33 13 66 83 29 22 1
34 56 76 59 34 83 1
61 28 99 26 100 105 1
60 80 78 69 69 52 1
94 97 13 58 72 49 1
65 91 55 18 18 86 1
65 91 55 81 88 91 1
42 99 51 58 72 49 1
2 39 1 24 91 95 1
46 16 89 0 62 55 1
49 82 83 97 105 74 1
73 61 4 104 69 68 1
6 88 57 53 90 42 1
2 39 1 29 94 63 1
53 90 42 38 20 0 1
98 82 41 88 66 104 1
45 79 40 43 68 30 1
99 68 92 28 87 21 1
11 22 60 73 61 4 2
68 57 73 60 80 78 2
5 104 12 72 89 63 2
39 55 84 38 20 0 2
104 69 68 56 6 101 2
90 65 60 9 13 52 2
90 65 60 101 76 105 2
16 91 83 36 43 78 2
87 93 35 12 54 42 2
46 16 89 36 43 78 2
20 66 49 71 74 57 2
53 90 42 9 13 52 2
30 58 42 62 41 40 2
17 83 98 52 92 99 2
29 94 63 13 75 73 2
56 6 101 80 97 53 2
43 68 30 104 69 68 2
104 69 68 70 56 37 2
79 54 82 32 3 57 2
35 19 88 2 39 1 2
64 60 28 95 0 77 2
30 58 42 103 15 85 2
104 69 68 85 1 28 2
80 97 53 102 39 40 2
29 94 63 83 29 22 2
96 92 64 46 16 89 2
91 26 56 12 54 42 2
33 13 66 76 62 1 2
54 1 74 27 30 64 2
60 80 78 30 58 42 2
36 43 78 41 77 92 2
52 92 99 8 27 94 2
75 100 24 35 19 88 2
97 105 74 98 82 41 2
23 74 92 13 75 73 2
105 32 102 67 36 45 2
65 91 55 44 84 101 2
82 40 61 19 21 10 2
14 58 86 68 57 73 2
74 63 33 23 74 92 2
56 6 101 20 66 49 2
55 15 61 69 69 52 2
64 60 28 93 87 32 2
90 65 60 89 43 83 3
45 79 40 67 36 45 3
99 68 92 22 0 28 3
66 105 65 41 77 92 3
4 28 90 60 80 78 3
93 87 32 10 67 72 3
51 91 3 52 92 99 3
82 40 61 63 19 103 3
37 77 3 3 65 2 3
36 43 78 15 64 11 3
50 77 33 21 51 1 3
25 4 91 86 103 99 4
61 28 99 78 8 0 5
90 65 60 47 96 7 5
76 62 1 7 16 99 6
