123 118 142 83 91 2 1
135 90 110 102 52 142 1
51 113 83 135 90 110 1
102 52 142 33 122 115 1
24 59 95 118 120 28 1
29 33 132 59 106 114 1
90 85 122 102 52 142 1
69 107 88 39 44 75 1
70 139 52 131 137 16 1
75 20 96 28 72 32 1
39 44 75 134 121 97 1
138 148 125 38 145 72 1
106 149 28 17 150 63 1
17 150 63 100 15 0 1
11 144 66 148 5 103 1
13 58 39 38 145 72 1
116 140 88 22 69 20 1
103 33 5 53 133 149 1
3 117 40 15 126 151 1
141 135 48 105 48 12 1
138 148 125 94 84 8 1
70 139 52 109 81 98 1
110 13 53 12 119 129 1
109 81 98 55 30 61 1
126 11 142 123 118 142 1
139 144 90 61 100 60 1
147 87 10 60 151 79 1
19 100 135 74 85 2 1
70 139 52 133 15 30 1
73 60 149 7 86 34 1
79 112 77 31 98 82 1
145 145 133 7 86 34 1
63 98 44 105 48 12 1
67 24 73 0 143 65 1
152 5 120 8 127 107 1
148 5 103 129 25 47 1
36 94 133 74 85 2 1
39 44 75 140 145 128 1
140 145 128 109 81 98 1
46 147 81 32 144 98 1
86 123 11 22 69 20 1
136 38 35 16 114 59 1
68 52 131 109 81 98 1
42 64 66 61 100 60 1
75 20 96 67 24 73 1
9 10 53 130 48 27 1
147 87 10 137 146 37 1
96 135 76 84 124 44 1
149 0 36 107 47 124 1
147 87 10 78 91 149 1
17 150 63 37 141 109 1
15 126 151 29 33 132 1
97 96 14 5 80 21 1
28 72 32 31 98 82 1
85 93 85 31 98 82 1
45 15 33 108 106 90 1
45 15 33 75 20 96 1
10 52 138 143 6 151 1
98 92 8 151 29 127 1
0 143 65 50 133 111 1
5 80 21 111 33 114 1
46 147 81 120 144 113 1
26 89 65 37 141 109 1
66 87 58 9 10 53 1
71 102 31 142 128 116 1
116 140 88 47 37 21 1
127 35 112 120 144 113 1
127 35 112 117 95 108 1
140 145 128 99 118 57 1
27 85 27 1 15 138 1
6 40 23 107 47 124 1
101 18 89 87 116 16 1
38 145 72 89 104 130 1
81 81 79 109 81 98 1
134 121 97 113 102 22 1
130 48 27 121 40 16 1
1 15 138 139 144 90 1
148 5 103 99 118 57 1
110 13 53 13 58 39 1
16 114 59 61 100 60 1
94 84 8 9 10 53 1
93 82 142 122 2 56 1
75 20 96 128 43 12 1
106 149 28 13 58 39 1
30 50 79 9 10 53 1
31 98 82 99 118 57 1
83 91 2 11 144 66 1
47 37 21 132 53 14 1
124 90 103 62 105 141 1
131 137 16 118 120 28 1
114 148 45 120 144 113 1
40 151 136 108 106 90 1
114 148 45 1 15 138 1
120 144 113 119 29 9 1
136 38 35 58 28 65 1
152 5 120 31 98 82 1
123 118 142 89 104 130 1
53 133 149 87 116 16 1
41 101 18 124 90 103 1
55 30 61 135 90 110 2
127 35 112 143 6 151 2
121 40 16 104 24 114 2
113 102 22 101 18 89 2
31 98 82 32 144 98 2
137 146 37 151 29 127 2
80 20 146 140 145 128 2
73 60 149 98 92 8 2
62 105 141 9 10 53 2
119 29 9 57 37 52 2
12 119 129 34 145 2 2
12 119 129 122 2 56 2
116 140 88 141 135 48 2
114 148 45 71 102 31 2
113 102 22 5 80 21 2
23 69 110 21 5 112 2
110 13 53 23 69 110 2
65 112 96 145 145 133 2
95 141 106 110 13 53 2
50 133 111 2 142 27 2
91 132 144 133 15 30 2
137 146 37 88 110 123 2
99 118 57 77 69 57 2
31 98 82 78 91 149 2
52 142 51 81 81 79 2
132 53 14 101 18 89 2
36 94 133 81 81 79 2
59 106 114 58 28 65 2
23 69 110 20 10 128 2
73 60 149 72 115 137 2
46 147 81 56 96 91 2
96 135 76 34 145 2 2
131 137 16 25 122 66 2
116 140 88 144 17 80 2
18 38 101 94 84 8 3
43 85 133 37 141 109 3
112 126 123 103 33 5 3
140 145 128 76 10 142 3
134 121 97 44 1 151 3
67 24 73 92 48 55 3
137 146 37 115 36 42 3
48 91 126 33 122 115 3
6 40 23 37 141 109 3
0 143 65 49 55 110 3
106 149 28 54 77 71 3
127 35 112 64 118 58 3
107 47 124 82 98 80 3
35 4 79 52 142 51 3
146 9 107 142 128 116 3
70 139 52 14 138 101 4
30 50 79 125 12 6 5
143 6 151 150 119 141 5
4 69 82 49 55 110 5
