55 153 9 93 130 125 1
183 50 120 168 68 51 1
131 129 49 177 120 157 1
32 68 143 106 172 185 1
115 173 147 147 36 44 1
163 120 149 35 14 151 1
70 29 11 11 88 88 1
64 59 54 177 120 157 1
32 68 143 117 115 114 1
76 125 50 30 78 80 1
56 101 24 11 88 88 1
166 39 157 103 181 65 1
76 125 50 173 6 31 1
101 11 64 0 129 163 1
64 59 54 174 172 45 1
110 118 123 34 80 159 1
118 53 127 79 145 60 1
114 190 122 60 117 167 1
54 25 168 39 53 159 1
38 90 191 57 121 178 1
76 125 50 33 21 87 1
101 11 64 178 139 112 1
48 144 119 46 92 42 1
103 181 65 63 0 68 1
67 132 139 51 138 174 1
104 185 140 141 94 28 1
126 102 134 66 187 98 1
3 9 184 177 120 157 1
138 134 1 173 6 31 1
49 23 61 22 82 64 1
38 90 191 171 123 145 1
181 67 50 117 115 114 1
108 31 17 41 46 39 1
87 31 113 11 88 88 1
183 50 120 83 89 58 1
100 185 185 84 112 80 1
136 124 192 177 120 157 1
0 129 163 3 9 184 1
185 141 35 176 37 178 1
77 10 111 171 123 145 1
161 187 93 129 77 99 1
21 10 74 65 146 131 1
158 80 11 50 53 142 1
88 134 83 103 181 65 1
95 73 4 162 102 191 1
98 155 52 162 102 191 1
87 31 113 148 7 109 1
11 88 88 191 161 106 1
10 137 4 156 39 23 1
141 94 28 144 166 21 1
66 187 98 149 8 182 1
97 117 87 176 37 178 1
171 123 145 20 162 33 1
151 142 128 135 68 167 1
87 31 113 81 11 147 1
48 144 119 43 68 159 1
94 18 137 0 129 163 1
38 90 191 10 137 4 1
33 21 87 63 0 68 1
175 153 144 83 89 58 1
120 129 91 184 190 64 1
79 145 60 17 113 163 1
21 10 74 134 157 134 1
150 49 179 23 30 135 1
63 0 68 137 63 129 1
75 174 122 149 8 182 1
86 176 165 162 102 191 1
66 187 98 26 24 44 1
27 184 177 163 120 149 1
165 83 65 46 92 42 1
179 129 100 178 139 112 1
134 157 134 53 183 189 1
126 102 134 79 145 60 1
35 14 151 105 60 104 1
53 183 189 122 100 115 1
172 80 45 108 31 17 1
151 142 128 122 100 115 1
121 74 117 135 68 167 1
11 88 88 188 147 72 1
83 89 58 92 98 175 1
133 3 38 106 172 185 1
21 10 74 17 113 163 1
74 57 182 31 119 63 1
122 100 115 8 175 10 1
32 68 143 183 50 120 1
134 157 134 175 153 144 1
129 77 99 157 141 159 1
16 33 35 177 120 157 1
73 53 110 53 183 189 1
22 82 64 182 183 153 1
78 185 122 114 190 122 1
131 129 49 51 138 174 1
128 17 148 12 0 169 2
168 68 51 127 13 39 2
77 10 111 167 180 32 2
31 119 63 65 146 131 2
25 138 29 80 109 178 2
12 0 169 77 10 111 2
76 125 50 50 53 142 2
25 138 29 99 93 91 2
43 68 159 137 63 129 2
153 49 142 83 89 58 2
34 80 159 121 74 117 2
171 123 145 95 73 4 2
181 67 50 57 121 178 2
184 190 64 169 183 157 2
89 126 158 126 102 134 2
19 8 122 11 88 88 2
164 84 80 6 29 124 2
66 187 98 148 7 109 2
63 0 68 168 68 51 2
39 53 159 44 135 62 2
10 137 4 159 46 141 2
4 185 131 161 187 93 2
35 14 151 155 148 1 2
84 112 80 68 70 59 2
84 112 80 146 173 82 2
169 183 157 70 29 11 2
1 153 1 93 130 125 2
88 134 83 69 13 180 2
143 44 12 64 59 54 2
137 63 129 116 177 174 2
131 129 49 192 15 69 2
23 30 135 24 99 12 2
113 66 57 126 102 134 2
148 7 109 29 111 126 2
147 36 44 54 25 168 2
187 86 45 121 74 117 2
113 66 57 25 138 29 2
59 43 160 126 102 134 2
167 180 32 36 132 119 2
4 185 131 158 80 11 2
61 89 101 60 117 167 2
103 181 65 125 68 140 2
74 57 182 55 153 9 2
178 139 112 25 138 29 2
92 98 175 45 166 58 2
95 73 4 104 185 140 2
142 124 62 106 172 185 2
152 128 86 81 11 147 2
188 147 72 105 60 104 2
58 129 76 67 132 139 2
20 162 33 6 29 124 2
44 135 62 165 83 65 2
41 46 39 30 78 80 2
52 160 147 72 192 4 2
77 10 111 119 185 170 2
61 89 101 179 129 100 2
99 93 91 139 154 118 2
64 59 54 124 133 49 2
71 83 58 143 44 12 2
134 157 134 130 48 31 2
23 30 135 61 89 101 2
116 177 174 140 68 178 2
13 34 104 180 4 87 2
121 74 117 97 117 87 2
109 71 146 91 149 82 2
2 33 13 173 6 31 2
79 145 60 13 34 104 2
14 189 56 177 120 157 2
117 115 114 146 173 82 2
1 153 1 160 35 101 3
152 128 86 190 175 54 3
145 19 158 112 153 124 3
18 67 111 117 115 114 3
169 183 157 47 48 119 3
16 33 35 7 112 60 3
88 134 83 42 60 123 3
62 142 16 40 31 76 3
154 76 130 108 31 17 3
90 7 4 161 187 93 3
176 37 178 40 31 76 3
95 73 4 189 95 134 3
22 82 64 191 161 106 3
63 0 68 52 160 147 3
96 43 44 68 70 59 3
91 149 82 191 161 106 3
9 2 140 139 154 118 3
83 89 58 82 110 20 3
107 190 51 146 173 82 3
15 123 83 13 34 104 3
136 124 192 28 127 66 3
29 111 126 37 172 50 3
106 172 185 102 190 113 3
123 192 120 192 15 69 3
145 19 158 81 11 147 4
149 8 182 5 24 161 4
111 72 44 168 68 51 4
85 47 26 46 92 42 4
186 88 186 93 130 125 5
170 138 124 86 176 165 5
132 18 92 56 101 24 6
