81 13 51 9 23 56 1
78 46 10 53 33 49 1
37 31 22 39 50 56 1
35 22 25 22 11 25 1
21 31 32 23 11 3 1
6 55 52 58 5 60 1
34 81 21 55 0 82 1
62 71 20 26 33 6 1
0 47 16 14 30 37 1
59 24 25 75 66 54 1
55 0 82 64 68 51 1
12 7 53 71 64 80 1
63 4 66 78 46 10 1
20 0 82 6 55 52 1
73 68 13 19 3 60 1
82 49 79 77 48 49 1
46 62 69 27 20 67 1
55 0 82 10 34 33 1
41 79 11 33 78 15 1
0 47 16 25 6 48 1
28 77 82 19 3 60 1
77 48 49 52 33 28 1
27 20 67 81 13 51 1
26 33 6 80 58 81 1
68 20 39 77 48 49 1
73 68 13 1 51 77 1
34 81 21 30 4 82 1
11 78 9 32 50 28 1
64 68 51 76 64 30 1
77 48 49 31 53 67 1
12 7 53 82 49 79 2
2 64 24 35 22 25 2
14 30 37 76 64 30 2
79 13 47 52 33 28 2
4 13 82 37 31 22 2
27 20 67 77 48 49 2
68 20 39 57 48 32 2
9 23 56 18 78 68 2
21 31 32 26 33 6 2
13 61 38 52 33 28 2
13 61 38 80 58 81 2
67 79 30 11 78 9 2
66 48 32 61 67 72 2
41 79 11 38 62 7 2
1 51 77 51 57 17 2
3 26 10 35 22 25 2
24 5 57 58 5 60 2
82 49 79 1 51 77 2
75 66 54 25 6 48 2
49 11 74 32 50 28 2
61 67 72 50 6 55 2
79 13 47 74 28 53 2
53 33 49 60 4 8 2
12 7 53 32 50 28 2
60 4 8 77 48 49 2
2 64 24 56 41 59 2
7 24 30 16 4 73 2
59 24 25 50 6 55 2
2 64 24 20 0 82 2
10 34 33 73 68 13 2
71 64 80 3 26 10 2
39 50 56 21 31 32 2
57 48 32 72 24 39 2
7 24 30 8 2 45 2
44 13 75 36 34 39 2
33 78 15 20 0 82 3
27 20 67 40 77 73 3
44 13 75 47 11 3 3
29 66 18 30 4 82 3
28 77 82 15 19 59 3
17 7 35 70 6 11 3
40 77 73 17 7 35 3
63 4 66 44 13 75 3
7 24 30 3 26 10 3
56 41 59 69 29 57 3
59 24 25 42 75 47 4
40 77 73 48 57 0 4
65 56 68 72 24 39 4
4 13 82 43 61 16 4
60 4 8 5 7 76 5
21 31 32 45 76 61 5
30 4 82 54 14 34 5
