35 11 9 26 6 27 1
5 31 4 7 14 4 1
14 26 27 3 11 19 1
18 4 15 22 38 13 1
26 6 27 21 10 7 1
17 3 19 14 26 27 1
21 10 7 5 31 4 1
28 34 17 29 8 37 1
2 32 8 5 31 4 1
21 10 7 14 26 27 1
15 1 34 26 6 27 1
30 15 26 4 13 22 1
9 9 31 1 29 17 1
19 1 38 30 15 26 1
29 8 37 8 12 36 1
31 18 1 16 22 31 1
0 33 35 14 26 27 1
13 30 16 27 20 21 1
1 29 17 12 13 32 1
10 35 19 25 27 36 1
32 5 2 18 4 15 1
14 26 27 11 1 3 1
22 38 13 25 27 36 1
19 1 38 27 20 21 2
11 1 3 36 27 35 2
23 19 14 35 11 9 2
27 20 21 36 27 35 2
31 18 1 26 6 27 2
32 5 2 7 14 4 2
1 29 17 36 27 35 2
34 11 23 20 34 24 2
29 8 37 1 29 17 3
20 34 24 33 20 7 3
34 11 23 38 39 6 3
21 10 7 20 34 24 3
39 16 25 28 34 17 3
3 11 19 24 34 2 3
6 34 22 5 31 4 5
31 18 1 37 32 18 5
