25 59 79 41 86 43 1
53 23 62 60 87 67 1
76 29 1 73 33 23 1
50 35 16 0 45 87 1
5 39 46 27 47 37 1
33 19 61 68 4 3 1
53 23 62 77 25 80 1
26 77 35 59 11 19 1
81 88 26 17 67 4 1
0 45 87 2 46 44 1
31 19 49 0 45 87 1
82 89 24 4 9 67 1
34 89 62 80 28 53 1
59 11 19 38 21 20 1
34 89 62 73 33 23 1
57 25 28 52 70 39 1
71 10 81 61 67 36 1
43 29 44 4 9 67 1
64 10 46 30 3 35 1
82 89 24 54 48 38 1
83 68 76 47 5 81 1
74 47 29 27 47 37 1
4 9 67 55 88 50 1
29 57 13 43 29 44 1
78 41 17 83 68 76 1
88 56 26 26 77 35 1
42 53 57 68 4 3 1
83 68 76 50 35 16 1
42 53 57 24 18 18 1
1 74 50 39 10 73 1
77 25 80 52 70 39 1
85 6 10 8 77 84 1
74 47 29 84 62 61 1
27 47 37 42 53 57 1
84 62 61 11 74 66 1
64 10 46 83 68 76 1
60 87 67 78 41 17 1
10 28 73 73 33 23 1
4 9 67 37 67 73 1
81 88 26 32 9 88 1
81 88 26 56 4 55 1
71 10 81 21 26 11 1
2 46 44 25 59 79 1
86 79 5 64 10 46 1
37 67 73 36 13 1 1
47 5 81 1 74 50 1
19 88 80 66 28 86 1
12 44 81 86 79 5 2
48 82 71 37 67 73 2
75 63 2 54 48 38 2
20 71 56 0 45 87 2
20 71 56 48 82 71 2
41 86 43 23 38 10 2
75 63 2 22 0 1 2
74 47 29 67 58 79 2
59 11 19 64 10 46 2
87 12 25 39 10 73 2
44 47 53 81 88 26 2
35 78 18 81 88 26 2
52 70 39 72 70 23 2
64 10 46 11 74 66 2
65 4 62 80 28 53 2
45 13 4 21 26 11 2
87 12 25 6 34 77 2
0 45 87 40 75 34 2
58 4 13 13 44 16 2
77 25 80 8 77 84 2
32 9 88 12 44 81 2
70 87 80 39 10 73 2
51 85 21 50 35 16 2
67 58 79 7 27 80 2
58 4 13 36 13 1 2
57 25 28 3 45 61 2
16 25 68 42 53 57 2
30 3 35 28 51 32 2
71 10 81 89 79 41 2
79 12 71 12 44 81 2
23 38 10 45 13 4 2
66 28 86 15 6 73 2
18 84 14 54 48 38 2
57 25 28 76 29 1 3
62 33 58 59 11 19 3
8 77 84 46 86 52 3
24 18 18 66 28 86 3
88 56 26 63 8 82 3
14 64 18 6 34 77 4
69 63 19 20 71 56 4
49 59 48 22 0 1 5
9 6 84 84 62 61 5
