69 49 93 56 61 55 1
71 7 34 109 51 44 1
106 8 10 63 29 42 1
12 97 27 51 110 58 1
101 77 73 52 4 81 1
113 69 94 67 77 28 1
14 81 33 7 103 64 1
96 33 97 114 62 29 1
18 62 17 37 20 115 1
102 31 108 81 77 95 1
76 19 115 112 90 88 1
73 94 34 78 111 91 1
116 72 41 24 89 30 1
19 31 22 43 84 43 1
31 54 37 33 70 13 1
82 65 10 113 69 94 1
88 46 68 64 93 65 1
53 73 88 41 23 24 1
54 114 83 24 89 30 1
16 53 19 106 8 10 1
99 40 92 49 114 59 1
104 14 59 59 33 9 1
100 41 2 83 49 1 1
6 97 88 90 21 105 1
110 73 81 39 39 57 1
109 51 44 53 73 88 1
78 111 91 39 39 57 1
12 97 27 112 90 88 1
111 43 81 94 71 102 1
6 97 88 58 109 30 1
20 29 99 48 39 65 1
92 50 6 84 96 66 1
74 16 106 63 29 42 1
48 39 65 93 20 69 1
48 39 65 89 109 52 1
91 26 56 70 30 99 1
85 82 25 27 89 95 1
5 13 43 18 62 17 1
78 111 91 18 62 17 1
105 27 45 59 33 9 1
58 109 30 25 81 23 1
43 84 43 82 65 10 1
41 23 24 43 84 43 1
19 31 22 103 91 68 1
57 12 93 94 71 102 1
13 79 28 64 93 65 1
60 35 28 16 53 19 1
2 34 79 112 90 88 1
93 20 69 73 94 34 1
92 50 6 0 88 78 1
13 79 28 94 71 102 1
63 29 42 101 77 73 2
99 40 92 32 1 94 2
112 90 88 21 102 31 2
32 1 94 60 35 28 2
48 39 65 92 50 6 2
114 62 29 53 73 88 2
89 109 52 55 77 30 2
75 59 4 18 62 17 2
103 91 68 105 27 45 2
61 32 60 99 40 92 2
37 20 115 46 74 27 2
42 26 12 24 89 30 2
107 37 78 63 29 42 2
88 46 68 52 4 81 2
69 49 93 55 77 30 2
110 73 81 16 53 19 2
93 20 69 4 48 89 2
88 46 68 1 40 105 2
59 33 9 32 1 94 2
26 35 110 63 29 42 2
76 19 115 90 21 105 2
55 77 30 31 54 37 2
58 109 30 52 4 81 2
45 47 25 28 35 45 2
105 27 45 10 86 92 2
7 103 64 72 20 109 2
12 97 27 72 20 109 2
112 90 88 34 29 15 2
4 48 89 115 31 13 2
86 114 85 31 54 37 2
52 4 81 54 114 83 2
27 89 95 71 7 34 2
70 30 99 2 34 79 2
29 39 0 116 72 41 2
67 77 28 15 25 32 2
100 41 2 33 70 13 2
92 50 6 108 100 98 2
0 88 78 80 28 81 2
44 16 7 68 71 105 3
70 30 99 77 105 14 3
87 116 44 1 40 105 3
6 97 88 44 16 7 3
107 37 78 22 12 46 3
74 16 106 45 47 25 3
102 31 108 9 99 56 3
64 93 65 35 60 99 3
23 113 70 52 4 81 3
98 72 2 13 79 28 3
87 116 44 50 7 101 3
93 20 69 38 53 33 3
95 55 105 19 31 22 3
40 107 104 46 74 27 3
87 116 44 62 39 101 3
107 37 78 8 19 61 3
9 99 56 57 12 93 3
43 84 43 97 100 61 3
47 9 11 27 89 95 4
36 110 20 72 20 109 4
106 8 10 66 97 82 4
113 69 94 30 42 16 4
79 107 95 101 77 73 4
14 81 33 11 109 0 4
23 113 70 17 55 5 5
106 8 10 3 93 40 5
2 34 79 65 37 27 6
