66 22 60 63 27 31 1
55 56 18 33 18 61 1
54 53 39 44 53 8 1
67 36 68 61 20 8 1
15 47 13 45 2 27 1
24 21 16 6 19 19 1
4 5 64 16 36 45 1
48 26 28 49 30 3 1
25 61 2 14 0 21 1
68 46 40 20 46 49 1
15 47 13 47 67 64 1
62 35 29 14 0 21 1
30 47 64 32 63 13 1
10 50 25 29 11 61 1
49 30 3 41 16 19 1
15 47 13 12 59 57 1
66 22 60 61 20 8 1
7 56 49 66 22 60 1
27 60 33 31 47 66 1
41 16 19 30 47 64 1
40 47 49 18 44 37 1
20 46 49 37 7 11 1
60 64 66 50 10 2 1
54 53 39 63 27 31 1
51 2 38 17 60 7 1
37 7 11 35 53 39 1
18 44 37 55 56 18 1
54 53 39 36 56 46 1
66 22 60 11 37 69 1
42 31 55 12 59 57 1
50 10 2 21 69 59 1
52 13 48 6 19 19 1
24 21 16 5 4 26 1
57 31 21 68 46 40 1
15 47 13 29 11 61 1
38 39 24 69 1 55 1
49 30 3 60 64 66 1
6 19 19 47 67 64 1
41 16 19 8 64 14 1
10 50 25 65 47 31 1
57 31 21 1 49 18 1
63 27 31 4 5 64 1
5 4 26 14 0 21 2
23 63 50 55 56 18 2
7 56 49 56 11 11 2
22 13 32 36 56 46 2
36 56 46 23 63 50 2
21 69 59 12 59 57 2
6 19 19 9 66 4 2
11 37 69 21 69 59 2
28 9 66 11 37 69 2
35 53 39 32 63 13 2
70 53 23 22 13 32 2
18 44 37 59 54 33 2
2 22 32 5 4 26 2
51 2 38 40 47 49 2
19 50 14 17 60 7 2
46 1 2 48 26 28 2
38 39 24 16 36 45 2
34 21 30 0 3 9 2
13 64 11 44 53 8 2
52 13 48 39 45 19 2
40 47 49 3 6 66 2
39 45 19 26 41 4 2
58 47 38 46 1 2 2
28 9 66 31 47 66 3
64 61 57 41 16 19 3
40 47 49 0 3 9 3
43 8 1 13 64 11 4
53 26 47 47 67 64 4
