67 6 75 35 118 24 1
94 48 123 27 8 104 1
73 90 59 126 68 70 1
30 20 105 24 83 73 1
89 44 17 14 29 102 1
113 16 98 67 6 75 1
85 12 85 67 6 75 1
116 26 101 73 90 59 1
65 107 56 16 69 39 1
106 128 32 46 109 96 1
9 124 7 36 65 31 1
74 44 4 122 26 103 1
61 6 24 97 7 72 1
48 31 19 105 60 58 1
20 114 4 38 67 40 1
63 29 44 7 14 99 1
93 72 23 14 29 102 1
80 78 34 104 74 40 1
23 89 43 85 12 85 1
18 6 31 98 117 124 1
6 55 99 22 37 24 1
45 4 54 38 67 40 1
79 86 82 30 20 105 1
77 21 5 45 4 54 1
13 31 80 21 64 121 1
94 48 123 9 124 7 1
41 74 7 33 86 89 1
20 114 4 76 15 16 1
88 106 108 122 26 103 1
64 38 50 28 92 14 1
18 6 31 52 129 56 1
35 118 24 88 106 108 1
44 123 60 4 44 39 1
113 16 98 7 14 99 1
53 66 58 19 49 35 1
44 123 60 103 69 90 1
53 66 58 25 102 19 1
92 77 44 48 31 19 1
56 80 27 25 102 19 1
58 42 53 72 72 17 1
105 60 58 8 28 40 1
21 64 121 35 118 24 1
77 21 5 29 107 12 1
122 26 103 104 74 40 1
126 68 70 76 15 16 1
90 101 74 86 16 105 1
107 61 52 31 117 104 1
11 52 92 3 11 100 1
58 42 53 67 6 75 1
31 117 104 61 6 24 1
55 15 103 113 16 98 1
19 49 35 37 94 1 1
95 100 26 5 27 56 1
10 16 107 17 40 9 1
82 61 83 72 72 17 1
114 90 18 95 100 26 1
51 126 127 87 116 12 1
16 69 39 36 65 31 1
119 48 60 62 125 65 1
75 29 28 11 52 92 1
36 65 31 47 113 43 1
82 61 83 36 65 31 1
29 107 12 48 31 19 1
39 94 26 106 128 32 1
15 93 110 66 111 127 1
38 67 40 28 92 14 1
102 63 98 83 0 102 1
77 21 5 115 117 78 1
33 86 89 25 102 19 1
114 90 18 72 72 17 2
105 60 58 63 29 44 2
32 39 112 27 8 104 2
71 126 51 35 118 24 2
123 52 94 101 90 40 2
89 44 17 20 114 4 2
97 7 72 25 102 19 2
79 86 82 40 96 93 2
11 52 92 93 72 23 2
112 116 54 93 72 23 2
6 55 99 94 48 123 2
99 10 28 30 20 105 2
28 92 14 42 2 124 2
96 11 91 110 11 95 2
2 71 31 108 100 21 2
10 16 107 70 73 91 2
3 11 100 30 20 105 2
20 114 4 41 74 7 2
96 11 91 116 26 101 2
126 68 70 124 115 44 2
97 7 72 87 116 12 2
104 74 40 102 63 98 2
111 49 106 73 90 59 2
109 129 116 9 124 7 2
24 83 73 68 62 85 2
7 14 99 125 25 19 2
9 124 7 54 100 29 2
69 79 105 119 48 60 2
68 62 85 10 16 107 2
81 36 37 11 52 92 2
117 128 72 74 44 4 2
61 6 24 101 90 40 2
62 125 65 36 65 31 2
86 16 105 124 115 44 2
43 71 108 99 10 28 2
12 1 15 106 128 32 2
98 117 124 120 100 79 2
129 74 66 5 27 56 2
124 115 44 98 117 124 2
12 1 15 13 31 80 2
71 126 51 108 100 21 2
40 96 93 66 111 127 2
77 21 5 127 81 123 3
99 10 28 4 44 39 3
17 40 9 91 116 18 3
121 36 68 35 118 24 3
84 118 6 26 13 61 3
109 129 116 78 75 83 3
100 81 61 6 55 99 3
15 93 110 57 21 51 3
129 74 66 34 95 115 3
67 6 75 84 118 6 3
3 11 100 59 108 8 4
50 5 34 37 94 1 4
128 128 88 86 16 105 4
49 102 103 82 61 83 4
118 109 76 112 116 54 4
1 117 69 55 15 103 4
0 75 1 41 74 7 4
60 110 87 108 100 21 5
