63 10 25 27 52 22 1
41 61 59 38 73 18 1
70 57 3 69 21 43 1
14 61 48 18 59 4 1
69 21 43 18 59 4 1
8 6 17 66 14 46 1
38 73 18 16 71 40 1
66 14 46 1 16 14 1
21 49 34 35 69 60 1
31 73 14 63 10 25 1
49 14 12 70 57 3 1
34 3 44 4 67 47 1
29 14 70 56 31 30 1
42 31 47 65 61 20 1
71 0 65 68 4 71 1
65 61 20 17 42 32 1
57 6 44 67 62 46 1
51 8 14 66 14 46 1
47 70 23 14 61 48 1
34 3 44 58 69 58 1
52 24 41 33 28 14 1
14 61 48 9 39 69 1
70 57 3 37 25 17 1
27 52 22 68 4 71 1
14 61 48 44 65 10 1
26 68 55 22 72 43 1
36 48 25 58 69 58 1
32 59 73 54 53 19 1
51 8 14 7 3 17 1
66 14 46 37 25 17 1
64 50 12 62 12 3 1
21 49 34 9 39 69 1
0 68 68 3 32 40 1
15 4 66 73 33 30 1
3 32 40 52 24 41 1
52 24 41 18 59 4 1
39 21 49 48 13 4 1
38 73 18 36 48 25 1
29 14 70 50 8 31 1
27 52 22 50 8 31 1
5 12 58 23 45 41 1
53 23 10 28 64 42 1
30 46 53 70 57 3 1
41 61 59 15 4 66 1
22 72 43 65 61 20 1
42 31 47 62 12 3 1
56 31 30 20 28 67 1
17 42 32 68 4 71 2
58 69 58 1 16 14 2
10 35 71 69 21 43 2
31 73 14 25 7 55 2
63 10 25 52 24 41 2
20 28 67 19 40 34 2
16 71 40 48 13 4 2
5 12 58 53 23 10 2
73 33 30 57 6 44 2
14 61 48 61 0 25 2
70 57 3 55 60 27 2
8 6 17 2 10 30 2
23 45 41 49 14 12 2
17 42 32 40 2 5 2
3 32 40 60 24 2 2
12 25 45 39 21 49 2
59 47 32 37 25 17 2
48 13 4 32 59 73 3
18 59 4 43 5 72 3
45 28 55 0 68 68 3
6 14 63 22 72 43 3
46 40 56 35 69 60 3
56 31 30 24 62 18 4
11 54 62 5 12 58 4
72 72 46 64 50 12 5
13 23 36 17 42 32 6
