98 40 66 13 80 57 1
112 119 55 78 72 65 1
81 116 25 66 28 124 1
118 31 1 87 113 79 1
45 5 84 125 107 21 1
95 101 109 89 24 2 1
89 24 2 47 2 31 1
120 97 48 78 72 65 1
74 110 21 98 40 66 1
25 24 95 15 20 25 1
12 40 8 110 7 34 1
125 107 21 56 128 43 1
46 13 16 12 40 8 1
47 2 31 11 114 67 1
117 20 118 20 26 102 1
98 40 66 99 70 11 1
61 58 44 119 110 16 1
104 98 102 23 11 3 1
16 52 5 126 27 23 1
19 63 91 49 70 62 1
82 29 87 52 50 36 1
114 48 5 32 123 78 1
99 70 11 115 63 26 1
49 70 62 43 79 2 1
55 29 44 93 91 109 1
79 23 14 32 123 78 1
27 76 100 99 70 11 1
80 87 98 83 19 15 1
3 25 98 17 106 65 1
88 25 31 93 91 109 1
24 127 96 69 98 53 1
80 87 98 114 48 5 1
74 110 21 32 123 78 1
31 65 76 5 108 58 1
119 110 16 39 26 26 1
78 72 65 115 63 26 1
51 68 42 73 99 105 1
81 116 25 8 71 115 1
86 125 26 63 38 15 1
38 92 1 127 33 17 1
80 87 98 37 44 11 1
27 76 100 76 107 17 1
119 110 16 108 65 93 1
58 47 102 26 51 19 1
86 125 26 96 7 53 1
68 64 55 38 92 1 1
2 78 98 119 110 16 1
72 22 2 34 107 37 1
110 7 34 18 58 82 1
126 27 23 97 125 47 1
117 20 118 4 126 41 1
117 20 118 69 98 53 1
84 111 13 11 114 67 1
36 72 77 22 80 31 1
75 104 120 8 71 115 1
0 101 57 67 56 26 1
94 74 124 10 4 114 1
116 123 92 27 76 100 1
105 65 31 94 74 124 1
89 24 2 45 5 84 1
94 74 124 4 126 41 1
91 59 36 49 70 62 1
37 44 11 60 30 67 1
47 2 31 86 125 26 1
6 102 89 67 56 26 1
4 126 41 88 25 31 1
51 68 42 26 51 19 1
95 101 109 54 98 128 1
54 98 128 13 80 57 1
29 128 106 36 72 77 1
46 13 16 70 69 89 1
103 70 9 9 62 6 2
105 65 31 39 26 26 2
85 74 6 27 76 100 2
117 20 118 83 19 15 2
59 126 127 56 128 43 2
77 57 53 83 19 15 2
47 2 31 28 98 124 2
86 125 26 12 40 8 2
115 63 26 72 22 2 2
56 128 43 65 110 82 2
75 104 120 6 102 89 2
104 98 102 50 66 68 2
91 59 36 117 20 118 2
85 74 6 126 27 23 2
46 13 16 26 51 19 2
113 70 2 104 98 102 2
54 98 128 122 62 94 2
3 25 98 76 107 17 2
104 98 102 48 97 30 2
124 55 30 23 11 3 2
100 1 120 102 6 64 2
63 38 15 71 74 28 2
70 69 89 123 81 128 2
106 102 126 111 43 115 2
46 13 16 1 28 72 2
56 128 43 113 70 2 2
27 76 100 100 1 120 2
115 63 26 81 116 25 2
90 110 39 92 73 69 2
42 15 51 112 119 55 2
9 62 6 22 80 31 2
41 10 2 102 6 64 2
28 98 124 25 24 95 2
56 128 43 82 29 87 2
121 79 87 64 100 123 2
14 103 14 59 126 127 3
42 15 51 64 100 123 3
9 62 6 127 33 17 3
92 73 69 80 87 98 3
14 103 14 111 43 115 3
6 102 89 40 109 80 3
62 37 113 7 7 124 3
53 78 33 104 98 102 3
44 11 25 17 106 65 3
100 1 120 9 62 6 3
42 15 51 87 113 79 3
35 68 99 34 107 37 3
109 82 44 113 70 2 3
127 33 17 33 15 26 3
8 71 115 7 7 124 3
50 66 68 107 69 5 3
30 18 34 60 30 67 4
128 119 92 126 27 23 4
66 28 124 31 65 76 4
73 99 105 101 74 128 4
6 102 89 57 90 19 4
21 32 107 57 90 19 4
