99 86 13 18 87 40 1
47 23 69 33 11 34 1
64 75 18 94 19 30 1
66 32 40 78 65 63 1
34 42 70 20 103 3 1
109 28 75 76 47 99 1
57 43 51 66 32 40 1
32 57 64 91 89 20 1
103 97 104 33 11 34 1
65 74 45 96 87 107 1
26 36 67 84 34 56 1
24 95 103 54 58 47 1
32 57 64 59 84 42 1
64 75 18 26 36 67 1
33 11 34 65 74 45 1
47 23 69 76 47 99 1
99 86 13 59 84 42 1
39 53 33 26 36 67 1
69 105 14 10 77 16 1
87 106 43 41 5 10 1
7 82 19 20 103 3 1
49 85 75 98 5 34 1
108 37 102 5 30 37 1
65 74 45 84 34 56 1
63 60 28 37 99 23 1
55 61 11 6 37 40 1
14 16 22 84 34 56 1
82 94 22 25 82 46 1
71 49 73 75 46 80 1
103 97 104 13 84 107 1
25 82 46 5 30 37 1
12 0 66 10 77 16 1
31 28 64 68 91 96 1
90 81 14 63 60 28 1
16 109 27 5 30 37 1
97 64 31 40 104 19 1
56 10 6 37 99 23 1
12 0 66 53 102 88 1
92 31 96 1 33 100 1
34 42 70 37 99 23 1
36 44 68 38 109 96 1
97 64 31 87 106 43 1
58 5 8 56 10 6 1
86 97 101 83 46 2 1
0 79 92 23 97 59 1
79 52 51 53 102 88 1
101 100 76 97 64 31 1
54 58 47 75 46 80 1
60 52 24 94 19 30 1
64 75 18 25 82 46 1
72 22 94 42 32 86 1
70 48 74 43 58 13 1
75 46 80 0 79 92 1
32 57 64 6 37 40 1
98 5 34 32 57 64 2
30 42 6 57 43 51 2
94 19 30 36 44 68 2
40 104 19 26 36 67 2
30 42 6 105 2 57 2
75 46 80 32 57 64 2
28 84 78 5 30 37 2
88 47 28 56 10 6 2
29 66 36 31 28 64 2
108 37 102 27 7 89 2
53 102 88 44 22 82 2
98 5 34 92 31 96 2
75 46 80 61 108 68 2
95 48 80 84 34 56 2
106 33 28 49 85 75 2
92 31 96 35 33 48 2
52 84 1 6 37 40 2
98 5 34 79 52 51 2
107 74 94 25 82 46 2
19 106 83 92 31 96 2
30 42 6 87 106 43 2
104 2 3 103 97 104 2
80 107 64 105 2 57 2
90 81 14 12 0 66 2
84 34 56 8 57 36 2
81 60 21 79 52 51 2
85 5 100 70 48 74 2
103 97 104 15 99 94 2
84 34 56 42 32 86 2
23 97 59 74 77 78 2
70 48 74 30 42 6 2
69 105 14 41 5 10 2
73 62 5 3 37 41 2
54 58 47 29 66 36 3
40 104 19 100 72 96 3
66 32 40 48 94 26 3
24 95 103 45 41 43 3
22 18 28 90 81 14 3
56 10 6 4 50 2 3
40 104 19 11 106 83 3
17 33 3 75 46 80 3
41 5 10 50 43 103 3
95 48 80 62 86 29 3
24 95 103 51 68 106 3
3 37 41 36 44 68 3
77 49 36 68 91 96 3
18 87 40 9 5 15 3
2 30 24 8 57 36 3
93 12 65 30 42 6 3
6 37 40 89 76 76 3
95 48 80 67 27 32 4
83 46 2 69 105 14 4
44 22 82 21 107 94 4
0 79 92 46 79 34 6
102 74 72 77 49 36 6
