5 58 42 22 17 4 1
17 53 57 16 27 15 1
41 51 33 53 14 23 1
20 18 12 50 23 48 1
22 17 4 19 14 33 1
12 41 42 35 56 38 1
22 17 4 1 26 22 1
0 5 30 41 51 33 1
38 58 35 42 12 0 1
48 8 15 57 32 1 1
30 28 4 50 23 48 1
15 11 6 50 23 48 1
51 11 26 40 17 22 1
25 51 10 14 17 49 1
44 54 47 32 1 41 1
19 14 33 48 8 15 1
30 28 4 40 17 22 1
44 54 47 0 5 30 1
33 3 3 25 51 10 1
20 18 12 13 18 33 1
15 11 6 11 46 15 1
6 17 54 37 50 0 1
5 58 42 10 32 40 1
29 46 45 5 58 42 1
57 32 1 54 26 27 1
14 17 49 27 40 28 1
49 56 16 12 41 42 1
4 57 5 43 50 55 1
31 43 46 18 54 24 1
11 46 15 18 54 24 1
11 46 15 7 55 58 1
1 26 22 56 56 44 2
1 26 22 23 32 39 2
46 19 44 30 28 4 2
54 26 27 35 56 38 2
1 26 22 53 14 23 2
24 43 21 11 46 15 2
29 46 45 31 43 46 2
16 27 15 30 28 4 2
35 56 38 2 28 5 2
39 43 19 17 53 57 2
45 26 22 5 58 42 2
52 4 45 42 12 0 2
9 45 51 39 43 19 2
21 47 26 19 14 33 2
46 19 44 58 6 21 2
43 50 55 9 45 51 2
36 44 29 1 26 22 2
10 32 40 47 52 30 2
41 51 33 38 58 35 2
41 51 33 26 55 30 2
25 51 10 15 11 6 3
14 17 49 3 27 42 3
2 28 5 55 10 32 3
38 58 35 6 17 54 3
26 55 30 8 38 54 3
16 27 15 28 24 26 4
43 50 55 34 36 58 5
