2 19 29 9 14 13 1
16 35 28 31 28 13 1
15 30 21 3 35 17 1
22 1 35 29 11 14 1
17 6 27 14 33 5 1
31 28 13 32 30 6 1
2 19 29 8 8 20 1
20 14 30 27 4 31 1
12 1 9 7 13 11 1
17 6 27 1 6 35 1
28 0 14 23 35 24 1
33 12 16 23 35 24 1
29 11 14 21 1 26 2
12 1 9 5 15 9 2
23 35 24 3 35 17 2
6 19 25 31 28 13 2
32 30 6 20 14 30 2
19 26 15 25 6 26 2
22 1 35 13 31 30 2
14 33 5 15 30 21 2
14 33 5 12 1 9 2
11 8 13 31 28 13 2
12 1 9 11 8 13 2
8 8 20 5 15 9 2
35 17 8 8 8 20 2
27 4 31 25 6 26 2
0 29 5 6 19 25 2
4 24 30 29 11 14 2
30 13 17 5 15 9 3
17 6 27 34 21 14 3
4 24 30 28 0 14 3
11 8 13 24 20 28 4
26 31 18 30 13 17 4
23 35 24 10 21 13 4
13 31 30 18 32 25 5
