13 7 14 3 13 52 1
33 41 44 9 46 31 1
42 4 42 51 35 49 1
21 25 31 6 30 21 1
51 35 49 2 12 51 1
39 8 40 6 30 21 1
10 28 51 0 49 18 1
52 25 46 56 32 25 1
20 38 55 29 7 0 1
5 52 14 27 7 6 1
55 12 47 47 24 45 1
27 7 6 28 8 22 1
33 41 44 40 29 55 1
43 5 34 55 12 47 1
15 46 19 52 25 46 1
15 46 19 23 53 33 1
42 4 42 12 31 38 1
42 4 42 29 7 0 1
56 32 25 19 3 11 1
9 46 31 54 34 48 1
7 0 40 26 27 38 1
36 20 47 14 41 27 1
5 52 14 53 5 28 1
4 0 11 5 52 14 1
35 52 34 39 8 40 1
13 7 14 49 18 32 1
43 5 34 8 26 22 1
31 6 8 11 0 28 1
32 39 28 33 41 44 1
32 39 28 47 24 45 1
40 29 55 34 35 46 2
33 41 44 51 35 49 2
31 6 8 39 8 40 2
20 38 55 11 0 28 2
3 13 52 56 32 25 2
6 30 21 24 48 12 2
33 41 44 25 47 21 2
51 35 49 18 39 39 2
40 29 55 15 46 19 2
41 4 34 7 0 40 2
29 7 0 5 52 14 2
17 31 35 37 13 1 2
33 41 44 48 40 46 2
14 41 27 27 7 6 2
1 12 56 2 12 51 2
56 32 25 0 49 18 3
24 48 12 45 52 53 3
41 4 34 18 39 39 3
25 47 21 44 49 32 3
38 39 29 36 20 47 3
31 6 8 30 39 19 3
46 1 12 51 35 49 3
37 13 1 26 27 38 4
22 6 54 1 12 56 4
50 28 48 49 18 32 4
47 24 45 16 26 41 6
