26 52 96 83 192 153 1
159 78 54 131 117 6 1
149 57 44 13 137 106 1
125 4 162 36 165 8 1
161 72 155 160 74 108 1
190 164 19 24 1 27 1
167 178 33 104 186 94 1
17 113 193 143 193 75 1
107 186 90 103 176 96 1
176 148 13 19 139 109 1
84 162 68 117 150 145 1
138 92 189 27 187 161 1
128 186 166 156 6 70 1
100 92 7 76 122 2 1
94 74 169 64 65 0 1
156 6 70 198 19 12 1
39 36 10 131 117 6 1
153 75 98 11 43 183 1
0 155 54 162 6 4 1
189 34 128 87 123 14 1
145 111 94 175 74 11 1
154 47 176 139 97 31 1
13 137 106 163 165 79 1
132 83 167 181 126 1 1
149 57 44 78 87 124 1
119 153 116 44 51 177 1
34 45 113 170 139 152 1
150 78 192 181 126 1 1
44 51 177 29 130 37 1
39 36 10 58 185 195 1
140 57 74 47 93 116 1
54 122 116 16 88 132 1
148 140 136 183 58 128 1
15 4 54 140 57 74 1
123 28 192 173 189 47 1
91 20 91 75 62 105 1
112 6 80 124 89 105 1
59 156 129 11 43 183 1
139 97 31 45 98 155 1
37 133 28 3 82 71 1
92 152 119 9 177 194 1
113 12 35 24 1 27 1
144 130 110 120 189 155 1
35 190 187 10 132 5 1
139 97 31 33 69 22 1
195 118 83 2 69 16 1
103 176 96 198 19 12 1
137 88 117 131 117 6 1
184 73 81 149 57 44 1
152 102 43 142 44 170 1
193 96 150 86 154 115 1
175 74 11 146 141 29 1
155 10 127 130 20 195 1
77 180 186 179 193 150 1
51 43 193 117 150 145 1
97 65 187 189 34 128 1
21 177 142 128 186 166 1
141 121 92 7 28 163 1
20 85 114 65 34 106 1
37 133 28 119 153 116 1
14 59 189 125 4 162 1
46 82 58 63 114 3 1
131 117 6 87 123 14 1
65 34 106 32 113 190 1
117 150 145 181 126 1 1
37 133 28 55 63 106 1
161 72 155 14 59 189 1
20 85 114 187 44 131 1
60 83 182 127 53 41 1
27 187 161 58 185 195 1
52 91 35 152 102 43 1
126 26 158 77 180 186 1
79 88 116 109 101 187 1
36 165 8 45 98 155 1
151 0 52 111 172 104 1
47 93 116 8 14 67 1
33 69 22 131 117 6 1
177 34 168 175 74 11 1
98 174 133 163 165 79 1
44 51 177 7 28 163 1
14 59 189 190 164 19 1
62 190 115 46 82 58 1
56 131 63 177 34 168 1
188 82 143 182 59 154 1
61 74 127 26 52 96 1
75 62 105 148 140 136 1
156 6 70 88 5 113 1
100 92 7 3 82 71 1
159 78 54 19 139 109 1
120 189 155 99 35 99 1
16 88 132 79 88 116 1
90 20 143 159 78 54 2
12 64 167 143 193 75 2
142 44 170 196 159 54 2
70 0 159 52 91 35 2
178 8 160 166 170 60 2
193 96 150 158 74 93 2
157 58 189 19 139 109 2
11 43 183 10 132 5 2
52 91 35 116 155 105 2
69 196 192 5 141 79 2
157 58 189 9 177 194 2
104 186 94 40 60 68 2
54 122 116 194 179 65 2
143 193 75 107 186 90 2
74 36 73 166 170 60 2
3 82 71 9 177 194 2
91 20 91 157 58 189 2
23 100 176 15 4 54 2
132 83 167 137 88 117 2
43 127 36 99 35 99 2
187 44 131 180 16 11 2
65 34 106 171 53 151 2
51 43 193 126 26 158 2
140 57 74 104 186 94 2
148 140 136 95 171 104 2
86 154 115 40 60 68 2
162 6 4 182 59 154 2
25 2 57 76 122 2 2
148 140 136 130 20 195 2
4 103 116 174 63 0 2
100 92 7 174 63 0 2
129 149 196 170 139 152 2
94 74 169 99 35 99 2
27 187 161 171 53 151 2
0 155 54 195 118 83 2
10 132 5 182 59 154 2
92 152 119 96 129 105 2
106 150 128 193 96 150 2
158 74 93 124 89 105 2
86 154 115 73 60 95 2
17 113 193 115 114 147 2
145 111 94 100 92 7 2
156 6 70 78 87 124 2
69 196 192 6 178 22 2
43 127 36 40 60 68 2
95 171 104 22 190 43 2
80 1 149 187 44 131 2
133 25 121 26 52 96 2
36 165 8 152 102 43 2
51 43 193 191 122 176 2
124 89 105 169 178 134 2
69 196 192 18 137 98 2
118 143 53 68 99 41 2
111 172 104 3 82 71 2
46 82 58 88 5 113 2
165 186 42 143 193 75 2
22 190 43 185 65 172 2
10 132 5 137 88 117 2
181 126 1 164 7 136 2
115 114 147 34 45 113 2
1 188 93 20 85 114 2
8 14 67 37 133 28 2
169 178 134 165 186 42 2
136 89 139 31 146 58 2
73 60 95 79 88 116 2
5 141 79 78 87 124 2
81 59 62 170 139 152 2
52 91 35 105 103 82 2
41 160 188 175 74 11 2
74 36 73 84 162 68 2
197 29 197 172 2 28 2
39 36 10 172 2 28 2
133 25 121 68 99 41 3
67 174 78 31 146 58 3
38 157 150 6 178 22 3
192 46 124 122 118 159 3
30 2 170 121 133 66 3
78 87 124 60 83 182 3
75 62 105 121 133 66 3
90 20 143 122 118 159 3
85 11 83 27 187 161 3
102 192 38 186 75 15 3
82 183 90 95 171 104 3
102 192 38 83 192 153 3
35 190 187 61 74 127 3
108 87 7 4 103 116 3
136 89 139 30 2 170 3
42 155 22 153 75 98 3
89 123 23 94 74 169 3
77 180 186 110 104 96 3
151 0 52 114 127 86 3
135 185 139 87 123 14 3
72 64 50 54 122 116 3
127 53 41 101 149 189 3
102 192 38 71 99 154 3
93 29 0 50 103 100 3
66 191 187 36 165 8 3
50 103 100 168 8 156 4
47 93 116 123 28 192 4
98 174 133 53 18 162 4
93 29 0 88 5 113 4
23 100 176 28 39 12 4
147 53 80 95 171 104 4
142 44 170 57 34 62 4
48 96 92 51 43 193 4
110 104 96 49 188 136 4
137 88 117 134 173 146 5
