47 80 24 36 56 3 1
58 5 31 47 80 24 1
82 47 68 84 36 16 1
25 40 72 55 89 37 1
56 17 90 85 75 6 1
4 65 75 9 12 77 1
9 12 77 20 67 34 1
21 82 29 55 89 37 1
27 29 53 36 56 3 1
55 89 37 81 64 40 1
12 29 52 72 32 17 1
52 51 91 2 4 23 1
55 89 37 75 65 5 1
12 29 52 11 63 72 1
35 5 67 91 39 72 1
23 43 9 8 4 67 1
36 56 3 60 3 72 1
11 63 72 7 66 45 1
89 28 27 31 69 83 1
83 5 13 18 9 44 1
59 57 84 42 72 12 1
50 63 29 81 64 40 1
41 32 59 89 28 27 1
22 66 1 62 10 10 1
32 22 19 11 63 72 1
21 82 29 42 72 12 1
25 40 72 66 75 63 1
18 9 44 21 82 29 1
80 17 24 6 76 45 1
60 3 72 6 76 45 1
48 75 64 46 75 31 1
51 61 35 12 29 52 1
13 67 87 14 29 40 1
45 35 31 51 61 35 1
9 12 77 15 79 26 1
72 32 17 8 4 67 1
6 76 45 10 84 22 1
9 12 77 7 66 45 1
43 78 17 29 79 89 1
80 17 24 81 64 40 1
8 4 67 16 13 83 1
31 69 83 48 75 64 1
83 5 13 82 47 68 1
85 75 6 15 79 26 1
25 40 72 23 43 9 2
27 29 53 65 50 56 2
82 47 68 28 17 26 2
77 23 78 29 79 89 2
49 89 63 38 53 26 2
38 53 26 31 69 83 2
36 56 3 2 4 23 2
36 56 3 87 84 80 2
32 22 19 30 23 45 2
27 29 53 41 32 59 2
79 32 53 10 84 22 2
76 88 91 57 65 39 2
54 22 20 18 9 44 2
68 54 86 50 63 29 2
74 90 91 19 57 53 2
89 28 27 73 4 86 2
78 83 8 83 5 13 2
45 35 31 33 48 61 2
74 90 91 47 80 24 2
21 82 29 40 50 33 2
90 30 47 58 5 31 2
34 88 79 44 57 54 2
39 18 37 36 56 3 2
16 13 83 69 75 64 2
42 72 12 35 5 67 2
51 61 35 5 0 32 2
76 88 91 22 66 1 2
15 79 26 57 65 39 2
39 18 37 43 78 17 2
14 29 40 55 89 37 3
64 57 88 89 28 27 3
62 10 10 1 51 79 3
26 17 66 4 65 75 3
53 39 44 37 10 72 3
90 30 47 3 1 3 3
17 58 53 39 18 37 3
71 47 24 58 5 31 3
60 3 72 44 57 54 3
86 43 57 67 14 9 3
31 69 83 0 51 21 4
24 79 68 91 39 72 4
28 17 26 88 16 91 4
42 72 12 37 10 72 4
73 4 86 70 74 34 4
52 51 91 63 90 16 4
14 29 40 86 43 57 5
35 5 67 61 23 85 6
