1 124 25 118 136 37 1
17 145 146 34 54 97 1
125 103 90 26 84 81 1
140 113 58 141 28 96 1
85 0 63 70 44 28 1
158 85 28 88 56 128 1
145 23 53 45 133 156 1
3 21 63 10 4 161 1
115 89 109 47 15 68 1
100 104 24 22 161 66 1
116 33 111 86 22 41 1
75 61 69 26 84 81 1
52 138 84 143 150 79 1
0 159 55 79 118 101 1
111 130 36 161 25 148 1
1 124 25 9 117 135 1
81 29 70 15 48 125 1
54 82 128 76 85 19 1
122 14 3 54 82 128 1
75 61 69 96 101 77 1
131 123 44 43 97 47 1
104 54 92 67 113 119 1
1 124 25 109 20 138 1
39 88 118 21 151 131 1
75 61 69 36 157 67 1
159 104 38 123 5 141 1
128 145 115 111 130 36 1
13 33 162 122 14 3 1
21 151 131 162 20 159 1
114 137 102 130 138 92 1
158 85 28 13 33 162 1
10 4 161 78 132 82 1
21 151 131 120 155 126 1
24 161 154 132 44 38 1
7 11 153 89 36 67 1
134 149 136 131 123 44 1
73 156 129 29 129 86 1
6 143 130 46 51 42 1
25 34 94 129 23 34 1
128 145 115 140 113 58 1
160 152 84 136 87 80 1
54 82 128 68 14 155 1
126 35 150 92 2 85 1
143 150 79 71 76 39 1
62 27 108 70 44 28 1
130 138 92 89 36 67 1
51 74 110 20 37 151 1
44 14 32 105 44 74 1
22 161 66 136 87 80 1
84 34 143 88 56 128 1
35 161 40 75 61 69 1
33 22 96 93 49 25 1
63 102 66 73 156 129 1
8 36 51 135 32 135 1
69 111 18 37 106 121 1
105 44 74 161 25 148 1
30 90 106 25 34 94 1
115 89 109 13 33 162 1
154 149 32 160 152 84 1
93 49 25 156 76 39 1
88 56 128 71 76 39 1
134 149 136 24 161 154 1
111 130 36 69 111 18 1
89 36 67 22 161 66 1
48 70 114 136 87 80 1
42 106 135 76 85 19 1
59 162 141 149 116 49 1
52 138 84 63 102 66 1
142 117 109 21 151 131 1
133 76 62 101 79 95 1
50 95 119 0 159 55 1
136 87 80 65 90 106 1
94 33 124 153 107 98 1
39 88 118 125 103 90 1
145 23 53 43 97 47 1
34 54 97 68 14 155 1
11 131 37 139 52 35 1
20 37 151 13 33 162 1
137 76 150 14 21 80 1
15 48 125 110 0 53 1
73 156 129 16 159 67 1
78 132 82 160 152 84 1
129 23 34 7 11 153 1
155 40 147 111 130 36 1
108 108 139 145 23 53 1
54 82 128 64 69 155 1
55 115 118 151 157 44 1
137 76 150 100 104 24 1
26 84 81 143 150 79 1
2 150 139 77 127 107 1
129 23 34 122 14 3 1
56 147 145 110 0 53 1
121 95 27 119 68 138 1
68 14 155 33 22 96 1
7 11 153 37 106 121 2
44 14 32 117 57 1 2
156 76 39 159 104 38 2
23 86 24 17 145 146 2
153 107 98 119 68 138 2
109 20 138 111 130 36 2
16 159 67 145 23 53 2
20 37 151 85 0 63 2
87 159 42 34 54 97 2
23 86 24 107 39 102 2
40 53 134 57 110 76 2
144 142 117 96 101 77 2
30 90 106 152 160 24 2
38 47 84 162 20 159 2
157 7 9 98 103 13 2
105 44 74 5 84 25 2
104 54 92 119 68 138 2
138 48 62 146 152 120 2
1 124 25 90 88 123 2
67 113 119 140 113 58 2
21 151 131 15 48 125 2
76 85 19 97 144 138 2
65 90 106 72 44 99 2
14 21 80 40 53 134 2
86 22 41 90 88 123 2
124 91 153 54 82 128 2
103 68 54 67 113 119 2
154 149 32 11 131 37 2
147 2 33 128 145 115 2
29 129 86 113 98 161 2
148 118 69 38 47 84 2
55 115 118 28 38 143 2
93 49 25 92 2 85 2
46 51 42 34 54 97 2
82 119 92 87 159 42 2
14 21 80 2 150 139 2
80 82 59 94 33 124 2
12 66 120 162 20 159 2
143 150 79 27 115 15 2
40 53 134 60 118 122 2
63 102 66 74 42 66 2
79 118 101 138 48 62 2
46 51 42 8 36 51 2
106 59 19 102 58 68 2
11 131 37 50 95 119 2
59 162 141 140 113 58 2
19 49 102 121 95 27 2
41 25 125 95 44 157 2
151 157 44 139 52 35 3
101 79 95 59 162 141 3
116 33 111 53 18 61 3
41 25 125 68 14 155 3
40 53 134 31 41 12 3
106 59 19 74 42 66 3
92 2 85 99 118 108 3
102 58 68 98 103 13 3
143 150 79 91 76 104 3
74 42 66 58 49 116 3
18 49 21 91 76 104 3
62 27 108 66 140 0 3
151 157 44 83 140 83 3
32 1 104 2 150 139 4
36 157 67 61 95 63 4
92 2 85 49 67 128 4
112 26 153 123 5 141 4
43 97 47 150 32 120 4
81 29 70 4 83 80 4
139 52 35 127 16 113 5
