68 14 78 17 49 3 1
8 10 59 66 60 8 1
67 15 71 38 12 45 1
79 73 65 42 63 31 1
38 12 45 71 66 69 1
50 31 69 73 75 71 1
9 56 27 17 49 3 1
46 70 76 74 78 68 1
43 36 5 71 66 69 1
34 6 6 0 9 66 1
29 15 22 54 40 83 1
53 9 20 6 9 34 1
70 46 26 44 63 17 1
31 16 18 69 75 64 1
59 36 40 30 4 53 1
85 81 64 11 71 52 1
33 22 79 34 6 6 1
79 73 65 54 40 83 1
46 70 76 5 81 84 1
9 56 27 43 36 5 1
12 44 62 55 58 81 1
38 12 45 61 52 28 1
39 34 2 55 58 81 1
60 21 58 63 59 72 1
17 49 3 26 74 29 1
54 40 83 7 33 31 1
35 57 37 66 60 8 1
38 12 45 25 82 20 1
66 60 8 27 8 75 1
22 49 66 31 16 18 1
70 46 26 85 81 64 1
70 46 26 72 37 57 1
83 36 83 13 3 73 1
6 9 34 30 4 53 1
27 8 75 31 16 18 1
39 34 2 3 34 76 1
82 20 82 57 62 13 1
31 16 18 21 84 14 1
17 49 3 81 27 65 1
15 5 63 31 16 18 1
76 9 60 71 66 69 1
28 64 81 41 24 70 1
85 81 64 10 58 50 2
29 15 22 16 0 4 2
84 62 23 28 64 81 2
57 62 13 48 19 34 2
23 37 60 30 4 53 2
61 52 28 45 39 22 2
37 58 40 43 36 5 2
11 71 52 67 15 71 2
13 3 73 22 49 66 2
81 27 65 46 70 76 2
62 48 12 64 15 26 2
67 15 71 8 10 59 2
64 15 26 24 7 4 2
37 58 40 75 14 4 2
14 72 68 55 58 81 2
14 72 68 40 12 65 2
60 21 58 76 9 60 2
11 71 52 65 72 73 2
69 75 64 39 34 2 2
57 62 13 14 72 68 2
7 33 31 10 58 50 2
40 12 65 0 9 66 2
61 52 28 62 48 12 2
1 81 25 23 37 60 2
83 36 83 52 18 57 2
19 60 26 41 24 70 2
41 24 70 77 7 11 2
52 18 57 28 64 81 2
80 16 74 21 84 14 2
79 73 65 1 81 25 2
36 61 55 24 7 4 2
2 72 81 24 7 4 3
50 31 69 38 12 45 3
20 39 6 76 9 60 3
78 48 42 48 19 34 3
41 24 70 49 57 2 3
51 0 83 67 15 71 3
20 39 6 47 45 43 3
32 37 45 45 39 22 3
58 29 78 1 81 25 3
56 3 71 36 61 55 4
4 35 70 6 9 34 5
18 46 32 56 3 71 5
