113 121 109 126 71 94 1
30 116 34 14 117 94 1
16 74 112 37 1 112 1
16 74 112 60 30 107 1
105 60 96 31 78 102 1
139 30 47 85 19 1 1
24 51 17 100 79 1 1
104 1 7 97 20 26 1
26 141 78 103 84 96 1
93 90 66 27 30 117 1
72 66 118 132 13 134 1
120 79 80 55 140 32 1
61 18 136 134 80 26 1
16 74 112 115 14 48 1
48 116 46 66 137 2 1
120 79 80 101 112 61 1
45 14 107 113 121 109 1
82 18 100 63 106 102 1
127 95 88 96 51 142 1
108 94 122 6 136 36 1
124 103 77 123 47 92 1
101 112 61 57 75 20 1
6 136 36 21 41 98 1
114 88 106 127 95 88 1
27 30 117 39 119 4 1
32 17 83 95 58 19 1
96 51 142 141 121 45 1
23 90 90 25 141 59 1
132 13 134 102 67 69 1
7 6 34 60 30 107 1
1 108 92 131 125 49 1
7 6 34 62 0 84 1
130 102 75 33 44 39 1
21 41 98 68 135 80 1
79 93 92 121 35 70 1
75 1 81 44 44 127 1
51 70 69 64 79 30 1
38 96 48 37 1 112 1
68 135 80 40 71 36 1
107 95 3 14 117 94 1
107 95 3 128 89 67 1
4 53 70 95 58 19 1
122 91 13 56 111 38 1
17 64 32 36 22 4 1
6 136 36 113 121 109 1
87 143 4 142 51 97 1
6 136 36 139 30 47 1
4 53 70 25 141 59 1
137 96 13 92 0 63 1
82 18 100 43 79 94 1
32 17 83 69 135 30 1
65 80 52 69 135 30 1
137 96 13 76 42 75 1
53 34 3 128 89 67 1
93 90 66 58 14 101 1
61 18 136 117 53 59 1
0 58 108 39 119 4 1
120 79 80 12 36 107 1
64 79 30 37 1 112 1
94 55 54 15 16 0 1
56 111 38 119 58 115 1
126 71 94 58 14 101 1
110 5 69 54 60 59 1
82 18 100 50 79 122 2
125 85 83 19 84 3 2
70 82 123 7 6 34 2
42 129 16 80 44 41 2
46 120 59 59 58 105 2
14 117 94 60 30 107 2
124 103 77 85 19 1 2
101 112 61 18 98 46 2
125 85 83 58 14 101 2
135 43 4 123 47 92 2
53 34 3 98 133 46 2
126 71 94 103 84 96 2
44 44 127 114 88 106 2
52 88 33 107 95 3 2
21 41 98 3 106 64 2
44 44 127 23 90 90 2
118 139 124 74 92 109 2
123 47 92 78 14 116 2
7 6 34 134 80 26 2
46 120 59 67 133 44 2
52 88 33 81 119 138 2
141 121 45 112 5 89 2
2 128 115 75 1 81 2
1 108 92 57 75 20 2
31 78 102 13 14 103 2
41 47 111 67 133 44 2
23 90 90 53 34 3 2
76 42 75 16 74 112 2
48 116 46 123 47 92 2
30 116 34 97 20 26 2
31 78 102 116 58 43 2
21 41 98 99 28 137 2
47 26 90 118 139 124 2
44 44 127 109 97 26 2
46 120 59 96 51 142 2
130 102 75 7 6 34 2
18 98 46 0 58 108 2
48 116 46 61 18 136 2
9 47 93 82 18 100 2
127 95 88 15 16 0 2
127 95 88 47 26 90 2
142 51 97 2 128 115 2
83 41 10 49 80 26 2
49 80 26 12 36 107 2
78 14 116 143 80 62 2
79 93 92 66 137 2 2
9 47 93 62 0 84 2
143 80 62 89 15 53 2
56 111 38 136 50 80 2
71 94 120 84 99 63 2
116 58 43 39 119 4 2
42 129 16 131 125 49 2
54 60 59 69 135 30 2
1 108 92 90 123 85 2
40 71 36 77 97 33 2
6 136 36 138 25 49 2
84 99 63 48 116 46 2
36 22 4 70 82 123 2
111 101 90 98 133 46 3
67 133 44 24 51 17 3
8 14 3 48 116 46 3
73 96 25 138 25 49 3
89 15 53 29 35 92 3
7 6 34 102 67 69 3
98 133 46 56 111 38 3
86 71 63 23 90 90 3
140 28 50 125 85 83 3
64 79 30 20 15 63 3
86 71 63 129 28 125 3
77 97 33 22 12 82 4
96 51 142 5 58 34 4
78 14 116 133 131 63 4
101 112 61 35 59 129 4
65 80 52 28 31 57 4
91 131 126 58 14 101 4
88 98 76 9 47 93 4
106 32 42 25 141 59 4
34 130 80 102 67 69 4
10 91 109 50 79 122 5
11 15 58 103 84 96 6
