9 127 133 36 108 89 1
35 114 8 80 65 127 1
27 144 53 43 170 87 1
138 99 166 163 35 67 1
147 124 148 26 129 194 1
87 53 79 81 6 141 1
130 196 147 113 195 165 1
158 68 29 117 175 114 1
133 31 191 62 117 66 1
7 68 164 150 17 152 1
53 169 89 149 190 151 1
197 168 38 113 195 165 1
164 70 28 189 36 162 1
14 59 104 75 153 6 1
124 180 103 52 20 78 1
108 9 3 114 183 75 1
2 26 65 40 170 125 1
71 172 59 14 59 104 1
147 124 148 176 163 88 1
114 183 75 176 163 88 1
137 142 162 126 89 122 1
192 6 42 96 132 10 1
148 84 89 83 36 153 1
32 188 29 12 63 92 1
116 123 189 136 18 90 1
86 187 159 138 99 166 1
10 111 75 108 9 3 1
139 148 105 138 99 166 1
135 196 165 105 172 48 1
73 87 68 142 187 82 1
172 28 162 105 172 48 1
46 43 70 157 158 118 1
135 196 165 69 181 140 1
168 10 42 25 11 7 1
99 72 114 142 187 82 1
77 174 35 106 102 87 1
21 10 1 137 142 162 1
141 22 98 168 10 42 1
175 154 16 60 138 88 1
74 27 42 36 108 89 1
169 58 116 96 132 10 1
78 172 79 63 99 5 1
87 53 79 18 98 44 1
143 29 95 189 36 162 1
76 109 103 182 38 149 1
125 166 149 32 188 29 1
126 89 122 108 9 3 1
133 31 191 82 107 150 1
168 10 42 160 161 170 1
72 76 20 30 170 57 1
165 161 12 132 190 86 1
142 187 82 97 104 93 1
54 14 158 187 21 20 1
172 28 162 70 19 161 1
100 98 52 92 79 5 1
7 68 164 157 158 118 1
84 197 109 30 170 57 1
148 84 89 184 82 31 1
53 169 89 35 114 8 1
107 175 151 133 31 191 1
114 183 75 134 190 65 1
116 123 189 173 70 104 1
174 197 33 63 99 5 1
37 153 12 62 117 66 1
74 27 42 175 154 16 1
42 1 1 96 132 10 1
94 140 166 0 128 10 1
153 17 128 102 6 11 1
103 147 91 174 197 33 1
132 190 86 141 22 98 1
188 4 69 32 188 29 1
82 107 150 162 135 150 1
176 163 88 119 173 140 1
100 98 52 73 87 68 1
197 168 38 102 6 11 1
29 132 112 114 183 75 1
186 146 111 100 98 52 1
49 28 171 100 98 52 1
1 12 42 71 172 59 1
172 28 162 119 173 140 1
195 166 127 162 135 150 1
0 128 10 166 147 125 1
9 127 133 105 172 48 1
112 175 13 2 26 65 1
0 128 10 154 15 97 1
92 79 5 26 129 194 1
131 112 172 161 75 0 1
182 38 149 144 18 111 1
185 48 77 8 153 39 1
146 175 167 195 166 127 1
109 14 154 75 153 6 1
89 121 12 71 172 59 2
53 169 89 104 80 96 2
77 174 35 183 35 17 2
136 18 90 167 65 82 2
169 58 116 39 39 54 2
78 172 79 190 59 61 2
192 6 42 88 193 158 2
100 98 52 35 114 8 2
104 80 96 23 45 4 2
19 135 92 22 129 131 2
94 140 166 132 190 86 2
99 72 114 81 6 141 2
113 195 165 135 196 165 2
150 17 152 116 123 189 2
36 108 89 103 147 91 2
118 28 80 79 45 28 2
195 166 127 73 87 68 2
189 36 162 177 105 8 2
22 129 131 35 114 8 2
87 53 79 161 75 0 2
9 127 133 14 59 104 2
96 132 10 9 127 133 2
96 132 10 106 102 87 2
61 149 45 136 18 90 2
14 59 104 138 99 166 2
123 63 0 19 135 92 2
143 29 95 148 84 89 2
18 98 44 79 45 28 2
51 104 18 124 180 103 2
108 9 3 98 162 117 2
139 148 105 117 175 114 2
89 121 12 125 166 149 2
50 129 38 5 148 173 2
96 132 10 67 98 4 2
129 145 121 137 142 162 2
169 58 116 16 52 66 2
71 172 59 136 18 90 2
66 180 92 141 22 98 2
144 18 111 163 35 67 2
127 102 136 62 117 66 2
52 20 78 83 36 153 2
59 149 74 46 43 70 2
66 180 92 79 45 28 2
48 183 61 175 154 16 2
34 16 197 17 181 182 2
181 183 1 154 15 97 2
120 121 107 18 98 44 2
17 181 182 83 36 153 2
84 197 109 31 22 104 2
192 6 42 40 170 125 2
178 124 56 192 6 42 2
83 36 153 112 175 13 2
28 91 107 13 54 180 2
117 175 114 3 91 101 2
33 13 163 110 117 38 2
179 184 180 28 91 107 2
70 19 161 65 139 71 2
111 169 181 70 19 161 2
151 49 6 127 102 136 2
161 75 0 155 49 30 2
174 197 33 31 22 104 2
132 190 86 57 58 152 2
134 190 65 122 121 151 2
156 110 76 151 49 6 2
170 127 123 80 65 127 2
50 129 38 133 31 191 2
48 183 61 68 25 96 3
167 65 82 140 79 135 3
116 123 189 128 135 148 3
188 4 69 43 170 87 3
183 35 17 58 22 111 3
91 14 21 115 123 126 3
133 31 191 180 177 55 3
87 53 79 193 128 61 3
6 82 122 99 72 114 3
187 21 20 109 14 154 3
110 117 38 0 128 10 3
43 170 87 56 51 154 3
127 102 136 101 73 20 3
55 137 46 177 105 8 3
87 53 79 64 106 138 3
75 153 6 15 71 179 3
173 70 104 44 44 17 3
20 22 88 123 63 0 3
45 50 164 80 65 127 3
82 107 150 196 52 53 3
153 17 128 4 158 16 3
93 35 91 142 187 82 3
185 48 77 16 52 66 3
145 136 182 105 172 48 3
62 117 66 115 123 126 3
87 53 79 11 2 7 3
154 15 97 85 177 175 3
159 29 82 19 135 92 4
121 20 2 92 79 5 4
168 10 42 171 36 186 4
152 97 1 182 38 149 4
72 76 20 24 75 112 4
76 109 103 90 171 21 4
0 128 10 179 184 180 4
111 169 181 41 101 4 4
66 180 92 95 192 153 4
194 102 128 155 49 30 4
191 90 51 23 45 4 5
26 129 194 38 33 104 5
47 55 77 84 197 109 6
