72 49 116 103 64 90 1
140 140 95 144 63 96 1
30 14 153 115 127 107 1
142 138 140 44 96 121 1
149 7 100 153 141 26 1
16 39 63 17 68 13 1
93 154 68 89 12 55 1
58 150 48 121 143 130 1
146 79 105 153 141 26 1
65 17 41 31 78 79 1
128 96 85 59 15 110 1
14 65 71 2 73 33 1
13 40 93 125 118 48 1
8 151 55 128 96 85 1
147 147 69 115 127 107 1
43 135 87 111 118 66 1
102 47 24 124 12 118 1
69 31 25 110 16 154 1
66 73 58 25 151 28 1
31 78 79 146 79 105 1
53 104 42 24 38 115 1
130 71 44 153 141 26 1
37 5 89 41 34 146 1
78 34 74 151 129 101 1
130 71 44 71 42 21 1
142 138 140 129 36 112 1
88 41 23 152 29 13 1
54 89 12 14 65 71 1
84 154 13 153 141 26 1
63 48 79 41 34 146 1
51 36 14 105 86 133 1
137 116 147 2 73 33 1
73 154 24 130 71 44 1
48 112 81 78 34 74 1
3 87 88 35 97 81 1
90 7 122 22 147 4 1
112 137 107 40 30 57 1
132 112 51 61 26 33 1
27 139 57 114 74 89 1
83 5 98 51 36 14 1
55 152 85 36 36 132 1
85 38 74 34 69 62 1
81 32 105 33 102 97 1
90 7 122 32 91 105 1
12 110 100 64 27 101 1
15 86 77 16 39 63 1
123 15 106 59 15 110 1
77 69 47 60 25 61 1
111 118 66 151 129 101 1
40 30 57 101 55 29 1
129 36 112 107 57 118 1
9 15 57 154 65 153 1
21 97 5 15 86 77 1
58 150 48 141 153 66 1
104 140 111 51 36 14 1
17 68 13 61 26 33 1
155 91 126 59 15 110 1
145 26 35 49 52 35 1
100 114 111 72 49 116 1
145 26 35 117 25 90 1
112 137 107 42 36 62 1
29 149 104 44 96 121 1
1 23 155 88 41 23 1
90 7 122 127 155 138 1
77 69 47 51 36 14 1
61 26 33 152 29 13 1
5 152 2 100 114 111 1
23 154 7 144 63 96 1
75 88 119 57 22 130 1
83 5 98 53 104 42 1
27 139 57 25 151 28 1
103 64 90 9 15 57 1
59 15 110 140 140 95 1
148 96 105 105 86 133 1
67 6 48 40 30 57 1
127 155 138 155 91 126 2
131 77 28 143 46 37 2
79 57 114 123 15 106 2
31 78 79 135 84 23 2
146 79 105 132 112 51 2
106 8 74 71 42 21 2
144 63 96 149 7 100 2
35 97 81 86 79 143 2
43 135 87 98 146 20 2
52 109 68 65 17 41 2
106 8 74 136 26 77 2
38 77 41 45 98 119 2
90 7 122 141 153 66 2
150 13 128 30 14 153 2
57 22 130 143 46 37 2
79 57 114 147 147 69 2
75 88 119 12 110 100 2
32 91 105 117 25 90 2
4 56 9 3 87 88 2
65 17 41 55 152 85 2
139 150 56 70 28 92 2
71 42 21 68 44 39 2
127 155 138 100 114 111 2
102 47 24 91 67 129 2
91 67 129 53 104 42 2
122 29 78 74 62 31 2
56 118 124 64 27 101 2
79 57 114 20 29 91 2
138 44 55 112 137 107 2
33 102 97 6 126 49 2
44 96 121 109 17 138 2
69 31 25 11 46 95 2
74 62 31 48 112 81 2
48 112 81 27 139 57 2
143 46 37 132 112 51 2
34 69 62 51 36 14 2
130 71 44 124 12 118 2
96 129 152 102 47 24 2
83 5 98 46 30 148 2
75 88 119 67 6 48 2
137 116 147 138 44 55 2
5 152 2 139 150 56 2
132 112 51 74 62 31 2
112 137 107 107 57 118 2
62 94 113 89 12 55 2
99 81 26 0 27 70 2
56 118 124 50 74 36 2
6 126 49 122 29 78 2
73 154 24 97 109 103 2
94 123 36 37 5 89 3
95 105 80 38 77 41 3
126 28 104 144 63 96 3
3 87 88 15 86 77 3
37 5 89 49 52 35 3
71 42 21 120 32 18 3
134 129 115 11 46 95 3
110 16 154 135 84 23 3
26 125 133 47 111 124 3
8 151 55 26 125 133 3
95 105 80 30 14 153 3
80 36 155 34 69 62 3
53 104 42 87 139 50 3
63 48 79 99 81 26 3
94 123 36 93 154 68 3
98 146 20 133 3 48 3
116 136 154 56 118 124 3
151 129 101 118 53 137 3
10 133 93 125 118 48 3
49 52 35 125 118 48 3
72 49 116 82 89 128 3
114 74 89 92 136 144 3
47 111 124 39 15 33 3
28 55 77 118 53 137 3
119 110 130 66 73 58 3
155 91 126 19 21 19 4
76 110 108 80 36 155 4
22 147 4 7 111 2 4
113 18 74 122 29 78 5
109 17 138 108 15 79 5
18 81 8 66 73 58 6
