111 26 89 18 72 23 1
123 112 58 40 19 8 1
1 12 103 123 112 58 1
122 50 88 33 120 23 1
124 91 35 73 38 33 1
80 0 97 57 56 43 1
104 85 68 22 86 46 1
76 49 45 85 31 96 1
90 73 88 122 50 88 1
86 0 54 79 37 16 1
13 0 29 94 119 32 1
60 8 32 103 26 8 1
96 45 36 97 74 60 1
41 81 112 49 15 31 1
116 86 10 15 57 31 1
69 21 42 11 83 42 1
3 50 3 118 54 60 1
2 106 93 104 85 68 1
11 83 42 52 52 29 1
59 71 66 58 20 73 1
13 0 29 75 46 104 1
99 13 108 67 36 53 1
52 52 29 34 92 88 1
12 57 93 25 75 8 1
99 13 108 30 38 50 1
7 43 56 81 123 50 1
104 85 68 117 87 104 1
17 25 82 104 85 68 1
64 35 81 1 12 103 1
59 71 66 93 38 6 1
106 25 75 60 8 32 1
121 109 104 48 6 42 1
84 0 73 112 10 39 1
81 123 50 64 35 81 1
85 31 96 74 4 89 1
113 27 70 13 0 29 1
74 4 89 67 36 53 1
95 84 29 49 15 31 1
28 67 89 31 119 53 1
63 3 44 78 25 53 1
102 96 55 119 98 59 1
42 72 101 11 83 42 1
60 8 32 23 61 98 1
31 119 53 120 23 107 1
97 74 60 11 83 42 1
51 63 19 0 73 119 1
25 75 8 19 18 65 1
109 31 107 75 46 104 1
118 54 60 90 73 88 1
67 36 53 100 66 23 1
94 119 32 68 72 93 1
85 31 96 97 74 60 1
13 0 29 39 118 17 1
100 66 23 92 34 50 1
68 72 93 92 34 50 1
101 51 81 24 103 44 1
95 84 29 57 56 43 1
63 3 44 89 49 99 1
81 123 50 96 45 36 1
65 67 68 2 106 93 1
87 60 37 98 72 80 1
42 72 101 20 13 23 1
56 30 3 86 0 54 1
23 61 98 98 72 80 1
34 92 88 111 26 89 1
103 26 8 118 54 60 1
38 86 16 33 120 23 1
10 4 123 91 14 26 1
55 25 113 74 4 89 1
10 4 123 83 113 75 1
48 6 42 95 84 29 2
107 45 86 13 0 29 2
36 4 51 21 16 50 2
76 49 45 31 119 53 2
116 86 10 120 23 107 2
26 70 111 65 67 68 2
75 46 104 21 16 50 2
75 46 104 84 0 73 2
85 31 96 48 6 42 2
38 86 16 62 38 29 2
23 61 98 51 63 19 2
105 8 65 89 49 99 2
74 4 89 86 0 54 2
2 106 93 76 49 45 2
16 112 40 122 50 88 2
98 72 80 27 14 121 2
60 8 32 46 119 18 2
9 92 108 27 14 121 2
9 92 108 82 28 121 2
95 84 29 59 71 66 2
5 122 83 33 120 23 2
5 122 83 124 91 35 2
119 98 59 14 42 53 2
112 10 39 25 75 8 2
116 86 10 108 0 102 2
71 85 112 75 46 104 2
28 67 89 91 14 26 2
102 96 55 39 118 17 2
5 122 83 94 119 32 2
2 106 93 45 29 75 2
29 110 88 48 6 42 2
79 37 16 50 124 118 2
44 1 63 22 86 46 2
88 84 21 60 8 32 2
47 108 90 23 61 98 2
43 68 29 105 8 65 2
72 95 110 12 57 93 3
72 95 110 101 51 81 3
32 80 107 54 46 95 3
105 8 65 0 73 119 3
31 119 53 70 122 24 3
53 30 80 75 46 104 3
96 45 36 110 92 19 3
17 25 82 6 24 105 3
66 3 89 61 62 69 3
37 27 9 39 118 17 3
26 70 111 114 46 29 3
39 118 17 77 116 32 3
66 3 89 6 24 105 4
57 56 43 4 89 84 4
70 122 24 54 46 95 4
40 19 8 8 70 39 4
53 30 80 35 13 9 5
115 118 119 61 62 69 5
