36 61 4 67 0 49 1
83 8 69 74 9 16 1
79 64 71 58 71 57 1
24 57 79 90 40 19 1
80 68 65 43 65 29 1
74 9 16 31 81 68 1
78 78 87 45 81 12 1
4 49 72 31 81 68 1
75 69 2 6 11 18 1
84 69 86 64 56 70 1
48 64 79 75 69 2 1
75 69 2 54 45 80 1
83 8 69 48 64 79 1
26 69 65 16 60 60 1
48 64 79 3 89 85 1
17 67 79 44 51 11 1
46 50 21 27 75 65 1
20 37 61 11 43 6 1
86 22 13 83 8 69 1
68 36 56 60 86 39 1
62 49 55 81 76 36 1
58 71 57 23 69 16 1
83 8 69 0 41 81 1
52 6 55 20 37 61 1
40 75 86 80 68 65 1
33 86 46 75 69 2 1
36 61 4 28 4 63 1
85 61 40 66 50 44 1
43 65 29 29 71 15 1
7 0 18 53 64 10 1
67 0 49 78 78 87 1
80 68 65 38 66 80 1
53 64 10 82 19 49 1
58 71 57 3 89 85 1
61 35 77 16 60 60 1
78 78 87 10 63 18 1
38 66 80 45 81 12 2
18 80 62 67 0 49 2
12 2 69 43 65 29 2
33 86 46 55 79 60 2
37 35 7 2 82 85 2
37 35 7 89 80 48 2
50 42 80 60 86 39 2
83 8 69 38 66 80 2
81 76 36 85 61 40 2
51 0 36 42 60 13 2
15 3 6 59 19 57 2
9 34 34 48 64 79 2
49 21 15 69 65 73 2
62 49 55 38 66 80 2
57 58 33 83 8 69 2
82 19 49 56 88 42 2
39 34 16 20 37 61 2
87 15 70 2 82 85 2
23 69 16 2 82 85 2
60 86 39 51 0 36 2
0 41 81 68 36 56 2
58 71 57 15 3 6 2
21 34 22 31 81 68 2
1 86 62 59 19 57 2
1 86 62 84 69 86 2
46 50 21 44 51 11 2
16 60 60 30 44 17 2
30 44 17 38 66 80 2
83 8 69 35 64 57 2
55 79 60 44 51 11 2
43 65 29 19 27 31 2
24 57 79 56 88 42 2
47 48 71 48 64 79 2
5 28 4 45 81 12 2
70 2 15 90 40 19 2
65 57 17 38 66 80 2
39 34 16 13 69 41 2
26 69 65 7 0 18 2
8 82 55 45 81 12 2
32 5 27 16 60 60 3
18 80 62 14 71 52 3
45 81 12 20 37 61 3
80 68 65 88 9 15 3
61 35 77 77 50 24 3
16 60 60 49 21 15 3
22 15 24 88 9 15 3
72 52 64 41 85 14 3
71 27 40 39 34 16 3
22 15 24 25 38 86 3
76 51 5 57 58 33 3
29 71 15 63 56 56 3
72 52 64 56 88 42 4
5 28 4 73 4 65 4
67 0 49 34 87 64 5
