60 70 94 54 33 21 1
43 122 127 137 33 50 1
76 14 26 7 136 136 1
16 69 17 94 87 107 1
120 86 50 87 67 90 1
10 100 125 26 47 36 1
100 6 133 78 68 100 1
84 5 99 104 115 91 1
144 23 77 111 61 140 1
118 11 67 128 116 111 1
46 122 103 100 6 133 1
72 60 76 30 1 47 1
100 6 133 2 55 78 1
53 80 92 50 42 128 1
56 21 49 127 114 99 1
119 20 55 80 140 138 1
141 106 15 59 12 136 1
122 55 107 33 73 96 1
140 43 67 58 52 29 1
0 90 11 27 99 53 1
96 95 117 130 103 9 1
89 9 85 27 99 53 1
8 107 108 56 21 49 1
96 95 117 99 119 89 1
71 32 101 127 114 99 1
3 85 128 17 35 45 1
113 143 30 32 97 29 1
59 12 136 82 56 92 1
96 95 117 139 26 39 1
118 11 67 124 118 39 1
16 69 17 35 101 33 1
41 76 11 89 9 85 1
66 37 20 24 107 36 1
68 118 26 138 117 91 1
99 119 89 66 37 20 1
4 132 71 113 143 30 1
8 107 108 70 23 136 1
22 46 36 107 24 113 1
106 66 2 73 68 62 1
2 55 78 86 34 33 1
78 68 100 74 80 44 1
114 89 22 62 100 35 1
96 95 117 77 35 104 1
135 64 20 124 118 39 1
134 132 90 113 143 30 1
102 100 60 79 97 34 1
37 113 11 65 80 112 1
95 138 78 26 47 36 1
83 69 82 125 20 116 1
128 116 111 3 85 128 1
123 54 116 41 76 11 1
107 24 113 28 36 20 1
46 122 103 9 34 113 1
6 20 0 72 60 76 1
130 103 9 32 97 29 1
117 75 102 0 90 11 1
73 68 62 102 100 60 1
88 125 139 92 78 122 1
22 46 36 27 99 53 1
131 114 51 58 52 29 1
98 75 99 21 25 20 1
119 20 55 108 44 104 1
5 83 127 9 34 113 1
34 128 46 83 69 82 1
58 52 29 111 61 140 1
67 77 59 18 105 64 1
100 6 133 123 54 116 1
21 25 20 135 64 20 2
87 67 90 76 14 26 2
136 111 106 50 42 128 2
118 11 67 53 80 92 2
85 2 98 113 143 30 2
126 81 137 28 36 20 2
107 24 113 51 51 124 2
61 26 41 64 28 92 2
116 59 7 119 20 55 2
87 67 90 135 64 20 2
53 80 92 112 20 135 2
58 52 29 53 80 92 2
116 59 7 18 105 64 2
126 81 137 63 77 27 2
54 33 21 135 64 20 2
75 52 90 43 122 127 2
4 132 71 88 125 139 2
139 26 39 104 115 91 2
72 60 76 66 37 20 2
85 2 98 26 47 36 2
119 20 55 98 75 99 2
72 60 76 108 44 104 2
5 83 127 106 66 2 2
55 32 36 31 97 20 2
77 35 104 35 101 33 2
62 100 35 134 132 90 2
122 55 107 28 36 20 2
51 51 124 134 132 90 2
91 137 127 3 85 128 2
86 34 33 38 133 138 2
133 98 104 12 40 20 2
114 89 22 141 106 15 2
37 113 11 141 106 15 2
36 21 118 22 46 36 2
57 46 121 37 113 11 2
93 21 53 17 35 45 2
143 54 109 22 46 36 2
105 54 60 131 114 51 2
60 70 94 109 66 30 2
102 100 60 101 121 61 2
44 43 53 5 83 127 2
67 77 59 11 19 114 2
68 118 26 67 77 59 2
18 105 64 97 129 6 2
24 107 36 121 39 91 2
42 48 114 14 57 113 2
125 20 116 124 118 39 2
33 73 96 81 41 53 2
46 122 103 115 60 5 2
137 33 50 50 42 128 2
62 100 35 25 140 4 2
82 56 92 90 117 116 2
129 43 93 124 118 39 2
7 136 136 13 102 84 2
61 26 41 55 32 36 2
46 122 103 71 32 101 3
40 118 38 129 43 93 3
30 1 47 12 40 20 3
16 69 17 61 26 41 3
19 123 80 38 133 138 3
142 20 67 7 136 136 3
15 140 117 2 55 78 3
85 2 98 20 103 85 3
75 52 90 48 85 21 3
112 20 135 69 46 57 3
34 128 46 39 53 73 3
47 11 91 100 6 133 3
1 71 35 95 138 78 3
29 118 89 82 56 92 3
102 100 60 132 20 127 3
141 106 15 45 8 64 3
42 48 114 58 52 29 3
23 38 111 6 20 0 3
49 123 10 28 36 20 4
52 75 105 138 117 91 4
103 33 33 11 19 114 4
110 37 126 8 107 108 5
