3 71 45 6 36 71 1
29 113 114 94 94 20 1
45 83 107 68 96 44 1
9 78 36 34 3 71 1
78 18 103 5 81 42 1
112 90 21 62 49 40 1
8 72 32 113 91 21 1
34 3 71 100 109 66 1
33 73 10 102 84 21 1
78 18 103 79 38 47 1
36 2 47 110 71 85 1
7 112 18 113 91 21 1
51 79 112 44 85 79 1
96 8 39 22 54 7 1
30 32 57 79 38 47 1
90 108 96 67 89 37 1
80 81 93 100 109 66 1
58 82 70 110 71 85 1
34 3 71 73 18 113 1
16 104 32 112 90 21 1
1 11 74 97 71 13 1
90 108 96 38 13 46 1
63 59 72 104 35 12 1
92 50 114 47 104 67 1
78 18 103 37 97 10 1
13 82 68 49 60 30 1
61 37 34 101 94 79 1
44 85 79 16 104 32 1
41 59 87 107 97 49 1
17 30 62 7 112 18 1
14 63 19 4 113 80 1
85 51 45 27 67 32 1
21 61 20 11 19 34 1
13 82 68 67 89 37 1
13 82 68 21 61 20 1
89 23 21 25 96 42 1
95 72 14 91 37 20 1
62 49 40 5 81 42 1
23 9 54 94 94 20 1
89 23 21 52 88 102 1
98 109 100 112 90 21 1
36 2 47 23 9 54 1
16 104 32 61 37 34 1
54 51 92 80 81 93 1
101 94 79 31 103 83 1
68 96 44 5 81 42 1
4 113 80 58 82 70 1
0 37 71 92 50 114 1
6 36 71 95 72 14 1
63 59 72 33 73 10 1
78 18 103 63 59 72 1
80 81 93 102 84 21 1
4 113 80 103 71 10 1
86 81 83 105 32 20 1
19 78 14 28 108 87 1
69 77 67 71 55 17 2
55 82 45 74 20 106 2
97 71 13 18 33 6 2
41 59 87 4 113 80 2
113 91 21 80 81 93 2
104 35 12 93 113 20 2
82 111 108 15 29 64 2
0 37 71 107 97 49 2
76 11 26 32 90 52 2
12 30 87 46 26 17 2
37 97 10 53 30 1 2
45 83 107 11 19 34 2
32 90 52 50 46 92 2
20 35 59 68 96 44 2
101 94 79 56 63 30 2
66 9 101 71 55 17 2
75 79 102 46 26 17 2
1 11 74 107 97 49 2
6 36 71 37 97 10 2
38 13 46 86 81 83 2
38 13 46 58 82 70 2
99 68 49 36 2 47 2
5 81 42 72 39 27 2
57 20 32 58 82 70 2
19 78 14 75 79 102 2
66 9 101 84 73 51 2
79 38 47 35 109 99 2
72 39 27 108 68 45 2
39 39 79 66 9 101 2
42 78 63 56 63 30 2
40 68 107 85 51 45 2
19 78 14 52 88 102 2
2 78 88 48 38 1 2
45 83 107 40 68 107 2
65 105 101 46 26 17 2
19 78 14 112 90 21 2
24 16 88 114 8 65 2
26 97 77 102 84 21 2
80 81 93 48 38 1 2
58 82 70 70 76 54 2
50 46 92 98 109 100 2
79 38 47 10 107 83 2
43 58 11 68 96 44 2
102 84 21 55 82 45 2
114 8 65 13 82 68 3
46 26 17 66 9 101 3
77 72 110 86 81 83 3
88 25 100 33 73 10 3
96 8 39 37 97 10 3
111 26 22 34 3 71 3
15 29 64 36 2 47 3
81 103 0 101 94 79 3
41 59 87 59 20 5 3
100 109 66 60 2 60 4
64 69 76 61 37 34 4
60 2 60 83 71 40 5
20 35 59 87 14 102 6
111 26 22 109 50 34 6
106 52 60 35 109 99 6
