25 21 4 1 72 52 1
17 6 39 59 12 59 1
46 15 18 1 72 52 1
58 9 11 44 66 56 1
8 43 16 40 11 27 1
27 52 8 62 29 18 1
67 27 0 72 25 5 1
12 0 9 39 71 52 1
45 46 51 68 43 20 1
16 51 16 20 24 35 1
69 20 40 5 37 7 1
7 61 12 12 0 9 1
71 32 32 15 13 21 1
64 13 54 69 20 40 1
24 68 3 14 70 18 1
2 57 45 60 2 1 1
16 51 16 43 60 55 1
57 30 56 21 5 47 1
48 53 36 26 69 16 1
38 31 15 52 52 14 1
62 29 18 14 70 18 1
28 22 39 35 39 39 1
4 54 19 44 66 56 1
5 37 7 13 72 45 1
45 46 51 9 41 18 1
64 13 54 48 53 36 1
23 31 20 13 72 45 1
19 42 68 63 4 66 1
50 13 64 11 25 19 1
51 48 46 29 59 30 1
0 71 7 72 25 5 1
3 58 51 31 57 22 1
14 70 18 66 53 16 1
62 29 18 40 11 27 1
4 54 19 53 36 8 1
65 59 32 47 53 14 1
32 16 6 19 42 68 2
51 48 46 60 2 1 2
46 15 18 61 72 32 2
0 71 7 7 61 12 2
55 46 69 30 28 61 2
2 57 45 62 29 18 2
15 13 21 63 4 66 2
37 12 6 2 57 45 2
57 30 56 41 20 26 2
57 30 56 62 29 18 2
29 59 30 7 61 12 2
16 51 16 44 66 56 2
46 15 18 5 37 7 2
30 28 61 5 37 7 2
15 13 21 57 30 56 2
9 41 18 28 22 39 2
22 39 59 39 71 52 2
21 5 47 34 20 12 2
55 46 69 31 57 22 2
35 39 39 71 32 32 2
33 38 26 27 52 8 2
54 31 21 38 31 15 2
50 13 64 12 0 9 2
56 30 22 26 69 16 2
71 32 32 1 72 52 2
4 54 19 0 71 7 2
52 52 14 20 24 35 3
42 43 55 16 51 16 3
47 53 14 38 31 15 3
52 52 14 59 12 59 3
10 40 5 9 41 18 3
4 54 19 36 56 53 3
56 30 22 49 36 54 4
6 3 20 22 39 59 5
31 57 22 70 41 37 5
18 20 47 22 39 59 5
