108 137 180 142 54 33 1
100 33 125 48 148 20 1
32 0 168 38 175 188 1
139 133 114 143 74 77 1
11 10 77 133 86 18 1
16 185 160 43 100 30 1
58 108 9 99 137 93 1
41 104 109 17 180 40 1
12 108 35 153 15 49 1
146 87 91 122 66 130 1
176 147 86 97 136 97 1
177 17 124 3 4 29 1
96 72 148 40 139 169 1
188 105 167 75 31 182 1
45 58 55 181 40 118 1
62 148 95 42 41 137 1
132 133 94 81 18 46 1
45 58 55 15 3 106 1
159 105 75 132 133 94 1
152 30 180 104 33 48 1
132 133 94 86 40 65 1
20 67 82 37 133 59 1
44 100 156 0 102 42 1
0 102 42 101 100 159 1
33 58 88 74 170 40 1
120 48 154 126 171 152 1
152 30 180 125 53 38 1
49 122 102 134 91 95 1
58 108 9 28 126 171 1
107 43 139 125 53 38 1
67 163 182 107 43 139 1
72 146 147 50 130 124 1
138 87 107 68 61 168 1
178 26 177 4 172 74 1
172 73 68 72 146 147 1
186 70 178 125 53 38 1
121 117 183 107 43 139 1
23 92 5 143 74 77 1
51 87 162 134 91 95 1
3 4 29 182 138 15 1
187 149 6 114 29 107 1
41 104 109 60 138 105 1
81 18 46 154 149 101 1
167 169 81 3 4 29 1
62 148 95 170 3 98 1
180 89 3 60 138 105 1
180 89 3 1 83 172 1
131 125 53 134 91 95 1
99 137 93 41 104 109 1
5 35 138 146 87 91 1
48 148 20 24 186 36 1
102 59 60 150 147 111 1
20 67 82 88 148 41 1
27 103 9 103 28 48 1
163 91 132 115 68 19 1
1 83 172 39 119 159 1
153 15 49 90 31 30 1
74 170 40 84 34 98 1
183 154 44 51 87 162 1
167 169 81 161 100 91 1
17 180 40 93 87 114 1
148 79 139 138 87 107 1
57 129 33 84 34 98 1
5 35 138 1 83 172 1
85 140 182 113 140 92 1
101 100 159 54 89 138 1
183 154 44 109 99 1 1
136 6 176 99 137 93 1
182 138 15 105 45 125 1
32 0 168 0 102 42 1
96 72 148 155 180 164 1
73 142 82 137 144 24 1
18 54 10 114 29 107 1
30 150 92 36 85 87 1
63 73 113 38 175 188 1
72 146 147 32 0 168 1
52 78 184 90 31 30 1
14 50 25 1 83 172 1
49 122 102 65 68 163 1
34 164 187 14 50 25 1
99 137 93 22 86 109 1
114 29 107 131 125 53 1
3 4 29 112 2 6 1
25 47 84 93 87 114 1
61 100 84 59 30 62 1
93 87 114 133 86 18 1
49 122 102 56 151 54 1
33 58 88 169 119 89 1
20 67 82 36 85 87 1
57 129 33 41 104 109 1
160 187 54 76 97 36 1
119 118 176 136 6 176 1
19 182 38 129 50 187 1
170 3 98 146 87 91 1
105 45 125 184 13 188 1
75 31 182 173 123 34 1
1 83 172 50 130 124 1
173 123 34 90 31 30 2
83 103 187 188 105 167 2
50 130 124 125 53 38 2
37 133 59 136 6 176 2
67 163 182 13 69 30 2
83 103 187 50 130 124 2
186 70 178 92 31 123 2
167 169 81 91 183 44 2
168 170 144 158 20 129 2
122 66 130 69 93 167 2
137 144 24 79 68 116 2
71 72 7 75 31 182 2
115 68 19 101 100 159 2
139 133 114 72 146 147 2
128 167 19 183 154 44 2
77 95 90 2 98 91 2
117 20 38 14 50 25 2
155 180 164 130 129 60 2
103 28 48 20 67 82 2
177 17 124 24 186 36 2
41 104 109 154 149 101 2
145 151 162 82 19 3 2
188 105 167 98 154 142 2
66 66 157 158 20 129 2
140 120 160 28 126 171 2
164 168 138 158 20 129 2
79 68 116 118 76 57 2
53 184 179 0 102 42 2
24 186 36 109 99 1 2
132 133 94 105 45 125 2
68 61 168 52 78 184 2
135 115 32 183 154 44 2
96 72 148 87 64 43 2
70 157 106 164 168 138 2
180 89 3 64 161 24 2
107 43 139 166 76 152 2
122 66 130 77 95 90 2
17 180 40 175 83 101 2
59 30 62 162 183 113 2
150 147 111 127 181 66 2
33 58 88 123 16 35 2
21 86 156 90 31 30 2
142 54 33 34 164 187 2
174 57 148 175 83 101 2
43 100 30 7 84 182 2
140 120 160 118 76 57 2
90 31 30 178 26 177 2
121 117 183 76 97 36 2
144 30 172 11 10 77 2
108 137 180 55 0 121 2
141 137 69 138 87 107 2
158 20 129 95 83 183 2
94 143 118 67 163 182 2
145 151 162 43 100 30 2
183 154 44 185 0 90 2
176 147 86 87 64 43 2
155 180 164 98 154 142 2
188 105 167 168 170 144 2
121 117 183 106 99 143 2
92 31 123 47 19 166 2
19 182 38 175 83 101 3
162 183 113 148 79 139 3
19 182 38 45 58 55 3
171 72 123 77 95 90 3
26 60 29 39 119 159 3
157 73 132 130 129 60 3
86 40 65 120 48 154 3
89 38 109 63 73 113 3
110 113 146 184 13 188 3
147 183 61 165 71 27 3
156 139 61 72 146 147 3
18 54 10 46 21 53 3
73 142 82 111 128 51 3
9 12 104 14 50 25 3
171 72 123 150 147 111 3
113 140 92 37 133 59 3
6 1 115 70 157 106 3
78 48 169 46 21 53 3
69 93 167 80 44 98 3
165 71 27 83 103 187 3
35 140 114 154 149 101 4
43 100 30 185 0 90 4
8 42 156 99 137 93 4
31 126 80 67 163 182 4
149 33 50 136 6 176 4
116 21 35 60 138 105 4
133 86 18 179 110 182 5
151 82 159 42 41 137 5
124 15 131 129 50 187 5
74 170 40 10 173 46 6
18 54 10 29 174 149 6
