40 31 26 16 50 6 1
12 13 8 21 30 15 1
10 49 6 58 30 0 1
64 29 21 56 32 45 1
39 17 7 43 4 24 1
0 22 58 36 68 27 1
34 51 46 47 28 67 1
15 65 57 21 30 15 1
67 7 20 52 18 20 1
43 4 24 36 68 27 1
30 13 16 43 4 24 1
11 49 66 13 19 54 1
31 43 41 20 55 63 1
3 50 31 59 4 64 1
43 4 24 61 18 65 1
6 2 50 4 60 10 1
3 50 31 26 54 14 1
67 7 20 13 19 54 1
55 5 30 64 29 21 1
49 35 5 61 18 65 1
67 7 20 42 7 59 1
52 18 20 8 47 47 1
19 39 12 39 17 7 1
40 31 26 39 17 7 1
46 14 43 44 66 57 1
29 2 32 0 22 58 1
16 50 6 2 61 48 1
65 0 32 23 47 34 1
26 54 14 15 65 57 1
48 4 17 47 28 67 1
5 51 10 37 36 54 1
58 30 0 41 33 62 1
1 16 67 10 49 6 1
18 20 47 25 51 18 1
24 2 4 30 13 16 1
31 43 41 54 38 12 1
42 7 59 51 4 23 1
46 14 43 26 54 14 1
55 5 30 30 13 16 2
5 51 10 38 2 51 2
5 51 10 57 37 63 2
43 4 24 3 50 31 2
9 55 4 29 2 32 2
45 26 13 62 6 4 2
39 17 7 34 51 46 2
61 18 65 28 0 67 2
2 61 48 62 6 4 2
24 2 4 63 25 29 2
5 51 10 35 23 26 2
68 35 46 25 51 18 2
25 51 18 41 33 62 2
35 23 26 16 50 6 2
45 26 13 13 19 54 2
10 49 6 62 6 4 2
53 66 61 62 6 4 2
4 60 10 11 49 66 2
50 48 33 25 51 18 2
47 28 67 31 43 41 3
14 38 53 50 48 33 3
60 19 1 49 35 5 3
66 26 35 57 37 63 3
32 31 4 4 60 10 3
39 17 7 7 8 63 3
42 7 59 17 23 28 3
22 19 13 34 51 46 4
23 47 34 46 14 43 4
8 47 47 33 41 66 4
64 29 21 27 15 57 4
