38 30 58 50 25 11 1
12 6 37 25 5 43 1
57 46 34 7 48 52 1
42 12 11 46 58 35 1
59 8 55 16 5 24 1
12 6 37 33 13 0 1
43 48 38 57 46 34 1
24 3 29 23 29 50 1
48 38 46 10 21 52 1
13 37 55 8 34 43 1
59 8 55 55 34 24 1
39 41 22 22 15 0 1
49 42 40 32 47 10 1
37 24 20 21 46 54 1
13 37 55 29 2 39 1
47 12 23 27 52 45 1
39 41 22 24 3 29 1
50 25 11 49 42 40 1
1 38 33 48 38 46 1
50 25 11 35 38 31 1
44 32 43 16 5 24 1
42 12 11 9 53 29 1
39 41 22 3 12 11 1
11 48 33 51 13 17 1
31 1 37 48 38 46 1
42 12 11 26 53 59 1
50 25 11 5 23 28 1
24 3 29 58 35 42 1
51 13 17 49 42 40 1
5 23 28 9 53 29 1
57 46 34 59 8 55 1
5 23 28 43 48 38 1
36 13 49 38 30 58 1
10 21 52 18 42 19 1
5 23 28 21 46 54 2
55 34 24 41 29 41 2
20 44 20 16 5 24 2
39 41 22 0 44 50 2
34 22 36 54 6 6 2
25 5 43 2 53 13 2
52 21 34 47 12 23 2
45 34 4 18 42 19 2
23 29 50 38 30 58 2
45 34 4 36 13 49 2
13 37 55 55 34 24 2
17 41 6 14 12 3 2
59 8 55 15 4 58 2
5 23 28 54 6 6 2
33 13 0 35 38 31 2
17 41 6 34 22 36 2
57 46 34 52 21 34 2
56 44 25 43 48 38 3
38 30 58 40 21 20 3
30 13 13 51 13 17 3
28 53 20 45 34 4 3
53 19 47 47 12 23 3
43 48 38 6 26 23 3
4 47 52 3 12 11 3
39 41 22 19 49 15 6
