11 14 48 128 174 148 1
131 166 57 96 48 129 1
6 56 152 173 27 42 1
144 50 41 170 85 110 1
82 45 10 0 67 38 1
161 125 107 41 10 136 1
14 46 39 41 10 136 1
137 27 47 38 110 8 1
77 101 98 46 13 58 1
57 97 106 149 137 37 1
10 63 72 114 178 105 1
42 177 66 112 13 36 1
82 45 10 38 110 8 1
4 63 83 33 109 142 1
97 44 36 39 20 14 1
18 11 47 45 115 10 1
98 32 134 136 42 51 1
22 65 51 18 11 47 1
60 72 168 33 109 142 1
78 85 40 96 48 129 1
156 1 132 97 44 36 1
139 128 126 75 78 118 1
104 97 3 91 6 165 1
115 170 88 161 125 107 1
114 178 105 59 151 126 1
35 176 58 63 52 91 1
74 47 75 11 14 48 1
65 45 149 173 27 42 1
150 89 8 98 32 134 1
13 127 156 95 90 131 1
95 90 131 69 3 115 1
111 110 80 154 73 120 1
21 111 33 164 47 112 1
159 137 85 161 125 107 1
128 174 148 14 46 39 1
147 172 9 165 85 17 1
135 111 4 97 44 36 1
35 176 58 73 94 90 1
42 177 66 83 86 129 1
43 124 89 134 159 98 1
173 27 42 141 76 86 1
137 27 47 174 61 51 1
17 137 54 104 97 3 1
66 66 18 116 10 26 1
71 101 41 15 103 159 1
15 103 159 116 10 26 1
99 76 79 43 124 89 1
152 31 100 131 166 57 1
71 101 41 113 145 129 1
171 169 63 138 81 96 1
112 13 36 91 6 165 1
69 3 115 157 104 96 1
171 169 63 6 56 152 1
62 48 4 107 44 176 1
11 14 48 175 109 128 1
152 31 100 171 169 63 1
175 109 128 49 161 122 1
32 168 90 125 53 135 1
163 171 16 32 168 90 1
46 13 58 98 32 134 1
59 151 126 144 50 41 1
161 125 107 130 59 21 1
79 23 142 12 174 139 1
168 57 20 95 90 131 1
47 158 43 96 48 129 1
88 162 101 147 172 9 1
51 81 100 31 119 178 1
17 137 54 134 159 98 1
129 132 89 127 78 121 1
21 111 33 40 155 37 1
148 64 175 84 29 105 1
35 176 58 16 37 133 1
161 125 107 67 13 174 1
56 153 132 132 137 60 1
177 23 13 28 153 27 1
103 67 131 15 103 159 1
24 21 36 147 172 9 1
13 127 156 121 28 12 1
29 67 18 178 10 176 1
102 3 127 98 32 134 1
171 169 63 18 11 47 1
27 38 131 131 166 57 1
159 137 85 97 44 36 1
7 108 44 50 31 87 1
134 159 98 107 44 176 1
26 20 177 125 53 135 1
47 158 43 98 32 134 1
95 90 131 125 53 135 1
58 117 121 160 85 53 1
84 29 105 99 76 79 1
14 46 39 73 94 90 1
100 155 27 11 14 48 1
60 72 168 36 118 67 1
2 134 23 55 137 74 2
42 177 66 22 65 51 2
136 42 51 59 151 126 2
74 47 75 116 10 26 2
7 108 44 69 3 115 2
51 81 100 164 47 112 2
90 83 88 17 137 54 2
103 67 131 102 3 127 2
2 134 23 7 108 44 2
28 153 27 106 1 23 2
97 44 36 108 17 11 2
133 120 125 145 32 20 2
171 169 63 119 34 39 2
58 117 121 12 174 139 2
81 38 71 97 44 36 2
29 67 18 44 153 47 2
21 111 33 53 91 120 2
80 51 113 31 119 178 2
32 168 90 96 48 129 2
169 70 118 152 31 100 2
97 44 36 124 67 20 2
101 22 96 19 95 8 2
105 83 1 156 1 132 2
38 110 8 42 177 66 2
57 97 106 145 32 20 2
4 63 83 42 177 66 2
109 1 60 118 62 135 2
155 49 94 54 44 48 2
79 23 142 27 38 131 2
37 162 142 51 81 100 2
101 22 96 86 7 72 2
27 38 131 155 49 94 2
76 22 178 62 48 4 2
34 37 94 6 56 152 2
142 125 60 128 174 148 2
48 71 37 35 176 58 2
91 6 165 25 19 4 2
61 73 104 39 20 14 2
170 85 110 164 47 112 2
165 85 17 33 109 142 2
81 38 71 110 156 27 2
118 62 135 96 48 129 2
101 22 96 73 94 90 2
122 45 114 51 81 100 2
85 53 168 92 57 85 2
30 50 162 175 109 128 2
158 150 140 17 137 54 2
104 97 3 140 170 63 2
106 1 23 41 10 136 2
172 26 47 14 46 39 2
108 17 11 23 140 143 2
13 127 156 146 118 17 2
153 0 147 93 82 141 2
143 120 173 47 158 43 2
17 137 54 8 126 75 2
29 67 18 89 75 150 2
166 142 52 134 159 98 2
86 7 72 70 95 159 2
129 132 89 3 15 44 2
162 30 137 133 120 125 2
176 142 69 140 170 63 2
167 103 86 63 52 91 2
153 0 147 34 37 94 2
75 78 118 98 32 134 2
73 94 90 94 151 109 2
174 61 51 162 30 137 3
89 75 150 35 176 58 3
79 23 142 123 47 172 3
68 158 40 133 120 125 3
111 110 80 150 89 8 3
66 66 18 9 62 177 3
125 53 135 20 64 125 3
162 30 137 72 16 72 3
132 137 60 129 132 89 3
113 145 129 117 113 116 3
104 97 3 85 53 168 3
1 20 41 162 30 137 3
3 15 44 82 45 10 3
151 166 139 13 127 156 3
5 5 151 34 37 94 3
130 59 21 87 101 61 4
25 19 4 126 153 20 4
5 5 151 64 7 76 4
120 54 88 23 140 143 4
52 120 37 121 28 12 6
