14 70 88 68 16 39 1
91 77 81 10 97 83 1
28 18 26 120 82 62 1
93 37 3 22 86 1 1
20 51 79 55 85 28 1
69 67 78 9 54 108 1
64 90 42 20 51 79 1
66 97 93 0 70 45 1
72 49 90 39 69 4 1
115 64 63 15 49 106 1
103 15 27 43 124 47 1
97 111 120 24 7 41 1
16 17 97 50 105 61 1
39 69 4 24 7 41 1
69 67 78 41 42 3 1
21 106 24 15 49 106 1
74 25 90 23 101 11 1
10 97 83 59 42 117 1
94 12 96 22 86 1 1
81 108 36 70 86 82 1
68 16 39 81 108 36 1
20 51 79 81 108 36 1
110 117 4 119 121 72 1
86 2 113 33 108 43 1
83 85 111 40 77 99 1
78 18 20 89 108 53 1
107 21 50 12 110 24 1
44 38 42 115 64 63 1
112 30 90 102 24 33 1
29 54 9 1 7 66 1
37 103 118 118 45 101 1
92 58 31 101 115 29 1
48 27 79 57 108 42 1
112 30 90 51 25 49 1
12 110 24 120 82 62 1
122 10 118 49 11 78 1
9 54 108 84 20 63 1
59 42 117 65 32 97 1
6 0 114 57 108 42 1
43 124 47 8 34 61 1
74 25 90 32 122 110 1
42 102 62 118 45 101 1
115 64 63 48 27 79 1
52 7 54 98 10 32 1
5 24 121 126 94 50 1
8 34 61 89 108 53 1
4 52 4 62 89 103 1
120 82 62 27 94 21 1
34 15 33 52 7 54 1
38 75 73 12 110 24 1
57 108 42 14 70 88 1
10 97 83 56 48 112 1
86 2 113 80 2 35 1
93 37 3 15 49 106 1
72 49 90 40 77 99 1
23 101 11 5 24 121 1
125 79 47 97 111 120 1
71 85 64 25 45 9 1
118 45 101 122 10 118 1
32 122 110 31 6 76 1
16 17 97 49 11 78 1
10 97 83 29 54 9 1
30 73 50 59 42 117 1
100 41 29 23 101 11 1
123 70 98 33 108 43 1
67 109 34 84 20 63 1
58 101 53 47 77 32 1
117 59 96 100 41 29 1
56 48 112 51 25 49 1
82 95 65 109 50 38 1
22 86 1 72 49 90 1
61 81 106 84 20 63 1
63 43 34 25 45 9 1
42 102 62 41 42 3 1
98 10 32 116 0 9 1
71 85 64 34 15 33 2
68 16 39 105 0 76 2
35 111 14 9 54 108 2
54 49 97 90 105 111 2
5 24 121 25 45 9 2
80 2 35 43 124 47 2
28 18 26 33 108 43 2
123 70 98 121 12 75 2
58 101 53 21 106 24 2
79 82 11 27 94 21 2
102 24 33 25 45 9 2
67 109 34 92 58 31 2
87 71 105 64 90 42 2
83 85 111 79 82 11 2
36 49 107 18 48 101 2
10 97 83 42 102 62 2
56 48 112 22 86 1 2
104 27 22 59 42 117 2
25 45 9 82 95 65 2
88 73 123 90 105 111 2
92 58 31 26 8 125 2
19 94 32 103 15 27 2
53 14 89 122 10 118 2
34 15 33 13 53 36 2
60 77 33 97 111 120 2
4 52 4 82 95 65 2
63 43 34 111 74 63 2
56 48 112 75 117 21 2
2 108 48 69 67 78 2
3 6 106 43 124 47 2
36 49 107 30 73 50 2
16 17 97 110 117 4 2
95 109 69 33 108 43 2
78 18 20 54 49 97 2
94 12 96 73 50 77 2
5 24 121 124 116 31 2
53 14 89 113 49 53 3
11 1 125 24 7 41 3
114 60 104 59 42 117 3
12 110 24 7 93 54 3
29 54 9 17 1 16 3
25 45 9 0 70 45 3
96 63 46 29 54 9 3
46 111 102 19 94 32 4
14 70 88 76 123 19 4
85 63 46 103 15 27 4
122 10 118 45 107 99 4
41 42 3 99 37 33 5
118 45 101 106 62 16 5
58 101 53 108 112 33 5
14 70 88 77 13 59 6
