3 13 52 5 28 39 1
23 60 33 1 42 20 1
19 36 65 50 11 23 1
60 4 45 54 12 53 1
49 29 30 25 47 12 1
56 17 42 14 31 6 1
60 4 45 5 28 39 1
61 54 59 24 27 53 1
22 32 36 54 12 53 1
13 45 20 62 27 52 1
14 31 6 26 8 6 1
4 0 20 33 22 35 1
37 8 41 29 32 4 1
58 5 7 11 5 63 1
56 17 42 1 42 20 1
50 11 23 18 47 15 1
19 36 65 32 15 6 1
39 40 53 46 47 6 1
10 33 24 13 45 20 1
17 49 28 12 60 18 1
50 11 23 17 49 28 1
47 56 29 22 32 36 1
51 46 1 3 13 52 1
14 31 6 22 32 36 1
41 51 26 49 29 30 1
25 47 12 29 32 4 1
46 47 6 47 56 29 1
18 47 15 15 56 47 1
42 10 17 63 9 14 2
12 60 18 41 51 26 2
47 56 29 44 41 41 2
8 21 49 59 12 8 2
12 60 18 5 28 39 2
44 41 41 36 24 48 2
51 46 1 45 63 37 2
4 0 20 12 60 18 2
25 47 12 30 7 44 2
35 24 34 22 32 36 2
28 12 8 40 19 53 2
34 41 39 9 3 50 2
22 32 36 16 51 49 2
48 16 35 17 49 28 2
38 57 19 43 13 2 2
39 40 53 63 9 14 2
51 46 1 7 47 5 2
46 47 6 65 30 51 2
40 19 53 37 8 41 2
23 60 33 55 47 11 2
52 62 9 47 56 29 2
20 52 64 19 36 65 2
13 45 20 27 48 46 2
16 51 49 8 21 49 2
34 41 39 50 11 23 2
61 54 59 21 9 6 2
34 41 39 27 48 46 2
53 26 56 48 16 35 2
60 4 45 0 28 50 3
11 5 63 52 62 9 3
64 41 49 34 41 39 3
9 3 50 2 40 38 3
50 11 23 57 54 36 3
21 9 6 7 47 5 3
38 57 19 55 47 11 3
46 47 6 6 30 23 3
46 47 6 31 55 27 3
