121 167 162 21 148 138 1
80 9 121 116 89 18 1
138 116 151 135 104 114 1
119 185 175 134 103 183 1
191 140 142 31 121 66 1
84 100 166 127 63 54 1
103 117 6 186 153 180 1
124 177 4 153 168 0 1
9 167 11 83 143 8 1
176 165 142 147 186 52 1
185 95 37 84 100 166 1
84 100 166 23 196 145 1
167 43 104 42 138 179 1
187 76 171 100 140 89 1
167 43 104 102 84 48 1
14 149 94 7 45 194 1
7 45 194 84 100 166 1
193 122 110 69 78 149 1
183 73 45 118 138 139 1
0 180 173 15 182 40 1
113 195 168 101 102 148 1
8 130 5 22 98 62 1
86 40 127 32 35 121 1
11 134 190 175 10 10 1
76 151 124 50 136 72 1
62 64 114 77 135 1 1
40 130 98 129 170 130 1
31 121 66 96 184 143 1
7 45 194 97 68 73 1
192 7 139 28 46 61 1
59 178 33 153 168 0 1
174 72 71 37 161 168 1
130 185 165 93 180 98 1
103 117 6 48 137 127 1
38 156 152 54 180 87 1
139 152 192 5 115 60 1
165 8 171 129 170 130 1
143 80 80 99 76 33 1
151 180 39 47 120 196 1
133 114 125 41 87 93 1
59 178 33 27 79 45 1
80 9 121 155 106 95 1
191 140 142 107 176 48 1
57 173 62 115 98 181 1
173 11 3 18 35 135 1
123 147 169 91 105 179 1
80 9 121 181 179 11 1
89 58 136 189 100 66 1
138 116 151 1 40 10 1
23 196 145 17 194 61 1
113 195 168 7 45 194 1
1 40 10 164 112 180 1
94 45 167 123 147 169 1
56 3 127 113 195 168 1
190 26 95 24 76 66 1
28 46 61 0 180 173 1
45 129 154 142 101 170 1
12 87 97 91 105 179 1
167 43 104 162 19 172 1
129 170 130 31 121 66 1
38 156 152 146 112 14 1
44 150 5 112 175 127 1
92 25 107 66 171 59 1
106 39 12 151 180 39 1
22 98 62 70 76 106 1
195 91 72 33 68 66 1
84 100 166 73 68 65 1
41 87 93 191 140 142 1
135 104 114 45 129 154 1
177 178 52 185 95 37 1
155 106 95 167 43 104 1
2 145 24 86 40 127 1
142 101 170 79 17 6 1
194 80 185 148 168 132 1
121 167 162 173 11 3 1
63 97 124 138 116 151 1
127 63 54 139 152 192 1
157 150 121 22 98 62 1
156 160 17 5 115 60 1
19 24 49 55 125 82 1
184 127 66 56 3 127 1
116 89 18 115 98 181 1
80 9 121 48 137 127 1
97 68 73 89 58 136 1
86 40 127 12 87 97 1
77 135 1 28 46 61 1
110 3 74 73 68 65 1
49 43 196 192 7 139 1
19 24 49 10 159 18 1
55 125 82 84 100 166 1
105 25 165 33 68 66 1
35 29 135 190 26 95 1
57 173 62 123 147 169 1
174 72 71 169 98 104 1
68 126 45 31 121 66 2
126 21 170 65 0 82 2
138 116 151 26 195 158 2
21 148 138 22 98 62 2
149 30 191 19 24 49 2
173 11 3 59 178 33 2
156 160 17 174 72 71 2
142 101 170 108 142 96 2
15 182 40 184 127 66 2
103 117 6 27 79 45 2
190 26 95 90 92 95 2
164 112 180 169 98 104 2
60 145 49 167 43 104 2
92 25 107 13 151 79 2
91 105 179 166 58 100 2
21 148 138 175 10 10 2
165 8 171 17 194 61 2
180 33 171 172 106 86 2
153 168 0 64 12 59 2
42 138 179 73 68 65 2
131 138 110 73 68 65 2
133 114 125 9 167 11 2
148 168 132 187 76 171 2
83 143 8 134 103 183 2
179 48 183 148 168 132 2
66 171 59 23 196 145 2
43 112 126 0 180 173 2
54 180 87 96 184 143 2
18 35 135 35 29 135 2
16 174 71 51 12 37 2
190 26 95 3 53 184 2
163 36 29 151 180 39 2
100 140 89 17 194 61 2
120 107 79 129 170 130 2
86 40 127 30 74 17 2
110 3 74 50 136 72 2
81 26 162 48 137 127 2
45 129 154 20 115 188 2
54 180 87 95 123 157 2
151 180 39 7 45 194 2
109 20 33 39 134 106 2
33 68 66 98 51 193 2
157 150 121 93 180 98 2
132 73 146 81 26 162 2
87 132 127 34 35 59 2
152 184 100 21 148 138 2
191 140 142 82 4 16 2
110 3 74 118 138 139 2
193 122 110 122 156 60 2
140 15 148 109 20 33 2
79 17 6 25 186 30 2
168 166 16 68 126 45 2
46 60 62 108 142 96 2
125 131 180 123 147 169 2
33 68 66 61 81 122 2
180 33 171 57 173 62 2
32 35 121 188 137 84 2
196 167 166 137 40 95 2
188 137 84 51 12 37 2
80 9 121 158 147 37 2
94 45 167 141 158 17 2
75 60 113 127 63 54 2
111 114 15 189 100 66 2
38 156 152 52 91 61 2
99 76 33 18 35 135 2
104 126 133 87 132 127 2
190 26 95 195 91 72 2
193 122 110 154 187 30 2
128 135 82 119 185 175 2
24 76 66 39 134 106 3
171 38 177 129 170 130 3
29 70 22 50 136 72 3
145 168 63 96 184 143 3
71 108 156 126 21 170 3
161 117 132 101 102 148 3
122 156 60 46 60 62 3
160 44 151 91 105 179 3
104 126 133 128 135 82 3
126 21 170 11 134 190 3
14 149 94 159 90 42 3
88 80 33 175 10 10 3
74 96 124 60 145 49 3
85 64 56 195 91 72 3
150 105 8 134 103 183 3
196 167 166 148 168 132 3
94 45 167 72 13 64 3
4 69 162 44 150 5 3
58 117 10 96 184 143 3
67 137 3 18 35 135 3
54 180 87 176 165 142 3
151 180 39 44 150 5 3
53 160 7 133 114 125 3
126 21 170 36 101 5 4
182 90 114 190 26 95 4
136 196 153 130 185 165 4
78 70 19 44 150 5 4
70 76 106 170 67 123 5
6 24 87 157 150 121 5
178 14 169 189 100 66 5
112 175 127 144 66 119 6
170 67 123 114 189 101 6
167 43 104 117 144 0 8
