2 26 11 16 14 26 1
16 14 26 12 17 23 1
11 13 12 23 7 24 1
17 3 0 28 10 5 1
4 11 25 26 20 10 1
22 18 0 24 21 20 1
5 6 28 29 24 16 1
10 28 5 9 2 13 1
19 29 26 1 19 25 1
23 7 24 17 3 0 1
29 24 16 12 17 23 1
18 0 27 16 14 26 1
14 12 25 27 7 13 1
20 14 17 22 18 0 1
18 0 27 19 29 26 1
14 12 25 22 18 0 1
10 28 5 22 18 0 2
0 10 20 7 14 6 2
10 28 5 3 14 10 2
15 0 3 14 12 25 2
27 7 13 18 0 27 2
20 14 17 21 15 3 2
22 18 0 26 20 10 2
23 7 24 1 19 25 2
7 14 6 13 14 1 2
0 10 20 28 10 5 2
6 12 22 24 21 20 2
27 7 13 25 29 21 3
22 18 0 8 12 22 3
