50 62 17 16 13 67 1
39 41 34 36 20 48 1
7 61 0 45 8 48 1
63 46 18 7 61 0 1
36 20 48 5 15 41 1
5 15 41 12 11 0 1
29 25 52 12 11 0 1
60 1 51 23 43 45 1
57 11 38 40 32 9 1
29 25 52 38 21 3 1
66 32 33 38 21 3 1
9 7 24 61 13 52 1
10 23 53 28 8 55 1
65 54 5 26 30 18 1
15 0 30 22 64 38 1
11 25 7 29 25 52 1
48 63 57 58 28 43 1
23 43 45 59 32 34 1
36 20 48 42 2 16 1
23 43 45 38 21 3 1
35 57 31 50 62 17 1
15 0 30 48 63 57 1
2 20 14 33 48 1 1
11 25 7 62 34 21 1
1 17 11 32 27 20 1
3 44 14 64 43 55 1
41 23 51 52 32 27 1
39 41 34 1 17 11 1
28 8 55 54 7 21 1
64 43 55 6 60 35 1
16 13 67 22 64 38 1
9 7 24 1 17 11 1
34 65 17 7 61 0 1
8 5 41 54 7 21 1
64 43 55 9 7 24 1
7 61 0 67 5 52 1
45 8 48 26 30 18 2
33 48 1 63 46 18 2
41 23 51 5 15 41 2
63 46 18 22 64 38 2
24 52 67 52 32 27 2
57 11 38 65 54 5 2
43 54 53 18 1 57 2
0 35 48 13 46 65 2
48 63 57 17 5 62 2
22 64 38 51 28 28 2
49 56 29 32 27 20 2
24 52 67 15 0 30 2
28 8 55 66 32 33 2
36 20 48 4 19 47 3
56 56 48 39 41 34 3
65 54 5 0 35 48 3
19 12 11 31 35 7 3
24 52 67 21 28 57 3
30 30 48 56 56 48 3
25 12 18 20 62 35 3
43 54 53 28 8 55 3
46 65 10 43 54 53 3
53 52 58 26 30 18 3
31 35 7 44 12 59 4
16 13 67 55 43 3 4
8 5 41 31 35 7 4
53 52 58 47 42 23 4
25 12 18 33 48 1 4
62 34 21 27 46 43 4
60 1 51 37 41 28 4
14 62 24 61 13 52 5
