18 25 19 83 76 139 1
84 96 115 77 78 91 1
54 48 29 27 114 117 1
152 51 26 63 43 16 1
52 96 53 88 36 51 1
28 66 32 8 132 31 1
13 6 32 150 4 135 1
79 114 128 12 37 142 1
70 97 52 108 45 150 1
153 68 77 94 143 108 1
29 0 137 33 91 87 1
69 148 6 56 44 34 1
150 4 135 75 6 29 1
110 48 139 78 1 133 1
37 88 108 113 30 54 1
20 113 16 13 6 32 1
117 43 112 147 129 133 1
97 51 96 3 37 95 1
149 82 64 74 85 122 1
112 0 50 142 40 68 1
104 37 139 16 10 22 1
103 117 153 35 134 33 1
47 20 45 68 49 130 1
33 91 87 5 62 99 1
0 93 139 143 105 99 1
92 145 52 48 19 33 1
86 84 136 140 122 90 1
94 143 108 117 43 112 1
140 122 90 10 131 15 1
1 101 81 109 95 115 1
117 43 112 52 96 53 1
30 50 11 68 49 130 1
116 50 94 67 101 71 1
30 50 11 127 81 29 1
110 48 139 117 43 112 1
104 37 139 44 93 13 1
148 93 93 116 50 94 1
6 132 138 8 132 31 1
139 127 23 38 78 38 1
8 132 31 41 0 21 1
7 72 119 98 92 55 1
30 50 11 40 18 72 1
137 8 86 27 114 117 1
102 61 45 135 117 9 1
73 109 35 53 130 45 1
133 112 25 36 28 52 1
19 126 64 124 9 120 1
69 148 6 97 51 96 1
19 126 64 77 78 91 1
33 91 87 25 18 35 1
8 132 31 120 86 11 1
64 105 15 9 32 145 1
69 148 6 5 62 99 1
61 29 26 146 145 112 1
113 30 54 134 129 42 1
80 12 26 131 10 143 1
42 3 26 120 86 11 1
89 24 51 40 18 72 1
77 78 91 144 13 144 1
75 6 29 103 117 153 1
115 58 114 148 93 93 1
65 45 40 128 124 129 1
94 143 108 27 114 117 1
143 105 99 105 50 40 1
31 45 86 72 27 147 1
46 29 112 59 79 76 1
136 140 3 105 50 40 1
43 99 74 56 44 34 1
21 75 28 25 18 35 1
13 6 32 18 25 19 1
96 61 105 9 32 145 1
43 99 74 143 105 99 1
18 25 19 119 54 17 1
33 91 87 123 70 120 1
23 145 20 33 91 87 1
113 30 54 93 125 153 1
87 35 115 74 85 122 1
101 145 81 17 139 123 1
2 67 90 124 9 120 1
128 124 129 91 3 5 1
127 81 29 145 108 4 1
1 101 81 113 30 54 1
49 42 52 114 12 81 1
74 85 122 115 58 114 1
40 18 72 86 84 136 1
129 113 94 118 116 48 1
9 32 145 117 43 112 1
36 28 52 96 61 105 1
59 79 76 127 81 29 1
49 42 52 129 113 94 1
0 93 139 73 109 35 1
100 69 16 64 105 15 1
10 131 15 88 36 51 1
38 78 38 93 125 153 1
20 113 16 115 58 114 1
73 109 35 37 88 108 1
96 61 105 20 113 16 1
76 74 106 132 50 130 1
32 49 25 66 149 64 1
48 19 33 25 18 35 1
116 50 94 90 122 73 1
105 50 40 45 57 71 1
105 50 40 84 96 115 2
109 95 115 87 35 115 2
2 67 90 17 139 123 2
90 122 73 99 34 131 2
103 117 153 114 12 81 2
98 92 55 90 122 73 2
4 61 148 88 36 51 2
44 93 13 145 108 4 2
72 27 147 1 101 81 2
94 143 108 111 72 87 2
95 41 89 43 99 74 2
15 123 94 61 29 26 2
103 117 153 71 30 137 2
14 9 105 151 49 126 2
51 66 62 105 50 40 2
58 94 151 59 79 76 2
91 3 5 32 49 25 2
34 119 57 111 72 87 2
144 13 144 81 96 33 2
6 132 138 18 25 19 2
65 45 40 71 30 137 2
53 130 45 125 47 107 2
144 13 144 121 111 14 2
52 96 53 80 12 26 2
54 48 29 62 121 87 2
102 61 45 90 122 73 2
106 123 2 9 32 145 2
37 88 108 107 120 48 2
146 145 112 153 68 77 2
78 1 133 85 137 81 2
98 92 55 57 103 56 3
18 25 19 79 114 128 3
74 85 122 112 0 50 3
8 132 31 22 60 151 3
44 93 13 55 110 53 3
122 132 34 71 30 137 3
130 101 116 33 91 87 3
26 127 107 2 67 90 3
151 49 126 119 54 17 3
63 43 16 97 51 96 3
76 74 106 39 66 93 3
76 74 106 33 91 87 3
24 57 50 88 36 51 4
105 50 40 50 151 69 4
11 40 97 14 9 105 4
126 2 89 24 57 50 4
108 45 150 115 58 114 4
60 63 62 124 9 120 5
147 129 133 138 47 97 5
82 28 11 104 37 139 7
23 145 20 141 147 77 8
