12 54 44 49 84 1 1
92 88 43 32 98 7 1
76 95 9 86 46 13 1
64 62 30 19 2 68 1
17 72 35 47 75 87 1
73 91 28 6 3 87 1
93 8 22 39 43 65 1
89 26 83 31 66 48 1
92 88 43 87 14 91 1
8 34 75 71 44 77 1
24 19 99 95 15 3 1
60 35 105 23 76 79 1
8 34 75 55 48 4 1
42 57 32 13 45 63 1
45 6 55 13 45 63 1
80 92 105 39 43 65 1
41 54 59 35 94 8 1
63 65 14 71 44 77 1
21 104 15 95 15 3 1
95 15 3 64 62 30 1
21 104 15 1 74 18 1
58 101 81 83 46 64 1
53 37 95 68 85 41 1
8 34 75 28 69 13 1
93 8 22 44 26 57 1
14 15 75 87 14 91 1
56 1 47 9 2 46 1
11 53 99 29 62 26 1
19 2 68 101 80 43 1
106 67 94 64 62 30 1
103 30 1 20 100 59 1
76 95 9 48 53 78 1
101 80 43 11 53 99 1
74 53 40 76 95 9 1
35 94 8 78 72 56 1
90 25 46 98 10 9 1
37 69 19 31 66 48 1
81 104 49 14 15 75 1
89 26 83 80 92 105 1
2 14 18 88 101 55 1
72 28 63 6 3 87 1
76 95 9 64 62 30 1
106 67 94 20 100 59 1
43 5 60 92 88 43 1
13 45 63 46 66 34 1
83 46 64 20 100 59 1
38 16 24 54 75 44 1
68 85 41 97 13 74 1
105 92 52 40 73 53 1
52 93 93 16 47 35 1
2 14 18 42 57 32 1
67 48 28 49 84 1 1
65 75 53 21 104 15 2
35 94 8 45 6 55 2
66 50 76 36 26 48 2
62 82 30 26 76 12 2
42 57 32 66 50 76 2
12 54 44 16 47 35 2
47 75 87 92 88 43 2
46 66 34 27 74 72 2
89 26 83 49 84 1 2
65 75 53 96 53 28 2
99 103 13 55 48 4 2
105 92 52 27 74 72 2
9 2 46 91 56 71 2
64 62 30 59 94 23 2
41 54 59 89 26 83 2
103 30 1 26 76 12 2
50 19 37 97 13 74 2
79 48 48 75 24 61 2
33 97 101 52 93 93 2
26 76 12 71 44 77 2
42 57 32 58 101 81 2
53 37 95 96 53 28 2
99 103 13 7 97 95 2
85 106 95 15 100 105 2
73 91 28 1 74 18 2
79 48 48 20 100 59 2
45 6 55 25 46 18 2
82 64 65 23 76 79 2
76 95 9 22 8 78 2
79 48 48 82 64 65 2
55 48 4 15 100 105 3
37 69 19 91 56 71 3
76 95 9 43 5 60 3
76 95 9 104 70 50 3
3 102 54 53 37 95 3
57 78 87 76 95 9 3
84 76 70 29 62 26 3
51 62 76 27 74 72 3
17 72 35 98 10 9 3
102 58 58 18 40 76 3
24 19 99 77 75 64 3
54 75 44 76 95 9 3
34 67 12 62 82 30 3
70 3 89 100 84 33 3
89 26 83 18 40 76 3
63 65 14 100 84 33 3
10 5 96 99 103 13 3
92 88 43 61 1 101 3
5 37 12 14 15 75 3
64 62 30 94 66 50 4
30 41 55 5 37 12 4
8 34 75 0 38 9 5
36 26 48 4 22 14 5
69 54 74 8 34 75 5
