130 55 86 104 2 101 1
80 126 37 86 58 14 1
12 111 40 2 88 105 1
7 99 21 136 12 0 1
131 133 125 78 60 138 1
51 50 65 132 112 18 1
88 56 128 96 86 14 1
100 57 129 106 57 82 1
111 56 26 62 97 119 1
25 126 24 40 118 11 1
51 50 65 113 67 43 1
95 102 83 51 50 65 1
85 3 51 136 12 0 1
42 52 81 71 43 135 1
49 50 97 65 101 51 1
12 111 40 29 122 37 1
2 88 105 97 66 13 1
108 75 80 132 112 18 1
51 50 65 56 39 108 1
3 102 71 49 50 97 1
42 52 81 119 119 54 1
136 12 0 107 133 59 1
38 44 26 53 74 3 1
46 46 136 11 115 15 1
94 41 129 40 118 11 1
132 112 18 124 8 89 1
128 104 6 51 50 65 1
132 112 18 45 89 70 1
11 115 15 77 61 101 1
5 135 78 25 126 24 1
31 123 12 130 55 86 1
80 126 37 134 121 51 1
129 105 130 134 121 51 1
113 67 43 134 121 51 1
15 84 14 55 26 11 1
126 104 138 89 5 134 1
70 117 3 127 78 89 1
52 75 115 113 67 43 1
101 78 134 67 13 137 1
91 30 93 49 50 97 1
21 63 50 47 69 54 1
125 4 63 29 122 37 1
95 102 83 100 57 129 1
16 84 63 76 63 53 1
108 75 80 63 98 57 1
102 115 40 61 61 91 1
60 78 12 123 135 38 1
71 43 135 70 117 3 1
89 5 134 4 86 76 1
40 118 11 124 8 89 1
116 97 98 118 30 54 1
113 67 43 34 90 69 1
114 34 21 73 65 58 1
4 86 76 46 46 136 1
100 57 129 125 4 63 1
43 100 127 85 3 51 1
129 105 130 123 135 38 1
113 67 43 91 30 93 1
123 135 38 105 52 46 1
47 69 54 102 115 40 1
98 19 124 60 78 12 1
95 102 83 55 26 11 1
64 103 34 91 30 93 1
81 89 135 78 60 138 1
82 2 16 106 57 82 1
131 133 125 57 42 136 1
32 37 81 79 28 109 1
77 61 101 127 78 89 1
79 28 109 63 98 57 2
83 73 20 43 100 127 2
40 118 11 6 131 116 2
36 122 119 132 112 18 2
23 20 21 39 80 93 2
132 112 18 92 60 111 2
9 106 5 86 58 14 2
41 81 28 77 61 101 2
4 86 76 135 116 16 2
17 38 65 37 12 71 2
99 31 13 117 114 23 2
85 3 51 113 67 43 2
134 121 51 38 44 26 2
76 63 53 15 84 14 2
69 93 73 115 51 49 2
93 82 33 46 46 136 2
56 39 108 93 82 33 2
16 84 63 99 31 13 2
133 28 36 99 31 13 2
132 112 18 88 56 128 2
13 46 3 115 51 49 2
70 117 3 72 127 78 2
67 13 137 132 112 18 2
83 73 20 14 102 86 2
97 66 13 47 69 54 2
16 84 63 84 92 30 2
67 13 137 116 97 98 2
0 26 20 94 41 129 2
75 122 136 12 111 40 2
111 56 26 22 96 81 2
90 38 10 28 79 50 2
22 96 81 115 51 49 2
103 108 101 75 122 136 2
51 50 65 57 42 136 2
68 89 60 101 78 134 2
89 5 134 24 31 96 2
34 90 69 109 95 70 2
111 56 26 7 99 21 2
39 80 93 40 118 11 2
14 102 86 90 38 10 2
120 71 90 30 125 88 2
58 57 99 32 37 81 2
111 56 26 73 65 58 2
13 46 3 138 32 68 2
33 130 75 14 102 86 3
48 64 39 129 105 130 3
82 2 16 54 49 35 3
26 132 27 18 74 118 3
126 104 138 19 2 38 3
104 2 101 74 30 94 3
59 21 64 38 44 26 3
87 96 46 55 26 11 3
120 71 90 108 75 80 3
112 39 8 126 104 138 3
74 30 94 30 125 88 3
122 37 0 23 20 21 3
115 51 49 26 132 27 3
20 47 20 108 75 80 3
10 121 70 74 30 94 3
27 56 35 11 115 15 4
35 36 22 69 93 73 4
44 109 118 71 43 135 4
17 38 65 107 133 59 4
8 71 48 69 93 73 4
137 112 110 130 55 86 4
121 97 15 135 116 16 4
50 130 49 101 78 134 4
116 97 98 1 130 26 5
118 30 54 66 92 86 5
22 96 81 110 55 92 6
