11 0 26 156 110 82 1
85 94 159 78 66 9 1
18 45 35 53 90 11 1
76 36 152 61 109 59 1
17 177 113 69 166 171 1
107 142 155 81 50 161 1
151 68 98 30 95 35 1
109 7 181 37 132 177 1
156 110 82 95 71 157 1
65 80 87 124 113 65 1
149 151 3 174 103 167 1
5 10 15 25 7 13 1
50 170 108 164 125 76 1
181 95 88 9 101 76 1
65 80 87 97 88 26 1
71 147 55 103 80 100 1
47 93 62 49 155 67 1
147 69 43 55 131 146 1
4 146 141 82 75 89 1
35 128 155 40 38 25 1
156 110 82 138 22 160 1
161 136 99 183 118 176 1
42 107 117 179 180 29 1
176 18 136 1 119 113 1
39 122 65 54 22 176 1
147 69 43 99 61 115 1
70 106 3 169 30 102 1
22 119 150 63 121 156 1
18 45 35 77 71 27 1
96 73 69 9 101 76 1
129 96 111 77 71 27 1
151 68 98 37 132 177 1
116 19 118 159 48 143 1
138 22 160 84 101 122 1
128 56 101 127 58 109 1
179 180 29 97 88 26 1
83 119 49 183 118 176 1
59 74 127 12 67 152 1
114 106 59 3 180 116 1
148 133 124 146 2 170 1
163 59 134 46 25 151 1
106 17 81 70 106 3 1
21 31 88 34 113 69 1
164 125 76 168 103 76 1
44 174 50 144 69 11 1
85 94 159 134 105 174 1
119 23 95 55 131 146 1
23 88 169 40 38 25 1
63 121 156 59 74 127 1
41 54 29 90 96 160 1
147 69 43 6 109 31 1
21 31 88 86 70 170 1
32 58 16 88 149 162 1
53 90 11 103 80 100 1
54 22 176 82 75 89 1
58 124 5 68 112 168 1
62 110 62 108 123 27 1
69 166 171 183 118 176 1
53 90 11 165 96 119 1
174 103 167 10 68 0 1
64 1 29 23 88 169 1
169 30 102 67 103 158 1
13 169 138 93 55 172 1
42 107 117 151 68 98 1
134 105 174 124 113 65 1
14 92 9 161 136 99 1
51 101 171 87 79 89 1
55 131 146 14 92 9 1
36 64 64 7 157 150 1
2 49 91 159 48 143 1
143 82 3 104 140 122 1
148 133 124 22 119 150 1
57 77 135 162 73 123 1
44 174 50 153 159 114 1
8 106 84 91 135 19 1
63 121 156 8 106 84 1
164 125 76 160 117 30 1
130 64 163 177 69 47 1
106 17 81 103 80 100 1
40 38 25 165 96 119 1
115 107 76 160 117 30 1
144 69 11 68 112 168 1
118 33 39 53 90 11 1
25 7 13 135 177 60 1
169 30 102 20 25 166 1
2 49 91 173 112 69 1
149 151 3 59 74 127 1
180 78 49 175 165 43 1
35 128 155 80 65 18 1
113 24 62 139 70 11 1
133 41 106 151 68 98 2
105 15 167 81 50 161 2
36 64 64 158 166 82 2
96 73 69 129 96 111 2
143 82 3 87 79 89 2
38 100 8 43 100 118 2
127 58 109 39 122 65 2
11 0 26 112 144 128 2
107 142 155 141 44 43 2
5 10 15 38 100 8 2
91 135 19 16 181 139 2
105 15 167 168 103 76 2
171 159 140 91 135 19 2
176 18 136 17 177 113 2
40 38 25 116 19 118 2
163 59 134 176 18 136 2
111 34 99 99 61 115 2
17 177 113 172 56 177 2
144 69 11 35 128 155 2
105 15 167 11 0 26 2
18 45 35 142 153 122 2
126 7 61 22 119 150 2
149 151 3 103 80 100 2
109 7 181 116 19 118 2
78 66 9 160 117 30 2
172 56 177 138 22 160 2
7 157 150 180 78 49 2
28 71 138 0 19 46 2
3 180 116 57 77 135 2
23 88 169 92 85 135 2
32 58 16 67 103 158 2
23 88 169 86 70 170 2
151 68 98 36 64 64 2
140 24 26 79 9 172 2
132 123 26 179 180 29 2
19 47 65 137 155 4 2
24 155 92 126 7 61 2
90 96 160 127 58 109 2
12 67 152 131 129 132 2
122 19 95 65 80 87 2
28 71 138 99 61 115 2
100 77 169 84 101 122 2
157 100 79 65 80 87 2
102 8 127 99 61 115 2
139 70 11 26 110 1 2
56 122 168 111 34 99 2
110 107 127 92 85 135 2
146 2 170 121 65 64 2
167 164 92 26 110 1 2
120 183 114 154 125 10 2
170 104 157 105 15 167 2
29 96 97 9 101 76 2
47 93 62 25 7 13 2
2 49 91 51 101 171 2
165 96 119 15 12 63 2
110 107 127 113 24 62 2
61 109 59 169 30 102 2
11 0 26 101 136 76 2
178 51 69 119 23 95 2
134 105 174 154 125 10 2
135 177 60 21 31 88 2
93 55 172 107 142 155 2
137 155 4 176 18 136 2
33 157 146 42 107 117 2
79 9 172 159 48 143 3
89 29 174 180 78 49 3
116 19 118 57 77 135 3
117 31 62 144 69 11 3
74 4 47 178 51 69 3
125 120 69 132 123 26 3
145 63 148 97 88 26 3
139 70 11 94 61 37 3
134 105 174 45 89 170 3
72 108 70 17 177 113 3
48 93 167 180 78 49 3
123 144 67 94 61 37 3
117 31 62 31 0 24 3
98 150 19 53 90 11 3
133 41 106 73 15 136 3
106 17 81 150 84 90 3
108 123 27 99 61 115 3
166 40 127 79 9 172 3
71 147 55 41 54 29 3
66 44 39 132 123 26 3
182 14 17 12 67 152 3
165 96 119 27 117 176 3
112 144 128 136 78 36 4
155 89 8 142 153 122 4
75 7 73 19 47 65 4
148 133 124 177 69 47 4
60 63 127 96 73 69 5
52 60 121 73 15 136 5
152 106 99 150 84 90 5
