60 23 60 7 10 27 1
51 2 0 0 32 14 1
33 32 51 56 13 39 1
14 44 33 63 63 35 1
4 24 10 24 0 28 1
38 66 32 19 63 32 1
65 18 59 69 69 30 1
50 38 26 44 62 55 1
6 50 46 26 4 65 1
13 55 49 57 54 38 1
33 32 51 43 46 54 1
20 30 3 49 35 7 1
50 38 26 47 49 21 1
34 52 65 14 44 33 1
9 24 4 49 35 7 1
28 37 46 8 23 7 1
58 65 13 43 46 54 1
67 68 33 18 67 68 1
17 62 8 30 54 53 1
48 20 0 55 49 38 1
48 20 0 29 65 20 1
6 50 46 1 0 54 1
12 24 23 27 28 57 1
36 27 17 16 43 8 1
33 32 51 34 52 65 1
13 55 49 8 23 7 1
1 0 54 57 54 38 1
62 23 36 26 4 65 1
30 54 53 7 10 27 1
36 27 17 42 31 21 1
56 13 39 16 43 8 1
11 45 26 68 0 40 1
30 54 53 10 1 29 1
28 37 46 42 31 21 1
5 43 31 24 0 28 1
21 48 19 53 23 43 1
47 49 21 57 54 38 1
3 44 43 28 37 46 1
10 1 29 35 47 20 2
55 49 38 37 21 15 2
33 32 51 68 0 40 2
5 43 31 23 56 19 2
39 45 0 69 69 30 2
30 54 53 14 44 33 2
18 67 68 14 44 33 2
14 44 33 65 18 59 2
42 31 21 32 26 0 2
0 32 14 35 47 20 2
18 67 68 4 24 10 2
21 48 19 37 21 15 2
8 23 7 49 35 7 2
33 32 51 46 67 36 2
38 66 32 49 35 7 2
10 1 29 48 20 0 2
17 62 8 45 29 65 2
48 20 0 31 25 1 2
23 56 19 15 65 61 2
27 28 57 48 20 0 2
61 3 25 24 0 28 3
41 51 32 32 26 0 3
22 32 40 48 20 0 3
12 24 23 59 53 11 3
52 14 27 57 54 38 4
2 13 21 67 68 33 4
66 26 6 22 32 40 5
40 1 6 8 23 7 5
67 68 33 54 7 9 5
24 0 28 64 5 25 5
25 58 48 45 29 65 7
