151 80 56 89 54 106 1
96 117 117 45 42 56 1
134 4 96 118 105 165 1
151 80 56 14 169 113 1
78 4 14 131 83 16 1
29 17 11 65 52 16 1
98 157 67 99 101 124 1
136 137 139 115 148 90 1
130 32 61 65 52 16 1
29 17 11 40 66 36 1
130 32 61 9 117 41 1
96 117 117 47 31 113 1
15 79 110 66 177 84 1
157 159 155 20 53 17 1
81 144 71 108 176 97 1
71 161 68 154 15 102 1
52 114 33 142 2 100 1
46 61 101 111 172 135 1
19 174 29 179 82 41 1
124 34 148 176 169 139 1
164 134 120 120 118 29 1
142 2 100 15 79 110 1
94 35 89 33 62 151 1
15 79 110 56 38 92 1
74 91 105 97 33 107 1
3 7 41 97 33 107 1
3 7 41 145 158 21 1
177 146 25 148 125 120 1
129 82 39 26 8 78 1
85 93 76 54 157 139 1
157 159 155 142 2 100 1
38 132 67 59 173 53 1
168 82 113 61 149 147 1
136 137 139 130 32 61 1
145 158 21 164 134 120 1
102 22 26 36 178 30 1
14 169 113 30 86 94 1
172 99 155 57 22 148 1
74 91 105 68 135 5 1
47 31 113 63 25 42 1
2 18 41 100 1 125 1
45 42 56 145 158 21 1
105 61 78 138 165 69 1
142 2 100 67 31 173 1
45 42 56 93 140 51 1
107 22 179 70 68 40 1
75 1 22 164 134 120 1
18 73 9 122 98 152 1
122 98 152 60 169 37 1
26 8 78 132 172 78 1
76 85 149 162 150 61 1
109 21 7 172 99 155 1
101 107 39 124 34 148 1
60 169 37 109 21 7 1
33 62 151 37 5 135 1
122 98 152 173 121 84 1
34 13 153 103 114 106 1
117 82 165 143 9 48 1
171 86 168 147 11 0 1
63 25 42 100 1 125 1
0 156 116 108 176 97 1
57 22 148 2 18 41 1
149 162 171 159 116 156 1
45 42 56 126 70 43 1
125 49 119 91 49 115 1
173 121 84 158 160 73 1
102 22 26 116 37 153 1
31 139 169 49 108 73 1
30 86 94 25 175 134 1
20 53 17 87 38 95 1
86 99 154 172 99 155 1
39 45 16 63 25 42 1
173 121 84 85 93 76 1
119 0 7 14 169 113 1
30 86 94 39 45 16 1
81 144 71 159 116 156 1
37 5 135 31 139 169 1
46 61 101 165 14 35 1
22 102 177 96 117 117 1
53 108 49 169 171 18 1
17 61 120 144 64 105 1
171 86 168 18 73 9 1
108 176 97 109 21 7 1
133 68 128 69 67 71 1
169 171 18 79 30 122 1
58 36 125 159 116 156 1
165 14 35 117 82 165 1
71 161 68 76 85 149 1
102 22 26 47 31 113 1
139 14 105 68 135 5 1
155 153 95 28 12 140 1
61 149 147 57 22 148 1
158 160 73 150 136 70 1
23 159 159 80 74 11 1
124 34 148 65 52 16 1
37 5 135 28 12 140 2
112 62 176 89 54 106 2
10 167 96 106 20 35 2
39 45 16 21 138 54 2
51 0 29 175 153 71 2
141 92 23 152 133 116 2
2 18 41 51 0 29 2
85 93 76 11 169 76 2
126 70 43 162 150 61 2
169 171 18 136 137 139 2
49 108 73 50 142 44 2
21 138 54 107 22 179 2
82 29 59 53 108 49 2
97 33 107 78 4 14 2
40 66 36 151 80 56 2
93 140 51 123 94 70 2
169 171 18 32 51 108 2
155 153 95 45 42 56 2
6 130 79 171 86 168 2
110 165 29 6 130 79 2
170 153 158 149 162 171 2
153 14 58 105 61 78 2
4 149 145 47 31 113 2
61 149 147 69 67 71 2
55 62 13 98 157 67 2
33 62 151 83 169 79 2
37 5 135 41 35 65 2
176 169 139 10 167 96 2
120 118 29 55 62 13 2
17 61 120 21 138 54 2
121 57 167 146 34 0 2
132 172 78 15 79 110 2
159 116 156 72 99 148 2
166 51 86 89 54 106 2
45 42 56 121 57 167 2
69 67 71 156 39 159 2
15 79 110 107 22 179 2
7 87 151 111 172 135 2
4 149 145 35 165 140 2
161 32 133 24 145 80 2
163 140 44 128 6 116 2
137 167 106 164 134 120 2
176 169 139 46 61 101 2
75 1 22 161 32 133 2
25 175 134 148 125 120 2
91 49 115 24 145 80 2
14 169 113 1 143 22 2
155 153 95 174 47 98 2
77 70 39 80 74 11 2
155 153 95 105 61 78 2
97 33 107 178 9 88 2
44 136 173 169 171 18 2
67 31 173 127 90 116 2
92 115 133 166 51 86 2
82 29 59 134 4 96 2
19 174 29 42 107 81 2
13 67 170 42 107 81 2
22 102 177 152 133 116 2
5 149 50 122 98 152 3
77 70 39 163 140 44 3
0 156 116 163 140 44 3
64 132 100 12 132 142 3
166 51 86 27 28 37 3
9 117 41 95 16 148 3
40 66 36 104 105 97 3
112 62 176 38 132 67 3
62 67 20 125 49 119 3
179 82 41 138 165 69 3
12 132 142 112 62 176 3
84 33 170 161 32 133 3
105 61 78 160 62 38 3
114 115 31 33 62 151 3
79 30 122 73 132 142 3
38 132 67 34 13 153 3
8 136 29 66 177 84 3
88 128 52 146 34 0 4
140 106 141 109 21 7 4
16 4 41 120 118 29 4
111 172 135 135 1 3 4
157 159 155 167 49 73 4
48 21 153 113 121 103 4
3 7 41 43 176 123 5
12 132 142 90 111 51 5
113 121 103 175 153 71 5
