55 70 26 37 48 68 1
83 5 93 60 5 35 1
36 6 44 75 67 23 1
79 89 74 40 64 20 1
84 13 11 54 74 5 1
71 24 54 44 45 83 1
55 70 26 21 4 13 1
37 48 68 43 8 0 1
92 19 3 52 35 62 1
61 90 79 4 35 47 1
20 46 27 43 8 0 1
40 64 20 91 71 77 1
83 5 93 26 58 84 1
27 33 32 1 27 28 1
37 48 68 39 33 36 1
43 8 0 10 31 62 1
40 64 20 27 33 32 1
3 31 89 54 74 5 1
76 1 4 3 31 89 1
88 39 79 8 85 34 1
75 67 23 9 84 19 1
17 2 87 36 6 44 1
36 6 44 14 90 89 1
27 33 32 23 29 66 1
62 33 70 91 71 77 1
18 4 23 68 6 79 1
91 71 77 71 24 54 1
24 52 30 2 23 5 1
13 25 59 52 35 62 1
67 37 15 17 2 87 1
85 83 15 80 66 14 1
81 2 69 27 33 32 1
76 1 4 21 4 13 1
81 2 69 16 22 93 1
83 5 93 78 90 6 1
68 6 79 93 22 72 1
4 35 47 85 83 15 1
87 49 50 92 19 3 1
64 85 11 13 25 59 1
43 8 0 61 90 79 1
52 35 62 68 6 79 1
17 2 87 5 46 57 1
86 1 26 35 30 56 1
34 56 24 63 53 56 1
16 22 93 54 74 5 1
62 33 70 0 92 63 1
8 85 34 91 71 77 1
73 37 57 63 53 56 1
15 43 29 93 22 72 1
29 65 31 91 71 77 1
32 2 26 80 66 14 2
58 31 0 28 85 31 2
14 90 89 89 8 42 2
24 52 30 69 64 28 2
83 5 93 4 35 47 2
3 31 89 41 81 5 2
77 5 27 39 33 36 2
21 4 13 50 12 42 2
58 31 0 54 74 5 2
44 45 83 72 13 18 2
23 29 66 75 67 23 2
73 37 57 31 26 39 2
33 54 60 84 13 11 2
51 16 21 64 85 11 2
85 83 15 12 31 57 2
87 49 50 12 31 57 2
69 64 28 12 31 57 2
56 68 36 42 1 56 2
30 81 72 1 27 28 2
26 58 84 38 57 38 2
4 35 47 86 1 26 2
60 5 35 53 5 42 2
59 92 6 58 31 0 2
25 53 34 85 83 15 2
70 19 44 17 2 87 2
32 2 26 46 19 54 2
10 31 62 11 21 1 2
82 87 83 49 45 46 2
17 2 87 82 87 83 3
42 1 56 23 29 66 3
49 45 46 48 49 71 3
76 1 4 63 53 56 3
19 0 9 5 46 57 3
22 9 28 87 49 50 3
65 78 66 4 35 47 3
38 57 38 45 4 45 3
57 20 23 12 31 57 3
47 27 80 24 52 30 3
66 44 7 29 65 31 4
81 2 69 7 24 4 4
90 21 44 60 5 35 4
74 66 63 33 54 60 4
6 51 65 8 85 34 6
