27 18 45 32 0 67 1
80 19 79 48 17 78 1
21 32 44 65 1 23 1
72 75 46 19 46 39 1
51 75 21 46 50 46 1
65 1 23 12 36 65 1
29 2 51 48 17 78 1
59 39 70 17 69 28 1
75 74 15 3 32 2 1
63 37 38 72 75 46 1
39 38 21 11 49 72 1
40 32 32 52 83 22 1
70 33 25 69 42 25 1
5 37 81 53 24 12 1
70 33 25 30 35 20 1
68 62 71 72 75 46 1
74 56 6 15 31 8 1
73 46 35 12 36 65 1
71 25 16 19 46 39 1
14 68 45 84 41 39 1
54 62 2 18 73 80 1
62 53 58 61 70 33 1
40 32 32 65 1 23 1
84 41 39 3 32 2 1
57 44 63 76 19 45 1
61 70 33 11 49 72 1
52 83 22 42 0 83 1
20 70 27 60 20 41 1
17 69 28 25 12 70 1
34 83 8 7 73 39 1
38 30 73 46 50 46 1
23 25 57 51 75 21 1
59 39 70 50 9 66 1
41 3 46 74 56 6 1
7 73 39 72 75 46 1
64 35 62 34 83 8 1
32 0 67 79 3 27 1
51 75 21 35 42 66 1
20 70 27 51 75 21 1
1 82 10 9 49 12 1
78 68 14 75 74 15 1
24 65 25 0 73 13 1
74 56 6 45 48 41 1
51 75 21 6 19 46 1
56 36 52 48 17 78 1
59 39 70 21 32 44 1
72 75 46 22 17 13 1
29 2 51 61 70 33 1
37 21 10 3 32 2 1
8 55 36 44 19 24 1
45 48 41 49 77 51 1
49 77 51 10 17 37 1
14 68 45 64 35 62 1
32 0 67 14 68 45 1
49 77 51 84 41 39 2
8 55 36 46 50 46 2
0 73 13 67 13 24 2
9 49 12 59 39 70 2
25 12 70 57 44 63 2
54 62 2 39 38 21 2
80 19 79 66 61 61 2
29 2 51 44 19 24 2
84 41 39 28 32 76 2
16 49 18 66 61 61 2
71 25 16 33 49 80 2
26 21 13 17 69 28 2
33 49 80 40 32 32 2
10 17 37 83 73 84 2
76 19 45 60 20 41 2
15 31 8 2 43 40 2
47 53 38 41 3 46 2
55 70 73 48 17 78 2
84 41 39 77 27 2 2
58 62 19 78 68 14 2
67 13 24 79 3 27 2
16 49 18 31 28 68 2
36 56 34 51 75 21 2
82 82 59 24 65 25 2
53 24 12 71 25 16 2
37 21 10 13 16 10 3
69 42 25 36 56 34 3
57 44 63 4 11 78 3
22 17 13 43 76 21 4
64 35 62 81 42 4 4
