102 69 171 55 20 155 1
41 125 25 138 169 120 1
129 33 80 157 116 134 1
49 110 133 154 121 97 1
77 72 19 42 56 116 1
123 122 83 154 121 97 1
14 169 83 93 175 122 1
93 175 122 125 93 18 1
115 64 16 18 150 50 1
83 6 60 39 159 96 1
118 55 115 147 43 55 1
163 31 109 103 132 35 1
42 56 116 125 93 18 1
167 168 7 12 23 19 1
102 69 171 34 51 50 1
97 100 141 100 81 7 1
42 56 116 114 93 44 1
157 116 134 18 150 50 1
27 26 91 37 28 45 1
73 153 77 28 23 79 1
0 76 88 123 122 83 1
39 159 96 38 38 104 1
48 149 71 147 43 55 1
31 130 155 51 20 53 1
174 87 97 128 145 142 1
97 100 141 146 152 163 1
165 86 26 70 111 58 1
86 0 119 112 35 174 1
49 110 133 65 45 20 1
32 83 26 10 87 133 1
89 150 42 151 150 56 1
149 36 29 40 20 122 1
125 93 18 62 69 174 1
78 127 59 159 13 81 1
134 45 91 6 90 122 1
121 103 44 174 87 97 1
103 132 35 106 144 146 1
125 93 18 169 46 90 1
112 35 174 1 111 75 1
107 37 104 122 2 17 1
159 13 81 66 115 9 1
138 169 120 33 142 71 1
28 23 79 156 132 102 1
61 20 148 25 18 19 1
87 23 75 42 56 116 1
146 152 163 93 175 122 1
146 152 163 80 10 77 1
42 56 116 88 86 67 1
128 145 142 20 114 26 1
37 28 45 158 6 147 1
173 109 50 27 26 91 1
99 158 129 5 31 97 1
1 111 75 93 175 122 1
142 74 161 66 115 9 1
132 117 152 174 87 97 1
12 23 19 132 117 152 1
163 31 109 15 84 70 1
142 74 161 117 54 30 1
23 174 0 26 55 156 1
81 6 111 126 109 102 1
84 105 108 25 18 19 1
96 103 142 2 85 140 1
160 132 175 133 46 154 1
26 55 156 78 127 59 1
20 114 26 154 121 97 1
120 71 136 36 123 49 1
44 59 124 61 20 148 1
66 115 9 86 0 119 1
86 0 119 0 76 88 1
9 161 167 31 130 155 1
12 23 19 47 47 109 1
41 125 25 159 13 81 1
69 2 67 100 81 7 1
37 28 45 49 110 133 1
63 42 111 169 46 90 1
155 47 76 67 9 87 1
17 29 31 0 76 88 1
79 61 0 98 159 43 1
140 43 98 47 47 109 1
60 28 108 118 55 115 1
73 153 77 0 76 88 1
170 7 110 102 69 171 1
140 43 98 64 1 88 1
42 56 116 45 63 159 2
70 111 58 19 44 38 2
75 119 136 87 23 75 2
97 100 141 89 150 42 2
89 150 42 16 166 53 2
115 64 16 81 6 111 2
165 86 26 156 132 102 2
30 62 73 36 123 49 2
100 81 7 29 7 35 2
159 13 81 7 18 144 2
67 9 87 0 76 88 2
156 132 102 51 20 53 2
107 37 104 63 42 111 2
143 94 125 83 6 60 2
157 116 134 17 29 31 2
158 6 147 124 161 68 2
134 45 91 171 66 128 2
83 6 60 32 83 26 2
173 109 50 164 47 93 2
57 48 142 126 109 102 2
118 55 115 81 6 111 2
17 29 31 99 158 129 2
137 162 52 38 38 104 2
139 116 157 91 84 175 2
168 136 168 145 100 82 2
82 95 113 31 130 155 2
152 171 20 124 161 68 2
9 161 167 113 29 53 2
115 64 16 40 20 122 2
133 46 154 115 64 16 2
148 94 86 129 33 80 2
94 69 51 101 114 128 2
10 87 133 115 64 16 2
171 66 128 152 171 20 2
116 77 156 20 114 26 2
106 144 146 155 47 76 2
83 6 60 43 9 138 2
61 20 148 21 165 75 2
145 100 82 19 44 38 2
13 109 80 83 6 60 2
111 159 9 4 167 13 2
131 53 137 94 69 51 2
168 136 168 30 62 73 2
169 46 90 175 9 38 2
127 106 75 45 63 159 2
2 85 140 83 6 60 2
124 161 68 91 84 175 2
108 143 98 85 14 12 2
92 51 15 58 90 12 2
56 149 67 7 18 144 2
19 44 38 54 101 170 2
162 22 13 62 69 174 2
172 101 16 155 47 76 3
111 159 9 75 119 136 3
59 162 28 150 15 157 3
110 72 18 154 121 97 3
72 72 127 101 114 128 3
53 41 124 39 159 96 3
77 72 19 144 117 5 3
87 23 75 136 20 26 3
102 69 171 57 48 142 3
81 6 111 61 20 148 3
60 28 108 131 53 137 3
150 15 157 55 20 155 3
167 168 7 135 133 30 3
3 21 49 0 76 88 3
71 43 123 14 169 83 3
17 29 31 24 155 164 3
22 49 122 60 28 108 3
29 7 35 35 23 2 3
92 51 15 13 109 80 3
105 116 4 5 31 97 3
112 35 174 76 65 107 3
95 72 33 156 132 102 3
103 132 35 68 157 126 3
84 105 108 108 143 98 3
141 10 113 39 159 96 3
17 29 31 46 166 33 4
104 44 173 38 38 104 4
157 116 134 79 61 0 4
40 20 122 166 142 159 4
93 175 122 119 82 84 4
9 161 167 52 174 19 4
50 93 154 64 1 88 4
145 100 82 109 93 35 4
130 171 104 163 31 109 5
11 168 49 83 6 60 5
133 46 154 74 24 85 5
109 93 35 161 65 60 5
90 174 93 24 155 164 6
98 159 43 8 45 92 7
153 120 52 102 69 171 7
