88 30 21 49 18 47 1
63 33 39 87 84 41 1
49 18 47 105 49 87 1
86 73 59 67 36 95 1
13 68 0 55 95 102 1
18 90 92 20 104 32 1
1 51 62 84 16 92 1
53 101 96 21 13 80 1
26 74 63 84 16 92 1
18 90 92 55 95 102 1
65 88 86 83 111 48 1
98 50 9 99 32 89 1
44 41 10 65 88 86 1
29 3 85 69 49 111 1
46 40 71 36 107 113 1
25 102 88 21 13 80 1
61 15 2 36 107 113 1
71 23 42 48 53 80 1
6 79 39 11 55 2 1
8 98 75 78 28 8 1
19 12 54 114 1 6 1
99 32 89 49 18 47 1
112 24 18 64 114 82 1
97 83 77 36 107 113 1
8 98 75 84 16 92 1
51 77 39 39 26 102 1
91 72 10 38 99 17 1
108 88 10 54 94 8 1
110 51 58 26 74 63 1
9 70 67 98 50 9 1
68 41 60 53 101 96 1
0 26 112 15 1 32 1
99 32 89 51 77 39 1
53 101 96 11 55 2 1
30 20 100 47 103 55 1
2 48 13 82 56 66 1
60 29 44 25 102 88 1
114 1 6 71 23 42 1
0 26 112 16 75 29 1
50 55 60 104 104 110 1
18 90 92 91 72 10 1
82 56 66 9 70 67 1
18 90 92 78 28 8 1
68 41 60 108 88 10 1
115 1 18 49 18 47 1
20 104 32 73 102 70 1
79 94 75 51 77 39 1
41 15 97 59 5 78 1
114 1 6 23 2 56 1
19 12 54 99 32 89 1
20 104 32 72 68 34 1
14 110 77 62 77 115 1
58 90 63 50 55 60 1
51 77 39 38 99 17 1
34 85 26 102 7 75 1
71 23 42 36 107 113 1
39 26 102 5 52 16 1
59 5 78 24 94 59 1
100 11 42 12 79 88 1
17 5 91 92 21 25 1
59 5 78 65 88 86 1
67 36 95 36 107 113 1
40 97 111 34 85 26 1
29 3 85 112 24 18 1
94 10 106 100 11 42 1
4 89 107 55 95 102 2
93 75 32 102 7 75 2
38 99 17 69 49 111 2
50 55 60 92 21 25 2
83 111 48 16 75 29 2
108 88 10 13 68 0 2
58 90 63 8 98 75 2
80 28 7 64 114 82 2
100 11 42 19 12 54 2
53 101 96 63 33 39 2
92 21 25 74 43 25 2
66 96 67 52 1 65 2
37 69 83 14 110 77 2
107 9 87 10 23 71 2
52 1 65 56 66 4 2
46 40 71 85 114 48 2
0 26 112 64 114 82 2
115 1 18 113 24 99 2
111 9 4 44 41 10 2
35 63 32 79 94 75 2
79 94 75 10 23 71 2
52 1 65 31 32 78 2
18 90 92 103 102 54 2
7 22 19 55 95 102 2
89 85 8 100 11 42 2
102 7 75 110 51 58 2
31 32 78 91 72 10 2
92 21 25 75 64 110 2
62 77 115 18 90 92 2
70 72 104 73 102 70 2
85 114 48 33 114 17 2
99 32 89 42 16 6 2
88 30 21 77 68 31 3
57 42 67 66 96 67 3
68 41 60 90 109 28 3
35 63 32 109 6 83 3
82 56 66 3 91 1 3
9 70 67 30 20 100 3
24 94 59 45 50 2 3
78 28 8 81 32 77 3
17 5 91 96 100 36 3
43 52 115 66 96 67 3
22 82 24 95 14 49 4
93 75 32 22 82 24 4
54 94 8 27 11 3 4
98 50 9 28 23 86 5
33 114 17 32 32 101 5
104 104 110 76 97 111 5
12 79 88 106 111 92 5
2 48 13 101 78 107 5
