174 26 110 188 43 186 1
48 15 62 2 129 115 1
184 28 140 51 92 16 1
37 99 161 20 146 162 1
76 184 69 194 14 47 1
32 89 38 143 151 59 1
110 133 174 160 151 166 1
0 140 57 25 169 44 1
163 144 9 104 184 186 1
80 36 176 35 82 178 1
189 31 56 101 48 36 1
36 158 32 176 51 71 1
166 192 149 126 35 50 1
176 51 71 116 147 22 1
10 128 10 71 191 182 1
103 184 9 46 188 166 1
1 186 184 86 134 47 1
149 68 181 184 28 140 1
99 114 90 151 47 84 1
151 47 84 92 51 158 1
89 168 148 187 145 113 1
112 129 112 130 120 35 1
111 81 81 181 170 77 1
193 40 46 12 148 16 1
194 14 47 55 81 183 1
126 35 50 87 161 102 1
139 56 7 23 171 8 1
116 147 22 35 82 178 1
194 14 47 25 169 44 1
12 148 16 185 166 151 1
110 133 174 38 54 73 1
122 193 142 150 131 10 1
172 131 134 20 146 162 1
107 31 156 193 40 46 1
104 184 186 92 51 158 1
95 119 15 130 120 35 1
94 191 88 113 31 154 1
117 182 55 96 111 124 1
174 26 110 86 134 47 1
183 51 55 115 119 78 1
97 174 175 170 181 144 1
179 56 120 73 147 164 1
79 51 182 2 129 115 1
91 181 6 16 56 129 1
45 134 137 183 51 55 1
182 6 123 65 44 111 1
94 191 88 156 25 158 1
169 190 162 51 92 16 1
144 60 45 11 32 118 1
158 141 153 15 185 97 1
82 56 167 100 187 4 1
9 89 142 115 119 78 1
75 46 24 183 51 55 1
69 50 175 54 88 9 1
30 179 194 131 192 48 1
73 147 164 132 12 51 1
80 36 176 33 24 72 1
112 129 112 37 99 161 1
71 191 182 90 90 187 1
148 49 125 105 52 83 1
154 18 106 107 31 156 1
121 192 123 74 126 12 1
130 120 35 138 34 62 1
61 5 31 91 181 6 1
97 174 175 56 187 30 1
153 11 182 25 169 44 1
159 28 4 146 104 52 1
63 97 96 176 51 71 1
193 40 46 26 74 100 1
19 48 99 11 32 118 1
77 164 146 7 138 96 1
88 66 97 73 147 164 1
50 32 140 112 129 112 1
80 36 176 182 6 123 1
132 12 51 87 161 102 1
176 51 71 160 151 166 1
180 50 36 193 40 46 1
111 81 81 143 151 59 1
18 110 121 179 56 120 1
169 190 162 50 32 140 1
1 186 184 191 178 160 1
115 119 78 30 179 194 1
110 133 174 112 129 112 1
182 6 123 83 151 60 1
128 40 57 183 51 55 1
67 35 12 15 185 97 1
30 179 194 164 107 110 1
29 86 137 76 184 69 1
11 32 118 163 144 9 1
177 33 26 5 149 158 1
133 77 44 171 42 181 1
126 35 50 85 126 163 1
184 28 140 81 191 157 1
128 40 57 98 150 153 1
191 178 160 31 182 137 1
113 31 154 0 140 57 1
145 182 23 132 12 51 1
51 92 16 55 81 183 1
125 168 45 150 131 10 1
130 120 35 147 159 74 1
64 168 43 97 174 175 1
125 168 45 34 101 106 1
49 29 118 50 32 140 1
33 24 72 132 12 51 1
106 163 164 161 87 173 1
29 86 137 19 48 99 1
134 74 51 103 184 9 1
170 181 144 34 101 106 1
162 139 174 178 149 169 2
103 184 9 120 168 11 2
57 80 62 60 87 45 2
86 134 47 162 139 174 2
154 18 106 99 114 90 2
142 38 82 38 54 73 2
183 51 55 42 84 89 2
141 154 6 116 147 22 2
96 111 124 26 74 100 2
177 33 26 9 89 142 2
162 139 174 115 119 78 2
43 118 156 40 10 71 2
14 172 60 43 118 156 2
91 181 6 71 191 182 2
77 164 146 96 111 124 2
83 151 60 34 101 106 2
185 166 151 102 159 101 2
121 192 123 19 48 99 2
173 52 161 164 107 110 2
129 8 37 108 106 59 2
54 88 9 49 29 118 2
8 137 108 170 181 144 2
137 25 51 176 51 71 2
29 86 137 10 128 10 2
33 24 72 57 80 62 2
43 118 156 78 23 9 2
152 135 68 162 139 174 2
58 132 71 65 44 111 2
76 184 69 168 109 60 2
15 185 97 164 107 110 2
66 105 4 108 106 59 2
13 110 60 139 56 7 2
178 149 169 40 10 71 2
167 66 55 161 87 173 2
185 166 151 4 71 174 2
119 102 8 9 89 142 2
120 168 11 67 35 12 2
171 42 181 143 151 59 2
173 52 161 175 46 49 2
120 168 11 129 8 37 2
9 89 142 76 184 69 2
154 18 106 192 147 106 2
146 104 52 72 14 154 2
124 171 89 134 74 51 2
72 14 154 6 44 104 2
167 66 55 6 44 104 2
103 184 9 140 32 185 2
23 171 8 162 139 174 2
41 53 181 85 126 163 2
9 89 142 135 147 149 2
161 87 173 180 50 36 2
105 52 83 100 187 4 2
190 185 158 40 10 71 2
169 190 162 189 31 56 2
157 144 159 127 64 101 2
70 107 32 166 192 149 2
47 45 9 135 147 149 3
114 84 107 156 25 158 3
61 5 31 39 141 11 3
79 51 182 91 181 6 3
23 171 8 3 183 139 3
91 181 6 100 187 4 3
174 26 110 68 1 144 3
41 53 181 133 77 44 3
118 143 162 70 107 32 3
109 177 29 194 14 47 3
120 168 11 127 64 101 3
74 126 12 155 183 69 3
50 32 140 28 123 190 3
31 182 137 165 157 124 3
78 23 9 22 82 31 3
62 174 30 145 182 23 3
47 45 9 186 47 88 4
17 11 124 153 11 182 4
44 12 98 152 135 68 4
0 140 57 84 118 147 4
46 188 166 89 168 148 4
163 144 9 93 86 78 4
27 76 43 37 99 161 4
68 1 144 21 21 86 5
80 36 176 53 154 88 5
24 116 169 149 68 181 5
59 162 125 61 5 31 6
150 131 10 123 75 15 6
141 154 6 136 3 0 6
52 92 161 53 154 88 8
