2 27 19 21 10 30 1
6 25 11 0 12 13 1
24 7 4 14 24 19 1
12 26 25 29 0 13 1
5 9 0 17 1 17 1
1 19 31 17 1 17 1
19 22 29 28 9 29 1
9 30 3 17 1 17 1
6 25 11 20 8 11 1
29 0 13 17 1 17 1
22 9 9 7 19 9 1
25 16 4 24 7 4 1
28 9 29 26 15 11 1
24 7 4 4 26 16 1
8 8 28 30 9 3 2
9 30 3 31 19 1 2
18 25 28 30 9 3 2
10 13 18 15 23 11 2
10 13 18 12 26 25 2
9 30 3 19 22 29 2
3 2 27 2 27 19 2
20 8 11 15 23 11 2
25 16 4 23 5 7 2
21 10 30 24 7 4 2
22 9 9 18 25 28 2
18 25 28 10 13 18 2
19 22 29 4 26 16 3
21 10 30 11 15 7 3
25 16 4 13 13 31 3
19 22 29 27 1 9 3
26 15 11 16 21 27 3
