29 30 4 38 29 17 1
21 1 13 26 32 15 1
25 0 10 19 35 21 1
3 29 38 8 9 30 1
2 4 8 12 22 29 1
14 34 31 10 16 25 1
6 36 22 28 40 11 1
8 9 30 16 6 31 1
34 37 32 24 23 22 1
25 0 10 42 28 36 1
6 36 22 18 1 43 1
10 16 25 39 1 33 1
13 6 26 10 16 25 1
0 21 7 30 4 41 1
24 23 22 33 13 33 1
28 40 11 23 43 24 1
28 40 11 20 20 26 1
26 32 15 7 32 1 1
19 35 21 10 16 25 2
30 4 41 28 40 11 2
7 32 1 17 23 36 2
33 13 33 23 43 24 2
22 6 32 18 1 43 2
3 29 38 10 16 25 2
40 10 17 11 24 30 2
32 6 20 37 17 9 2
34 37 32 13 6 26 2
33 13 33 32 6 20 2
9 40 22 43 4 33 2
5 12 22 4 23 39 2
7 32 1 39 1 33 2
6 36 22 36 13 30 2
40 10 17 25 0 10 2
5 12 22 10 16 25 2
28 40 11 43 4 33 2
23 43 24 35 16 13 3
29 30 4 5 12 22 3
15 30 36 33 13 33 3
7 32 1 27 17 3 3
21 1 13 1 29 20 3
42 28 36 12 22 29 3
2 4 8 41 35 27 3
31 31 38 28 40 11 4
