84 38 6 103 110 124 1
146 77 81 150 128 115 1
34 129 85 41 89 155 1
2 48 125 25 133 5 1
97 99 83 110 1 6 1
138 49 99 120 28 45 1
155 44 25 6 14 90 1
146 77 81 108 148 45 1
24 3 87 105 27 107 1
105 27 107 77 127 67 1
33 61 56 55 146 55 1
152 134 129 96 87 71 1
157 12 47 98 5 129 1
132 142 131 109 69 65 1
20 0 58 80 37 10 1
54 66 44 118 101 53 1
107 141 126 123 126 155 1
124 138 61 10 119 36 1
29 64 115 143 110 157 1
69 1 114 123 126 155 1
114 155 141 9 144 132 1
73 88 82 30 4 8 1
19 29 107 18 104 133 1
45 25 78 154 13 53 1
73 88 82 104 123 81 1
81 84 124 149 28 0 1
39 77 5 89 53 10 1
112 93 13 15 92 11 1
5 72 33 1 101 142 1
90 148 48 136 138 133 1
31 117 21 100 150 39 1
39 77 5 111 84 106 1
28 24 123 63 73 34 1
98 5 129 121 21 144 1
0 27 111 157 12 47 1
64 25 157 35 147 18 1
30 4 8 33 61 56 1
138 49 99 41 89 155 1
27 150 98 118 101 53 1
24 3 87 62 129 75 1
29 64 115 134 1 66 1
107 141 126 14 78 117 1
81 84 124 44 96 138 1
86 37 57 121 21 144 1
112 93 13 91 88 34 1
88 130 127 53 79 138 1
7 93 37 37 110 128 1
23 117 140 46 34 56 1
106 54 21 152 134 129 1
18 104 133 13 72 49 1
2 48 125 76 77 68 1
13 72 49 31 117 21 1
75 42 153 2 48 125 1
18 104 133 50 113 130 1
37 110 128 100 150 39 1
147 88 70 37 110 128 1
86 37 57 52 158 61 1
74 132 125 1 101 142 1
105 27 107 141 47 133 1
49 79 4 109 69 65 1
46 34 56 156 106 119 1
27 150 98 3 75 77 1
21 26 48 13 72 49 1
29 64 115 105 27 107 1
56 140 33 96 87 71 1
48 84 56 85 37 131 1
90 148 48 82 47 78 1
131 146 87 73 88 82 1
136 138 133 49 79 4 2
89 53 10 14 78 117 2
94 0 111 3 75 77 2
41 89 155 151 115 81 2
107 141 126 53 79 138 2
143 110 157 46 34 56 2
154 13 53 146 77 81 2
75 42 153 48 84 56 2
26 53 33 65 0 90 2
107 141 126 45 25 78 2
118 101 53 152 134 129 2
146 77 81 17 152 61 2
57 83 67 55 146 55 2
102 28 78 124 138 61 2
36 42 82 96 87 71 2
41 89 155 77 127 67 2
146 77 81 36 42 82 2
48 84 56 73 88 82 2
153 115 84 75 42 153 2
31 117 21 112 93 13 2
12 36 125 112 93 13 2
95 44 141 143 110 157 2
130 111 98 38 111 80 2
102 28 78 24 3 87 2
51 32 47 10 119 36 2
26 53 33 30 4 8 2
79 153 145 104 123 81 2
151 115 81 127 14 64 2
82 47 78 147 88 70 2
28 24 123 130 111 98 2
88 130 127 82 47 78 2
45 25 78 2 48 125 2
127 14 64 44 96 138 2
71 104 118 125 157 51 2
42 22 143 3 75 77 2
36 42 82 0 27 111 2
155 44 25 62 129 75 2
28 24 123 96 87 71 2
22 71 76 39 77 5 2
91 88 34 77 127 67 2
74 132 125 96 87 71 2
32 105 14 100 150 39 2
115 157 124 153 115 84 2
129 134 118 56 140 33 2
47 142 148 129 134 118 2
114 155 141 117 28 45 2
142 71 33 121 21 144 2
45 25 78 93 87 139 2
60 147 7 47 142 148 2
139 124 64 16 46 65 2
113 33 63 64 25 157 2
65 0 90 145 79 62 2
55 146 55 140 93 68 2
5 72 33 78 103 73 2
141 47 133 144 17 133 2
10 119 36 135 39 112 2
91 88 34 61 52 1 2
112 93 13 116 56 128 2
14 78 117 66 48 117 2
116 56 128 99 14 157 3
11 149 128 114 155 141 3
146 77 81 67 56 7 3
92 91 156 44 96 138 3
84 38 6 114 155 141 3
35 147 18 22 71 76 3
46 34 56 137 143 127 3
119 96 143 115 157 124 3
152 134 129 83 147 67 3
87 6 54 8 149 22 3
101 105 98 13 72 49 3
87 6 54 18 104 133 3
123 126 155 43 77 82 3
11 149 128 7 93 37 3
70 27 6 92 91 156 3
60 147 7 97 99 83 3
67 56 7 16 46 65 3
133 135 81 124 138 61 3
10 119 36 128 2 156 3
152 134 129 4 81 113 3
68 83 64 25 133 5 3
122 50 118 50 113 130 4
59 92 76 148 103 134 4
24 3 87 20 0 58 4
40 155 73 22 71 76 4
72 25 118 92 91 156 4
58 0 64 47 142 148 4
68 83 64 148 103 134 4
25 133 5 125 157 51 4
34 129 85 158 145 111 4
45 25 78 126 38 155 6
