20 24 39 18 43 25 1
10 35 6 24 45 27 1
43 30 43 37 32 43 1
5 16 40 2 0 11 1
24 45 27 30 9 45 1
8 29 32 30 9 45 1
1 4 7 0 45 19 1
18 43 25 37 32 43 1
27 3 36 0 45 19 1
14 11 30 6 25 16 1
12 44 10 17 29 8 1
38 20 21 0 45 19 1
21 16 20 31 6 16 1
32 15 26 18 43 25 1
29 12 39 0 45 19 1
14 11 30 0 45 19 1
37 32 43 1 4 7 1
43 30 43 22 8 28 1
19 31 43 13 42 42 1
45 44 44 36 13 9 1
13 42 42 34 42 3 2
5 16 40 10 35 6 2
11 3 13 27 3 36 2
39 25 23 27 3 36 2
12 44 10 18 43 25 2
2 0 11 45 44 44 2
36 13 9 15 26 26 2
28 35 43 18 43 25 2
18 43 25 5 16 40 2
2 0 11 13 42 42 2
3 28 29 15 26 26 2
29 12 39 31 6 16 2
8 29 32 16 9 43 2
30 9 45 42 0 32 2
19 31 43 23 17 15 3
26 6 1 18 43 25 3
7 22 4 39 25 23 3
40 32 13 45 44 44 3
35 15 3 12 44 10 3
5 16 40 9 12 22 3
35 15 3 41 44 18 3
25 25 6 23 17 15 3
7 22 4 33 11 30 4
44 2 41 15 26 26 6
14 11 30 4 30 9 6
