25 14 96 103 78 107 1
80 60 78 10 121 26 1
41 11 112 36 13 131 1
51 13 116 81 63 28 1
4 9 111 37 45 109 1
58 16 92 128 29 4 1
56 131 21 17 117 6 1
10 121 26 54 44 45 1
29 32 60 109 94 31 1
63 132 27 10 121 26 1
75 42 82 18 56 46 1
41 11 112 123 106 2 1
32 104 105 1 113 49 1
73 66 19 115 102 12 1
118 66 53 105 41 55 1
63 132 27 56 131 21 1
72 73 126 1 113 49 1
82 128 128 23 23 96 1
123 106 2 68 80 53 1
9 68 30 95 79 22 1
91 79 50 122 21 105 1
92 0 11 49 58 39 1
130 17 32 82 128 128 1
128 29 4 20 19 29 1
56 131 21 111 18 97 1
90 111 64 66 131 84 1
32 104 105 52 75 60 1
16 45 89 36 13 131 1
104 0 127 100 114 130 1
78 1 130 108 94 29 1
8 69 125 34 33 19 1
51 13 116 95 79 22 1
1 113 49 95 79 22 1
120 27 112 125 110 117 1
102 82 42 45 53 38 1
22 20 123 86 38 123 1
56 131 21 27 101 80 1
67 52 54 113 117 29 1
57 67 113 104 0 127 1
50 131 13 64 39 55 1
99 19 115 65 59 34 1
21 2 132 33 112 123 1
55 128 24 61 77 49 1
98 71 10 1 113 49 1
104 0 127 20 19 29 1
95 79 22 87 62 61 1
43 12 96 14 122 49 1
84 40 121 99 19 115 1
37 45 109 19 112 132 1
127 7 31 57 67 113 1
78 1 130 26 69 5 1
8 69 125 102 82 42 1
30 69 11 104 0 127 1
109 94 31 26 69 5 1
94 61 69 29 32 60 1
62 67 60 12 81 4 1
65 59 34 87 62 61 1
124 42 3 62 67 60 1
69 24 1 74 68 9 1
23 23 96 17 117 6 1
34 33 19 75 42 82 1
19 112 132 2 62 98 1
119 28 61 110 102 91 1
35 5 85 4 9 111 1
60 50 25 66 131 84 1
91 79 50 63 132 27 1
84 40 121 96 128 127 2
65 59 34 89 51 35 2
127 7 31 46 127 93 2
1 113 49 53 66 3 2
41 11 112 132 124 35 2
79 74 66 76 87 128 2
6 67 8 108 94 29 2
19 112 132 77 65 98 2
87 62 61 119 28 61 2
132 124 35 99 19 115 2
35 5 85 26 69 5 2
112 4 71 54 44 45 2
30 69 11 88 126 111 2
65 59 34 3 22 119 2
86 38 123 117 48 59 2
129 116 12 131 28 122 2
85 111 58 9 68 30 2
31 23 16 85 111 58 2
10 121 26 132 124 35 2
64 39 55 26 69 5 2
43 12 96 125 110 117 2
69 24 1 18 56 46 2
66 131 84 112 4 71 2
105 41 55 130 17 32 2
69 24 1 112 4 71 2
15 91 104 34 33 19 2
112 4 71 124 42 3 2
124 42 3 22 20 123 2
64 39 55 122 21 105 2
113 117 29 126 45 122 2
79 74 66 37 45 109 2
101 8 57 60 50 25 2
86 38 123 28 37 78 2
33 112 123 29 32 60 2
101 8 57 121 46 9 2
7 79 117 99 19 115 2
0 95 23 41 11 112 2
125 110 117 40 22 18 2
123 106 2 14 122 49 2
58 16 92 122 21 105 2
76 87 128 92 0 11 2
58 16 92 114 103 18 2
116 44 4 4 9 111 2
94 61 69 106 12 1 2
103 78 107 29 32 60 2
74 68 9 24 69 95 2
44 124 88 113 117 29 3
27 101 80 67 52 54 3
11 132 120 118 66 53 3
67 52 54 42 87 69 3
124 42 3 48 46 60 3
71 65 48 79 74 66 3
61 77 49 46 127 93 3
129 116 12 75 42 82 3
54 44 45 59 13 50 3
13 65 80 37 45 109 3
103 78 107 38 37 130 3
93 24 116 61 77 49 4
37 45 109 5 127 61 4
83 7 54 4 9 111 4
47 128 53 3 22 119 4
70 100 70 17 117 6 5
97 11 26 106 12 1 6
39 49 2 16 45 89 6
107 58 34 48 46 60 6
86 38 123 115 102 12 7
