19 24 30 0 45 13 1
8 14 29 24 0 16 1
22 12 38 8 14 29 1
41 36 16 12 7 19 1
13 45 0 4 46 8 1
30 4 4 27 23 40 1
34 31 25 9 32 42 1
32 23 24 41 36 16 1
36 35 6 27 23 40 1
11 43 34 28 23 1 1
1 44 42 9 32 42 1
23 11 25 48 17 13 1
20 19 33 30 4 4 1
43 45 41 4 46 8 1
1 44 42 44 0 2 1
17 33 40 6 36 12 1
2 26 28 25 34 4 2
6 36 12 24 0 16 2
19 24 30 27 23 40 2
29 9 5 16 30 2 2
9 32 42 18 20 18 2
28 23 1 2 26 28 2
32 23 24 14 38 44 2
12 7 19 37 19 37 2
13 45 0 45 7 45 2
25 34 4 6 36 12 2
1 44 42 40 3 10 2
41 36 16 16 30 2 2
39 22 0 28 23 1 2
6 36 12 43 45 41 2
25 34 4 34 31 25 2
23 11 25 41 36 16 2
31 5 16 38 27 35 2
16 30 2 31 5 16 2
37 19 37 30 4 4 2
5 27 3 0 45 13 2
47 33 36 41 36 16 2
27 23 40 17 33 40 2
21 32 15 46 14 2 2
42 9 32 43 45 41 2
5 27 3 21 32 15 3
35 36 7 38 27 35 3
33 11 29 29 9 5 4
7 47 25 9 32 42 4
15 43 24 20 19 33 4
3 5 47 30 4 4 5
21 32 15 10 2 19 5
17 33 40 26 14 43 5
