21 44 26 32 33 48 1
25 29 28 56 3 49 1
29 49 50 35 13 40 1
33 30 26 20 38 52 1
8 1 45 42 13 29 1
45 54 20 12 28 59 1
22 16 12 18 47 39 1
60 40 44 44 22 15 1
26 38 40 30 34 11 1
53 24 16 38 23 10 1
47 45 36 0 48 26 1
58 53 1 3 15 37 1
15 47 4 6 58 57 1
19 57 56 60 40 44 1
10 41 33 27 36 50 1
35 13 40 54 36 51 1
30 34 11 51 13 56 1
60 40 44 47 45 36 1
58 53 1 44 22 15 1
54 36 51 57 59 3 1
44 22 15 30 34 11 1
54 36 51 59 1 15 1
52 36 30 15 47 4 1
57 59 3 15 47 4 1
52 36 30 19 57 56 1
32 33 48 50 47 21 1
31 51 46 52 36 30 1
55 52 8 46 11 60 1
7 5 25 23 23 15 1
38 23 10 11 49 17 1
56 3 49 41 4 12 1
16 11 27 54 36 51 1
55 52 8 37 10 33 1
45 54 20 16 11 27 1
54 36 51 22 16 12 1
12 28 59 5 20 4 1
9 42 22 52 36 30 1
32 33 48 11 49 17 2
6 58 57 46 11 60 2
1 28 32 35 13 40 2
56 3 49 58 53 1 2
20 38 52 44 22 15 2
39 43 29 8 1 45 2
18 47 39 50 47 21 2
12 28 59 23 23 15 2
47 45 36 48 25 3 2
30 34 11 27 36 50 2
29 49 50 49 59 54 2
1 28 32 8 1 45 2
6 58 57 43 43 32 2
2 60 33 49 59 54 2
14 38 22 49 59 54 3
19 57 56 13 26 8 3
17 22 59 25 29 28 3
16 11 27 40 21 55 3
36 57 18 49 59 54 3
3 15 37 28 55 28 3
4 49 35 22 16 12 3
34 47 26 58 53 1 5
32 33 48 24 48 50 6
