18 13 6 21 21 38 1
3 13 47 6 20 15 1
20 36 34 29 37 18 1
0 0 17 14 6 26 1
13 19 49 4 4 34 1
27 10 19 8 18 15 1
9 4 10 40 2 18 1
35 38 2 25 17 9 1
30 35 48 40 2 18 1
18 13 6 39 31 43 1
8 18 15 2 7 31 1
47 48 31 39 31 43 1
45 14 1 11 39 27 1
36 12 9 10 46 4 1
24 9 4 32 37 20 1
9 4 10 46 1 7 1
21 21 38 12 38 17 1
42 6 25 41 7 30 1
33 16 35 29 37 18 1
20 36 34 35 38 2 1
49 25 35 5 32 31 1
0 0 17 16 37 12 2
28 39 35 48 14 29 2
38 2 31 42 6 25 2
42 6 25 35 38 2 2
18 13 6 27 10 19 2
20 36 34 9 4 10 2
22 20 8 45 14 1 2
11 39 27 43 10 3 2
11 39 27 9 4 10 2
9 4 10 14 6 26 2
32 37 20 6 20 15 2
45 14 1 31 40 31 2
45 14 1 6 20 15 2
26 5 36 49 25 35 2
10 46 4 17 25 26 2
7 46 20 28 39 35 2
22 20 8 37 23 31 2
36 12 9 16 37 12 2
38 2 31 23 19 29 2
34 30 18 30 35 48 2
13 19 49 40 2 18 2
25 17 9 21 21 38 3
28 39 35 32 37 20 3
16 37 12 49 25 35 3
22 20 8 1 23 39 3
44 14 27 35 38 2 3
30 35 48 15 12 34 6
21 21 38 19 40 33 8
