79 116 59 48 32 3 1
15 86 60 34 56 75 1
58 80 71 103 132 35 1
4 120 103 76 83 99 1
61 81 116 53 20 17 1
50 107 107 90 56 133 1
126 3 16 23 102 55 1
14 110 85 125 107 35 1
8 120 32 54 82 115 1
130 104 132 28 91 80 1
91 35 34 37 14 28 1
10 27 127 122 97 30 1
65 92 112 36 130 93 1
96 34 70 2 62 126 1
67 96 19 19 0 7 1
8 120 32 130 104 132 1
0 93 26 114 18 125 1
73 127 78 40 2 7 1
125 107 35 60 110 41 1
129 94 29 50 107 107 1
110 127 97 115 130 121 1
6 119 75 129 94 29 1
29 95 129 52 109 7 1
81 25 111 76 83 99 1
121 14 21 90 56 133 1
116 114 31 75 84 73 1
89 16 98 55 113 63 1
132 89 61 60 110 41 1
84 18 91 76 83 99 1
75 84 73 79 116 59 1
78 73 24 27 28 4 1
36 130 93 104 113 126 1
95 23 118 114 18 125 1
123 4 59 97 13 55 1
52 109 7 40 2 7 1
121 14 21 128 0 73 1
85 69 86 56 40 24 1
31 4 18 63 122 130 1
52 109 7 72 87 113 1
64 69 104 104 113 126 1
120 64 81 65 92 112 1
34 56 75 127 34 107 1
132 89 61 49 13 51 1
15 86 60 82 1 128 1
124 17 69 126 3 16 1
112 121 19 65 92 112 1
10 27 127 72 87 113 1
40 2 7 68 27 78 1
49 13 51 77 100 37 1
107 43 49 110 127 97 1
53 20 17 127 34 107 1
131 57 64 20 81 1 1
72 87 113 3 45 102 1
28 91 80 32 122 7 1
35 28 99 121 14 21 1
109 4 69 125 107 35 1
10 27 127 109 4 69 1
2 62 126 85 69 86 1
80 99 28 33 27 45 1
63 122 130 48 32 3 1
124 17 69 97 13 55 1
26 127 52 1 98 86 1
103 132 35 28 91 80 1
117 37 93 29 95 129 1
46 6 23 92 44 76 1
79 116 59 115 130 121 1
23 102 55 36 130 93 1
64 69 104 102 36 3 1
22 73 22 49 13 51 1
60 110 41 17 35 65 1
129 94 29 40 2 7 2
23 102 55 26 127 52 2
114 18 125 40 2 7 2
4 120 103 128 0 73 2
12 62 112 54 82 115 2
48 32 3 113 131 86 2
63 122 130 120 64 81 2
27 28 4 55 113 63 2
32 122 7 62 6 14 2
104 113 126 78 73 24 2
86 41 48 35 28 99 2
50 107 107 116 114 31 2
49 13 51 105 12 115 2
99 120 93 111 6 35 2
94 44 14 112 121 19 2
7 88 78 10 27 127 2
39 122 84 12 62 112 2
69 99 80 33 27 45 2
73 127 78 45 114 114 2
89 16 98 12 62 112 2
67 96 19 63 122 130 2
57 97 35 47 30 49 2
57 97 35 91 35 34 2
82 1 128 42 10 97 2
129 94 29 46 6 23 2
93 87 101 51 84 27 2
28 91 80 33 27 45 2
34 56 75 48 32 3 2
96 34 70 30 16 13 2
12 62 112 59 36 87 2
44 3 88 107 43 49 2
57 97 35 3 45 102 2
83 37 129 25 9 116 2
58 80 71 5 77 73 2
0 93 26 83 37 129 2
7 88 78 38 123 114 2
32 122 7 101 106 48 2
49 13 51 20 81 1 2
76 83 99 71 122 21 2
121 14 21 98 129 34 2
30 16 13 126 3 16 2
4 120 103 66 92 19 3
13 34 95 104 113 126 3
88 57 103 74 117 106 3
58 80 71 21 85 63 3
86 41 48 100 65 124 3
36 130 93 74 117 106 3
6 119 75 119 45 78 3
104 113 126 108 34 74 3
18 38 127 14 110 85 3
120 64 81 87 53 61 3
98 129 34 41 118 133 3
24 18 24 130 104 132 3
9 18 76 40 2 7 3
59 36 87 99 120 93 3
16 56 23 112 121 19 3
93 87 101 94 44 14 3
64 69 104 133 28 64 3
51 84 27 118 40 114 4
128 0 73 70 18 15 4
43 122 23 28 91 80 6
122 97 30 11 48 18 6
106 132 15 64 69 104 6
