23 71 49 10 42 37 1
67 40 74 4 68 0 1
37 32 66 96 78 41 1
17 70 68 54 40 49 1
28 39 8 40 60 91 1
37 32 66 83 4 36 1
97 28 44 56 41 66 1
64 75 12 92 89 84 1
86 52 80 56 41 66 1
109 55 4 50 17 3 1
6 40 80 8 88 97 1
12 89 85 52 64 97 1
105 89 5 26 110 14 1
8 88 97 28 39 8 1
37 32 66 50 17 3 1
23 71 49 46 101 46 1
42 73 9 107 21 70 1
48 29 108 7 98 17 1
80 110 90 64 75 12 1
21 71 44 68 63 80 1
104 59 105 13 18 0 1
35 31 95 67 40 74 1
26 110 14 101 86 60 1
70 48 75 42 73 9 1
59 110 15 34 74 70 1
30 6 70 63 93 89 1
99 63 70 38 105 51 1
33 3 27 5 83 82 1
32 34 74 44 67 102 1
75 21 27 3 91 50 1
84 52 99 16 54 107 1
44 67 102 25 73 85 1
78 98 80 9 30 78 1
62 25 26 97 28 44 1
23 71 49 24 54 2 1
16 54 107 7 98 17 1
103 35 0 24 54 2 1
2 26 20 55 46 51 1
38 105 51 42 73 9 1
34 74 70 70 48 75 1
37 32 66 20 38 75 1
11 57 97 16 54 107 1
102 60 43 82 61 29 1
96 78 41 72 78 71 1
38 105 51 92 89 84 1
19 34 20 29 14 14 1
53 107 48 76 48 52 1
66 72 81 31 27 1 1
13 18 0 38 105 51 1
85 77 110 19 34 20 1
78 98 80 79 103 67 1
92 89 84 2 26 20 1
39 68 60 111 13 41 1
86 52 80 65 111 77 1
74 20 101 60 103 51 1
90 37 45 63 93 89 1
0 103 33 99 63 70 1
93 110 1 96 78 41 1
96 78 41 101 86 60 1
76 48 52 68 63 80 1
63 93 89 68 63 80 1
102 60 43 69 7 15 1
49 0 38 11 57 97 2
18 62 46 1 33 27 2
44 67 102 53 107 48 2
37 32 66 56 41 66 2
61 60 23 26 110 14 2
75 21 27 38 105 51 2
86 52 80 76 48 52 2
107 21 70 74 20 101 2
48 29 108 41 23 9 2
95 47 7 91 80 50 2
46 101 46 32 34 74 2
14 70 108 5 83 82 2
84 52 99 60 103 51 2
57 22 100 81 18 88 2
63 93 89 3 91 50 2
31 27 1 80 110 90 2
10 42 37 29 14 14 2
93 110 1 67 40 74 2
93 110 1 5 83 82 2
109 55 4 110 72 37 2
54 40 49 51 106 20 2
51 106 20 3 91 50 2
39 68 60 43 33 92 2
88 96 100 97 28 44 2
94 36 72 78 98 80 2
6 40 80 101 86 60 2
18 62 46 16 54 107 2
73 53 105 38 105 51 2
11 57 97 69 7 15 2
1 33 27 108 37 52 2
107 21 70 58 50 111 2
23 71 49 52 64 97 2
25 73 85 71 71 10 2
92 89 84 45 103 73 2
53 107 48 47 0 8 2
91 80 50 55 46 51 2
84 52 99 111 13 41 2
45 103 73 79 103 67 2
27 6 23 42 73 9 2
36 61 80 13 18 0 3
18 62 46 15 8 72 3
52 64 97 22 66 31 3
8 88 97 81 18 88 3
98 90 97 46 101 46 3
105 89 5 77 26 5 3
16 54 107 89 101 105 3
100 108 22 6 40 80 3
87 77 66 33 3 27 4
106 45 72 3 91 50 5
