35 93 41 65 138 86 1
70 86 25 111 97 30 1
134 29 115 99 12 69 1
7 29 119 54 116 104 1
67 35 32 89 4 124 1
22 42 118 24 4 65 1
71 37 91 87 91 4 1
129 113 64 86 108 79 1
118 90 81 54 116 104 1
136 104 68 108 121 4 1
49 74 29 24 4 65 1
134 29 115 100 72 24 1
138 113 30 47 15 11 1
106 111 81 20 16 137 1
57 68 108 120 106 71 1
55 6 65 67 35 32 1
65 138 86 66 50 83 1
101 124 26 6 39 50 1
122 127 35 66 50 83 1
91 47 41 73 95 0 1
134 29 115 2 114 3 1
128 14 78 46 89 5 1
132 34 123 98 131 32 1
61 14 25 83 33 66 1
26 138 59 84 73 82 1
46 89 5 76 140 72 1
2 114 3 135 108 69 1
103 47 65 23 3 17 1
84 73 82 15 115 130 1
125 30 14 25 16 80 1
34 88 96 31 61 16 1
26 138 59 10 75 92 1
72 60 35 135 108 69 1
123 68 129 99 12 69 1
94 68 77 97 125 84 1
95 112 22 1 55 49 1
138 113 30 15 115 130 1
58 48 128 38 3 50 1
131 7 82 15 115 130 1
0 61 116 77 33 47 1
135 108 69 77 33 47 1
3 27 132 54 116 104 1
80 110 79 46 89 5 1
127 38 105 118 90 81 1
61 14 25 115 45 14 1
115 45 14 3 27 132 1
71 37 91 120 106 71 1
107 78 126 54 116 104 1
52 87 122 82 22 10 1
30 19 86 44 91 20 1
32 132 28 127 38 105 1
138 113 30 20 16 137 1
25 16 80 45 84 82 1
79 140 75 6 39 50 1
75 43 105 2 114 3 1
140 126 35 16 112 10 1
126 137 15 4 46 110 1
43 68 47 104 137 9 1
127 38 105 135 108 69 1
92 136 37 63 2 67 1
70 86 25 29 17 67 1
100 72 24 132 34 123 1
59 131 123 73 95 0 1
69 131 76 31 61 16 1
40 82 57 138 113 30 1
135 108 69 8 92 59 1
44 91 20 112 30 99 1
39 100 95 14 87 75 1
61 14 25 23 3 17 1
6 39 50 59 131 123 1
118 90 81 51 72 100 1
19 126 32 14 87 75 1
13 89 136 18 15 123 2
69 131 76 111 97 30 2
122 127 35 100 72 24 2
37 125 17 67 35 32 2
120 106 71 101 124 26 2
125 30 14 24 4 65 2
0 61 116 79 140 75 2
99 12 69 139 119 107 2
0 61 116 22 42 118 2
121 78 53 96 33 37 2
121 78 53 78 0 125 2
46 89 5 133 66 108 2
131 7 82 107 78 126 2
122 127 35 76 140 72 2
119 71 131 129 113 64 2
50 0 126 120 106 71 2
68 117 86 34 88 96 2
4 46 110 140 126 35 2
69 131 76 114 99 82 2
140 126 35 127 38 105 2
109 64 64 41 78 135 2
42 73 40 40 82 57 2
106 111 81 12 26 30 2
27 44 89 108 121 4 2
14 87 75 120 106 71 2
82 22 10 2 114 3 2
68 117 86 77 33 47 2
124 9 112 12 26 30 2
17 51 27 139 119 107 2
127 38 105 44 91 20 2
136 104 68 61 14 25 2
67 35 32 28 114 17 2
89 4 124 116 73 66 2
58 48 128 101 124 26 2
93 76 25 65 138 86 2
34 88 96 62 130 20 2
117 40 12 88 68 65 2
48 127 83 87 91 4 2
86 108 79 71 37 91 2
9 69 26 27 44 89 2
117 40 12 139 119 107 2
14 87 75 43 68 47 2
13 89 136 104 137 9 2
36 78 106 82 22 10 2
117 40 12 33 28 117 2
110 92 55 79 140 75 3
116 73 66 70 86 25 3
74 129 127 27 44 89 3
13 89 136 56 52 56 3
137 4 74 34 88 96 3
136 104 68 85 39 8 3
108 121 4 1 55 49 3
5 76 108 123 68 129 3
60 116 131 35 93 41 3
126 137 15 92 136 37 3
78 0 125 120 106 71 3
32 132 28 53 122 52 3
100 72 24 41 78 135 3
64 57 78 19 126 32 3
62 130 20 90 103 20 3
94 68 77 4 46 110 3
11 75 21 16 112 10 3
113 57 49 135 108 69 4
29 17 67 105 99 80 4
81 34 133 131 7 82 5
107 78 126 102 2 102 5
130 130 81 123 68 129 7
26 138 59 21 112 94 8
