2 133 2 98 110 12 1
51 84 82 80 150 118 1
112 11 57 58 136 146 1
66 108 38 60 26 87 1
25 95 74 17 24 71 1
95 137 120 130 63 134 1
150 31 46 80 150 118 1
135 156 114 123 1 95 1
30 153 64 45 57 4 1
59 74 133 69 59 41 1
140 120 32 96 30 137 1
33 146 4 116 118 2 1
36 10 113 132 50 26 1
143 24 18 95 137 120 1
154 94 94 11 82 28 1
89 28 29 68 7 3 1
55 0 125 147 140 62 1
134 126 55 84 133 85 1
41 42 62 68 7 3 1
112 11 57 1 121 127 1
3 152 113 107 34 113 1
92 33 40 62 68 53 1
31 150 118 62 68 53 1
10 35 142 32 36 77 1
122 144 15 129 128 153 1
126 16 60 15 6 73 1
49 28 96 77 7 131 1
127 20 27 152 72 43 1
74 75 77 88 11 100 1
118 133 13 143 24 18 1
85 2 138 80 150 118 1
71 51 98 114 120 54 1
134 126 55 50 15 131 1
101 127 29 123 1 95 1
94 3 15 86 61 135 1
133 35 70 15 6 73 1
138 118 138 125 13 1 1
63 60 17 98 110 12 1
81 41 52 21 70 156 1
122 144 15 29 139 50 1
132 50 26 103 49 39 1
124 4 87 7 61 147 1
50 15 131 24 42 119 1
149 155 123 135 156 114 1
82 126 31 17 24 71 1
46 75 93 125 13 1 1
53 68 55 100 85 82 1
65 32 118 124 4 87 1
118 133 13 45 57 4 1
72 46 149 118 133 13 1
22 35 77 113 49 18 1
39 105 13 127 20 27 1
49 28 96 81 41 52 1
26 107 20 76 113 75 1
91 121 117 153 15 113 1
150 31 46 24 42 119 1
104 145 47 45 57 4 1
99 126 95 93 71 20 1
53 68 55 112 11 57 1
107 34 113 75 23 138 1
103 49 39 110 150 100 1
28 140 140 126 16 60 1
132 50 26 85 2 138 1
41 42 62 36 10 113 1
112 11 57 118 133 13 1
28 140 140 45 57 4 1
33 146 4 27 44 93 1
94 3 15 153 15 113 1
115 88 121 3 152 113 1
16 8 58 64 44 80 1
136 102 53 52 90 125 1
25 95 74 110 150 100 1
43 9 70 119 15 62 1
60 26 87 100 85 82 1
126 16 60 5 54 90 1
107 34 113 94 3 15 1
66 108 38 88 11 100 1
15 6 73 155 132 146 1
146 108 102 78 83 66 1
110 150 100 28 140 140 1
79 117 53 73 54 68 1
23 67 24 133 35 70 1
67 28 1 17 24 71 1
59 74 133 26 107 20 1
128 90 47 13 84 69 1
56 154 65 126 16 60 1
143 24 18 148 58 123 1
125 13 1 42 0 31 1
156 68 114 24 42 119 1
128 90 47 47 73 111 2
109 37 146 36 10 113 2
19 60 96 56 154 65 2
8 112 27 46 75 93 2
111 127 3 138 118 138 2
53 68 55 137 113 6 2
6 85 15 83 90 146 2
12 133 37 52 90 125 2
44 109 41 24 42 119 2
70 30 31 92 33 40 2
61 51 53 34 27 86 2
123 1 95 118 133 13 2
106 94 40 154 94 94 2
119 15 62 61 51 53 2
138 118 138 153 15 113 2
84 133 85 42 0 31 2
52 90 125 39 105 13 2
133 35 70 7 61 147 2
97 17 77 98 110 12 2
33 146 4 54 139 88 2
97 17 77 143 24 18 2
0 144 16 6 85 15 2
131 113 11 33 146 4 2
80 150 118 144 91 118 2
132 50 26 76 113 75 2
136 102 53 29 139 50 2
141 94 124 50 15 131 2
79 117 53 50 15 131 2
87 71 63 59 74 133 2
94 3 15 127 20 27 2
43 9 70 70 30 31 2
79 117 53 121 11 6 2
117 111 156 37 90 12 2
142 46 22 24 42 119 2
120 138 119 13 84 69 2
92 33 40 24 42 119 2
69 59 41 21 70 156 2
87 71 63 96 30 137 2
114 120 54 141 94 124 2
155 132 146 10 35 142 2
79 117 53 38 12 39 2
25 95 74 35 106 43 2
83 90 146 66 108 38 2
67 28 1 128 90 47 2
18 4 10 105 12 154 2
16 8 58 77 7 131 2
105 12 154 126 16 60 2
101 127 29 4 8 97 3
114 120 54 22 35 77 3
78 83 66 63 60 17 3
8 112 27 27 44 93 3
102 113 85 0 144 16 3
14 127 113 134 126 55 3
154 94 94 3 152 113 3
147 140 62 34 27 86 3
9 152 90 145 36 39 3
100 85 82 145 36 39 4
113 49 18 57 124 113 4
20 90 2 116 118 2 4
119 15 62 48 148 58 4
11 82 28 151 12 56 4
149 155 123 37 90 12 4
93 71 20 35 106 43 4
40 81 71 106 94 40 4
116 118 2 139 131 57 5
108 62 143 75 23 138 5
90 139 66 127 20 27 6
