39 9 16 24 8 58 1
15 31 9 28 34 4 1
11 10 48 30 50 56 1
58 49 59 47 33 16 1
61 8 50 16 61 58 1
47 33 16 2 57 51 1
1 23 12 47 33 16 1
3 22 53 51 34 36 1
34 44 4 50 8 11 1
18 25 1 51 34 36 1
40 36 33 29 23 30 1
36 18 55 61 8 50 1
34 44 4 2 57 51 1
42 15 22 8 29 27 1
6 20 33 49 1 46 1
10 40 13 23 3 38 1
35 13 45 10 40 13 1
61 8 50 19 28 21 1
37 17 54 13 28 3 1
53 35 48 31 8 50 1
31 8 50 60 33 57 1
44 3 37 55 49 19 1
33 2 10 29 23 30 1
15 31 9 61 8 50 1
17 14 13 47 33 16 1
40 36 33 34 44 4 1
9 36 33 4 37 49 1
52 27 52 61 8 50 2
45 10 10 40 36 33 2
0 47 19 38 15 9 2
14 55 6 23 3 38 2
21 17 38 29 23 30 2
37 17 54 21 17 38 2
18 25 1 2 57 51 2
40 36 33 11 10 48 2
42 15 22 39 9 16 2
19 28 21 51 34 36 2
0 47 19 46 6 9 2
15 31 9 23 3 38 2
24 8 58 43 58 43 2
49 1 46 9 36 33 2
14 55 6 4 37 49 2
28 34 4 59 0 25 2
35 13 45 8 29 27 2
48 15 24 36 18 55 2
0 47 19 50 8 11 2
27 1 41 18 25 1 2
22 38 3 42 15 22 2
44 3 37 51 34 36 2
25 48 18 27 1 41 2
57 23 33 21 17 38 2
1 23 12 7 37 0 2
12 52 23 7 37 0 3
36 18 55 53 35 48 3
52 27 52 56 11 59 3
43 58 43 32 30 28 3
26 20 2 54 48 21 3
5 56 55 13 28 3 3
60 33 57 26 20 2 3
61 8 50 41 18 29 3
20 12 16 12 52 23 3
