1 47 36 64 10 13 1
71 84 57 16 24 19 1
79 40 2 23 82 71 1
22 51 3 87 19 31 1
49 40 48 36 18 0 1
35 81 26 27 62 4 1
89 0 19 23 82 71 1
78 93 19 1 47 36 1
53 1 42 86 92 6 1
93 68 16 48 74 52 1
87 19 31 11 28 34 1
69 14 59 73 51 65 1
72 17 19 64 10 13 1
9 64 6 58 24 37 1
82 76 66 25 31 11 1
95 47 21 67 24 23 1
41 26 9 1 47 36 1
37 94 96 14 58 21 1
25 31 11 26 17 97 1
76 92 3 65 31 16 1
31 81 57 81 68 51 1
14 58 21 67 24 23 1
78 93 19 8 68 34 1
48 74 52 7 55 37 1
17 82 55 66 27 79 1
23 82 71 97 50 10 1
90 59 45 71 84 57 1
48 74 52 83 17 54 1
42 2 11 97 50 10 1
80 96 94 69 14 59 1
69 14 59 42 2 11 1
45 89 40 55 85 74 1
7 55 37 90 59 45 1
64 10 13 19 8 53 1
79 40 2 35 81 26 1
56 37 11 16 24 19 1
1 47 36 67 24 23 1
84 35 51 55 85 74 1
32 14 9 83 17 54 1
15 73 30 52 64 1 1
71 84 57 39 96 86 1
18 73 66 5 64 93 2
67 24 23 83 17 54 2
25 31 11 50 68 15 2
75 21 30 89 0 19 2
13 68 51 7 55 37 2
43 63 17 37 94 96 2
74 47 0 83 17 54 2
89 0 19 6 72 5 2
4 19 13 47 55 26 2
2 75 30 78 93 19 2
23 82 71 52 64 1 2
65 31 16 51 56 69 2
83 17 54 76 92 3 2
15 73 30 37 94 96 2
0 62 55 72 17 19 2
43 63 17 33 6 33 2
86 92 6 20 74 29 2
24 16 22 6 72 5 2
28 28 87 35 81 26 2
69 14 59 84 35 51 2
91 48 88 5 64 93 2
18 73 66 95 47 21 2
18 73 66 17 82 55 2
4 19 13 56 37 11 2
67 24 23 31 81 57 2
88 65 80 14 58 21 2
88 65 80 62 71 92 2
86 92 6 91 48 88 2
20 74 29 25 31 11 2
93 68 16 10 19 19 2
92 25 49 73 51 65 2
66 27 79 57 92 47 2
7 55 37 61 1 97 2
87 19 31 9 64 6 2
21 25 80 90 59 45 2
87 19 31 57 92 47 2
23 82 71 96 88 53 2
68 39 55 38 8 51 2
70 19 8 23 82 71 2
56 37 11 94 12 14 3
41 26 9 63 9 71 3
58 24 37 60 1 5 3
68 39 55 0 62 55 3
94 12 14 29 53 65 3
46 71 92 58 24 37 3
32 14 9 44 30 37 3
2 75 30 49 40 48 3
59 63 31 57 92 47 3
12 71 75 76 92 3 3
40 77 61 62 71 92 3
30 64 3 18 73 66 3
39 96 86 85 47 18 4
79 40 2 77 33 43 4
51 56 69 34 7 58 5
3 8 33 1 47 36 5
54 20 3 68 39 55 8
