107 90 108 43 44 176 1
91 134 122 180 41 77 1
20 161 11 51 86 105 1
11 90 125 147 129 71 1
69 6 75 146 99 34 1
151 33 83 161 141 97 1
124 178 91 178 12 32 1
85 163 85 91 134 122 1
173 43 15 110 96 82 1
35 171 75 63 16 92 1
146 99 34 77 156 46 1
107 90 108 10 37 112 1
123 139 163 40 160 161 1
84 138 114 37 171 53 1
128 36 165 103 83 65 1
131 98 57 60 147 4 1
33 19 107 125 18 51 1
49 177 125 154 142 166 1
132 104 26 93 173 26 1
175 6 146 14 11 161 1
41 93 106 80 126 141 1
164 138 167 42 33 123 1
51 86 105 129 83 97 1
91 134 122 123 139 163 1
135 137 17 119 10 67 1
33 19 107 48 22 0 1
139 171 5 61 166 53 1
28 145 175 159 41 43 1
27 75 167 50 93 21 1
135 137 17 5 161 39 1
152 60 15 0 126 166 1
139 171 5 154 142 166 1
66 68 19 36 41 56 1
0 126 166 115 158 135 1
124 178 91 61 166 53 1
99 75 99 44 123 19 1
123 139 163 141 8 179 1
153 115 91 93 173 26 1
119 10 67 66 68 19 1
133 150 151 85 163 85 1
177 115 122 156 122 167 1
35 171 75 100 93 100 1
168 26 33 27 75 167 1
70 130 161 35 171 75 1
139 171 5 179 81 108 1
134 23 107 65 101 179 1
102 133 118 168 26 33 1
90 66 168 112 155 2 1
92 91 163 34 94 25 1
36 41 56 111 15 121 1
23 78 76 143 172 103 1
0 126 166 41 93 106 1
95 53 172 175 6 146 1
2 151 66 166 125 21 1
10 37 112 178 12 32 1
43 44 176 147 129 71 1
113 19 76 16 68 52 1
105 119 94 127 21 103 1
86 90 152 56 160 161 1
122 161 15 107 90 108 1
92 91 163 65 101 179 1
115 158 135 131 98 57 1
91 134 122 149 144 85 1
23 78 76 9 164 119 1
32 73 2 149 144 85 1
128 36 165 88 104 158 1
16 68 52 21 68 129 1
32 73 2 81 122 71 1
167 50 25 53 102 88 1
119 10 67 179 81 108 1
93 173 26 39 72 90 1
92 91 163 5 161 39 1
129 83 97 96 52 129 1
67 113 101 29 26 28 1
52 117 50 46 79 70 1
61 166 53 53 102 88 1
105 119 94 108 167 127 1
127 21 103 52 117 50 1
27 75 167 61 166 53 1
49 177 125 45 57 67 1
147 129 71 2 151 66 1
162 34 179 94 154 104 1
1 94 117 96 52 129 1
131 98 57 14 11 161 1
18 32 12 144 132 56 1
180 41 77 80 126 141 1
11 90 125 173 43 15 1
89 88 58 6 140 63 1
31 112 141 169 12 111 1
128 36 165 143 172 103 2
176 79 26 61 166 53 2
171 125 168 146 99 34 2
46 79 70 174 51 107 2
169 12 111 161 141 97 2
17 28 145 117 137 166 2
125 18 51 24 131 55 2
124 178 91 7 58 135 2
56 160 161 46 79 70 2
76 120 33 11 90 125 2
118 180 144 137 180 4 2
92 91 163 157 59 129 2
145 33 61 58 23 60 2
9 164 119 62 156 156 2
150 70 78 15 102 35 2
111 15 121 131 98 57 2
168 26 33 151 33 83 2
27 75 167 103 83 65 2
38 127 135 158 68 54 2
77 156 46 9 164 119 2
95 53 172 104 161 81 2
146 99 34 26 28 92 2
52 117 50 59 90 30 2
81 122 71 153 115 91 2
126 60 4 131 98 57 2
17 28 145 100 93 100 2
8 34 8 70 130 161 2
107 90 108 89 88 58 2
177 115 122 79 123 32 2
173 43 15 24 131 55 2
132 104 26 113 19 76 2
106 53 1 116 27 92 2
159 41 43 108 167 127 2
79 123 32 171 125 168 2
81 122 71 145 33 61 2
66 68 19 19 178 41 2
177 115 122 38 127 135 2
67 113 101 84 138 114 2
170 44 61 177 115 122 2
75 46 76 174 51 107 2
93 173 26 63 16 92 2
109 109 123 165 130 123 2
29 26 28 40 160 161 2
142 176 169 57 37 29 2
114 35 68 174 51 107 2
47 63 106 163 84 165 2
172 23 151 94 154 104 2
103 83 65 25 113 74 2
83 39 54 5 161 39 2
148 168 164 50 93 21 2
103 83 65 101 84 139 2
165 130 123 153 115 91 2
18 32 12 57 37 29 2
97 42 60 131 98 57 2
121 42 111 104 161 81 2
96 52 129 157 59 129 2
68 38 47 10 37 112 2
148 168 164 42 33 123 2
102 133 118 162 34 179 2
61 166 53 160 125 172 2
12 162 47 24 131 55 2
157 59 129 13 20 176 2
56 160 161 177 115 122 2
116 27 92 90 66 168 2
47 63 106 92 91 163 3
119 10 67 64 61 167 3
99 75 99 32 73 2 3
142 176 169 45 57 67 3
44 123 19 118 180 144 3
150 70 78 169 12 111 3
173 43 15 140 102 171 3
153 115 91 138 121 128 3
54 56 70 81 122 71 3
74 9 27 13 20 176 3
67 113 101 82 81 41 3
161 141 97 73 57 171 3
4 96 104 149 144 85 3
78 43 81 22 42 6 3
120 152 98 121 42 111 3
144 132 56 55 148 94 3
136 40 110 106 53 1 3
88 104 158 136 40 110 3
78 43 81 46 79 70 3
54 56 70 130 68 59 4
3 72 59 113 19 76 4
72 93 160 12 162 47 4
12 162 47 87 60 174 4
93 173 26 155 23 3 4
98 79 163 129 83 97 4
73 57 171 71 50 100 5
30 175 89 139 171 5 6
