93 9 51 52 8 22 1
159 14 163 92 104 163 1
33 27 163 43 29 82 1
4 38 94 108 130 145 1
116 162 171 151 31 123 1
38 162 94 168 0 19 1
17 105 126 29 13 127 1
140 47 101 38 162 94 1
125 16 28 41 66 58 1
125 16 28 82 134 138 1
53 79 104 72 95 7 1
3 34 25 4 38 94 1
30 151 95 81 65 16 1
53 79 104 89 123 90 1
82 134 138 56 95 49 1
56 95 49 133 167 155 1
127 102 0 64 62 59 1
145 140 60 140 47 101 1
168 0 19 85 139 96 1
29 13 127 144 0 46 1
10 69 136 1 134 14 1
155 162 115 152 43 20 1
59 55 132 136 125 98 1
57 7 104 74 74 123 1
8 130 99 140 47 101 1
93 9 51 121 24 167 1
32 8 171 85 139 96 1
103 167 77 123 29 50 1
92 104 163 107 173 95 1
131 66 157 158 125 166 1
145 140 60 93 9 51 1
76 48 37 4 38 94 1
159 14 163 52 8 22 1
99 99 69 142 10 47 1
31 9 81 61 74 110 1
125 16 28 155 162 115 1
169 126 34 131 66 157 1
31 9 81 113 164 158 1
116 162 171 157 41 37 1
144 0 46 100 130 142 1
16 39 167 121 24 167 1
64 62 59 54 158 16 1
115 67 134 6 136 165 1
169 126 34 25 65 136 1
121 24 167 115 67 134 1
22 162 100 19 151 75 1
76 48 37 20 160 55 1
105 106 127 99 99 69 1
47 95 31 123 29 50 1
87 79 135 93 9 51 1
147 14 140 138 88 150 1
40 160 143 68 2 65 1
68 2 65 173 136 74 1
43 29 82 25 65 136 1
33 27 163 47 95 31 1
19 151 75 113 164 158 1
5 153 88 86 48 115 1
111 98 34 85 139 96 1
108 130 145 172 93 108 1
160 125 66 61 74 110 1
151 31 123 1 134 14 1
59 55 132 4 38 94 1
87 79 135 112 56 84 1
41 66 58 26 0 126 1
41 66 58 166 100 170 1
83 26 65 105 106 127 1
138 88 150 172 93 108 1
171 155 132 33 27 163 1
23 35 27 84 3 15 1
152 43 20 40 160 143 1
154 90 130 14 165 40 1
144 0 46 64 62 59 1
128 132 45 11 172 25 1
20 160 55 96 170 35 1
166 100 170 5 153 88 1
59 55 132 73 166 163 1
80 76 39 114 37 27 1
151 31 123 66 63 162 1
161 152 73 21 172 31 1
168 0 19 155 162 115 1
143 154 19 128 132 45 1
43 29 82 50 18 81 1
19 151 75 41 66 58 1
156 153 2 172 93 108 1
66 63 162 60 66 44 1
36 108 84 71 125 7 1
31 9 81 91 61 147 1
117 48 76 79 126 42 1
105 106 127 91 61 147 1
106 155 65 6 136 165 1
119 86 124 50 18 81 1
131 66 157 0 49 157 1
113 164 158 62 80 41 1
145 140 60 164 49 137 1
169 126 34 81 65 16 2
110 97 59 136 125 98 2
79 126 42 115 67 134 2
36 108 84 93 9 51 2
79 126 42 122 147 146 2
101 139 2 160 125 66 2
160 125 66 42 162 13 2
84 3 15 124 26 131 2
73 166 163 90 60 92 2
87 79 135 123 29 50 2
146 124 59 71 125 7 2
50 18 81 129 6 108 2
70 116 46 140 47 101 2
74 74 123 45 139 139 2
34 62 11 75 18 3 2
164 49 137 29 13 127 2
129 6 108 98 141 137 2
90 60 92 126 92 24 2
85 139 96 147 14 140 2
88 60 41 84 3 15 2
57 7 104 61 74 110 2
44 62 45 81 65 16 2
58 170 153 9 57 161 2
114 37 27 168 0 19 2
151 31 123 83 26 65 2
15 130 109 101 139 2 2
88 60 41 15 130 109 2
33 27 163 55 135 141 2
114 37 27 9 57 161 2
113 164 158 143 154 19 2
94 78 120 129 6 108 2
34 62 11 71 125 7 2
73 166 163 72 95 7 2
68 2 65 14 165 40 2
156 153 2 141 93 125 2
87 79 135 2 55 160 2
28 35 58 38 162 94 2
164 49 137 78 52 153 2
35 166 138 156 153 2 2
48 66 21 46 1 157 2
95 7 53 75 18 3 2
49 54 61 74 74 123 2
48 66 21 16 39 167 2
67 42 116 143 154 19 2
65 166 69 85 139 96 2
45 139 139 165 47 41 2
37 59 86 173 136 74 2
102 170 23 61 74 110 2
134 90 65 16 39 167 2
139 63 81 97 169 41 2
33 27 163 153 160 100 2
54 158 16 163 123 133 2
111 98 34 21 172 31 2
128 132 45 132 122 23 2
12 79 122 164 49 137 2
9 57 161 139 63 81 2
143 154 19 104 97 35 2
85 139 96 18 153 11 2
20 160 55 149 90 87 2
148 130 19 29 13 127 2
149 90 87 63 11 115 3
124 26 131 137 53 86 3
80 76 39 130 37 122 3
86 48 115 7 31 98 3
62 80 41 167 17 124 3
51 10 65 89 123 90 3
5 153 88 69 76 139 3
39 132 144 7 31 98 3
76 48 37 109 98 152 3
144 0 46 13 75 37 3
123 29 50 135 140 10 3
30 151 95 150 62 18 3
92 104 163 77 58 74 3
118 66 66 36 108 84 3
170 138 38 25 65 136 4
162 58 36 66 63 162 4
169 126 34 120 144 88 5
135 140 10 27 89 126 5
24 126 156 156 153 2 6
