58 29 24 18 39 50 1
0 22 40 75 48 64 1
60 10 42 15 30 22 1
24 26 47 40 56 14 1
3 53 44 72 19 51 1
22 19 47 30 11 53 1
77 67 51 76 53 5 1
55 21 21 56 75 55 1
57 61 7 53 18 39 1
73 26 29 28 21 60 1
38 43 38 28 21 60 1
14 16 33 48 61 61 1
15 30 22 6 47 23 1
0 22 40 5 50 68 1
77 67 51 6 47 23 1
37 24 63 58 29 24 1
26 13 14 4 2 47 1
68 24 59 6 47 23 1
9 56 7 61 58 12 1
15 30 22 27 16 48 1
46 9 20 9 56 7 1
59 27 17 29 71 56 1
58 29 24 55 21 21 1
50 39 65 47 69 67 1
75 48 64 33 26 25 1
38 43 38 70 5 54 1
33 26 25 34 33 69 1
66 69 18 56 75 55 1
52 31 37 22 19 47 1
59 27 17 36 62 62 1
49 43 37 31 72 19 1
29 71 56 55 21 21 1
27 16 48 54 56 1 1
22 19 47 60 10 42 1
64 66 44 55 21 21 1
73 26 29 67 27 7 1
74 66 1 24 26 47 1
20 23 7 76 53 5 1
11 38 67 33 26 25 1
50 39 65 44 39 69 1
63 52 71 62 32 38 1
26 13 14 77 67 51 1
61 58 12 48 61 61 1
64 66 44 23 37 54 2
45 56 59 8 34 14 2
57 61 7 14 16 33 2
72 19 51 21 25 14 2
51 17 46 49 43 37 2
48 61 61 13 52 38 2
34 33 69 59 27 17 2
74 66 1 45 56 59 2
34 33 69 61 58 12 2
3 53 44 14 16 33 2
23 37 54 15 30 22 2
64 66 44 63 52 71 2
16 71 34 56 75 55 2
68 24 59 25 47 72 2
71 21 74 64 66 44 2
55 21 21 49 43 37 2
56 75 55 32 49 38 2
23 37 54 73 26 29 2
7 23 49 61 58 12 2
26 13 14 39 57 7 2
10 71 51 76 53 5 2
18 39 50 40 56 14 2
72 19 51 42 33 53 2
19 50 31 29 71 56 2
44 39 69 60 10 42 3
69 2 4 27 16 48 3
2 26 28 40 56 14 3
12 25 45 53 18 39 3
43 39 31 25 47 72 3
65 38 61 16 71 34 3
1 39 49 17 64 21 4
52 31 37 17 64 21 4
35 28 10 47 69 67 5
44 39 69 41 29 13 5
