7 17 98 124 5 17 1
95 73 84 21 16 115 1
27 77 144 102 19 147 1
70 40 59 102 19 147 1
48 129 87 29 98 33 1
7 17 98 76 58 106 1
142 30 8 92 14 11 1
132 14 23 83 132 10 1
92 14 11 106 143 144 1
26 59 144 149 28 124 1
75 87 101 139 103 120 1
87 95 104 141 126 38 1
66 148 80 107 32 19 1
105 23 84 34 91 22 1
23 113 4 145 100 77 1
12 111 124 67 145 91 1
45 81 48 36 93 145 1
33 133 7 39 83 21 1
88 12 18 107 32 19 1
76 58 106 79 73 114 1
60 135 85 131 107 136 1
130 139 141 117 82 0 1
20 80 124 26 59 144 1
97 137 106 56 47 9 1
117 82 0 5 60 127 1
11 135 102 21 16 115 1
94 143 76 48 129 87 1
117 82 0 13 27 18 1
109 66 146 51 102 23 1
53 131 89 9 125 70 1
127 88 62 39 83 21 1
132 14 23 115 46 54 1
29 98 33 42 82 50 1
126 49 129 120 25 65 1
82 67 105 68 140 129 1
101 87 43 124 5 17 1
107 32 19 125 61 46 1
41 79 17 144 144 72 1
113 68 14 27 77 144 1
92 14 11 151 22 55 1
93 32 73 9 125 70 1
29 98 33 96 144 58 1
151 22 55 97 137 106 1
126 49 129 70 40 59 1
63 16 34 66 148 80 1
124 5 17 132 14 23 1
106 143 144 50 63 0 1
106 143 144 126 49 129 1
137 128 147 55 9 8 1
54 52 2 32 140 140 1
138 22 42 57 93 47 1
9 125 70 4 98 57 1
1 26 141 101 87 43 1
139 103 120 80 33 64 1
84 10 120 138 22 42 1
24 97 113 128 77 35 1
65 129 54 69 111 119 1
149 28 124 143 12 70 1
149 28 124 83 132 10 1
90 76 99 87 95 104 1
141 126 38 85 101 15 1
91 78 121 50 63 0 1
67 145 91 57 93 47 1
71 89 47 98 5 105 1
117 82 0 105 23 84 1
96 144 58 146 90 9 1
26 59 144 70 40 59 1
64 137 80 102 19 147 1
21 16 115 69 111 119 1
110 34 68 125 61 46 1
135 9 129 84 10 120 1
69 111 119 129 97 50 2
111 114 104 101 87 43 2
99 145 72 137 128 147 2
123 135 99 58 49 76 2
23 113 4 110 34 68 2
72 71 112 83 132 10 2
82 67 105 124 5 17 2
54 52 2 99 145 72 2
92 14 11 86 81 46 2
125 61 46 2 101 101 2
112 22 77 0 55 114 2
79 73 114 129 97 50 2
140 76 73 75 87 101 2
19 35 67 30 124 11 2
32 140 140 57 93 47 2
4 98 57 15 151 85 2
139 103 120 112 22 77 2
75 87 101 103 5 78 2
96 144 58 137 128 147 2
129 97 50 85 101 15 2
55 9 8 72 71 112 2
94 143 76 127 88 62 2
95 73 84 104 74 10 2
76 58 106 30 124 11 2
110 34 68 17 109 49 2
38 13 90 115 46 54 2
60 135 85 3 1 78 2
11 135 102 37 27 19 2
78 69 151 57 93 47 2
31 131 83 88 12 18 2
43 83 89 62 44 85 2
99 145 72 145 100 77 2
93 32 73 83 132 10 2
139 103 120 87 95 104 2
131 107 136 25 22 64 2
16 63 14 31 131 83 2
4 98 57 28 113 97 2
138 22 42 13 27 18 2
51 102 23 59 86 112 2
71 89 47 29 98 33 2
73 84 143 123 135 99 2
69 111 119 81 23 127 3
8 98 89 76 58 106 3
136 98 131 107 32 19 3
44 85 57 10 70 44 3
59 86 112 2 101 101 3
13 27 18 128 77 35 3
122 149 65 58 49 76 3
19 35 67 45 81 48 3
115 46 54 74 93 113 3
116 98 85 104 74 10 3
144 144 72 91 78 121 3
122 149 65 81 23 127 3
35 26 14 131 107 136 3
141 126 38 60 135 85 3
47 75 52 46 102 36 3
121 56 6 45 81 48 3
8 98 89 119 62 121 3
38 13 90 10 70 44 3
134 125 125 39 83 21 3
102 19 147 100 66 98 3
62 44 85 52 148 117 3
49 18 90 132 14 23 3
9 125 70 6 15 121 3
150 42 140 74 93 113 3
39 83 21 148 28 132 3
147 20 22 74 93 113 3
62 44 85 143 12 70 3
108 75 136 112 22 77 3
14 127 83 10 70 44 3
125 61 46 133 42 12 3
130 139 141 118 10 0 3
86 81 46 22 117 50 4
61 17 142 25 22 64 4
69 111 119 114 31 147 4
77 0 0 142 30 8 4
151 22 55 40 92 123 5
89 100 60 121 56 6 5
18 88 91 97 137 106 6
46 102 36 115 46 54 8
