2 31 0 0 9 17 1
18 32 4 1 9 29 1
29 20 6 1 9 29 1
30 3 47 43 27 4 1
5 42 25 44 35 0 1
15 8 43 48 33 11 1
2 31 0 6 33 1 1
20 28 46 29 20 6 1
48 33 11 4 0 42 1
10 30 20 24 4 43 1
46 40 33 30 3 47 1
46 40 33 12 1 12 1
3 41 20 25 1 1 1
30 3 47 32 19 29 1
24 4 43 26 38 23 1
23 45 19 32 19 29 1
13 17 27 3 41 20 1
11 47 30 47 12 10 1
22 44 49 17 37 2 1
25 1 1 40 37 3 1
44 35 0 48 33 11 1
46 40 33 47 12 10 1
6 33 1 12 1 12 1
38 13 37 19 1 10 1
0 9 17 49 42 24 1
45 43 30 49 42 24 1
48 33 11 29 20 6 1
7 19 23 38 13 37 1
31 24 31 2 31 0 1
43 27 4 39 46 30 1
37 46 25 25 1 1 1
20 28 46 2 31 0 2
37 46 25 47 12 10 2
27 25 27 15 8 43 2
20 28 46 50 35 9 2
49 42 24 41 45 41 2
10 30 20 20 28 46 2
9 23 2 15 8 43 2
39 46 30 34 34 36 2
46 40 33 19 1 10 2
43 27 4 8 4 40 2
49 42 24 28 29 0 2
36 21 32 30 3 47 2
44 35 0 14 46 38 2
35 1 19 32 19 29 2
42 41 41 48 33 11 3
9 23 2 22 44 49 3
27 25 27 21 29 33 3
33 25 42 46 40 33 3
47 12 10 16 37 15 3
