126 105 37 12 59 173 1
91 163 112 21 22 177 1
90 140 77 78 123 125 1
96 176 155 141 20 72 1
118 49 61 111 175 131 1
91 163 112 82 17 143 1
79 82 44 14 63 68 1
38 167 90 66 158 7 1
43 116 4 90 140 77 1
124 49 113 69 42 85 1
86 4 149 32 78 169 1
74 37 140 85 132 150 1
40 109 56 151 180 73 1
140 49 56 152 106 127 1
6 83 61 90 140 77 1
119 22 169 159 8 37 1
83 71 20 35 165 150 1
73 174 114 4 50 138 1
11 82 85 140 49 56 1
47 147 90 156 42 155 1
37 175 114 36 70 147 1
169 100 146 93 161 74 1
49 6 34 116 3 76 1
83 71 20 137 175 114 1
55 14 50 59 88 66 1
173 51 66 39 83 25 1
128 155 163 29 28 51 1
157 84 48 96 176 155 1
103 36 74 5 94 1 1
21 22 177 75 175 142 1
76 78 119 35 165 150 1
25 21 59 28 155 111 1
103 36 74 126 105 37 1
115 34 174 176 39 2 1
107 176 8 86 4 149 1
72 146 53 153 145 70 1
46 32 81 30 73 140 1
9 67 75 108 37 129 1
8 131 146 170 102 31 1
108 37 129 170 102 31 1
87 0 15 59 88 66 1
127 163 66 137 175 114 1
1 35 137 78 123 125 1
8 131 146 180 11 108 1
95 61 104 59 88 66 1
129 164 124 102 129 110 1
12 59 173 163 98 122 1
41 30 108 175 144 32 1
11 82 85 37 175 114 1
139 13 16 177 141 11 1
142 138 105 101 139 2 1
69 42 85 14 63 68 1
78 123 125 55 14 50 1
171 132 34 59 88 66 1
153 145 70 7 30 84 1
52 101 106 175 144 32 1
20 40 152 61 90 132 1
108 37 129 91 163 112 1
119 22 169 25 21 59 1
29 28 51 110 145 119 1
120 133 164 79 82 44 1
93 161 74 58 60 83 1
18 180 78 147 62 91 1
21 22 177 153 145 70 1
160 23 119 168 124 21 1
128 155 163 80 59 138 1
112 33 104 136 60 118 1
169 100 146 24 126 101 1
15 9 64 88 30 16 1
44 113 152 3 59 129 1
19 146 181 78 123 125 1
126 105 37 66 158 7 1
12 59 173 74 37 140 1
42 45 92 162 154 122 1
11 82 85 16 160 132 1
133 92 77 23 138 178 1
143 28 8 73 174 114 1
169 100 146 98 163 127 1
78 123 125 7 30 84 1
29 28 51 81 22 154 1
68 61 158 46 32 81 1
127 163 66 104 128 101 1
123 144 159 36 70 147 1
26 181 159 69 42 85 1
124 49 113 113 175 30 1
170 102 31 132 142 3 1
130 83 46 178 116 162 1
40 109 56 23 138 178 2
158 81 145 173 51 66 2
151 180 73 168 124 21 2
120 133 164 68 61 158 2
40 109 56 93 161 74 2
33 28 143 5 94 1 2
25 21 59 35 165 150 2
50 151 15 32 78 169 2
130 83 46 22 30 103 2
101 139 2 172 157 63 2
11 82 85 4 50 138 2
17 46 74 10 61 155 2
64 151 110 171 132 34 2
49 6 34 93 161 74 2
41 30 108 19 146 181 2
148 75 95 27 27 122 2
10 61 155 69 42 85 2
57 38 74 37 175 114 2
0 66 67 141 20 72 2
168 124 21 38 167 90 2
152 106 127 44 113 152 2
43 116 4 85 132 150 2
95 61 104 179 83 48 2
154 163 28 174 66 25 2
134 158 33 122 88 120 2
24 126 101 143 28 8 2
21 22 177 149 161 138 2
93 161 74 81 22 154 2
111 175 131 81 22 154 2
24 126 101 51 169 30 2
2 86 166 128 155 163 2
131 37 26 147 62 91 2
112 33 104 44 113 152 2
119 22 169 109 19 1 2
35 165 150 154 163 28 2
170 102 31 46 32 81 2
115 34 174 175 144 32 2
137 175 114 118 49 61 2
54 100 155 139 13 16 2
148 75 95 120 133 164 2
65 152 59 68 61 158 2
50 151 15 116 3 76 2
31 169 77 136 60 118 2
137 175 114 102 129 110 2
161 67 124 81 22 154 2
100 150 116 149 161 138 2
105 100 11 74 37 140 2
65 152 59 141 20 72 2
130 83 46 122 88 120 2
62 155 59 92 60 86 2
99 112 60 60 6 113 2
40 109 56 62 155 59 2
128 155 163 144 94 98 2
146 108 160 173 51 66 2
48 31 172 91 163 112 2
49 6 34 97 30 161 2
0 66 67 77 150 145 2
53 166 178 141 20 72 2
125 5 92 57 38 74 2
45 34 11 65 152 59 2
41 30 108 63 71 52 2
130 83 46 179 83 48 2
121 172 51 169 100 146 2
64 151 110 18 180 78 2
106 124 19 82 17 143 2
70 132 128 72 146 53 3
122 88 120 145 175 175 3
127 163 66 15 9 64 3
67 158 55 125 5 92 3
39 83 25 131 37 26 3
54 100 155 95 61 104 3
172 157 63 4 50 138 3
155 30 66 151 180 73 3
138 30 116 133 92 77 3
13 146 47 177 141 11 3
117 54 178 114 152 126 3
135 21 176 146 108 160 3
94 117 73 107 176 8 3
42 45 92 153 145 70 3
164 108 123 50 151 15 3
121 172 51 165 29 16 3
89 33 59 151 180 73 3
85 132 150 166 10 166 3
105 100 11 47 147 90 3
141 20 72 150 83 14 3
9 67 75 71 71 180 3
4 50 138 60 6 113 3
97 30 161 114 152 126 3
167 8 133 97 30 161 4
56 120 53 111 175 131 4
7 30 84 20 40 152 4
84 121 117 119 22 169 4
34 9 163 11 82 85 4
181 36 109 180 11 108 5
