122 23 76 6 4 57 1
129 100 88 14 125 51 1
51 127 50 82 0 48 1
123 45 86 33 2 1 1
127 92 27 98 74 15 1
10 56 88 51 127 50 1
34 67 4 129 100 88 1
43 87 48 28 79 60 1
36 48 98 55 2 118 1
58 80 13 2 101 44 1
57 98 95 20 60 51 1
80 54 75 103 124 7 1
63 57 27 115 104 100 1
131 63 3 17 108 36 1
5 101 53 6 4 57 1
90 127 108 88 24 131 1
36 48 98 99 13 26 1
80 54 75 20 60 51 1
111 15 50 7 65 37 1
52 45 52 65 116 2 1
33 2 1 127 92 27 1
94 122 34 15 88 42 1
37 72 33 117 46 83 1
42 1 11 68 110 55 1
77 16 6 59 126 27 1
91 4 114 9 109 106 1
75 14 53 76 124 67 1
129 100 88 116 72 96 1
76 124 67 110 110 115 1
70 4 39 46 74 61 1
73 117 95 12 81 126 1
116 72 96 21 118 128 1
68 110 55 100 16 11 1
106 53 69 3 100 68 1
111 15 50 29 73 72 1
18 124 129 52 45 52 1
10 56 88 14 125 51 1
73 117 95 101 67 84 1
7 65 37 54 2 47 1
72 0 17 50 86 116 1
61 127 8 95 128 102 1
75 14 53 86 32 56 1
121 84 23 30 40 4 1
108 86 16 103 124 7 1
27 105 129 115 104 100 1
38 44 61 77 16 6 1
120 112 90 83 100 80 1
21 118 128 90 127 108 1
88 24 131 26 130 39 1
20 60 51 127 92 27 1
85 97 81 104 75 49 1
58 80 13 43 87 48 1
82 0 48 112 3 103 1
69 21 25 61 127 8 1
78 103 65 36 48 98 1
62 8 81 109 36 58 1
45 80 58 128 15 70 1
119 104 101 107 45 3 1
94 122 34 55 2 118 1
95 128 102 66 40 107 1
130 27 90 100 16 11 1
68 110 55 76 124 67 1
42 1 11 48 115 11 1
85 97 81 37 72 33 1
113 37 32 122 23 76 2
32 29 19 44 97 75 2
8 21 59 17 108 36 2
83 100 80 94 122 34 2
110 110 115 62 8 81 2
13 13 61 25 42 25 2
115 104 100 29 73 72 2
81 130 109 104 75 49 2
26 130 39 28 79 60 2
109 36 58 22 96 76 2
111 15 50 46 74 61 2
46 74 61 92 25 121 2
13 13 61 8 21 59 2
59 126 27 115 104 100 2
4 80 69 26 130 39 2
107 45 3 91 4 114 2
78 103 65 92 25 121 2
99 13 26 20 60 51 2
39 8 3 118 114 39 2
108 86 16 68 110 55 2
107 45 3 128 15 70 2
106 53 69 40 18 5 2
101 67 84 85 97 81 2
121 84 23 15 88 42 2
84 51 33 112 3 103 2
118 114 39 69 21 25 2
61 127 8 6 4 57 2
84 51 33 29 73 72 2
17 108 36 98 74 15 2
113 37 32 82 0 48 2
111 15 50 41 104 122 2
111 15 50 74 58 115 2
17 108 36 9 109 106 2
63 57 27 101 67 84 2
30 40 4 47 5 25 2
16 99 128 70 4 39 2
124 47 75 5 101 53 2
65 116 2 80 54 75 2
97 27 97 33 2 1 2
25 42 25 40 18 5 2
113 37 32 125 64 65 2
25 42 25 24 1 52 2
80 54 75 87 45 77 2
93 99 70 65 116 2 2
39 8 3 49 95 51 2
44 97 75 86 32 56 2
112 3 103 105 107 117 3
114 37 102 113 37 32 3
95 128 102 19 7 83 3
53 89 109 130 27 90 3
59 126 27 1 29 107 3
35 129 97 106 53 69 3
69 21 25 72 0 17 3
89 123 46 114 37 102 3
119 104 101 56 71 33 3
60 108 56 124 47 75 3
64 84 39 100 16 11 3
67 59 104 124 47 75 3
102 50 102 69 21 25 3
20 60 51 126 111 34 4
38 44 61 79 91 37 4
69 21 25 71 69 7 4
111 15 50 31 123 39 4
0 118 61 35 129 97 4
96 18 17 113 37 32 5
11 61 112 130 27 90 5
63 57 27 23 31 108 6
