19 69 101 84 27 9 1
28 7 5 24 67 60 1
104 39 48 20 72 11 1
99 11 25 30 73 12 1
43 8 74 96 71 10 1
20 72 11 1 43 30 1
77 47 33 17 79 67 1
31 82 8 43 8 74 1
39 29 86 100 101 102 1
100 101 102 105 99 27 1
89 81 97 38 7 19 1
80 67 12 16 90 21 1
20 72 11 65 51 88 1
50 79 43 25 76 53 1
69 44 106 83 36 80 1
0 81 51 43 8 74 1
51 11 1 11 29 92 1
57 35 56 51 11 1 1
64 9 49 1 43 30 1
21 107 92 53 55 101 1
31 82 8 42 95 59 1
70 39 42 90 73 26 1
104 39 48 74 23 47 1
36 73 32 69 44 106 1
92 94 97 85 13 12 1
14 56 70 104 39 48 1
43 8 74 12 107 12 1
89 81 97 32 40 55 1
97 8 29 78 63 62 1
61 105 59 5 26 34 1
82 40 45 73 107 65 1
53 55 101 47 48 99 1
25 76 53 86 54 53 1
101 104 33 80 67 12 1
24 67 60 45 65 62 1
85 13 12 50 79 43 1
31 82 8 51 11 1 1
98 100 51 25 76 53 1
6 65 15 104 39 48 1
10 80 19 25 76 53 1
58 77 7 81 6 6 1
36 73 32 50 79 43 1
82 40 45 39 29 86 1
31 82 8 1 43 30 1
19 69 101 69 44 106 1
97 8 29 37 12 22 1
40 35 93 56 18 29 1
2 40 57 9 51 81 1
56 18 29 48 35 70 1
6 65 15 45 65 62 1
87 82 18 15 87 49 1
68 31 94 15 87 49 1
81 6 6 63 21 26 1
37 12 22 25 76 53 1
49 28 59 84 27 9 1
34 87 75 99 11 25 1
47 48 99 37 12 22 1
88 98 47 55 5 77 1
38 7 19 3 37 63 1
81 6 6 84 27 9 1
77 47 33 64 9 49 1
26 36 22 77 47 33 1
87 82 18 101 104 33 1
14 56 70 44 68 49 1
68 31 94 48 35 70 1
39 29 86 9 51 81 1
45 65 62 8 85 19 2
81 6 6 101 104 33 2
23 15 77 77 47 33 2
81 6 6 9 51 81 2
83 36 80 46 101 102 2
53 55 101 65 51 88 2
29 36 84 79 91 27 2
106 92 50 62 36 51 2
54 4 4 84 27 9 2
82 40 45 18 47 7 2
50 79 43 102 85 34 2
5 26 34 10 80 19 2
74 23 47 95 22 77 2
70 39 42 102 85 34 2
38 7 19 106 92 50 2
42 95 59 55 5 77 2
35 92 100 69 44 106 2
77 47 33 103 97 88 2
49 28 59 38 7 19 2
35 92 100 22 47 84 2
29 36 84 33 75 73 2
30 73 12 21 107 92 2
54 4 4 60 8 79 2
29 36 84 50 79 43 2
67 10 68 38 7 19 2
26 36 22 4 21 66 3
93 18 31 79 91 27 3
104 39 48 91 73 39 3
66 72 27 1 43 30 3
62 36 51 107 4 61 3
13 16 78 54 4 4 3
37 12 22 59 66 57 3
76 9 65 82 40 45 3
27 63 12 72 17 19 3
75 87 4 27 63 12 3
7 44 40 59 66 57 3
79 91 27 41 77 28 4
17 79 67 27 63 12 4
10 80 19 94 15 40 4
52 99 21 4 21 66 4
9 51 81 71 55 69 5
