17 34 17 0 24 33 1
22 0 29 27 7 17 1
13 22 2 8 13 20 1
16 6 33 24 12 18 1
32 0 26 0 24 33 1
21 12 9 29 33 12 1
25 11 34 27 7 17 1
34 3 18 0 24 33 1
26 1 4 16 6 33 1
28 11 0 9 12 1 1
6 3 7 18 28 15 1
7 10 2 14 0 7 1
1 17 33 10 17 13 1
6 3 7 2 1 19 1
30 5 31 15 11 4 1
21 12 9 11 14 2 1
23 8 23 24 12 18 1
11 14 2 15 11 4 2
12 7 30 22 0 29 2
30 5 31 4 13 5 2
5 1 24 1 17 33 2
1 17 33 13 22 2 2
13 22 2 7 10 2 2
2 1 19 7 10 2 2
16 6 33 2 1 19 2
3 2 11 28 11 0 2
27 7 17 4 13 5 2
31 29 34 14 0 7 2
29 33 12 13 22 2 2
18 28 15 17 34 17 2
28 11 0 15 11 4 3
20 20 14 34 3 18 3
5 1 24 19 19 34 3
33 15 8 14 0 7 4
