95 25 135 102 101 7 1
94 75 110 155 137 69 1
107 170 63 184 26 160 1
135 95 70 38 96 68 1
92 80 73 50 28 177 1
139 68 114 184 26 160 1
123 19 14 118 26 29 1
95 25 135 4 52 170 1
179 101 151 177 174 120 1
132 25 28 50 28 177 1
169 42 16 2 185 64 1
42 115 0 49 134 6 1
127 171 17 33 99 1 1
172 176 13 176 67 173 1
117 58 50 146 14 21 1
172 176 13 184 26 160 1
146 14 21 154 105 151 1
152 116 20 67 78 148 1
33 99 1 139 68 114 1
104 46 105 51 115 10 1
180 173 108 33 99 1 1
137 63 23 69 45 37 1
71 53 135 5 9 61 1
31 89 116 123 19 14 1
42 115 0 147 136 138 1
181 35 8 134 2 96 1
33 99 1 17 3 11 1
66 155 67 179 101 151 1
149 2 129 131 144 81 1
20 48 99 40 82 105 1
52 148 99 114 173 98 1
14 59 91 4 52 170 1
114 173 98 159 146 131 1
136 178 184 9 75 143 1
136 178 184 31 89 116 1
30 123 30 70 99 60 1
130 19 179 9 75 143 1
94 75 110 170 82 111 1
177 174 120 140 24 182 1
23 32 132 28 38 12 1
166 182 149 107 170 63 1
52 148 99 150 17 53 1
50 28 177 160 155 90 1
93 67 174 159 146 131 1
65 46 121 118 26 29 1
156 33 163 163 17 57 1
143 27 61 110 105 172 1
75 20 163 81 34 139 1
181 35 8 15 165 25 1
57 111 181 161 118 6 1
51 115 10 133 170 9 1
127 171 17 26 141 42 1
37 184 95 59 72 139 1
48 33 118 42 115 0 1
61 161 149 123 19 14 1
144 52 77 179 101 151 1
71 53 135 120 62 96 1
40 82 105 17 3 11 1
174 166 73 102 101 7 1
137 63 23 102 101 7 1
1 93 47 146 14 21 1
165 22 36 2 185 64 1
110 105 172 31 89 116 1
178 11 38 10 65 30 1
44 25 176 155 137 69 1
5 9 61 139 68 114 1
156 33 163 60 16 105 1
117 58 50 140 24 182 1
44 25 176 62 23 107 1
176 67 173 76 16 67 1
56 16 58 124 142 59 1
175 104 177 103 127 64 1
48 33 118 140 24 182 1
63 169 151 98 163 32 1
40 82 105 65 46 121 1
127 171 17 183 45 25 1
107 170 63 38 96 68 1
43 91 163 66 155 67 1
119 40 118 95 25 135 1
3 127 105 166 182 149 1
96 14 120 161 118 6 1
129 46 169 156 33 163 1
185 105 142 4 52 170 1
167 68 78 95 25 135 1
31 89 116 49 134 6 1
37 184 95 77 132 176 1
13 137 179 126 50 16 1
39 154 75 121 85 144 1
87 30 44 71 53 135 1
129 46 169 72 154 88 1
165 22 36 54 136 41 1
147 136 138 54 136 41 1
3 127 105 152 116 20 1
35 138 161 48 33 118 1
55 171 63 161 118 6 1
181 35 8 165 22 36 1
75 20 163 29 70 170 1
151 171 83 56 16 58 1
27 165 109 136 178 184 1
142 183 183 145 166 184 1
66 155 67 159 146 131 1
89 45 178 116 42 180 1
72 154 88 29 70 170 1
78 63 73 119 40 118 1
126 50 16 122 137 161 1
25 170 151 98 163 32 1
51 115 10 153 126 118 1
49 134 6 32 125 112 1
26 141 42 62 23 107 2
0 59 174 82 17 161 2
0 59 174 3 127 105 2
72 154 88 1 93 47 2
109 37 174 169 42 16 2
132 25 28 87 30 44 2
108 183 106 83 77 178 2
7 68 172 95 25 135 2
112 109 180 133 170 9 2
19 166 68 68 102 151 2
137 63 23 43 91 163 2
10 65 30 12 138 100 2
8 109 138 167 68 78 2
70 99 60 136 178 184 2
104 46 105 74 131 148 2
108 183 106 58 162 164 2
94 75 110 105 44 137 2
58 162 164 72 154 88 2
41 166 139 106 92 8 2
130 19 179 149 2 129 2
79 59 92 72 154 88 2
131 144 81 39 154 75 2
182 180 21 136 178 184 2
111 101 150 133 170 9 2
24 175 149 130 19 179 2
54 136 41 125 87 48 2
66 155 67 113 14 106 2
21 168 177 134 2 96 2
153 126 118 181 35 8 2
51 115 10 100 34 146 2
2 185 64 101 16 143 2
28 38 12 147 136 138 2
42 115 0 10 65 30 2
52 148 99 122 137 161 2
64 39 159 33 99 1 2
87 30 44 22 77 175 2
161 118 6 143 27 61 2
6 123 174 152 116 20 2
113 14 106 36 165 93 2
126 50 16 46 172 119 2
164 150 67 130 19 179 2
77 132 176 35 138 161 2
53 152 105 110 105 172 2
25 170 151 146 14 21 2
47 176 130 17 3 11 2
168 184 184 116 42 180 2
84 144 117 9 75 143 2
97 25 169 103 127 64 2
138 103 166 100 34 146 2
38 96 68 142 183 183 2
56 16 58 120 62 96 3
128 72 125 81 34 139 3
90 182 151 151 171 83 3
70 99 60 148 33 15 3
173 137 97 87 30 44 3
116 42 180 38 96 68 3
70 99 60 41 166 139 3
152 116 20 171 89 74 3
11 79 141 54 136 41 3
158 66 83 3 127 105 3
142 183 183 73 21 63 3
108 183 106 68 102 151 3
115 0 95 85 50 0 3
88 44 153 129 46 169 3
16 24 184 147 136 138 3
97 25 169 50 28 177 4
74 131 148 86 141 61 4
18 101 99 9 75 143 4
157 171 67 155 137 69 4
167 68 78 34 25 181 4
141 65 103 38 96 68 4
81 34 139 91 104 46 4
14 59 91 99 77 95 4
129 46 169 85 50 0 4
162 86 177 149 2 129 4
182 180 21 80 85 180 5
45 15 140 22 77 175 6
