167 133 180 137 101 42 1
134 144 34 155 8 25 1
113 113 48 184 92 15 1
45 33 32 1 0 160 1
143 65 81 120 49 124 1
37 38 58 41 57 137 1
129 16 84 57 155 75 1
177 29 176 107 184 95 1
162 128 31 172 130 2 1
170 40 25 20 125 10 1
105 87 47 55 103 73 1
67 2 92 27 48 75 1
160 157 46 64 32 64 1
162 128 31 24 126 52 1
30 94 167 46 181 71 1
24 126 52 131 169 6 1
33 52 185 155 8 25 1
50 116 16 184 92 15 1
156 11 86 11 87 49 1
187 128 174 118 16 165 1
175 128 85 15 11 74 1
2 122 156 166 23 91 1
51 24 137 52 103 69 1
170 40 25 127 144 31 1
28 112 55 8 80 14 1
71 121 33 30 94 167 1
174 73 48 36 127 51 1
119 182 49 116 64 83 1
6 176 53 136 171 14 1
26 29 137 95 39 187 1
54 55 63 37 38 58 1
96 176 23 54 55 63 1
10 143 141 173 102 186 1
133 187 139 120 49 124 1
59 49 147 110 156 99 1
55 103 73 74 124 95 1
129 16 84 166 23 91 1
176 61 54 181 134 151 1
65 147 156 56 130 143 1
162 128 31 43 145 125 1
25 169 122 34 67 84 1
56 130 143 121 167 136 1
91 174 97 26 29 137 1
104 141 30 85 139 161 1
120 49 124 127 144 31 1
173 102 186 14 132 159 1
42 173 10 78 168 86 1
56 130 143 163 104 23 1
143 65 81 40 166 10 1
75 13 19 162 128 31 1
151 33 57 10 143 141 1
114 101 70 9 46 157 1
16 140 157 75 13 19 1
76 100 123 159 58 129 1
97 116 41 5 100 111 1
21 27 41 33 52 185 1
71 121 33 63 117 175 1
147 168 52 173 102 186 1
106 38 138 119 182 49 1
161 9 31 3 54 105 1
97 116 41 60 175 149 1
89 22 114 161 9 31 1
161 9 31 178 161 86 1
61 22 137 54 55 63 1
177 29 176 76 100 123 1
95 39 187 106 38 138 1
9 46 157 128 165 5 1
183 151 23 101 6 33 1
107 184 95 135 110 0 1
46 181 71 78 168 86 1
13 81 21 169 165 90 1
35 176 93 65 147 156 1
119 182 49 104 141 30 1
111 44 13 186 135 77 1
11 87 49 158 117 50 1
60 175 149 24 126 52 1
91 174 97 151 33 57 1
104 141 30 49 149 111 1
175 128 85 25 169 122 1
53 112 164 118 16 165 1
126 110 58 182 41 31 1
164 127 144 36 127 51 1
105 87 47 35 176 93 1
124 117 62 151 33 57 1
29 132 165 78 168 86 1
4 39 96 174 73 48 1
63 117 175 157 40 39 1
2 122 156 174 73 48 1
34 67 84 55 103 73 1
2 122 156 28 112 55 2
2 122 156 100 99 14 2
38 23 5 180 63 45 2
120 49 124 12 54 0 2
41 57 137 78 168 86 2
161 9 31 80 101 74 2
71 121 33 131 169 6 2
107 184 95 186 135 77 2
1 0 160 107 184 95 2
8 80 14 85 139 161 2
152 16 22 83 57 131 2
74 124 95 139 94 100 2
142 56 86 132 163 178 2
77 72 63 107 184 95 2
173 102 186 103 78 76 2
186 135 77 158 117 50 2
86 81 104 24 126 52 2
154 43 123 107 184 95 2
186 135 77 184 92 15 2
167 133 180 14 132 159 2
113 113 48 88 108 183 2
142 56 86 161 9 31 2
178 161 86 121 167 136 2
181 134 151 171 133 88 2
162 128 31 174 73 48 2
145 47 129 119 182 49 2
76 100 123 136 171 14 2
187 128 174 71 121 33 2
11 87 49 84 2 143 2
6 176 53 30 94 167 2
55 103 73 152 16 22 2
47 119 27 31 137 24 2
149 12 3 61 22 137 2
144 183 34 132 163 178 2
161 9 31 41 57 137 2
45 33 32 181 134 151 2
173 102 186 12 54 0 2
9 46 157 71 121 33 2
146 99 152 171 133 88 2
64 32 64 43 145 125 2
61 22 137 98 175 80 2
130 38 104 179 63 131 2
79 12 71 46 181 71 2
19 122 150 18 22 14 2
29 132 165 52 103 69 2
177 29 176 31 137 24 2
134 144 34 38 23 5 2
60 175 149 150 47 176 2
168 167 53 122 127 127 2
47 119 27 67 2 92 2
19 122 150 154 43 123 2
137 101 42 73 94 92 2
138 45 150 136 171 14 2
129 16 84 22 181 60 2
74 124 95 33 52 185 2
15 11 74 48 146 117 2
15 11 74 69 116 37 2
79 12 71 117 112 99 2
122 127 127 118 16 165 2
116 64 83 23 29 113 2
45 33 32 72 150 67 2
130 38 104 156 11 86 2
8 80 14 108 101 139 3
76 100 123 126 110 58 3
41 57 137 70 40 22 3
39 107 52 6 176 53 3
58 143 121 182 41 31 3
136 171 14 125 171 173 3
90 129 67 82 45 123 3
165 72 165 134 144 34 3
135 110 0 59 49 147 3
107 184 95 62 77 51 3
53 112 164 7 155 149 3
57 155 75 66 106 140 3
187 128 174 148 4 138 3
92 138 138 162 128 31 3
129 16 84 112 51 146 3
99 118 64 108 101 139 3
93 1 55 33 52 185 3
110 156 99 185 76 31 3
153 144 133 155 8 25 3
81 140 186 187 128 174 3
158 117 50 109 10 22 3
141 162 162 149 12 3 3
183 151 23 35 176 93 3
125 171 173 123 47 123 4
166 23 91 169 165 90 4
102 145 104 37 38 58 4
49 149 111 115 97 81 4
187 128 174 32 185 153 4
125 171 173 82 45 123 4
94 42 75 93 1 55 4
69 116 37 68 67 128 4
145 47 129 44 15 133 4
140 55 149 138 45 150 5
17 98 45 181 134 151 5
126 110 58 0 5 59 5
87 28 185 120 49 124 7
