81 134 139 144 11 111 1
58 17 146 97 96 16 1
80 46 16 3 23 138 1
102 97 104 13 13 117 1
8 48 25 107 155 148 1
153 30 66 31 71 91 1
23 154 132 9 113 124 1
135 133 127 11 111 82 1
65 147 25 16 39 121 1
161 157 148 77 55 40 1
116 102 149 59 146 4 1
67 138 154 96 127 18 1
61 115 139 86 25 14 1
76 124 154 73 144 63 1
120 105 38 110 129 119 1
74 10 41 1 155 86 1
59 146 4 88 138 108 1
53 34 44 50 147 31 1
78 62 52 55 162 56 1
161 157 148 54 73 19 1
158 62 78 110 129 119 1
71 142 158 50 147 31 1
58 17 146 96 127 18 1
155 22 136 128 6 33 1
37 11 10 120 105 38 1
123 73 96 104 87 72 1
124 22 61 45 28 112 1
158 62 78 106 56 131 1
155 22 136 153 30 66 1
69 137 71 125 121 105 1
82 130 132 87 120 96 1
56 107 130 16 39 121 1
154 49 55 160 0 131 1
85 108 145 52 74 100 1
141 96 22 52 74 100 1
0 160 34 88 138 108 1
50 147 31 30 62 63 1
162 3 134 18 88 123 1
45 28 112 44 114 104 1
124 22 61 80 46 16 1
109 75 144 157 13 107 1
55 162 56 52 74 100 1
4 99 18 121 56 82 1
81 134 139 160 0 131 1
118 133 62 29 96 33 1
37 11 10 33 160 137 1
18 88 123 91 115 41 1
142 59 2 150 63 124 1
86 25 14 137 127 23 1
27 68 148 79 47 122 1
23 154 132 133 130 101 1
6 58 20 77 55 40 1
135 133 127 128 6 33 1
139 35 7 0 160 34 1
41 102 111 89 100 2 1
75 67 160 35 156 69 1
151 13 108 110 129 119 1
138 108 37 63 33 66 1
146 134 65 27 68 148 1
94 163 99 144 11 111 1
67 138 154 144 11 111 1
55 162 56 24 91 155 1
53 34 44 157 13 107 1
77 55 40 131 41 65 1
128 6 33 94 163 99 1
123 73 96 105 42 92 1
111 77 92 149 120 30 1
3 23 138 1 155 86 1
90 66 109 101 14 1 1
10 8 47 46 114 74 1
160 0 131 21 52 76 1
51 134 33 117 85 17 1
128 6 33 70 131 38 2
53 34 44 82 130 132 2
54 73 19 105 42 92 2
153 30 66 0 160 34 2
146 134 65 108 2 78 2
153 30 66 15 52 31 2
131 41 65 72 28 97 2
149 120 30 66 103 55 2
129 50 157 7 140 125 2
88 138 108 57 113 95 2
152 107 41 150 63 124 2
127 6 163 87 120 96 2
153 30 66 40 151 121 2
77 55 40 106 56 131 2
12 141 59 142 59 2 2
12 141 59 125 121 105 2
89 100 2 90 66 109 2
43 14 44 97 96 16 2
145 121 84 21 52 76 2
142 59 2 30 62 63 2
75 67 160 18 88 123 2
69 137 71 103 117 102 2
131 41 65 10 8 47 2
93 24 124 68 54 128 2
80 46 16 156 48 158 2
134 55 9 147 69 103 2
86 25 14 129 50 157 2
54 73 19 36 84 96 2
103 117 102 93 24 124 2
33 160 137 21 52 76 2
81 134 139 79 47 122 2
17 51 67 133 130 101 2
130 93 98 163 119 100 2
14 65 1 116 102 149 2
126 162 94 69 137 71 2
78 62 52 152 107 41 2
2 48 2 61 115 139 2
47 47 21 111 77 92 2
147 69 103 17 51 67 2
156 48 158 48 53 69 2
162 3 134 132 163 157 2
8 48 25 7 140 125 2
142 59 2 6 58 20 2
1 155 86 150 63 124 2
60 163 49 4 99 18 2
0 160 34 18 88 123 2
39 62 118 47 47 21 2
64 139 54 144 11 111 2
79 47 122 17 51 67 2
49 92 149 43 14 44 2
38 47 55 113 154 22 2
36 84 96 7 140 125 2
23 154 132 47 47 21 2
42 48 104 151 13 108 2
62 116 53 26 151 27 2
117 85 17 9 113 124 3
79 47 122 118 133 62 3
20 136 79 138 108 37 3
62 116 53 40 151 121 3
41 102 111 110 129 119 3
4 99 18 83 53 90 3
26 151 27 34 150 19 3
22 74 95 26 151 27 3
112 5 70 80 46 16 3
102 97 104 159 146 6 3
100 92 96 40 151 121 3
147 69 103 73 144 63 3
19 145 129 104 87 72 3
130 93 98 48 53 69 3
127 6 163 32 1 74 3
27 68 148 28 87 106 3
115 36 42 30 62 63 3
20 136 79 86 25 14 3
80 46 16 140 70 46 3
54 73 19 122 107 39 3
114 100 96 63 33 66 3
95 15 54 9 113 124 3
146 134 65 13 13 117 3
162 3 134 99 53 150 3
17 51 67 119 122 140 3
5 55 139 133 130 101 3
108 2 78 121 56 82 3
98 14 134 26 151 27 3
136 90 28 12 141 59 4
91 115 41 148 148 43 4
116 102 149 38 47 55 4
65 147 25 147 69 103 4
84 137 30 95 15 54 4
145 121 84 143 33 71 4
98 14 134 92 40 89 4
141 96 22 25 57 106 5
