5 55 65 3 64 70 1
32 36 12 22 62 55 1
15 66 41 60 48 3 1
28 68 39 37 35 9 1
63 46 70 54 20 62 1
21 4 35 13 41 34 1
17 55 52 47 16 56 1
12 29 19 42 67 66 1
29 53 59 49 40 23 1
51 47 2 0 29 11 1
50 39 29 3 64 70 1
66 61 1 12 29 19 1
14 0 20 57 20 23 1
24 35 50 3 64 70 1
66 61 1 3 64 70 1
47 16 56 15 66 41 1
36 40 24 4 20 70 1
63 46 70 4 20 70 1
48 1 64 30 30 26 1
47 16 56 6 40 47 1
40 37 7 63 46 70 1
29 53 59 43 27 39 1
56 67 54 70 50 23 1
7 59 1 48 1 64 1
43 27 39 45 59 54 1
60 48 3 40 37 7 1
52 30 14 14 0 20 1
71 59 24 4 20 70 1
6 40 47 70 50 23 1
53 33 45 45 59 54 1
7 59 1 56 67 54 1
19 43 35 4 20 70 1
38 21 21 31 34 40 1
22 62 55 23 24 34 2
71 59 24 68 12 21 2
69 61 30 51 47 2 2
20 51 66 64 35 48 2
41 71 6 45 59 54 2
58 0 61 17 55 52 2
27 63 17 3 64 70 2
1 17 11 17 55 52 2
63 46 70 65 50 53 2
47 16 56 46 27 25 2
23 24 34 37 35 9 2
49 40 23 11 57 31 2
10 19 43 60 48 3 2
8 9 21 33 46 19 2
40 37 7 57 20 23 2
34 49 9 1 17 11 2
50 39 29 9 64 27 2
57 20 23 23 24 34 2
1 17 11 50 39 29 2
58 0 61 33 46 19 2
51 47 2 35 39 16 2
24 35 50 2 6 27 2
29 53 59 25 66 14 2
25 66 14 4 20 70 2
8 9 21 18 12 11 3
64 35 48 23 24 34 3
22 62 55 13 41 34 3
55 28 55 30 30 26 3
49 40 23 62 16 69 3
31 34 40 12 29 19 3
66 61 1 35 39 16 3
56 67 54 26 1 12 3
61 17 52 28 68 39 4
67 69 23 38 21 21 4
44 27 11 42 67 66 4
16 33 56 56 67 54 4
37 35 9 39 34 51 5
55 28 55 59 16 50 5
