21 5 6 35 7 9 1
11 2 8 15 4 26 1
11 2 8 19 18 19 1
19 18 19 16 25 27 1
23 35 36 6 3 1 1
25 26 21 18 10 28 1
2 11 6 3 3 31 1
34 19 3 22 14 28 1
24 22 18 15 4 26 1
12 19 36 27 8 35 1
23 35 36 0 31 13 1
16 25 27 27 8 35 1
6 3 1 9 31 22 1
15 4 26 35 7 9 1
10 32 23 12 19 36 1
18 10 28 14 10 4 1
31 29 6 33 33 9 1
29 7 12 12 19 36 1
32 25 11 7 34 16 2
7 34 16 3 3 31 2
7 34 16 14 10 4 2
8 36 36 31 29 6 2
2 11 6 24 22 18 2
9 31 22 1 18 14 2
0 31 13 26 15 22 2
24 22 18 33 33 9 2
25 26 21 5 23 29 2
4 4 5 16 25 27 2
18 10 28 0 31 13 2
34 19 3 6 3 1 2
17 20 33 35 7 9 2
30 19 4 16 25 27 3
20 15 9 11 2 8 4
36 28 15 18 10 28 4
28 7 23 25 26 21 4
13 1 35 35 7 9 5
