114 34 27 102 29 52 1
18 51 64 22 91 34 1
81 48 78 28 16 74 1
48 76 53 60 7 98 1
12 14 84 55 45 78 1
62 47 66 26 83 36 1
42 33 13 111 61 38 1
107 104 116 63 52 96 1
19 66 62 56 73 104 1
5 66 106 7 8 97 1
103 60 109 43 51 94 1
99 18 110 59 91 95 1
91 35 25 74 97 14 1
6 77 84 107 104 116 1
71 87 81 114 34 27 1
101 78 25 119 70 97 1
91 35 25 103 60 109 1
17 101 61 42 33 13 1
110 27 108 119 70 97 1
98 50 43 94 86 100 1
117 31 98 29 112 71 1
48 76 53 76 61 4 1
109 73 114 102 29 52 1
44 80 39 58 87 119 1
111 61 38 119 70 97 1
5 66 106 35 90 69 1
103 60 109 33 54 76 1
8 76 69 69 72 114 1
76 61 4 69 72 114 1
69 72 114 71 87 81 1
107 104 116 116 104 120 1
119 70 97 73 58 28 1
43 51 94 62 47 66 1
78 40 57 28 16 74 1
69 72 114 21 64 59 1
64 47 8 73 58 28 1
18 51 64 33 54 76 1
39 28 100 51 2 79 1
20 62 72 76 61 4 1
63 52 96 102 29 52 1
51 2 79 115 99 20 1
68 25 54 8 76 69 1
47 98 25 20 62 72 1
0 43 14 46 55 0 1
82 60 52 89 63 6 1
102 29 52 91 35 25 1
85 63 70 16 35 57 1
120 110 74 76 61 4 1
89 63 6 107 104 116 1
13 13 34 44 80 39 1
82 60 52 113 113 72 1
59 91 95 107 104 116 1
0 43 14 80 42 78 1
63 52 96 28 16 74 1
35 90 69 36 94 97 1
66 22 67 62 47 66 1
32 26 79 71 87 81 1
27 83 33 53 33 67 1
118 34 66 28 16 74 1
1 81 15 84 83 83 1
21 64 59 24 21 45 1
9 7 58 38 61 51 1
16 35 57 78 40 57 2
106 68 80 44 80 39 2
41 114 84 23 37 11 2
29 112 71 30 55 42 2
112 18 42 114 34 27 2
48 76 53 44 80 39 2
69 72 114 0 43 14 2
84 83 83 62 47 66 2
7 8 97 33 54 76 2
79 104 5 103 60 109 2
68 25 54 56 73 104 2
21 64 59 25 111 44 2
49 5 17 41 114 84 2
89 63 6 86 41 56 2
20 62 72 93 23 115 2
98 50 43 100 3 42 2
48 76 53 97 23 15 2
28 16 74 57 29 37 2
102 29 52 87 106 60 2
87 106 60 52 14 28 2
8 76 69 2 19 30 2
64 47 8 72 54 96 2
106 68 80 12 14 84 2
71 87 81 90 82 106 2
9 7 58 114 34 27 2
80 42 78 105 19 21 2
117 31 98 107 104 116 2
77 17 22 42 33 13 2
51 2 79 102 29 52 2
26 83 36 53 33 67 2
115 99 20 94 86 100 2
65 38 39 81 48 78 2
73 58 28 75 92 46 2
100 3 42 4 118 39 2
39 28 100 83 6 21 2
75 92 46 120 110 74 2
31 92 101 48 76 53 2
49 5 17 43 51 94 2
55 45 78 96 44 69 2
14 10 46 113 113 72 2
75 92 46 92 114 33 2
3 61 38 60 7 98 2
41 114 84 70 96 59 3
108 77 3 18 51 64 3
35 90 69 40 51 90 3
102 29 52 67 56 46 3
109 73 114 34 82 104 3
7 8 97 11 90 117 3
88 34 69 72 54 96 3
15 42 103 35 90 69 3
104 42 6 17 101 61 3
81 48 78 10 77 56 4
45 54 9 67 56 46 4
32 26 79 95 62 95 4
42 33 13 54 61 39 4
50 83 0 66 22 67 5
37 44 101 42 33 13 5
94 86 100 61 25 89 5
