25 9 25 48 21 46 1
22 52 47 10 33 25 1
28 49 26 4 6 46 1
46 10 22 35 23 1 1
38 38 23 4 6 46 1
30 18 42 45 26 29 1
16 13 44 4 6 46 1
6 23 46 19 16 37 1
8 25 28 40 18 52 1
47 3 15 52 21 22 1
1 8 22 45 26 29 1
22 52 47 6 23 46 1
5 49 13 36 37 2 1
34 46 32 48 21 46 1
34 46 32 16 13 44 1
3 44 42 49 17 9 1
2 39 47 13 12 24 1
11 18 35 43 24 20 1
36 37 2 13 12 24 1
39 52 51 31 8 32 1
50 26 32 47 3 15 1
0 19 3 29 43 40 1
37 12 31 26 42 45 1
42 37 11 32 40 39 1
7 47 11 16 13 44 1
43 24 20 6 23 46 1
6 23 46 20 11 47 1
4 6 46 18 3 20 1
23 30 26 17 35 14 1
23 30 26 8 25 28 1
42 37 11 47 3 15 2
11 18 35 29 43 40 2
20 11 47 15 27 32 2
47 3 15 17 35 14 2
19 16 37 35 23 1 2
22 52 47 48 21 46 2
34 46 32 33 16 28 2
18 3 20 21 49 47 2
45 26 29 37 12 31 2
19 16 37 13 12 24 2
35 23 1 49 17 9 2
26 42 45 22 52 47 2
51 20 47 39 52 51 2
37 12 31 41 30 23 2
51 20 47 34 46 32 2
50 26 32 43 24 20 2
12 20 38 17 35 14 3
42 37 11 9 19 19 3
14 17 16 29 43 40 4
24 33 13 4 6 46 4
26 42 45 27 2 43 5
40 18 52 44 12 16 7
