2 14 15 5 2 15 1
3 9 26 23 26 20 1
21 6 14 1 10 27 1
9 8 25 28 13 19 1
15 14 0 1 10 27 1
22 1 16 6 6 18 1
3 9 26 29 18 20 1
23 26 20 2 14 15 1
11 28 18 0 21 10 1
29 18 20 17 11 13 1
14 25 8 27 8 20 1
2 14 15 20 6 24 1
8 22 15 19 28 20 1
29 18 20 15 14 0 2
0 21 10 7 29 11 2
24 12 13 1 10 27 2
29 18 20 22 1 16 2
12 13 20 4 4 17 2
27 8 20 18 19 1 2
5 2 15 12 13 20 2
28 13 19 22 1 16 2
23 26 20 27 8 20 2
28 13 19 19 28 20 2
24 12 13 26 0 20 2
2 14 15 16 5 13 2
22 1 16 7 29 11 2
9 8 25 10 7 20 4
25 3 26 20 6 24 4
30 4 8 10 7 20 6
19 28 20 13 0 12 7
