71 58 8 17 22 75 1
22 29 88 56 26 55 1
77 82 32 82 11 63 1
15 31 94 7 7 28 1
21 65 62 34 90 42 1
65 23 66 79 92 5 1
14 45 59 1 90 13 1
64 65 42 52 37 33 1
46 49 36 34 90 42 1
40 86 58 24 80 19 1
83 91 76 52 37 33 1
82 11 63 65 23 66 1
0 63 77 16 15 43 1
39 74 25 71 58 8 1
83 91 76 17 22 75 1
38 24 37 5 22 83 1
52 37 33 14 45 59 1
77 82 32 20 43 50 1
92 77 27 25 22 39 1
38 24 37 37 88 47 1
57 55 63 39 74 25 1
50 82 35 79 92 5 1
35 13 68 53 15 90 1
36 68 39 54 15 87 1
40 86 58 15 31 94 1
66 38 65 71 58 8 1
54 15 87 46 49 36 1
3 41 19 31 34 23 1
59 37 22 78 45 28 1
93 23 81 24 80 19 1
28 76 67 85 80 86 1
16 15 43 10 69 44 1
68 1 94 1 90 13 1
9 11 13 46 49 36 1
22 29 88 67 70 68 1
83 91 76 7 7 28 1
10 69 44 33 0 49 1
13 71 85 31 34 23 1
54 15 87 31 34 23 1
65 23 66 74 60 32 1
28 76 67 63 82 8 1
8 70 92 59 37 22 1
79 92 5 37 88 47 1
70 74 34 61 42 33 1
83 91 76 25 22 39 1
15 31 94 36 68 39 1
71 58 8 5 22 83 1
51 32 58 78 45 28 2
23 26 73 71 58 8 2
80 6 23 11 56 63 2
84 39 48 63 82 8 2
13 71 85 29 82 68 2
88 37 27 84 39 48 2
69 26 71 18 47 75 2
67 70 68 42 36 68 2
63 82 8 62 8 86 2
65 23 66 81 58 56 2
42 36 68 79 92 5 2
33 0 49 15 31 94 2
4 84 50 64 65 42 2
53 15 90 78 45 28 2
8 70 92 49 90 48 2
25 22 39 28 76 67 2
76 62 25 37 88 47 2
55 30 78 50 82 35 2
87 54 15 37 88 47 2
63 82 8 18 47 75 2
6 41 81 82 11 63 2
40 86 58 90 10 46 2
52 37 33 41 55 16 2
45 80 9 84 39 48 2
78 45 28 71 58 8 2
77 82 32 58 18 54 2
61 42 33 58 18 54 2
73 50 91 56 26 55 2
27 42 57 4 84 50 2
49 90 48 60 36 43 2
66 38 65 11 56 63 3
72 20 9 91 43 93 3
48 86 74 59 37 22 3
0 63 77 89 31 16 3
77 82 32 75 77 30 3
81 58 56 32 21 34 3
72 20 9 71 58 8 3
17 22 75 2 19 75 3
30 10 31 74 60 32 3
23 26 73 94 18 69 3
19 18 26 7 7 28 3
43 93 75 85 80 86 4
12 10 91 72 20 9 4
61 42 33 44 4 9 4
86 0 79 52 37 33 4
47 31 38 55 30 78 5
26 49 15 50 82 35 5
