4 99 124 87 40 4 1
49 52 136 115 117 102 1
147 34 65 86 85 14 1
7 132 48 29 83 91 1
144 138 53 142 90 112 1
50 0 109 119 111 121 1
122 50 136 23 127 22 1
17 120 48 85 106 34 1
98 102 117 81 139 65 1
109 120 77 73 14 55 1
67 89 48 36 24 64 1
33 61 42 24 50 61 1
124 113 5 137 26 72 1
49 52 136 132 16 77 1
96 105 16 121 106 81 1
59 92 8 41 103 63 1
20 106 130 44 138 137 1
59 92 8 55 24 142 1
85 106 34 129 41 62 1
43 72 116 20 106 130 1
9 23 118 71 91 24 1
9 23 118 23 127 22 1
141 108 146 32 109 80 1
9 23 118 120 46 21 1
112 30 141 116 135 89 1
35 115 4 67 89 48 1
123 52 125 61 18 30 1
139 110 85 105 109 41 1
42 99 111 44 138 137 1
14 77 55 54 79 61 1
146 143 60 139 110 85 1
141 108 146 54 79 61 1
13 102 102 109 120 77 1
7 132 48 42 99 111 1
142 90 112 62 30 25 1
27 125 105 87 40 4 1
41 103 63 88 59 63 1
63 110 87 8 48 145 1
22 59 138 104 115 96 1
6 114 135 11 131 18 1
71 91 24 90 90 145 1
68 71 64 35 115 4 1
15 73 148 26 86 99 1
89 132 46 69 107 70 1
143 59 125 0 107 124 1
123 52 125 107 49 77 1
20 106 130 63 110 87 1
130 22 93 65 139 137 1
77 109 3 41 103 63 1
38 137 29 137 26 72 1
13 102 102 54 79 61 1
101 10 21 109 120 77 1
125 74 58 15 73 148 1
1 9 128 49 52 136 1
94 13 125 65 139 137 1
103 17 122 23 127 22 1
90 90 145 21 112 140 1
120 46 21 45 67 88 1
58 0 125 36 24 64 1
142 90 112 18 130 59 1
119 111 121 90 90 145 1
140 89 34 36 24 64 1
132 16 77 21 112 140 1
129 41 62 94 13 125 1
92 138 93 132 16 77 1
146 143 60 124 113 5 1
9 23 118 108 78 148 1
18 130 59 40 132 131 1
29 83 91 22 59 138 1
91 78 35 53 99 105 1
109 120 77 108 78 148 1
15 73 148 48 51 137 1
54 79 61 111 63 34 1
143 59 125 113 25 114 1
81 139 65 74 95 109 1
118 112 147 64 87 27 1
89 132 46 144 138 53 1
14 77 55 8 48 145 2
107 49 77 80 108 64 2
70 65 136 9 23 118 2
67 89 48 7 132 48 2
108 78 148 55 24 142 2
26 86 99 143 59 125 2
134 143 111 51 25 41 2
106 145 11 35 115 4 2
7 132 48 81 139 65 2
68 71 64 65 139 137 2
83 84 138 39 118 135 2
98 102 117 47 6 122 2
58 0 125 99 3 74 2
72 82 119 128 129 146 2
14 77 55 142 90 112 2
75 109 80 138 100 4 2
108 78 148 46 32 69 2
7 132 48 137 26 72 2
29 83 91 138 100 4 2
123 52 125 145 30 36 2
20 106 130 116 135 89 2
53 99 105 8 48 145 2
147 34 65 104 115 96 2
113 25 114 12 76 118 2
100 59 37 139 110 85 2
92 138 93 5 108 9 2
79 12 73 74 95 109 2
0 107 124 91 78 35 2
16 62 42 138 100 4 2
85 106 34 2 125 113 2
113 25 114 83 84 138 2
64 87 27 147 34 65 2
20 106 130 148 87 89 2
11 131 18 10 103 90 2
56 117 20 98 102 117 2
36 24 64 24 50 61 2
127 40 9 86 85 14 2
28 11 38 56 117 20 2
133 68 32 123 52 125 2
135 59 97 5 108 9 2
124 113 5 76 138 10 2
127 40 9 128 129 146 2
93 82 114 22 59 138 2
17 120 48 61 18 30 2
4 99 124 91 78 35 2
119 111 121 3 21 13 2
82 105 15 99 3 74 2
66 71 75 17 120 48 2
84 102 8 51 25 41 3
15 73 148 136 44 60 3
131 88 137 138 100 4 3
16 62 42 95 89 64 3
25 73 20 97 13 15 3
66 71 75 57 67 127 3
114 128 48 14 77 55 3
25 73 20 145 30 36 3
134 143 111 99 3 74 3
39 118 135 96 105 16 3
115 117 102 126 67 145 3
10 103 90 84 102 8 3
103 17 122 60 100 87 3
102 71 93 126 67 145 4
30 119 25 12 76 118 4
31 18 9 17 120 48 4
78 33 26 133 68 32 4
19 41 112 128 129 146 5
145 30 36 52 45 140 5
110 11 1 95 89 64 5
72 82 119 37 56 81 5
117 59 93 3 21 13 5
34 100 49 104 115 96 6
