20 13 31 8 30 26 1
34 11 6 38 32 27 1
29 31 21 7 3 30 1
21 32 23 4 4 24 1
24 0 32 18 22 38 1
20 13 31 28 14 6 1
12 35 28 10 4 0 1
20 13 31 6 18 27 1
8 30 26 33 26 10 1
11 12 23 20 13 31 1
14 29 7 20 13 31 1
11 12 23 34 11 6 1
19 2 30 38 32 27 1
6 18 27 12 35 28 1
6 18 27 0 37 6 1
24 0 32 16 16 5 2
25 2 35 26 13 6 2
14 29 7 31 18 24 2
24 0 32 4 4 24 2
10 4 0 13 18 36 2
28 14 6 15 1 23 2
26 13 6 7 3 30 2
0 37 6 25 2 35 2
16 16 5 6 18 27 2
14 29 7 37 6 36 2
33 26 10 32 10 12 2
7 3 30 2 2 4 2
9 28 10 10 4 0 2
19 2 30 27 3 6 3
1 13 15 32 10 12 3
0 37 6 36 21 4 3
6 18 27 17 0 3 3
23 21 28 7 3 30 3
22 33 25 12 35 28 3
30 28 37 36 21 4 3
27 3 6 5 34 21 3
3 3 15 14 29 7 4
3 3 15 35 28 13 5
