20 10 45 2 40 39 1
42 93 109 7 70 80 1
90 121 84 43 10 125 1
91 61 89 89 42 107 1
1 99 11 104 72 49 1
123 48 83 9 115 31 1
96 26 120 49 122 40 1
24 88 30 38 95 17 1
21 82 62 93 68 95 1
24 88 30 31 119 118 1
88 77 127 59 27 24 1
67 67 94 84 43 88 1
116 120 84 34 122 39 1
15 112 43 128 18 130 1
6 130 126 18 35 59 1
4 86 130 14 6 129 1
79 25 68 126 127 5 1
3 86 104 129 80 6 1
63 57 60 100 83 105 1
32 24 12 109 49 114 1
7 70 80 19 57 53 1
13 85 58 9 115 31 1
81 36 96 70 86 102 1
25 124 49 90 121 84 1
109 49 114 33 25 40 1
7 70 80 127 3 65 1
15 112 43 90 121 84 1
80 10 119 99 38 63 1
24 88 30 21 82 62 1
107 33 6 15 112 43 1
21 82 62 20 10 45 1
27 35 69 93 68 95 1
1 99 11 2 40 39 1
9 115 31 38 95 17 1
46 123 77 109 49 114 1
90 121 84 108 44 66 1
23 75 41 80 10 119 1
1 99 11 107 33 6 1
114 30 9 66 26 59 1
51 96 94 91 61 89 1
121 26 59 17 81 66 1
92 121 115 37 4 77 1
130 89 28 65 93 12 1
35 123 124 123 48 83 1
35 123 124 8 16 7 1
101 128 23 63 57 60 1
125 3 105 116 120 84 1
88 77 127 7 70 80 1
123 48 83 115 11 35 1
62 31 91 35 123 124 1
5 119 15 90 121 84 1
96 26 120 83 44 85 1
11 86 27 24 88 30 1
61 120 77 65 93 12 1
69 53 37 125 3 105 1
114 30 9 112 33 18 1
17 81 66 43 10 125 1
109 49 114 112 33 18 1
63 57 60 87 106 103 1
42 93 109 82 53 28 1
18 35 59 73 111 38 1
123 48 83 7 70 80 1
76 8 111 46 123 77 2
55 101 42 101 128 23 2
112 33 18 130 89 28 2
33 25 40 68 53 71 2
26 24 102 119 98 28 2
85 82 41 101 128 23 2
91 61 89 87 106 103 2
130 89 28 35 123 124 2
5 119 15 57 98 94 2
33 25 40 70 86 102 2
20 10 45 129 80 6 2
89 42 107 110 130 71 2
28 30 73 15 112 43 2
89 42 107 95 0 115 2
79 25 68 99 38 63 2
36 18 100 50 94 61 2
18 35 59 101 128 23 2
113 1 114 36 18 100 2
2 40 39 97 130 125 2
49 122 40 61 120 77 2
40 95 58 72 97 11 2
111 52 96 73 111 38 2
119 98 28 86 80 1 2
24 88 30 58 67 59 2
78 33 48 96 26 120 2
59 27 24 41 65 67 2
120 37 76 118 71 52 2
57 98 94 84 43 88 2
103 67 69 67 67 94 2
6 130 126 122 118 55 2
21 82 62 36 18 100 2
77 50 15 10 79 106 2
123 48 83 77 50 15 2
120 37 76 57 98 94 2
101 128 23 27 35 69 2
60 19 39 105 111 10 2
75 21 12 24 88 30 2
105 111 10 47 108 129 2
6 130 126 60 19 39 2
22 67 72 41 65 67 2
94 5 55 51 96 94 2
19 57 53 29 34 21 2
41 65 67 92 121 115 2
40 95 58 69 53 37 2
107 33 6 14 6 129 3
52 129 49 39 112 92 3
63 57 60 71 66 103 3
69 53 37 42 93 109 3
54 82 35 52 129 49 3
108 44 66 98 9 55 3
100 83 105 74 91 118 3
49 122 40 56 8 125 3
126 127 5 11 86 27 3
39 112 92 120 37 76 3
47 108 129 16 29 88 3
27 35 69 119 98 28 3
102 104 1 20 10 45 3
99 38 63 64 13 86 3
120 37 76 44 118 119 3
117 105 104 53 52 67 4
124 122 14 12 80 113 4
30 47 114 51 96 94 4
24 88 30 106 95 61 4
127 3 65 117 105 104 4
12 80 113 108 44 66 5
45 4 41 51 96 94 5
98 9 55 0 26 113 6
22 67 72 48 44 73 6
