75 14 99 30 85 132 1
89 33 82 60 40 54 1
1 107 40 26 116 53 1
87 110 22 121 113 36 1
7 109 129 118 9 86 1
31 59 136 7 109 129 1
136 8 83 27 22 86 1
54 3 19 116 14 32 1
12 64 50 10 7 115 1
60 40 54 90 1 129 1
11 124 70 75 14 99 1
103 41 89 74 83 19 1
50 120 39 46 80 69 1
49 119 65 44 88 102 1
130 52 113 19 53 40 1
61 54 49 60 40 54 1
66 122 70 43 137 66 1
54 3 19 35 22 97 1
65 132 130 103 41 89 1
3 68 100 40 123 121 1
97 109 138 39 102 67 1
73 70 68 126 67 51 1
38 2 59 80 119 86 1
95 0 38 20 22 95 1
104 13 98 34 74 67 1
41 133 32 42 139 119 1
97 109 138 78 22 40 1
60 40 54 41 133 32 1
90 1 129 33 112 54 1
104 13 98 39 102 67 1
22 51 76 76 100 49 1
68 58 56 105 60 5 1
115 100 97 10 7 115 1
134 6 4 28 46 39 1
45 33 117 116 14 32 1
118 9 86 16 40 21 1
54 3 19 81 126 9 1
18 52 13 138 129 45 1
104 13 98 60 40 54 1
110 102 71 112 131 29 1
85 101 67 54 3 19 1
90 1 129 109 126 103 1
14 88 25 103 41 89 1
2 40 23 110 102 71 1
70 117 120 6 120 35 1
86 118 8 16 40 21 1
101 16 42 22 51 76 1
103 41 89 0 101 65 1
99 123 97 16 40 21 1
25 28 6 51 131 31 1
110 102 71 7 109 129 1
135 65 77 62 98 64 1
87 110 22 76 100 49 1
134 6 4 108 60 42 1
116 14 32 107 137 5 1
37 136 65 17 94 129 1
85 101 67 49 119 65 1
56 40 45 7 109 129 1
35 22 97 5 107 125 1
125 63 30 60 40 54 1
11 124 70 27 22 86 1
75 14 99 74 83 19 1
98 10 126 85 101 67 1
106 55 32 2 40 23 1
39 102 67 13 111 103 1
6 120 35 130 52 113 1
15 99 38 94 22 66 1
120 34 95 30 85 132 1
124 2 99 34 74 67 1
32 7 4 37 136 65 1
17 94 129 90 1 129 1
94 22 66 73 70 68 1
110 102 71 60 40 54 1
8 12 12 103 41 89 1
49 119 65 3 68 100 1
120 34 95 76 100 49 2
107 137 5 28 46 39 2
24 5 21 107 137 5 2
10 7 115 58 49 98 2
44 88 102 110 102 71 2
52 33 20 10 7 115 2
78 22 40 11 124 70 2
51 131 31 68 58 56 2
94 22 66 24 5 21 2
131 82 90 124 2 99 2
130 52 113 106 55 32 2
37 136 65 20 22 95 2
26 116 53 5 107 125 2
135 65 77 123 83 16 2
66 122 70 3 68 100 2
88 130 122 123 83 16 2
68 58 56 54 3 19 2
114 128 91 128 18 32 2
137 135 1 113 7 77 2
10 7 115 69 98 24 2
18 52 13 101 16 42 2
81 126 9 115 100 97 2
117 101 18 32 7 4 2
137 135 1 79 119 41 2
108 60 42 77 64 87 2
71 122 1 62 98 64 2
41 133 32 71 122 1 2
96 47 135 14 88 25 2
59 124 15 54 3 19 2
67 70 29 85 101 67 2
72 19 60 79 119 41 2
11 124 70 133 33 16 2
29 136 13 102 2 7 2
55 14 81 119 108 15 2
93 13 104 53 127 88 2
52 33 20 137 135 1 3
3 68 100 36 38 10 3
73 70 68 47 69 125 3
128 18 32 92 122 69 3
51 131 31 139 107 66 3
64 26 87 5 107 125 3
132 76 30 4 132 39 3
135 65 77 48 59 126 3
38 2 59 66 122 70 3
54 3 19 57 46 70 3
67 70 29 132 76 30 3
127 99 2 71 122 1 3
21 103 20 8 12 12 3
83 118 103 41 133 32 3
124 2 99 23 132 19 3
102 2 7 6 120 35 3
9 43 34 61 54 49 3
67 70 29 111 54 13 3
32 7 4 114 128 91 3
129 55 111 14 88 25 3
50 120 39 112 131 29 3
100 39 121 96 47 135 3
88 130 122 82 21 123 4
55 14 81 116 14 32 4
60 40 54 122 93 30 4
18 52 13 93 13 104 4
79 119 41 84 106 84 4
91 124 76 28 46 39 5
63 123 53 69 98 24 6
