142 19 185 125 139 53 1
189 104 106 177 84 49 1
62 132 169 147 19 14 1
147 19 14 144 158 17 1
16 6 46 189 104 106 1
13 88 35 126 123 84 1
181 160 22 117 130 73 1
73 103 185 1 184 34 1
127 122 137 27 44 18 1
33 147 177 178 153 109 1
174 17 52 60 117 44 1
149 19 104 62 132 169 1
163 164 189 127 122 137 1
138 170 41 25 80 94 1
105 97 113 143 64 93 1
120 119 86 26 68 184 1
112 52 184 114 10 102 1
188 137 165 7 153 151 1
185 54 52 21 127 113 1
171 143 182 33 147 177 1
45 164 36 10 53 100 1
65 87 122 179 130 174 1
102 13 134 49 65 45 1
57 21 150 106 48 115 1
66 174 61 44 98 50 1
30 118 38 9 19 173 1
53 90 98 37 71 19 1
14 51 126 82 167 174 1
105 97 113 72 44 171 1
72 44 171 44 98 50 1
82 167 174 124 169 140 1
170 121 47 98 149 110 1
145 112 93 102 13 134 1
167 154 154 68 6 121 1
116 144 79 182 115 83 1
71 135 178 164 133 141 1
82 167 174 168 37 125 1
7 153 151 16 6 46 1
185 54 52 47 182 121 1
165 152 159 51 18 126 1
125 139 53 154 142 87 1
80 25 189 125 139 53 1
59 142 48 152 51 109 1
74 95 46 42 165 93 1
135 110 100 2 100 105 1
23 164 172 38 72 48 1
43 28 140 11 156 56 1
66 174 61 180 90 171 1
136 95 21 145 112 93 1
128 9 141 144 158 17 1
57 21 150 46 159 77 1
5 87 165 110 24 128 1
109 11 24 26 68 184 1
139 95 101 135 110 100 1
38 72 48 72 44 171 1
140 14 171 143 64 93 1
130 25 90 36 141 68 1
85 131 108 11 156 56 1
5 87 165 48 42 127 1
172 35 6 34 148 104 1
92 62 181 178 153 109 1
6 61 52 37 71 19 1
52 97 10 22 77 114 1
101 143 172 110 24 128 1
147 19 14 25 80 94 1
141 25 137 54 17 85 1
183 122 80 74 95 46 1
44 98 50 41 110 71 1
88 4 92 5 87 165 1
113 92 168 150 111 66 1
155 83 130 66 174 61 1
153 17 6 141 25 137 1
43 28 140 60 117 44 1
9 19 173 62 132 169 1
43 28 140 108 177 4 1
15 47 29 13 88 35 1
14 51 126 148 71 50 1
41 110 71 134 2 104 1
161 171 42 165 152 159 1
97 63 170 0 7 92 1
65 87 122 93 128 163 1
4 38 119 140 14 171 1
44 98 50 100 170 30 2
1 184 34 75 189 68 2
19 61 119 90 123 71 2
127 122 137 83 70 41 2
29 103 154 26 68 184 2
129 182 149 75 189 68 2
74 95 46 75 189 68 2
160 102 40 125 139 53 2
70 138 79 104 42 102 2
162 163 50 130 25 90 2
37 71 19 101 143 172 2
61 121 132 137 130 117 2
85 131 108 159 58 121 2
95 184 114 161 171 42 2
113 92 168 171 143 182 2
103 19 156 55 91 74 2
154 142 87 101 143 172 2
33 147 177 14 51 126 2
81 172 170 39 18 144 2
17 42 22 149 19 104 2
6 61 52 114 10 102 2
116 144 79 51 18 126 2
166 25 118 106 48 115 2
141 25 137 145 112 93 2
153 17 6 120 119 86 2
135 110 100 185 54 52 2
86 164 124 176 112 110 2
69 113 24 171 143 182 2
49 65 45 85 131 108 2
173 162 122 51 18 126 2
95 184 114 169 59 21 2
169 59 21 111 37 131 2
125 139 53 66 174 61 2
39 18 144 97 63 170 2
64 160 59 184 49 34 2
154 142 87 184 49 34 2
174 17 52 179 130 174 2
66 174 61 136 95 21 2
25 80 94 93 128 163 2
42 165 93 103 19 156 2
178 153 109 164 133 141 2
189 104 106 25 80 94 2
104 42 102 65 87 122 2
27 44 18 60 117 44 2
45 164 36 80 25 189 2
84 92 186 83 70 41 2
14 51 126 175 182 152 2
98 149 110 112 52 184 2
178 153 109 43 28 140 2
55 91 74 173 162 122 2
38 72 48 165 152 159 2
25 80 94 0 7 92 2
58 165 140 90 123 71 2
133 5 71 12 188 71 2
56 116 183 64 160 59 2
146 125 185 163 164 189 2
152 51 109 175 182 152 2
165 152 159 130 25 90 2
20 78 76 129 182 149 2
123 167 127 81 172 170 2
2 100 105 90 123 71 2
21 127 113 8 115 140 2
118 74 38 81 172 170 2
151 156 26 116 144 79 2
32 167 120 124 169 140 2
107 124 152 137 130 117 2
80 25 189 119 47 171 2
1 184 34 91 80 99 2
173 162 122 117 130 73 2
94 153 104 20 78 76 2
83 70 41 2 100 105 2
76 63 41 164 133 141 2
78 185 21 188 137 165 2
113 92 168 115 3 159 2
156 149 161 167 154 154 2
166 25 118 25 80 94 2
156 149 161 32 167 120 2
118 74 38 99 188 187 2
88 4 92 67 95 19 2
121 65 155 88 4 92 3
189 104 106 52 97 10 3
6 61 52 24 97 132 3
172 35 6 173 162 122 3
133 5 71 7 153 151 3
128 9 141 176 112 110 3
157 87 101 89 151 64 3
187 136 39 4 38 119 3
105 97 113 87 83 73 3
144 158 17 158 60 24 3
96 62 8 182 115 83 3
91 80 99 107 124 152 3
15 47 29 166 25 118 3
3 108 63 107 124 152 3
28 80 32 85 131 108 3
85 131 108 79 80 129 3
18 117 159 1 184 34 3
40 163 124 23 164 172 3
77 188 107 4 38 119 3
117 130 73 31 21 27 4
22 77 114 63 127 31 4
106 48 115 157 87 101 4
122 89 126 14 51 126 4
132 134 39 54 17 85 4
131 162 171 114 10 102 4
18 117 159 186 91 134 5
50 166 48 113 92 168 5
138 170 41 35 34 175 6
