113 61 76 84 127 161 1
153 52 28 44 46 41 1
155 175 47 36 93 60 1
49 40 83 133 90 21 1
163 33 138 176 161 77 1
16 148 85 22 12 178 1
120 167 144 29 171 101 1
54 166 130 58 56 79 1
182 62 84 18 70 130 1
124 57 37 46 93 31 1
123 98 176 60 131 96 1
70 155 123 162 71 33 1
168 29 33 135 28 88 1
60 131 96 174 124 152 1
84 127 161 53 171 43 1
15 143 9 93 183 73 1
114 50 93 76 87 176 1
179 91 14 63 129 65 1
9 7 111 150 146 40 1
64 47 182 71 42 156 1
89 29 123 65 151 141 1
107 27 85 34 129 90 1
94 11 172 138 140 120 1
174 124 152 69 159 136 1
145 103 84 139 87 31 1
107 27 85 104 107 103 1
10 108 162 118 186 101 1
103 171 184 139 87 31 1
94 11 172 153 52 28 1
155 175 47 118 186 101 1
176 161 77 103 171 184 1
43 130 92 99 97 43 1
70 155 123 68 130 125 1
133 90 21 8 162 136 1
30 136 148 43 130 92 1
133 90 21 17 140 64 1
91 48 133 24 170 83 1
11 8 26 36 93 60 1
30 136 148 84 127 161 1
6 150 142 10 108 162 1
147 67 50 132 115 118 1
68 130 125 20 166 42 1
166 73 24 82 116 180 1
134 168 20 93 183 73 1
31 47 59 37 31 104 1
104 107 103 61 35 53 1
133 90 21 129 90 62 1
19 116 21 145 103 84 1
158 112 143 143 90 104 1
78 67 21 83 59 24 1
27 6 176 139 87 31 1
179 91 14 183 109 157 1
179 91 14 53 171 43 1
135 28 88 183 109 157 1
37 31 104 8 162 136 1
26 179 90 96 69 10 1
67 149 158 36 93 60 1
141 96 108 101 73 27 1
105 91 28 163 33 138 1
148 100 111 39 0 112 1
166 73 24 88 14 87 1
148 100 111 88 14 87 1
89 29 123 139 87 31 1
43 130 92 181 183 38 1
129 90 62 163 33 138 1
22 12 178 91 48 133 1
25 90 40 151 175 169 1
137 169 97 4 136 12 1
55 72 56 38 80 66 1
159 84 102 63 129 65 1
6 150 142 95 30 180 1
163 33 138 178 11 52 1
1 112 157 19 116 21 1
84 127 161 186 125 16 1
145 103 84 147 67 50 1
185 55 111 119 62 33 1
42 121 21 5 157 34 1
95 30 180 2 122 64 1
97 106 50 100 157 96 1
153 52 28 45 148 48 1
16 148 85 38 80 66 1
38 80 66 20 166 42 1
83 59 24 26 179 90 1
165 47 140 35 48 125 1
155 175 47 7 75 72 1
163 33 138 153 52 28 1
113 61 76 40 96 37 1
18 70 130 184 30 164 1
104 107 103 30 136 148 1
146 184 125 131 51 179 1
65 151 141 157 159 32 1
100 157 96 53 171 43 1
136 182 176 108 23 120 1
163 33 138 97 106 50 2
67 149 158 131 51 179 2
162 71 33 11 8 26 2
170 28 152 60 131 96 2
115 136 70 165 47 140 2
156 164 35 140 71 17 2
145 103 84 144 60 8 2
33 12 14 155 175 47 2
6 150 142 144 60 8 2
69 159 136 96 69 10 2
41 84 102 6 150 142 2
25 90 40 65 151 141 2
142 166 40 95 30 180 2
0 153 184 89 29 123 2
15 143 9 31 47 59 2
181 183 38 56 128 63 2
2 122 64 127 122 129 2
103 171 184 52 183 5 2
46 93 31 165 47 140 2
185 55 111 109 90 56 2
47 108 5 141 96 108 2
60 131 96 59 117 103 2
77 63 52 184 30 164 2
27 6 176 110 46 79 2
31 47 59 137 169 97 2
79 73 99 100 157 96 2
154 48 123 52 183 5 2
101 73 27 49 40 83 2
33 12 14 184 30 164 2
98 115 10 95 30 180 2
134 168 20 48 4 16 2
59 117 103 182 62 84 2
146 184 125 92 110 88 2
140 71 17 160 94 27 2
177 19 118 151 175 169 2
127 122 129 143 90 104 2
109 90 56 3 3 136 2
95 30 180 90 21 176 2
74 156 1 124 57 37 2
119 62 33 165 47 140 2
125 9 15 9 7 111 2
133 90 21 72 108 110 2
137 169 97 50 114 88 2
35 48 125 18 70 130 2
91 48 133 128 120 179 2
39 0 112 9 7 111 2
41 84 102 136 182 176 2
183 109 157 82 116 180 2
90 21 176 106 171 149 2
89 29 123 180 19 113 2
73 104 158 177 19 118 2
129 90 62 81 152 85 2
86 33 9 15 143 9 2
123 98 176 121 9 100 2
46 93 31 14 176 23 2
16 148 85 111 29 138 2
64 47 182 144 60 8 2
175 103 83 104 107 103 2
159 84 102 21 78 103 2
76 87 176 157 159 32 2
126 42 32 145 103 84 3
54 166 130 83 59 24 3
101 73 27 164 184 43 3
101 73 27 62 2 85 3
175 103 83 120 167 144 3
152 112 20 128 120 179 3
20 166 42 172 60 82 3
140 71 17 29 171 101 3
116 62 14 59 117 103 3
149 95 140 9 7 111 3
69 159 136 66 117 63 3
171 0 75 93 183 73 3
40 96 37 57 75 49 3
79 73 99 102 179 56 3
142 166 40 75 176 64 3
47 108 5 161 134 160 3
85 6 22 144 60 8 3
13 163 165 65 151 141 3
122 167 91 107 27 85 3
5 157 34 145 103 84 3
114 50 93 112 92 146 4
23 79 63 25 90 40 4
80 178 27 50 114 88 4
146 184 125 117 95 122 4
87 35 98 62 2 85 4
12 68 151 43 130 92 4
173 174 94 29 171 101 4
48 4 16 130 42 1 4
5 157 34 28 0 91 4
169 99 78 31 47 59 5
51 6 152 58 56 79 5
167 150 183 162 71 33 5
32 154 26 38 80 66 6
