132 36 22 120 78 128 1
53 102 101 38 7 139 1
56 123 108 101 123 154 1
31 75 24 137 76 85 1
8 161 84 130 92 114 1
17 111 122 34 124 147 1
102 151 62 54 160 24 1
167 104 1 94 149 20 1
120 78 128 42 23 144 1
85 91 13 15 147 121 1
48 136 134 111 66 34 1
90 153 58 6 91 27 1
62 116 166 119 163 133 1
13 99 64 100 64 155 1
159 146 146 55 112 34 1
96 24 5 132 36 22 1
95 122 117 71 8 121 1
93 41 70 116 64 127 1
122 63 143 37 22 68 1
145 152 98 106 104 9 1
144 16 143 160 60 90 1
134 164 87 92 161 167 1
161 119 49 154 114 135 1
19 90 124 9 51 23 1
65 19 23 30 46 119 1
92 161 167 129 19 70 1
140 56 20 7 61 39 1
46 103 30 58 76 95 1
126 6 61 148 89 65 1
149 39 83 44 127 132 1
123 166 39 30 46 119 1
45 4 63 162 19 55 1
133 78 69 83 130 46 1
101 123 154 117 9 148 1
137 76 85 3 43 37 1
11 62 72 30 46 119 1
119 163 133 43 160 31 1
25 115 64 72 83 97 1
111 66 34 96 24 5 1
37 22 68 73 110 2 1
125 89 7 123 166 39 1
166 17 55 109 71 34 1
142 34 141 48 136 134 1
16 117 67 18 161 88 1
26 160 54 82 53 77 1
158 148 156 51 142 128 1
160 60 90 73 110 2 1
20 18 0 65 19 23 1
155 166 44 6 91 27 1
94 149 20 131 143 17 1
90 153 58 98 46 83 1
139 94 108 58 76 95 1
156 118 23 84 35 156 1
0 113 51 39 64 0 1
131 143 17 5 125 109 1
33 110 164 2 165 46 1
55 112 34 40 65 93 1
125 89 7 60 111 121 1
69 42 77 153 114 76 1
23 153 139 96 24 5 1
145 152 98 87 131 113 1
96 24 5 79 72 157 1
157 41 164 125 89 7 1
42 23 144 60 111 121 1
26 160 54 99 15 58 1
137 76 85 104 44 75 1
86 159 144 115 63 136 1
102 151 62 121 137 131 1
145 152 98 28 147 75 1
3 43 37 21 28 12 1
138 145 88 143 79 137 1
142 34 141 76 106 35 1
165 35 9 1 53 90 1
163 22 158 117 9 148 1
47 8 38 65 19 23 1
27 24 31 39 64 0 1
61 5 33 63 112 68 1
77 1 160 136 17 157 1
64 141 80 90 153 58 1
134 164 87 43 160 31 1
81 104 68 69 42 77 1
10 135 143 117 9 148 1
21 28 12 154 114 135 1
116 64 127 70 75 56 2
102 151 62 68 96 44 2
163 22 158 140 56 20 2
100 64 155 3 43 37 2
20 18 0 141 94 28 2
74 98 70 44 127 132 2
24 7 10 166 17 55 2
93 41 70 102 151 62 2
118 101 109 38 7 139 2
37 22 68 161 119 49 2
131 143 17 46 103 30 2
71 8 121 159 146 146 2
34 124 147 116 64 127 2
20 18 0 85 91 13 2
51 142 128 165 35 9 2
159 146 146 26 160 54 2
58 76 95 136 17 157 2
137 76 85 77 1 160 2
24 7 10 32 116 20 2
89 70 94 66 95 62 2
120 78 128 153 114 76 2
127 105 124 133 78 69 2
41 155 24 160 60 90 2
51 142 128 156 118 23 2
89 70 94 124 143 162 2
78 109 57 149 39 83 2
103 164 92 27 24 31 2
161 119 49 82 53 77 2
80 127 7 37 22 68 2
145 152 98 97 157 143 2
152 7 133 99 15 58 2
86 159 144 12 59 43 2
110 21 116 161 119 49 2
127 105 124 166 17 55 2
156 118 23 136 17 157 2
129 19 70 2 165 46 2
115 63 136 80 127 7 2
18 161 88 95 122 117 2
49 133 132 52 4 4 2
71 8 121 120 78 128 2
22 152 107 34 124 147 2
83 130 46 3 43 37 2
91 21 123 69 42 77 2
104 44 75 68 96 44 2
29 123 18 5 125 109 2
137 76 85 36 164 84 2
124 143 162 75 134 100 2
5 125 109 19 90 124 2
94 149 20 105 116 150 2
64 141 80 159 146 146 2
79 72 157 43 160 31 2
124 143 162 99 15 58 2
145 152 98 153 114 76 2
78 109 57 8 161 84 2
163 22 158 106 104 9 2
138 145 88 9 51 23 2
112 49 7 98 46 83 2
31 75 24 35 36 131 2
101 123 154 147 136 135 2
14 30 124 57 144 49 2
9 51 23 150 153 165 3
164 157 73 46 103 30 3
20 18 0 107 16 103 3
79 72 157 148 89 65 3
74 98 70 113 141 137 3
3 43 37 128 34 57 3
103 164 92 31 75 24 3
149 39 83 135 32 18 3
1 53 90 61 5 33 3
98 46 83 25 115 64 3
151 138 36 138 145 88 3
19 90 124 114 91 139 3
78 109 57 90 153 58 3
14 30 124 16 117 67 3
38 7 139 21 28 12 3
162 19 55 92 161 167 3
4 23 35 32 116 20 3
59 88 154 143 79 137 3
165 35 9 50 165 166 3
67 31 83 20 18 0 3
130 92 114 108 78 118 4
146 135 100 29 123 18 4
52 4 4 91 21 123 5
140 56 20 88 71 58 7
