2 66 54 96 32 6 1
28 100 50 54 74 11 1
36 1 92 96 32 6 1
2 66 54 0 40 4 1
84 3 36 43 37 17 1
16 108 98 97 106 71 1
41 3 69 55 13 82 1
103 96 57 81 105 77 1
73 80 97 37 42 46 1
70 83 12 104 107 3 1
80 99 42 79 77 13 1
45 25 53 56 7 64 1
100 82 37 98 37 28 1
67 87 66 81 105 77 1
97 106 71 95 17 90 1
63 40 75 82 67 13 1
17 32 90 26 10 57 1
65 5 69 72 87 56 1
43 37 17 106 104 21 1
45 25 53 48 26 2 1
38 93 55 91 43 35 1
73 80 97 33 76 86 1
55 13 82 4 8 91 1
95 17 90 88 16 77 1
73 80 97 97 106 71 1
18 66 74 20 38 30 1
88 16 77 14 92 95 1
32 100 10 78 74 23 1
99 21 58 41 3 69 1
57 10 87 32 100 10 1
80 99 42 12 67 106 1
5 81 38 31 41 48 1
100 82 37 77 89 48 1
100 82 37 91 43 35 1
2 66 54 31 41 48 1
59 105 85 68 38 86 1
106 104 21 58 8 95 1
35 53 99 72 87 56 1
45 25 53 74 6 53 1
33 76 86 30 58 65 1
92 17 84 32 100 10 1
0 40 4 56 7 64 1
10 15 71 21 57 54 1
65 5 69 67 87 66 1
24 12 108 54 74 11 1
90 58 89 50 55 77 1
91 43 35 27 22 88 1
4 8 91 79 77 13 1
107 108 68 9 41 108 1
86 76 71 88 16 77 1
21 57 54 37 42 46 1
105 26 69 56 7 64 1
9 41 108 36 1 92 1
92 17 84 45 25 53 1
39 4 66 67 87 66 1
92 17 84 86 76 71 1
76 65 97 1 62 83 1
8 54 70 48 26 2 1
71 29 36 12 67 106 2
52 37 22 83 42 66 2
11 97 103 34 35 51 2
87 54 48 19 6 19 2
17 32 90 18 66 74 2
2 66 54 25 87 14 2
43 37 17 14 92 95 2
44 107 46 21 57 54 2
99 21 58 54 74 11 2
85 94 80 18 66 74 2
47 60 64 20 38 30 2
23 76 34 22 22 88 2
16 108 98 79 77 13 2
73 80 97 90 58 89 2
67 87 66 9 41 108 2
34 35 51 56 7 64 2
100 82 37 13 59 9 2
108 26 8 30 58 65 2
23 76 34 93 4 71 2
83 42 66 105 26 69 2
42 5 87 94 13 6 2
87 54 48 40 0 36 2
22 22 88 92 17 84 2
45 25 53 100 82 37 2
3 2 8 51 18 31 2
11 97 103 102 4 83 2
68 38 86 98 37 28 2
19 6 19 62 18 103 2
17 32 90 98 37 28 2
64 107 101 66 3 14 2
24 12 108 49 54 102 2
66 3 14 71 29 36 2
107 108 68 89 35 31 2
48 26 2 63 40 75 2
62 18 103 58 8 95 2
58 8 95 7 85 81 2
6 15 68 68 38 86 2
3 2 8 61 67 102 2
37 42 46 53 32 26 2
75 78 4 56 7 64 2
44 107 46 60 36 80 2
30 58 65 46 20 20 2
103 96 57 42 5 87 2
78 74 23 51 18 31 2
69 47 39 47 60 64 3
73 80 97 76 65 97 3
54 74 11 70 83 12 3
44 107 46 29 51 87 3
9 41 108 101 11 93 4
18 66 74 15 34 81 5
