165 59 68 13 111 73 1
95 68 128 33 90 76 1
36 128 113 94 87 22 1
137 151 54 116 73 121 1
0 131 160 108 49 56 1
71 127 114 110 56 151 1
111 122 156 125 109 41 1
4 114 102 157 101 8 1
41 38 66 10 43 63 1
82 94 125 116 73 121 1
165 59 68 54 126 30 1
47 104 42 71 127 114 1
20 107 146 68 95 149 1
28 129 125 52 113 46 1
148 91 123 91 163 21 1
98 44 7 163 99 71 1
105 35 95 95 68 128 1
69 70 26 130 80 90 1
74 168 127 97 12 90 1
140 79 16 57 52 79 1
147 99 108 168 47 44 1
142 11 33 30 156 111 1
15 33 3 70 14 56 1
145 111 47 6 94 55 1
166 60 33 149 126 85 1
77 22 41 91 163 21 1
82 94 125 136 101 140 1
159 11 137 122 88 103 1
69 70 26 62 103 40 1
91 163 21 53 61 140 1
35 133 43 151 110 105 1
124 47 34 74 168 127 1
31 63 46 118 20 84 1
18 50 86 3 99 87 1
155 94 43 56 139 136 1
23 73 29 44 157 75 1
47 104 42 145 111 47 1
78 99 31 116 73 121 1
140 79 16 29 25 46 1
98 44 7 153 58 125 1
2 79 113 23 73 29 1
22 111 60 104 119 139 1
50 79 11 105 35 95 1
86 111 161 9 114 113 1
83 37 40 78 99 31 1
124 47 34 144 5 101 1
73 24 162 97 12 90 1
115 31 91 106 42 58 1
102 139 84 61 143 52 1
5 111 110 29 25 46 1
46 26 16 112 89 117 1
9 114 113 143 22 45 1
116 73 121 167 142 151 1
84 64 32 66 166 159 1
45 14 87 34 134 89 1
0 131 160 88 85 81 1
23 73 29 95 68 128 1
88 85 81 121 27 111 1
162 90 33 148 91 123 1
140 79 16 70 14 56 1
145 111 47 88 85 81 1
134 88 120 51 158 134 1
58 83 108 142 11 33 1
138 7 56 80 82 135 1
61 143 52 127 78 32 1
57 52 79 0 131 160 1
120 38 16 162 90 33 1
40 74 139 55 141 148 1
96 63 57 19 52 25 1
69 70 26 114 45 49 1
117 11 156 56 139 136 1
58 83 108 112 89 117 1
6 94 55 8 3 127 1
33 90 76 27 145 93 1
82 94 125 86 111 161 1
156 147 59 17 87 99 1
2 79 113 143 22 45 1
134 88 120 133 62 160 1
100 88 135 115 31 91 1
6 94 55 67 65 156 1
123 60 17 20 107 146 1
46 26 16 34 134 89 1
97 12 90 43 88 100 1
163 99 71 133 62 160 1
101 38 106 6 94 55 1
110 56 151 42 54 65 1
100 88 135 122 88 103 1
106 42 58 14 139 94 1
158 132 25 98 44 7 1
150 10 132 32 117 44 1
72 7 142 70 14 56 2
58 83 108 111 122 156 2
83 37 40 29 25 46 2
24 81 126 133 62 160 2
131 17 115 108 49 56 2
163 99 71 31 63 46 2
109 89 146 30 156 111 2
21 40 160 18 50 86 2
156 147 59 66 166 159 2
160 119 153 8 3 127 2
25 148 28 8 3 127 2
131 17 115 58 83 108 2
158 132 25 36 128 113 2
105 35 95 113 7 54 2
92 105 145 110 56 151 2
108 49 56 65 31 88 2
128 42 23 9 114 113 2
18 50 86 74 168 127 2
119 111 118 74 168 127 2
152 68 162 79 72 135 2
27 145 93 132 61 152 2
88 85 81 63 112 55 2
85 161 81 162 90 33 2
148 91 123 108 49 56 2
97 12 90 155 94 43 2
125 109 41 161 11 10 2
151 110 105 161 11 10 2
37 76 117 94 87 22 2
116 73 121 64 165 123 2
112 89 117 76 86 56 2
35 133 43 154 140 16 2
52 113 46 112 89 117 2
140 79 16 7 111 37 2
73 24 162 34 134 89 2
61 143 52 11 41 151 2
84 64 32 51 158 134 2
40 74 139 25 148 28 2
122 88 103 126 74 92 2
16 72 17 150 10 132 2
155 94 43 59 9 159 2
51 158 134 114 45 49 2
163 99 71 109 89 146 2
122 88 103 9 114 113 2
49 36 78 102 139 84 2
87 70 158 69 70 26 2
7 111 37 141 40 131 2
104 119 139 138 7 56 2
13 111 73 27 145 93 2
127 78 32 86 111 161 2
44 157 75 166 60 33 2
115 31 91 32 117 44 2
138 7 56 165 59 68 2
50 79 11 103 47 108 2
146 42 102 54 126 30 3
137 151 54 129 145 162 3
14 139 94 41 38 66 3
70 14 56 157 101 8 3
157 101 8 152 68 162 3
135 122 88 20 107 146 3
107 55 115 129 145 162 3
24 81 126 48 143 28 3
26 150 149 122 88 103 3
154 140 16 164 60 56 3
68 95 149 26 150 149 3
19 52 25 86 111 161 3
139 6 109 104 119 139 3
147 99 108 140 79 16 3
12 109 61 126 74 92 3
83 37 40 1 47 100 3
38 42 117 24 81 126 3
4 114 102 60 38 108 3
76 86 56 75 154 42 4
39 105 114 69 70 26 4
12 109 61 89 73 153 4
132 61 152 90 58 135 4
93 20 0 115 31 91 4
81 49 53 70 14 56 5
99 60 18 89 73 153 5
