102 117 96 133 99 12 1
29 64 10 86 132 130 1
86 132 130 66 57 31 1
113 99 131 88 44 8 1
134 50 77 42 26 70 1
107 116 110 59 34 59 1
16 49 76 7 123 52 1
88 44 8 99 116 49 1
123 108 71 23 128 26 1
73 14 37 52 112 43 1
96 123 52 121 112 78 1
113 99 131 73 14 37 1
37 119 82 40 125 46 1
10 19 57 77 57 89 1
3 90 50 41 114 87 1
15 95 96 18 127 38 1
114 29 16 69 6 96 1
21 75 132 70 91 47 1
86 132 130 32 69 5 1
86 132 130 11 5 55 1
73 14 37 20 113 61 1
70 91 47 22 73 132 1
109 39 6 119 6 28 1
76 69 94 17 67 96 1
67 54 45 117 108 131 1
92 113 23 107 116 110 1
55 115 10 26 63 123 1
124 95 62 62 62 12 1
67 54 45 45 34 99 1
44 30 36 82 127 47 1
92 113 23 8 55 69 1
80 31 117 6 55 35 1
107 116 110 24 120 45 1
18 127 38 51 128 96 1
74 5 85 94 21 16 1
33 60 91 91 25 20 1
87 59 114 47 58 7 1
91 25 20 32 69 5 1
131 13 24 70 91 47 1
72 28 118 8 55 69 1
36 122 132 119 6 28 1
101 89 50 13 53 38 1
122 9 17 89 14 55 1
116 29 18 72 28 118 1
69 6 96 22 73 132 1
105 15 44 42 26 70 1
59 34 59 55 115 10 1
6 55 35 113 99 131 1
47 58 7 79 108 88 1
12 81 0 120 133 55 1
65 105 34 78 39 127 1
103 65 129 102 117 96 1
96 123 52 63 60 107 1
116 29 18 5 102 46 1
62 62 12 67 54 45 1
52 112 43 62 62 12 1
124 95 62 98 104 38 1
121 112 78 11 5 55 2
12 81 0 52 112 43 2
85 62 86 80 31 117 2
61 79 36 65 105 34 2
117 108 131 87 59 114 2
104 34 21 128 130 29 2
68 85 114 4 32 7 2
33 60 91 101 89 50 2
9 39 49 93 134 38 2
21 75 132 95 126 58 2
39 88 42 25 77 71 2
59 34 59 121 112 78 2
126 88 131 62 62 12 2
51 128 96 115 53 105 2
64 45 126 125 61 116 2
91 25 20 97 27 114 2
82 127 47 5 102 46 2
33 60 91 42 26 70 2
54 7 128 88 44 8 2
77 57 89 121 112 78 2
25 77 71 10 19 57 2
51 128 96 43 122 21 2
65 105 34 111 105 47 2
111 105 47 74 5 85 2
64 45 126 118 120 39 2
50 135 119 93 134 38 2
65 105 34 36 122 132 2
70 91 47 133 99 12 2
43 122 21 39 88 42 2
16 49 76 133 99 12 2
92 113 23 112 123 79 2
96 123 52 35 104 82 2
76 69 94 95 126 58 2
123 108 71 104 34 21 2
83 111 27 81 87 98 2
63 60 107 57 23 88 2
70 91 47 24 120 45 2
46 17 113 20 113 61 2
23 128 26 36 122 132 2
79 108 88 21 75 132 2
116 29 18 90 82 65 2
75 31 125 43 122 21 2
125 61 116 81 87 98 2
33 60 91 106 73 34 2
108 76 65 123 108 71 2
25 77 71 27 108 104 2
126 88 131 125 61 116 2
109 39 6 64 45 126 2
48 114 90 72 28 118 2
111 105 47 9 39 49 2
129 1 18 52 112 43 2
31 30 42 52 112 43 2
65 105 34 40 125 46 2
56 108 123 60 61 12 2
10 19 57 14 16 81 2
71 21 78 60 61 12 2
135 20 107 53 106 64 2
123 108 71 100 90 54 3
11 5 55 56 108 123 3
84 72 13 25 77 71 3
19 86 35 40 125 46 3
19 86 35 28 56 135 3
7 123 52 0 3 117 3
42 26 70 130 26 32 3
11 5 55 53 106 64 3
16 49 76 122 9 17 3
125 61 116 2 45 23 3
130 26 32 4 32 7 3
115 53 105 30 100 106 3
114 29 16 41 114 87 3
127 34 131 51 128 96 3
29 64 10 34 15 61 4
28 56 135 110 68 128 4
38 21 20 72 28 118 4
34 15 61 49 20 35 4
0 3 117 1 68 96 4
13 53 38 132 42 98 5
58 71 41 104 34 21 6
