68 48 54 27 118 90 1
114 115 121 29 79 13 1
77 30 32 12 90 89 1
122 75 136 7 98 103 1
142 78 9 73 78 149 1
35 24 40 131 101 87 1
76 96 157 151 69 144 1
150 147 2 141 45 20 1
126 106 90 68 48 54 1
148 14 101 75 7 121 1
124 72 65 158 27 161 1
108 20 28 129 138 160 1
90 139 154 50 149 35 1
114 115 121 55 109 75 1
98 135 159 35 24 40 1
141 45 20 78 146 58 1
46 50 99 118 8 5 1
34 2 116 71 155 51 1
91 89 91 61 1 8 1
142 78 9 137 96 151 1
138 99 58 44 122 13 1
31 58 32 143 77 71 1
161 16 110 85 46 5 1
68 48 54 136 144 81 1
85 46 5 29 79 13 1
2 41 53 86 52 131 1
24 34 128 132 114 106 1
110 29 135 127 89 152 1
118 8 5 126 106 90 1
161 16 110 66 121 140 1
94 58 128 36 156 99 1
65 140 49 156 145 77 1
64 133 56 139 148 117 1
13 48 94 57 86 57 1
68 48 54 88 131 56 1
77 30 32 128 150 40 1
59 32 68 18 122 114 1
134 48 39 19 118 108 1
50 149 35 76 96 157 1
12 90 89 115 1 46 1
65 140 49 148 14 101 1
8 54 29 104 28 114 1
50 149 35 19 118 108 1
41 115 110 70 47 60 1
114 115 121 77 30 32 1
115 1 46 57 86 57 1
49 120 14 138 99 58 1
97 146 133 127 89 152 1
53 115 43 98 135 159 1
76 96 157 95 71 36 1
19 118 108 66 121 140 1
138 99 58 104 28 114 1
35 24 40 155 116 105 1
88 131 56 80 39 123 1
38 108 158 74 126 30 1
151 69 144 141 45 20 1
26 29 65 45 36 30 1
0 41 156 137 96 151 1
142 78 9 62 35 1 1
33 19 118 28 68 134 1
12 90 89 49 120 14 1
23 130 126 21 55 64 1
41 115 110 20 41 75 1
109 25 95 140 33 39 1
114 115 121 62 35 1 1
37 89 130 24 34 128 1
34 2 116 152 157 53 1
145 53 38 50 149 35 1
109 25 95 101 149 109 1
82 24 87 19 118 108 1
134 48 39 94 58 128 1
78 146 58 58 150 119 1
121 35 101 88 131 56 1
160 31 44 103 59 97 2
20 41 75 1 26 10 2
71 155 51 93 42 43 2
46 50 99 104 28 114 2
89 24 126 4 116 90 2
53 115 43 12 90 89 2
92 134 4 14 43 67 2
155 116 105 18 122 114 2
130 32 132 55 109 75 2
143 77 71 37 89 130 2
102 10 130 5 83 39 2
31 58 32 108 20 28 2
151 69 144 52 110 3 2
33 19 118 81 27 124 2
140 33 39 79 144 135 2
45 36 30 120 1 93 2
77 30 32 63 55 156 2
148 14 101 142 78 9 2
96 97 71 37 89 130 2
117 8 155 161 16 110 2
26 29 65 126 106 90 2
10 59 100 35 24 40 2
147 151 99 111 27 145 2
11 109 92 24 34 128 2
21 55 64 57 86 57 2
137 96 151 30 67 142 2
6 10 22 10 59 100 2
159 113 108 8 54 29 2
70 47 60 103 59 97 2
160 31 44 78 146 58 2
38 108 158 60 55 64 2
93 42 43 120 1 93 2
2 41 53 103 59 97 2
111 27 145 27 118 90 2
15 32 142 111 27 145 2
107 48 135 77 30 32 2
98 135 159 16 152 132 2
106 6 55 57 86 57 2
125 6 125 153 32 103 2
77 30 32 87 126 130 2
5 83 39 10 59 100 2
98 135 159 124 72 65 2
157 20 113 22 149 102 2
31 58 32 32 23 34 2
42 113 131 157 20 113 2
120 1 93 122 75 136 2
125 6 125 115 1 46 2
143 77 71 2 41 53 2
64 133 56 34 2 116 2
47 66 48 64 133 56 2
133 2 111 120 1 93 2
138 99 58 89 24 126 2
111 27 145 146 14 23 2
74 126 30 120 1 93 2
110 29 135 1 26 10 2
109 25 95 19 118 108 2
147 151 99 42 113 131 2
117 8 155 149 132 83 3
106 6 55 154 109 8 3
33 19 118 122 75 136 3
39 89 48 85 46 5 3
83 106 121 28 68 134 3
41 115 110 119 121 17 3
112 132 38 96 97 71 3
137 96 151 100 99 63 3
25 122 15 63 55 156 3
144 68 80 39 89 48 3
96 97 71 99 82 28 3
49 120 14 105 115 59 3
84 36 148 123 11 43 3
84 36 148 102 10 130 3
116 95 82 149 132 83 3
25 122 15 40 87 151 3
127 89 152 14 43 67 3
75 7 121 135 10 143 3
17 9 67 84 36 148 3
3 137 62 140 33 39 3
48 108 96 39 89 48 3
113 116 143 6 10 22 3
61 1 8 8 54 29 3
54 119 56 69 4 71 3
67 118 59 6 10 22 3
72 147 133 31 58 32 4
94 58 128 56 85 40 4
9 132 67 85 46 5 4
51 150 151 31 58 32 4
43 106 41 72 147 133 4
6 10 22 69 4 71 4
