26 47 6 72 2 76 1
9 69 6 71 49 82 1
23 32 81 91 27 64 1
22 58 64 82 6 16 1
76 84 95 49 49 58 1
31 37 75 96 93 76 1
93 60 12 68 39 60 1
37 12 68 11 19 33 1
63 82 79 56 21 34 1
59 35 46 17 11 22 1
26 47 6 71 49 82 1
56 21 34 28 46 43 1
77 82 30 55 41 95 1
32 35 53 25 44 18 1
92 0 2 11 19 33 1
37 12 68 19 0 33 1
53 80 94 48 32 50 1
82 6 16 80 95 20 1
75 15 78 61 40 46 1
24 38 91 26 47 6 1
59 35 46 87 36 9 1
68 39 60 78 19 41 1
98 10 84 60 29 95 1
89 97 66 61 40 46 1
75 15 78 87 36 9 1
34 78 46 76 84 95 1
57 27 21 71 49 82 1
28 46 43 4 58 0 1
73 52 39 75 15 78 1
71 49 82 55 41 95 1
32 35 53 56 21 34 1
29 14 102 54 45 42 1
71 49 82 2 98 75 1
2 98 75 83 53 9 1
53 80 94 18 76 52 1
6 2 76 99 49 66 1
80 95 20 94 28 17 1
73 52 39 94 28 17 1
14 13 100 69 33 68 1
46 23 100 85 70 13 1
33 48 81 53 80 94 1
60 29 95 9 69 6 1
7 40 100 56 21 34 1
92 0 2 81 90 11 1
49 49 58 27 62 18 1
37 12 68 31 37 75 1
50 69 24 36 39 33 1
12 65 68 77 82 30 2
83 53 9 47 85 44 2
56 21 34 46 23 100 2
10 28 80 30 57 16 2
23 32 81 4 58 0 2
76 84 95 54 45 42 2
34 78 46 43 79 58 2
87 36 9 56 21 34 2
73 52 39 24 38 91 2
99 49 66 66 30 39 2
37 12 68 66 30 39 2
47 85 44 53 80 94 2
40 88 12 83 53 9 2
51 68 45 96 93 76 2
35 95 5 0 13 11 2
27 62 18 86 50 13 2
51 68 45 93 60 12 2
57 27 21 70 54 43 2
86 50 13 4 58 0 2
75 15 78 102 15 22 2
35 95 5 67 46 68 2
26 47 6 81 90 11 2
53 80 94 50 69 24 2
86 50 13 52 13 24 2
0 13 11 34 78 46 2
5 48 77 78 19 41 2
45 84 71 46 23 100 2
39 38 66 22 58 64 2
55 41 95 64 95 77 2
101 92 0 31 37 75 2
20 25 77 6 2 76 2
95 63 18 27 62 18 2
1 85 86 59 35 46 2
17 11 22 13 26 6 2
14 13 100 90 102 66 2
35 95 5 97 98 50 2
41 97 38 16 64 79 2
2 98 75 14 13 100 2
68 39 60 58 8 58 3
30 57 16 45 84 71 3
74 28 33 79 56 39 3
55 41 95 62 54 62 3
3 35 29 21 57 64 3
2 98 75 74 28 33 3
70 54 43 44 22 56 3
82 6 16 84 43 92 3
15 36 79 67 46 68 3
16 64 79 85 70 13 3
3 35 29 13 26 6 3
18 76 52 42 63 30 4
0 13 11 88 70 74 4
38 12 34 93 60 12 4
100 70 44 18 76 52 4
8 58 61 66 30 39 4
62 54 62 65 19 57 5
