78 105 110 47 28 145 1
71 33 1 137 38 40 1
132 111 65 125 71 96 1
123 35 69 103 128 110 1
142 81 2 153 155 67 1
104 96 19 109 21 132 1
3 69 154 114 94 12 1
122 124 54 141 135 141 1
10 170 108 45 14 166 1
141 135 141 155 57 133 1
112 93 31 42 31 164 1
130 31 150 77 77 109 1
113 128 116 37 93 137 1
93 150 105 125 71 96 1
75 167 146 32 79 87 1
99 67 162 138 60 23 1
33 81 35 107 52 61 1
140 168 32 103 128 110 1
77 77 109 50 34 101 1
170 136 79 130 31 150 1
62 161 37 155 57 133 1
60 63 105 33 81 35 1
138 60 23 71 33 1 1
68 136 107 58 79 170 1
37 93 137 64 4 143 1
34 11 89 120 87 38 1
108 37 72 125 71 96 1
75 167 146 22 59 19 1
133 100 75 48 137 88 1
92 149 35 134 110 152 1
107 52 61 85 51 31 1
37 93 137 3 69 154 1
51 69 39 150 155 99 1
70 146 165 155 57 133 1
168 169 165 99 67 162 1
20 150 0 96 142 37 1
34 11 89 170 136 79 1
89 150 49 17 8 6 1
98 31 35 147 107 95 1
93 150 105 46 123 162 1
88 29 20 61 126 78 1
8 31 166 142 81 2 1
54 61 123 118 82 13 1
48 137 88 9 100 10 1
136 69 142 107 52 61 1
8 31 166 36 86 76 1
15 84 118 161 103 50 1
154 59 103 67 162 69 1
7 71 55 64 4 143 1
140 168 32 53 75 17 1
105 121 107 94 69 41 1
154 59 103 8 31 166 1
59 107 22 56 54 151 1
40 28 57 58 79 170 1
67 162 69 75 167 146 1
31 55 160 136 69 142 1
123 35 69 129 73 25 1
40 28 57 62 161 37 1
99 67 162 39 90 156 1
84 98 68 170 136 79 1
164 60 147 97 160 52 1
0 34 135 44 169 149 1
98 31 35 167 150 132 1
159 40 169 53 75 17 1
89 150 49 30 135 156 1
117 32 150 80 164 152 1
103 128 110 116 14 84 1
143 123 89 160 44 92 1
141 135 141 52 26 15 1
5 59 85 7 71 55 1
168 169 165 108 37 72 1
66 29 7 116 14 84 1
82 113 161 32 79 87 1
76 101 67 149 77 81 1
91 75 69 51 69 39 1
15 84 118 83 162 96 1
54 61 123 70 146 165 1
104 96 19 30 135 156 1
107 52 61 101 156 54 1
24 13 134 74 59 68 1
117 32 150 94 69 41 1
21 114 77 5 59 85 1
156 102 74 161 103 50 1
87 61 80 123 35 69 1
110 65 23 43 6 64 1
30 135 156 1 150 93 1
8 31 166 95 96 137 1
169 106 109 7 71 55 1
69 21 134 147 107 95 1
167 150 132 80 164 152 1
43 6 64 37 93 137 1
34 11 89 90 129 101 1
130 31 150 148 0 8 1
35 166 76 144 13 95 1
151 19 54 98 31 35 1
6 74 127 141 135 141 1
53 75 17 111 22 72 1
146 66 98 109 21 132 2
112 93 31 24 13 134 2
164 60 147 16 55 42 2
50 34 101 94 69 41 2
26 100 8 151 19 54 2
94 69 41 97 160 52 2
36 86 76 146 66 98 2
144 13 95 73 66 83 2
163 16 139 73 66 83 2
11 66 34 111 22 72 2
109 21 132 163 16 139 2
0 34 135 6 74 127 2
152 32 93 156 102 74 2
60 63 105 11 66 34 2
139 62 133 141 135 141 2
3 69 154 39 90 156 2
121 26 114 105 121 107 2
161 103 50 64 4 143 2
55 146 127 31 55 160 2
32 79 87 168 169 165 2
85 51 31 54 61 123 2
14 64 87 60 63 105 2
125 71 96 10 170 108 2
166 12 100 44 169 149 2
29 58 150 55 146 127 2
126 106 122 155 57 133 2
123 35 69 94 69 41 2
105 121 107 133 100 75 2
2 90 92 76 101 67 2
124 100 49 134 110 152 2
60 63 105 64 4 143 2
65 41 54 115 20 130 2
33 81 35 42 31 164 2
152 32 93 4 53 33 2
72 25 100 62 161 37 2
108 37 72 56 54 151 2
120 87 38 2 90 92 2
136 69 142 162 55 30 2
41 0 43 7 71 55 2
81 135 96 48 137 88 2
32 79 87 143 123 89 2
3 69 154 12 48 88 2
60 63 105 102 148 155 2
77 77 109 135 84 121 2
143 123 89 61 126 78 2
158 167 168 130 31 150 2
49 101 158 29 58 150 2
161 103 50 28 154 122 2
24 13 134 115 20 130 2
20 150 0 30 135 156 2
158 167 168 18 52 24 2
17 8 6 63 83 36 2
51 69 39 31 55 160 3
47 28 145 130 31 150 3
63 83 36 38 2 114 3
163 16 139 79 68 141 3
86 138 103 42 31 164 3
131 88 2 106 135 136 3
92 149 35 102 148 155 3
168 169 165 127 65 12 3
17 8 6 119 23 125 3
106 135 136 152 32 93 3
70 146 165 100 100 86 3
33 81 35 19 41 61 3
74 59 68 23 67 83 3
13 135 48 157 145 166 3
13 135 48 125 71 96 3
114 94 12 57 125 79 3
109 21 132 165 140 33 3
25 55 101 95 96 137 4
14 64 87 27 81 7 4
90 129 101 145 158 112 4
128 68 87 116 14 84 4
