90 43 33 187 62 56 1
93 176 72 6 178 66 1
135 164 178 190 149 173 1
60 86 63 26 161 122 1
54 81 24 91 85 154 1
26 161 122 116 109 151 1
138 10 2 67 33 159 1
130 144 44 12 187 29 1
6 178 66 75 99 137 1
6 178 66 148 92 160 1
128 84 111 42 167 184 1
51 9 49 185 111 128 1
2 148 180 146 156 7 1
169 136 179 107 180 46 1
109 90 169 43 132 102 1
41 149 119 48 150 61 1
126 176 145 64 10 11 1
78 101 81 13 134 37 1
36 37 138 176 126 82 1
65 50 88 160 118 72 1
130 144 44 132 48 176 1
47 130 149 55 82 87 1
178 10 171 139 25 48 1
131 42 78 86 25 66 1
140 147 165 55 82 87 1
14 138 118 183 24 73 1
94 56 188 19 151 35 1
17 183 143 33 138 7 1
148 92 160 171 72 156 1
8 129 99 12 187 29 1
58 70 161 107 180 46 1
154 5 105 181 170 125 1
136 120 104 5 79 143 1
160 118 72 101 127 161 1
122 36 7 152 169 90 1
29 141 75 37 45 121 1
46 183 159 132 48 176 1
56 183 81 187 62 56 1
22 184 131 129 115 14 1
32 18 118 52 166 133 1
112 66 66 57 120 85 1
168 111 52 37 45 121 1
52 166 133 125 124 36 1
114 64 3 177 152 86 1
53 160 113 1 53 145 1
147 184 24 180 23 108 1
113 12 4 95 115 101 1
175 104 182 21 79 184 1
29 141 75 182 61 78 1
189 161 176 186 113 103 1
145 20 146 157 114 98 1
73 154 102 105 123 88 1
173 151 51 170 93 67 1
50 26 174 81 155 54 1
177 152 86 186 113 103 1
165 141 182 94 56 188 1
13 134 37 98 46 61 1
183 24 73 87 73 153 1
95 115 101 147 184 24 1
116 109 151 73 154 102 1
60 86 63 63 137 90 1
62 52 70 68 161 176 1
46 183 159 123 114 83 1
99 51 73 140 147 165 1
47 130 149 129 115 14 1
83 143 122 92 38 17 1
125 124 36 42 167 184 1
89 15 36 137 147 20 1
125 124 36 43 132 102 1
177 152 86 135 164 178 1
118 5 81 186 113 103 1
33 138 7 183 24 73 1
6 178 66 189 161 176 1
116 109 151 161 129 59 1
176 126 82 33 138 7 1
187 62 56 160 118 72 1
73 154 102 153 104 63 2
63 137 90 42 167 184 2
76 64 87 5 79 143 2
172 116 55 167 90 124 2
78 101 81 147 184 24 2
117 122 129 66 9 59 2
65 50 88 144 104 38 2
158 134 167 33 138 7 2
40 134 68 80 132 118 2
114 64 3 142 23 22 2
78 101 81 16 157 101 2
110 77 32 124 120 103 2
161 129 59 146 156 7 2
86 25 66 163 75 127 2
101 127 161 85 47 47 2
70 175 129 5 79 143 2
50 26 174 111 163 47 2
9 188 180 81 155 54 2
175 104 182 110 77 32 2
105 123 88 181 170 125 2
58 70 161 105 123 88 2
18 67 55 58 70 161 2
100 51 44 151 85 171 2
42 167 184 21 79 184 2
89 15 36 110 77 32 2
95 115 101 62 52 70 2
16 157 101 148 92 160 2
15 125 187 124 120 103 2
144 104 38 57 120 85 2
66 9 59 4 14 25 2
185 111 128 81 155 54 2
128 84 111 108 22 81 2
102 28 146 40 134 68 2
164 128 50 110 77 32 2
177 152 86 88 24 150 2
55 82 87 73 154 102 2
151 85 171 19 151 35 2
148 92 160 71 30 82 2
71 30 82 23 72 116 2
10 122 41 151 85 171 2
121 105 140 172 116 55 2
149 174 159 182 61 78 2
89 15 36 67 33 159 2
29 141 75 131 42 78 2
58 70 161 122 36 7 2
73 154 102 53 160 113 2
72 179 94 124 120 103 2
85 47 47 68 161 176 2
67 33 159 5 79 143 2
17 183 143 96 67 150 2
122 36 7 160 118 72 2
156 94 144 0 117 95 2
11 177 119 141 134 62 2
5 79 143 115 137 84 2
61 165 90 72 179 94 2
67 33 159 179 105 100 2
54 81 24 152 169 90 2
168 111 52 54 81 24 2
139 25 48 19 151 35 2
111 163 47 178 10 171 2
77 89 6 120 79 3 2
34 157 21 129 115 14 2
49 125 183 24 49 160 2
24 49 160 7 88 85 2
184 53 92 128 84 111 2
108 22 81 51 9 49 2
117 122 129 44 158 79 2
38 118 95 167 90 124 2
35 50 188 30 157 11 2
117 122 129 48 150 61 2
15 125 187 36 37 138 2
163 75 127 20 136 135 2
123 114 83 36 37 138 2
77 89 6 182 61 78 2
59 26 101 62 52 70 2
183 24 73 35 50 188 3
35 50 188 133 61 97 3
104 157 100 163 75 127 3
145 20 146 126 176 145 3
171 72 156 170 93 67 3
8 129 99 143 174 131 3
62 52 70 39 177 44 3
91 85 154 159 106 33 3
24 49 160 174 185 66 3
171 72 156 174 185 66 3
30 157 11 48 150 61 3
64 10 11 81 155 54 3
107 180 46 167 90 124 3
31 38 187 66 9 59 3
63 137 90 11 177 119 3
28 78 2 69 32 144 3
156 94 144 161 129 59 3
145 20 146 45 32 44 3
102 28 146 105 123 88 3
103 42 61 105 123 88 3
3 68 167 54 81 24 3
182 61 78 155 27 127 3
152 169 90 92 38 17 3
79 130 2 60 86 63 3
70 175 129 150 114 110 3
174 185 66 162 24 0 3
47 130 149 97 64 57 3
9 188 180 27 80 1 3
28 78 2 84 27 77 3
188 110 66 0 117 95 3
69 32 144 106 117 127 3
82 84 30 76 64 87 4
127 180 79 80 132 118 4
41 149 119 119 111 127 4
129 115 14 134 58 184 5
71 30 82 84 27 77 5
166 115 158 126 176 145 5
74 59 20 62 52 70 5
184 53 92 25 124 155 5
