53 147 115 136 143 129 1
29 0 156 60 33 93 1
126 114 10 0 128 68 1
61 160 0 132 124 94 1
65 82 51 91 41 73 1
115 134 106 96 37 30 1
121 40 75 139 84 5 1
48 13 120 105 152 1 1
75 24 161 117 10 22 1
78 125 22 82 44 65 1
30 163 113 77 93 2 1
83 95 72 74 124 162 1
140 157 75 160 163 76 1
89 67 9 46 43 161 1
117 10 22 122 125 66 1
27 128 95 46 43 161 1
153 14 85 35 64 90 1
37 146 38 64 126 158 1
21 69 80 1 5 31 1
66 76 63 123 118 72 1
45 16 30 55 127 157 1
7 138 161 62 140 152 1
102 86 63 88 64 43 1
22 73 89 21 69 80 1
136 143 129 157 119 143 1
10 112 29 93 78 146 1
124 98 102 130 43 51 1
164 103 43 88 64 43 1
92 46 120 46 43 161 1
122 125 66 100 6 47 1
34 137 56 13 161 43 1
5 15 23 134 0 30 1
10 112 29 125 13 31 1
135 140 125 128 111 122 1
87 131 155 120 102 152 1
14 155 89 134 0 30 1
71 55 130 111 40 144 1
161 143 76 65 82 51 1
87 131 155 90 164 162 1
128 111 122 163 53 133 1
47 7 96 3 4 85 1
149 92 156 146 126 143 1
56 9 92 73 12 96 1
61 160 0 155 34 139 1
60 33 93 122 125 66 1
21 69 80 58 20 155 1
134 0 30 51 15 101 1
117 10 22 102 86 63 1
107 129 125 17 141 43 1
89 67 9 4 153 128 1
14 155 89 109 76 33 1
67 148 125 159 42 16 1
8 129 92 119 162 31 1
146 126 143 18 130 163 1
136 143 129 18 130 163 1
27 128 95 151 145 143 1
76 62 118 118 94 83 1
78 125 22 158 91 39 1
148 141 137 69 119 74 1
148 141 137 113 17 34 1
43 125 121 98 45 151 1
131 95 66 7 138 161 1
0 128 68 158 91 39 1
22 73 89 160 163 76 1
70 156 58 85 60 17 1
113 17 34 1 5 31 1
152 155 14 149 92 156 1
24 159 27 102 86 63 1
164 103 43 67 148 125 1
112 108 161 62 140 152 1
103 82 52 126 114 10 1
15 56 108 89 67 9 1
117 10 22 19 13 41 1
159 42 16 108 57 20 1
90 164 162 150 157 64 1
86 101 86 126 114 10 1
37 146 38 48 13 120 1
54 31 130 6 58 11 1
14 155 89 23 132 15 1
117 10 22 134 0 30 1
86 101 86 91 41 73 1
112 108 161 29 0 156 2
54 31 130 61 160 0 2
104 31 55 131 95 66 2
58 20 155 121 40 75 2
63 27 141 25 34 34 2
76 62 118 157 119 143 2
140 157 75 133 67 128 2
61 160 0 113 17 34 2
151 145 143 150 157 64 2
70 156 58 50 96 79 2
70 156 58 139 84 5 2
73 12 96 55 127 157 2
25 34 34 86 101 86 2
58 20 155 162 66 5 2
139 84 5 47 7 96 2
82 44 65 142 72 97 2
52 80 86 100 6 47 2
4 153 128 52 80 86 2
106 109 147 35 64 90 2
110 87 155 71 55 130 2
0 128 68 70 156 58 2
117 10 22 85 60 17 2
34 137 56 72 94 129 2
27 128 95 81 104 65 2
41 20 127 61 160 0 2
45 16 30 120 102 152 2
96 37 30 103 82 52 2
50 96 79 10 112 29 2
163 53 133 157 119 143 2
164 103 43 59 86 163 2
95 68 108 155 34 139 2
143 81 16 102 86 63 2
149 92 156 48 13 120 2
131 95 66 74 124 162 2
72 94 129 142 72 97 2
118 94 83 145 54 108 2
33 19 150 40 162 81 2
157 119 143 54 31 130 2
133 67 128 84 69 22 2
10 112 29 101 120 157 2
94 75 115 144 106 110 2
111 40 144 24 159 27 2
7 138 161 20 102 133 2
84 69 22 39 100 42 2
40 162 81 38 22 112 2
27 128 95 66 76 63 2
62 140 152 106 109 147 2
116 102 62 82 44 65 2
141 160 101 71 55 130 2
58 20 155 42 0 111 2
12 100 3 4 153 128 2
78 125 22 17 141 43 2
9 16 148 26 132 36 2
80 102 111 5 15 23 2
128 111 122 147 16 62 2
130 43 51 11 28 151 2
68 34 163 121 40 75 2
8 129 92 70 156 58 2
99 38 157 122 125 66 3
138 115 164 78 125 22 3
43 125 121 113 17 34 3
128 111 122 154 80 53 3
9 16 148 87 131 155 3
124 98 102 98 45 151 3
24 159 27 129 81 51 3
144 106 110 82 44 65 3
116 102 62 40 162 81 3
134 0 30 36 157 52 3
55 127 157 32 23 77 3
137 23 31 50 96 79 3
127 49 151 86 101 86 3
97 148 103 92 46 120 3
1 5 31 57 142 83 3
16 131 69 112 108 161 4
49 134 11 10 112 29 4
2 122 72 75 24 161 4
122 125 66 44 15 15 4
106 109 147 79 116 67 4
68 34 163 30 163 113 4
156 85 6 82 44 65 5
28 118 37 146 126 143 5
86 101 86 31 137 112 5
114 43 111 43 125 121 6
