3 0 10 39 54 41 1
1 27 31 30 20 49 1
48 5 19 44 35 29 1
52 20 36 34 34 45 1
43 51 48 4 39 21 1
51 39 27 46 26 17 1
29 36 47 17 28 14 1
39 54 41 12 27 5 1
41 33 39 48 5 19 1
25 27 17 50 16 18 1
21 22 39 37 13 24 1
47 46 4 52 20 36 1
5 24 31 8 3 25 1
43 51 48 30 20 49 1
25 27 17 3 0 10 1
23 46 34 7 19 40 1
23 46 34 27 32 29 1
7 19 40 22 33 7 1
7 19 40 16 41 38 1
45 29 14 22 33 7 1
48 5 19 18 17 51 1
34 34 45 16 41 38 1
9 10 38 51 39 27 1
48 5 19 54 54 18 1
40 44 19 3 0 10 1
31 52 1 28 13 26 1
38 11 57 45 29 14 1
35 20 49 26 52 13 1
0 23 33 15 21 1 1
31 52 1 10 51 51 1
30 20 49 20 7 49 1
56 24 42 33 45 44 1
9 10 38 43 51 48 1
41 33 39 3 0 10 1
6 12 45 1 27 31 1
36 21 36 1 27 31 1
23 46 34 5 24 31 1
35 20 49 57 43 26 2
15 21 1 43 51 48 2
39 54 41 6 12 45 2
42 9 30 13 6 39 2
30 20 49 31 52 1 2
54 54 18 35 20 49 2
36 21 36 27 32 29 2
10 51 51 56 24 42 2
29 36 47 20 7 49 2
5 24 31 2 32 25 2
13 6 39 27 32 29 2
21 22 39 45 29 14 2
53 4 36 34 34 45 3
16 41 38 14 14 53 3
6 12 45 24 56 28 3
16 41 38 19 46 19 4
11 56 49 53 4 36 4
0 23 33 55 46 7 5
49 19 7 3 0 10 6
9 10 38 32 17 40 6
