41 2 32 42 11 40 1
5 61 58 24 37 36 1
24 37 36 33 6 61 1
29 60 37 16 74 57 1
47 85 59 28 72 79 1
33 6 61 15 10 19 1
77 37 70 86 72 58 1
35 78 26 51 18 48 1
30 0 45 66 60 84 1
71 9 35 3 79 29 1
13 17 6 4 31 86 1
34 21 82 22 72 6 1
23 6 38 4 31 86 1
38 21 20 0 17 17 1
58 2 51 36 23 63 1
41 2 32 17 38 3 1
18 53 52 28 72 79 1
30 0 45 4 31 86 1
48 14 18 46 82 8 1
28 72 79 71 9 35 1
53 2 6 74 26 48 1
1 46 15 66 60 84 1
58 2 51 80 12 39 1
29 60 37 37 42 9 1
51 18 48 56 52 73 1
71 9 35 49 50 61 1
37 42 9 55 32 52 1
78 73 47 33 6 61 1
87 15 37 35 78 26 1
6 14 45 73 41 56 1
63 26 16 11 59 54 1
39 14 1 54 36 2 1
78 73 47 72 66 58 1
75 11 22 15 10 19 1
22 72 6 74 26 48 1
58 2 51 18 53 52 1
63 26 16 20 14 26 1
54 36 2 38 21 20 1
16 74 57 76 58 81 1
7 78 43 23 6 38 1
5 61 58 65 35 24 1
23 6 38 14 26 32 1
29 60 37 12 50 34 1
59 4 50 12 50 34 1
30 0 45 70 76 72 1
27 18 33 33 6 61 1
87 15 37 86 72 58 1
60 19 47 57 19 29 2
58 2 51 13 17 6 2
17 38 3 22 72 6 2
33 6 61 35 78 26 2
75 11 22 80 12 39 2
33 6 61 41 2 32 2
10 50 56 48 14 18 2
20 14 26 10 50 56 2
76 58 81 24 37 36 2
16 74 57 31 23 14 2
69 46 9 44 10 23 2
67 63 71 80 12 39 2
68 53 69 21 67 77 2
24 37 36 8 78 53 2
83 87 40 16 74 57 2
40 30 77 62 10 13 2
45 80 67 23 6 38 2
84 30 71 35 78 26 2
32 42 87 59 4 50 2
66 60 84 26 63 54 2
32 42 87 20 14 26 2
57 19 29 86 72 58 2
85 30 38 33 6 61 2
42 11 40 82 27 8 2
81 53 58 84 30 71 2
51 18 48 68 53 69 2
47 85 59 64 67 18 2
13 17 6 73 41 56 3
9 51 82 33 6 61 3
56 52 73 54 36 2 3
63 26 16 19 9 23 3
69 46 9 27 18 33 3
2 0 69 84 30 71 3
40 30 77 60 19 47 3
79 0 67 47 85 59 3
43 68 85 85 30 38 3
50 19 11 82 27 8 3
74 26 48 25 38 74 4
20 14 26 61 0 83 4
52 10 13 59 4 50 5
