12 42 8 37 11 36 1
10 39 32 2 9 15 1
31 12 36 11 25 27 1
20 41 42 34 18 11 1
5 1 26 36 17 35 1
24 13 33 26 39 41 1
39 19 28 24 13 33 1
42 35 23 41 10 30 1
4 29 25 41 10 30 1
44 3 31 4 29 25 1
14 43 41 25 32 2 1
31 12 36 27 43 22 1
37 11 36 9 17 14 1
30 8 5 15 26 15 1
8 6 4 6 34 28 1
35 35 35 8 6 4 1
33 4 3 12 42 8 1
7 38 27 13 10 17 1
32 39 6 37 11 36 1
34 18 11 3 37 19 1
37 11 36 10 39 32 1
5 1 26 19 5 16 1
2 9 15 14 43 41 1
40 34 7 14 43 41 1
32 39 6 21 38 37 1
0 10 38 6 34 28 1
0 10 38 26 39 41 1
29 38 7 26 39 41 1
33 4 3 27 43 22 2
20 41 42 24 13 33 2
11 25 27 3 37 19 2
32 39 6 44 3 31 2
28 41 8 25 32 2 2
26 39 41 36 17 35 2
30 8 5 4 29 25 2
13 10 17 26 39 41 2
10 39 32 38 21 23 2
20 41 42 23 14 20 3
17 34 6 33 4 3 3
33 4 3 22 14 10 3
1 12 10 44 3 31 4
16 37 13 10 39 32 4
39 19 28 43 35 28 6
18 38 7 4 29 25 6
