4 34 14 37 20 15 1
39 4 37 37 20 15 1
36 48 18 0 4 21 1
1 45 29 15 41 51 1
9 54 40 30 52 53 1
53 3 2 54 18 22 1
16 31 13 53 3 2 1
45 39 40 10 45 28 1
43 32 18 41 18 54 1
38 48 26 12 38 34 1
11 5 40 43 32 18 1
49 4 19 42 52 15 1
10 45 28 16 31 13 1
37 20 15 41 18 54 1
4 34 14 50 50 51 1
10 45 28 46 21 24 1
39 4 37 51 37 15 1
22 31 21 13 42 15 1
7 21 49 24 30 9 1
25 11 13 9 54 40 1
51 37 15 14 34 10 1
36 48 18 11 5 40 1
26 23 41 42 52 15 1
29 32 8 49 4 19 1
24 30 9 17 6 45 1
33 18 19 12 38 34 2
53 3 2 28 10 46 2
4 34 14 7 21 49 2
39 4 37 15 41 51 2
37 20 15 9 54 40 2
51 37 15 27 19 41 2
42 52 15 21 43 52 2
49 4 19 2 16 0 2
23 44 10 12 38 34 2
38 48 26 28 10 46 2
46 21 24 36 48 18 2
34 33 5 12 38 34 2
22 31 21 38 48 26 2
47 25 24 28 10 46 2
27 19 41 31 20 42 2
40 32 48 32 48 25 2
6 24 36 32 48 25 3
40 32 48 3 46 3 3
2 16 0 36 48 18 3
44 46 19 35 35 3 3
19 4 26 9 54 40 3
52 20 9 34 33 5 3
32 48 25 16 31 13 3
8 3 33 36 48 18 3
31 20 42 18 34 34 3
44 46 19 37 20 15 4
48 2 38 21 43 52 4
49 4 19 20 48 6 5
5 50 25 19 4 26 5
