148 151 52 48 39 128 1
39 45 10 53 163 47 1
161 72 72 79 32 14 1
156 164 27 66 42 58 1
30 125 137 36 9 127 1
44 5 59 92 129 30 1
151 28 85 122 125 92 1
112 63 81 78 142 142 1
152 34 59 25 114 128 1
158 28 138 112 63 81 1
162 68 130 154 129 56 1
4 22 93 28 73 134 1
159 115 60 24 162 115 1
42 155 77 118 131 38 1
86 138 91 44 5 59 1
96 108 154 51 101 17 1
85 33 73 17 108 125 1
58 43 50 29 4 111 1
166 165 25 119 22 55 1
117 33 142 35 122 32 1
24 162 115 10 121 123 1
103 51 146 139 25 26 1
89 28 64 145 150 151 1
82 89 136 109 104 130 1
24 162 115 157 114 63 1
33 92 90 37 117 46 1
109 104 130 153 153 16 1
116 44 122 128 113 21 1
164 163 98 167 73 34 1
106 163 3 151 28 85 1
92 129 30 111 118 43 1
66 42 58 95 1 58 1
125 81 30 111 118 43 1
165 167 35 75 43 11 1
166 165 25 7 129 110 1
67 25 97 123 139 49 1
110 36 24 22 123 126 1
39 45 10 9 135 22 1
92 129 30 20 53 84 1
16 103 133 26 106 168 1
138 42 121 163 84 42 1
142 101 27 140 25 49 1
71 143 159 3 27 88 1
45 149 34 123 139 49 1
99 11 142 154 129 56 1
78 142 142 113 128 152 1
83 112 79 142 101 27 1
50 69 67 16 103 133 1
125 81 30 151 28 85 1
36 9 127 157 114 63 1
104 168 159 161 72 72 1
92 129 30 142 101 27 1
112 63 81 9 135 22 1
134 96 91 18 20 26 1
111 118 43 148 151 52 1
136 141 109 86 138 91 1
144 35 91 100 32 35 1
91 62 153 81 4 38 1
123 139 49 49 124 87 1
164 163 98 109 104 130 1
63 112 21 107 23 121 1
116 44 122 127 64 96 1
120 94 110 93 72 28 1
152 34 59 116 44 122 1
19 169 56 107 23 121 1
72 134 114 103 51 146 1
166 165 25 80 84 93 1
14 11 117 72 134 114 1
99 11 142 146 155 47 1
75 43 11 40 34 85 1
134 96 91 93 72 28 1
116 44 122 46 114 36 1
147 73 132 149 10 127 1
103 51 146 151 28 85 1
162 68 130 58 43 50 1
60 77 53 72 134 114 1
54 86 96 71 143 159 1
155 37 165 36 9 127 1
49 124 87 2 167 159 1
116 44 122 1 152 66 1
26 106 168 132 74 104 1
44 5 59 147 73 132 1
28 73 134 103 51 146 1
113 128 152 100 32 35 1
158 28 138 67 25 97 1
99 11 142 141 119 65 1
85 33 73 23 88 86 1
157 114 63 156 164 27 1
25 114 128 153 153 16 1
117 33 142 96 108 154 1
22 123 126 86 138 91 2
23 88 86 34 147 34 2
87 60 59 125 81 30 2
145 150 151 151 28 85 2
21 111 104 160 64 15 2
76 9 130 19 169 56 2
120 94 110 85 33 73 2
96 108 154 73 101 72 2
69 111 7 44 5 59 2
8 32 161 71 143 159 2
119 22 55 47 153 30 2
96 108 154 47 153 30 2
103 51 146 158 28 138 2
139 25 26 137 149 62 2
4 22 93 84 96 6 2
93 72 28 47 153 30 2
89 28 64 76 9 130 2
67 25 97 3 27 88 2
143 157 156 47 153 30 2
13 46 149 67 25 97 2
99 11 142 42 155 77 2
5 54 68 113 128 152 2
94 1 60 8 32 161 2
85 33 73 141 119 65 2
0 61 110 45 149 34 2
110 36 24 97 148 150 2
146 155 47 153 153 16 2
77 36 40 52 128 52 2
17 108 125 140 25 49 2
108 53 30 100 32 35 2
83 112 79 37 117 46 2
134 96 91 101 90 36 2
134 96 91 79 32 14 2
72 134 114 168 69 146 2
157 114 63 16 103 133 2
156 164 27 136 141 109 2
102 12 96 32 109 9 2
117 33 142 133 69 54 2
75 43 11 139 25 26 2
65 138 90 57 112 149 2
167 73 34 150 160 39 2
43 12 70 35 122 32 2
6 89 79 16 103 133 2
154 129 56 32 109 9 2
113 128 152 15 83 4 2
81 4 38 65 138 90 2
62 26 118 60 77 53 2
74 152 145 46 114 36 2
121 33 113 67 25 97 2
169 160 132 155 37 165 2
105 71 158 39 45 10 2
124 34 47 40 34 85 2
50 69 67 64 79 153 3
129 80 86 75 43 11 3
140 25 49 38 114 141 3
105 71 158 65 138 90 3
158 28 138 70 159 48 3
33 92 90 138 42 121 3
129 80 86 55 35 17 3
138 42 121 135 44 21 3
11 130 73 12 87 66 3
49 124 87 90 22 160 3
15 83 4 68 2 43 3
13 46 149 52 128 52 3
49 124 87 114 67 112 3
158 28 138 21 111 104 3
166 165 25 88 92 153 3
56 5 90 92 129 30 3
54 86 96 115 159 119 4
103 51 146 31 55 77 4
106 163 3 11 130 73 4
146 155 47 61 117 165 4
130 118 0 154 129 56 4
23 88 86 59 144 17 4
97 148 150 98 46 167 4
69 111 7 131 86 57 4
126 68 139 51 101 17 4
27 98 38 92 129 30 5
55 35 17 41 90 154 5
