78 54 44 3 45 61 1
54 72 24 25 0 7 1
24 53 42 54 72 24 1
83 17 49 81 13 37 1
7 81 45 41 54 48 1
66 28 54 55 85 48 1
29 43 6 86 78 63 1
6 58 41 14 49 64 1
26 70 52 38 2 31 1
79 80 49 60 69 29 1
82 36 79 26 70 52 1
58 9 60 53 48 36 1
66 28 54 26 70 52 1
13 9 7 5 5 86 1
56 24 14 54 72 24 1
76 78 32 6 58 41 1
77 80 55 33 0 47 1
45 15 63 58 9 60 1
7 81 45 52 70 3 1
54 72 24 51 1 51 1
69 64 71 26 70 52 1
76 78 32 56 24 14 1
81 13 37 31 63 51 1
70 47 40 84 75 36 1
5 5 86 24 53 42 1
63 58 29 8 79 54 1
16 85 5 10 57 54 1
33 0 47 79 80 49 1
74 11 16 25 0 7 1
57 84 20 4 65 62 1
69 64 71 78 54 44 1
13 9 7 45 15 63 1
51 1 51 77 80 55 1
84 75 36 22 83 73 1
30 65 38 0 10 0 1
33 0 47 52 70 3 1
47 56 19 67 61 25 1
67 61 25 4 65 62 1
30 65 38 23 20 81 2
12 69 61 82 36 79 2
51 1 51 12 69 61 2
73 8 78 32 45 16 2
84 75 36 78 54 44 2
80 6 75 52 70 3 2
57 84 20 78 54 44 2
33 0 47 68 24 57 2
7 81 45 86 78 63 2
57 84 20 32 45 16 2
84 75 36 81 13 37 2
6 58 41 62 76 75 2
65 81 86 35 63 39 2
26 70 52 16 85 5 2
67 61 25 28 59 73 2
69 64 71 75 15 67 2
45 15 63 17 50 2 2
61 36 60 82 36 79 2
57 84 20 0 10 0 2
2 62 30 16 85 5 2
55 85 48 85 2 28 2
46 12 35 19 25 64 2
35 63 39 42 53 72 2
40 86 55 37 38 56 2
50 54 8 73 8 78 2
36 1 81 60 69 29 2
15 20 59 83 17 49 2
1 11 48 78 54 44 2
39 1 14 10 57 54 3
19 25 64 70 47 40 3
37 38 56 65 81 86 3
23 20 81 72 86 50 3
27 58 30 29 43 6 3
46 12 35 21 10 4 3
21 10 4 42 53 72 3
63 58 29 71 55 19 3
34 26 13 23 20 81 3
20 11 75 35 63 39 3
39 1 14 59 29 73 4
48 68 58 25 0 7 4
20 11 75 11 64 26 4
7 81 45 9 33 67 4
14 49 64 63 58 29 4
18 54 85 64 51 62 4
18 54 85 58 9 60 4
30 65 38 43 32 10 4
9 33 67 49 8 80 5
35 63 39 44 64 73 6
