142 137 67 52 44 129 1
46 50 56 189 41 124 1
77 114 17 156 178 120 1
132 69 170 9 3 61 1
12 105 182 143 101 130 1
179 176 104 9 3 61 1
117 112 155 122 139 84 1
157 21 71 69 160 87 1
138 12 60 70 98 79 1
20 10 89 48 43 121 1
115 113 82 18 18 10 1
150 51 21 85 72 97 1
110 135 163 177 95 87 1
72 53 95 135 50 30 1
178 46 62 73 182 34 1
51 81 137 104 160 77 1
193 183 124 152 106 52 1
77 114 17 177 95 87 1
64 11 134 144 195 110 1
160 163 21 23 185 33 1
194 124 91 172 16 90 1
194 124 91 8 0 51 1
84 121 39 94 64 65 1
55 38 72 41 158 40 1
5 17 195 87 39 146 1
90 156 101 12 105 182 1
20 10 89 145 146 35 1
195 4 60 194 124 91 1
129 14 188 23 185 33 1
91 168 51 34 106 179 1
157 21 71 104 160 77 1
145 146 35 33 94 174 1
165 170 113 43 26 100 1
2 128 135 54 77 59 1
69 160 87 167 11 145 1
106 56 21 190 135 70 1
11 125 161 29 162 49 1
154 160 76 150 51 21 1
67 183 137 109 86 170 1
66 170 163 119 4 141 1
14 73 114 141 155 134 1
97 71 40 166 155 47 1
121 57 128 68 145 95 1
27 57 14 10 68 184 1
178 46 62 128 15 2 1
185 144 113 110 135 163 1
7 99 120 190 135 70 1
172 16 90 176 149 30 1
5 17 195 91 168 51 1
178 46 62 3 21 143 1
194 124 91 181 170 137 1
50 106 110 169 20 113 1
11 125 161 3 21 143 1
125 142 31 108 118 136 1
104 160 77 179 176 104 1
134 82 113 161 76 189 1
0 163 173 39 31 13 1
159 40 146 57 52 143 1
15 114 84 25 50 145 1
92 47 51 129 14 188 1
1 134 33 181 170 137 1
70 98 79 71 2 70 1
100 13 119 78 75 160 1
11 125 161 152 106 52 1
1 134 33 73 182 34 1
194 124 91 5 17 195 1
45 129 75 96 82 8 1
78 75 160 131 105 194 1
34 106 179 24 69 53 1
104 160 77 174 168 98 1
96 82 8 64 11 134 1
39 31 13 153 74 135 1
180 176 190 170 164 35 1
50 106 110 36 106 169 1
148 46 4 100 13 119 1
79 78 28 146 126 109 1
64 11 134 49 129 97 1
159 40 146 175 85 27 1
133 75 14 12 105 182 1
80 102 92 181 170 137 1
137 80 99 62 49 4 1
110 135 163 33 94 174 1
150 51 21 126 176 139 1
185 144 113 59 52 36 1
151 21 26 137 80 99 1
22 132 24 34 106 179 1
37 190 6 155 68 171 1
187 22 75 174 168 98 1
133 75 14 186 87 9 1
176 149 30 90 156 101 1
21 189 96 31 122 2 1
186 87 9 121 57 128 1
132 69 170 162 27 103 1
80 102 92 63 33 72 1
113 32 151 194 124 91 1
165 170 113 88 35 82 1
182 173 52 122 139 84 1
157 21 71 49 129 97 2
126 176 139 170 164 35 2
183 37 46 52 44 129 2
120 149 102 134 82 113 2
125 142 31 102 47 139 2
64 11 134 175 85 27 2
169 20 113 41 158 40 2
66 170 163 129 14 188 2
165 170 113 25 50 145 2
31 122 2 14 73 114 2
141 155 134 37 190 6 2
124 120 68 154 160 76 2
78 75 160 117 112 155 2
29 162 49 28 110 74 2
29 162 49 88 35 82 2
151 21 26 33 94 174 2
76 192 52 94 64 65 2
44 169 27 122 139 84 2
62 49 4 18 18 10 2
38 8 101 114 11 103 2
77 114 17 78 75 160 2
39 31 13 80 102 92 2
22 132 24 141 155 134 2
97 71 40 163 140 135 2
156 178 120 70 98 79 2
33 94 174 125 142 31 2
103 127 162 46 50 56 2
92 47 51 3 21 143 2
57 52 143 35 26 102 2
55 38 72 62 49 4 2
104 160 77 115 113 82 2
103 127 162 147 99 90 2
12 105 182 140 154 4 2
168 3 109 44 169 27 2
65 8 65 16 21 7 2
194 124 91 69 160 87 2
154 160 76 61 130 38 2
146 126 109 74 118 85 2
183 37 46 91 168 51 2
4 148 149 47 106 150 2
105 176 107 6 79 80 2
55 38 72 188 136 53 2
146 126 109 78 75 160 2
171 54 191 71 2 70 2
11 125 161 54 77 59 2
194 124 91 180 176 190 2
82 115 113 183 37 46 2
186 87 9 139 87 70 2
169 20 113 56 10 175 2
93 59 63 134 82 113 2
97 71 40 110 135 163 2
93 59 63 26 9 59 2
179 176 104 112 174 4 2
133 75 14 75 43 127 2
148 46 4 83 171 21 2
188 136 53 161 76 189 2
12 105 182 184 151 93 2
13 27 173 164 94 165 2
76 192 52 181 170 137 2
43 26 100 7 99 120 2
53 23 109 158 115 78 2
90 156 101 30 82 75 2
47 106 150 63 33 72 2
173 76 64 14 73 114 2
10 68 184 134 82 113 2
19 141 164 0 163 173 2
114 11 103 35 26 102 2
86 117 43 95 73 161 2
130 151 55 135 50 30 2
3 21 143 118 187 80 2
58 86 21 0 163 173 2
31 122 2 81 62 66 2
147 99 90 3 21 143 2
73 182 34 158 115 78 2
169 20 113 60 154 160 2
123 45 105 34 106 179 2
40 123 132 125 142 31 2
109 86 170 18 18 10 3
116 104 34 66 170 163 3
191 16 146 137 80 99 3
160 163 21 32 79 11 3
89 70 9 90 156 101 3
6 79 80 131 105 194 3
84 121 39 192 95 41 3
182 173 52 135 50 30 3
195 4 60 16 21 7 3
13 27 173 170 164 35 3
14 73 114 98 180 186 3
101 85 129 140 154 4 3
127 182 66 5 17 195 3
38 8 101 111 6 38 3
45 129 75 95 73 161 3
136 11 179 151 21 26 4
39 31 13 17 107 115 4
42 87 105 153 74 135 4
99 43 124 46 50 56 5
11 125 161 107 128 145 6
149 83 62 47 106 150 6
