100 8 77 120 56 16 1
78 65 101 8 35 156 1
108 91 115 139 7 24 1
29 36 119 142 111 117 1
121 137 132 123 110 29 1
110 108 111 36 45 10 1
155 107 6 20 52 35 1
34 139 23 145 137 157 1
148 127 55 42 126 68 1
26 41 74 148 127 55 1
84 66 116 27 137 67 1
42 126 68 51 11 116 1
50 144 32 93 33 70 1
129 62 81 131 60 22 1
104 88 88 84 66 116 1
0 98 5 107 21 78 1
8 35 156 146 103 131 1
113 65 116 52 28 17 1
136 135 148 115 125 55 1
53 15 7 144 142 82 1
68 25 44 74 78 75 1
98 36 24 141 79 37 1
20 52 35 151 11 123 1
87 128 150 12 108 141 1
102 102 157 23 99 34 1
14 89 64 40 48 114 1
57 32 150 86 153 116 1
139 7 24 75 60 9 1
151 11 123 9 3 42 1
63 95 131 54 31 112 1
104 88 88 16 99 69 1
71 74 106 5 80 132 1
56 50 67 59 73 60 1
93 33 70 43 16 72 1
140 115 145 0 98 5 1
97 3 137 14 89 64 1
128 109 87 107 21 78 1
70 124 29 5 80 132 1
128 109 87 76 29 79 1
78 65 101 32 29 30 1
17 16 144 128 109 87 1
123 110 29 98 36 24 1
86 153 116 112 109 30 1
49 153 69 155 107 6 1
105 14 25 19 110 72 1
23 99 34 104 88 88 1
30 16 71 28 10 75 1
143 115 88 140 115 145 1
85 18 94 2 62 145 1
96 66 18 148 127 55 1
152 33 60 115 125 55 1
75 60 9 41 80 109 1
3 141 39 146 103 131 1
54 31 112 156 153 27 1
91 83 118 15 11 12 1
95 132 36 85 18 94 1
121 137 132 152 33 60 1
101 3 72 4 20 33 1
78 65 101 66 86 24 1
74 78 75 122 45 46 1
152 33 60 94 8 61 1
106 49 3 85 18 94 1
151 11 123 95 132 36 1
16 99 69 137 40 46 1
8 35 156 9 3 42 1
32 29 30 105 14 25 1
44 128 22 78 65 101 1
89 123 88 147 133 46 1
116 85 104 1 103 65 1
74 78 75 5 80 132 1
120 56 16 156 153 27 1
82 42 130 148 127 55 1
89 123 88 72 93 25 1
136 135 148 12 108 141 1
132 100 127 50 144 32 1
151 11 123 82 42 130 1
133 20 134 139 7 24 1
2 62 145 48 121 85 1
25 81 136 60 11 155 1
52 28 17 11 60 131 1
55 132 111 124 103 4 1
105 14 25 30 16 71 1
115 125 55 64 31 12 1
11 60 131 122 45 46 1
96 66 18 11 60 131 2
148 127 55 143 115 88 2
154 22 50 87 128 150 2
77 83 104 122 45 46 2
116 85 104 137 40 46 2
131 60 22 85 18 94 2
39 81 146 151 11 123 2
134 102 73 81 98 5 2
55 132 111 130 85 81 2
10 116 2 109 93 52 2
52 28 17 126 119 136 2
80 68 2 72 93 25 2
60 11 155 140 115 145 2
79 66 97 75 60 9 2
54 31 112 0 98 5 2
26 41 74 12 108 141 2
119 84 3 33 59 33 2
84 66 116 106 49 3 2
36 45 10 49 153 69 2
78 65 101 22 28 13 2
125 82 99 23 99 34 2
150 18 34 40 48 114 2
88 133 97 9 3 42 2
38 50 142 148 127 55 2
138 51 27 54 31 112 2
4 20 33 133 20 134 2
63 95 131 124 103 4 2
108 91 115 59 73 60 2
151 11 123 21 78 118 2
91 83 118 118 153 17 2
57 32 150 47 77 154 2
45 4 31 28 10 75 2
153 75 90 148 127 55 2
20 52 35 89 123 88 2
24 19 55 39 81 146 2
117 149 129 60 11 155 2
63 95 131 50 144 32 2
70 124 29 56 50 67 2
53 15 7 25 81 136 2
7 4 140 12 108 141 2
103 65 123 45 4 31 2
134 102 73 53 15 7 2
80 68 2 61 114 106 2
157 79 93 145 137 157 2
43 16 72 15 11 12 2
67 141 128 110 108 111 2
116 85 104 150 18 34 2
109 93 52 36 45 10 2
103 65 123 99 37 64 2
114 103 129 17 16 144 2
126 119 136 18 110 42 3
79 66 97 57 32 150 3
46 60 46 34 139 23 3
90 87 13 134 102 73 3
62 38 108 43 16 72 3
80 68 2 29 36 119 3
95 132 36 69 46 110 3
88 133 97 13 76 27 3
38 50 142 46 60 46 3
90 87 13 58 107 0 3
33 59 33 99 37 64 3
31 5 48 85 18 94 3
73 157 66 40 48 114 3
6 144 66 9 3 42 3
3 141 39 35 35 78 3
37 9 148 96 66 18 3
82 42 130 135 122 36 3
82 42 130 111 56 21 3
83 33 144 71 74 106 3
122 45 46 65 136 66 4
36 45 10 92 108 112 4
17 16 144 127 72 46 4
66 86 24 149 67 54 5
