47 164 61 105 89 144 1
169 56 151 40 32 131 1
47 164 61 59 148 103 1
42 87 149 114 160 55 1
100 161 165 168 21 45 1
77 47 138 117 46 150 1
138 65 23 124 26 65 1
102 26 22 132 168 142 1
50 159 107 27 19 23 1
135 156 30 37 66 81 1
55 152 104 79 16 87 1
81 144 175 97 183 80 1
113 78 158 19 100 114 1
121 78 9 87 156 133 1
107 33 115 3 151 131 1
15 78 176 142 80 144 1
120 44 103 23 120 127 1
26 135 29 108 120 156 1
74 35 58 110 17 128 1
7 68 39 175 6 102 1
126 73 172 182 103 121 1
182 103 121 68 169 34 1
29 122 100 81 144 175 1
55 152 104 95 78 20 1
60 81 127 34 134 58 1
170 129 54 65 173 92 1
30 72 142 154 10 109 1
144 13 4 87 156 133 1
119 163 66 160 4 100 1
68 169 34 106 152 42 1
151 118 83 101 94 46 1
126 73 172 19 100 114 1
104 160 125 145 143 38 1
160 4 100 150 59 117 1
114 160 55 163 116 62 1
49 89 132 99 130 117 1
59 148 103 31 178 7 1
72 77 29 90 34 95 1
113 78 158 42 87 149 1
146 52 111 173 29 137 1
112 70 67 135 156 30 1
57 55 84 74 35 58 1
21 176 68 166 144 80 1
78 55 165 177 149 153 1
108 120 156 158 58 165 1
0 136 109 20 119 27 1
147 153 77 176 71 59 1
131 40 123 127 34 11 1
0 136 109 149 167 164 1
53 46 81 74 35 58 1
21 176 68 125 175 168 1
39 43 15 2 40 62 1
82 136 58 153 180 116 1
11 135 173 77 47 138 1
89 3 95 39 43 15 1
72 77 29 49 89 132 1
114 160 55 120 44 103 1
35 80 27 122 128 67 1
171 93 54 158 58 165 1
143 70 184 150 59 117 1
46 63 27 159 99 57 1
101 94 46 51 171 145 1
36 173 166 88 157 172 1
29 122 100 23 120 127 1
131 40 123 181 151 47 1
66 40 64 154 10 109 1
176 71 59 102 26 22 1
38 157 108 115 151 11 1
42 87 149 7 68 39 1
112 70 67 154 10 109 1
126 73 172 118 156 165 1
131 40 123 91 183 102 1
134 108 70 166 144 80 1
41 175 35 14 109 176 1
173 29 137 156 148 5 1
81 144 175 142 80 144 1
151 118 83 138 65 23 1
91 183 102 83 115 1 1
154 10 109 133 4 129 1
26 135 29 30 72 142 1
40 32 131 89 3 95 1
52 48 44 37 66 81 1
49 89 132 54 100 30 1
71 153 174 18 176 14 1
110 17 128 148 54 169 1
119 163 66 110 17 128 1
92 25 13 184 100 127 1
166 144 80 133 4 129 1
110 17 128 108 120 156 1
167 96 97 81 144 175 1
51 171 145 21 176 68 1
119 163 66 10 14 144 1
115 151 11 129 30 98 1
1 143 184 131 40 123 1
161 7 50 120 44 103 1
38 157 108 74 35 58 1
119 163 66 3 151 131 1
78 55 165 161 7 50 1
17 29 169 155 155 134 1
59 148 103 21 176 68 1
174 154 174 69 16 1 1
50 159 107 148 54 169 1
26 135 29 155 155 134 2
79 16 87 84 61 25 2
42 87 149 98 44 147 2
85 65 57 82 136 58 2
52 48 44 34 134 58 2
59 148 103 71 153 174 2
58 122 110 174 154 174 2
99 130 117 66 40 64 2
55 152 104 149 167 164 2
22 21 69 9 148 169 2
62 67 28 150 59 117 2
5 148 140 12 138 80 2
118 156 165 155 155 134 2
69 16 1 181 151 47 2
39 43 15 161 7 50 2
130 31 26 59 148 103 2
29 122 100 149 167 164 2
79 16 87 75 84 158 2
148 54 169 45 89 38 2
172 78 67 95 78 20 2
17 29 169 80 15 153 2
178 129 62 66 40 64 2
16 110 17 140 184 83 2
16 110 17 86 56 119 2
63 175 70 74 35 58 2
57 55 84 69 16 1 2
19 100 114 64 109 17 2
92 25 13 152 9 172 2
49 89 132 36 173 166 2
102 26 22 130 31 26 2
168 21 45 11 135 173 2
156 148 5 183 132 64 2
82 136 58 112 70 67 2
126 73 172 43 70 103 2
14 109 176 113 78 158 2
48 16 93 58 122 110 2
60 81 127 12 138 80 2
152 9 172 47 164 61 2
86 56 119 167 96 97 2
165 176 13 15 78 176 2
100 161 165 81 144 175 2
132 168 142 137 109 123 2
6 88 169 31 178 7 2
9 148 169 110 17 128 2
12 138 80 123 137 135 2
25 2 166 58 122 110 2
23 120 127 173 29 137 2
56 6 139 111 152 80 2
56 6 139 149 167 164 2
61 81 94 9 148 169 3
40 32 131 35 80 27 3
157 61 130 46 63 27 3
115 151 11 44 144 105 3
184 100 127 24 63 157 3
144 13 4 141 38 59 3
97 183 80 144 13 4 3
180 111 22 134 108 70 3
159 99 57 81 144 175 3
116 146 175 36 173 166 3
145 143 38 86 56 119 3
150 59 117 128 127 21 3
93 112 144 8 89 14 3
67 101 144 104 160 125 3
67 101 144 170 129 54 3
70 88 15 143 70 184 3
132 168 142 162 61 29 3
139 25 4 25 2 166 3
93 112 144 4 180 67 3
179 10 26 146 52 111 3
73 90 147 117 46 150 3
168 21 45 4 180 67 3
94 137 79 158 58 165 3
3 151 131 32 83 30 3
28 36 6 157 61 130 3
116 146 175 109 12 59 3
85 65 57 164 151 184 3
13 173 149 108 120 156 3
134 108 70 103 13 8 4
71 153 174 76 59 135 4
163 116 62 33 58 179 4
96 141 87 56 6 139 5
136 148 66 119 163 66 7
