101 7 129 109 26 47 1
130 83 33 87 52 72 1
124 101 22 78 113 75 1
23 91 137 46 105 143 1
107 48 24 55 74 91 1
41 103 23 92 2 129 1
83 35 73 76 99 65 1
108 105 147 132 75 12 1
99 17 65 51 67 42 1
128 97 50 42 98 134 1
3 136 62 76 99 65 1
34 50 41 146 95 130 1
127 70 129 68 137 56 1
12 78 106 80 126 41 1
128 97 50 79 56 95 1
141 75 17 43 101 150 1
95 124 91 133 88 58 1
79 56 95 64 145 119 1
14 40 149 89 52 26 1
87 52 72 140 59 98 1
59 7 47 46 105 143 1
24 51 42 32 109 25 1
145 8 78 80 126 41 1
67 87 101 147 9 105 1
102 71 43 81 12 76 1
68 137 56 31 141 142 1
47 74 53 111 44 14 1
44 94 121 61 14 24 1
89 52 26 60 118 143 1
74 123 38 115 5 44 1
143 102 39 146 95 130 1
11 119 93 63 120 73 1
95 124 91 106 6 42 1
123 131 37 122 42 51 1
107 48 24 106 6 42 1
26 13 42 27 65 92 1
36 136 18 131 9 143 1
126 114 140 24 51 42 1
24 51 42 103 26 111 1
8 27 92 33 46 53 1
137 128 59 22 5 124 1
42 98 134 135 119 10 1
62 33 22 120 127 94 1
100 99 29 107 48 24 1
109 26 47 133 88 58 1
109 26 47 63 120 73 1
63 120 73 84 6 41 1
109 26 47 9 68 63 1
120 127 94 58 67 91 1
86 120 23 60 118 143 1
45 46 132 76 99 65 1
113 102 137 132 75 12 1
33 46 53 111 44 14 1
43 101 150 5 101 127 1
17 64 64 40 81 131 1
62 33 22 136 78 74 1
20 19 65 13 123 94 1
25 77 56 62 33 22 1
114 74 93 17 64 64 1
43 101 150 1 123 135 1
21 72 139 14 40 149 1
120 127 94 100 99 29 1
35 69 127 82 52 46 1
41 103 23 25 77 56 1
126 114 140 137 128 59 1
149 119 44 109 26 47 1
131 9 143 123 131 37 1
117 89 90 96 68 124 2
18 98 145 113 102 137 2
73 132 99 112 1 108 2
97 111 5 27 65 92 2
19 137 130 48 35 107 2
61 14 24 34 50 41 2
145 8 78 44 94 121 2
142 139 110 11 119 93 2
103 26 111 4 114 114 2
37 19 9 0 56 2 2
147 9 105 19 137 130 2
10 56 63 145 8 78 2
105 90 149 63 120 73 2
43 101 150 18 98 145 2
88 15 103 147 9 105 2
125 50 129 53 37 75 2
89 52 26 141 75 17 2
128 97 50 34 50 41 2
144 14 5 96 68 124 2
99 17 65 138 15 2 2
124 101 22 76 99 65 2
27 65 92 3 136 62 2
3 136 62 133 88 58 2
1 123 135 110 104 114 2
134 101 79 51 67 42 2
101 7 129 134 101 79 2
11 119 93 144 14 5 2
44 94 121 101 7 129 2
82 52 46 137 128 59 2
98 75 125 15 46 134 2
95 124 91 102 71 43 2
112 1 108 14 40 149 2
137 128 59 98 75 125 2
77 35 100 54 133 145 2
95 124 91 37 19 9 2
47 74 53 60 118 143 2
94 33 26 60 118 143 2
76 99 65 118 149 94 2
91 14 99 128 97 50 2
3 136 62 123 131 37 2
22 5 124 19 137 130 2
29 48 10 2 67 75 2
147 9 105 114 74 93 2
29 48 10 146 95 130 2
74 123 38 39 116 136 2
144 14 5 137 128 59 2
130 83 33 56 87 78 2
40 81 131 50 143 68 2
68 137 56 146 95 130 2
99 17 65 16 55 17 2
103 26 111 8 27 92 2
86 120 23 54 133 145 2
125 50 129 90 12 99 2
119 51 112 9 68 63 2
53 37 75 8 27 92 2
29 48 10 87 52 72 2
142 139 110 7 80 91 2
119 51 112 139 138 52 2
145 8 78 75 2 25 2
59 7 47 114 74 93 2
6 57 66 111 44 14 2
49 97 150 17 64 64 2
76 99 65 65 53 143 3
129 86 14 16 55 17 3
76 99 65 115 5 44 3
93 69 104 37 19 9 3
22 5 124 150 11 18 3
30 43 69 80 126 41 3
26 13 42 71 22 86 3
121 34 11 73 132 99 3
107 48 24 66 55 2 3
105 90 149 57 129 8 3
21 72 139 52 99 126 3
69 124 53 6 57 66 3
126 114 140 85 83 81 3
143 102 39 148 124 50 3
37 19 9 13 123 94 3
104 51 81 16 55 17 3
72 49 132 107 48 24 4
28 135 27 124 101 22 4
85 83 81 38 128 53 4
28 135 27 70 69 45 4
116 16 45 90 12 99 5
