36 20 110 78 70 141 1
65 100 150 89 120 156 1
58 107 133 105 100 76 1
36 20 110 135 124 148 1
131 93 116 83 3 55 1
166 113 56 99 67 72 1
91 135 89 83 3 55 1
7 145 50 112 96 43 1
50 26 62 116 154 54 1
109 130 138 134 19 7 1
102 80 50 36 20 110 1
76 62 102 145 153 129 1
66 39 146 37 41 10 1
114 64 58 116 154 54 1
26 141 126 144 41 72 1
105 100 76 124 110 12 1
24 80 98 117 74 89 1
110 39 27 151 168 49 1
125 62 37 49 131 95 1
80 116 153 113 25 50 1
120 14 6 51 31 101 1
32 82 162 101 46 63 1
18 158 129 92 84 92 1
152 29 138 98 92 3 1
23 57 42 5 65 57 1
149 124 35 58 107 133 1
62 31 66 160 135 7 1
168 49 131 63 143 93 1
140 103 160 23 57 42 1
53 167 163 102 80 50 1
35 14 53 108 133 145 1
132 22 136 76 62 102 1
118 148 4 9 112 15 1
154 135 44 14 155 48 1
57 6 78 7 145 50 1
16 156 42 80 116 153 1
11 171 67 55 121 150 1
110 39 27 83 3 55 1
8 166 133 146 62 158 1
156 112 95 149 124 35 1
111 64 161 14 155 48 1
24 80 98 28 43 1 1
22 127 83 43 14 37 1
55 121 150 103 124 55 1
131 93 116 74 156 42 1
120 14 6 156 112 95 1
16 156 42 98 92 3 1
20 26 159 3 55 47 1
143 106 51 18 158 129 1
159 25 90 150 41 58 1
113 25 50 116 154 54 1
126 26 124 21 29 152 1
151 168 49 76 62 102 1
113 25 50 2 137 45 1
165 118 4 52 18 16 1
167 4 92 76 62 102 1
40 165 69 131 93 116 1
13 169 8 85 157 161 1
147 46 53 14 155 48 1
26 141 126 51 31 101 1
20 26 159 30 161 145 1
49 131 95 105 100 76 1
10 108 75 169 85 47 1
19 126 165 143 106 51 1
109 130 138 81 166 8 1
33 120 93 98 92 3 1
3 55 47 138 77 42 1
143 106 51 159 25 90 1
85 157 161 5 65 57 1
172 113 34 82 36 123 1
84 74 70 22 127 83 1
83 3 55 137 101 61 1
46 171 24 91 135 89 1
168 49 131 68 94 5 1
79 41 51 170 135 24 1
35 14 53 5 65 57 1
142 61 3 114 64 58 1
34 20 34 104 108 37 2
134 19 7 0 104 161 2
131 93 116 75 155 99 2
8 166 133 106 25 52 2
114 64 58 23 57 42 2
51 31 101 133 165 171 2
165 118 4 119 18 163 2
94 36 118 56 27 23 2
11 171 67 64 64 33 2
78 70 141 137 101 61 2
98 92 3 27 152 139 2
54 130 46 28 43 1 2
80 116 153 26 141 126 2
128 163 66 122 12 14 2
133 165 171 77 109 108 2
106 25 52 3 55 47 2
6 19 172 95 108 152 2
49 131 95 70 111 154 2
160 135 7 162 113 166 2
15 127 72 7 145 50 2
24 80 98 109 130 138 2
38 36 30 20 26 159 2
109 130 138 36 20 110 2
95 108 152 26 141 126 2
25 107 58 0 104 161 2
148 28 165 162 113 166 2
67 114 62 102 80 50 2
16 156 42 93 77 36 2
62 31 66 0 104 161 2
92 84 92 148 28 165 2
85 157 161 4 132 88 2
46 171 24 141 50 105 2
45 159 26 22 127 83 2
124 110 12 159 25 90 2
86 120 149 152 29 138 2
171 72 29 89 120 156 2
167 4 92 38 36 30 2
84 74 70 105 100 76 2
124 110 12 64 64 33 2
104 108 37 11 171 67 2
164 96 24 129 46 28 2
112 96 43 134 19 7 2
126 26 124 34 20 34 2
48 119 74 13 169 8 2
79 41 51 5 65 57 2
60 60 150 138 77 42 2
13 169 8 147 46 53 2
114 64 58 52 18 16 2
156 112 95 56 27 23 2
107 79 114 152 29 138 2
140 103 160 66 39 146 2
148 28 165 136 67 32 2
96 33 3 106 25 52 2
25 107 58 169 85 47 2
115 61 40 167 4 92 2
158 71 12 169 85 47 2
71 109 49 66 39 146 2
164 96 24 133 165 171 2
29 134 82 164 96 24 2
163 64 61 66 39 146 2
168 49 131 30 161 145 2
37 41 10 87 142 103 2
8 166 133 42 53 69 2
156 112 95 90 144 45 2
114 64 58 97 15 39 2
44 56 44 52 18 16 2
52 18 16 73 118 66 2
57 6 78 39 21 40 3
12 31 54 39 21 40 3
133 165 171 17 31 137 3
89 120 156 141 50 105 3
76 62 102 122 12 14 3
139 71 50 109 130 138 3
7 145 50 69 163 61 3
108 133 145 99 67 72 3
140 103 160 1 147 148 3
32 82 162 111 64 161 3
68 94 5 155 89 143 3
9 112 15 124 110 12 3
75 155 99 47 134 135 3
153 7 67 29 134 82 4
82 36 123 91 135 89 4
102 80 50 61 70 47 4
157 52 120 55 121 150 4
100 47 53 6 19 172 4
82 36 123 41 40 61 4
123 111 119 101 46 63 4
161 5 48 138 77 42 4
59 23 87 142 61 3 4
88 25 19 154 135 44 5
52 18 16 130 65 123 5
121 151 153 33 120 93 5
72 164 114 119 18 163 5
127 95 15 61 70 47 7
22 127 83 31 138 49 8
