38 11 7 1 19 50 1
40 0 60 54 52 39 1
31 25 12 41 2 56 1
11 1 1 24 53 18 1
35 44 7 69 60 43 1
53 16 58 49 63 71 1
55 37 6 50 24 1 1
73 29 0 40 0 60 1
52 68 36 62 59 63 1
52 68 36 28 46 67 1
59 28 65 67 2 31 1
2 59 68 13 47 74 1
70 26 34 45 7 8 1
33 12 1 68 30 47 1
35 44 7 1 19 50 1
31 25 12 60 1 44 1
49 63 71 69 60 43 1
34 45 53 22 48 55 1
67 2 31 19 4 73 1
56 3 51 32 56 24 1
71 54 47 33 12 1 1
71 54 47 57 3 73 1
73 29 0 64 27 31 1
71 54 47 29 62 34 1
43 21 16 55 37 6 1
31 25 12 46 70 60 1
44 31 63 16 11 55 1
4 47 25 21 35 50 1
46 70 60 63 55 12 1
53 16 58 48 34 0 1
12 27 16 11 1 1 1
64 27 31 67 2 31 1
69 60 43 19 4 73 1
32 56 24 58 20 16 1
45 7 8 3 45 11 2
46 70 60 50 24 1 2
54 52 39 29 62 34 2
5 14 37 28 46 67 2
52 68 36 32 56 24 2
24 53 18 20 74 8 2
16 11 55 1 19 50 2
22 48 55 64 27 31 2
9 60 36 12 27 16 2
58 20 16 19 4 73 2
73 29 0 25 33 30 2
15 1 16 5 14 37 2
16 11 55 55 37 6 2
24 53 18 45 7 8 2
44 31 63 66 74 45 2
42 29 52 52 68 36 2
4 47 25 58 20 16 2
29 62 34 70 26 34 2
57 3 73 13 47 74 2
26 6 27 56 3 51 2
13 47 74 23 52 23 2
40 0 60 51 60 33 2
17 59 65 0 72 37 2
30 15 34 5 14 37 2
37 46 23 49 63 71 2
61 10 15 57 3 73 2
0 72 37 36 11 48 2
65 72 18 70 26 34 2
8 57 8 62 59 63 2
36 11 48 20 74 8 2
10 26 50 37 46 23 2
18 16 52 67 2 31 2
14 21 51 22 48 55 3
32 56 24 6 22 1 3
34 45 53 39 36 60 3
0 72 37 27 28 62 3
67 2 31 47 65 67 3
72 68 36 26 6 27 3
74 6 46 5 14 37 3
49 63 71 7 45 31 4
