26 39 30 50 2 66 1
23 30 77 37 12 23 1
25 76 7 49 57 45 1
38 13 74 36 58 0 1
39 46 25 71 38 36 1
48 73 52 54 6 37 1
18 71 14 76 65 33 1
76 65 33 33 3 21 1
45 30 48 35 23 18 1
9 30 36 54 6 37 1
40 20 23 60 52 52 1
19 57 35 63 4 62 1
37 12 23 27 45 27 1
70 13 37 19 57 35 1
26 39 30 60 52 52 1
56 58 30 4 31 58 1
2 55 38 39 46 25 1
48 73 52 40 20 23 1
25 76 7 77 50 18 1
58 9 68 69 6 13 1
70 13 37 16 45 44 1
61 56 15 4 31 58 1
65 36 45 60 52 52 1
0 42 45 49 57 45 1
7 47 65 71 38 36 1
17 1 60 71 38 36 1
19 57 35 23 30 77 1
55 19 77 23 30 77 1
64 7 41 74 38 39 1
0 42 45 53 50 58 1
15 16 55 73 18 75 1
44 60 32 66 50 3 1
78 4 76 58 9 68 1
23 30 77 48 73 52 1
6 1 19 62 33 60 1
45 30 48 65 36 45 2
59 59 3 42 59 24 2
38 13 74 10 29 71 2
54 6 37 22 21 30 2
54 6 37 24 51 36 2
42 59 24 71 38 36 2
68 10 49 59 59 3 2
52 40 41 56 58 30 2
61 56 15 67 52 3 2
36 58 0 17 1 60 2
50 2 66 74 38 39 2
33 3 21 39 46 25 2
23 30 77 1 30 75 2
18 71 14 77 50 18 2
24 51 36 78 4 76 2
4 31 58 41 6 6 2
49 57 45 11 38 70 2
8 54 60 56 58 30 2
52 40 41 33 3 21 2
30 33 23 32 54 20 2
40 20 23 67 52 3 2
71 38 36 73 18 75 2
60 52 52 75 10 72 2
35 23 18 20 60 2 2
21 7 20 62 33 60 2
30 33 23 31 7 75 2
16 45 44 3 23 33 2
31 7 75 48 73 52 2
39 46 25 62 33 60 2
5 64 51 47 46 12 3
13 58 63 30 33 23 3
73 18 75 72 2 47 3
66 50 3 77 50 18 3
12 78 73 45 30 48 3
70 13 37 47 46 12 3
14 4 65 42 59 24 3
67 52 3 29 36 7 3
23 30 77 46 9 12 3
57 12 18 5 64 51 3
28 58 18 59 59 3 4
42 59 24 51 40 14 4
23 30 77 43 12 13 5
13 58 63 34 51 60 7
