54 48 29 20 37 33 1
35 18 16 21 16 19 1
31 37 43 47 55 43 1
41 51 4 60 13 7 1
53 17 32 59 17 8 1
18 49 39 38 1 23 1
23 11 19 54 48 29 1
61 51 11 8 1 34 1
44 33 55 28 38 43 1
17 37 29 46 5 22 1
22 56 23 44 33 55 1
55 48 52 3 59 5 1
61 51 11 62 57 18 1
2 19 18 58 14 56 1
59 17 8 55 48 52 1
44 33 55 7 60 48 1
56 28 40 24 12 17 1
12 10 63 8 1 34 1
37 43 43 50 3 10 1
49 16 61 12 10 63 1
63 32 20 14 12 51 1
51 51 37 19 10 40 1
9 32 8 51 51 37 1
3 59 5 22 56 23 1
20 37 33 26 35 23 1
33 21 44 30 23 55 1
33 21 44 63 32 20 1
11 53 40 60 13 7 1
47 55 43 62 57 18 1
61 51 11 54 48 29 1
43 61 9 12 10 63 1
2 19 18 54 48 29 1
36 21 6 49 16 61 1
7 60 48 48 27 4 1
14 12 51 36 21 6 1
55 48 52 50 3 10 1
40 17 55 28 38 43 1
21 16 19 13 5 56 1
52 13 23 61 51 11 1
29 10 41 23 11 19 2
9 32 8 30 23 55 2
22 56 23 26 35 23 2
4 36 45 37 43 43 2
45 33 44 18 49 39 2
29 10 41 27 61 59 2
16 35 35 31 37 43 2
25 35 37 59 17 8 2
21 16 19 28 38 43 2
57 45 45 48 27 4 2
59 17 8 45 33 44 2
35 18 16 41 51 4 2
10 37 16 48 27 4 2
40 17 55 15 10 50 2
18 49 39 32 10 52 2
5 52 33 53 17 32 2
61 51 11 6 36 56 3
47 55 43 34 33 53 3
43 61 9 24 12 17 3
57 45 45 39 27 46 3
26 35 23 42 43 46 3
0 10 25 27 61 59 4
55 48 52 46 5 22 4
11 53 40 1 60 43 4
