74 101 46 111 90 89 1
25 61 14 73 23 44 1
102 95 35 105 109 110 1
23 102 79 106 37 59 1
86 79 58 98 109 80 1
68 74 44 111 90 89 1
57 103 18 15 72 59 1
101 9 69 87 79 17 1
88 9 98 66 69 73 1
47 1 6 96 84 97 1
80 83 110 7 66 15 1
112 56 28 78 79 86 1
43 73 93 83 1 62 1
43 73 93 80 83 110 1
19 103 52 81 87 101 1
43 73 93 103 32 1 1
68 74 44 24 59 86 1
43 73 93 11 66 94 1
15 72 59 7 66 15 1
96 84 97 75 112 100 1
24 59 86 58 112 96 1
108 61 72 84 42 99 1
50 34 50 19 103 52 1
47 1 6 30 32 91 1
14 11 61 34 28 46 1
111 90 89 26 111 13 1
112 56 28 39 1 45 1
20 77 85 58 112 96 1
80 83 110 61 24 49 1
106 37 59 100 24 67 1
81 87 101 42 7 12 1
64 20 62 24 59 86 1
87 79 17 77 56 106 1
73 23 44 102 95 35 1
105 109 110 41 43 23 1
64 20 62 62 65 30 1
82 73 83 89 112 57 1
97 42 43 20 77 85 1
39 1 45 17 5 99 1
54 70 68 0 76 28 1
41 43 23 101 9 69 1
110 58 84 54 70 68 1
0 76 28 29 2 44 1
46 25 10 29 2 44 1
89 112 57 10 19 90 1
71 36 82 75 112 100 1
59 4 28 41 43 23 1
1 102 12 55 13 96 1
54 70 68 101 9 69 1
7 66 15 108 61 72 1
52 87 110 43 73 93 2
16 23 49 66 69 73 2
112 56 28 73 23 44 2
95 64 100 1 102 12 2
34 28 46 106 37 59 2
51 74 21 32 58 17 2
12 37 112 111 90 89 2
31 78 67 100 24 67 2
38 0 92 20 77 85 2
7 66 15 76 56 111 2
37 73 94 97 42 43 2
13 26 96 58 112 96 2
7 66 15 22 93 69 2
90 6 21 22 93 69 2
99 30 63 31 78 67 2
101 9 69 100 24 67 2
25 61 14 13 26 96 2
73 23 44 94 9 26 2
109 14 83 45 71 112 2
78 79 86 44 24 55 2
25 61 14 43 73 93 2
86 79 58 1 102 12 2
48 111 26 98 109 80 2
66 69 73 48 111 26 2
59 4 28 48 111 26 2
80 83 110 28 32 24 2
67 81 94 74 101 46 2
53 9 34 41 43 23 2
92 110 50 85 41 59 2
62 65 30 33 55 106 2
36 9 44 93 25 23 2
36 9 44 32 58 17 2
55 13 96 6 78 96 2
82 73 83 92 110 50 2
81 87 101 43 73 93 2
10 19 90 50 34 50 2
3 100 100 99 30 63 2
49 107 67 71 36 82 2
53 9 34 47 1 6 2
56 27 70 59 4 28 2
96 84 97 9 81 29 2
32 58 17 6 78 96 2
18 81 76 77 56 106 2
107 96 9 32 58 17 2
104 44 21 90 6 21 2
60 45 59 95 64 100 3
70 58 12 104 44 21 3
59 4 28 109 14 83 3
5 38 29 34 28 46 3
8 26 29 52 87 110 3
21 49 96 61 24 49 3
26 111 13 4 12 28 3
31 78 67 63 32 65 3
79 112 63 12 37 112 3
91 22 55 22 93 69 3
35 87 66 80 83 110 3
40 33 79 76 56 111 3
69 53 36 27 46 94 3
11 66 94 65 11 25 4
2 38 41 112 56 28 4
77 56 106 27 46 94 4
37 73 94 72 105 75 4
