78 22 46 71 68 7 1
67 48 38 22 15 38 1
32 6 55 64 40 58 1
9 68 75 62 49 60 1
3 40 52 73 46 29 1
51 38 45 28 12 5 1
33 71 62 17 1 44 1
57 67 82 21 12 19 1
71 68 7 46 9 41 1
43 9 73 69 0 4 1
34 81 16 33 71 62 1
18 62 15 82 27 74 1
6 47 73 28 12 5 1
15 28 5 34 81 16 1
26 66 23 40 10 45 1
28 12 5 8 47 57 1
68 41 58 45 68 51 1
79 52 7 4 3 74 1
10 7 29 46 9 41 1
77 63 53 35 77 81 1
23 42 44 62 49 60 1
23 42 44 48 64 24 1
27 63 43 37 29 43 1
76 6 63 43 9 73 1
16 20 19 1 44 64 1
29 47 33 63 8 5 1
43 9 73 27 63 43 1
51 38 45 56 56 81 1
2 17 54 33 71 62 1
41 63 36 50 65 38 1
23 42 44 39 13 27 1
69 0 4 4 3 74 1
28 12 5 31 60 18 1
72 7 46 37 29 43 1
83 79 49 40 10 45 1
5 44 12 1 44 64 1
50 65 38 15 28 5 1
4 3 74 10 7 29 1
59 58 11 64 40 58 1
33 71 62 67 48 38 1
56 56 81 32 6 55 1
44 62 36 36 27 67 1
9 68 75 21 12 19 1
62 49 60 53 60 76 1
31 60 18 2 17 54 1
58 12 68 79 52 7 1
30 40 66 53 60 76 1
15 28 5 3 40 52 1
59 58 11 80 6 83 1
36 27 67 83 79 49 1
6 47 73 75 33 14 1
33 71 62 70 82 65 1
53 60 76 28 12 5 1
7 2 6 78 22 46 1
38 26 64 83 79 49 1
38 26 64 10 7 29 2
1 44 64 28 12 5 2
1 44 64 42 73 47 2
15 28 5 12 63 59 2
12 63 59 29 47 33 2
69 0 4 14 0 77 2
70 82 65 58 12 68 2
23 42 44 45 68 51 2
26 66 23 19 23 1 2
41 63 36 13 12 41 2
47 40 66 48 64 24 2
24 79 5 50 65 38 2
31 60 18 55 61 71 2
22 15 38 35 77 81 2
81 67 58 35 77 81 2
0 40 54 1 44 64 2
54 47 15 71 68 7 2
52 81 58 48 64 24 3
18 62 15 24 79 5 3
65 81 31 79 52 7 3
74 53 73 46 9 41 3
49 65 82 80 6 83 3
62 49 60 60 39 61 3
49 65 82 20 75 82 4
11 30 16 76 6 63 4
66 63 35 9 68 75 4
61 34 37 14 0 77 4
25 46 46 30 40 66 8
