13 39 123 107 130 70 1
13 39 123 24 60 111 1
95 22 96 27 46 112 1
22 32 95 16 6 62 1
66 12 70 61 74 36 1
81 87 16 84 48 55 1
29 6 63 70 5 50 1
120 126 77 8 53 108 1
8 53 108 9 99 27 1
59 99 125 53 50 30 1
121 141 60 12 1 25 1
82 49 28 34 140 43 1
135 27 70 134 107 20 1
9 99 27 96 46 86 1
3 94 60 28 14 7 1
8 53 108 104 21 108 1
136 49 65 33 24 23 1
101 17 74 24 60 111 1
82 49 28 141 13 122 1
34 140 43 139 98 21 1
100 70 115 64 120 129 1
16 6 62 106 96 54 1
120 126 77 49 104 113 1
114 114 4 9 99 27 1
82 49 28 110 20 112 1
35 74 111 78 14 71 1
88 82 35 63 121 49 1
38 135 46 58 56 65 1
22 32 95 122 5 136 1
68 129 64 123 38 81 1
25 48 4 30 115 13 1
49 104 113 22 32 95 1
117 53 132 105 86 10 1
27 46 112 53 50 30 1
113 34 63 75 122 27 1
129 112 82 118 93 103 1
79 32 49 68 129 64 1
88 82 35 137 43 101 1
10 75 103 118 93 103 1
128 95 46 94 21 105 1
15 132 90 33 24 23 1
67 50 112 78 14 71 1
19 27 82 52 50 137 1
90 124 47 27 46 112 1
44 20 41 141 13 122 1
18 31 42 25 48 4 1
91 115 69 57 21 140 1
94 21 105 31 38 89 1
15 132 90 103 69 33 1
101 17 74 93 83 12 1
100 70 115 104 21 108 1
129 112 82 131 122 35 1
96 46 86 0 60 8 1
26 109 51 51 95 53 1
47 84 85 70 5 50 1
74 20 110 0 60 8 1
71 46 25 72 7 117 1
66 12 70 110 20 112 1
48 114 49 40 132 42 1
135 27 70 94 21 105 2
81 87 16 55 118 123 2
37 88 127 104 21 108 2
78 14 71 111 64 49 2
116 100 17 130 46 117 2
18 31 42 87 78 139 2
93 83 12 80 117 141 2
15 132 90 104 21 108 2
76 72 9 98 75 108 2
131 122 35 63 121 49 2
94 21 105 14 118 76 2
51 95 53 54 58 89 2
59 99 125 126 116 82 2
53 50 30 46 31 42 2
116 100 17 16 6 62 2
107 130 70 99 107 101 2
39 94 92 68 129 64 2
21 58 66 96 46 86 2
117 53 132 54 58 89 2
34 140 43 134 107 20 2
20 46 121 53 50 30 2
5 91 11 111 64 49 2
66 12 70 76 72 9 2
118 93 103 74 20 110 2
68 129 64 120 126 77 2
49 104 113 30 115 13 2
141 13 122 112 7 73 2
91 115 69 21 58 66 2
41 7 71 16 6 62 2
130 46 117 115 125 94 2
140 40 92 139 98 21 2
136 49 65 101 17 74 2
11 48 63 109 134 120 2
138 50 30 19 27 82 2
111 64 49 47 84 85 2
12 1 25 125 0 74 2
102 96 89 7 76 9 2
32 21 58 118 93 103 2
71 46 25 83 82 132 2
46 31 42 8 53 108 2
10 75 103 54 58 89 2
46 31 42 34 140 43 2
68 129 64 132 99 6 2
80 117 141 60 35 84 2
130 46 117 125 0 74 2
111 64 49 46 31 42 2
107 130 70 83 82 132 2
67 50 112 28 14 7 2
36 4 88 69 46 89 2
36 4 88 113 34 63 2
127 141 71 138 50 30 2
90 124 47 92 88 128 2
3 94 60 124 98 88 2
36 4 88 82 49 28 2
119 60 5 80 117 141 2
63 121 49 17 71 75 2
48 114 49 81 87 16 2
56 72 104 17 71 75 2
127 141 71 70 5 50 2
65 27 83 123 38 81 3
124 98 88 77 136 5 3
100 70 115 40 132 42 3
97 119 25 25 48 4 3
92 88 128 42 80 42 3
20 46 121 2 86 45 3
62 33 48 123 38 81 3
133 109 41 28 14 7 3
50 31 91 114 114 4 3
87 78 139 58 56 65 3
11 48 63 42 80 42 3
108 131 16 106 96 54 3
4 124 106 122 5 136 4
43 26 9 66 12 70 4
1 64 0 63 121 49 4
86 53 31 25 48 4 4
37 88 127 23 62 68 4
65 27 83 85 101 100 4
73 137 113 74 20 110 4
102 96 89 85 101 100 4
45 78 24 20 46 121 5
44 20 41 89 38 34 5
120 126 77 6 19 29 7
