60 28 32 53 25 21 1
56 42 24 26 73 36 1
19 73 29 22 74 38 1
40 10 5 78 51 75 1
54 30 78 66 8 59 1
30 1 60 60 28 32 1
70 46 80 74 6 28 1
17 56 75 61 3 55 1
48 81 57 79 64 56 1
24 0 76 31 58 22 1
52 28 42 0 35 30 1
71 6 70 46 53 49 1
14 16 21 17 56 75 1
17 56 75 4 62 63 1
45 32 48 65 51 8 1
17 56 75 81 3 80 1
62 49 17 73 4 2 1
20 69 49 41 76 28 1
61 3 55 71 6 70 1
55 49 46 33 81 28 1
38 56 8 78 51 75 1
70 46 80 32 48 62 1
38 56 8 70 46 80 1
76 80 38 27 71 22 1
64 20 29 71 6 70 1
9 15 19 15 24 22 1
38 56 8 62 49 17 1
4 62 63 8 6 14 1
51 41 33 48 81 57 1
4 62 63 0 35 30 1
3 1 12 79 64 56 1
18 38 35 57 45 76 1
39 3 62 6 28 24 1
29 61 21 8 6 14 1
42 1 47 8 6 14 1
50 68 40 27 71 22 1
42 1 47 63 75 73 1
78 51 75 49 75 68 1
11 30 23 45 32 48 1
60 28 32 73 4 2 1
75 61 15 42 1 47 1
12 36 49 46 53 49 2
22 74 38 17 56 75 2
49 75 68 55 49 46 2
68 27 36 40 10 5 2
69 70 5 28 57 6 2
39 3 62 7 10 80 2
64 20 29 10 9 26 2
65 51 8 41 76 28 2
25 38 42 23 30 38 2
15 24 22 49 75 68 2
54 30 78 61 3 55 2
38 56 8 29 61 21 2
51 41 33 55 49 46 2
25 38 42 70 46 80 2
72 49 35 34 46 80 2
24 0 76 55 49 46 2
19 73 29 47 75 36 2
2 57 40 25 38 42 2
7 10 80 30 1 60 2
41 76 28 0 35 30 2
27 71 22 4 62 63 2
36 72 52 70 46 80 2
1 72 75 7 10 80 2
37 36 39 26 73 36 2
72 49 35 41 76 28 3
76 80 38 44 6 81 3
44 6 81 13 64 30 3
28 57 6 76 80 38 3
42 1 47 77 75 45 3
74 6 28 35 6 12 3
56 42 24 55 49 46 3
35 6 12 43 51 25 3
57 45 76 41 76 28 3
11 30 23 16 17 4 3
48 81 57 59 26 56 3
5 57 38 4 62 63 3
81 3 80 21 54 9 4
58 3 48 50 68 40 4
80 72 56 17 56 75 4
67 69 28 47 75 36 5
