28 142 78 190 85 47 1
138 154 88 166 113 179 1
65 160 107 1 192 51 1
136 169 59 53 186 194 1
1 192 51 154 76 97 1
95 40 100 98 134 128 1
137 178 71 165 122 167 1
194 137 174 182 86 170 1
49 183 132 149 153 72 1
191 177 173 16 35 8 1
38 151 123 58 161 128 1
83 122 156 198 40 152 1
192 5 151 4 184 6 1
67 104 16 174 44 14 1
111 5 123 142 11 128 1
52 176 28 103 166 112 1
3 47 163 101 41 55 1
7 24 150 14 95 71 1
85 182 90 6 75 73 1
139 108 104 173 16 196 1
103 166 112 42 117 74 1
123 60 53 3 47 163 1
108 118 135 11 158 73 1
152 124 103 173 16 196 1
75 176 113 127 31 138 1
45 0 81 180 125 66 1
40 118 197 97 98 125 1
192 5 151 77 31 74 1
53 186 194 145 87 45 1
73 184 144 123 60 53 1
172 87 136 138 154 88 1
126 37 114 137 178 71 1
27 48 47 94 31 172 1
106 46 178 181 186 59 1
85 182 90 146 126 38 1
60 125 63 114 39 110 1
184 29 153 29 65 107 1
111 5 123 186 135 43 1
12 110 131 103 166 112 1
116 168 112 55 94 144 1
44 28 48 50 47 102 1
50 47 102 198 40 152 1
160 123 193 182 86 170 1
174 44 14 179 134 22 1
0 95 0 17 124 152 1
35 25 55 115 73 199 1
175 26 28 83 122 156 1
5 35 102 43 107 138 1
187 52 68 158 11 116 1
186 135 43 102 132 60 1
126 37 114 179 134 22 1
138 154 88 130 57 56 1
79 16 65 27 48 47 1
83 122 156 73 184 144 1
60 125 63 135 131 57 1
79 16 65 62 136 20 1
187 52 68 176 105 98 1
50 47 102 81 127 51 1
29 65 107 141 3 9 1
133 69 163 53 186 194 1
41 63 5 101 41 55 1
139 108 104 21 152 156 1
69 67 38 199 29 98 1
39 176 156 80 89 45 1
145 87 45 135 131 57 1
74 43 32 9 157 158 1
71 151 59 8 169 61 1
11 158 73 95 40 100 1
76 40 107 31 83 122 1
121 102 110 70 113 133 1
16 35 8 28 142 78 1
123 60 53 154 76 97 1
124 134 60 151 115 129 1
87 119 28 76 40 107 1
139 108 104 105 82 123 1
193 64 113 191 177 173 1
72 147 170 186 135 43 1
79 16 65 173 16 196 1
169 141 107 56 47 141 1
19 77 35 87 119 28 1
52 176 28 16 35 8 1
194 137 174 34 12 90 1
10 20 117 199 29 98 1
33 154 168 177 141 137 1
173 16 196 14 95 71 1
180 125 66 118 67 7 1
195 133 161 91 94 60 1
150 154 87 143 35 108 1
173 16 196 73 184 144 1
53 186 194 112 41 33 1
52 176 28 70 113 133 2
161 45 192 148 104 1 2
178 49 74 162 81 177 2
104 161 194 101 41 55 2
51 121 56 78 162 162 2
184 29 153 167 37 84 2
125 182 44 132 14 80 2
96 135 93 40 118 197 2
31 83 122 13 185 14 2
194 137 174 91 94 60 2
86 110 132 3 47 163 2
164 193 64 170 49 47 2
14 95 71 28 142 78 2
190 85 47 155 114 128 2
74 43 32 50 47 102 2
58 161 128 1 192 51 2
154 76 97 17 124 152 2
24 165 21 91 94 60 2
57 172 193 43 107 138 2
38 151 123 43 107 138 2
34 12 90 108 118 135 2
27 48 47 185 26 154 2
164 193 64 67 104 16 2
172 87 136 11 158 73 2
130 57 56 19 77 35 2
166 113 179 187 52 68 2
137 178 71 33 154 168 2
60 125 63 12 110 131 2
49 183 132 65 160 107 2
168 74 184 10 20 117 2
67 104 16 184 29 153 2
164 193 64 166 113 179 2
45 0 81 79 16 65 2
87 119 28 133 69 163 2
164 193 64 196 186 164 2
159 67 128 142 11 128 2
20 147 33 51 121 56 2
147 84 102 191 177 173 2
134 33 5 69 67 38 2
124 134 60 72 147 170 2
145 87 45 75 176 113 2
118 67 7 96 135 93 2
168 74 184 43 107 138 2
47 87 94 112 41 33 2
15 34 62 70 113 133 2
157 108 55 124 134 60 2
113 154 186 54 148 43 2
39 176 156 99 15 55 2
165 122 167 113 154 186 2
92 124 159 134 33 5 2
61 130 191 127 31 138 2
196 186 164 140 141 191 2
2 74 191 113 154 186 2
190 85 47 37 144 18 2
52 176 28 30 179 56 2
170 49 47 26 186 107 2
52 176 28 109 148 1 2
108 118 135 186 135 43 2
99 15 55 87 119 28 2
161 45 192 158 11 116 2
64 155 153 98 134 128 2
117 5 93 192 5 151 2
30 179 56 125 182 44 2
69 67 38 106 46 178 2
66 137 180 75 176 113 2
51 121 56 145 87 45 2
121 102 110 189 164 76 2
179 134 22 8 169 61 2
76 40 107 115 73 199 2
93 21 23 196 186 164 2
22 71 12 192 5 151 2
105 82 123 129 33 177 2
131 80 140 117 5 93 2
59 105 30 66 137 180 2
164 193 64 150 154 87 2
123 60 53 162 81 177 2
160 123 193 6 75 73 2
124 134 60 36 55 83 2
144 57 132 174 44 14 2
196 186 164 68 102 0 3
88 81 102 90 165 46 3
192 5 151 191 177 173 3
100 72 11 44 28 48 3
46 12 96 89 79 74 3
82 94 103 74 43 32 3
55 94 144 161 45 192 3
127 31 138 56 47 141 3
150 154 87 89 79 74 3
25 178 41 47 87 94 3
32 188 30 99 15 55 3
119 197 175 15 34 62 3
188 27 147 6 75 73 3
63 192 121 168 74 184 3
46 12 96 90 165 46 3
105 82 123 107 192 12 3
197 4 105 150 154 87 3
128 185 0 110 135 18 3
128 185 0 168 74 184 3
65 160 107 171 123 89 3
176 105 98 120 33 162 4
153 19 69 1 192 51 4
84 131 12 16 35 8 4
163 153 176 23 180 15 4
156 159 175 2 74 191 4
163 153 176 55 94 144 5
48 126 59 167 37 84 5
183 121 125 51 121 56 5
122 1 6 82 94 103 6
149 153 72 18 134 161 6
