72 29 122 96 99 97 1
66 26 4 106 93 67 1
13 10 79 98 115 102 1
93 18 85 27 68 93 1
40 44 106 118 44 115 1
87 29 69 126 51 116 1
44 92 34 5 5 20 1
57 107 64 25 21 1 1
77 119 42 16 76 54 1
26 23 17 33 20 53 1
57 107 64 8 44 124 1
82 43 95 101 54 85 1
101 54 85 73 15 6 1
48 18 127 91 80 96 1
88 24 113 80 123 30 1
24 0 31 126 51 116 1
4 34 83 58 29 47 1
111 83 30 67 86 98 1
73 15 6 67 86 98 1
2 50 26 89 30 20 1
36 57 72 114 27 76 1
119 54 88 108 8 119 1
63 36 55 57 107 64 1
95 94 0 73 15 6 1
34 41 30 5 5 20 1
40 44 106 51 106 112 1
2 50 26 76 119 45 1
10 42 24 94 13 91 1
31 44 31 97 91 11 1
53 46 31 88 24 113 1
86 79 59 69 103 83 1
125 75 43 24 0 31 1
73 15 6 21 79 37 1
49 102 26 35 89 55 1
30 62 95 110 80 103 1
104 101 79 116 68 28 1
15 89 107 50 39 38 1
126 51 116 113 60 57 1
116 68 28 19 30 39 1
0 58 114 21 79 37 1
15 89 107 70 0 12 1
124 1 34 117 98 90 1
123 119 30 33 20 53 1
30 62 95 72 29 122 1
123 119 30 112 86 105 1
114 27 76 70 0 12 1
12 109 101 62 43 123 1
20 125 39 102 73 67 1
70 0 12 109 101 120 1
82 43 95 19 30 39 1
83 59 89 107 50 94 1
111 83 30 66 26 4 1
75 45 7 72 29 122 1
72 29 122 42 102 31 1
0 58 114 27 68 93 1
46 56 79 44 92 34 1
85 3 17 35 89 55 1
101 54 85 120 44 92 1
16 76 54 69 103 83 1
78 30 1 106 93 67 1
63 36 55 78 30 1 1
65 95 5 88 24 113 1
92 25 65 81 83 82 1
87 29 69 63 36 55 1
30 62 95 40 44 106 1
42 102 31 125 75 43 1
87 29 69 123 119 30 1
68 42 8 52 115 77 1
103 25 51 19 30 39 1
68 42 8 23 1 29 2
38 84 22 102 73 67 2
19 30 39 60 5 55 2
85 3 17 126 51 116 2
86 79 59 122 75 61 2
127 7 76 108 8 119 2
105 30 71 1 78 105 2
73 15 6 65 95 5 2
43 68 115 73 15 6 2
61 22 61 23 1 29 2
54 51 65 12 109 101 2
37 65 29 25 21 1 2
92 25 65 82 43 95 2
78 30 1 20 125 39 2
125 75 43 56 78 64 2
64 104 23 3 114 91 2
99 35 79 15 89 107 2
77 119 42 84 56 46 2
41 81 6 49 102 26 2
47 60 62 45 72 65 2
70 0 12 38 84 22 2
105 30 71 34 41 30 2
58 29 47 54 51 65 2
35 89 55 1 78 105 2
99 35 79 52 115 77 2
24 0 31 122 75 61 2
25 21 1 32 72 43 2
100 90 52 40 44 106 2
127 7 76 99 35 79 2
124 1 34 32 72 43 2
13 10 79 42 102 31 2
23 1 29 94 13 91 2
17 79 43 77 119 42 2
7 46 14 14 59 93 2
22 122 99 42 102 31 2
8 44 124 9 96 84 2
31 44 31 90 71 110 2
71 68 124 127 7 76 2
90 71 110 119 54 88 2
11 18 98 119 54 88 2
35 89 55 6 9 20 2
96 99 97 76 119 45 2
61 22 61 54 51 65 3
47 60 62 52 115 77 3
7 46 14 86 79 59 3
55 7 32 126 51 116 3
47 60 62 48 18 127 3
121 107 64 124 1 34 3
53 46 31 29 43 57 3
47 60 62 64 104 23 3
120 44 92 59 101 81 3
114 27 76 39 116 101 3
74 107 13 34 41 30 3
61 22 61 115 103 107 4
79 56 59 10 42 24 4
10 42 24 83 59 89 4
34 41 30 28 99 49 4
18 101 41 75 45 7 6
