21 16 20 6 14 9 1
2 27 24 7 25 21 1
10 24 20 4 18 26 1
31 32 15 14 11 18 1
27 19 12 5 22 15 1
15 24 16 3 20 26 1
24 28 13 7 25 21 1
29 14 9 21 16 20 1
2 27 24 33 33 24 1
6 14 9 7 25 21 1
0 15 19 32 23 8 1
32 23 8 26 13 17 1
23 30 12 12 7 20 1
29 14 9 27 19 12 1
13 6 0 15 24 16 1
12 7 20 10 24 20 1
22 9 4 28 22 4 2
11 5 27 12 7 20 2
7 25 21 26 13 17 2
13 6 0 6 14 9 2
8 0 30 15 24 16 2
20 9 5 9 9 28 2
26 13 17 16 24 27 2
10 24 20 2 27 24 2
31 32 15 10 24 20 2
30 25 30 33 33 24 2
6 14 9 1 14 19 2
9 9 28 16 24 27 3
16 24 27 19 0 5 3
17 18 26 31 32 15 3
16 24 27 25 31 25 3
28 22 4 1 14 19 4
14 11 18 18 25 28 4
