8 7 55 39 64 37 1
44 24 32 32 58 64 1
17 18 43 63 66 3 1
58 14 28 10 30 17 1
14 16 7 62 27 6 1
43 64 18 45 57 14 1
57 45 66 19 29 40 1
66 66 0 30 14 15 1
5 26 28 24 59 8 1
35 66 57 50 42 4 1
3 15 59 38 52 45 1
66 66 0 29 39 53 1
56 13 53 41 0 26 1
58 14 28 35 66 57 1
50 42 4 6 6 16 1
4 59 64 19 29 40 1
12 21 4 4 59 64 1
19 29 40 53 3 54 1
5 26 28 28 0 39 1
42 38 62 33 1 6 1
49 34 16 36 41 28 1
1 23 11 7 47 42 1
57 45 66 40 39 36 1
24 59 8 13 16 15 1
20 16 11 29 39 53 1
35 66 57 32 58 64 1
49 34 16 42 38 62 1
56 13 53 58 14 28 1
0 64 0 57 45 66 1
20 16 11 63 66 3 1
31 21 27 30 14 15 1
37 37 63 0 64 0 1
36 41 28 31 21 27 1
13 16 15 8 7 55 1
5 26 28 0 64 0 2
53 3 54 27 7 61 2
32 58 64 29 39 53 2
38 52 45 8 7 55 2
24 59 8 59 59 34 2
22 59 55 50 42 4 2
23 3 57 18 19 5 2
7 47 42 54 52 13 2
15 56 18 25 28 31 2
43 64 18 58 14 28 2
65 63 36 5 26 28 2
52 39 24 11 49 5 2
29 39 53 64 9 0 2
15 56 18 3 15 59 2
52 39 24 54 52 13 2
31 21 27 46 53 33 2
8 7 55 35 66 57 2
27 7 61 47 66 49 2
7 47 42 59 59 34 2
55 58 10 17 18 43 2
16 46 6 60 4 31 2
58 14 28 9 59 21 2
51 55 59 6 6 16 2
66 66 0 34 39 37 2
23 3 57 51 55 59 2
21 39 35 17 18 43 3
4 59 64 61 27 6 3
48 20 10 29 39 53 3
55 58 10 14 16 7 3
53 3 54 60 4 31 3
2 44 58 41 0 26 4
26 52 2 41 0 26 4
