95 37 64 18 136 94 1
119 0 151 124 61 128 1
101 136 185 167 109 37 1
129 190 58 156 104 86 1
50 53 128 93 74 134 1
95 37 64 178 9 55 1
163 73 32 50 53 128 1
59 190 150 55 31 140 1
154 61 150 148 174 74 1
5 2 77 132 1 148 1
148 174 74 49 85 78 1
134 29 102 84 173 67 1
118 168 2 164 120 133 1
32 81 102 131 59 0 1
136 21 40 166 13 106 1
72 31 18 154 61 150 1
5 2 77 188 65 16 1
22 136 168 125 129 121 1
139 190 129 147 119 179 1
58 7 39 8 171 187 1
3 172 69 5 2 77 1
132 1 148 105 71 160 1
136 21 40 129 190 58 1
57 157 112 66 140 77 1
21 132 95 117 155 110 1
85 108 137 130 22 166 1
7 114 39 170 41 43 1
79 163 114 11 125 77 1
26 141 181 81 176 32 1
146 17 18 175 115 95 1
158 170 112 38 3 181 1
0 131 54 51 33 19 1
15 169 46 63 128 102 1
20 95 51 12 130 161 1
93 74 134 28 96 159 1
21 132 95 57 157 112 1
15 169 46 105 71 160 1
61 61 137 8 171 187 1
80 74 171 16 172 91 1
166 13 106 70 78 85 1
82 134 132 175 115 95 1
185 57 115 112 29 54 1
69 36 56 117 155 110 1
136 21 40 20 95 51 1
13 124 119 23 48 24 1
46 99 42 9 57 145 1
50 53 128 4 87 21 1
138 146 85 14 121 43 1
171 149 127 49 85 78 1
57 157 112 104 126 141 1
77 124 149 168 155 129 1
89 81 165 108 11 10 1
33 1 106 104 126 141 1
93 74 134 157 75 162 1
170 41 43 112 29 54 1
73 47 38 18 136 94 1
26 141 181 182 137 77 1
185 57 115 177 190 85 1
49 85 78 66 140 77 1
128 181 88 33 1 106 1
96 18 76 126 100 82 1
50 53 128 158 170 112 1
185 57 115 147 119 179 1
125 129 121 23 48 24 1
181 109 169 125 129 121 1
166 13 106 80 74 171 1
179 117 140 181 109 169 1
146 17 18 107 122 117 1
20 95 51 172 157 135 1
145 135 160 122 70 70 1
97 56 190 114 181 3 1
86 92 169 64 6 49 1
50 53 128 46 99 42 1
57 157 112 107 122 117 1
61 61 137 25 175 65 1
102 82 89 22 136 168 1
126 100 82 97 56 190 1
133 128 69 163 73 32 1
168 155 129 115 55 98 1
175 115 95 31 87 84 1
102 82 89 180 132 95 1
38 3 181 89 81 165 1
35 28 62 62 125 94 1
129 190 58 32 81 102 1
72 31 18 187 19 17 1
102 82 89 42 161 106 1
112 29 54 84 173 67 1
38 3 181 12 130 161 1
57 157 112 103 151 124 1
12 130 161 6 168 107 1
50 53 128 100 32 12 1
70 78 85 27 25 183 1
115 55 98 71 87 68 1
173 131 87 102 82 89 1
122 70 70 81 176 32 1
85 108 137 37 191 39 1
52 188 100 65 111 5 1
167 109 37 21 132 95 1
154 61 150 52 188 100 1
183 108 36 22 136 168 1
94 171 156 138 146 85 1
34 44 142 41 0 179 1
154 61 150 110 100 72 1
121 39 88 42 161 106 1
101 136 185 11 125 77 1
143 103 10 23 48 24 1
33 1 106 92 37 105 2
48 6 45 95 37 64 2
66 140 77 46 99 42 2
140 84 50 2 14 5 2
142 69 126 29 134 102 2
177 190 85 103 151 124 2
37 191 39 71 87 68 2
43 39 120 179 117 140 2
148 174 74 40 90 85 2
141 69 11 63 128 102 2
36 18 155 105 71 160 2
166 13 106 56 112 21 2
120 174 37 44 89 66 2
181 109 169 59 190 150 2
49 85 78 25 175 65 2
60 43 102 178 9 55 2
54 70 153 0 131 54 2
170 41 43 41 0 179 2
173 131 87 87 67 102 2
153 145 133 81 176 32 2
73 47 38 157 75 162 2
109 12 169 125 129 121 2
159 113 30 86 92 169 2
88 37 63 51 33 19 2
100 32 12 5 2 77 2
104 126 141 30 115 29 2
42 161 106 168 155 129 2
93 74 134 174 175 80 2
156 104 86 98 128 107 2
149 79 84 17 88 29 2
68 118 165 45 156 18 2
127 163 100 97 56 190 2
15 169 46 71 87 68 2
189 71 89 167 109 37 2
110 100 72 142 69 126 2
154 61 150 53 184 13 2
42 161 106 86 92 169 2
169 4 84 52 188 100 2
24 41 178 76 63 149 2
24 41 178 59 190 150 2
141 69 11 74 58 37 2
25 175 65 145 135 160 2
0 131 54 83 19 71 2
23 48 24 68 118 165 2
94 171 156 123 37 25 2
58 7 39 75 106 190 2
144 14 64 31 87 84 2
117 155 110 88 37 63 2
183 108 36 39 57 15 2
89 81 165 67 79 106 2
64 6 49 165 164 86 2
160 100 139 123 37 25 2
86 92 169 150 159 18 2
74 58 37 186 56 57 2
154 61 150 47 138 80 2
140 84 50 55 31 140 2
15 169 46 116 14 147 2
152 28 160 1 62 129 2
74 58 37 124 61 128 2
132 1 148 90 29 98 2
62 125 94 48 6 45 2
162 48 41 117 155 110 3
77 124 149 10 161 47 3
63 128 102 123 37 25 3
118 168 2 144 14 64 3
120 174 37 73 47 38 3
158 170 112 155 170 155 3
126 100 82 137 79 143 3
152 28 160 18 136 94 3
5 2 77 113 168 99 3
26 141 181 114 181 3 3
191 33 47 79 163 114 3
176 14 28 41 0 179 3
39 57 15 106 120 125 3
190 84 10 103 151 124 3
151 148 30 17 88 29 3
151 148 30 112 29 54 3
161 67 168 3 172 69 3
99 39 136 157 75 162 4
78 176 97 161 67 168 5
131 59 0 19 154 191 5
92 37 105 135 106 174 5
107 122 117 91 70 155 6
111 18 78 127 163 100 6
184 178 182 147 119 179 7
