9 58 57 7 5 31 1
3 60 53 60 63 42 1
18 53 29 30 41 21 1
23 29 31 28 21 11 1
26 50 59 17 55 4 1
0 34 43 16 6 38 1
19 61 5 52 35 39 1
42 30 10 64 12 18 1
21 60 64 29 60 3 1
22 25 29 63 51 50 1
43 24 49 60 63 42 1
9 58 57 54 20 60 1
52 35 39 2 59 17 1
28 21 11 13 44 38 1
36 44 5 42 30 10 1
36 44 5 27 6 41 1
47 20 51 57 33 36 1
28 21 11 0 34 43 1
0 34 43 36 44 5 1
57 33 36 27 6 41 1
35 60 48 58 32 25 1
56 63 12 44 27 16 1
3 60 53 21 60 64 1
5 8 62 6 56 8 1
60 63 42 61 20 13 1
38 20 25 47 20 51 1
42 30 10 54 20 60 2
9 58 57 51 7 7 2
25 23 55 8 52 26 2
63 51 50 42 30 10 2
15 5 56 16 6 38 2
38 20 25 17 55 4 2
12 5 60 25 23 55 2
23 29 31 1 28 63 2
5 8 62 52 35 39 2
44 27 16 5 8 62 2
39 37 4 59 18 44 2
50 59 30 48 37 58 2
52 35 39 26 50 59 2
58 32 25 33 64 37 2
62 52 13 54 20 60 2
48 37 58 1 28 63 2
30 41 21 43 24 49 2
37 7 53 17 55 4 2
11 24 49 16 6 38 2
9 58 57 35 60 48 2
58 32 25 31 7 13 2
42 30 10 49 55 34 2
40 64 46 17 55 4 2
50 59 30 34 30 63 2
21 60 64 49 55 34 2
61 20 13 41 33 4 3
30 41 21 53 4 24 3
59 18 44 64 12 18 3
2 59 17 8 52 26 3
29 60 3 32 58 9 3
18 53 29 24 25 2 3
34 30 63 4 7 6 3
39 37 4 20 12 63 3
10 52 54 39 37 4 4
7 5 31 14 41 31 4
45 13 10 31 7 13 5
5 8 62 46 38 15 5
22 25 29 55 52 53 6
