68 81 42 137 126 58 1
149 117 96 122 32 63 1
22 34 113 3 7 123 1
144 132 91 76 68 97 1
115 14 103 97 100 33 1
11 38 107 27 142 82 1
82 116 88 15 45 121 1
120 101 72 44 81 146 1
42 99 59 22 34 113 1
130 130 92 54 158 3 1
150 78 154 57 75 142 1
19 142 104 112 75 103 1
13 122 60 58 82 112 1
111 36 83 20 97 26 1
49 68 57 129 74 90 1
43 86 28 10 91 49 1
47 136 86 94 124 11 1
74 90 95 21 36 43 1
51 87 10 153 77 138 1
69 7 69 12 95 53 1
93 155 102 119 77 80 1
8 85 146 21 36 43 1
41 63 55 73 57 90 1
51 87 10 11 38 107 1
104 144 80 15 45 121 1
32 29 64 69 7 69 1
41 63 55 24 49 2 1
149 117 96 31 64 106 1
35 110 111 11 38 107 1
6 119 159 111 36 83 1
61 115 116 91 121 36 1
41 63 55 88 59 81 1
36 9 152 128 107 154 1
111 36 83 60 10 58 1
129 74 90 51 87 10 1
4 72 69 159 4 82 1
139 17 14 135 95 129 1
150 78 154 74 90 95 1
126 130 112 88 59 81 1
148 106 125 156 12 91 1
127 32 40 105 90 59 1
35 110 111 156 12 91 1
132 35 132 135 95 129 1
49 68 57 64 110 11 1
105 90 59 64 110 11 1
101 96 16 100 88 110 1
48 2 15 53 0 160 1
139 17 14 77 103 26 1
44 81 146 143 54 129 1
122 32 63 78 117 158 1
94 124 11 100 88 110 1
59 84 48 131 55 37 1
88 59 81 77 103 26 1
38 96 135 135 95 129 1
74 90 95 71 90 143 1
38 96 135 5 33 61 1
8 85 146 92 58 123 1
59 84 48 34 77 106 1
151 82 61 127 32 40 1
31 64 106 65 129 27 1
79 136 37 1 107 131 1
20 97 26 37 17 63 1
66 153 93 152 100 62 1
158 119 139 108 155 101 1
139 17 14 55 111 46 1
100 88 110 120 101 72 1
106 14 128 125 114 119 1
138 97 4 122 32 63 1
30 68 134 92 58 123 1
45 3 49 79 136 37 1
58 82 112 46 69 8 1
86 84 38 109 26 43 1
70 141 124 91 121 36 1
54 158 3 107 45 77 1
35 110 111 84 56 51 1
59 84 48 155 148 110 1
86 84 38 81 110 105 1
24 49 2 27 142 82 1
22 34 113 75 55 34 1
39 51 1 35 110 111 1
21 36 43 44 81 146 1
59 84 48 130 130 92 1
115 14 103 91 121 36 1
141 159 56 60 10 58 1
116 37 64 154 40 56 1
129 74 90 141 159 56 1
136 103 83 111 36 83 1
64 110 11 56 149 40 2
110 134 147 38 96 135 2
50 81 5 27 142 82 2
124 94 119 17 76 16 2
118 88 40 46 69 8 2
28 141 74 76 68 97 2
46 69 8 12 95 53 2
146 129 54 40 138 123 2
46 69 8 86 84 38 2
128 107 154 121 1 62 2
57 75 142 16 100 114 2
90 121 157 43 86 28 2
20 97 26 155 148 110 2
103 23 2 95 135 116 2
137 126 58 104 144 80 2
80 0 86 94 124 11 2
124 94 119 143 54 129 2
149 117 96 12 95 53 2
32 29 64 57 75 142 2
55 111 46 66 153 93 2
139 17 14 47 136 86 2
107 45 77 53 0 160 2
124 94 119 117 105 57 2
71 90 143 18 84 89 2
37 17 63 15 45 121 2
52 87 24 80 0 86 2
119 77 80 80 0 86 2
134 66 92 74 90 95 2
98 98 86 48 2 15 2
26 50 107 121 1 62 2
58 82 112 29 99 58 2
83 65 35 136 103 83 2
126 130 112 75 55 34 2
133 4 14 12 95 53 2
123 91 123 82 116 88 2
108 155 101 144 132 91 2
45 3 49 55 111 46 2
143 54 129 158 119 139 2
115 14 103 82 116 88 2
113 108 92 68 81 42 2
28 141 74 89 99 131 2
72 76 67 133 4 14 2
148 106 125 157 12 99 2
62 96 138 139 17 14 2
125 114 119 133 4 14 2
79 136 37 23 127 4 2
114 102 17 55 111 46 2
25 127 70 121 1 62 2
19 142 104 64 110 11 2
106 14 128 67 101 74 2
99 74 79 85 81 62 2
26 50 107 67 101 74 2
160 9 136 52 87 24 3
4 72 69 119 77 80 3
129 74 90 145 62 22 3
140 64 131 65 129 27 3
92 58 123 142 68 81 3
99 74 79 17 76 16 3
146 129 54 151 82 61 3
102 37 127 55 111 46 3
87 134 149 13 122 60 3
9 128 17 60 10 58 3
14 82 150 56 149 40 3
96 159 98 46 69 8 3
2 76 108 1 107 131 3
25 127 70 33 120 77 3
80 0 86 95 135 116 3
158 119 139 63 122 55 3
16 100 114 10 91 49 3
7 107 25 6 119 159 3
75 55 34 116 37 64 4
0 49 62 40 138 123 4
147 43 128 101 96 16 4
