19 15 27 9 5 5 1
10 29 32 22 16 17 1
12 5 18 11 14 2 1
7 32 11 5 20 3 1
7 32 11 29 23 10 1
26 29 16 19 15 27 1
4 5 2 27 16 6 1
13 19 21 2 3 19 1
6 25 29 12 5 18 1
0 12 18 21 15 10 1
32 9 1 18 1 16 1
12 5 18 4 5 2 1
28 20 5 9 5 5 2
15 18 27 7 32 11 2
12 5 18 23 22 20 2
0 12 18 29 23 10 2
13 19 21 24 8 27 2
1 2 10 16 0 9 2
16 0 9 8 25 9 2
6 25 29 2 3 19 2
30 5 21 21 15 10 2
31 9 21 28 20 5 2
3 32 16 30 5 21 2
21 15 10 20 24 21 2
4 5 2 9 5 5 2
5 20 3 19 15 27 2
24 8 27 25 0 8 2
1 2 10 32 9 1 3
27 16 6 32 9 1 3
14 3 21 24 8 27 3
0 12 18 10 29 32 3
10 29 32 17 10 21 5
