1 48 43 104 49 48 
104 49 48 30 41 49 
30 41 49 4 38 44 
4 38 44 64 39 42 
64 39 42 25 37 36 
25 37 36 117 41 26 
117 41 26 39 31 26 
39 31 26 8 25 28 
8 25 28 28 18 22 
28 18 22 55 10 18 
55 10 18 86 15 10 
86 15 10 109 4 12 
109 4 12 98 1 5 
98 1 5 79 25 35 
79 25 35 15 26 36 
15 26 36 72 46 15 
72 46 15 45 41 8 
45 41 8 88 48 3 
88 48 3 75 59 0 
75 59 0 52 62 0 
52 62 0 62 71 9 
62 71 9 37 82 17 
37 82 17 6 79 21 
6 79 21 127 85 23 
127 85 23 46 89 19 
46 89 19 74 90 16 
74 90 16 57 100 18 
57 100 18 21 96 29 
21 96 29 22 107 29 
22 107 29 34 116 33 
34 116 33 20 121 21 
20 121 21 82 126 10 
82 126 10 31 126 40 
31 126 40 23 120 52 
23 120 52 91 122 63 
91 122 63 114 120 65 
114 120 65 94 116 64 
94 116 64 38 110 65 
38 110 65 42 97 69 
42 97 69 123 96 80 
123 96 80 119 100 90 
119 100 90 78 94 97 
78 94 97 26 91 95 
26 91 95 53 101 108 
53 101 108 19 112 101 
19 112 101 3 117 112 
3 117 112 93 112 118 
93 112 118 61 113 129 
61 113 129 65 123 91 
65 123 91 85 127 88 
85 127 88 32 121 83 
32 121 83 96 125 95 
96 125 95 99 94 120 
99 94 120 66 89 121 
66 89 121 111 84 121 
111 84 121 44 85 113 
44 85 113 84 75 121 
84 75 121 10 70 125 
10 70 125 76 69 128 
76 69 128 13 74 115 
13 74 115 54 68 114 
54 68 114 24 64 115 
24 64 115 2 58 112 
2 58 112 92 50 113 
92 50 113 43 47 112 
43 47 112 14 42 106 
14 42 106 125 41 102 
125 41 102 121 39 100 
121 39 100 110 38 91 
110 38 91 90 30 86 
90 30 86 87 26 84 
87 26 84 60 16 86 
60 16 86 89 11 70 
89 11 70 17 16 70 
17 16 70 69 18 56 
69 18 56 58 15 55 
58 15 55 48 17 53 
48 17 53 71 2 56 
71 2 56 49 5 73 
49 5 73 112 0 73 
112 0 73 115 9 90 
115 9 90 113 16 96 
113 16 96 27 8 102 
27 8 102 126 39 106 
126 39 106 100 43 116 
100 43 116 9 36 120 
9 36 120 0 46 128 
0 46 128 35 56 126 
35 56 126 70 57 126 
70 57 126 29 34 115 
29 34 115 129 24 113 
129 24 113 67 23 116 
67 23 116 12 22 123 
12 22 123 128 12 128 
128 12 128 97 54 103 
97 54 103 102 52 99 
102 52 99 5 58 91 
5 58 91 47 69 98 
47 69 98 59 77 91 
59 77 91 11 80 84 
11 80 84 120 76 80 
120 76 80 7 73 71 
7 73 71 106 73 85 
106 73 85 95 75 101 
95 75 101 51 49 82 
51 49 82 40 58 77 
40 58 77 33 114 50 
33 114 50 36 99 51 
36 99 51 81 90 33 
81 90 33 80 77 40 
80 77 40 77 102 12 
77 102 12 73 102 11 
73 102 11 41 110 4 
41 110 4 63 112 8 
63 112 8 101 92 9 
101 92 9 83 88 7 
83 88 7 68 73 6 
68 73 6 116 32 2 
116 32 2 18 28 6 
18 28 6 107 28 14 
107 28 14 124 32 1 
124 32 1 56 41 55 
56 41 55 118 45 64 
118 45 64 103 41 67 
103 41 67 108 51 51 
108 51 51 50 55 41 
50 55 41 105 62 42 
105 62 42 122 64 50 
122 64 50 16 73 54 
16 73 54 1 48 43