15 36 21 1 39 28 
1 39 28 4 39 30 
4 39 30 22 38 32 
22 38 32 25 39 33 
25 39 33 38 42 40 
38 42 40 2 49 45 
2 49 45 7 37 44 
7 37 44 13 33 44 
13 33 44 20 30 39 
20 30 39 50 32 38 
50 32 38 40 28 50 
40 28 50 8 24 47 
8 24 47 12 21 49 
12 21 49 47 23 45 
47 23 45 17 22 42 
17 22 42 33 17 41 
33 17 41 19 11 46 
19 11 46 28 8 47 
28 8 47 30 6 47 
30 6 47 46 0 48 
46 0 48 31 17 35 
31 17 35 23 33 21 
23 33 21 36 30 21 
36 30 21 48 29 15 
48 29 15 37 26 8 
37 26 8 6 20 11 
6 20 11 21 14 7 
21 14 7 9 11 4 
9 11 4 32 12 2 
32 12 2 11 12 10 
11 12 10 43 5 13 
43 5 13 24 4 10 
24 4 10 41 0 6 
41 0 6 39 0 3 
39 0 3 45 3 19 
45 3 19 16 2 25 
16 2 25 27 5 35 
27 5 35 35 7 21 
35 7 21 34 15 18 
34 15 18 26 16 23 
26 16 23 14 26 0 
14 26 0 5 34 10 
5 34 10 49 43 11 
49 43 11 29 47 12 
29 47 12 0 49 9 
0 49 9 3 45 2 
3 45 2 44 50 9 
44 50 9 18 39 21 
18 39 21 42 49 25 
42 49 25 10 49 22 
10 49 22 15 36 21