48 4 91 1 10 81 
1 10 81 91 4 97 
91 4 97 22 10 98 
22 10 98 14 13 93 
14 13 93 92 16 95 
92 16 95 8 26 86 
8 26 86 4 26 79 
4 26 79 77 35 77 
77 35 77 26 39 84 
26 39 84 29 35 94 
29 35 94 63 32 95 
63 32 95 86 41 96 
86 41 96 75 48 98 
75 48 98 37 55 103 
37 55 103 18 66 99 
18 66 99 67 73 101 
67 73 101 89 76 106 
89 76 106 54 83 109 
54 83 109 96 88 101 
96 88 101 94 98 107 
94 98 107 16 101 109 
16 101 109 73 61 93 
73 61 93 31 68 89 
31 68 89 30 72 91 
30 72 91 97 38 104 
97 38 104 68 47 82 
68 47 82 42 42 73 
42 42 73 41 49 64 
41 49 64 69 44 61 
69 44 61 70 38 60 
70 38 60 5 37 61 
5 37 61 12 37 56 
12 37 56 107 39 55 
107 39 55 46 42 51 
46 42 51 95 36 48 
95 36 48 15 33 42 
15 33 42 24 26 28 
24 26 28 38 16 36 
38 16 36 0 6 40 
0 6 40 51 0 39 
51 0 39 90 5 46 
90 5 46 104 2 51 
104 2 51 3 0 50 
3 0 50 101 24 21 
101 24 21 27 19 13 
27 19 13 76 10 16 
76 10 16 23 6 20 
23 6 20 62 9 7 
62 9 7 57 35 20 
57 35 20 93 37 16 
93 37 16 83 44 18 
83 44 18 82 55 16 
82 55 16 32 58 11 
32 58 11 11 57 3 
11 57 3 72 70 9 
72 70 9 34 72 2 
34 72 2 50 42 41 
50 42 41 109 41 34 
109 41 34 49 32 58 
49 32 58 43 27 55 
43 27 55 19 26 52 
19 26 52 99 22 56 
99 22 56 74 20 60 
74 20 60 52 12 66 
52 12 66 59 25 64 
59 25 64 7 26 65 
7 26 65 80 55 74 
80 55 74 79 62 65 
79 62 65 9 70 70 
9 70 70 106 74 67 
106 74 67 39 74 58 
39 74 58 58 81 55 
58 81 55 33 90 60 
33 90 60 20 95 60 
20 95 60 44 96 65 
44 96 65 53 104 73 
53 104 73 13 106 75 
13 106 75 81 104 75 
81 104 75 56 105 83 
56 105 83 85 105 83 
85 105 83 103 90 67 
103 90 67 55 100 60 
55 100 60 64 109 59 
64 109 59 71 105 48 
71 105 48 10 100 48 
10 100 48 105 109 44 
105 109 44 108 82 52 
108 82 52 47 82 41 
47 82 41 25 85 33 
25 85 33 28 90 39 
28 90 39 45 92 39 
45 92 39 102 97 31 
102 97 31 21 105 29 
21 105 29 88 108 16 
88 108 16 6 108 15 
6 108 15 17 103 12 
17 103 12 36 95 16 
36 95 16 84 104 1 
84 104 1 2 98 2 
2 98 2 87 97 31 
87 97 31 35 78 25 
35 78 25 65 74 25 
65 74 25 66 73 39 
66 73 39 40 78 73 
40 78 73 98 85 83 
98 85 83 100 90 81 
100 90 81 78 79 66 
78 79 66 61 24 78 
61 24 78 60 9 102 
60 9 102 48 4 91