1 115 111 34 109 110 
34 109 110 26 102 107 
26 102 107 32 94 111 
32 94 111 89 91 106 
89 91 106 14 84 109 
14 84 109 2 83 102 
2 83 102 20 88 95 
20 88 95 0 83 88 
0 83 88 29 75 88 
29 75 88 63 74 82 
63 74 82 101 73 95 
101 73 95 40 85 76 
40 85 76 43 82 64 
43 82 64 92 75 66 
92 75 66 107 66 70 
107 66 70 33 60 75 
33 60 75 53 59 72 
53 59 72 90 55 66 
90 55 66 42 49 73 
42 49 73 75 40 68 
75 40 68 56 38 62 
56 38 62 93 34 61 
93 34 61 7 30 63 
7 30 63 16 18 64 
16 18 64 18 14 53 
18 14 53 17 8 48 
17 8 48 36 10 44 
36 10 44 82 18 35 
82 18 35 21 26 30 
21 26 30 98 27 28 
98 27 28 72 35 22 
72 35 22 28 40 8 
28 40 8 22 45 11 
22 45 11 88 33 6 
88 33 6 113 38 29 
113 38 29 37 45 36 
37 45 36 106 46 27 
106 46 27 25 15 29 
25 15 29 94 8 20 
94 8 20 112 0 19 
112 0 19 114 20 18 
114 20 18 48 15 7 
48 15 7 35 12 7 
35 12 7 96 8 5 
96 8 5 85 9 0 
85 9 0 95 5 49 
95 5 49 117 29 59 
117 29 59 86 53 59 
86 53 59 9 64 53 
9 64 53 58 66 52 
58 66 52 73 58 41 
73 58 41 49 45 54 
49 45 54 69 61 85 
69 61 85 55 55 94 
55 55 94 62 50 96 
62 50 96 84 43 96 
84 43 96 118 37 93 
118 37 93 8 34 103 
8 34 103 71 24 97 
71 24 97 111 20 88 
111 20 88 74 21 87 
74 21 87 70 22 84 
70 22 84 19 24 78 
19 24 78 5 25 77 
5 25 77 64 20 83 
64 20 83 51 15 76 
51 15 76 65 3 66 
65 3 66 68 5 84 
68 5 84 108 25 110 
108 25 110 83 15 113 
83 15 113 109 29 114 
109 29 114 44 38 82 
44 38 82 91 94 71 
91 94 71 31 96 97 
31 96 97 23 102 96 
23 102 96 105 99 88 
105 99 88 13 110 84 
13 110 84 3 113 81 
3 113 81 11 109 73 
11 109 73 76 110 70 
76 110 70 66 107 58 
66 107 58 4 109 55 
4 109 55 54 102 49 
54 102 49 110 92 53 
110 92 53 27 90 48 
27 90 48 50 96 39 
50 96 39 97 91 32 
97 91 32 57 99 27 
57 99 27 115 101 26 
115 101 26 99 101 20 
99 101 20 103 107 14 
103 107 14 39 110 21 
39 110 21 102 104 11 
102 104 11 12 99 5 
12 99 5 24 100 3 
24 100 3 59 102 1 
59 102 1 100 106 1 
100 106 1 80 89 3 
80 89 3 38 90 12 
38 90 12 52 90 20 
52 90 20 87 79 26 
87 79 26 61 76 28 
61 76 28 79 69 18 
79 69 18 10 63 23 
10 63 23 15 69 6 
15 69 6 30 65 6 
30 65 6 41 68 2 
41 68 2 81 75 4 
81 75 4 6 75 0 
6 75 0 78 106 10 
78 106 10 67 112 54 
67 112 54 77 118 40 
77 118 40 47 118 82 
47 118 82 104 74 109 
104 74 109 46 58 112 
46 58 112 45 50 113 
45 50 113 60 58 117 
60 58 117 116 117 107 
116 117 107 1 115 111