1 35 54 6 38 55 
6 38 55 25 39 54 
25 39 54 55 40 53 
55 40 53 63 41 44 
63 41 44 62 33 38 
62 33 38 70 38 30 
70 38 30 28 35 22 
28 35 22 0 38 17 
0 38 17 10 41 19 
10 41 19 74 46 18 
74 46 18 38 47 21 
38 47 21 81 50 24 
81 50 24 18 55 22 
18 55 22 12 57 27 
12 57 27 64 60 22 
64 60 22 22 65 10 
22 65 10 40 69 6 
40 69 6 29 69 0 
29 69 0 61 77 10 
61 77 10 30 77 5 
30 77 5 11 77 2 
11 77 2 32 81 17 
32 81 17 23 70 24 
23 70 24 36 41 13 
36 41 13 37 47 8 
37 47 8 27 41 0 
27 41 0 49 26 21 
49 26 21 44 26 18 
44 26 18 15 22 9 
15 22 9 56 29 6 
56 29 6 66 14 15 
66 14 15 16 3 7 
16 3 7 69 1 6 
69 1 6 65 14 18 
65 14 18 54 26 21 
54 26 21 68 25 25 
68 25 25 33 14 35 
33 14 35 20 7 34 
20 7 34 2 8 43 
2 8 43 35 3 43 
35 3 43 3 1 54 
3 1 54 45 18 41 
45 18 41 19 17 50 
19 17 50 42 36 59 
42 36 59 48 30 64 
48 30 64 52 34 67 
52 34 67 31 33 71 
31 33 71 21 30 77 
21 30 77 80 40 71 
80 40 71 57 39 76 
57 39 76 67 40 80 
67 40 80 5 47 77 
5 47 77 58 25 70 
58 25 70 79 14 81 
79 14 81 14 7 79 
14 7 79 73 10 73 
73 10 73 82 40 61 
82 40 61 9 43 60 
9 43 60 53 46 57 
53 46 57 77 47 51 
77 47 51 26 59 54 
26 59 54 4 62 58 
4 62 58 60 59 62 
60 59 62 76 69 57 
76 69 57 13 76 56 
13 76 56 34 79 56 
34 79 56 47 80 59 
47 80 59 43 81 67 
43 81 67 39 77 77 
39 77 77 46 79 78 
46 79 78 51 70 70 
51 70 70 7 62 73 
7 62 73 17 62 76 
17 62 76 8 62 78 
8 62 78 59 79 55 
59 79 55 50 61 49 
50 61 49 24 64 41 
24 64 41 41 69 44 
41 69 44 71 79 40 
71 79 40 72 82 39 
72 82 39 75 62 49 
75 62 49 78 47 61 
78 47 61 1 35 54