1 56 97 112 75 102 
112 75 102 110 81 104 
110 81 104 65 81 115 
65 81 115 75 83 119 
75 83 119 18 80 123 
18 80 123 43 76 125 
43 76 125 9 79 94 
9 79 94 77 83 94 
77 83 94 42 90 91 
42 90 91 4 95 97 
4 95 97 117 100 95 
117 100 95 109 106 104 
109 106 104 69 110 102 
69 110 102 103 106 106 
103 106 106 55 100 110 
55 100 110 105 108 117 
105 108 117 27 103 120 
27 103 120 123 96 124 
123 96 124 36 100 129 
36 100 129 17 90 136 
17 90 136 135 106 134 
135 106 134 136 105 89 
136 105 89 45 112 83 
45 112 83 22 111 80 
22 111 80 13 107 69 
13 107 69 32 109 67 
32 109 67 107 118 67 
107 118 67 79 125 72 
79 125 72 53 129 85 
53 129 85 37 133 94 
37 133 94 56 130 97 
56 130 97 93 124 105 
93 124 105 12 126 115 
12 126 115 38 129 127 
38 129 127 108 138 131 
108 138 131 14 142 134 
14 142 134 121 139 136 
121 139 136 98 139 136 
98 139 136 97 137 105 
97 137 105 73 120 56 
73 120 56 140 122 51 
140 122 51 64 133 41 
64 133 41 33 130 32 
33 130 32 95 123 29 
95 123 29 67 110 26 
67 110 26 48 108 26 
48 108 26 85 102 26 
85 102 26 6 101 13 
6 101 13 54 101 6 
54 101 6 10 86 1 
10 86 1 114 99 33 
114 99 33 129 98 34 
129 98 34 16 84 37 
16 84 37 120 79 31 
120 79 31 24 76 23 
24 76 23 31 70 15 
31 70 15 118 60 6 
118 60 6 34 57 11 
34 57 11 86 52 12 
86 52 12 106 47 16 
106 47 16 41 39 7 
41 39 7 3 34 6 
3 34 6 46 46 17 
46 46 17 91 36 24 
91 36 24 23 28 22 
23 28 22 83 25 24 
83 25 24 111 25 30 
111 25 30 102 28 17 
102 28 17 104 10 11 
104 10 11 124 8 13 
124 8 13 96 5 15 
96 5 15 57 7 22 
57 7 22 58 54 3 
58 54 3 72 71 32 
72 71 32 62 69 39 
62 69 39 50 58 45 
50 58 45 5 55 39 
5 55 39 71 49 39 
71 49 39 21 50 31 
21 50 31 70 49 45 
70 49 45 47 40 51 
47 40 51 142 28 57 
142 28 57 81 23 66 
81 23 66 90 17 68 
90 17 68 137 29 75 
137 29 75 11 27 78 
11 27 78 131 24 79 
131 24 79 130 21 79 
130 21 79 39 19 83 
39 19 83 61 17 86 
61 17 86 101 20 98 
101 20 98 8 21 100 
8 21 100 60 24 108 
60 24 108 30 19 111 
30 19 111 89 15 113 
89 15 113 52 30 113 
52 30 113 138 31 121 
138 31 121 66 42 118 
66 42 118 76 29 122 
76 29 122 44 22 128 
44 22 128 49 18 128 
49 18 128 122 13 127 
122 13 127 51 1 122 
51 1 122 141 33 137 
141 33 137 74 36 135 
74 36 135 68 49 141 
68 49 141 29 56 131 
29 56 131 127 56 129 
127 56 129 119 6 88 
119 6 88 78 8 94 
78 8 94 25 31 74 
25 31 74 92 23 53 
92 23 53 35 15 44 
35 15 44 84 17 56 
84 17 56 80 12 59 
80 12 59 2 5 60 
2 5 60 134 53 50 
134 53 50 100 60 58 
100 60 58 26 62 59 
26 62 59 28 70 56 
28 70 56 88 50 62 
88 50 62 132 43 62 
132 43 62 133 55 75 
133 55 75 139 56 38 
139 56 38 94 102 46 
94 102 46 63 101 47 
63 101 47 59 98 52 
59 98 52 0 94 58 
0 94 58 116 108 42 
116 108 42 115 133 19 
115 133 19 87 134 13 
87 134 13 20 133 11 
20 133 11 99 121 13 
99 121 13 125 123 56 
125 123 56 82 126 55 
82 126 55 113 134 64 
113 134 64 7 141 62 
7 141 62 128 95 79 
128 95 79 126 86 77 
126 86 77 40 83 69 
40 83 69 15 82 66 
15 82 66 19 53 96 
19 53 96 1 56 97