104 64 103 1 66 111 
1 66 111 18 63 120 
18 63 120 76 50 117 
76 50 117 46 50 113 
46 50 113 26 42 102 
26 42 102 74 68 99 
74 68 99 54 65 96 
54 65 96 11 58 98 
11 58 98 107 66 90 
107 66 90 108 69 85 
108 69 85 4 70 83 
4 70 83 79 72 85 
79 72 85 14 76 83 
14 76 83 36 80 79 
36 80 79 43 87 70 
43 87 70 9 82 67 
9 82 67 102 87 65 
102 87 65 78 88 54 
78 88 54 33 93 52 
33 93 52 41 90 48 
41 90 48 122 83 45 
122 83 45 29 86 39 
29 86 39 83 91 32 
83 91 32 17 99 24 
17 99 24 87 106 26 
87 106 26 12 109 20 
12 109 20 70 108 18 
70 108 18 15 113 15 
15 113 15 113 104 8 
113 104 8 112 99 13 
112 99 13 48 95 13 
48 95 13 75 109 27 
75 109 27 31 109 35 
31 109 35 23 108 37 
23 108 37 101 119 34 
101 119 34 84 121 45 
84 121 45 30 116 53 
30 116 53 69 118 66 
69 118 66 2 119 66 
2 119 66 50 112 71 
50 112 71 91 104 82 
91 104 82 39 104 84 
39 104 84 8 101 87 
8 101 87 49 105 87 
49 105 87 77 112 95 
77 112 95 51 111 101 
51 111 101 10 105 100 
10 105 100 88 99 102 
88 99 102 109 119 92 
109 119 92 114 120 94 
114 120 94 55 121 103 
55 121 103 110 123 115 
110 123 115 66 124 116 
66 124 116 119 114 73 
119 114 73 103 121 26 
103 121 26 89 79 51 
89 79 51 25 73 50 
25 73 50 56 98 48 
56 98 48 53 104 51 
53 104 51 16 103 57 
16 103 57 58 76 85 
58 76 85 92 83 86 
92 83 86 80 84 90 
80 84 90 47 78 96 
47 78 96 6 80 105 
6 80 105 124 86 120 
124 86 120 19 83 122 
19 83 122 111 92 124 
111 92 124 61 86 96 
61 86 96 94 61 80 
94 61 80 121 65 68 
121 65 68 32 55 65 
32 55 65 28 55 58 
28 55 58 27 47 47 
27 47 47 98 51 36 
98 51 36 97 57 37 
97 57 37 24 62 36 
24 62 36 65 66 32 
65 66 32 37 76 29 
37 76 29 95 66 30 
95 66 30 81 68 23 
81 68 23 62 67 17 
62 67 17 40 48 32 
40 48 32 63 49 26 
63 49 26 35 44 21 
35 44 21 100 46 18 
100 46 18 3 38 15 
3 38 15 60 34 25 
60 34 25 0 22 19 
0 22 19 34 18 24 
34 18 24 38 13 27 
38 13 27 85 20 28 
85 20 28 71 18 39 
71 18 39 67 39 8 
67 39 8 64 26 4 
64 26 4 90 56 58 
90 56 58 96 50 75 
96 50 75 82 41 69 
82 41 69 116 34 70 
116 34 70 105 25 67 
105 25 67 115 13 74 
115 13 74 93 15 88 
93 15 88 68 22 93 
68 22 93 72 26 102 
72 26 102 20 24 109 
20 24 109 42 20 107 
42 20 107 21 18 112 
21 18 112 57 2 119 
57 2 119 13 0 116 
13 0 116 7 0 111 
7 0 111 45 3 123 
45 3 123 59 21 120 
59 21 120 117 28 115 
117 28 115 86 30 91 
86 30 91 44 32 84 
44 32 84 99 15 97 
99 15 97 123 3 69 
123 3 69 73 2 66 
73 2 66 5 7 63 
5 7 63 118 3 79 
118 3 79 106 0 90 
106 0 90 120 20 56 
120 20 56 52 24 53 
52 24 53 22 34 56 
22 34 56 104 64 103