1 49 49 8 43 44 
8 43 44 57 45 38 
57 45 38 35 47 38 
35 47 38 37 52 33 
37 52 33 38 52 22 
38 52 22 36 43 19 
36 43 19 16 43 23 
16 43 23 31 38 27 
31 38 27 44 34 33 
44 34 33 9 28 34 
9 28 34 34 28 33 
34 28 33 52 26 28 
52 26 28 63 13 34 
63 13 34 41 4 36 
41 4 36 55 2 34 
55 2 34 22 1 25 
22 1 25 13 2 23 
13 2 23 47 1 20 
47 1 20 67 2 25 
67 2 25 62 42 17 
62 42 17 26 36 13 
26 36 13 14 29 6 
14 29 6 70 25 12 
70 25 12 53 19 6 
53 19 6 11 12 0 
11 12 0 27 8 4 
27 8 4 43 6 6 
43 6 6 4 7 7 
4 7 7 24 43 6 
24 43 6 58 46 5 
58 46 5 5 49 3 
5 49 3 66 53 9 
66 53 9 25 55 10 
25 55 10 56 58 9 
56 58 9 42 60 12 
42 60 12 10 71 6 
10 71 6 19 68 0 
19 68 0 50 56 4 
50 56 4 64 60 24 
64 60 24 0 66 21 
0 66 21 48 68 23 
48 68 23 30 70 26 
30 70 26 54 70 23 
54 70 23 40 57 39 
40 57 39 68 61 41 
68 61 41 12 44 52 
12 44 52 49 33 56 
49 33 56 65 38 64 
65 38 64 61 40 70 
61 40 70 69 25 54 
69 25 54 6 21 47 
6 21 47 15 14 53 
15 14 53 29 12 57 
29 12 57 46 10 66 
46 10 66 2 2 62 
2 2 62 59 0 53 
59 0 53 3 2 52 
3 2 52 20 9 70 
20 9 70 18 6 70 
18 6 70 23 16 67 
23 16 67 71 21 66 
71 21 66 7 21 66 
7 21 66 17 28 68 
17 28 68 60 9 66 
60 9 66 39 56 51 
39 56 51 33 60 54 
33 60 54 28 60 61 
28 60 61 21 59 63 
21 59 63 32 52 62 
32 52 62 45 70 70 
45 70 70 51 66 55 
51 66 55 1 49 49