1 9 138 117 18 123 
117 18 123 41 32 114 
41 32 114 14 31 103 
14 31 103 50 27 100 
50 27 100 134 32 92 
134 32 92 86 27 86 
86 27 86 128 39 84 
128 39 84 36 44 77 
36 44 77 6 50 84 
6 50 84 57 55 89 
57 55 89 91 59 85 
91 59 85 127 59 84 
127 59 84 112 33 72 
112 33 72 33 24 71 
33 24 71 77 28 60 
77 28 60 47 29 50 
47 29 50 94 41 63 
94 41 63 0 43 63 
0 43 63 80 47 62 
80 47 62 10 56 70 
10 56 70 145 63 63 
145 63 63 99 67 54 
99 67 54 68 66 43 
68 66 43 54 74 45 
54 74 45 95 61 53 
95 61 53 125 75 56 
125 75 56 148 85 54 
148 85 54 146 85 43 
146 85 43 129 87 41 
129 87 41 35 84 34 
35 84 34 65 86 30 
65 86 30 26 91 33 
26 91 33 73 96 30 
73 96 30 92 102 32 
92 102 32 52 103 44 
52 103 44 15 103 45 
15 103 45 22 104 47 
22 104 47 78 118 47 
78 118 47 44 120 44 
44 120 44 102 98 49 
102 98 49 82 100 55 
82 100 55 144 107 66 
144 107 66 106 109 66 
106 109 66 24 115 67 
24 115 67 29 121 76 
29 121 76 130 104 22 
130 104 22 32 94 18 
32 94 18 55 88 16 
55 88 16 13 82 15 
13 82 15 53 86 3 
53 86 3 59 92 1 
59 92 1 109 77 15 
109 77 15 115 73 15 
115 73 15 27 72 7 
27 72 7 67 65 18 
67 65 18 105 68 26 
105 68 26 56 61 26 
56 61 26 58 74 24 
58 74 24 111 59 14 
111 59 14 119 55 17 
119 55 17 123 50 21 
123 50 21 69 40 26 
69 40 26 16 38 33 
16 38 33 2 27 30 
2 27 30 93 26 23 
93 26 23 116 19 25 
116 19 25 40 17 23 
40 17 23 74 5 5 
74 5 5 34 0 3 
34 0 3 98 25 37 
98 25 37 30 16 39 
30 16 39 9 10 39 
9 10 39 103 7 42 
103 7 42 81 47 35 
81 47 35 147 40 8 
147 40 8 87 41 6 
87 41 6 90 36 4 
90 36 4 62 35 7 
62 35 7 101 110 20 
101 110 20 100 114 14 
100 114 14 110 124 8 
110 124 8 8 127 15 
8 127 15 107 131 18 
107 131 18 43 131 26 
43 131 26 38 140 29 
38 140 29 5 138 41 
5 138 41 96 140 43 
96 140 43 114 139 56 
114 139 56 88 143 59 
88 143 59 11 149 58 
11 149 58 121 147 71 
121 147 71 46 147 79 
46 147 79 51 152 88 
51 152 88 79 134 86 
79 134 86 18 133 90 
18 133 90 75 127 91 
75 127 91 64 149 15 
64 149 15 151 76 66 
151 76 66 39 78 69 
39 78 69 19 79 69 
19 79 69 97 84 70 
97 84 70 45 89 65 
45 89 65 83 77 80 
83 77 80 118 82 83 
118 82 83 3 83 92 
3 83 92 120 88 94 
120 88 94 85 83 105 
85 83 105 140 75 109 
140 75 109 138 94 96 
138 94 96 12 104 90 
12 104 90 139 104 106 
139 104 106 28 121 114 
28 121 114 37 123 127 
37 123 127 76 119 130 
76 119 130 113 123 135 
113 123 135 31 128 140 
31 128 140 136 135 138 
136 135 138 71 121 142 
71 121 142 153 107 144 
153 107 144 49 106 153 
49 106 153 133 105 142 
133 105 142 122 130 128 
122 130 128 84 135 122 
84 135 122 108 141 128 
108 141 128 141 146 129 
141 146 129 42 49 52 
42 49 52 137 45 49 
137 45 49 72 18 96 
72 18 96 60 16 88 
60 16 88 4 6 87 
4 6 87 89 0 87 
89 0 87 143 5 69 
143 5 69 17 4 61 
17 4 61 104 6 60 
104 6 60 25 41 100 
25 41 100 7 50 103 
7 50 103 70 59 101 
70 59 101 132 67 96 
132 67 96 135 38 119 
135 38 119 48 37 121 
48 37 121 152 4 116 
152 4 116 21 5 149 
21 5 149 131 20 146 
131 20 146 149 29 148 
149 29 148 20 40 138 
20 40 138 124 47 137 
124 47 137 66 52 141 
66 52 141 63 54 149 
63 54 149 23 70 142 
23 70 142 61 76 146 
61 76 146 150 71 131 
150 71 131 126 82 132 
126 82 132 142 60 121 
142 60 121 1 9 138