6 107 16 1 115 8 
1 115 8 102 117 7 
102 117 7 88 102 14 
88 102 14 9 103 6 
9 103 6 74 91 12 
74 91 12 72 90 9 
72 90 9 34 91 2 
34 91 2 70 80 4 
70 80 4 86 71 7 
86 71 7 29 72 19 
29 72 19 32 68 7 
32 68 7 71 61 2 
71 61 2 115 55 10 
115 55 10 73 52 19 
73 52 19 53 43 19 
53 43 19 8 40 25 
8 40 25 16 87 19 
16 87 19 66 86 25 
66 86 25 62 81 31 
62 81 31 27 91 29 
27 91 29 31 95 38 
31 95 38 64 99 42 
64 99 42 30 97 48 
30 97 48 94 93 50 
94 93 50 25 83 49 
25 83 49 99 76 55 
99 76 55 78 78 59 
78 78 59 10 87 58 
10 87 58 100 77 67 
100 77 67 52 70 69 
52 70 69 54 85 74 
54 85 74 40 91 82 
40 91 82 44 101 93 
44 101 93 65 94 99 
65 94 99 92 111 88 
92 111 88 57 113 98 
57 113 98 83 115 108 
83 115 108 77 105 117 
77 105 117 90 97 74 
90 97 74 91 74 56 
91 74 56 2 71 56 
2 71 56 47 61 55 
47 61 55 80 57 62 
80 57 62 36 52 60 
36 52 60 26 47 70 
26 47 70 60 47 72 
60 47 72 38 53 78 
38 53 78 113 55 83 
113 55 83 19 55 84 
19 55 84 109 52 89 
109 52 89 81 55 92 
81 55 92 0 47 101 
0 47 101 103 36 100 
103 36 100 79 30 97 
79 30 97 39 18 100 
39 18 100 23 13 106 
23 13 106 116 8 108 
116 8 108 45 8 117 
45 8 117 58 3 108 
58 3 108 43 24 110 
43 24 110 50 11 94 
50 11 94 22 13 87 
22 13 87 75 3 79 
75 3 79 48 6 69 
48 6 69 117 27 82 
117 27 82 93 33 83 
93 33 83 97 61 97 
97 61 97 95 60 100 
95 60 100 114 62 101 
114 62 101 24 64 105 
24 64 105 28 61 110 
28 61 110 35 67 113 
35 67 113 55 70 111 
55 70 111 3 72 110 
3 72 110 5 82 116 
5 82 116 111 51 113 
111 51 113 42 42 114 
42 42 114 68 66 99 
68 66 99 106 67 88 
106 67 88 13 77 83 
13 77 83 98 79 89 
98 79 89 67 59 77 
67 59 77 51 39 63 
51 39 63 11 37 61 
11 37 61 14 36 63 
14 36 63 87 36 59 
87 36 59 4 28 52 
4 28 52 15 29 48 
15 29 48 108 16 47 
108 16 47 85 12 57 
85 12 57 56 11 57 
56 11 57 112 15 43 
112 15 43 37 6 37 
37 6 37 49 1 29 
49 1 29 59 3 24 
59 3 24 61 9 16 
61 9 16 18 18 16 
18 18 16 89 12 9 
89 12 9 41 20 7 
41 20 7 63 27 10 
63 27 10 21 27 10 
21 27 10 82 11 5 
82 11 5 110 6 3 
110 6 3 105 4 45 
105 4 45 69 61 52 
69 61 52 20 68 44 
20 68 44 101 55 41 
101 55 41 12 56 36 
12 56 36 96 47 46 
96 47 46 76 105 56 
76 105 56 17 109 55 
17 109 55 104 111 44 
104 111 44 46 109 68 
46 109 68 33 91 41 
33 91 41 107 95 25 
107 95 25 84 112 20 
84 112 20 7 107 30 
7 107 30 6 107 16