1 122 67 79 121 74 
79 121 74 77 121 86 
77 121 86 119 112 70 
119 112 70 0 109 67 
0 109 67 6 106 61 
6 106 61 23 99 58 
23 99 58 104 93 62 
104 93 62 81 94 69 
81 94 69 35 95 70 
35 95 70 99 84 72 
99 84 72 102 82 78 
102 82 78 110 83 82 
110 83 82 4 76 85 
4 76 85 78 71 81 
78 71 81 84 64 87 
84 64 87 48 58 96 
48 58 96 8 47 100 
8 47 100 71 44 111 
71 44 111 22 48 111 
22 48 111 55 52 115 
55 52 115 107 53 116 
107 53 116 89 32 118 
89 32 118 108 31 120 
108 31 120 115 21 112 
115 21 112 112 61 103 
112 61 103 38 67 105 
38 67 105 51 67 108 
51 67 108 97 67 115 
97 67 115 44 66 119 
44 66 119 52 70 120 
52 70 120 43 78 117 
43 78 117 59 82 122 
59 82 122 37 90 115 
37 90 115 30 88 105 
30 88 105 17 82 104 
17 82 104 67 79 101 
67 79 101 61 92 104 
61 92 104 40 94 117 
40 94 117 54 96 115 
54 96 115 72 98 115 
72 98 115 3 104 115 
3 104 115 9 106 113 
9 106 113 118 120 112 
118 120 112 64 120 101 
64 120 101 113 70 73 
113 70 73 45 67 74 
45 67 74 76 57 75 
76 57 75 28 47 84 
28 47 84 57 46 85 
57 46 85 32 51 65 
32 51 65 63 46 66 
63 46 66 49 35 65 
49 35 65 68 32 62 
68 32 62 24 29 60 
24 29 60 11 27 48 
11 27 48 122 28 65 
122 28 65 16 29 71 
16 29 71 92 28 71 
92 28 71 96 32 74 
96 32 74 18 30 78 
18 30 78 14 24 79 
14 24 79 85 25 87 
85 25 87 42 29 99 
42 29 99 80 18 88 
80 18 88 100 9 87 
100 9 87 36 6 87 
36 6 87 26 4 77 
26 4 77 95 5 65 
95 5 65 60 10 53 
60 10 53 13 3 50 
13 3 50 91 3 47 
91 3 47 120 8 33 
120 8 33 15 1 28 
15 1 28 69 7 102 
69 7 102 105 51 60 
105 51 60 109 62 53 
109 62 53 5 69 44 
5 69 44 10 79 48 
10 79 48 21 70 39 
21 70 39 103 64 33 
103 64 33 34 55 30 
34 55 30 39 60 23 
39 60 23 82 56 20 
82 56 20 25 54 18 
25 54 18 29 54 5 
29 54 5 101 68 22 
101 68 22 50 68 23 
50 68 23 70 66 16 
70 66 16 90 72 18 
90 72 18 73 75 23 
73 75 23 116 80 20 
116 80 20 47 82 24 
47 82 24 53 95 29 
53 95 29 19 96 27 
19 96 27 86 103 19 
86 103 19 7 117 22 
7 117 22 93 82 16 
93 82 16 27 80 2 
27 80 2 58 52 31 
58 52 31 2 46 31 
2 46 31 62 42 28 
62 42 28 33 38 23 
33 38 23 12 40 18 
12 40 18 66 32 14 
66 32 14 31 22 19 
31 22 19 83 11 14 
83 11 14 117 4 7 
117 4 7 88 25 28 
88 25 28 74 37 2 
74 37 2 111 43 40 
111 43 40 20 39 43 
20 39 43 46 59 49 
46 59 49 56 72 57 
56 72 57 65 88 84 
65 88 84 87 107 56 
87 107 56 94 119 53 
94 119 53 114 115 41 
114 115 41 121 114 37 
121 114 37 75 106 70 
75 106 70 106 104 76 
106 104 76 41 109 87 
41 109 87 98 103 91 
98 103 91 1 122 67