97 64 31 1 65 40 
1 65 40 47 66 46 
47 66 46 23 61 51 
23 61 51 2 66 60 
2 66 60 56 68 60 
56 68 60 99 77 60 
99 77 60 87 59 40 
87 59 40 73 50 46 
73 50 46 6 47 41 
6 47 41 22 45 35 
22 45 35 77 51 29 
77 51 29 55 67 25 
55 67 25 30 66 17 
30 66 17 8 76 14 
8 76 14 68 82 14 
68 82 14 34 86 15 
34 86 15 10 91 8 
10 91 8 75 97 4 
75 97 4 16 99 1 
16 99 1 90 103 5 
90 103 5 58 103 6 
58 103 6 9 62 14 
9 62 14 102 53 17 
102 53 17 80 44 14 
80 44 14 103 37 15 
103 37 15 52 36 22 
52 36 22 61 36 13 
61 36 13 49 32 8 
49 32 8 36 27 4 
36 27 4 20 18 5 
20 18 5 100 16 13 
100 16 13 96 19 23 
96 19 23 91 20 28 
91 20 28 83 22 28 
83 22 28 25 17 29 
25 17 29 35 8 27 
35 8 27 7 6 29 
7 6 29 74 2 37 
74 2 37 71 1 42 
71 1 42 43 5 46 
43 5 46 63 4 51 
63 4 51 50 9 53 
50 9 53 37 15 50 
37 15 50 57 22 53 
57 22 53 13 25 44 
13 25 44 42 30 55 
42 30 55 4 29 64 
4 29 64 11 15 68 
11 15 68 67 14 69 
67 14 69 53 0 74 
53 0 74 39 15 75 
39 15 75 51 20 78 
51 20 78 32 15 93 
32 15 93 94 15 96 
94 15 96 60 11 96 
60 11 96 88 1 93 
88 1 93 79 25 100 
79 25 100 84 31 98 
84 31 98 29 31 92 
29 31 92 12 35 92 
12 35 92 5 39 82 
5 39 82 48 37 79 
48 37 79 0 44 93 
0 44 93 21 45 95 
21 45 95 33 41 102 
33 41 102 93 52 91 
93 52 91 70 51 86 
70 51 86 72 60 86 
72 60 86 76 55 99 
76 55 99 81 52 101 
81 52 101 82 62 97 
82 62 97 65 63 98 
65 63 98 85 64 96 
85 64 96 66 71 94 
66 71 94 14 74 88 
14 74 88 15 77 89 
15 77 89 19 84 95 
19 84 95 18 89 94 
18 89 94 59 101 95 
59 101 95 64 101 95 
64 101 95 38 86 90 
38 86 90 41 81 78 
41 81 78 31 87 73 
31 87 73 62 97 65 
62 97 65 3 101 61 
3 101 61 101 99 59 
101 99 59 92 102 78 
92 102 78 98 55 101 
98 55 101 95 43 64 
95 43 64 17 53 70 
17 53 70 69 1 29 
69 1 29 46 13 2 
46 13 2 28 8 0 
28 8 0 54 1 10 
54 1 10 45 57 2 
45 57 2 26 69 1 
26 69 1 86 73 26 
86 73 26 78 77 25 
78 77 25 40 86 31 
40 86 31 27 90 27 
27 90 27 44 95 29 
44 95 29 24 101 42 
24 101 42 89 89 27 
89 89 27 97 64 31