1 19 44 28 24 50 
28 24 50 14 25 51 
14 25 51 35 27 54 
35 27 54 68 34 61 
68 34 61 47 30 66 
47 30 66 12 25 69 
12 25 69 5 22 65 
5 22 65 36 20 74 
36 20 74 8 13 75 
8 13 75 6 8 70 
6 8 70 11 4 74 
11 4 74 42 34 73 
42 34 73 15 29 81 
15 29 81 32 39 75 
32 39 75 40 41 79 
40 41 79 3 45 76 
3 45 76 49 46 75 
49 46 75 76 41 61 
76 41 61 75 48 60 
75 48 60 26 52 67 
26 52 67 61 54 71 
61 54 71 18 55 72 
18 55 72 83 63 72 
83 63 72 2 68 77 
2 68 77 50 69 79 
50 69 79 56 69 81 
56 69 81 67 60 80 
67 60 80 72 52 67 
72 52 67 10 55 57 
10 55 57 13 57 55 
13 57 55 81 62 52 
81 62 52 73 66 57 
73 66 57 48 70 65 
48 70 65 27 74 68 
27 74 68 37 79 61 
37 79 61 38 82 76 
38 82 76 0 73 51 
0 73 51 66 59 60 
66 59 60 52 18 53 
52 18 53 70 14 57 
70 14 57 82 5 53 
82 5 53 45 4 53 
45 4 53 4 18 38 
4 18 38 69 22 33 
69 22 33 44 23 32 
44 23 32 9 32 29 
9 32 29 41 36 21 
41 36 21 7 37 12 
7 37 12 16 42 11 
16 42 11 17 50 16 
17 50 16 43 51 24 
43 51 24 79 59 30 
79 59 30 30 58 33 
30 58 33 33 64 33 
33 64 33 58 44 8 
58 44 8 55 51 3 
55 51 3 60 55 8 
60 55 8 34 58 8 
34 58 8 23 65 10 
23 65 10 53 68 19 
53 68 19 57 68 23 
57 68 23 64 59 2 
64 59 2 78 65 0 
78 65 0 59 80 3 
59 80 3 51 36 22 
51 36 22 46 36 33 
46 36 33 71 40 31 
71 40 31 80 34 37 
80 34 37 77 38 41 
77 38 41 54 48 45 
54 48 45 31 24 21 
31 24 21 25 18 12 
25 18 12 19 25 9 
19 25 9 39 16 12 
39 16 12 29 11 18 
29 11 18 21 11 21 
21 11 21 24 11 24 
24 11 24 22 3 34 
22 3 34 74 3 15 
74 3 15 63 1 13 
63 1 13 20 2 10 
20 2 10 62 0 6 
62 0 6 65 12 9 
65 12 9 1 19 44