1 39 13 0 41 9 
0 41 9 48 45 5 
48 45 5 86 46 0 
86 46 0 3 48 1 
3 48 1 45 29 19 
45 29 19 49 32 28 
49 32 28 114 33 42 
114 33 42 70 31 50 
70 31 50 90 26 54 
90 26 54 54 25 50 
54 25 50 6 23 49 
6 23 49 118 18 55 
118 18 55 78 17 58 
78 17 58 99 10 53 
99 10 53 112 8 48 
112 8 48 66 6 41 
66 6 41 43 9 26 
43 9 26 119 5 50 
119 5 50 30 1 53 
30 1 53 104 33 56 
104 33 56 44 35 57 
44 35 57 15 40 60 
15 40 60 105 50 64 
105 50 64 91 66 65 
91 66 65 17 82 68 
17 82 68 85 84 55 
85 84 55 8 94 51 
8 94 51 109 102 50 
109 102 50 29 100 43 
29 100 43 19 106 41 
19 106 41 20 106 36 
20 106 36 28 98 28 
28 98 28 65 98 22 
65 98 22 51 93 14 
51 93 14 72 87 10 
72 87 10 127 87 9 
127 87 9 69 87 4 
69 87 4 77 80 6 
77 80 6 128 76 1 
128 76 1 80 73 3 
80 73 3 92 105 23 
92 105 23 36 109 16 
36 109 16 5 107 10 
5 107 10 74 109 8 
74 109 8 75 104 10 
75 104 10 62 117 26 
62 117 26 64 123 18 
64 123 18 52 131 16 
52 131 16 33 112 44 
33 112 44 35 123 41 
35 123 41 46 129 44 
46 129 44 34 133 33 
34 133 33 130 90 73 
130 90 73 124 96 73 
124 96 73 132 100 83 
132 100 83 61 102 94 
61 102 94 89 99 97 
89 99 97 103 92 98 
103 92 98 27 88 101 
27 88 101 55 79 103 
55 79 103 71 69 101 
71 69 101 16 62 98 
16 62 98 94 56 106 
94 56 106 82 43 112 
82 43 112 68 36 110 
68 36 110 79 37 104 
79 37 104 93 47 94 
93 47 94 108 29 99 
108 29 99 63 23 93 
63 23 93 121 24 108 
121 24 108 14 24 119 
14 24 119 84 21 121 
84 21 121 113 23 130 
113 23 130 25 19 107 
25 19 107 31 3 112 
31 3 112 76 2 130 
76 2 130 115 24 108 
115 24 108 73 38 123 
73 38 123 7 53 126 
7 53 126 38 37 126 
38 37 126 107 64 90 
107 64 90 50 66 91 
50 66 91 106 68 114 
106 68 114 88 75 117 
88 75 117 26 79 121 
26 79 121 83 84 118 
83 84 118 98 88 122 
98 88 122 117 91 130 
117 91 130 100 94 129 
100 94 129 67 99 120 
67 99 120 4 105 115 
4 105 115 129 112 112 
129 112 112 23 115 104 
23 115 104 32 121 97 
32 121 97 56 120 88 
56 120 88 53 125 83 
53 125 83 57 118 81 
57 118 81 47 124 70 
47 124 70 123 120 61 
123 120 61 22 128 58 
22 128 58 110 128 93 
110 128 93 18 132 101 
18 132 101 37 122 113 
37 122 113 42 126 112 
42 126 112 122 125 117 
122 125 117 10 131 119 
10 131 119 21 130 130 
21 130 130 133 125 119 
133 125 119 102 88 92 
102 88 92 126 88 80 
126 88 80 111 76 82 
111 76 82 97 68 53 
97 68 53 95 63 52 
95 63 52 125 49 70 
125 49 70 11 50 71 
11 50 71 39 43 49 
39 43 49 81 45 47 
81 45 47 87 33 59 
87 33 59 41 35 64 
41 35 64 13 36 69 
13 36 69 116 36 72 
116 36 72 12 33 77 
12 33 77 120 23 75 
120 23 75 96 8 72 
96 8 72 40 0 72 
40 0 72 101 1 81 
101 1 81 24 1 91 
24 1 91 2 1 92 
2 1 92 58 26 64 
58 26 64 9 24 62 
9 24 62 131 20 1 
131 20 1 60 51 25 
60 51 25 59 69 23 
59 69 23 1 39 13