93 117 78 1 114 76 
1 114 76 68 114 69 
68 114 69 81 123 75 
81 123 75 112 128 67 
112 128 67 21 122 58 
21 122 58 89 123 54 
89 123 54 143 137 67 
143 137 67 25 144 60 
25 144 60 106 154 53 
106 154 53 91 149 43 
91 149 43 109 144 35 
109 144 35 66 147 28 
66 147 28 4 146 21 
4 146 21 28 146 21 
28 146 21 80 143 73 
80 143 73 41 145 70 
41 145 70 20 138 81 
20 138 81 145 144 83 
145 144 83 43 144 89 
43 144 89 76 139 98 
76 139 98 124 141 105 
124 141 105 113 140 108 
113 140 108 51 134 112 
51 134 112 83 131 106 
83 131 106 7 123 101 
7 123 101 54 119 97 
54 119 97 147 112 102 
147 112 102 121 113 103 
121 113 103 115 101 107 
115 101 107 70 110 116 
70 110 116 50 109 118 
50 109 118 61 114 120 
61 114 120 73 93 97 
73 93 97 10 86 105 
10 86 105 148 79 106 
148 79 106 130 75 117 
130 75 117 90 84 126 
90 84 126 14 97 127 
14 97 127 139 97 128 
139 97 128 155 99 135 
155 99 135 63 80 131 
63 80 131 27 81 143 
27 81 143 114 74 152 
114 74 152 110 70 155 
110 70 155 2 65 154 
2 65 154 65 77 130 
65 77 130 127 68 139 
127 68 139 100 62 135 
100 62 135 47 58 132 
47 58 132 108 61 114 
108 61 114 129 58 104 
129 58 104 98 60 100 
98 60 100 120 58 85 
120 58 85 45 53 77 
45 53 77 132 56 73 
132 56 73 22 61 66 
22 61 66 134 59 51 
134 59 51 96 71 54 
96 71 54 5 78 55 
5 78 55 94 83 58 
94 83 58 116 84 63 
116 84 63 58 79 67 
58 79 67 102 78 80 
102 78 80 149 73 84 
149 73 84 125 75 86 
125 75 86 69 74 90 
69 74 90 92 89 69 
92 89 69 12 98 68 
12 98 68 151 78 50 
151 78 50 85 82 42 
85 82 42 3 88 39 
3 88 39 99 93 44 
99 93 44 53 89 49 
53 89 49 78 92 56 
78 92 56 82 103 47 
82 103 47 74 110 43 
74 110 43 6 105 37 
6 105 37 101 107 30 
101 107 30 49 117 23 
49 117 23 24 125 22 
24 125 22 142 100 17 
142 100 17 60 95 15 
60 95 15 105 103 7 
105 103 7 52 82 38 
52 82 38 126 54 38 
126 54 38 64 53 32 
64 53 32 107 58 28 
107 58 28 13 55 25 
13 55 25 23 54 16 
23 54 16 103 61 13 
103 61 13 15 62 16 
15 62 16 32 67 15 
32 67 15 26 71 16 
26 71 16 11 74 6 
11 74 6 46 76 22 
46 76 22 131 71 27 
131 71 27 72 72 29 
72 72 29 117 49 13 
117 49 13 57 35 10 
57 35 10 19 25 1 
19 25 1 30 8 5 
30 8 5 29 4 1 
29 4 1 79 0 8 
79 0 8 150 50 11 
150 50 11 152 44 49 
152 44 49 56 39 46 
56 39 46 33 40 41 
33 40 41 135 32 37 
135 32 37 111 34 29 
111 34 29 133 28 54 
133 28 54 16 28 55 
16 28 55 95 41 65 
95 41 65 55 16 57 
55 16 57 35 11 68 
35 11 68 17 7 77 
17 7 77 137 11 86 
137 11 86 97 6 95 
97 6 95 59 10 109 
59 10 109 37 15 111 
37 15 111 18 19 118 
18 19 118 67 30 129 
67 30 129 39 19 138 
39 19 138 140 10 156 
140 10 156 156 34 132 
156 34 132 128 31 146 
128 31 146 86 33 152 
86 33 152 122 15 122 
122 15 122 84 5 121 
84 5 121 118 27 104 
118 27 104 0 36 108 
0 36 108 38 40 116 
38 40 116 62 0 112 
62 0 112 154 23 88 
154 23 88 75 34 84 
75 34 84 87 6 43 
87 6 43 34 4 37 
34 4 37 36 1 37 
36 1 37 138 121 105 
138 121 105 146 134 118 
146 134 118 71 134 122 
71 134 122 44 129 136 
44 129 136 123 137 145 
123 137 145 42 141 137 
42 141 137 77 148 133 
77 148 133 153 149 144 
153 149 144 88 135 151 
88 135 151 48 125 154 
48 125 154 31 117 153 
31 117 153 119 114 142 
119 114 142 136 106 150 
136 106 150 9 99 151 
9 99 151 8 96 152 
8 96 152 141 142 117 
141 142 117 144 145 107 
144 145 107 40 155 106 
40 155 106 104 151 95 
104 151 95 93 117 78