1 63 8 127 59 5 
127 59 5 124 48 15 
124 48 15 38 36 9 
38 36 9 86 29 7 
86 29 7 66 23 12 
66 23 12 95 19 19 
95 19 19 101 13 19 
101 13 19 8 10 34 
8 10 34 60 0 16 
60 0 16 130 32 26 
130 32 26 10 39 37 
10 39 37 29 32 40 
29 32 40 68 40 38 
68 40 38 37 34 23 
37 34 23 51 48 26 
51 48 26 82 52 28 
82 52 28 21 57 43 
21 57 43 45 63 49 
45 63 49 53 60 61 
53 60 61 48 68 62 
48 68 62 131 74 66 
131 74 66 36 71 75 
36 71 75 117 73 79 
117 73 79 58 78 91 
58 78 91 14 80 96 
14 80 96 17 84 91 
17 84 91 32 97 98 
32 97 98 103 65 90 
103 65 90 67 84 66 
67 84 66 24 86 57 
24 86 57 27 88 44 
27 88 44 79 89 58 
79 89 58 85 94 62 
85 94 62 39 105 68 
39 105 68 56 112 74 
56 112 74 18 113 80 
18 113 80 77 113 84 
77 113 84 104 115 89 
104 115 89 88 118 102 
88 118 102 25 115 106 
25 115 106 99 109 108 
99 109 108 40 131 96 
40 131 96 46 138 92 
46 138 92 133 132 110 
133 132 110 63 130 121 
63 130 121 41 126 125 
41 126 125 105 127 130 
105 127 130 6 128 137 
6 128 137 93 138 111 
93 138 111 123 119 86 
123 119 86 113 104 81 
113 104 81 94 99 79 
94 99 79 122 101 55 
122 101 55 7 106 53 
7 106 53 75 113 52 
75 113 52 35 116 58 
35 116 58 70 122 57 
70 122 57 116 128 68 
116 128 68 120 132 70 
120 132 70 102 138 63 
102 138 63 42 117 44 
42 117 44 47 122 36 
47 122 36 19 124 33 
19 124 33 64 126 30 
64 126 30 22 131 28 
22 131 28 110 124 28 
110 124 28 137 120 26 
137 120 26 15 125 12 
15 125 12 111 130 14 
111 130 14 81 133 13 
81 133 13 33 135 12 
33 135 12 107 132 9 
107 132 9 135 125 39 
135 125 39 78 129 38 
78 129 38 97 109 37 
97 109 37 74 56 66 
74 56 66 34 53 64 
34 53 64 112 40 60 
112 40 60 44 34 62 
44 34 62 30 33 61 
30 33 61 132 26 62 
132 26 62 125 22 64 
125 22 64 54 14 57 
54 14 57 71 23 69 
71 23 69 0 16 71 
0 16 71 57 16 77 
57 16 77 62 16 91 
62 16 91 89 22 95 
89 22 95 65 32 95 
65 32 95 43 40 95 
43 40 95 12 45 93 
12 45 93 61 50 90 
61 50 90 23 51 91 
23 51 91 134 39 99 
134 39 99 28 44 102 
28 44 102 5 42 108 
5 42 108 91 52 103 
91 52 103 136 19 99 
136 19 99 9 13 108 
9 13 108 31 19 114 
31 19 114 83 18 124 
83 18 124 20 16 130 
20 16 130 59 7 131 
59 7 131 96 22 134 
96 22 134 52 34 130 
52 34 130 2 37 131 
2 37 131 26 48 124 
26 48 124 11 61 136 
11 61 136 72 67 133 
72 67 133 69 68 136 
69 68 136 80 75 133 
80 75 133 13 72 126 
13 72 126 115 90 121 
115 90 121 121 71 123 
121 71 123 98 50 122 
98 50 122 16 34 125 
16 34 125 129 22 113 
129 22 113 106 31 108 
106 31 108 138 25 76 
138 25 76 100 27 76 
100 27 76 128 36 66 
128 36 66 119 45 53 
119 45 53 126 50 70 
126 50 70 87 51 73 
87 51 73 3 48 74 
3 48 74 108 60 74 
108 60 74 50 70 0 
50 70 0 4 74 0 
4 74 0 73 88 0 
73 88 0 55 92 12 
55 92 12 109 92 15 
109 92 15 76 87 22 
76 87 22 49 84 17 
49 84 17 92 81 15 
92 81 15 84 92 27 
84 92 27 118 99 23 
118 99 23 114 107 15 
114 107 15 90 65 10 
90 65 10 1 63 8