1 63 16 34 60 19 
34 60 19 42 55 14 
42 55 14 20 56 12 
20 56 12 59 49 9 
59 49 9 43 46 14 
43 46 14 8 38 8 
8 38 8 69 39 5 
69 39 5 23 38 1 
23 38 1 14 32 0 
14 32 0 66 31 4 
66 31 4 67 28 3 
67 28 3 5 22 10 
5 22 10 17 24 19 
17 24 19 75 26 26 
75 26 26 10 32 26 
10 32 26 24 37 29 
24 37 29 72 41 34 
72 41 34 51 38 40 
51 38 40 38 45 43 
38 45 43 31 49 44 
31 49 44 6 50 50 
6 50 50 65 52 53 
65 52 53 32 53 53 
32 53 53 16 54 52 
16 54 52 9 56 51 
9 56 51 68 64 49 
68 64 49 50 67 51 
50 67 51 2 64 54 
2 64 54 48 69 55 
48 69 55 27 67 62 
27 67 62 46 63 68 
46 63 68 11 60 74 
11 60 74 55 70 62 
55 70 62 28 73 62 
28 73 62 74 75 74 
74 75 74 57 67 47 
57 67 47 49 71 43 
49 71 43 47 65 32 
47 65 32 60 72 43 
60 72 43 4 75 43 
4 75 43 58 47 64 
58 47 64 70 44 48 
70 44 48 15 33 45 
15 33 45 30 28 46 
30 28 46 73 23 38 
73 23 38 54 22 38 
54 22 38 35 21 38 
35 21 38 25 14 40 
25 14 40 21 13 47 
21 13 47 13 16 52 
13 16 52 3 23 58 
3 23 58 12 26 64 
12 26 64 41 16 68 
41 16 68 26 15 73 
26 15 73 22 19 75 
22 19 75 71 19 74 
71 19 74 29 0 74 
29 0 74 36 7 60 
36 7 60 53 9 40 
53 9 40 0 2 36 
0 2 36 18 0 48 
18 0 48 37 15 16 
37 15 16 7 12 6 
7 12 6 62 6 2 
62 6 2 63 5 2 
63 5 2 39 10 18 
39 10 18 40 9 19 
40 9 19 19 7 20 
19 7 20 45 59 4 
45 59 4 64 65 1 
64 65 1 33 73 4 
33 73 4 52 54 14 
52 54 14 44 56 21 
44 56 21 61 64 11 
61 64 11 56 73 14 
56 73 14 1 63 16