1 54 8 20 52 0 
20 52 0 0 41 2 
0 41 2 22 58 14 
22 58 14 14 57 21 
14 57 21 50 54 26 
50 54 26 24 58 30 
24 58 30 19 55 31 
19 55 31 54 53 34 
54 53 34 38 51 39 
38 51 39 16 53 48 
16 53 48 8 56 47 
8 56 47 59 55 50 
59 55 50 2 56 50 
2 56 50 53 60 51 
53 60 51 46 61 54 
46 61 54 45 65 60 
45 65 60 13 66 65 
13 66 65 56 55 53 
56 55 53 21 52 59 
21 52 59 43 53 63 
43 53 63 62 55 65 
62 55 65 49 43 54 
49 43 54 35 41 56 
35 41 56 39 37 58 
39 37 58 27 37 60 
27 37 60 64 28 65 
64 28 65 66 37 45 
66 37 45 15 32 41 
15 32 41 60 31 32 
60 31 32 42 30 26 
42 30 26 3 31 26 
3 31 26 44 38 18 
44 38 18 18 40 15 
18 40 15 40 26 15 
40 26 15 26 28 10 
26 28 10 52 24 29 
52 24 29 12 22 28 
12 22 28 36 15 24 
36 15 24 41 14 26 
41 14 26 30 12 28 
30 12 28 34 11 29 
34 11 29 61 12 24 
61 12 24 9 10 22 
9 10 22 4 7 24 
4 7 24 10 8 26 
10 8 26 11 4 28 
11 4 28 25 10 7 
25 10 7 28 7 2 
28 7 2 5 9 0 
5 9 0 63 15 2 
63 15 2 47 21 32 
47 21 32 33 13 39 
33 13 39 57 5 44 
57 5 44 6 0 44 
6 0 44 31 8 51 
31 8 51 37 5 53 
37 5 53 32 7 58 
32 7 58 48 14 63 
48 14 63 55 1 65 
55 1 65 58 29 50 
58 29 50 7 19 50 
7 19 50 65 59 32 
65 59 32 51 63 32 
51 63 32 17 66 38 
17 66 38 23 64 13 
23 64 13 29 64 6 
29 64 6 1 54 8