82 34 54 1 31 49 
1 31 49 78 24 47 
78 24 47 14 38 54 
14 38 54 43 43 51 
43 43 51 18 40 41 
18 40 41 86 41 40 
86 41 40 80 41 36 
80 41 36 25 37 38 
25 37 38 16 42 28 
16 42 28 55 45 22 
55 45 22 66 41 20 
66 41 20 2 43 18 
2 43 18 84 44 12 
84 44 12 46 45 3 
46 45 3 51 54 9 
51 54 9 53 56 12 
53 56 12 36 70 10 
36 70 10 5 72 20 
5 72 20 61 80 16 
61 80 16 39 83 23 
39 83 23 20 36 19 
20 36 19 70 30 20 
70 30 20 15 34 26 
15 34 26 23 25 26 
23 25 26 40 28 16 
40 28 16 3 21 16 
3 21 16 60 20 13 
60 20 13 4 23 9 
4 23 9 71 20 8 
71 20 8 10 15 15 
10 15 15 31 11 10 
31 11 10 0 12 2 
0 12 2 72 8 2 
72 8 2 79 11 17 
79 11 17 22 10 20 
22 10 20 62 12 21 
62 12 21 44 16 23 
44 16 23 50 18 21 
50 18 21 26 18 22 
26 18 22 64 8 22 
64 8 22 28 7 30 
28 7 30 59 6 42 
59 6 42 63 5 49 
63 5 49 27 0 57 
27 0 57 76 1 60 
76 1 60 83 33 13 
83 33 13 74 47 23 
74 47 23 17 52 23 
17 52 23 73 54 34 
73 54 34 12 63 38 
12 63 38 38 67 36 
38 67 36 49 77 42 
49 77 42 8 85 50 
8 85 50 57 77 61 
57 77 61 29 86 70 
29 86 70 45 68 53 
45 68 53 11 66 51 
11 66 51 69 47 50 
69 47 50 7 51 48 
7 51 48 32 48 56 
32 48 56 85 31 61 
85 31 61 37 23 62 
37 23 62 77 29 68 
77 29 68 41 32 76 
41 32 76 35 32 76 
35 32 76 56 30 79 
56 30 79 6 28 78 
6 28 78 48 29 83 
48 29 83 47 21 86 
47 21 86 19 21 86 
19 21 86 24 13 82 
24 13 82 58 2 78 
58 2 78 67 37 71 
67 37 71 68 42 69 
68 42 69 21 44 67 
21 44 67 65 46 69 
65 46 69 42 51 65 
42 51 65 54 61 65 
54 61 65 75 37 79 
75 37 79 13 44 76 
13 44 76 33 56 80 
33 56 80 34 61 84 
34 61 84 81 68 76 
81 68 76 9 73 80 
9 73 80 30 79 81 
30 79 81 52 23 71 
52 23 71 82 34 54