4 93 96 1 93 97 
1 93 97 0 98 96 
0 98 96 74 103 101 
74 103 101 41 108 94 
41 108 94 84 108 110 
84 108 110 57 99 111 
57 99 111 34 92 86 
34 92 86 19 96 84 
19 96 84 30 98 86 
30 98 86 86 105 76 
86 105 76 100 104 63 
100 104 63 25 102 59 
25 102 59 48 96 57 
48 96 57 81 93 64 
81 93 64 88 89 48 
88 89 48 27 83 50 
27 83 50 91 78 62 
91 78 62 10 72 62 
10 72 62 42 70 61 
42 70 61 22 67 51 
22 67 51 87 55 47 
87 55 47 15 52 52 
15 52 52 23 47 48 
23 47 48 96 42 53 
96 42 53 18 29 55 
18 29 55 54 21 48 
54 21 48 78 16 40 
78 16 40 16 23 31 
16 23 31 47 16 25 
47 16 25 70 8 41 
70 8 41 43 3 41 
43 3 41 45 5 37 
45 5 37 28 0 28 
28 0 28 35 4 25 
35 4 25 103 4 12 
103 4 12 77 1 10 
77 1 10 94 5 12 
94 5 12 33 11 7 
33 11 7 107 15 3 
107 15 3 6 19 0 
6 19 0 110 25 13 
110 25 13 51 3 52 
51 3 52 53 9 56 
53 9 56 14 6 66 
14 6 66 68 3 78 
68 3 78 98 0 89 
98 0 89 12 2 98 
12 2 98 79 6 108 
79 6 108 26 4 110 
26 4 110 111 17 109 
111 17 109 5 26 105 
5 26 105 7 31 106 
7 31 106 80 32 106 
80 32 106 8 18 110 
8 18 110 62 17 103 
62 17 103 76 22 63 
76 22 63 31 22 66 
31 22 66 67 32 69 
67 32 69 106 18 71 
106 18 71 66 20 78 
66 20 78 52 25 84 
52 25 84 61 19 89 
61 19 89 56 52 42 
56 52 42 46 50 37 
46 50 37 109 40 36 
109 40 36 32 39 41 
32 39 41 105 56 40 
105 56 40 101 65 35 
101 65 35 24 68 24 
24 68 24 9 70 23 
9 70 23 102 73 21 
102 73 21 95 80 26 
95 80 26 75 81 36 
75 81 36 93 88 21 
93 88 21 72 90 30 
72 90 30 65 91 32 
65 91 32 37 101 29 
37 101 29 71 105 16 
71 105 16 55 106 16 
55 106 16 85 108 4 
85 108 4 36 109 2 
36 109 2 92 105 29 
92 105 29 29 109 34 
29 109 34 2 111 34 
2 111 34 89 89 14 
89 89 14 63 91 7 
63 91 7 38 60 23 
38 60 23 82 46 9 
82 46 9 99 46 4 
99 46 4 13 56 1 
13 56 1 44 89 81 
44 89 81 39 87 82 
39 87 82 104 87 87 
104 87 87 64 83 93 
64 83 93 11 79 103 
11 79 103 73 72 108 
73 72 108 20 66 100 
20 66 100 90 74 92 
90 74 92 21 72 88 
21 72 88 69 62 84 
69 62 84 49 58 92 
49 58 92 40 56 94 
40 56 94 59 55 107 
59 55 107 60 55 92 
60 55 92 3 52 88 
3 52 88 108 46 87 
108 46 87 17 47 80 
17 47 80 50 48 72 
50 48 72 97 46 88 
97 46 88 83 41 91 
83 41 91 58 38 91 
58 38 91 4 93 96