13 11 32 1 15 34 
1 15 34 25 15 36 
25 15 36 51 23 36 
51 23 36 5 26 37 
5 26 37 42 27 41 
42 27 41 19 26 29 
19 26 29 15 30 30 
15 30 30 35 36 30 
35 36 30 20 43 21 
20 43 21 50 49 22 
50 49 22 23 50 29 
23 50 29 8 47 39 
8 47 39 66 43 45 
66 43 45 56 37 54 
56 37 54 55 40 61 
55 40 61 38 38 63 
38 38 63 67 33 62 
67 33 62 43 28 69 
43 28 69 62 44 65 
62 44 65 12 45 63 
12 45 63 18 54 69 
18 54 69 45 57 62 
45 57 62 47 58 58 
47 58 58 22 65 58 
22 65 58 37 55 53 
37 55 53 3 62 50 
3 62 50 33 52 19 
33 52 19 29 60 24 
29 60 24 36 57 14 
36 57 14 54 60 15 
54 60 15 44 65 9 
44 65 9 52 64 8 
52 64 8 57 64 4 
57 64 4 40 63 3 
40 63 3 26 58 0 
26 58 0 39 52 1 
39 52 1 59 4 38 
59 4 38 2 2 33 
2 2 33 11 0 30 
11 0 30 69 2 27 
69 2 27 21 4 20 
21 4 20 41 4 14 
41 4 14 46 9 11 
46 9 11 7 19 11 
7 19 11 17 26 10 
17 26 10 27 30 10 
27 30 10 16 33 12 
16 33 12 24 35 13 
24 35 13 31 26 3 
31 26 3 58 34 0 
58 34 0 65 35 0 
65 35 0 10 39 1 
10 39 1 48 41 5 
48 41 5 64 5 6 
64 5 6 60 2 4 
60 2 4 63 7 45 
63 7 45 0 8 45 
0 8 45 68 9 47 
68 9 47 9 8 48 
9 8 48 30 2 52 
30 2 52 4 0 52 
4 0 52 34 16 46 
34 16 46 6 17 53 
6 17 53 61 11 56 
61 11 56 14 12 60 
14 12 60 49 12 67 
49 12 67 32 14 29 
32 14 29 53 17 24 
53 17 24 28 21 21 
28 21 21 13 11 32