1 108 84 87 106 72 
87 106 72 26 110 63 
26 110 63 50 96 71 
50 96 71 6 93 77 
6 93 77 59 91 57 
59 91 57 54 80 53 
54 80 53 75 76 52 
75 76 52 93 73 55 
93 73 55 80 77 59 
80 77 59 103 78 60 
103 78 60 32 69 58 
32 69 58 43 68 59 
43 68 59 55 62 58 
55 62 58 9 61 52 
9 61 52 30 52 52 
30 52 52 13 51 65 
13 51 65 49 53 73 
49 53 73 17 41 77 
17 41 77 66 41 82 
66 41 82 44 49 85 
44 49 85 18 61 87 
18 61 87 78 63 87 
78 63 87 4 67 92 
4 67 92 83 72 88 
83 72 88 14 73 88 
14 73 88 24 65 81 
24 65 81 84 40 89 
84 40 89 36 39 98 
36 39 98 64 44 106 
64 44 106 91 45 108 
91 45 108 12 58 105 
12 58 105 41 69 107 
41 69 107 79 29 93 
79 29 93 53 21 89 
53 21 89 56 18 85 
56 18 85 73 9 88 
73 9 88 2 1 78 
2 1 78 98 20 76 
98 20 76 47 29 74 
47 29 74 65 14 103 
65 14 103 61 9 106 
61 9 106 109 7 104 
109 7 104 21 4 105 
21 4 105 108 41 76 
108 41 76 69 50 47 
69 50 47 20 58 41 
20 58 41 88 63 34 
88 63 34 76 70 37 
76 70 37 67 74 28 
67 74 28 10 74 26 
10 74 26 90 86 20 
90 86 20 71 81 8 
71 81 8 58 46 47 
58 46 47 94 37 52 
94 37 52 95 31 54 
95 31 54 7 21 49 
7 21 49 57 16 48 
57 16 48 51 13 41 
51 13 41 5 11 40 
5 11 40 39 12 33 
39 12 33 11 13 26 
11 13 26 42 19 22 
42 19 22 28 25 22 
28 25 22 38 31 16 
38 31 16 104 29 8 
104 29 8 37 29 2 
37 29 2 110 17 3 
110 17 3 97 15 3 
97 15 3 19 6 3 
19 6 3 0 2 7 
0 2 7 101 2 8 
101 2 8 102 2 13 
102 2 13 27 4 1 
27 4 1 106 39 10 
106 39 10 81 46 9 
81 46 9 25 46 2 
25 46 2 45 55 0 
45 55 0 35 56 5 
35 56 5 92 61 8 
92 61 8 40 61 8 
40 61 8 68 66 6 
68 66 6 52 51 21 
52 51 21 22 49 25 
22 49 25 85 27 25 
85 27 25 8 38 35 
8 38 35 33 24 35 
33 24 35 96 13 59 
96 13 59 62 23 62 
62 23 62 86 69 48 
86 69 48 46 69 64 
46 69 64 70 84 41 
70 84 41 74 95 43 
74 95 43 31 98 37 
31 98 37 3 102 42 
3 102 42 16 102 49 
16 102 49 34 104 30 
34 104 30 99 105 19 
99 105 19 23 104 15 
23 104 15 15 109 13 
15 109 13 29 105 10 
29 105 10 63 108 1 
63 108 1 89 107 1 
89 107 1 100 98 6 
100 98 6 82 94 2 
82 94 2 77 102 94 
77 102 94 107 99 94 
107 99 94 60 97 100 
60 97 100 48 97 108 
48 97 108 72 107 109 
72 107 109 105 95 91 
105 95 91 1 108 84