113 55 120 1 46 115 
1 46 115 30 39 121 
30 39 121 95 57 115 
95 57 115 40 66 119 
40 66 119 54 76 111 
54 76 111 121 76 103 
121 76 103 50 74 97 
50 74 97 116 71 93 
116 71 93 104 64 85 
104 64 85 68 86 98 
68 86 98 8 92 106 
8 92 106 16 96 105 
16 96 105 20 105 119 
20 105 119 83 104 101 
83 104 101 65 115 101 
65 115 101 75 113 91 
75 113 91 44 116 91 
44 116 91 24 119 83 
24 119 83 35 113 76 
35 113 76 82 108 85 
82 108 85 107 86 90 
107 86 90 125 90 86 
125 90 86 62 93 75 
62 93 75 98 56 106 
98 56 106 78 55 104 
78 55 104 115 51 101 
115 51 101 53 46 104 
53 46 104 11 44 102 
11 44 102 3 36 106 
3 36 106 6 32 100 
6 32 100 102 27 101 
102 27 101 72 25 97 
72 25 97 76 21 92 
76 21 92 87 20 86 
87 20 86 64 11 83 
64 11 83 63 3 83 
63 3 83 99 20 106 
99 20 106 85 15 114 
85 15 114 97 20 119 
97 20 119 70 14 121 
70 14 121 55 10 123 
55 10 123 111 14 103 
111 14 103 79 12 98 
79 12 98 9 13 96 
9 13 96 13 7 95 
13 7 95 124 46 95 
124 46 95 37 41 90 
37 41 90 15 44 81 
15 44 81 5 44 70 
5 44 70 26 35 66 
26 35 66 0 30 64 
0 30 64 86 30 56 
86 30 56 33 35 53 
33 35 53 122 35 50 
122 35 50 92 48 45 
92 48 45 36 57 42 
36 57 42 18 61 37 
18 61 37 38 64 35 
38 64 35 84 60 30 
84 60 30 45 58 29 
45 58 29 22 50 27 
22 50 27 69 40 34 
69 40 34 77 34 29 
77 34 29 58 32 33 
58 32 33 32 25 31 
32 25 31 100 18 34 
100 18 34 106 17 34 
106 17 34 48 5 44 
48 5 44 108 1 39 
108 1 39 67 15 30 
67 15 30 93 10 23 
93 10 23 46 19 16 
46 19 16 52 8 19 
52 8 19 27 4 15 
27 4 15 101 11 7 
101 11 7 41 11 0 
41 11 0 7 5 3 
7 5 3 123 21 4 
123 21 4 117 32 6 
117 32 6 39 35 12 
39 35 12 43 33 15 
43 33 15 42 34 16 
42 34 16 88 40 8 
88 40 8 23 53 11 
23 53 11 90 69 38 
90 69 38 29 74 33 
29 74 33 60 80 35 
60 80 35 31 81 37 
31 81 37 71 81 34 
71 81 34 91 89 33 
91 89 33 17 94 38 
17 94 38 109 97 40 
109 97 40 114 109 39 
114 109 39 51 108 51 
51 108 51 19 119 47 
19 119 47 81 121 55 
81 121 55 34 121 60 
34 121 60 56 112 32 
56 112 32 118 109 27 
118 109 27 119 78 18 
119 78 18 80 73 5 
80 73 5 49 87 3 
49 87 3 110 99 8 
110 99 8 14 95 18 
14 95 18 57 114 10 
57 114 10 47 125 7 
47 125 7 59 59 45 
59 59 45 94 61 47 
94 61 47 21 66 54 
21 66 54 25 72 52 
25 72 52 12 82 57 
12 82 57 73 77 67 
73 77 67 96 93 57 
96 93 57 105 25 50 
105 25 50 4 22 51 
4 22 51 89 18 68 
89 18 68 28 8 62 
28 8 62 10 7 64 
10 7 64 61 4 62 
61 4 62 112 52 72 
112 52 72 2 54 74 
2 54 74 120 36 91 
120 36 91 66 31 87 
66 31 87 103 57 102 
103 57 102 74 58 103 
74 58 103 113 55 120