1 1 13 20 18 18 
20 18 18 100 15 28 
100 15 28 106 14 32 
106 14 32 8 1 30 
8 1 30 63 14 42 
63 14 42 23 3 55 
23 3 55 43 5 63 
43 5 63 12 23 72 
12 23 72 71 34 84 
71 34 84 127 42 83 
127 42 83 88 56 91 
88 56 91 86 58 96 
86 58 96 13 65 100 
13 65 100 37 75 93 
37 75 93 6 72 88 
6 72 88 120 65 80 
120 65 80 49 59 76 
49 59 76 135 62 68 
135 62 68 5 58 68 
5 58 68 80 57 68 
80 57 68 48 56 68 
48 56 68 97 63 62 
97 63 62 39 58 59 
39 58 59 0 53 57 
0 53 57 105 59 52 
105 59 52 98 59 45 
98 59 45 99 55 35 
99 55 35 110 47 50 
110 47 50 65 41 51 
65 41 51 59 42 59 
59 42 59 117 80 93 
117 80 93 53 87 85 
53 87 85 27 78 76 
27 78 76 26 78 70 
26 78 70 31 90 80 
31 90 80 108 95 73 
108 95 73 42 94 71 
42 94 71 93 93 62 
93 93 62 125 90 55 
125 90 55 128 96 51 
128 96 51 51 101 51 
51 101 51 21 105 38 
21 105 38 34 98 30 
34 98 30 116 98 19 
116 98 19 36 107 6 
36 107 6 74 103 1 
74 103 1 133 113 11 
133 113 11 90 119 13 
90 119 13 96 129 11 
96 129 11 102 130 3 
102 130 3 112 123 1 
112 123 1 113 88 12 
113 88 12 82 75 20 
82 75 20 15 67 13 
15 67 13 115 87 8 
115 87 8 76 109 34 
76 109 34 28 114 37 
28 114 37 137 124 40 
137 124 40 109 126 39 
109 126 39 17 133 42 
17 133 42 72 134 48 
72 134 48 9 133 57 
9 133 57 61 136 66 
61 136 66 124 133 69 
124 133 69 78 126 68 
78 126 68 114 128 77 
114 128 77 56 125 88 
56 125 88 101 114 95 
101 114 95 89 112 104 
89 112 104 87 107 104 
87 107 104 91 104 115 
91 104 115 83 110 118 
83 110 118 70 116 124 
70 116 124 50 113 133 
50 113 133 67 123 132 
67 123 132 45 130 128 
45 130 128 44 136 126 
44 136 126 136 133 101 
136 133 101 130 127 110 
130 127 110 52 129 48 
52 129 48 107 120 53 
107 120 53 46 121 59 
46 121 59 25 117 63 
25 117 63 81 112 61 
81 112 61 121 137 30 
121 137 30 40 114 30 
40 114 30 129 86 54 
129 86 54 132 80 49 
132 80 49 16 77 35 
16 77 35 118 103 72 
118 103 72 10 103 72 
10 103 72 77 107 76 
77 107 76 60 111 80 
60 111 80 64 106 79 
64 106 79 55 88 100 
55 88 100 41 92 98 
41 92 98 95 92 105 
95 92 105 122 82 104 
122 82 104 47 77 107 
47 77 107 30 75 108 
30 75 108 119 77 114 
119 77 114 18 78 115 
18 78 115 66 74 122 
66 74 122 38 67 122 
38 67 122 104 64 134 
104 64 134 32 53 136 
32 53 136 7 49 133 
7 49 133 3 40 136 
3 40 136 4 37 127 
4 37 127 58 38 117 
58 38 117 62 37 114 
62 37 114 19 45 108 
19 45 108 24 51 113 
24 51 113 134 46 106 
134 46 106 79 43 102 
79 43 102 85 27 99 
85 27 99 54 11 102 
54 11 102 29 10 109 
29 10 109 75 12 117 
75 12 117 69 20 122 
69 20 122 92 10 125 
92 10 125 68 0 136 
68 0 136 103 4 122 
103 4 122 123 5 111 
123 5 111 33 3 97 
33 3 97 22 1 102 
22 1 102 35 2 90 
35 2 90 11 5 87 
11 5 87 111 27 99 
111 27 99 94 74 124 
94 74 124 73 83 110 
73 83 110 57 0 66 
57 0 66 131 18 44 
131 18 44 126 20 45 
126 20 45 84 31 13 
84 31 13 2 35 22 
2 35 22 14 45 13 
14 45 13 1 1 13