8 35 19 1 29 14 
1 29 14 44 30 10 
44 30 10 20 35 2 
20 35 2 5 28 21 
5 28 21 11 28 24 
11 28 24 28 25 28 
28 25 28 21 27 35 
21 27 35 38 20 24 
38 20 24 29 19 21 
29 19 21 42 14 23 
42 14 23 33 12 20 
33 12 20 17 1 21 
17 1 21 36 0 22 
36 0 22 34 11 13 
34 11 13 41 12 5 
41 12 5 22 11 4 
22 11 4 3 8 2 
3 8 2 40 7 2 
40 7 2 39 4 4 
39 4 4 32 13 5 
32 13 5 51 16 3 
51 16 3 48 22 6 
48 22 6 4 24 0 
4 24 0 37 37 21 
37 37 21 6 42 23 
6 42 23 9 39 31 
9 39 31 2 41 35 
2 41 35 30 42 40 
30 42 40 47 39 43 
47 39 43 15 35 42 
15 35 42 14 28 43 
14 28 43 19 22 49 
19 22 49 50 17 45 
50 17 45 27 13 47 
27 13 47 49 1 48 
49 1 48 10 0 46 
10 0 46 43 17 37 
43 17 37 24 37 46 
24 37 46 0 43 47 
0 43 47 12 44 51 
12 44 51 18 45 44 
18 45 44 35 46 47 
35 46 47 25 51 50 
25 51 50 7 46 35 
7 46 35 23 50 39 
23 50 39 26 47 22 
26 47 22 31 47 16 
31 47 16 46 48 22 
46 48 22 45 36 17 
45 36 17 16 41 13 
16 41 13 13 43 8 
13 43 8 8 35 19