1 0 3 19 0 3 
19 0 3 9 0 5 
9 0 5 28 5 1 
28 5 1 2 5 1 
2 5 1 15 8 2 
15 8 2 18 12 10 
18 12 10 11 18 5 
11 18 5 4 22 7 
4 22 7 0 21 14 
0 21 14 22 26 21 
22 26 21 12 18 26 
12 18 26 16 13 27 
16 13 27 24 7 27 
24 7 27 5 2 24 
5 2 24 10 9 22 
10 9 22 26 12 21 
26 12 21 27 5 19 
27 5 19 14 6 17 
14 6 17 17 2 29 
17 2 29 20 3 32 
20 3 32 29 5 33 
29 5 33 30 17 30 
30 17 30 6 20 31 
6 20 31 8 27 31 
8 27 31 33 27 21 
33 27 21 25 28 21 
25 28 21 31 31 18 
31 31 18 32 31 17 
32 31 17 3 30 16 
3 30 16 13 30 8 
13 30 8 7 32 8 
7 32 8 21 19 4 
21 19 4 23 11 0 
23 11 0 1 0 3