7 79 29 1 79 14 
1 79 14 44 86 10 
44 86 10 68 84 6 
68 84 6 94 82 4 
94 82 4 73 99 3 
73 99 3 99 105 3 
99 105 3 65 108 3 
65 108 3 13 119 11 
13 119 11 18 121 20 
18 121 20 49 125 25 
49 125 25 126 72 6 
126 72 6 52 69 39 
52 69 39 33 64 47 
33 64 47 78 57 54 
78 57 54 5 60 62 
5 60 62 27 69 58 
27 69 58 57 75 56 
57 75 56 63 74 63 
63 74 63 0 70 71 
0 70 71 116 75 75 
116 75 75 37 83 83 
37 83 83 6 73 87 
6 73 87 110 76 52 
110 76 52 16 60 64 
16 60 64 29 58 67 
29 58 67 12 57 75 
12 57 75 25 50 86 
25 50 86 127 41 92 
127 41 92 32 36 94 
32 36 94 121 31 96 
121 31 96 45 31 106 
45 31 106 102 26 93 
102 26 93 50 27 91 
50 27 91 66 30 82 
66 30 82 23 39 78 
23 39 78 112 43 77 
112 43 77 118 24 82 
118 24 82 108 18 82 
108 18 82 79 49 98 
79 49 98 64 55 96 
64 55 96 90 53 103 
90 53 103 60 59 104 
60 59 104 8 71 107 
8 71 107 11 64 117 
11 64 117 41 62 119 
41 62 119 89 62 119 
89 62 119 42 73 123 
42 73 123 104 75 104 
104 75 104 59 87 100 
59 87 100 46 96 100 
46 96 100 120 92 109 
120 92 109 9 91 115 
9 91 115 82 96 121 
82 96 121 30 106 126 
30 106 126 36 120 119 
36 120 119 43 124 118 
43 124 118 119 123 115 
119 123 115 38 120 110 
38 120 110 61 127 106 
61 127 106 70 123 97 
70 123 97 39 114 91 
39 114 91 58 118 78 
58 118 78 107 110 76 
107 110 76 26 111 67 
26 111 67 35 99 69 
35 99 69 123 95 58 
123 95 58 88 113 65 
88 113 65 114 114 59 
114 114 59 2 123 63 
2 123 63 97 126 62 
97 126 62 87 111 47 
87 111 47 40 119 48 
40 119 48 124 125 49 
124 125 49 103 103 49 
103 103 49 80 123 115 
80 123 115 101 88 124 
101 88 124 20 98 114 
20 98 114 74 100 109 
74 100 109 62 52 108 
62 52 108 53 50 111 
53 50 111 55 45 122 
55 45 122 91 40 119 
91 40 119 84 37 127 
84 37 127 115 31 121 
115 31 121 48 18 114 
48 18 114 14 14 105 
14 14 105 21 8 109 
21 8 109 75 4 121 
75 4 121 125 5 122 
125 5 122 122 54 62 
122 54 62 98 54 45 
98 54 45 15 44 50 
15 44 50 95 44 52 
95 44 52 69 42 61 
69 42 61 111 60 35 
111 60 35 51 51 31 
51 51 31 117 52 27 
117 52 27 17 48 24 
17 48 24 86 50 17 
86 50 17 24 47 5 
24 47 5 34 35 7 
34 35 7 4 35 10 
4 35 10 31 32 6 
31 32 6 85 24 10 
85 24 10 105 12 7 
105 12 7 67 7 8 
67 7 8 77 10 15 
77 10 15 22 9 16 
22 9 16 96 1 21 
96 1 21 28 11 15 
28 11 15 92 7 5 
92 7 5 113 28 22 
113 28 22 3 25 25 
3 25 25 109 13 28 
109 13 28 100 13 33 
100 13 33 19 10 36 
19 10 36 81 6 39 
81 6 39 93 9 47 
93 9 47 10 0 53 
10 0 53 47 17 48 
47 17 48 72 25 41 
72 25 41 56 32 36 
56 32 36 106 5 34 
106 5 34 83 65 24 
83 65 24 76 65 24 
76 65 24 54 94 32 
54 94 32 71 100 30 
71 100 30 7 79 29