1 2 11 24 9 8 
24 9 8 28 7 4 
28 7 4 22 5 2 
22 5 2 17 11 1 
17 11 1 26 14 3 
26 14 3 21 16 8 
21 16 8 12 13 15 
12 13 15 9 16 21 
9 16 21 8 16 23 
8 16 23 4 19 21 
4 19 21 14 19 17 
14 19 17 16 25 14 
16 25 14 7 25 15 
7 25 15 27 27 20 
27 27 20 15 27 22 
15 27 22 10 25 12 
10 25 12 20 28 13 
20 28 13 19 29 12 
19 29 12 0 20 27 
0 20 27 2 23 28 
2 23 28 11 11 27 
11 11 27 25 9 26 
25 9 26 5 7 27 
5 7 27 18 5 23 
18 5 23 3 4 19 
3 4 19 6 0 19 
6 0 19 13 2 24 
13 2 24 23 10 16 
23 10 16 29 20 1 
29 20 1 1 2 11