1 59 47 32 71 43 
32 71 43 133 74 54 
133 74 54 127 83 60 
127 83 60 93 73 69 
93 73 69 65 67 77 
65 67 77 13 72 83 
13 72 83 141 73 84 
141 73 84 123 72 92 
123 72 92 98 75 94 
98 75 94 143 73 101 
143 73 101 16 74 115 
16 74 115 4 78 120 
4 78 120 41 81 122 
41 81 122 83 88 125 
83 88 125 91 93 124 
91 93 124 116 98 120 
116 98 120 45 105 113 
45 105 113 2 111 109 
2 111 109 94 117 111 
94 117 111 145 119 115 
145 119 115 58 124 121 
58 124 121 80 119 124 
80 119 124 97 135 117 
97 135 117 7 139 111 
7 139 111 81 142 109 
81 142 109 25 143 107 
25 143 107 23 141 94 
23 141 94 103 145 122 
103 145 122 114 143 127 
114 143 127 17 145 137 
17 145 137 126 142 144 
126 142 144 78 106 123 
78 106 123 139 107 135 
139 107 135 44 105 140 
44 105 140 56 59 115 
56 59 115 9 59 117 
9 59 117 12 46 129 
12 46 129 14 41 134 
14 41 134 20 28 137 
20 28 137 144 25 143 
144 25 143 30 54 137 
30 54 137 36 55 142 
36 55 142 131 66 137 
131 66 137 88 40 116 
88 40 116 82 30 120 
82 30 120 62 29 118 
62 29 118 15 24 104 
15 24 104 63 16 100 
63 16 100 10 15 94 
10 15 94 128 19 88 
128 19 88 111 8 83 
111 8 83 85 17 74 
85 17 74 26 16 100 
26 16 100 43 9 98 
43 9 98 27 2 95 
27 2 95 54 13 105 
54 13 105 40 16 119 
40 16 119 129 0 116 
129 0 116 132 0 128 
132 0 128 100 2 137 
100 2 137 99 6 137 
99 6 137 117 58 101 
117 58 101 59 64 83 
59 64 83 57 56 81 
57 56 81 53 49 87 
53 49 87 87 90 62 
87 90 62 48 89 55 
48 89 55 107 89 51 
107 89 51 29 90 45 
29 90 45 66 94 42 
66 94 42 33 101 28 
33 101 28 11 104 25 
11 104 25 134 101 64 
134 101 64 39 111 71 
39 111 71 52 119 64 
52 119 64 31 123 63 
31 123 63 124 125 61 
124 125 61 110 127 53 
110 127 53 42 121 51 
42 121 51 101 116 55 
101 116 55 119 117 47 
119 117 47 84 115 47 
84 115 47 46 109 47 
46 109 47 68 137 53 
68 137 53 18 138 62 
18 138 62 92 144 69 
92 144 69 21 141 72 
21 141 72 0 130 76 
0 130 76 96 123 92 
96 123 92 136 143 49 
136 143 49 34 145 53 
34 145 53 67 143 47 
67 143 47 106 143 36 
106 143 36 72 133 36 
72 133 36 19 125 19 
19 125 19 112 131 14 
112 131 14 76 125 1 
76 125 1 104 142 10 
104 142 10 79 143 4 
79 143 4 115 109 76 
115 109 76 60 105 87 
60 105 87 118 93 90 
118 93 90 121 95 98 
121 95 98 77 91 99 
77 91 99 142 91 90 
142 91 90 113 77 34 
113 77 34 24 81 23 
24 81 23 47 91 12 
47 91 12 102 93 13 
102 93 13 109 95 9 
109 95 9 75 55 38 
75 55 38 95 54 30 
95 54 30 108 51 19 
108 51 19 3 55 13 
3 55 13 90 60 16 
90 60 16 69 60 20 
69 60 20 71 64 18 
71 64 18 28 74 11 
28 74 11 89 45 22 
89 45 22 55 36 12 
55 36 12 120 22 7 
120 22 7 61 35 28 
61 35 28 51 35 30 
51 35 30 64 35 31 
64 35 31 5 33 40 
5 33 40 140 28 40 
140 28 40 122 20 47 
122 20 47 6 28 53 
6 28 53 74 33 61 
74 33 61 70 10 50 
70 10 50 8 10 53 
8 10 53 86 3 62 
86 3 62 130 23 37 
130 23 37 135 15 38 
135 15 38 22 13 39 
22 13 39 49 11 38 
49 11 38 125 56 48 
125 56 48 35 53 47 
35 53 47 73 49 50 
73 49 50 37 46 47 
37 46 47 138 41 50 
138 41 50 38 55 61 
38 55 61 50 62 62 
50 62 62 137 48 63 
137 48 63 105 42 72 
105 42 72 1 59 47