1 71 25 79 66 17 
79 66 17 61 59 16 
61 59 16 47 63 9 
47 63 9 39 58 8 
39 58 8 50 52 15 
50 52 15 4 50 10 
4 50 10 40 47 4 
40 47 4 80 51 18 
80 51 18 16 48 23 
16 48 23 56 44 25 
56 44 25 72 44 27 
72 44 27 36 35 35 
36 35 35 59 31 25 
59 31 25 41 30 18 
41 30 18 11 28 13 
11 28 13 34 23 15 
34 23 15 43 19 22 
43 19 22 15 24 29 
15 24 29 17 12 17 
17 12 17 14 7 20 
14 7 20 62 7 25 
62 7 25 26 6 25 
26 6 25 45 2 22 
45 2 22 13 4 32 
13 4 32 0 4 37 
0 4 37 70 6 40 
70 6 40 6 3 42 
6 3 42 21 2 51 
21 2 51 60 1 53 
60 1 53 73 8 58 
73 8 58 9 8 59 
9 8 59 8 6 65 
8 6 65 52 0 64 
52 0 64 55 12 57 
55 12 57 49 16 49 
49 16 49 23 17 48 
23 17 48 75 16 47 
75 16 47 57 16 38 
57 16 38 54 13 59 
54 13 59 7 19 59 
7 19 59 53 23 60 
53 23 60 46 23 68 
46 23 68 3 30 75 
3 30 75 76 33 69 
76 33 69 58 21 69 
58 21 69 12 19 75 
12 19 75 24 17 77 
24 17 77 64 8 15 
64 8 15 77 8 7 
77 8 7 67 8 3 
67 8 3 22 18 0 
22 18 0 18 32 13 
18 32 13 42 34 9 
42 34 9 51 32 13 
51 32 13 48 33 38 
48 33 38 5 36 40 
5 36 40 37 30 39 
37 30 39 10 33 44 
10 33 44 29 32 49 
29 32 49 31 34 54 
31 34 54 19 51 26 
19 51 26 44 54 30 
44 54 30 69 52 37 
69 52 37 71 54 39 
71 54 39 66 55 49 
66 55 49 32 73 34 
32 73 34 63 71 37 
63 71 37 35 73 39 
35 73 39 65 71 49 
65 71 49 68 70 57 
68 70 57 78 71 60 
78 71 60 2 77 63 
2 77 63 25 76 57 
25 76 57 30 64 69 
30 64 69 33 59 68 
33 59 68 28 51 72 
28 51 72 38 51 68 
38 51 68 27 47 62 
27 47 62 74 69 76 
74 69 76 20 60 79 
20 60 79 1 71 25