1 56 16 30 58 21 
30 58 21 46 57 24 
46 57 24 28 55 29 
28 55 29 8 51 32 
8 51 32 48 46 29 
48 46 29 44 40 26 
44 40 26 19 37 31 
19 37 31 17 30 30 
17 30 30 41 38 37 
41 38 37 50 37 38 
50 37 38 3 33 45 
3 33 45 55 26 50 
55 26 50 43 34 56 
43 34 56 2 34 56 
2 34 56 27 39 59 
27 39 59 25 40 59 
25 40 59 23 45 62 
23 45 62 29 26 61 
29 26 61 13 18 62 
13 18 62 14 16 55 
14 16 55 6 14 55 
6 14 55 16 12 48 
16 12 48 26 10 44 
26 10 44 11 17 39 
11 17 39 9 18 32 
9 18 32 4 16 30 
4 16 30 53 17 29 
53 17 29 42 14 24 
42 14 24 36 11 18 
36 11 18 21 13 17 
21 13 17 45 12 14 
45 12 14 38 7 7 
38 7 7 34 9 5 
34 9 5 58 9 1 
58 9 1 49 3 18 
49 3 18 56 2 25 
56 2 25 59 5 44 
59 5 44 33 9 59 
33 9 59 54 35 22 
54 35 22 15 47 25 
15 47 25 18 46 19 
18 46 19 32 43 13 
32 43 13 62 39 13 
62 39 13 5 29 12 
5 29 12 0 26 14 
0 26 14 60 27 7 
60 27 7 20 22 2 
20 22 2 24 34 2 
24 34 2 52 33 0 
52 33 0 47 46 10 
47 46 10 22 49 10 
22 49 10 61 46 8 
61 46 8 37 45 7 
37 45 7 40 49 2 
40 49 2 10 44 0 
10 44 0 51 49 37 
51 49 37 31 57 34 
31 57 34 35 55 38 
35 55 38 39 61 23 
39 61 23 7 60 15 
7 60 15 57 60 7 
57 60 7 12 62 1 
12 62 1 1 56 16