1 44 99 7 45 98 
7 45 98 86 48 88 
86 48 88 76 61 89 
76 61 89 46 66 98 
46 66 98 52 72 102 
52 72 102 97 69 109 
97 69 109 49 62 114 
49 62 114 110 60 106 
110 60 106 128 64 118 
128 64 118 151 72 122 
151 72 122 6 83 115 
6 83 115 105 94 112 
105 94 112 89 99 111 
89 99 111 101 108 126 
101 108 126 103 119 126 
103 119 126 20 128 127 
20 128 127 23 128 132 
23 128 132 123 123 138 
123 123 138 13 128 144 
13 128 144 73 118 151 
73 118 151 51 114 152 
51 114 152 2 111 159 
2 111 159 131 98 158 
131 98 158 124 84 160 
124 84 160 96 112 152 
96 112 152 27 102 144 
27 102 144 33 92 143 
33 92 143 122 115 136 
122 115 136 130 132 123 
130 132 123 40 147 124 
40 147 124 28 156 113 
28 156 113 53 158 110 
53 158 110 142 154 108 
142 154 108 74 160 127 
74 160 127 139 156 136 
139 156 136 160 154 146 
160 154 146 78 152 158 
78 152 158 116 157 160 
116 157 160 155 144 158 
155 144 158 61 132 113 
61 132 113 39 139 111 
39 139 111 134 138 96 
134 138 96 92 137 94 
92 137 94 64 124 93 
64 124 93 68 139 82 
68 139 82 158 151 91 
158 151 91 150 90 101 
150 90 101 82 73 125 
82 73 125 14 75 127 
14 75 127 16 64 137 
16 64 137 11 58 158 
11 58 158 47 49 138 
47 49 138 18 32 145 
18 32 145 153 22 141 
153 22 141 29 17 140 
29 17 140 77 12 139 
77 12 139 38 5 155 
38 5 155 143 7 157 
143 7 157 83 16 159 
83 16 159 133 18 128 
133 18 128 50 73 142 
50 73 142 152 61 74 
152 61 74 136 63 70 
136 63 70 63 74 74 
63 74 74 70 81 73 
70 81 73 141 83 75 
141 83 75 108 81 86 
108 81 86 157 91 85 
157 91 85 154 40 83 
154 40 83 118 31 70 
118 31 70 114 26 64 
114 26 64 24 31 55 
24 31 55 119 35 52 
119 35 52 127 40 57 
127 40 57 140 19 68 
140 19 68 17 9 85 
17 9 85 44 15 63 
44 15 63 121 15 61 
121 15 61 8 11 51 
8 11 51 0 12 48 
0 12 48 10 14 43 
10 14 43 126 14 40 
126 14 40 26 17 33 
26 17 33 15 22 23 
15 22 23 72 27 11 
72 27 11 146 33 9 
146 33 9 98 42 14 
98 42 14 21 44 5 
21 44 5 85 45 0 
85 45 0 94 49 7 
94 49 7 115 58 11 
115 58 11 60 62 16 
60 62 16 144 63 2 
144 63 2 132 75 9 
132 75 9 45 85 9 
45 85 9 90 94 9 
90 94 9 12 102 4 
12 102 4 135 117 1 
135 117 1 75 125 9 
75 125 9 48 130 11 
48 130 11 95 136 13 
95 136 13 19 139 4 
19 139 4 55 141 1 
55 141 1 156 146 8 
156 146 8 42 135 22 
42 135 22 34 137 26 
34 137 26 66 134 27 
66 134 27 120 126 33 
120 126 33 3 128 42 
3 128 42 69 118 34 
69 118 34 56 116 29 
56 116 29 79 110 30 
79 110 30 30 95 35 
30 95 35 9 91 41 
9 91 41 31 98 43 
31 98 43 148 100 45 
148 100 45 65 96 52 
65 96 52 84 93 51 
84 93 51 4 85 53 
4 85 53 43 75 55 
43 75 55 117 66 53 
117 66 53 37 60 55 
37 60 55 41 53 47 
41 53 47 67 49 42 
67 49 42 35 55 39 
35 55 39 71 54 36 
71 54 36 57 64 49 
57 64 49 147 73 47 
147 73 47 99 75 33 
99 75 33 145 105 56 
145 105 56 5 113 61 
5 113 61 129 109 75 
129 109 75 106 101 71 
106 101 71 138 118 56 
138 118 56 88 138 32 
88 138 32 100 142 34 
100 142 34 32 144 35 
32 144 35 59 152 35 
59 152 35 111 149 49 
111 149 49 81 158 51 
81 158 51 36 158 53 
36 158 53 25 159 65 
25 159 65 102 143 55 
102 143 55 54 141 61 
54 141 61 112 83 3 
112 83 3 93 32 31 
93 32 31 58 35 25 
58 35 25 107 34 32 
107 34 32 109 2 26 
109 2 26 104 7 16 
104 7 16 137 9 0 
137 9 0 80 20 49 
80 20 49 149 2 44 
149 2 44 22 1 55 
22 1 55 87 0 54 
87 0 54 62 43 105 
62 43 105 91 39 98 
91 39 98 159 33 100 
159 33 100 125 30 108 
125 30 108 113 18 102 
113 18 102 1 44 99