1 41 34 19 36 33 
19 36 33 6 38 38 
6 38 38 37 33 32 
37 33 32 20 33 30 
20 33 30 31 33 27 
31 33 27 3 37 25 
3 37 25 38 42 26 
38 42 26 4 46 29 
4 46 29 13 32 23 
13 32 23 33 30 35 
33 30 35 40 26 39 
40 26 39 11 20 44 
11 20 44 17 26 38 
17 26 38 30 25 33 
30 25 33 25 22 28 
25 22 28 26 21 24 
26 21 24 44 21 20 
44 21 20 16 16 20 
16 16 20 9 10 25 
9 10 25 39 7 25 
39 7 25 28 5 26 
28 5 26 23 1 27 
23 1 27 34 0 28 
34 0 28 7 2 32 
7 2 32 2 8 34 
2 8 34 12 8 41 
12 8 41 46 1 46 
46 1 46 18 10 17 
18 10 17 29 4 10 
29 4 10 10 2 10 
10 2 10 35 0 13 
35 0 13 43 0 9 
43 0 9 21 2 6 
21 2 6 14 4 1 
14 4 1 22 7 1 
22 7 1 32 5 6 
32 5 6 42 22 15 
42 22 15 27 30 12 
27 30 12 5 32 11 
5 32 11 24 30 9 
24 30 9 36 20 2 
36 20 2 45 35 13 
45 35 13 15 43 9 
15 43 9 41 41 7 
41 41 7 0 29 43 
0 29 43 8 31 45 
8 31 45 1 41 34