1 1 19 5 3 20 
5 3 20 31 5 13 
31 5 13 16 8 11 
16 8 11 30 14 12 
30 14 12 0 20 11 
0 20 11 9 18 6 
9 18 6 26 16 5 
26 16 5 23 15 5 
23 15 5 14 22 13 
14 22 13 8 24 16 
8 24 16 35 26 14 
35 26 14 15 29 16 
15 29 16 18 29 18 
18 29 18 7 25 22 
7 25 22 27 23 26 
27 23 26 28 29 24 
28 29 24 20 36 23 
20 36 23 33 31 29 
33 31 29 2 31 30 
2 31 30 12 30 32 
12 30 32 24 25 35 
24 25 35 36 24 33 
36 24 33 19 17 32 
19 17 32 13 15 25 
13 15 25 17 35 31 
17 35 31 32 36 12 
32 36 12 6 34 8 
6 34 8 11 33 8 
11 33 8 22 31 5 
22 31 5 25 28 4 
25 28 4 29 26 2 
29 26 2 21 7 24 
21 7 24 37 10 30 
37 10 30 3 8 35 
3 8 35 34 6 33 
34 6 33 4 5 32 
4 5 32 10 1 35 
10 1 35 1 1 19