1 77 25 27 69 29 
27 69 29 5 64 28 
5 64 28 24 59 24 
24 59 24 78 56 27 
78 56 27 6 49 21 
6 49 21 45 57 37 
45 57 37 59 56 39 
59 56 39 48 49 44 
48 49 44 25 51 49 
25 51 49 91 57 57 
91 57 57 73 40 48 
73 40 48 15 42 61 
15 42 61 29 39 67 
29 39 67 11 35 69 
11 35 69 38 26 78 
38 26 78 37 22 87 
37 22 87 49 20 86 
49 20 86 52 19 85 
52 19 85 21 12 86 
21 12 86 39 11 87 
39 11 87 65 23 88 
65 23 88 3 27 90 
3 27 90 75 32 92 
75 32 92 84 31 96 
84 31 96 92 22 73 
92 22 73 57 19 68 
57 19 68 13 20 67 
13 20 67 32 18 69 
32 18 69 89 14 71 
89 14 71 7 4 66 
7 4 66 94 39 42 
94 39 42 81 34 36 
81 34 36 28 31 34 
28 31 34 9 29 29 
9 29 29 2 32 21 
2 32 21 47 37 12 
47 37 12 31 38 10 
31 38 10 41 43 7 
41 43 7 10 49 8 
10 49 8 40 41 1 
40 41 1 51 33 0 
51 33 0 85 31 3 
85 31 3 96 45 0 
96 45 0 60 37 27 
60 37 27 90 22 20 
90 22 20 71 10 19 
71 10 19 22 2 22 
22 2 22 42 1 29 
42 1 29 98 18 9 
98 18 9 46 28 37 
46 28 37 19 24 42 
19 24 42 14 14 43 
14 14 43 34 65 42 
34 65 42 97 66 45 
97 66 45 64 72 51 
64 72 51 0 81 56 
0 81 56 17 83 56 
17 83 56 23 87 62 
23 87 62 20 82 69 
20 82 69 36 78 68 
36 78 68 12 76 69 
12 76 69 26 64 73 
26 64 73 53 62 72 
53 62 72 87 55 71 
87 55 71 76 51 77 
76 51 77 44 55 90 
44 55 90 33 49 97 
33 49 97 95 45 98 
95 45 98 69 59 97 
69 59 97 70 75 67 
70 75 67 50 83 73 
50 83 73 18 88 72 
18 88 72 61 88 76 
61 88 76 74 84 82 
74 84 82 55 91 84 
55 91 84 72 80 85 
72 80 85 79 84 92 
79 84 92 86 86 92 
86 86 92 68 97 70 
68 97 70 8 98 67 
8 98 67 43 84 53 
43 84 53 56 96 46 
56 96 46 66 75 45 
66 75 45 63 62 18 
63 62 18 93 61 13 
93 61 13 16 84 26 
16 84 26 62 96 25 
62 96 25 77 77 19 
77 77 19 58 75 19 
58 75 19 4 73 18 
4 73 18 35 70 15 
35 70 15 88 72 12 
88 72 12 30 71 11 
30 71 11 80 80 4 
80 80 4 67 91 2 
67 91 2 54 92 4 
54 92 4 82 98 6 
82 98 6 83 78 2 
83 78 2 1 77 25