1 7 10 21 9 8 
21 9 8 31 13 11 
31 13 11 26 18 17 
26 18 17 24 19 15 
24 19 15 11 22 17 
11 22 17 17 22 9 
17 22 9 7 19 6 
7 19 6 14 20 4 
14 20 4 15 23 4 
15 23 4 20 27 2 
20 27 2 8 35 5 
8 35 5 19 16 2 
19 16 2 16 27 7 
16 27 7 13 28 11 
13 28 11 10 29 15 
10 29 15 3 35 19 
3 35 19 18 32 22 
18 32 22 34 28 23 
34 28 23 4 27 26 
4 27 26 29 27 30 
29 27 30 22 30 33 
22 30 33 12 34 32 
12 34 32 35 16 21 
35 16 21 27 17 24 
27 17 24 9 14 28 
9 14 28 33 9 31 
33 9 31 2 8 29 
2 8 29 28 4 26 
28 4 26 25 5 25 
25 5 25 5 2 18 
5 2 18 0 9 35 
0 9 35 23 15 30 
23 15 30 6 18 32 
6 18 32 32 12 25 
32 12 25 30 7 7 
30 7 7 1 7 10