1 15 116 91 24 116 
91 24 116 53 29 113 
53 29 113 85 34 105 
85 34 105 4 38 104 
4 38 104 43 42 104 
43 42 104 93 45 109 
93 45 109 41 51 104 
41 51 104 105 44 113 
105 44 113 115 48 116 
115 48 116 28 31 100 
28 31 100 20 36 97 
20 36 97 102 26 91 
102 26 91 59 28 82 
59 28 82 52 25 80 
52 25 80 62 24 82 
62 24 82 92 16 88 
92 16 88 63 12 98 
63 12 98 86 23 72 
86 23 72 38 33 70 
38 33 70 13 43 63 
13 43 63 5 37 50 
5 37 50 76 32 46 
76 32 46 80 33 43 
80 33 43 46 26 37 
46 26 37 21 20 47 
21 20 47 84 10 42 
84 10 42 36 9 39 
36 9 39 40 9 42 
40 9 42 39 4 44 
39 4 44 31 23 25 
31 23 25 78 13 23 
78 13 23 56 1 24 
56 1 24 109 26 20 
109 26 20 22 23 13 
22 23 13 107 13 12 
107 13 12 61 10 9 
61 10 9 57 2 11 
57 2 11 111 9 1 
111 9 1 50 10 76 
50 10 76 3 8 67 
3 8 67 17 8 58 
17 8 58 54 35 86 
54 35 86 79 43 87 
79 43 87 113 53 88 
113 53 88 15 57 82 
15 57 82 81 47 75 
81 47 75 26 57 92 
26 57 92 90 62 89 
90 62 89 24 67 93 
24 67 93 23 69 94 
23 69 94 2 76 95 
2 76 95 12 77 103 
12 77 103 45 70 109 
45 70 109 108 75 113 
108 75 113 106 73 82 
106 73 82 114 79 80 
114 79 80 42 74 74 
42 74 74 71 64 70 
71 64 70 66 86 72 
66 86 72 74 93 71 
74 93 71 29 100 68 
29 100 68 94 103 68 
94 103 68 97 102 63 
97 102 63 103 108 57 
103 108 57 11 111 57 
11 111 57 44 92 64 
44 92 64 48 91 59 
48 91 59 10 94 46 
10 94 46 18 90 43 
18 90 43 6 79 37 
6 79 37 33 74 35 
33 74 35 27 79 25 
27 79 25 16 87 24 
16 87 24 14 87 26 
14 87 26 35 91 27 
35 91 27 87 89 31 
87 89 31 25 90 31 
25 90 31 34 87 21 
34 87 21 104 90 21 
104 90 21 7 98 11 
7 98 11 88 97 9 
88 97 9 72 93 0 
72 93 0 100 108 17 
100 108 17 65 112 21 
65 112 21 30 112 22 
30 112 22 98 114 39 
98 114 39 68 110 12 
68 110 12 73 62 39 
73 62 39 47 60 36 
47 60 36 96 62 26 
96 62 26 67 55 21 
67 55 21 89 56 16 
89 56 16 64 49 13 
64 49 13 19 44 13 
19 44 13 58 49 17 
58 49 17 9 46 18 
9 46 18 49 41 21 
49 41 21 95 60 12 
95 60 12 8 65 5 
8 65 5 32 64 3 
32 64 3 0 66 0 
0 66 0 75 54 37 
75 54 37 110 67 48 
110 67 48 82 74 49 
82 74 49 116 79 36 
116 79 36 77 94 72 
77 94 72 60 94 85 
60 94 85 69 95 101 
69 95 101 51 100 103 
51 100 103 55 109 95 
55 109 95 112 111 93 
112 111 93 70 108 107 
70 108 107 37 111 110 
37 111 110 101 101 115 
101 101 115 83 95 101 
83 95 101 99 22 109 
99 22 109 1 15 116