1 47 34 65 47 41 
65 47 41 3 51 42 
3 51 42 11 51 56 
11 51 56 79 56 67 
79 56 67 84 61 77 
84 61 77 25 54 79 
25 54 79 14 56 83 
14 56 83 105 52 85 
105 52 85 64 49 89 
64 49 89 12 43 89 
12 43 89 40 37 88 
40 37 88 45 33 76 
45 33 76 63 32 68 
63 32 68 121 26 80 
121 26 80 119 25 83 
119 25 83 22 12 82 
22 12 82 93 2 78 
93 2 78 83 6 67 
83 6 67 102 30 95 
102 30 95 27 25 105 
27 25 105 33 36 109 
33 36 109 44 40 112 
44 40 112 36 41 115 
36 41 115 86 40 117 
86 40 117 47 33 123 
47 33 123 68 30 119 
68 30 119 91 47 118 
91 47 118 114 48 115 
114 48 115 109 23 104 
109 23 104 52 19 105 
52 19 105 116 15 108 
116 15 108 41 13 103 
41 13 103 29 12 103 
29 12 103 76 7 99 
76 7 99 107 9 105 
107 9 105 13 6 108 
13 6 108 7 4 122 
7 4 122 106 58 89 
106 58 89 66 56 99 
66 56 99 98 69 106 
98 69 106 82 74 104 
82 74 104 110 76 103 
110 76 103 53 83 116 
53 83 116 50 87 112 
50 87 112 97 66 75 
97 66 75 96 39 40 
96 39 40 81 38 46 
81 38 46 26 28 49 
26 28 49 28 28 49 
28 28 49 23 33 36 
23 33 36 4 26 27 
4 26 27 123 28 22 
123 28 22 101 28 14 
101 28 14 43 21 15 
43 21 15 120 17 12 
120 17 12 59 10 7 
59 10 7 72 4 12 
72 4 12 88 0 19 
88 0 19 38 1 23 
38 1 23 74 0 38 
74 0 38 17 5 52 
17 5 52 61 11 49 
61 11 49 48 25 4 
48 25 4 115 18 0 
115 18 0 0 39 12 
0 39 12 67 42 0 
67 42 0 46 42 0 
46 42 0 92 51 1 
92 51 1 54 13 28 
54 13 28 5 51 33 
5 51 33 90 63 37 
90 63 37 80 70 30 
80 70 30 78 71 29 
78 71 29 8 70 28 
8 70 28 31 66 26 
31 66 26 71 72 22 
71 72 22 30 78 16 
30 78 16 89 75 13 
89 75 13 55 72 11 
55 72 11 35 74 5 
35 74 5 42 84 6 
42 84 6 69 89 0 
69 89 0 113 104 4 
113 104 4 20 100 12 
20 100 12 118 99 14 
118 99 14 16 100 15 
16 100 15 94 100 18 
94 100 18 103 114 19 
103 114 19 21 116 12 
21 116 12 58 117 20 
58 117 20 57 121 18 
57 121 18 85 120 24 
85 120 24 70 62 13 
70 62 13 10 63 6 
10 63 6 99 77 31 
99 77 31 2 82 33 
2 82 33 32 89 37 
32 89 37 87 99 47 
87 99 47 37 92 52 
37 92 52 77 91 60 
77 91 60 49 89 74 
49 89 74 19 90 77 
19 90 77 100 95 75 
100 95 75 51 104 66 
51 104 66 24 114 66 
24 114 66 104 115 74 
104 115 74 75 108 78 
75 108 78 122 121 61 
122 121 61 108 112 53 
108 112 53 117 114 43 
117 114 43 95 119 40 
95 119 40 62 122 41 
62 122 41 111 97 84 
111 97 84 9 93 88 
9 93 88 39 108 90 
39 108 90 15 115 90 
15 115 90 112 117 95 
112 117 95 73 123 110 
73 123 110 60 123 114 
60 123 114 34 106 95 
34 106 95 18 103 106 
18 103 106 6 103 119 
6 103 119 56 86 26 
56 86 26 1 47 34