1 123 98 0 120 112 
0 120 112 61 106 116 
61 106 116 37 99 129 
37 99 129 7 97 135 
7 97 135 24 91 130 
24 91 130 55 89 124 
55 89 124 153 111 135 
153 111 135 136 121 137 
136 121 137 93 120 146 
93 120 146 129 122 133 
129 122 133 75 121 128 
75 121 128 147 128 140 
147 128 140 127 146 137 
127 146 137 102 149 130 
102 149 130 146 148 140 
146 148 140 35 149 151 
35 149 151 142 108 144 
142 108 144 66 106 151 
66 106 151 139 97 153 
139 97 153 115 93 152 
115 93 152 104 92 150 
104 92 150 117 89 152 
117 89 152 145 89 154 
145 89 154 36 121 91 
36 121 91 22 125 84 
22 125 84 82 125 82 
82 125 82 97 134 88 
97 134 88 33 140 88 
33 140 88 38 142 75 
38 142 75 77 145 76 
77 145 76 59 151 74 
59 151 74 114 145 72 
114 145 72 26 142 71 
26 142 71 80 137 67 
80 137 67 52 137 65 
52 137 65 90 146 60 
90 146 60 10 142 43 
10 142 43 13 128 37 
13 128 37 154 118 37 
154 118 37 109 148 42 
109 148 42 73 152 27 
73 152 27 47 139 25 
47 139 25 68 125 16 
68 125 16 85 119 16 
85 119 16 106 112 5 
106 112 5 108 124 10 
108 124 10 112 154 22 
112 154 22 41 150 9 
41 150 9 76 140 0 
76 140 0 151 127 66 
151 127 66 128 124 64 
128 124 64 2 109 61 
2 109 61 98 107 59 
98 107 59 99 102 54 
99 102 54 30 100 50 
30 100 50 67 96 48 
67 96 48 50 124 55 
50 124 55 57 152 91 
57 152 91 121 153 97 
121 153 97 19 150 98 
19 150 98 148 118 88 
148 118 88 78 111 84 
78 111 84 125 95 89 
125 95 89 28 92 95 
28 92 95 34 86 90 
34 86 90 45 85 94 
45 85 94 86 72 81 
86 72 81 32 67 90 
32 67 90 130 66 79 
130 66 79 70 59 77 
70 59 77 3 59 68 
3 59 68 120 57 60 
120 57 60 8 47 59 
8 47 59 21 43 53 
21 43 53 110 38 53 
110 38 53 140 30 56 
140 30 56 62 36 63 
62 36 63 122 30 70 
122 30 70 113 29 56 
113 29 56 29 24 49 
29 24 49 15 19 52 
15 19 52 79 18 61 
79 18 61 101 20 67 
101 20 67 152 16 69 
152 16 69 87 1 72 
87 1 72 141 14 44 
141 14 44 31 11 43 
31 11 43 60 7 48 
60 7 48 119 65 54 
119 65 54 56 58 39 
56 58 39 6 57 34 
6 57 34 150 50 22 
150 50 22 43 34 23 
43 34 23 44 30 33 
44 30 33 96 19 21 
96 19 21 54 17 19 
54 17 19 133 10 16 
133 10 16 111 16 8 
111 16 8 11 13 4 
11 13 4 63 17 7 
63 17 7 143 18 2 
143 18 2 84 35 2 
84 35 2 105 10 25 
105 10 25 74 59 18 
74 59 18 135 70 3 
135 70 3 107 71 0 
107 71 0 134 83 1 
134 83 1 42 88 10 
42 88 10 72 94 26 
72 94 26 81 93 28 
81 93 28 95 86 28 
95 86 28 5 82 30 
5 82 30 94 78 25 
94 78 25 83 57 39 
83 57 39 4 50 88 
4 50 88 49 48 86 
49 48 86 71 38 82 
71 38 82 124 44 91 
124 44 91 23 38 100 
23 38 100 17 30 101 
17 30 101 69 23 98 
69 23 98 12 18 96 
12 18 96 53 3 97 
53 3 97 137 29 108 
137 29 108 16 22 112 
16 22 112 126 14 110 
126 14 110 123 11 116 
123 11 116 14 15 117 
14 15 117 132 10 125 
132 10 125 18 8 132 
18 8 132 58 9 153 
58 9 153 89 7 154 
89 7 154 40 14 126 
40 14 126 118 32 111 
118 32 111 51 35 118 
51 35 118 46 45 110 
46 45 110 64 55 110 
64 55 110 144 54 124 
144 54 124 9 52 125 
9 52 125 149 62 125 
149 62 125 20 60 131 
20 60 131 48 68 144 
48 68 144 92 60 150 
92 60 150 103 47 151 
103 47 151 100 33 151 
100 33 151 39 28 139 
39 28 139 91 69 128 
91 69 128 65 96 95 
65 96 95 88 89 103 
88 89 103 25 77 106 
25 77 106 116 73 111 
116 73 111 131 129 100 
131 129 100 27 138 103 
27 138 103 138 136 117 
138 136 117 1 123 98