1 15 55 9 10 61 
9 10 61 7 4 61 
7 4 61 44 0 55 
44 0 55 79 1 50 
79 1 50 45 10 46 
45 10 46 3 21 43 
3 21 43 34 21 34 
34 21 34 28 24 32 
28 24 32 10 34 39 
10 34 39 23 38 40 
23 38 40 48 42 44 
48 42 44 68 43 47 
68 43 47 63 35 48 
63 35 48 57 35 48 
57 35 48 27 48 48 
27 48 48 13 47 50 
13 47 50 42 56 54 
42 56 54 20 53 63 
20 53 63 17 53 65 
17 53 65 69 53 71 
69 53 71 21 60 74 
21 60 74 25 56 79 
25 56 79 51 61 74 
51 61 74 31 60 63 
31 60 63 38 51 63 
38 51 63 0 49 40 
0 49 40 8 58 37 
8 58 37 74 59 35 
74 59 35 18 58 31 
18 58 31 39 56 29 
39 56 29 5 53 28 
5 53 28 65 48 31 
65 48 31 55 57 25 
55 57 25 19 63 20 
19 63 20 12 65 22 
12 65 22 62 69 19 
62 69 19 56 70 17 
56 70 17 58 71 13 
58 71 13 43 65 12 
43 65 12 61 64 8 
61 64 8 11 59 10 
11 59 10 60 53 10 
60 53 10 70 47 8 
70 47 8 6 50 4 
6 50 4 67 45 3 
67 45 3 14 65 6 
14 65 6 16 60 0 
16 60 0 53 71 4 
53 71 4 52 74 12 
52 74 12 72 66 24 
72 66 24 4 66 26 
4 66 26 33 69 28 
33 69 28 37 74 33 
37 74 33 32 75 41 
32 75 41 78 71 43 
78 71 43 47 71 50 
47 71 50 40 66 56 
40 66 56 54 72 59 
54 72 59 2 72 63 
2 72 63 24 73 72 
24 73 72 73 39 55 
73 39 55 66 30 59 
66 30 59 71 40 61 
71 40 61 76 37 66 
76 37 66 64 29 27 
64 29 27 15 34 24 
15 34 24 35 42 19 
35 42 19 77 30 20 
77 30 20 22 24 9 
22 24 9 30 26 5 
30 26 5 41 27 3 
41 27 3 36 15 2 
36 15 2 49 29 20 
49 29 20 75 22 31 
75 22 31 46 15 26 
46 15 26 59 9 28 
59 9 28 50 12 71 
50 12 71 29 13 77 
29 13 77 26 4 79 
26 4 79 1 15 55