1 46 0 30 43 5 
30 43 5 53 39 7 
53 39 7 28 38 6 
28 38 6 31 37 3 
31 37 3 26 38 2 
26 38 2 48 25 0 
48 25 0 14 35 14 
14 35 14 5 31 16 
5 31 16 24 29 18 
24 29 18 17 29 24 
17 29 24 12 21 25 
12 21 25 50 19 32 
50 19 32 0 19 33 
0 19 33 35 13 30 
35 13 30 55 11 20 
55 11 20 2 2 21 
2 2 21 13 11 18 
13 11 18 54 9 15 
54 9 15 44 16 40 
44 16 40 19 11 37 
19 11 37 6 9 37 
6 9 37 40 1 33 
40 1 33 45 1 33 
45 1 33 21 11 38 
21 11 38 25 18 45 
25 18 45 46 19 46 
46 19 46 11 18 48 
11 18 48 37 17 49 
37 17 49 57 12 46 
57 12 46 8 11 46 
8 11 46 22 12 46 
22 12 46 51 18 49 
51 18 49 47 19 52 
47 19 52 49 15 54 
49 15 54 58 0 57 
58 0 57 32 18 40 
32 18 40 43 22 13 
43 22 13 36 30 14 
36 30 14 15 41 19 
15 41 19 29 45 24 
29 45 24 18 47 23 
18 47 23 56 44 28 
56 44 28 4 50 34 
4 50 34 23 46 36 
23 46 36 42 51 42 
42 51 42 10 49 48 
10 49 48 27 42 48 
27 42 48 9 38 57 
9 38 57 38 41 48 
38 41 48 16 33 47 
16 33 47 20 32 44 
20 32 44 39 56 46 
39 56 46 3 58 42 
3 58 42 7 37 28 
7 37 28 34 34 33 
34 34 33 52 28 35 
52 28 35 41 46 11 
41 46 11 33 54 15 
33 54 15 1 46 0