1 75 107 66 75 95 
66 75 95 46 73 93 
46 73 93 94 71 89 
94 71 89 92 72 88 
92 72 88 15 69 85 
15 69 85 100 64 85 
100 64 85 54 62 90 
54 62 90 85 64 98 
85 64 98 41 61 101 
41 61 101 57 77 83 
57 77 83 32 82 78 
32 82 78 53 77 73 
53 77 73 33 73 72 
33 73 72 72 81 61 
72 81 61 25 75 58 
25 75 58 88 79 51 
88 79 51 13 78 43 
13 78 43 30 77 35 
30 77 35 38 74 32 
38 74 32 24 67 36 
24 67 36 70 64 39 
70 64 39 97 57 40 
97 57 40 77 56 41 
77 56 41 90 61 49 
90 61 49 29 57 54 
29 57 54 23 56 66 
23 56 66 82 52 69 
82 52 69 12 56 71 
12 56 71 47 50 71 
47 50 71 26 44 76 
26 44 76 60 38 72 
60 38 72 51 34 74 
51 34 74 65 31 72 
65 31 72 10 29 74 
10 29 74 83 26 71 
83 26 71 102 20 75 
102 20 75 8 22 85 
8 22 85 73 26 87 
73 26 87 6 30 85 
6 30 85 21 36 88 
21 36 88 48 38 88 
48 38 88 44 42 91 
44 42 91 11 43 96 
11 43 96 64 48 96 
64 48 96 2 49 96 
2 49 96 104 16 90 
104 16 90 93 19 100 
93 19 100 50 8 103 
50 8 103 103 8 90 
103 8 90 5 16 67 
5 16 67 0 11 65 
0 11 65 19 10 69 
19 10 69 43 2 61 
43 2 61 9 3 50 
9 3 50 16 0 45 
16 0 45 75 4 48 
75 4 48 40 5 44 
40 5 44 74 5 42 
74 5 42 58 18 63 
58 18 63 89 29 56 
89 29 56 80 42 55 
80 42 55 91 44 57 
91 44 57 81 30 45 
81 30 45 67 41 40 
67 41 40 98 31 32 
98 31 32 96 30 23 
96 30 23 59 23 25 
59 23 25 22 15 33 
22 15 33 107 3 29 
107 3 29 79 10 22 
79 10 22 78 24 14 
78 24 14 71 34 10 
71 34 10 39 42 17 
39 42 17 62 45 17 
62 45 17 68 48 10 
68 48 10 56 57 14 
56 57 14 87 62 15 
87 62 15 3 64 7 
3 64 7 17 71 16 
17 71 16 42 60 20 
42 60 20 99 34 6 
99 34 6 20 40 2 
20 40 2 76 19 12 
76 19 12 61 5 3 
61 5 3 55 1 7 
55 1 7 28 48 82 
28 48 82 31 81 107 
31 81 107 45 93 102 
45 93 102 69 94 105 
69 94 105 63 102 104 
63 102 104 34 103 91 
34 103 91 105 96 83 
105 96 83 14 99 80 
14 99 80 27 99 72 
27 99 72 37 97 61 
37 97 61 36 106 51 
36 106 51 52 106 49 
52 106 49 49 102 36 
49 102 36 18 93 32 
18 93 32 106 97 25 
106 97 25 86 91 20 
86 91 20 35 92 10 
35 92 10 4 88 6 
4 88 6 101 87 2 
101 87 2 84 83 1 
84 83 1 7 78 1 
7 78 1 95 100 25 
95 100 25 1 75 107