10 126 44 89 126 44 0
61 111 125 94 112 126 1
49 118 70 34 117 69 1
73 86 67 104 86 66 1
8 121 20 128 122 21 1
93 87 128 117 88 127 1
19 47 40 105 47 42 2
27 85 117 62 85 115 2
61 111 125 13 109 127 2
26 93 32 32 94 30 2
3 48 30 125 46 29 2
38 41 102 63 42 104 2
26 93 32 21 91 31 2
9 58 83 96 58 86 3
91 94 44 31 95 41 3
35 32 124 4 31 121 3
11 85 120 27 85 117 3
87 2 110 90 2 113 3
82 47 33 3 48 30 3
107 126 59 81 129 58 3
50 106 97 37 106 101 4
51 96 95 53 98 99 4
25 91 130 93 87 128 4
70 18 128 16 22 129 4
106 40 9 57 44 10 4
64 124 112 52 128 113 4
99 40 27 22 37 24 4
23 19 110 2 18 114 4
47 68 29 120 70 24 5
100 111 56 124 107 60 5
47 68 29 28 65 24 5
38 41 102 6 37 99 5
49 118 70 109 123 69 5
34 117 69 78 113 73 5
15 45 24 125 46 29 5
77 2 96 43 5 100 5
33 78 30 102 83 29 5
2 18 114 101 23 113 5
56 117 124 94 112 126 5
15 45 24 99 40 27 5
91 94 44 112 89 47 5
17 53 88 96 58 86 5
111 90 96 42 85 98 5
32 94 30 45 91 25 5
130 50 46 105 47 42 5
3 48 30 88 53 34 6
86 100 106 103 102 112 6
38 41 102 60 46 98 6
111 90 96 51 96 95 6
55 86 21 45 91 25 6
116 39 34 99 40 27 7
24 9 111 87 2 110 7
127 75 123 97 77 130 7
86 100 106 37 106 101 7
0 117 111 64 124 112 7
95 50 106 44 57 108 7
20 9 67 129 13 61 7
82 47 33 19 47 40 7
110 2 68 20 9 67 7
53 98 99 86 100 106 7
6 37 99 92 30 100 7
44 57 108 121 60 115 7
117 88 127 11 85 120 7
29 7 36 1 1 40 7
118 92 72 73 86 67 7
7 45 91 60 46 98 7
69 102 36 31 95 41 8
40 53 76 9 58 83 8
54 64 58 74 60 65 8
21 91 31 102 83 29 8
129 13 61 39 18 54 8
95 50 106 60 46 98 8
48 116 47 59 114 39 8
8 121 20 58 113 16 8
80 101 26 32 94 30 8
79 32 13 106 40 9 8
7 45 91 17 53 88 8
115 101 71 118 92 72 9
12 128 103 67 119 99 9
64 124 112 12 128 103 9
113 102 17 80 101 26 9
24 9 111 2 18 114 9
7 45 91 65 39 84 9
118 92 72 72 96 81 9
26 93 32 69 102 36 9
18 39 0 106 40 9 9
112 89 47 71 80 47 9
98 67 105 123 76 109 9
44 57 108 98 67 105 10
10 126 44 48 116 47 10
47 68 29 33 78 30 10
48 116 47 100 111 56 10
68 118 82 78 113 73 10
97 77 130 93 87 128 10
41 24 76 126 24 66 10
107 126 59 109 123 69 10
123 76 109 62 85 115 10
119 8 50 39 18 54 10
43 5 100 87 2 110 10
14 93 57 112 89 47 10
114 29 33 116 39 34 10
58 113 16 113 102 17 11
101 23 113 4 31 121 11
14 93 57 104 86 66 11
29 7 36 83 18 38 11
35 32 124 16 22 129 11
130 50 46 30 45 56 11
76 38 73 65 39 84 11
22 37 24 79 32 13 12
115 101 71 124 107 60 12
66 2 14 84 8 3 12
114 29 33 75 23 22 12
28 65 24 5 64 12 12
115 101 71 78 113 73 12
129 13 61 126 24 66 12
108 44 126 35 32 124 12
46 23 90 92 30 100 12
83 18 38 114 29 33 12
119 8 50 1 1 40 12
37 106 101 67 119 99 13
85 30 46 114 29 33 13
64 124 112 56 117 124 13
74 60 65 40 53 76 13
46 23 90 41 24 76 14
92 30 100 101 23 113 14
51 96 95 72 96 81 14
42 85 98 123 76 109 14
42 85 98 36 76 86 15
122 1 129 90 2 113 16
66 2 14 29 7 36 22
