33 69 40 42 70 41 1
3 33 61 66 32 61 1
7 63 58 35 64 58 1
14 22 58 49 23 59 1
49 23 59 67 24 61 2
64 22 26 52 20 25 2
59 66 43 4 64 44 2
50 67 74 21 67 72 2
44 20 57 14 22 58 2
62 64 46 4 64 44 2
1 66 17 68 63 18 3
61 19 69 32 16 67 3
45 51 65 13 48 66 3
18 17 55 44 20 57 3
75 64 69 43 61 71 3
39 14 26 23 17 25 3
52 20 25 31 21 22 3
7 63 58 72 60 60 3
52 20 25 23 17 25 3
55 13 69 32 16 67 3
43 61 71 27 58 68 4
74 1 76 40 5 74 4
72 60 60 28 63 63 4
40 5 74 29 5 70 4
59 66 43 33 69 40 4
39 14 26 20 11 23 4
75 64 69 21 67 72 4
16 69 9 10 69 13 4
5 23 68 61 19 69 4
76 7 33 12 9 37 4
58 12 53 18 17 55 5
60 58 2 71 63 4 5
44 20 57 34 21 52 5
41 27 24 64 22 26 5
65 39 50 25 39 55 5
53 71 68 21 67 72 5
30 26 6 11 30 9 5
26 12 41 12 9 37 5
10 69 13 1 66 17 5
54 56 13 47 51 13 5
48 8 19 20 11 23 5
2 61 36 24 64 32 5
38 55 59 72 60 60 5
28 63 63 75 64 69 6
63 7 57 15 2 61 6
55 13 69 19 13 75 6
32 16 67 46 13 61 6
58 12 53 63 7 57 6
11 30 9 51 36 9 6
6 55 37 2 61 36 6
36 76 26 8 75 20 6
18 17 55 46 13 61 7
45 51 65 27 58 68 7
17 74 33 36 76 26 7
41 27 24 56 27 31 7
60 58 2 22 51 3 7
65 39 50 0 45 45 7
16 69 9 71 63 4 7
30 26 6 73 19 7 7
17 74 33 33 69 40 8
67 24 61 66 32 61 8
2 61 36 33 69 40 8
37 0 17 48 8 19 8
25 39 55 3 33 61 8
51 36 9 57 42 3 8
68 63 18 54 56 13 8
19 13 75 40 5 74 8
73 19 7 70 10 5 9
76 7 33 39 14 26 9
8 75 20 1 66 17 9
57 42 3 22 51 3 9
13 48 66 9 46 76 10
12 9 37 69 2 46 11
58 12 53 26 12 41 12
0 45 45 6 55 37 12
35 64 58 62 64 46 12
