86 67 77 18 67 77 0
6 98 1 33 98 2 1
91 38 119 54 37 118 1
106 105 97 87 103 99 2
14 134 106 75 136 106 2
8 39 4 102 37 4 2
98 5 72 138 7 73 2
107 11 16 2 10 14 2
29 110 67 76 107 68 3
24 93 133 55 90 132 3
26 3 85 17 5 82 3
69 130 44 115 129 41 3
44 77 54 82 78 51 3
32 43 107 136 44 104 3
77 43 25 123 43 22 3
71 102 96 87 103 99 3
14 134 106 74 136 109 3
104 19 11 27 19 14 3
100 47 106 136 44 104 3
110 96 6 33 98 2 4
0 34 29 88 31 32 4
117 103 66 76 107 68 4
137 80 80 4 79 76 4
5 17 19 139 17 23 4
130 26 137 45 28 141 4
91 38 119 46 42 121 4
49 19 28 139 17 23 5
91 38 119 47 33 122 5
3 127 118 73 132 115 5
5 17 19 27 19 14 5
10 83 53 82 78 51 5
62 16 54 78 16 49 5
36 87 119 103 91 116 5
135 119 126 81 115 123 5
118 37 112 52 35 107 5
85 124 38 115 129 41 5
7 110 98 106 105 97 5
95 40 88 93 45 89 5
59 22 21 5 17 19 5
31 87 113 103 91 116 5
60 66 85 90 65 91 6
111 126 141 128 130 136 6
119 136 3 57 139 9 6
118 37 112 54 37 118 6
142 61 119 66 64 125 6
23 135 132 128 130 136 6
73 132 115 34 133 121 6
133 86 29 20 88 23 6
72 83 12 129 77 12 6
9 66 55 67 67 61 6
129 77 12 63 77 6 6
41 44 8 8 39 4 6
40 13 60 62 16 54 6
11 52 84 61 51 90 6
19 44 75 101 48 70 6
19 44 75 99 44 81 6
125 64 131 30 70 129 6
125 64 131 66 64 125 6
107 11 16 5 17 19 6
93 45 89 61 51 90 6
38 23 109 39 20 115 6
83 89 15 72 83 12 6
89 92 126 55 90 132 6
127 6 91 26 3 85 6
32 43 107 118 37 112 7
132 25 47 141 29 41 7
16 63 71 86 67 77 7
57 139 9 13 132 11 7
113 90 99 35 91 92 7
52 35 107 114 34 100 7
74 136 109 73 132 115 7
134 115 134 135 119 126 8
108 123 111 3 127 118 8
93 45 89 99 44 81 8
86 67 77 60 66 85 8
20 88 23 83 89 15 8
50 79 94 109 81 102 8
36 87 119 89 92 126 8
94 117 90 48 123 84 8
12 70 118 97 78 120 8
103 91 116 21 95 108 8
12 70 118 142 61 119 9
131 76 64 67 67 61 9
0 34 29 77 43 25 9
46 42 121 53 47 129 9
17 5 82 138 7 73 9
1 119 101 7 110 98 9
132 25 47 78 16 49 9
96 9 117 28 10 108 9
116 113 42 105 106 36 9
36 87 119 97 78 120 9
92 8 27 139 17 23 9
113 90 99 109 81 102 9
56 139 40 69 130 44 9
40 13 60 15 22 62 9
141 29 41 88 31 32 9
129 77 12 122 74 22 10
16 63 71 67 67 61 10
2 10 14 112 0 11 10
7 110 98 94 117 90 10
108 123 111 1 119 101 10
113 90 99 21 95 108 10
121 58 140 125 64 131 10
131 76 64 44 77 54 10
40 13 60 79 3 57 10
135 119 126 3 127 118 11
34 133 121 23 135 132 11
87 103 99 64 107 110 11
121 58 140 84 69 142 11
17 5 82 42 16 83 11
69 130 44 120 138 52 11
85 124 38 116 113 42 11
71 102 96 35 91 92 11
83 89 15 110 96 6 11
39 20 115 96 9 117 11
51 12 134 143 2 139 11
124 6 38 92 8 27 11
55 90 132 80 85 142 11
116 113 42 22 103 48 11
13 132 11 70 121 11 11
86 67 77 4 79 76 12
43 64 103 90 65 91 12
65 69 33 122 74 22 12
88 31 32 49 19 28 12
52 35 107 38 23 109 12
95 40 88 114 34 100 13
70 121 11 25 113 0 13
70 121 11 140 114 23 13
50 79 94 90 65 91 14
41 44 8 123 43 22 14
60 66 85 11 52 84 14
138 7 73 40 13 60 14
122 74 22 126 60 20 14
130 26 137 51 12 134 14
58 129 63 120 138 52 14
6 98 1 25 113 0 15
105 106 36 140 114 23 15
41 44 8 68 59 4 15
130 26 137 47 33 122 16
126 60 20 68 59 4 16
28 10 108 127 6 91 17
37 46 42 141 29 41 17
117 103 66 22 103 48 18
