38 30 53 20 30 54 1
12 88 74 48 87 73 1
24 45 92 91 45 91 1
45 7 35 9 8 36 1
32 23 78 52 25 80 2
34 60 54 40 58 54 2
44 88 81 30 90 82 2
11 54 48 74 52 46 2
48 87 73 71 89 71 2
85 6 51 53 5 53 2
44 88 81 69 88 79 2
63 75 79 67 72 79 3
86 78 81 63 75 79 3
90 39 52 64 40 49 3
15 79 38 68 77 41 3
13 68 60 76 70 63 3
4 76 38 15 79 38 3
0 12 19 42 15 20 3
70 72 82 67 72 79 3
51 11 43 50 14 44 3
36 26 52 38 30 53 4
84 47 38 17 46 34 4
78 15 70 59 11 69 4
8 6 58 28 10 58 4
33 61 35 88 61 39 4
94 30 93 87 26 91 4
63 75 79 92 79 77 4
66 65 10 14 68 13 4
19 94 80 30 90 82 4
2 24 61 57 28 60 4
53 5 53 8 6 58 5
89 68 18 14 68 13 5
0 12 19 82 8 23 5
64 40 49 79 35 48 5
80 3 76 3 0 71 5
72 3 26 82 8 23 5
32 23 78 21 19 81 5
60 51 34 17 46 34 5
18 74 33 4 76 38 5
49 88 12 47 85 7 5
30 90 82 35 90 87 5
66 65 10 23 61 14 5
6 15 14 0 12 19 5
12 88 74 69 88 79 5
7 0 52 53 5 53 5
43 39 88 93 39 93 5
83 28 47 36 26 52 5
29 85 94 81 79 92 6
43 39 88 91 45 91 6
88 61 39 46 67 37 6
17 46 34 61 40 35 6
26 41 16 58 47 18 6
39 29 11 31 28 17 6
62 20 90 87 26 91 6
57 28 60 20 30 54 6
25 31 81 52 25 80 6
27 81 18 5 84 25 7
40 58 54 11 54 48 7
38 30 53 79 35 48 7
31 28 17 75 35 20 7
13 68 60 41 73 54 7
9 8 36 51 11 43 7
75 35 20 26 41 16 7
77 14 94 62 20 90 7
10 75 12 14 68 13 7
22 46 26 58 47 18 8
27 81 18 10 75 12 8
48 87 73 92 79 77 8
29 85 94 35 90 87 8
1 24 39 83 28 47 8
46 67 37 18 74 33 8
17 46 34 22 46 26 8
84 47 38 74 52 46 9
16 30 28 75 35 20 9
45 7 35 37 16 31 9
94 30 93 93 39 93 9
51 11 43 85 6 51 9
54 54 94 91 45 91 9
62 20 90 21 19 81 9
49 88 12 27 81 18 9
60 51 34 73 56 26 9
45 7 35 72 3 26 9
34 60 54 13 68 60 10
41 73 54 65 83 54 10
73 56 26 33 61 35 10
80 3 76 59 11 69 10
78 15 70 32 23 78 11
28 10 58 59 11 69 11
56 55 83 54 54 94 11
37 16 31 1 24 39 11
18 74 33 5 84 25 12
1 24 39 16 30 28 12
15 79 38 55 93 42 14
76 70 63 67 72 79 16
