18 32 13 51 32 13 0
49 16 49 23 17 48 1
26 6 25 62 7 25 1
75 16 47 23 17 48 1
73 8 58 9 8 59 1
58 21 69 46 23 68 2
69 52 37 71 54 39 2
24 17 77 12 19 75 2
56 44 25 72 44 27 2
35 73 39 63 71 37 2
21 2 51 60 1 53 2
55 12 57 54 13 59 2
6 3 42 70 6 40 3
37 30 39 48 33 38 3
0 4 37 70 6 40 3
48 33 38 5 36 40 3
36 35 35 48 33 38 3
63 71 37 32 73 34 3
68 70 57 78 71 60 3
50 52 15 80 51 18 3
7 19 59 53 23 60 4
67 8 3 77 8 7 4
51 32 13 42 34 9 4
17 12 17 64 8 15 4
9 8 59 55 12 57 4
28 51 72 38 51 68 4
16 48 23 56 44 25 4
19 51 26 16 48 23 4
11 28 13 18 32 13 4
10 33 44 37 30 39 5
29 32 49 31 34 54 5
41 30 18 18 32 13 5
17 12 17 14 7 20 5
45 2 22 62 7 25 5
13 4 32 0 4 37 5
47 63 9 39 58 8 5
29 32 49 10 33 44 5
14 7 20 62 7 25 5
33 59 68 30 64 69 5
25 76 57 78 71 60 5
19 51 26 44 54 30 5
80 51 18 16 48 23 5
34 23 15 11 28 13 5
4 50 10 50 52 15 5
2 77 63 78 71 60 6
8 6 65 52 0 64 6
12 19 75 58 21 69 6
9 8 59 8 6 65 6
54 13 59 7 19 59 6
3 30 75 76 33 69 6
40 47 4 4 50 10 6
61 59 16 50 52 15 7
59 31 25 41 30 18 7
79 66 17 61 59 16 7
38 51 68 27 47 62 7
13 4 32 62 7 25 7
44 54 30 69 52 37 7
46 23 68 53 23 60 8
43 19 22 34 23 15 8
74 69 76 30 64 69 8
61 59 16 39 58 8 8
38 51 68 33 59 68 8
17 12 17 43 19 22 8
65 71 49 68 70 57 8
43 19 22 15 24 29 8
77 8 7 64 8 15 8
60 1 53 73 8 58 8
49 16 49 55 12 57 8
20 60 79 74 69 76 9
75 16 47 57 16 38 9
1 71 25 79 66 17 9
3 30 75 46 23 68 9
1 71 25 32 73 34 9
6 3 42 21 2 51 9
35 73 39 65 71 49 10
59 31 25 36 35 35 10
71 54 39 66 55 49 10
67 8 3 22 18 0 10
30 64 69 78 71 60 11
36 35 35 72 44 27 12
