75 24 65 34 24 65 0
46 30 80 25 29 81 1
12 99 10 61 98 9 1
50 8 9 14 8 10 1
20 66 56 38 67 55 1
31 71 12 10 71 10 2
101 74 3 8 73 1 2
49 99 30 73 101 30 2
98 75 95 39 75 92 3
58 77 63 68 74 62 3
49 99 30 4 100 33 3
105 75 6 101 74 3 3
1 94 63 18 97 63 3
32 101 36 4 100 33 3
54 3 99 69 0 102 4
41 41 72 76 45 72 4
99 81 98 15 77 100 4
104 23 30 57 27 32 4
102 83 80 52 79 80 4
37 55 69 47 51 67 4
45 99 70 103 100 66 4
51 26 13 88 26 17 4
72 50 81 93 47 78 4
19 46 53 3 47 49 4
18 97 63 103 100 66 4
83 43 48 3 47 49 4
27 6 57 95 2 55 4
80 99 26 49 99 30 4
13 91 66 1 94 63 4
6 90 53 82 86 52 4
63 18 80 67 19 84 4
37 55 69 44 54 73 4
10 71 10 105 75 6 5
15 77 100 98 75 95 5
60 1 36 90 1 41 5
66 35 27 94 40 25 5
17 41 0 48 42 5 5
11 93 11 61 98 9 5
0 40 30 94 40 25 5
89 34 94 91 37 99 5
75 24 65 35 22 60 5
90 1 41 29 6 42 5
33 97 39 32 101 36 5
43 41 41 92 36 39 5
46 30 80 65 33 75 5
96 60 74 44 54 73 6
27 6 57 55 7 63 6
12 99 10 77 102 4 6
62 2 6 36 0 0 6
76 45 72 93 47 78 6
26 83 86 102 83 80 6
83 43 48 23 37 47 6
24 74 86 39 75 92 6
50 8 9 62 2 6 6
70 48 98 85 54 94 7
105 75 6 53 82 4 7
9 67 75 96 60 74 7
87 88 99 99 81 98 7
84 19 71 34 24 65 7
47 51 67 76 45 72 7
2 68 20 86 61 17 7
42 47 27 94 40 25 7
83 43 48 43 41 41 7
5 65 48 38 67 55 7
52 79 80 24 74 86 7
78 50 20 42 47 27 7
29 6 42 97 13 45 7
31 71 12 2 68 20 8
74 2 28 60 1 36 8
64 63 1 79 56 5 8
81 39 17 94 40 25 8
40 100 91 100 92 90 8
78 50 20 56 54 13 8
28 0 67 55 7 63 8
56 54 13 86 61 17 8
65 33 75 41 41 72 8
56 54 13 79 56 5 8
2 68 20 21 74 26 8
40 100 91 22 104 100 9
86 61 17 71 59 26 9
98 75 95 30 66 92 9
68 74 62 38 67 55 9
84 19 71 63 18 80 9
100 92 90 26 83 86 9
7 38 58 19 46 53 9
66 35 27 57 27 32 9
92 36 39 0 40 30 9
1 94 63 6 90 53 10
67 19 84 25 29 81 10
59 101 49 33 97 39 10
6 90 53 59 101 49 11
91 37 99 70 48 98 11
81 39 17 48 42 5 12
16 19 3 51 26 13 12
16 19 3 50 8 9 12
30 66 92 85 54 94 12
104 23 30 88 26 17 13
95 2 55 29 6 42 13
85 54 94 72 50 81 13
11 93 11 53 82 4 13
55 7 63 84 19 71 14
19 46 53 47 51 67 14
58 77 63 82 86 52 14
68 74 62 9 67 75 14
54 3 99 67 19 84 21
