64 41 64 57 41 64 0
49 23 48 46 23 48 0
53 32 41 25 31 41 1
14 32 40 25 31 41 1
21 23 47 49 23 48 1
6 45 42 34 44 42 1
52 46 41 6 45 42 1
56 14 37 15 12 35 2
17 5 34 42 6 36 2
63 1 52 45 3 53 2
61 37 42 35 36 40 2
60 50 25 5 48 27 2
41 39 36 55 40 34 2
22 41 38 41 39 36 2
29 1 30 50 2 28 2
5 48 27 23 50 28 2
14 32 40 2 30 37 3
8 36 58 4 38 61 3
24 43 52 33 43 49 3
17 5 34 37 7 30 4
12 19 46 46 23 48 4
51 60 63 31 64 62 4
1 13 41 56 14 37 4
14 32 40 35 36 40 4
47 1 8 39 0 12 4
20 29 11 0 33 12 4
10 19 22 48 22 25 4
64 41 64 4 38 61 4
33 43 49 59 40 46 4
58 16 15 26 13 12 4
43 33 62 4 38 61 5
6 45 42 22 41 38 5
34 44 42 59 40 46 5
49 23 48 32 28 51 5
41 39 36 35 36 40 5
37 7 30 50 2 28 5
19 25 34 2 30 37 5
32 28 51 65 32 48 5
20 29 11 38 26 5 6
13 51 45 6 45 42 6
15 12 35 42 6 36 6
28 57 22 27 58 28 6
28 57 22 60 50 25 7
65 32 48 25 31 41 7
58 16 15 10 19 22 7
1 13 41 12 19 46 7
47 1 8 62 1 1 7
30 49 6 44 41 4 8
40 57 36 27 58 28 8
63 1 52 11 1 44 8
3 52 14 30 49 6 8
51 60 63 9 56 56 8
26 13 12 7 12 4 8
11 1 44 42 6 36 9
43 33 62 16 24 65 9
19 25 34 48 22 25 9
28 57 22 3 52 14 9
24 43 52 8 36 58 9
55 40 34 18 36 25 9
13 51 45 40 57 36 10
7 12 4 47 1 8 11
44 41 4 0 33 12 11
3 52 14 36 63 12 11
13 51 45 9 56 56 12
54 8 65 45 3 53 13
