28 65 18 13 65 19 1
70 54 40 41 53 39 1
1 59 45 37 59 44 1
41 53 39 52 52 37 2
55 33 25 53 34 27 2
40 60 53 31 60 55 2
24 29 61 36 28 63 2
27 9 11 49 11 9 2
7 72 25 65 74 23 2
71 58 38 68 56 37 2
56 38 26 14 39 23 3
23 45 28 69 45 31 3
74 34 17 47 34 20 3
32 74 43 2 74 40 3
68 56 37 70 54 40 3
4 25 56 19 25 53 3
54 16 35 43 18 38 3
2 74 40 64 71 40 3
45 15 39 43 18 38 3
38 35 72 30 33 69 3
21 3 70 72 1 74 4
47 34 20 62 30 18 4
3 36 32 48 32 31 4
50 63 3 34 67 3 4
17 62 29 44 64 25 4
56 38 26 53 34 27 4
14 39 23 0 43 21 4
34 67 3 10 71 5 4
48 32 31 53 34 27 4
38 35 72 20 39 72 4
29 43 39 11 38 40 5
28 65 18 9 66 13 5
57 46 17 0 43 21 5
67 59 12 25 54 10 5
47 34 20 14 39 23 5
73 0 63 59 2 58 5
39 27 41 12 25 46 5
58 8 17 15 3 20 5
59 2 58 60 2 53 5
12 25 46 46 31 46 6
58 8 17 27 9 11 6
13 65 19 44 64 25 6
37 59 44 71 58 38 6
4 25 56 24 29 61 6
45 15 39 33 9 35 7
21 3 70 73 0 63 7
35 26 24 62 30 18 7
14 39 23 23 45 28 7
49 11 9 61 17 5 7
30 33 69 36 28 63 7
67 59 12 9 66 13 7
19 25 53 12 25 46 7
61 17 5 42 24 5 7
66 17 48 6 10 49 7
7 72 25 44 64 25 8
29 43 39 69 45 31 8
16 56 22 44 64 25 8
6 10 49 60 2 53 8
22 10 59 63 12 67 8
40 60 53 1 59 45 8
66 17 48 12 25 46 8
22 10 59 59 2 58 8
52 52 37 29 43 39 9
71 58 38 17 62 29 9
43 18 38 39 27 41 9
67 59 12 50 63 3 9
31 60 55 26 69 53 9
11 38 40 46 31 46 9
51 40 8 74 34 17 10
5 3 2 27 9 11 10
26 69 53 32 74 43 11
18 51 72 20 39 72 12
8 40 54 46 31 46 12
42 24 5 62 30 18 14
