40 62 64 31 61 65 1
74 86 15 30 85 15 1
22 51 62 83 51 63 1
55 28 3 17 27 4 1
50 29 13 3 30 14 1
0 52 9 82 53 8 1
29 80 85 42 79 87 2
9 54 10 82 53 8 2
47 21 28 13 20 30 2
69 51 22 24 49 24 2
19 67 19 1 65 17 2
57 20 22 6 22 20 2
56 56 55 48 58 55 2
4 21 59 76 24 59 3
71 84 78 63 86 81 3
46 58 58 48 58 55 3
2 14 10 36 12 7 3
14 52 26 24 49 24 3
15 68 49 21 69 46 3
37 66 69 54 63 69 3
70 51 50 85 48 49 3
75 60 71 54 63 69 3
36 12 7 8 12 4 3
7 84 0 87 87 3 4
49 29 70 52 25 72 4
82 53 8 68 51 4 4
35 44 12 18 47 9 4
48 58 55 43 58 51 4
31 61 65 54 63 69 4
66 33 3 55 28 3 5
37 66 69 38 69 73 5
86 6 70 60 3 75 5
84 53 77 59 57 81 5
46 58 58 58 63 57 5
85 48 49 77 44 46 5
62 71 34 12 72 39 5
10 51 45 85 48 49 5
18 47 9 0 52 9 5
78 32 19 3 30 14 5
84 53 77 51 52 72 5
72 11 71 86 6 70 5
73 10 46 20 7 41 5
62 71 34 34 66 36 5
61 64 42 21 69 46 6
52 25 72 65 19 75 6
76 24 59 45 23 65 6
38 69 73 32 64 77 6
57 20 22 47 21 28 6
35 44 12 23 38 15 6
61 64 42 34 66 36 6
66 33 3 41 39 6 6
46 58 58 40 62 64 7
12 72 39 44 77 44 7
84 53 77 27 46 78 7
41 39 6 35 44 12 7
45 23 65 49 29 70 7
43 58 51 70 51 50 7
23 38 15 78 32 19 7
81 42 24 24 49 24 7
39 37 47 77 44 46 7
59 57 81 26 63 86 7
29 80 85 63 86 81 7
85 48 49 79 43 55 7
57 20 22 11 12 25 8
83 51 63 46 58 58 8
13 20 30 25 13 34 8
59 57 81 32 64 77 8
65 19 75 72 11 71 8
53 5 31 25 13 34 8
60 3 75 16 9 81 8
50 29 13 6 22 20 9
23 38 15 81 42 24 9
49 29 70 67 35 63 9
58 63 57 15 68 49 9
33 57 35 34 66 36 9
52 25 72 64 30 80 9
25 13 34 20 7 41 9
33 57 35 14 52 26 10
5 30 34 47 21 28 10
67 35 63 79 43 55 11
80 1 20 53 5 31 11
28 74 9 30 85 15 12
74 86 15 87 87 3 12
6 22 20 2 14 10 12
1 65 17 28 74 9 12
9 54 10 1 65 17 13
71 84 78 38 69 73 15
