12 39 7 17 38 6 1
36 28 17 39 29 17 1
2 28 6 43 29 5 1
24 42 36 42 41 35 1
37 45 6 19 45 5 1
41 33 23 18 34 23 1
26 36 12 4 38 12 2
32 21 4 8 22 6 2
43 29 5 5 31 5 2
44 10 40 35 10 42 2
11 2 16 3 3 18 2
29 37 25 18 34 23 3
40 43 23 0 45 26 3
13 10 45 35 10 42 3
22 14 45 13 10 45 4
15 32 12 26 36 12 4
21 13 31 6 17 31 4
45 26 44 31 29 41 4
9 42 30 0 45 26 5
28 13 25 27 17 21 5
35 10 42 30 5 40 5
14 0 23 3 3 18 5
25 24 39 45 26 44 5
39 29 17 16 24 14 5
34 35 18 18 34 23 5
26 36 12 12 39 7 5
39 29 17 15 32 12 5
22 14 45 38 19 43 5
21 13 31 7 9 35 5
9 42 30 42 41 35 5
44 10 40 7 9 35 5
32 21 4 23 17 0 5
12 39 7 37 45 6 6
2 28 6 8 22 6 6
34 35 18 15 32 12 6
30 5 40 1 1 35 6
40 43 23 29 37 25 6
28 13 25 21 13 31 6
25 24 39 38 19 43 6
15 32 12 43 29 5 7
25 24 39 20 25 31 8
27 17 21 16 24 14 9
33 11 11 11 2 16 10
33 11 11 27 17 21 11
10 0 4 11 2 16 12
