160 39 68 46 38 67 1
4 24 132 110 24 133 1
136 58 130 49 59 129 1
23 12 159 68 11 158 1
160 39 68 32 38 69 1
141 109 27 37 111 25 2
57 111 23 37 111 25 2
116 87 60 119 89 58 2
103 24 71 55 24 69 2
87 112 21 57 111 23 2
34 42 130 104 42 128 2
13 158 121 121 159 119 2
100 117 124 83 117 126 2
136 58 130 151 58 132 2
63 80 107 102 77 109 3
60 127 103 0 128 106 3
2 110 99 45 111 96 3
16 88 79 29 88 76 3
138 147 109 28 144 108 3
51 37 119 20 38 122 3
86 83 107 63 80 107 3
159 57 14 152 54 12 3
17 21 156 41 17 155 4
156 79 33 111 79 29 4
62 155 9 114 152 6 4
108 55 18 159 57 14 4
18 44 97 54 47 94 4
103 24 71 120 21 74 4
146 158 131 123 154 129 4
61 82 92 65 84 88 4
159 57 14 3 62 16 5
31 14 6 90 16 11 5
25 106 31 141 109 27 5
18 44 97 50 49 100 5
130 139 106 28 144 108 5
79 117 20 87 112 21 5
35 153 30 44 152 25 5
21 152 83 132 155 88 5
56 68 126 1 68 121 5
97 74 27 111 79 29 5
135 34 149 98 35 144 5
109 38 153 53 43 154 5
55 24 69 157 20 65 5
148 58 22 108 55 18 5
109 38 153 135 34 149 5
115 144 76 124 149 75 5
150 5 91 155 10 93 5
112 26 121 133 25 116 5
1 68 121 75 62 120 6
47 122 109 0 128 106 6
61 82 92 134 80 98 6
42 85 31 111 79 29 6
74 132 45 149 138 46 6
23 12 159 41 17 155 6
2 110 99 39 110 105 6
125 26 49 80 20 48 6
142 138 35 69 143 40 7
129 111 48 94 107 54 7
24 118 148 161 125 148 7
46 38 67 15 31 69 7
158 125 46 74 132 45 7
103 24 71 15 31 69 7
20 38 122 104 42 128 7
154 64 142 117 71 139 7
9 122 141 161 125 148 7
77 96 60 119 89 58 7
69 143 40 149 138 46 7
30 20 41 80 20 48 7
9 122 141 99 124 134 7
89 67 21 3 62 16 7
82 66 1 40 67 8 7
92 0 85 150 5 91 7
61 82 92 147 74 90 8
150 5 91 105 4 99 8
13 158 121 123 154 129 8
127 109 71 52 117 75 8
101 106 127 106 110 119 8
106 110 119 100 117 124 8
8 137 81 115 144 76 8
124 149 75 21 152 83 8
67 150 137 123 154 129 8
64 34 48 125 26 49 8
142 138 35 143 142 28 8
114 152 6 93 144 5 8
5 91 8 27 89 0 8
122 15 147 41 17 155 8
64 34 48 78 39 41 8
134 80 98 86 83 107 9
49 59 129 56 68 126 9
114 152 6 10 160 1 9
31 14 6 36 23 4 9
40 67 8 3 62 16 9
137 1 76 92 0 85 9
78 39 41 73 42 32 9
97 74 27 89 67 21 9
87 112 21 71 103 17 9
65 84 88 16 88 79 9
145 141 63 96 134 57 9
88 98 77 16 88 79 10
26 117 87 45 111 96 10
99 124 134 83 117 126 10
70 152 57 33 158 66 10
143 142 28 44 152 25 10
94 107 54 48 100 46 10
8 137 81 91 139 91 10
139 42 84 54 47 94 11
79 117 20 22 118 9 11
149 138 46 96 134 57 11
24 118 148 140 114 159 11
130 139 106 0 128 106 11
85 46 142 98 35 144 11
154 64 142 81 66 153 11
14 76 60 116 87 60 11
12 34 1 36 23 4 11
138 147 109 131 154 100 11
51 37 119 112 26 121 11
4 24 132 112 26 121 11
151 58 132 154 64 142 11
84 99 93 45 111 96 12
39 110 105 47 122 109 12
5 91 8 6 86 19 12
118 93 157 126 81 155 12
144 132 118 0 128 106 12
73 42 32 153 30 31 12
19 11 57 80 20 48 12
111 79 29 6 86 19 12
85 46 142 34 42 130 12
52 117 75 26 117 87 12
58 26 93 11 20 104 12
161 125 148 107 137 145 12
145 141 63 70 152 57 12
124 149 75 33 158 66 12
76 85 143 126 81 155 12
88 98 77 127 109 71 12
157 20 65 19 11 57 12
94 107 54 77 96 60 12
132 155 88 131 154 100 12
38 105 140 101 106 127 13
95 125 32 142 138 35 13
11 20 104 133 25 116 13
122 15 147 66 2 145 13
113 1 9 31 14 6 13
95 125 32 79 117 20 14
39 110 105 7 97 111 14
39 110 105 106 110 119 14
155 10 93 11 20 104 14
117 71 139 76 85 143 14
158 125 46 129 111 48 14
17 21 156 135 34 149 14
128 2 113 105 4 99 14
107 137 145 67 150 137 15
66 2 145 72 2 130 15
1 68 121 102 77 109 15
139 42 84 32 38 69 15
151 58 132 85 46 142 15
71 103 17 5 91 8 15
62 155 9 44 152 25 16
59 60 52 14 76 60 17
43 57 76 139 42 84 17
58 26 93 139 42 84 18
12 34 1 152 54 12 22
