99 135 48 59 135 49 1
62 74 39 31 73 39 1
152 58 8 33 57 9 1
19 86 2 13 84 1 2
141 101 109 110 102 107 2
118 56 79 137 56 81 2
79 104 109 110 102 107 2
16 78 144 11 77 146 2
44 122 108 112 123 106 2
4 44 101 123 46 99 2
9 1 35 27 4 35 3
83 16 149 40 17 152 3
10 90 152 68 88 149 3
18 25 48 42 22 50 3
38 48 24 65 51 25 3
63 103 54 96 103 57 3
38 48 24 36 51 22 3
149 25 71 48 25 68 3
140 61 11 33 57 9 4
111 139 49 59 135 49 4
7 52 65 90 56 64 4
66 130 40 8 134 39 4
8 134 39 0 137 42 4
22 16 74 94 12 74 4
135 17 61 72 21 61 4
145 55 24 65 51 25 4
14 30 44 130 34 46 4
119 38 144 21 34 144 4
52 84 30 34 87 27 4
126 25 86 80 24 82 4
73 85 78 134 83 73 5
64 130 108 20 128 103 5
144 50 91 76 45 92 5
114 92 29 34 87 27 5
136 53 74 118 56 79 5
62 74 39 124 69 42 5
105 138 86 37 139 81 5
112 123 106 20 128 103 5
30 102 93 49 100 98 5
67 9 36 27 4 35 5
61 36 103 15 32 100 5
50 125 40 66 130 40 5
67 9 36 82 13 33 5
80 24 82 102 26 77 5
128 112 126 1 107 128 5
122 100 135 148 94 134 6
149 25 71 102 26 77 6
8 134 39 24 131 33 6
45 106 46 43 111 50 6
14 30 44 18 25 48 6
138 104 115 79 104 109 6
130 34 46 85 33 52 6
47 87 8 19 86 2 6
17 50 39 132 56 42 6
0 137 42 99 135 48 6
28 36 115 108 33 121 6
129 88 137 148 94 134 6
127 102 87 30 102 93 6
55 13 128 87 8 123 7
127 102 87 57 109 86 7
118 56 79 74 63 76 7
39 115 107 44 122 108 7
101 92 54 103 86 49 7
149 25 71 151 32 72 7
26 103 9 77 99 15 7
76 45 92 123 46 99 7
117 63 46 124 69 42 7
83 16 149 53 16 141 8
58 38 78 41 45 74 8
117 63 46 132 56 42 8
25 99 122 138 104 115 8
88 89 95 115 87 87 8
48 25 68 72 21 61 8
61 36 103 4 44 101 8
113 70 100 120 75 107 8
43 111 50 63 103 54 8
136 53 74 41 45 74 8
58 38 78 151 32 72 8
6 33 60 85 33 52 8
24 131 33 98 123 30 8
92 115 27 98 123 30 8
121 66 18 140 61 11 8
139 8 1 146 13 9 9
3 1 65 142 2 74 9
122 100 135 1 107 128 9
89 124 82 97 121 73 9
116 62 35 132 56 42 9
15 32 100 93 25 106 9
89 124 82 46 126 91 9
115 87 87 73 85 78 9
136 53 74 7 52 65 9
133 51 122 35 56 130 9
39 115 107 51 116 98 9
32 79 129 2 70 129 9
49 100 98 110 102 107 9
22 16 74 149 25 71 9
131 16 108 93 25 106 9
6 33 60 78 42 63 9
107 2 103 75 1 94 9
94 12 74 142 2 74 10
78 42 63 7 52 65 10
150 3 55 3 1 65 10
1 107 128 25 99 122 10
109 108 66 96 103 57 10
87 8 123 54 3 114 10
29 152 120 143 150 130 10
140 61 11 147 69 4 10
144 50 91 60 60 91 10
106 41 32 38 48 24 10
60 60 91 137 56 81 10
5 78 64 134 83 73 10
90 56 64 125 64 57 10
68 88 149 16 78 144 11
111 139 49 12 147 57 11
127 102 87 91 101 76 11
117 63 46 125 64 57 11
73 85 78 71 75 84 11
70 90 115 25 99 122 11
49 100 98 88 89 95 11
63 103 54 101 92 54 11
106 41 32 17 50 39 11
79 104 109 39 115 107 11
81 49 143 119 38 144 11
107 2 103 54 3 114 11
109 108 66 91 101 76 12
61 36 103 28 36 115 12
129 88 137 32 79 129 12
129 88 137 16 78 144 12
23 33 23 86 31 11 12
145 55 24 121 66 18 12
95 148 37 0 137 42 12
51 116 98 46 126 91 12
23 33 23 106 41 32 12
62 74 39 52 84 30 13
60 60 91 113 70 100 13
84 135 121 64 130 108 13
46 126 91 105 138 86 13
47 87 8 77 99 15 13
11 77 146 100 64 143 13
53 16 141 55 13 128 13
35 56 130 81 49 143 14
35 56 130 2 70 129 14
107 2 103 131 16 108 14
71 75 84 74 63 76 14
13 84 1 147 69 4 15
104 107 149 122 100 135 15
43 111 50 50 125 40 17
143 150 130 84 135 121 17
146 13 9 86 31 11 18
69 127 139 128 112 126 19
42 22 50 67 9 36 19
56 148 13 95 148 37 24
