2 53 56 14 53 56 0
68 24 36 69 24 37 1
15 47 65 22 48 64 1
69 24 37 88 24 38 1
62 7 83 7 6 82 1
42 10 28 43 12 26 2
13 33 16 81 35 15 2
26 72 68 86 73 66 2
6 79 17 39 80 19 2
23 30 70 75 28 68 2
88 24 38 31 26 36 2
85 16 75 8 18 77 2
25 58 52 87 59 54 2
26 72 68 5 69 68 3
73 26 23 34 25 20 3
10 51 64 22 48 64 3
21 55 27 53 55 30 3
21 55 27 38 57 24 3
50 58 13 11 61 13 3
56 60 25 38 57 24 3
65 76 20 6 79 17 4
33 55 76 72 59 74 4
84 25 32 68 24 36 4
46 39 36 54 43 37 4
71 71 10 78 75 10 4
44 68 72 5 69 68 4
57 13 49 9 9 49 4
26 72 68 27 76 72 5
49 56 70 72 59 74 5
82 30 63 75 28 68 5
14 53 56 16 52 51 5
64 8 33 42 10 28 5
1 27 83 29 31 80 5
33 55 76 20 50 78 5
77 22 85 1 27 83 5
54 43 37 52 42 42 5
43 12 26 41 17 27 5
52 42 42 51 40 47 5
4 24 15 34 25 20 5
61 33 74 23 30 70 5
36 72 88 17 71 83 5
52 42 42 83 47 45 5
28 14 61 37 9 62 5
61 33 74 29 31 80 6
2 53 56 87 59 54 6
57 13 49 19 19 47 6
59 28 10 4 24 15 6
48 44 19 47 41 13 6
81 35 15 47 41 13 6
45 75 41 63 70 37 6
88 24 38 55 28 43 6
17 71 83 80 65 80 6
18 30 57 82 30 63 6
22 48 64 74 44 58 7
59 28 10 13 33 16 7
79 17 3 70 10 1 7
40 66 19 11 61 13 7
35 82 9 78 75 10 7
0 23 55 18 30 57 7
16 52 51 83 47 45 7
10 51 64 49 56 70 7
4 24 15 66 17 12 7
30 3 25 42 10 28 7
59 28 10 58 33 4 7
10 51 64 14 53 56 8
76 14 87 62 7 83 8
19 19 47 0 23 55 8
20 50 78 32 43 74 8
80 65 80 72 59 74 8
8 18 77 77 22 85 8
6 79 17 78 75 10 8
56 60 25 40 66 19 8
77 22 85 76 14 87 8
80 65 80 44 68 72 8
67 84 74 27 76 72 8
84 25 32 41 17 27 9
46 39 36 3 44 28 9
73 26 23 41 17 27 9
24 65 3 71 71 10 9
66 17 12 79 17 3 9
19 19 47 55 28 43 9
3 44 28 48 44 19 9
20 50 78 60 42 85 10
24 65 3 11 61 13 10
28 14 61 0 23 55 10
12 2 9 70 10 1 11
3 44 28 53 55 30 11
56 60 25 63 70 37 15
