111 20 88 74 21 87 1
5 25 77 19 24 78 1
24 100 3 12 99 5 2
64 20 83 70 22 84 2
102 104 11 78 106 10 2
57 99 27 115 101 26 2
98 27 28 21 26 30 2
59 102 1 24 100 3 2
9 64 53 58 66 52 2
35 12 7 48 15 7 3
66 107 58 4 109 55 3
95 5 49 17 8 48 3
33 60 75 53 59 72 3
74 21 87 70 22 84 3
67 112 54 4 109 55 3
11 109 73 76 110 70 3
61 76 28 87 79 26 3
102 104 11 103 107 14 4
3 113 81 13 110 84 4
7 30 63 93 34 61 4
35 12 7 96 8 5 4
116 117 107 1 115 111 4
36 10 44 17 8 48 4
59 102 1 100 106 1 4
56 38 62 93 34 61 4
15 69 6 30 65 6 4
6 75 0 81 75 4 4
15 69 6 41 68 2 4
7 30 63 117 29 59 4
62 50 96 55 55 94 5
22 45 11 28 40 8 5
47 118 82 3 113 81 5
89 91 106 32 94 111 5
108 25 110 109 29 114 5
85 9 0 96 8 5 5
110 92 53 27 90 48 5
60 58 117 46 58 112 5
19 24 78 70 22 84 6
84 43 96 118 37 93 6
56 38 62 75 40 68 6
99 101 20 115 101 26 6
81 75 4 15 69 6 6
1 115 111 34 109 110 6
63 74 82 29 75 88 6
23 102 96 31 96 97 6
25 15 29 82 18 35 6
18 14 53 17 8 48 7
102 104 11 12 99 5 7
2 83 102 14 84 109 7
92 75 66 43 82 64 7
103 107 14 39 110 21 7
14 84 109 89 91 106 7
53 59 72 90 55 66 7
107 66 70 33 60 75 7
79 69 18 10 63 23 7
101 73 95 29 75 88 7
72 35 22 113 38 29 7
28 40 8 88 33 6 7
34 109 110 26 102 107 7
62 50 96 84 43 96 7
90 55 66 86 53 59 7
113 38 29 106 46 27 8
103 107 14 99 101 20 8
32 94 111 26 102 107 8
23 102 96 105 99 88 8
2 83 102 20 88 95 8
0 83 88 29 75 88 8
3 113 81 11 109 73 8
31 96 97 20 88 95 8
45 50 113 60 58 117 8
94 8 20 112 0 19 8
38 90 12 52 90 20 8
97 91 32 50 96 39 8
64 20 83 51 15 76 8
0 83 88 20 88 95 8
82 18 35 21 26 30 9
106 46 27 37 45 36 9
49 45 54 86 53 59 9
4 109 55 54 102 49 9
97 91 32 57 99 27 9
80 89 3 38 90 12 9
71 24 97 111 20 88 9
107 66 70 92 75 66 9
90 55 66 42 49 73 9
49 45 54 56 38 62 10
98 27 28 72 35 22 10
50 96 39 27 90 48 10
110 92 53 54 102 49 10
8 34 103 118 37 93 10
108 25 110 83 15 113 10
40 85 76 91 94 71 10
33 60 75 69 61 85 10
69 61 85 55 55 94 10
12 99 5 80 89 3 10
14 84 109 104 74 109 10
44 38 82 118 37 93 11
8 34 103 71 24 97 11
13 110 84 105 99 88 11
25 15 29 94 8 20 11
8 34 103 108 25 110 11
16 18 64 18 14 53 11
79 69 18 87 79 26 12
16 18 64 7 30 63 12
114 20 18 25 15 29 12
40 85 76 63 74 82 12
9 64 53 86 53 59 12
68 5 84 51 15 76 12
114 20 18 48 15 7 12
30 65 6 79 69 18 12
87 79 26 52 90 20 12
36 10 44 82 18 35 12
76 110 70 66 107 58 12
40 85 76 43 82 64 12
73 58 41 37 45 36 13
72 35 22 28 40 8 14
65 3 66 51 15 76 15
67 112 54 77 118 40 15
46 58 112 104 74 109 16
