26 28 49 28 28 49 0
67 42 0 46 42 0 0
8 70 28 78 71 29 1
78 71 29 80 70 30 1
16 100 15 118 99 14 1
29 12 103 41 13 103 1
82 74 104 110 76 103 2
86 40 117 36 41 115 2
118 99 14 20 100 12 2
27 25 105 109 23 104 2
95 119 40 62 122 41 3
121 26 80 119 25 83 3
58 117 20 103 114 19 3
19 90 77 49 89 74 3
94 100 18 16 100 15 3
36 41 115 44 40 112 3
91 47 118 114 48 115 3
55 72 11 89 75 13 3
107 9 105 29 12 103 3
57 121 18 58 117 20 4
52 19 105 109 23 104 4
14 56 83 25 54 79 4
107 9 105 13 6 108 4
1 47 34 5 51 33 4
65 47 41 3 51 42 4
38 1 23 88 0 19 4
60 123 114 73 123 110 4
31 66 26 8 70 28 4
105 52 85 14 56 83 4
30 78 16 89 75 13 4
116 15 108 52 19 105 5
95 119 40 117 114 43 5
84 61 77 97 66 75 5
85 120 24 58 117 20 5
100 95 75 19 90 77 5
120 17 12 43 21 15 5
105 52 85 64 49 89 5
116 15 108 41 13 103 5
53 83 116 50 87 112 5
4 26 27 123 28 22 5
111 97 84 9 93 88 5
39 108 90 34 106 95 5
44 40 112 33 36 109 5
2 82 33 99 77 31 5
112 117 95 15 115 90 5
82 74 104 98 69 106 5
68 30 119 47 33 123 5
99 77 31 78 71 29 6
76 7 99 107 9 105 6
17 5 52 61 11 49 6
40 37 88 12 43 89 6
106 58 89 14 56 83 6
64 49 89 12 43 89 6
36 41 115 91 47 118 6
71 72 22 8 70 28 6
35 74 5 55 72 11 6
96 39 40 81 38 46 6
103 114 19 21 116 12 7
72 4 12 59 10 7 7
42 84 6 69 89 0 7
15 115 90 39 108 90 7
10 63 6 70 62 13 7
1 47 34 65 47 41 7
84 61 77 25 54 79 7
23 33 36 96 39 40 7
43 21 15 101 28 14 7
88 0 19 72 4 12 8
37 92 52 77 91 60 8
122 121 61 24 114 66 8
30 78 16 71 72 22 8
37 92 52 87 99 47 8
75 108 78 104 115 74 8
45 33 76 121 26 80 8
96 39 40 65 47 41 8
104 115 74 24 114 66 8
45 33 76 63 32 68 8
59 10 7 120 17 12 8
123 28 22 101 28 14 8
115 18 0 48 25 4 8
32 89 37 2 82 33 8
2 82 33 56 86 26 8
113 104 4 20 100 12 8
92 51 1 46 42 0 9
86 40 117 47 33 123 9
111 97 84 100 95 75 9
80 70 30 90 63 37 9
40 37 88 102 30 95 9
70 62 13 55 72 11 10
35 74 5 42 84 6 10
81 38 46 26 28 49 10
108 112 53 117 114 43 10
106 58 89 66 56 99 10
101 28 14 48 25 4 10
22 12 82 93 2 78 10
51 104 66 24 114 66 10
27 25 105 33 36 109 11
27 25 105 102 30 95 11
101 28 14 0 39 12 11
93 2 78 83 6 67 11
34 106 95 18 103 106 11
84 61 77 79 56 67 11
4 26 27 23 33 36 11
11 51 56 79 56 67 12
39 108 90 75 108 78 12
122 121 61 108 112 53 12
111 97 84 75 108 78 12
90 63 37 5 51 33 12
45 33 76 40 37 88 12
0 39 12 46 42 0 12
22 12 82 119 25 83 13
54 13 28 38 1 23 13
18 103 106 6 103 119 13
77 91 60 51 104 66 14
50 87 112 110 76 103 14
32 89 37 87 99 47 14
103 114 19 16 100 15 14
74 0 38 17 5 52 14
3 51 42 11 51 56 14
13 6 108 7 4 122 14
66 56 99 98 69 106 14
17 5 52 83 6 67 15
113 104 4 69 89 0 15
112 117 95 73 123 110 16
