28 51 36 0 51 35 1
7 4 40 46 3 41 1
4 26 12 13 25 13 1
27 3 42 46 3 41 1
31 46 46 8 47 47 1
9 48 12 11 50 12 2
14 4 25 5 3 27 2
8 47 47 49 47 49 2
17 50 21 16 52 21 2
34 10 4 45 8 6 2
11 50 12 48 50 15 3
3 51 39 28 51 36 3
6 11 25 10 10 22 3
16 52 21 12 51 18 3
14 4 25 40 3 22 3
48 50 15 12 51 18 3
1 52 42 3 51 39 3
36 25 4 42 22 2 3
8 47 47 44 43 49 4
11 50 12 22 48 8 4
19 51 47 49 47 49 4
26 46 4 22 48 8 4
2 32 37 30 28 35 4
25 26 17 13 25 13 4
41 28 8 4 26 12 4
21 38 19 47 34 18 4
26 46 4 43 43 1 4
19 51 47 1 52 42 5
24 41 29 51 46 31 5
21 38 19 39 42 23 5
41 28 8 36 25 4 5
33 29 1 36 25 4 5
32 45 17 9 48 12 5
29 33 8 41 28 8 5
2 32 37 23 38 37 6
39 42 23 32 45 17 6
45 8 6 37 2 7 6
0 51 35 51 46 31 6
38 30 23 50 34 28 6
23 38 37 20 39 43 6
10 10 22 14 4 25 6
38 30 23 47 34 18 6
39 42 23 24 41 29 6
42 22 2 18 17 7 7
20 39 43 44 43 49 7
35 17 51 15 19 44 7
52 10 50 35 17 51 7
34 10 4 18 17 7 7
25 26 17 38 30 23 7
27 3 42 52 10 50 10
30 28 35 15 19 44 12
7 4 40 5 3 27 13
