0 14 10 33 13 10 1
35 4 5 34 5 6 1
24 2 4 36 1 3 1
30 28 16 29 30 16 2
11 28 1 6 30 0 2
15 7 5 34 5 6 2
13 4 14 8 6 14 2
22 23 14 18 24 16 2
21 6 28 26 4 29 2
24 2 4 35 4 5 2
25 8 2 15 7 5 3
19 10 11 33 13 10 3
11 28 1 16 31 3 3
4 31 6 16 31 3 3
9 4 20 2 0 19 4
9 4 20 5 1 23 4
1 13 34 7 17 35 4
28 4 10 34 5 6 4
28 4 10 8 6 14 4
4 31 6 12 32 10 4
30 28 16 18 24 16 4
23 14 15 19 10 11 5
19 10 11 8 6 14 5
3 3 34 26 4 29 5
27 18 19 23 14 15 5
32 36 0 16 31 3 5
8 6 14 9 4 20 6
33 13 10 10 16 4 6
14 21 0 10 16 4 6
29 30 16 12 32 10 6
18 24 16 27 18 19 6
17 34 29 31 36 23 6
26 4 29 5 1 23 6
21 6 28 1 13 34 9
29 30 16 31 36 23 9
17 34 29 20 27 35 9
