92 61 8 40 61 8 0
89 107 1 63 108 1 1
101 2 8 0 2 7 1
103 78 60 80 77 59 1
14 73 88 83 72 88 1
17 41 77 108 41 76 1
32 69 58 43 68 59 1
67 74 28 10 74 26 2
64 44 106 91 45 108 2
19 6 3 27 4 1 2
78 63 87 18 61 87 2
61 9 106 109 7 104 2
5 11 40 51 13 41 2
97 15 3 110 17 3 2
21 4 105 109 7 104 3
28 25 22 85 27 25 3
107 99 94 77 102 94 3
75 76 52 54 80 53 4
23 104 15 99 105 19 4
22 49 25 52 51 21 4
93 73 55 75 76 52 4
58 46 47 69 50 47 4
92 61 8 35 56 5 5
30 52 52 69 50 47 5
29 105 10 15 109 13 5
7 21 49 57 16 48 5
105 95 91 107 99 94 5
93 73 55 32 69 58 5
100 98 6 82 94 2 5
93 73 55 80 77 59 5
68 66 6 92 61 8 5
45 55 0 35 56 5 5
29 105 10 23 104 15 5
66 41 82 17 41 77 5
101 2 8 102 2 13 5
61 9 106 65 14 103 5
56 18 85 53 21 89 5
46 69 64 43 68 59 5
19 6 3 0 2 7 5
78 63 87 24 65 81 6
4 67 92 83 72 88 6
94 37 52 95 31 54 6
50 96 71 6 93 77 6
31 98 37 3 102 42 6
60 97 100 107 99 94 6
74 95 43 31 98 37 6
55 62 58 9 61 52 6
104 29 8 37 29 2 6
78 63 87 4 67 92 6
55 62 58 43 68 59 6
28 25 22 42 19 22 6
11 13 26 42 19 22 7
88 63 34 76 70 37 7
66 41 82 84 40 89 7
5 11 40 39 12 33 7
16 102 49 3 102 42 7
81 46 9 106 39 10 7
11 13 26 39 12 33 7
81 46 9 25 46 2 7
57 16 48 51 13 41 7
9 61 52 86 69 48 8
53 21 89 79 29 93 8
20 58 41 88 63 34 8
28 25 22 38 31 16 8
38 31 16 104 29 8 8
49 53 73 13 51 65 8
66 41 82 44 49 85 8
29 105 10 100 98 6 8
60 97 100 48 97 108 8
63 108 1 29 105 10 9
26 110 63 87 106 72 9
67 74 28 76 70 37 9
36 39 98 84 40 89 9
98 20 76 47 29 74 9
64 44 106 36 39 98 9
30 52 52 9 61 52 9
73 9 88 56 18 85 9
19 6 3 97 15 3 9
34 104 30 31 98 37 9
98 20 76 56 18 85 9
45 55 0 25 46 2 9
38 31 16 106 39 10 10
85 27 25 33 24 35 10
62 23 62 96 13 59 10
50 96 71 87 106 72 10
20 58 41 69 50 47 10
58 46 47 94 37 52 10
48 97 108 72 107 109 10
70 84 41 74 95 43 11
1 108 84 77 102 94 11
54 80 53 59 91 57 11
41 69 107 12 58 105 11
7 21 49 95 31 54 11
34 104 30 99 105 19 11
79 29 93 84 40 89 11
57 16 48 96 13 59 11
37 29 2 110 17 3 12
17 41 77 49 53 73 12
73 9 88 2 1 78 12
1 108 84 87 106 72 12
18 61 87 44 49 85 12
54 80 53 70 84 41 12
52 51 21 81 46 9 13
71 81 8 90 86 20 13
10 74 26 90 86 20 13
55 62 58 13 51 65 13
91 45 108 12 58 105 13
33 24 35 8 38 35 14
50 96 71 59 91 57 14
53 21 89 65 14 103 15
