29 130 22 101 130 22 0
85 29 83 77 28 84 1
39 75 143 32 76 142 1
42 136 36 83 135 35 1
117 16 101 129 17 103 2
9 85 79 20 87 77 2
97 91 3 134 89 4 2
158 96 137 99 94 137 2
146 67 18 102 69 20 2
5 103 102 27 105 104 2
135 50 152 1 48 155 3
30 65 147 3 67 144 3
129 17 103 86 14 105 3
149 95 85 58 98 87 3
33 68 135 157 71 137 3
25 43 111 124 40 112 3
47 62 80 84 65 79 3
145 81 8 114 84 6 3
109 82 86 142 79 86 3
37 102 2 21 105 1 3
153 31 77 125 28 74 4
94 107 108 27 105 104 4
117 16 101 138 12 99 4
16 21 131 93 25 130 4
75 129 30 60 126 27 4
53 14 154 80 18 154 4
89 27 111 87 24 108 4
35 68 60 74 72 61 4
116 21 157 80 18 154 4
10 86 46 100 90 44 4
71 96 39 26 100 38 4
19 38 26 52 37 30 4
98 4 136 62 0 138 4
41 140 108 130 136 112 5
34 7 7 123 11 11 5
139 153 20 28 155 15 5
89 27 111 104 32 108 5
56 61 85 47 62 80 5
47 62 80 57 57 79 5
126 20 44 76 20 49 5
96 107 49 72 105 44 5
67 111 23 150 115 26 5
41 140 108 24 145 105 5
33 68 135 156 63 138 5
114 84 6 134 89 4 5
94 107 108 63 109 113 5
60 126 27 29 130 22 6
66 59 8 22 54 12 6
146 67 18 141 66 12 6
85 29 83 153 31 77 6
69 37 74 153 31 77 6
72 105 44 131 111 42 6
133 26 117 40 29 123 6
89 27 111 133 26 117 6
77 28 84 49 32 89 6
124 40 112 108 34 115 6
73 149 78 111 147 71 7
51 102 133 158 96 137 7
142 79 86 147 73 81 7
110 34 67 69 37 74 7
157 71 137 32 76 142 7
36 92 51 100 90 44 7
51 102 133 7 108 138 7
136 25 11 152 19 15 7
100 90 44 71 96 39 7
61 119 129 54 126 130 7
74 72 61 82 70 68 7
72 105 44 26 100 38 7
145 81 8 70 86 13 7
104 32 108 108 34 115 7
103 129 112 130 136 112 7
9 85 79 109 82 86 7
75 129 30 83 135 35 7
12 126 154 154 133 155 7
11 46 118 25 43 111 7
151 78 68 17 84 64 7
156 63 138 3 67 144 7
144 14 89 64 8 85 7
23 60 23 146 67 18 8
150 115 26 44 119 33 8
91 106 57 96 107 49 8
11 46 118 122 54 116 8
152 19 15 123 11 11 8
93 25 130 40 29 123 8
148 37 96 49 32 89 8
87 24 108 129 17 103 8
151 78 68 82 70 68 8
110 34 67 31 35 59 8
144 14 89 2 18 82 8
54 126 130 65 129 122 8
137 1 146 62 0 138 8
147 73 81 84 65 79 8
43 51 72 18 59 70 8
24 145 105 68 145 97 8
141 66 12 66 59 8 8
50 104 94 5 103 102 8
4 10 39 105 9 30 9
48 58 157 135 50 152 9
18 59 70 57 57 79 9
6 2 56 88 10 61 9
46 144 156 13 148 147 9
51 102 133 143 100 124 9
18 59 70 113 56 61 9
50 104 94 58 98 87 9
60 126 27 44 119 33 9
56 61 85 38 66 93 9
101 130 22 59 140 26 10
126 20 44 106 29 39 10
138 12 99 144 14 89 10
128 77 129 157 71 137 10
22 54 12 92 45 18 10
73 149 78 14 157 71 10
2 18 82 77 28 84 10
28 155 15 132 154 5 10
8 119 110 103 129 112 10
103 129 112 65 129 122 10
92 45 18 19 38 26 10
63 109 113 8 119 110 10
126 20 44 4 10 39 11
113 56 61 119 48 53 11
122 54 116 127 61 107 11
115 115 153 12 126 154 11
82 70 68 18 59 70 11
149 95 85 20 87 77 11
46 144 156 154 133 155 11
125 28 74 121 17 71 11
37 102 2 97 91 3 11
106 29 39 52 37 30 12
15 23 27 152 19 15 12
106 29 39 107 40 44 12
48 58 157 30 65 147 12
119 48 53 107 40 44 12
131 111 42 44 119 33 12
121 17 71 88 10 61 12
120 99 150 158 96 137 13
29 130 22 0 129 9 13
35 68 60 90 66 47 13
86 14 105 112 9 117 13
106 29 39 15 23 27 13
95 71 34 90 66 47 13
50 104 94 79 116 89 13
81 110 76 79 116 89 14
7 108 138 61 119 129 14
45 138 60 111 147 71 14
127 61 107 38 66 93 14
78 132 73 45 138 60 14
139 153 20 59 140 26 14
36 92 51 17 84 64 15
137 1 146 53 14 154 15
141 66 12 145 81 8 15
155 123 53 96 107 49 16
120 99 150 115 115 153 16
55 45 134 11 46 118 16
140 152 41 42 136 36 16
45 138 60 155 123 53 16
98 4 136 16 21 131 17
156 63 138 55 45 134 18
13 148 147 118 158 132 18
