101 68 22 50 68 23 1
16 29 71 92 28 71 1
81 94 69 35 95 70 1
55 52 115 107 53 116 1
57 46 85 28 47 84 1
3 104 115 9 106 113 2
108 31 120 89 32 118 2
54 96 115 72 98 115 2
25 54 18 82 56 20 2
53 95 29 19 96 27 2
40 94 117 54 96 115 2
113 70 73 45 67 74 3
36 6 87 100 9 87 3
13 3 50 91 3 47 3
51 67 108 38 67 105 3
24 29 60 68 32 62 3
58 52 31 34 55 30 3
75 106 70 0 109 67 4
49 35 65 68 32 62 4
93 82 16 116 80 20 4
114 115 41 121 114 37 4
47 82 24 116 80 20 4
52 70 120 44 66 119 4
37 90 115 40 94 117 4
30 88 105 61 92 104 4
71 44 111 22 48 111 4
44 66 119 97 67 115 4
18 30 78 96 32 74 4
96 32 74 16 29 71 4
0 109 67 119 112 70 4
17 82 104 67 79 101 4
102 82 78 110 83 82 4
63 46 66 32 51 65 5
87 107 56 6 106 61 5
46 59 49 109 62 53 5
22 48 111 55 52 115 5
20 39 43 111 43 40 5
73 75 23 116 80 20 5
12 40 18 33 38 23 5
90 72 18 73 75 23 5
24 29 60 122 28 65 5
62 42 28 2 46 31 5
5 69 44 21 70 39 5
90 72 18 101 68 22 5
105 51 60 32 51 65 5
82 56 20 39 60 23 5
65 88 84 110 83 82 5
58 52 31 2 46 31 6
72 98 115 3 104 115 6
70 66 16 101 68 22 6
6 106 61 0 109 67 6
78 71 81 4 76 85 6
99 84 72 102 82 78 6
122 28 65 16 29 71 6
106 104 76 75 106 70 6
38 67 105 112 61 103 6
43 78 117 59 82 122 6
30 88 105 17 82 104 6
14 24 79 18 30 78 6
62 42 28 33 38 23 6
85 25 87 80 18 88 7
97 67 115 51 67 108 7
41 109 87 98 103 91 7
1 122 67 79 121 74 7
110 83 82 4 76 85 7
23 99 58 6 106 61 7
81 94 69 104 93 62 7
104 93 62 23 99 58 7
48 58 96 112 61 103 7
60 10 53 13 3 50 7
21 70 39 103 64 33 8
120 8 33 15 1 28 8
113 70 73 78 71 81 8
85 25 87 14 24 79 8
101 68 22 39 60 23 8
66 32 14 12 40 18 8
52 70 120 43 78 117 8
34 55 30 39 60 23 8
78 71 81 84 64 87 9
100 9 87 80 18 88 9
83 11 14 117 4 7 9
79 121 74 119 112 70 9
111 43 40 2 46 31 9
103 64 33 34 55 30 9
31 22 19 88 25 28 9
86 103 19 19 96 27 10
36 6 87 26 4 77 10
5 69 44 10 79 48 10
84 64 87 48 58 96 10
37 90 115 30 88 105 10
56 72 57 109 62 53 10
99 84 72 81 94 69 10
45 67 74 76 57 75 10
37 90 115 59 82 122 10
56 72 57 10 79 48 11
8 47 100 22 48 111 11
76 57 75 32 51 65 11
48 58 96 8 47 100 11
64 120 101 118 120 112 11
31 22 19 66 32 14 11
63 46 66 49 35 65 11
115 21 112 89 32 118 12
31 22 19 83 11 14 12
41 109 87 106 104 76 12
77 121 86 79 121 74 12
87 107 56 94 119 53 12
24 29 60 11 27 48 12
42 29 99 85 25 87 12
114 115 41 94 119 53 12
26 4 77 95 5 65 12
105 51 60 109 62 53 13
60 10 53 95 5 65 13
71 44 111 89 32 118 13
74 37 2 66 32 14 13
28 47 84 76 57 75 13
29 54 5 25 54 18 13
47 82 24 53 95 29 13
91 3 47 120 8 33 14
93 82 16 27 80 2 14
9 106 113 118 120 112 14
86 103 19 7 117 22 14
69 7 102 36 6 87 15
