31 3 85 100 2 84 1
0 84 43 106 85 42 1
4 124 76 83 125 75 1
118 26 121 123 25 122 1
115 110 2 131 109 2 1
90 42 139 93 42 138 1
18 1 1 58 0 0 1
57 12 12 89 12 13 1
85 104 43 140 102 41 2
79 100 55 109 102 56 2
86 87 112 133 89 114 2
136 39 134 62 37 134 2
9 10 17 112 8 19 2
8 40 124 17 40 122 2
41 10 85 6 8 83 2
49 77 18 98 79 16 2
96 41 106 1 39 107 2
35 120 54 13 118 57 3
68 109 26 80 111 29 3
20 84 46 0 84 43 3
111 15 94 27 16 97 3
86 87 112 3 88 109 3
28 87 4 48 90 2 3
124 58 60 110 55 59 3
47 21 57 59 22 53 4
76 133 111 11 136 114 4
9 10 17 89 12 13 4
19 8 124 105 11 121 4
44 144 124 120 141 127 4
54 94 3 39 98 5 4
37 27 19 46 31 19 4
64 80 46 20 84 46 4
54 94 3 48 90 2 4
71 132 81 61 136 82 4
37 27 19 38 27 23 4
134 55 100 84 52 95 5
114 3 141 113 0 136 5
136 39 134 90 42 139 5
112 8 19 26 3 16 5
114 3 141 103 7 144 5
134 55 100 82 60 100 5
50 29 107 32 24 105 5
18 1 1 143 1 6 5
6 8 83 31 3 85 5
130 18 12 87 23 14 5
30 55 105 134 55 100 5
12 19 126 7 15 130 5
40 48 124 51 48 129 5
14 41 73 16 39 78 5
16 39 78 23 43 81 5
125 97 120 144 97 125 5
4 124 76 91 118 78 6
37 27 19 87 23 14 6
120 141 127 24 135 130 6
120 141 127 129 137 122 6
130 18 12 57 12 12 6
92 78 26 55 83 22 6
138 80 129 10 86 130 6
70 49 138 90 42 139 7
93 42 138 25 37 144 7
78 33 74 16 39 78 7
142 128 132 24 135 130 7
12 19 126 123 25 122 7
21 123 62 13 118 57 7
55 83 22 49 77 18 7
38 27 23 77 22 29 7
8 40 124 40 48 124 8
65 82 71 43 78 79 8
11 136 114 129 137 122 8
53 67 37 101 65 45 8
34 124 108 128 116 110 8
80 111 29 29 111 37 8
127 64 9 94 56 12 8
42 26 42 56 31 49 8
119 125 140 142 128 132 8
43 78 79 116 70 77 8
126 100 25 121 97 33 8
95 80 121 138 80 129 8
105 11 121 7 15 130 9
99 86 139 10 86 130 9
66 21 66 47 21 57 9
56 31 49 59 22 53 9
122 51 50 110 55 59 9
122 51 50 15 46 42 9
77 22 29 69 15 36 9
4 124 76 71 132 81 9
51 48 129 70 49 138 9
102 133 14 72 124 17 9
29 111 37 85 104 43 9
140 102 41 121 97 33 9
34 124 108 76 133 111 9
2 88 14 55 83 22 9
36 57 118 40 48 124 10
78 33 74 88 26 82 10
143 1 6 26 3 16 10
28 87 4 2 88 14 10
125 97 120 133 89 114 10
1 39 107 50 29 107 10
104 118 128 142 128 132 10
111 15 94 41 10 85 10
22 60 88 84 52 95 10
27 16 97 32 24 105 11
95 80 121 86 87 112 11
137 30 93 88 26 82 11
52 98 67 109 102 56 11
108 126 93 74 116 98 11
57 12 12 97 12 1 11
139 76 144 99 86 139 11
39 98 5 131 109 2 11
74 116 98 34 124 108 12
33 67 110 82 60 100 12
33 67 110 36 57 118 12
42 26 42 69 15 36 12
85 104 43 79 100 55 12
94 56 12 117 46 4 12
3 88 109 135 84 97 12
112 8 19 63 2 30 12
7 15 130 81 23 139 12
137 30 93 32 24 105 13
72 124 17 5 133 27 13
5 133 27 45 137 40 13
132 124 4 102 133 14 13
83 125 75 21 123 62 13
108 126 93 71 132 81 13
132 124 4 115 110 2 14
22 60 88 116 70 77 14
81 23 139 25 37 144 14
30 55 105 96 41 106 14
66 21 66 78 33 74 14
6 8 83 60 6 69 14
122 51 50 101 65 45 14
113 0 136 19 8 124 14
74 116 98 73 105 88 14
105 11 121 141 3 108 15
64 80 46 101 65 45 15
139 76 144 75 64 134 15
106 85 42 121 97 33 15
70 49 138 75 64 134 15
49 77 18 127 64 9 15
92 78 26 53 67 37 15
67 46 26 15 46 42 16
46 31 19 67 46 26 16
13 118 57 109 102 56 16
21 123 62 107 140 64 17
