32 93 25 47 93 24 1
25 63 3 27 63 4 1
107 45 27 33 46 28 1
62 106 30 54 107 31 1
101 28 87 17 30 89 2
95 49 14 102 50 12 2
53 0 97 80 0 95 2
98 96 74 34 97 72 2
29 51 14 102 50 12 2
93 61 47 78 63 48 2
61 60 56 13 62 54 2
91 80 94 22 82 94 2
82 97 52 38 99 53 2
85 55 97 36 55 95 2
59 71 95 79 74 95 3
63 11 10 42 14 11 3
59 71 95 0 68 96 3
21 25 18 8 24 15 3
70 14 14 42 14 11 3
31 96 17 52 99 17 3
24 26 84 101 28 87 3
56 95 69 34 97 72 3
51 57 35 106 55 32 3
73 6 15 12 7 11 4
12 7 11 63 11 10 4
94 86 62 45 87 58 4
76 92 18 31 96 17 4
20 1 49 83 0 45 4
23 67 48 78 63 48 4
33 46 28 97 48 32 4
40 59 9 10 55 8 4
66 50 24 107 45 27 5
14 85 101 69 85 106 5
29 51 14 72 48 19 5
66 50 24 72 48 19 5
16 44 62 75 41 67 5
26 82 79 108 85 75 5
41 57 40 51 57 35 5
27 63 4 44 65 9 5
91 80 94 79 74 95 6
56 95 69 87 89 69 6
96 7 49 20 1 49 6
40 59 9 44 65 9 6
76 92 18 47 93 24 6
13 62 54 78 63 48 6
10 55 8 102 50 12 6
105 61 20 28 67 20 6
7 73 49 23 67 48 6
58 19 20 21 25 18 6
77 100 24 47 93 24 7
88 45 82 4 41 76 7
22 82 94 14 85 101 7
38 99 53 11 106 56 7
35 72 65 74 78 60 7
88 45 82 71 52 83 7
108 85 75 87 89 69 7
87 89 69 94 86 62 7
106 55 32 97 48 32 7
5 67 84 9 74 82 7
28 67 20 3 74 23 7
58 19 20 70 14 14 7
96 7 49 49 4 57 8
86 20 102 50 27 106 8
94 86 62 74 78 60 8
9 74 82 26 82 79 8
24 26 84 68 24 76 8
41 57 40 93 61 47 8
35 72 65 60 74 73 8
30 89 49 82 97 52 8
19 73 14 28 67 20 8
100 44 90 88 45 82 8
18 25 0 2 29 7 8
37 8 76 84 0 74 8
15 36 34 99 33 42 8
96 7 49 39 15 51 8
77 100 24 62 106 30 8
75 41 67 4 41 76 9
30 89 49 45 87 58 9
44 65 9 19 73 14 9
64 32 53 48 25 59 9
8 24 15 2 29 7 9
43 11 96 86 20 102 10
103 105 88 6 107 78 10
89 70 33 3 74 23 10
26 82 79 104 91 85 10
34 97 72 81 106 67 10
99 33 42 90 42 48 10
82 97 52 67 99 41 11
64 32 53 90 42 48 11
34 97 72 6 107 78 11
43 11 96 53 0 97 11
43 11 96 46 7 107 11
15 36 34 107 45 27 11
59 71 95 5 67 84 11
7 73 49 74 78 60 12
31 96 17 55 97 5 12
36 55 95 71 52 83 12
39 15 51 48 25 59 12
54 107 31 67 99 41 12
1 43 2 102 50 12 12
85 55 97 65 43 104 13
58 19 20 92 16 33 13
85 55 97 0 68 96 13
103 105 88 57 105 101 13
100 44 90 17 30 89 14
2 29 7 1 43 2 14
50 27 106 65 43 104 16
68 24 76 37 8 76 16
