114 116 45 14 117 45 1
57 31 55 46 32 56 1
19 96 37 23 96 38 1
29 93 91 52 91 90 2
66 118 85 72 116 87 2
1 17 0 50 17 2 2
4 29 85 25 30 83 2
107 103 14 10 103 12 2
83 17 33 80 19 33 2
75 2 12 48 4 10 2
3 108 2 60 110 1 2
11 84 30 43 81 32 3
63 32 86 4 29 85 3
86 42 34 93 39 32 3
108 42 21 117 44 18 3
23 96 38 115 98 41 3
77 20 52 74 20 55 3
13 34 120 100 37 121 3
44 43 114 8 46 113 3
81 102 63 26 102 60 3
94 21 19 58 23 22 3
76 65 12 65 62 11 3
82 100 54 73 97 54 3
39 47 16 117 44 18 3
63 32 86 51 29 89 4
99 77 33 43 81 32 4
35 66 61 97 67 65 4
47 38 19 108 42 21 4
51 29 89 110 33 91 4
69 98 76 40 102 77 4
33 58 42 31 58 38 4
27 121 34 56 117 34 4
21 104 53 82 100 54 4
27 121 34 5 121 30 4
119 90 69 68 87 66 4
42 15 76 16 15 80 4
105 121 89 66 118 85 5
60 110 1 15 114 4 5
22 13 30 83 17 33 5
89 57 120 120 62 118 5
12 73 6 59 77 3 5
54 113 9 15 114 4 5
106 2 97 102 5 93 5
95 90 56 45 85 55 5
98 34 107 109 36 102 5
36 96 46 115 98 41 5
97 67 65 92 66 70 5
0 26 6 113 21 8 5
21 104 53 71 102 47 6
82 100 54 26 102 60 6
38 0 69 101 6 67 6
71 102 47 36 96 46 6
67 119 106 37 116 112 6
87 85 48 91 84 41 7
87 85 48 45 85 55 7
101 6 67 84 12 62 7
53 12 8 50 17 2 7
86 42 34 18 49 35 7
95 90 56 73 97 54 7
64 26 36 80 19 33 7
41 21 84 16 15 80 7
109 36 102 118 43 100 7
7 78 57 45 85 55 7
113 21 8 50 17 2 7
2 112 70 111 111 63 7
102 5 93 112 6 85 8
66 118 85 103 117 77 8
28 68 37 61 65 29 8
0 26 6 78 34 8 8
22 13 30 24 5 26 8
48 4 10 53 12 8 8
41 21 84 4 29 85 8
2 112 70 103 117 77 8
11 84 30 104 86 22 8
92 66 70 9 75 74 9
111 111 63 81 102 63 9
18 49 35 31 58 38 9
28 68 37 99 77 33 9
43 81 32 91 84 41 9
44 43 114 100 37 121 9
49 1 35 24 5 26 9
106 2 97 32 11 101 9
10 103 12 54 113 9 10
34 119 18 54 113 9 10
74 20 55 84 12 62 10
28 68 37 31 58 38 10
79 98 3 3 108 2 10
112 6 85 16 15 80 10
120 62 118 20 65 108 10
55 89 12 104 86 22 10
20 65 108 88 57 101 10
72 116 87 30 110 95 10
76 65 12 12 73 6 10
85 48 45 18 49 35 10
119 90 69 69 98 76 10
95 90 56 68 87 66 10
98 34 107 44 43 114 11
35 66 61 96 57 54 11
86 42 34 70 36 44 11
57 31 55 74 20 55 11
27 121 34 14 117 45 11
110 33 91 109 36 102 11
93 39 32 108 42 21 11
113 21 8 94 21 19 11
47 38 19 78 34 8 11
58 23 22 80 19 33 11
62 24 100 109 36 102 12
57 31 55 70 36 44 12
42 15 76 101 6 67 12
96 57 54 85 48 45 12
55 89 12 79 98 3 12
34 119 18 5 121 30 12
6 103 106 30 110 95 13
89 57 120 8 46 113 13
116 92 115 6 103 106 14
9 75 74 90 66 85 14
37 116 112 6 103 106 14
116 92 115 17 78 119 14
69 98 76 52 91 90 15
39 47 16 65 62 11 15
121 42 69 46 32 56 16
