30 6 2 43 7 1 1
36 10 23 11 10 22 1
5 47 17 45 46 17 1
21 5 8 25 6 7 1
33 52 39 12 52 37 2
5 47 17 53 49 15 2
49 0 31 7 1 33 2
50 32 12 66 30 12 2
2 60 25 42 58 26 2
51 39 60 24 39 62 2
16 36 29 9 38 30 2
65 30 37 52 32 36 2
55 17 5 17 18 7 2
6 31 18 15 32 16 2
10 63 28 58 65 28 2
41 63 3 61 60 2 3
62 57 3 61 60 2 3
10 63 28 2 60 25 4
37 40 45 29 41 41 4
14 56 37 33 52 39 4
55 17 5 31 17 1 4
15 32 16 50 32 12 4
4 52 65 46 50 61 4
3 22 11 17 18 7 5
20 47 54 47 43 51 5
37 40 45 57 36 41 5
16 36 29 18 39 24 5
34 10 15 26 14 12 5
67 29 42 65 30 37 5
54 46 39 29 41 41 5
48 16 60 39 12 63 5
60 24 42 38 24 47 5
67 29 42 60 24 42 5
48 16 60 35 21 58 5
65 30 37 40 25 36 5
44 23 4 17 18 7 5
25 6 7 30 6 2 5
12 52 37 54 46 39 6
20 47 54 1 52 50 6
47 43 51 37 40 45 6
52 32 36 57 36 41 6
17 18 7 26 14 12 6
3 22 11 27 19 17 6
63 2 40 56 8 41 6
13 52 7 62 57 3 6
23 31 4 8 38 2 7
11 10 22 34 10 15 7
20 47 54 46 50 61 7
59 43 7 8 38 2 7
19 17 42 60 24 42 7
28 22 29 40 25 36 7
63 2 40 7 1 33 7
32 63 36 14 56 37 7
25 6 7 34 10 15 8
32 63 36 10 63 28 8
44 23 4 23 31 4 8
64 67 20 10 63 28 8
13 52 7 53 49 15 8
9 38 30 52 32 36 8
50 32 12 23 31 4 8
13 52 7 59 43 7 9
47 43 51 51 39 60 9
18 39 24 45 46 17 9
19 17 42 56 8 41 9
63 2 40 22 1 49 9
35 21 58 38 24 47 11
0 63 67 4 52 65 11
