51 53 119 15 53 120 1
104 4 138 134 4 139 1
23 63 119 73 64 118 1
49 52 2 123 50 4 2
98 57 61 137 55 62 2
78 49 61 62 50 63 2
115 34 125 74 35 127 2
66 76 84 33 77 82 2
63 32 125 115 34 125 2
32 75 40 103 73 40 2
69 77 59 42 79 59 2
2 105 102 46 106 104 2
35 110 99 10 107 99 3
76 109 96 10 107 99 3
120 85 83 70 88 82 3
10 107 99 2 105 102 3
1 46 118 48 44 114 4
99 106 50 92 110 51 4
90 127 79 17 131 80 4
100 126 36 7 130 38 4
13 32 5 25 35 8 4
78 49 61 43 50 57 4
88 82 101 95 79 98 4
113 89 56 86 85 58 4
66 76 84 128 72 86 4
139 94 44 21 93 40 4
118 12 116 20 12 112 4
1 46 118 89 44 122 4
110 80 42 32 75 40 5
21 93 40 68 88 42 5
68 88 42 109 89 37 5
73 64 118 75 67 123 5
138 81 86 66 76 84 5
7 130 38 111 135 41 5
129 71 54 47 71 59 5
117 24 28 124 26 33 5
138 81 86 120 85 83 5
62 50 63 137 55 62 5
96 50 78 140 54 81 5
34 91 132 19 94 136 5
78 49 61 125 44 60 5
106 94 22 101 89 25 5
60 73 46 121 77 49 5
121 77 49 41 82 52 5
70 88 82 108 87 76 6
80 31 15 27 25 15 6
14 25 75 29 25 69 6
85 61 53 5 59 47 6
13 32 5 59 26 2 6
11 31 72 14 25 75 6
77 21 88 127 27 88 6
47 71 59 69 77 59 6
86 85 58 3 83 64 6
6 36 19 80 31 15 6
114 115 11 136 118 17 6
42 79 59 86 85 58 6
61 28 97 52 22 100 6
130 71 79 33 77 82 6
86 85 58 41 82 52 6
60 73 46 32 75 40 6
18 11 76 64 17 73 6
31 39 3 25 35 8 6
36 121 91 119 116 95 6
119 116 95 35 110 99 7
84 101 134 26 103 127 7
29 25 69 126 19 64 7
124 26 33 91 31 38 7
51 53 119 1 46 118 7
30 46 69 62 50 63 7
54 57 113 51 53 119 7
87 104 118 83 98 114 7
19 94 136 84 101 134 7
9 122 53 82 121 46 7
54 57 113 73 64 118 8
68 88 42 110 80 42 8
98 57 61 85 61 53 8
103 73 40 93 72 32 8
88 82 101 116 79 109 8
64 17 73 29 25 69 8
88 82 101 38 90 98 8
67 13 91 77 21 88 8
22 64 2 28 62 10 8
57 27 132 39 23 125 8
43 50 57 135 48 49 8
53 110 19 136 118 17 8
95 79 98 102 71 98 8
44 128 135 50 121 139 8
54 57 113 37 57 105 8
71 114 62 107 119 69 8
63 32 125 57 27 132 8
80 31 15 25 35 8 8
136 118 17 24 121 26 9
34 91 132 12 93 123 9
136 118 17 112 127 17 9
127 27 88 61 28 97 9
94 88 109 116 79 109 9
131 122 128 44 128 135 9
105 67 109 73 64 118 9
113 89 56 65 93 65 9
87 104 118 26 103 127 9
30 46 69 96 50 78 9
79 137 139 44 128 135 9
115 34 125 89 44 122 10
129 71 54 85 61 53 10
133 62 31 93 72 32 10
18 11 76 0 7 65 11
100 126 36 82 121 46 11
56 66 69 130 71 79 11
4 9 9 132 4 19 11
92 110 51 71 114 62 11
56 66 69 47 71 59 11
102 71 98 105 67 109 11
24 121 26 100 126 36 11
31 39 3 123 50 4 11
94 88 109 83 98 114 11
92 110 51 9 122 53 12
91 31 38 97 30 50 12
102 71 98 128 72 86 12
112 127 17 16 139 16 12
46 106 104 83 98 114 12
49 52 2 22 64 2 12
90 127 79 107 119 69 12
122 140 71 17 131 80 12
58 36 140 57 27 132 12
109 89 37 101 89 25 12
99 106 50 139 94 44 13
77 21 88 14 25 75 13
16 139 16 40 133 4 13
27 25 15 117 24 28 13
122 140 71 81 140 58 13
39 23 125 118 12 116 14
72 119 114 131 122 128 14
11 31 72 30 46 69 15
87 104 118 72 119 114 15
106 94 22 45 88 8 15
55 136 113 8 140 97 16
126 19 64 97 30 50 17
55 136 113 72 119 114 17
27 25 15 4 9 9 17
104 4 138 57 27 132 23
