29 30 3 3 29 2 1
53 46 7 42 47 7 1
20 17 37 21 16 37 1
1 1 55 7 2 53 2
56 41 8 34 42 10 2
51 49 53 5 50 51 2
18 15 24 15 17 25 2
4 30 5 40 28 7 2
2 13 15 54 11 15 2
37 56 26 27 56 24 2
30 27 43 38 26 41 2
4 30 5 29 30 3 2
23 39 9 56 41 8 2
16 20 38 26 23 38 3
32 22 46 28 19 45 3
25 36 10 23 39 9 3
16 20 38 20 17 37 3
19 20 27 15 17 25 3
6 16 16 2 13 15 3
46 13 19 47 10 21 3
5 50 51 31 49 48 3
17 46 12 34 42 10 4
38 26 41 26 23 38 4
6 16 16 46 13 19 4
13 4 11 52 8 10 4
33 2 49 7 2 53 4
56 41 8 11 39 4 4
34 42 10 42 47 7 5
40 28 7 10 24 10 5
30 27 43 32 22 46 5
8 5 23 47 10 21 5
42 47 7 50 52 7 5
49 53 20 27 56 24 5
18 15 24 47 10 21 5
52 8 10 54 11 15 5
41 56 3 50 52 7 5
22 43 41 39 37 38 6
35 52 14 49 53 20 6
24 3 43 33 2 49 6
35 52 14 17 46 12 6
42 47 7 9 48 1 6
13 4 11 36 1 17 6
28 19 45 45 13 49 7
25 36 10 4 30 5 7
14 55 42 31 49 48 8
43 0 31 8 5 23 9
44 46 27 49 53 20 9
31 49 48 22 43 41 9
32 22 46 55 28 54 10
12 0 1 13 4 11 10
19 20 27 21 16 37 10
55 28 54 0 38 50 10
6 16 16 10 24 10 10
0 38 50 22 43 41 10
24 3 43 45 13 49 11
44 46 27 48 35 24 11
