28 146 21 4 146 21 0
147 112 102 121 113 103 1
14 97 127 139 97 128 1
133 28 54 16 28 55 1
150 50 11 117 49 13 2
50 109 118 70 110 116 2
72 72 29 131 71 27 2
149 73 84 125 75 86 2
9 99 151 8 96 152 3
103 61 13 15 62 16 3
124 141 105 113 140 108 3
63 80 131 65 77 130 3
41 145 70 80 143 73 3
36 1 37 34 4 37 3
93 117 78 1 114 76 3
138 121 105 7 123 101 4
71 134 122 146 134 118 4
13 55 25 107 58 28 4
52 82 38 85 82 42 4
144 145 107 124 141 105 4
26 71 16 32 67 15 4
21 122 58 89 123 54 4
98 60 100 129 58 104 4
69 74 90 125 75 86 4
116 84 63 94 83 58 5
59 10 109 37 15 111 5
156 34 132 67 30 129 5
47 58 132 100 62 135 5
61 114 120 50 109 118 5
29 4 1 30 8 5 5
151 78 50 5 78 55 5
110 70 155 2 65 154 5
152 44 49 56 39 46 5
54 119 97 7 123 101 5
60 95 15 142 100 17 5
117 49 13 23 54 16 5
132 56 73 45 53 77 5
94 83 58 5 78 55 5
33 40 41 56 39 46 5
15 62 16 32 67 15 5
18 19 118 122 15 122 5
114 74 152 110 70 155 5
52 82 38 3 88 39 6
126 54 38 64 53 32 6
149 73 84 102 78 80 6
51 134 112 146 134 118 6
107 58 28 64 53 32 6
88 135 151 123 137 145 6
116 84 63 58 79 67 6
20 138 81 145 144 83 6
87 6 43 34 4 37 6
128 31 146 86 33 152 6
51 134 112 83 131 106 6
81 123 75 93 117 78 6
99 93 44 53 89 49 6
63 80 131 90 84 126 6
43 144 89 145 144 83 6
131 71 27 46 76 22 7
66 147 28 109 144 35 7
100 62 135 127 68 139 7
103 61 13 23 54 16 7
92 89 69 116 84 63 7
66 147 28 4 146 21 7
6 105 37 74 110 43 7
53 89 49 78 92 56 7
9 99 151 136 106 150 7
51 134 112 113 140 108 7
99 93 44 3 88 39 7
10 86 105 148 79 106 7
6 105 37 101 107 30 7
139 97 128 155 99 135 7
76 139 98 124 141 105 7
96 71 54 5 78 55 7
68 114 69 1 114 76 7
26 71 16 46 76 22 7
79 0 8 29 4 1 8
123 137 145 42 141 137 8
37 15 111 18 19 118 8
49 117 23 24 125 22 8
111 34 29 135 32 37 8
33 40 41 135 32 37 8
54 119 97 121 113 103 8
82 103 47 74 110 43 8
146 134 118 141 142 117 8
22 61 66 132 56 73 8
143 137 67 41 145 70 8
0 36 108 38 40 116 8
48 125 154 31 117 153 8
42 141 137 77 148 133 8
151 78 50 85 82 42 8
104 151 95 43 144 89 9
80 143 73 20 138 81 9
112 128 67 143 137 67 9
91 149 43 109 144 35 9
143 137 67 25 144 60 9
7 123 101 83 131 106 9
137 11 86 17 7 77 9
112 128 67 81 123 75 9
45 53 77 120 58 85 9
35 11 68 17 7 77 9
0 36 108 118 27 104 9
92 89 69 12 98 68 9
23 54 16 13 55 25 9
59 10 109 62 0 112 10
144 145 107 40 155 106 10
42 141 137 153 149 144 10
62 0 112 84 5 121 10
99 93 44 82 103 47 10
112 128 67 21 122 58 10
43 144 89 76 139 98 10
48 125 154 88 135 151 10
26 71 16 11 74 6 10
73 93 97 10 86 105 10
129 58 104 108 61 114 10
137 11 86 97 6 95 10
142 100 17 105 103 7 10
148 79 106 130 75 117 11
75 34 84 154 23 88 11
27 81 143 114 74 152 11
119 114 142 136 106 150 11
31 117 153 119 114 142 11
91 149 43 106 154 53 11
106 154 53 25 144 60 12
55 16 57 133 28 54 12
27 81 143 63 80 131 12
127 68 139 65 77 130 12
70 110 116 115 101 107 12
137 11 86 154 23 88 12
134 59 51 96 71 54 12
55 16 57 35 11 68 12
73 93 97 115 101 107 12
147 112 102 115 101 107 12
101 107 30 49 117 23 12
44 129 136 123 137 145 12
90 84 126 130 75 117 12
134 59 51 126 54 38 13
90 84 126 139 97 128 13
133 28 54 56 39 46 13
58 79 67 102 78 80 13
19 25 1 57 35 10 13
118 27 104 37 15 111 13
39 19 138 67 30 129 14
130 75 117 108 61 114 14
101 107 30 142 100 17 14
152 44 49 126 54 38 14
57 35 10 117 49 13 14
39 19 138 128 31 146 14
97 6 95 59 10 109 14
44 129 136 71 134 122 14
120 58 85 98 60 100 15
67 30 129 18 19 118 15
149 73 84 120 58 85 15
95 41 65 16 28 55 16
19 25 1 30 8 5 17
55 16 57 87 6 43 17
39 19 138 140 10 156 20
