19 27 12 1 26 12 1
2 29 10 16 28 9 1
29 19 1 3 21 1 2
4 25 3 20 25 8 5
0 30 17 5 2 27 29
6 2 17 21 4 19 2
27 11 1 7 14 1 3
8 0 14 21 4 19 6
9 14 12 14 15 9 3
0 30 17 10 29 18 1
0 30 17 11 24 20 6
15 4 24 12 5 23 1
13 0 11 8 0 14 3
14 15 9 31 16 21 12
5 2 27 15 4 24 3
16 28 9 19 27 12 3
17 16 27 31 16 21 6
11 24 20 18 27 29 9
0 30 17 19 27 12 5
20 25 8 19 27 12 4
21 4 19 5 2 27 8
22 30 11 16 28 9 2
23 22 13 19 27 12 5
24 20 22 31 16 21 4
0 30 17 25 31 20 3
29 19 1 26 20 1 1
14 15 9 27 11 1 8
14 15 9 28 7 9 8
29 19 1 14 15 9 8
30 20 25 24 20 22 3
31 16 21 0 30 17 14
