52 56 6 1 50 8 6
49 1 43 2 3 32 11
5 14 1 3 30 15 21
49 1 43 4 13 60 20
5 14 1 0 40 61 65
14 31 45 6 34 46 3
7 26 17 40 25 16 1
14 31 45 8 24 50 8
56 59 60 9 58 57 3
20 55 18 10 59 17 4
32 56 28 11 54 21 7
37 36 0 12 38 8 8
13 50 25 11 54 21 5
0 40 61 14 31 45 18
15 14 45 57 6 48 8
5 14 1 16 14 9 8
0 40 61 17 52 52 15
18 16 57 4 13 60 4
19 34 52 41 40 54 6
11 54 21 20 55 18 3
36 20 27 21 19 34 7
22 14 25 36 20 27 6
20 55 18 23 52 14 5
41 40 54 24 43 51 4
25 22 12 40 25 16 5
26 53 1 52 56 6 5
32 56 28 27 52 30 4
28 56 44 33 59 46 3
29 32 54 19 34 52 2
16 14 9 30 3 17 13
31 32 14 3 30 15 2
32 56 28 0 40 61 36
17 52 52 33 59 46 9
34 37 17 31 32 14 5
35 57 39 28 56 44 5
3 30 15 36 20 27 15
37 36 0 3 30 15 16
38 15 2 5 14 1 1
11 54 21 39 59 11 11
40 25 16 3 30 15 5
41 40 54 0 40 61 7
0 40 61 42 37 61 3
47 44 37 43 42 43 6
36 20 27 44 28 25 8
40 25 16 45 20 18 5
14 31 45 46 29 39 6
47 44 37 32 56 28 15
48 18 43 15 14 45 4
49 1 43 0 40 61 42
14 31 45 50 30 42 3
51 1 11 30 3 17 6
39 59 11 52 56 6 5
42 37 61 53 30 58 7
54 43 10 12 38 8 5
55 29 10 3 30 15 5
56 59 60 17 52 52 10
49 1 43 57 6 48 7
58 37 49 6 34 46 4
37 36 0 59 45 1 9
16 14 9 60 12 15 6
17 52 52 61 48 58 7
