0 30 25 1 29 38 13
14 5 27 2 8 26 3
3 1 45 28 2 50 5
4 11 26 12 15 22 5
53 30 28 5 28 29 2
0 30 25 6 25 28 5
36 0 14 7 0 12 2
33 13 46 8 17 44 4
1 29 38 9 32 34 5
10 40 20 30 43 25 5
11 38 27 30 43 25 5
0 30 25 12 15 22 15
41 37 52 13 37 47 5
14 5 27 12 15 22 11
15 14 27 4 11 26 3
53 30 28 16 33 30 3
44 4 35 17 4 39 4
12 15 22 18 17 19 3
19 6 52 33 13 46 9
42 44 9 20 40 4 6
21 36 40 1 29 38 7
54 49 6 22 44 11 7
23 47 38 0 30 25 21
24 54 22 30 43 25 11
31 28 13 25 24 9 5
35 27 49 26 28 53 4
27 31 32 9 32 34 2
19 6 52 28 2 50 4
29 6 29 14 5 27 2
30 43 25 0 30 25 13
31 28 13 47 28 15 2
12 15 22 32 16 24 2
33 13 46 1 29 38 17
34 24 34 1 29 38 6
35 27 49 1 29 38 11
14 5 27 36 0 14 13
33 13 46 37 11 40 6
23 47 38 38 45 48 10
39 7 2 52 8 8 6
28 2 50 40 2 49 1
38 45 48 41 37 52 8
22 44 11 42 44 9 2
43 50 4 54 49 6 2
29 6 29 44 4 35 6
45 3 1 39 7 2 4
23 47 38 46 53 34 7
47 28 15 0 30 25 10
14 5 27 48 4 27 1
43 50 4 49 54 6 4
47 28 15 50 23 17 5
51 16 34 15 14 27 7
52 8 8 36 0 14 10
53 30 28 0 30 25 3
54 49 6 0 30 25 26
