14 13 93 1 10 81 12
34 72 2 2 98 2 26
3 0 50 104 2 51 2
8 26 86 4 26 79 7
49 32 58 5 37 61 5
6 108 15 88 108 16 1
74 20 60 7 26 65 7
80 55 74 8 26 86 31
106 74 67 9 70 70 5
10 100 48 105 109 44 9
11 57 3 0 6 40 63
12 37 56 49 32 58 5
81 104 75 13 106 75 2
14 13 93 8 26 86 14
0 6 40 15 33 42 27
94 98 107 16 101 109 3
88 108 16 17 103 12 6
18 66 99 31 68 89 10
49 32 58 19 26 52 8
20 95 60 33 90 60 5
102 97 31 21 105 29 8
22 10 98 14 13 93 5
23 6 20 62 9 7 13
38 16 36 24 26 28 12
45 92 39 25 85 33 9
68 47 82 26 39 84 8
62 9 7 27 19 13 11
45 92 39 28 90 39 2
29 35 94 8 26 86 12
31 68 89 30 72 91 4
80 55 74 31 68 89 19
11 57 3 32 58 11 8
39 74 58 33 90 60 16
34 72 2 11 57 3 15
65 74 25 35 78 25 4
36 95 16 2 98 2 14
37 55 103 80 55 74 29
38 16 36 0 6 40 10
80 55 74 39 74 58 24
106 74 67 40 78 73 7
80 55 74 41 49 64 11
42 42 73 68 47 82 10
19 26 52 43 27 55 3
20 95 60 44 96 65 5
45 92 39 80 55 74 50
95 36 48 46 42 51 6
47 82 41 25 85 33 8
91 4 97 48 4 91 6
15 33 42 49 32 58 16
109 41 34 50 42 41 7
51 0 39 0 6 40 6
104 2 51 52 12 66 18
53 104 73 81 104 75 2
54 83 109 89 76 106 7
20 95 60 55 100 60 5
81 104 75 56 105 83 8
93 37 16 57 35 20 4
39 74 58 58 81 55 7
59 25 64 7 26 65 1
60 9 102 22 10 98 4
61 24 78 4 26 79 2
0 6 40 62 9 7 33
29 35 94 63 32 95 3
64 109 59 71 105 48 11
25 85 33 65 74 25 13
47 82 41 66 73 39 9
67 73 101 89 76 106 5
68 47 82 80 55 74 11
69 44 61 41 49 64 5
5 37 61 70 38 60 1
105 109 44 71 105 48 5
72 70 9 34 72 2 7
18 66 99 73 61 93 7
52 12 66 74 20 60 10
75 48 98 37 55 103 8
76 10 16 23 6 20 5
77 35 77 42 42 73 8
106 74 67 78 79 66 5
80 55 74 79 62 65 11
0 6 40 80 55 74 59
96 88 101 81 104 75 30
82 55 16 32 58 11 5
11 57 3 83 44 18 19
84 104 1 2 98 2 6
85 105 83 56 105 83 0
29 35 94 86 41 96 6
102 97 31 87 97 31 0
88 108 16 21 105 29 13
96 88 101 89 76 106 13
90 5 46 104 2 51 5
91 4 97 14 13 93 9
14 13 93 92 16 95 3
93 37 16 83 44 18 7
94 98 107 96 88 101 11
95 36 48 15 33 42 6
96 88 101 80 55 74 42
97 38 104 29 35 94 10
96 88 101 98 85 83 18
99 22 56 74 20 60 4
98 85 83 100 90 81 5
24 26 28 101 24 21 7
45 92 39 102 97 31 9
103 90 67 33 90 60 7
104 2 51 0 6 40 11
105 109 44 45 92 39 17
106 74 67 39 74 58 9
12 37 56 107 39 55 2
58 81 55 108 82 52 3
15 33 42 109 41 34 11
