1 29 68 56 26 68 3
49 0 25 2 1 21 4
3 23 62 68 27 64 4
4 67 66 8 67 66 0
5 38 19 15 39 8 11
6 50 26 38 61 24 11
7 50 49 64 49 52 3
50 64 47 8 67 66 19
40 19 28 9 12 39 13
10 7 19 0 7 21 2
65 9 56 11 8 55 1
12 56 41 50 64 47 10
13 13 30 17 16 25 5
14 33 47 61 32 43 4
15 39 8 35 27 5 12
16 58 52 50 64 47 7
17 16 25 40 19 28 4
18 34 56 39 30 55 4
19 47 65 69 48 67 2
20 70 13 43 59 17 11
21 32 4 35 27 5 5
24 12 12 22 11 11 1
23 9 38 9 12 39 3
24 12 12 0 7 21 10
25 68 56 52 67 53 3
26 47 34 6 50 26 8
18 34 56 27 37 52 5
28 65 54 52 67 53 2
29 63 25 38 61 24 2
43 59 17 30 63 1 16
70 55 68 31 53 62 6
32 69 27 29 63 25 6
33 51 20 6 50 26 6
61 32 43 34 36 42 4
35 27 5 0 7 21 25
65 9 56 36 4 63 8
37 13 5 55 14 11 6
35 27 5 38 61 24 38
39 30 55 61 32 43 12
40 19 28 0 7 21 13
41 1 8 24 12 12 11
42 48 41 26 47 34 7
43 59 17 38 61 24 7
35 27 5 44 28 11 6
15 39 8 45 39 6 2
49 0 25 46 2 29 4
47 10 49 11 8 55 6
0 7 21 48 10 19 3
49 0 25 0 7 21 8
50 64 47 38 61 24 23
9 12 39 51 21 45 10
50 64 47 52 67 53 6
53 42 8 15 39 8 3
54 41 25 5 38 19 6
55 14 11 24 12 12 2
68 27 64 56 26 68 4
57 28 43 61 32 43 4
15 39 8 58 36 9 3
59 38 1 45 39 6 5
60 61 32 38 61 24 8
40 19 28 61 32 43 19
62 37 39 34 36 42 3
40 19 28 63 20 26 2
16 58 52 64 49 52 9
65 9 56 9 12 39 17
66 47 39 42 48 41 2
34 36 42 67 40 41 4
68 27 64 39 30 55 9
69 48 67 70 55 68 7
70 55 68 8 67 66 12
