9 2 11 1 1 8 3
0 8 4 2 9 1 3
3 20 6 38 25 15 10
45 39 4 4 39 6 2
43 46 23 5 30 49 30
19 5 15 6 3 25 10
23 11 15 7 13 23 8
43 46 23 8 40 30 9
30 4 11 9 2 11 2
17 45 38 10 46 33 5
43 46 23 11 49 29 6
36 9 42 12 8 41 1
13 42 19 46 44 17 2
36 9 42 14 12 37 5
15 45 32 10 46 33 1
34 37 44 16 37 45 1
17 45 38 43 46 23 15
18 44 4 39 49 3 5
30 4 11 19 5 15 4
20 24 44 5 30 49 7
35 26 10 21 25 6 4
7 13 23 22 11 28 5
23 11 15 30 4 11 8
7 13 23 24 14 26 3
21 25 6 25 29 3 5
26 22 36 48 23 33 3
27 33 21 38 25 15 10
38 25 15 28 17 32 18
14 12 37 29 15 41 5
0 8 4 30 4 11 8
6 3 25 31 4 32 7
32 41 42 44 43 42 2
11 49 29 33 49 29 0
5 30 49 34 37 44 8
38 25 15 35 26 10 5
36 9 42 28 17 32 12
37 26 49 5 30 49 4
38 25 15 0 8 4 20
43 46 23 39 49 3 20
27 33 21 40 33 25 4
41 8 6 0 8 4 2
0 8 4 42 10 3 2
43 46 23 0 8 4 42
17 45 38 44 43 42 4
18 44 4 45 39 4 5
43 46 23 46 44 17 6
47 24 25 28 17 32 9
48 23 33 28 17 32 6
46 44 17 49 49 17 5
