1 62 25 0 65 56 31
2 57 17 16 54 11 6
14 28 23 3 23 21 5
4 67 68 0 65 56 12
68 6 67 5 7 60 7
6 73 51 0 65 56 9
7 80 54 6 73 51 7
8 35 25 28 41 29 7
9 54 64 0 65 56 13
0 65 56 10 76 79 25
16 54 11 11 52 13 2
37 15 13 12 15 7 6
13 11 71 68 6 67 6
14 28 23 28 41 29 14
15 73 39 40 71 43 4
16 54 11 1 62 25 16
17 35 71 9 54 64 20
18 7 3 26 6 2 1
10 76 79 19 79 79 3
20 10 38 43 11 46 8
36 10 26 21 11 20 6
22 9 47 68 6 67 20
30 32 19 23 29 15 5
24 31 6 61 44 8 13
79 36 30 25 31 30 5
26 6 2 67 10 12 10
27 71 47 6 73 51 4
28 41 29 1 62 25 21
29 2 67 68 6 67 4
14 28 23 30 32 19 5
32 70 17 31 71 15 2
1 62 25 32 70 17 11
24 31 6 33 28 1 5
34 1 16 46 4 24 8
35 69 32 1 62 25 9
46 4 24 36 10 26 6
67 10 12 37 15 13 5
38 17 37 20 10 38 7
29 2 67 39 1 62 5
6 73 51 40 71 43 8
66 23 63 41 26 67 5
14 28 23 42 24 28 6
43 11 46 22 9 47 2
44 62 62 0 65 56 6
45 25 18 3 23 21 3
68 6 67 46 4 24 43
47 3 28 46 4 24 4
48 4 25 46 4 24 1
49 23 9 80 27 10 4
50 31 71 17 35 71 4
51 13 80 13 11 71 9
52 29 16 23 29 15 1
65 73 3 53 76 11 8
76 81 68 54 81 64 4
55 43 26 28 41 29 3
56 48 15 16 54 11 7
9 54 64 57 60 69 7
66 23 63 58 19 65 4
59 18 14 37 15 13 3
63 51 55 60 45 54 6
61 44 8 16 54 11 10
62 33 19 30 32 19 1
9 54 64 63 51 55 9
42 24 28 64 26 30 2
65 73 3 1 62 25 24
13 11 71 66 23 63 14
46 4 24 67 10 12 13
0 65 56 68 6 67 60
12 15 7 69 13 2 5
70 68 28 35 69 32 4
71 40 13 61 44 8 6
0 65 56 72 54 46 14
72 54 46 73 61 44 7
74 54 8 16 54 11 3
75 1 44 22 9 47 8
76 81 68 19 79 79 11
26 6 2 77 3 0 3
78 7 70 68 6 67 3
28 41 29 79 36 30 5
24 31 6 80 27 10 5
42 24 28 81 20 27 4
