76 26 56 1 28 54 2
71 64 88 2 75 89 11
73 19 38 3 21 50 12
78 53 35 4 56 31 5
5 6 1 63 4 1 2
50 20 34 6 17 30 5
7 84 6 87 83 9 3
66 79 35 8 72 43 10
9 29 60 3 21 50 12
9 29 60 10 30 65 5
45 0 40 11 0 39 1
34 51 81 12 49 82 2
52 5 15 13 13 18 8
78 53 35 14 57 37 4
15 61 16 28 65 20 5
45 0 40 16 5 46 7
61 26 5 17 0 9 26
18 11 78 21 11 89 11
19 73 19 28 65 20 8
86 19 54 20 0 64 21
21 11 89 38 31 86 20
0 30 34 22 38 43 12
23 67 56 81 75 51 9
24 30 11 61 26 5 7
25 61 87 34 51 81 11
26 62 75 34 51 81 12
86 19 54 27 12 49 8
28 65 20 66 79 35 20
29 32 46 22 38 43 6
30 50 43 0 30 34 21
28 65 20 31 62 19 3
30 50 43 32 48 38 5
33 77 57 81 75 51 6
30 50 43 34 51 81 38
69 69 5 35 74 0 7
62 88 53 36 84 72 19
37 51 18 59 54 24 6
38 31 86 41 40 74 15
39 30 33 0 30 34 1
40 52 38 78 53 35 3
41 40 74 34 51 81 13
42 16 82 49 16 87 5
43 79 89 2 75 89 4
21 11 89 44 16 89 5
53 8 36 45 0 40 8
46 51 69 34 51 81 12
4 56 31 47 55 28 3
48 49 24 59 54 24 5
49 16 87 44 16 89 2
50 20 34 73 19 38 4
64 83 79 51 81 82 3
17 0 9 52 5 15 7
73 19 38 53 8 36 11
54 89 89 36 84 72 17
55 7 26 53 8 36 10
57 0 61 56 0 57 4
20 0 64 57 0 61 3
39 30 33 58 30 32 1
28 65 20 59 54 24 11
66 79 35 60 88 13 23
0 30 34 61 26 5 29
68 83 37 62 88 53 16
17 0 9 63 4 1 8
64 83 79 36 84 72 7
65 38 9 61 26 5 12
66 79 35 0 30 34 49
60 88 13 67 81 11 7
66 79 35 68 83 37 4
15 61 16 69 69 5 13
3 21 50 70 22 50 1
71 64 88 25 61 87 3
72 42 29 32 48 38 10
73 19 38 0 30 34 11
74 44 53 30 50 43 11
75 87 40 68 83 37 5
76 26 56 9 29 60 5
30 50 43 77 58 48 9
30 50 43 78 53 35 8
79 25 70 10 30 65 7
85 34 76 80 37 82 6
81 75 51 8 72 43 8
53 8 36 82 9 32 4
83 25 29 58 30 32 5
28 65 20 84 69 26 7
41 40 74 85 34 76 6
3 21 50 86 19 54 4
87 83 9 67 81 11 2
14 57 37 88 65 35 8
0 30 34 89 33 37 4
