1 30 50 61 14 38 20
2 51 73 5 53 81 8
20 82 72 3 85 60 12
4 27 10 32 27 18 8
5 53 81 0 36 83 17
6 78 6 60 79 5 1
41 48 35 7 52 35 4
8 13 10 59 12 3 7
78 63 12 9 63 9 3
10 13 69 83 7 73 7
11 24 50 1 30 50 6
12 82 13 26 76 18 7
13 76 44 49 80 46 4
29 67 5 14 52 14 17
82 6 37 15 3 34 4
16 71 47 69 62 37 13
83 7 73 17 3 83 10
18 75 23 26 76 18 5
19 72 1 74 73 4 3
20 82 72 63 75 70 7
69 62 37 21 47 31 16
22 81 37 16 71 47 14
81 33 16 23 32 18 2
24 50 56 2 51 73 17
66 27 30 25 21 26 7
29 67 5 26 76 18 15
68 6 4 27 7 5 1
80 7 27 28 14 27 7
29 67 5 0 36 83 83
66 27 30 30 25 32 2
0 36 83 31 28 76 10
37 31 26 32 27 18 8
63 75 70 33 74 82 12
34 9 2 73 10 3 1
35 83 31 56 85 30 2
36 39 74 0 36 83 9
66 27 30 37 31 26 5
38 80 23 26 76 18 6
58 2 24 39 5 22 3
40 49 69 2 51 73 4
21 47 31 41 48 35 4
42 35 65 36 39 74 9
43 14 53 61 14 38 15
44 30 58 1 30 50 8
54 23 36 45 22 35 1
46 42 64 42 35 65 7
47 77 3 72 76 3 1
16 71 47 48 71 45 2
49 80 46 16 71 47 9
50 0 28 58 2 24 4
16 71 47 51 69 44 3
25 21 26 52 19 22 4
63 75 70 53 72 60 10
66 27 30 54 23 36 7
38 80 23 55 85 22 5
38 80 23 56 85 30 8
57 4 47 82 6 37 10
80 7 27 58 2 24 5
59 12 3 80 7 27 24
29 67 5 60 79 5 12
61 14 38 0 36 83 50
62 30 40 70 35 46 7
63 75 70 0 36 83 41
50 0 28 64 1 28 1
57 4 47 65 5 52 5
66 27 30 61 14 38 15
72 76 3 67 78 0 3
59 12 3 68 6 4 6
29 67 5 69 62 37 32
1 30 50 70 35 46 6
71 58 27 75 63 32 7
60 79 5 72 76 3 3
73 10 3 59 12 3 2
29 67 5 74 73 4 6
69 62 37 75 63 32 5
76 21 79 31 28 76 7
77 0 60 57 4 47 13
78 63 12 29 67 5 8
79 65 11 78 63 12 2
80 7 27 61 14 38 13
81 33 16 32 27 18 6
82 6 37 61 14 38 8
76 21 79 83 7 73 15
84 11 71 10 13 69 2
63 75 70 85 67 73 8
