1 51 10 16 53 16 6
28 30 87 2 21 75 15
20 38 25 3 23 40 21
77 13 95 4 16 92 4
18 41 68 5 47 71 6
65 11 4 6 14 2 3
69 71 83 7 67 82 4
0 94 96 8 92 80 16
9 78 73 90 84 67 8
43 54 28 10 59 28 5
11 74 22 71 89 24 15
3 23 40 12 9 47 15
18 41 68 13 44 68 3
68 90 56 14 67 52 23
60 20 14 15 18 22 8
16 53 16 20 38 25 17
17 16 89 4 16 92 3
28 30 87 18 41 68 21
70 70 94 19 62 91 8
20 38 25 25 30 6 20
48 52 82 21 57 84 5
22 66 94 70 70 94 4
44 90 8 23 82 2 10
24 54 78 63 53 77 1
0 94 96 25 30 6 110
26 18 8 25 30 6 12
14 67 52 27 78 39 17
64 29 100 28 30 87 13
29 45 77 5 47 71 6
30 29 39 3 23 40 6
31 24 1 25 30 6 7
80 96 70 32 99 76 6
33 64 9 16 53 16 13
34 70 41 27 78 39 8
35 23 28 81 23 34 6
9 78 73 36 79 73 1
82 31 10 37 32 10 1
38 29 53 95 22 57 8
39 87 80 8 92 80 5
40 42 21 20 38 25 5
68 90 56 41 83 62 9
42 38 27 20 38 25 2
16 53 16 43 54 28 12
44 90 8 76 89 14 6
73 70 87 45 70 87 0
69 71 83 46 69 82 2
20 38 25 47 38 35 10
48 52 82 19 62 91 13
2 21 75 49 15 78 6
71 89 24 50 89 27 3
8 92 80 51 100 84 8
2 21 75 52 4 70 17
53 60 21 16 53 16 8
85 49 70 54 55 68 6
55 70 73 91 73 65 8
56 89 93 0 94 96 5
57 15 60 95 22 57 7
58 40 54 86 40 65 11
47 38 35 59 45 36 7
60 20 14 26 18 8 6
12 9 47 61 7 54 7
56 89 93 62 93 91 4
48 52 82 63 53 77 5
0 94 96 64 29 100 65
67 5 0 65 11 4 7
66 3 80 52 4 70 10
67 5 0 25 30 6 25
0 94 96 68 90 56 40
69 71 83 70 70 94 11
70 70 94 0 94 96 24
71 89 24 68 90 56 32
68 90 56 72 97 43 14
69 71 83 73 70 87 4
59 45 36 74 43 35 2
75 29 83 28 30 87 4
71 89 24 76 89 14 10
77 13 95 92 23 93 10
78 45 93 28 30 87 16
6 14 2 79 15 4 2
8 92 80 80 96 70 10
3 23 40 81 23 34 6
82 31 10 25 30 6 4
92 23 93 83 21 89 4
78 45 93 84 48 91 3
85 49 70 5 47 71 2
86 40 65 18 41 68 3
11 74 22 87 75 19 3
27 78 39 88 81 36 4
89 63 17 53 60 21 5
90 84 67 41 83 62 5
41 83 62 91 73 65 10
92 23 93 64 29 100 9
87 75 19 93 73 14 5
94 6 98 77 13 95 7
95 22 57 3 23 40 17
15 18 22 96 16 26 4
97 4 55 61 7 54 3
98 53 96 78 45 93 8
3 23 40 99 18 45 7
93 73 14 100 73 12 2
