16 88 57 1 88 57 0
2 71 10 76 73 12 2
45 91 64 3 90 65 1
27 63 76 4 35 61 31
5 77 81 68 71 78 6
6 78 83 5 77 81 2
7 47 83 81 46 80 3
8 25 77 78 20 82 7
73 49 73 9 49 68 5
10 79 51 47 75 48 5
89 80 58 11 80 64 6
12 80 48 10 79 51 3
32 36 42 13 45 42 9
82 9 4 14 8 4 1
21 26 14 15 31 22 9
16 88 57 48 84 56 4
17 20 50 4 35 61 18
72 68 27 18 59 22 10
78 20 82 19 28 88 10
38 71 2 20 68 5 4
21 26 14 72 68 27 43
22 90 31 0 87 36 5
23 1 87 27 63 76 62
24 70 1 38 71 2 1
63 13 22 25 6 21 7
26 1 48 39 1 67 19
0 87 36 27 63 76 46
22 90 31 28 92 31 2
55 63 74 29 65 67 7
30 52 55 85 48 54 4
31 16 52 17 20 50 4
40 42 31 32 36 42 12
86 37 10 33 42 4 7
15 31 22 34 37 24 6
77 67 87 35 71 86 4
79 15 61 36 16 68 7
37 35 74 4 35 61 13
64 74 1 38 71 2 3
39 1 67 23 1 87 20
44 51 31 40 42 31 9
41 67 50 47 75 48 8
42 70 21 72 68 27 6
71 1 29 43 7 38 10
72 68 27 44 51 31 17
45 91 64 0 87 36 28
46 17 22 63 13 22 4
0 87 36 47 75 48 16
48 84 56 45 91 64 10
49 12 86 23 1 87 11
50 79 42 47 75 48 7
41 67 50 51 58 55 10
52 38 66 4 35 61 5
53 49 59 85 48 54 5
73 49 73 54 50 79 6
55 63 74 27 63 76 2
66 79 81 56 82 74 7
17 20 50 57 17 60 10
58 76 88 35 71 86 5
4 35 61 59 36 55 6
33 42 4 60 48 2 6
64 74 1 61 87 5 13
22 90 31 62 83 29 7
21 26 14 63 13 22 15
0 87 36 64 74 1 37
65 24 7 21 26 14 7
66 79 81 5 77 81 2
69 59 8 67 54 7 5
27 63 76 68 71 78 8
74 60 3 69 59 8 5
70 67 33 72 68 27 6
71 1 29 63 13 22 13
72 68 27 0 87 36 21
73 49 73 27 63 76 14
74 60 3 20 68 5 8
18 59 22 75 51 18 8
64 74 1 76 73 12 11
27 63 76 77 67 87 11
49 12 86 78 20 82 8
79 15 61 57 17 60 2
80 66 11 2 71 10 5
54 50 79 81 46 80 4
82 9 4 21 26 14 19
0 87 36 83 91 40 5
17 20 50 84 18 41 9
4 35 61 85 48 54 14
86 37 10 21 26 14 11
51 58 55 87 55 47 8
88 76 60 89 80 58 4
48 84 56 89 80 58 4
83 91 40 90 92 45 5
39 1 67 91 2 69 2
92 59 40 70 67 33 10
