1 17 0 50 17 2 2
2 112 70 111 111 63 7
54 113 9 3 108 2 8
4 29 85 25 30 83 2
34 119 18 5 121 30 12
6 103 106 30 110 95 13
7 78 57 45 85 55 7
44 43 114 8 46 113 3
9 75 74 90 66 85 14
107 103 14 10 103 12 2
11 84 30 93 39 32 45
11 84 30 12 73 6 26
44 43 114 13 34 120 10
114 116 45 14 117 45 1
54 113 9 15 114 4 5
42 15 76 16 15 80 4
17 78 119 88 57 101 27
86 42 34 18 49 35 7
19 96 37 11 84 30 13
20 65 108 88 57 101 10
21 104 53 82 100 54 4
80 19 33 22 13 30 6
19 96 37 23 96 38 1
22 13 30 24 5 26 8
25 30 83 41 21 84 9
81 102 63 26 102 60 3
27 121 34 5 121 30 4
28 68 37 61 65 29 8
29 93 91 52 91 90 2
88 57 101 30 110 95 53
33 58 42 31 58 38 4
44 43 114 32 11 101 34
85 48 45 33 58 42 10
34 119 18 54 113 9 10
35 66 61 96 57 54 11
36 96 46 19 96 37 9
67 119 106 37 116 112 6
38 0 69 101 6 67 6
39 47 16 117 44 18 3
69 98 76 40 102 77 4
41 21 84 32 11 101 19
41 21 84 42 15 76 10
11 84 30 43 81 32 3
44 43 114 93 39 32 82
87 85 48 45 85 55 7
57 31 55 46 32 56 1
47 38 19 108 42 21 4
75 2 12 48 4 10 2
49 1 35 80 19 33 18
0 26 6 50 17 2 9
51 29 89 110 33 91 4
52 91 90 30 110 95 19
53 12 8 50 17 2 7
54 113 9 11 84 30 35
55 89 12 104 86 22 10
56 117 34 5 121 30 5
57 31 55 74 20 55 11
94 21 19 58 23 22 3
12 73 6 59 77 3 5
3 108 2 60 110 1 2
99 77 33 61 65 29 12
62 24 100 98 34 107 12
25 30 83 63 32 86 3
64 26 36 80 19 33 7
12 73 6 65 62 11 12
105 121 89 66 118 85 5
67 119 106 30 110 95 14
45 85 55 68 87 66 11
81 102 63 69 98 76 13
93 39 32 70 36 44 12
71 102 47 36 96 46 6
66 118 85 72 116 87 2
82 100 54 73 97 54 3
93 39 32 74 20 55 29
75 2 12 50 17 2 18
76 65 12 65 62 11 3
77 20 52 74 20 55 3
0 26 6 78 34 8 8
79 98 3 3 108 2 10
80 19 33 94 21 19 14
111 111 63 81 102 63 9
82 100 54 36 96 46 8
83 17 33 80 19 33 2
101 6 67 84 12 62 7
85 48 45 70 36 44 12
86 42 34 93 39 32 3
87 85 48 11 84 30 18
88 57 101 44 43 114 19
89 57 120 8 46 113 13
90 66 85 88 57 101 18
87 85 48 91 84 41 7
97 67 65 92 66 70 5
0 26 6 93 39 32 29
94 21 19 0 26 6 13
95 90 56 45 85 55 5
70 36 44 96 57 54 23
35 66 61 97 67 65 4
98 34 107 44 43 114 11
99 77 33 43 81 32 4
13 34 120 100 37 121 3
74 20 55 101 6 67 18
106 2 97 102 5 93 5
2 112 70 103 117 77 8
11 84 30 104 86 22 8
105 121 89 30 110 95 12
106 2 97 32 11 101 9
54 113 9 107 103 14 11
108 42 21 117 44 18 3
98 34 107 109 36 102 5
25 30 83 110 33 91 8
111 111 63 87 85 48 30
106 2 97 112 6 85 12
0 26 6 113 21 8 5
114 116 45 111 111 63 18
23 96 38 115 98 41 3
116 92 115 17 78 119 14
117 44 18 93 39 32 14
98 34 107 118 43 100 11
119 90 69 68 87 66 4
89 57 120 120 62 118 5
57 31 55 121 42 69 17
