90 65 10 1 63 8 2
16 34 125 2 37 131 6
3 48 74 87 51 73 3
4 74 0 50 70 0 4
5 42 108 28 44 102 6
133 132 110 6 128 137 27
42 117 44 7 106 53 14
8 10 34 101 13 19 15
9 13 108 20 16 130 22
10 39 37 68 40 38 1
121 71 123 11 61 136 16
43 40 95 12 45 93 5
13 72 126 121 71 123 3
58 78 91 14 80 96 5
15 125 12 111 130 14 5
16 34 125 96 22 134 15
17 84 91 58 78 91 6
56 112 74 18 113 80 6
19 124 33 110 124 28 5
0 16 71 20 16 130 59
45 63 49 21 57 43 8
22 131 28 68 40 38 91
23 51 91 61 50 90 1
24 86 57 45 63 49 24
25 115 106 88 118 102 5
26 48 124 2 37 131 13
24 86 57 27 88 44 13
134 39 99 28 44 102 5
29 32 40 68 40 38 8
0 16 71 30 33 61 19
129 22 113 31 19 114 3
113 104 81 32 97 98 18
111 130 14 33 135 12 5
74 56 66 34 53 64 3
70 122 57 35 116 58 6
108 60 74 36 71 75 11
130 32 26 37 34 23 3
38 36 9 124 48 15 13
39 105 68 56 112 74 9
40 131 96 46 138 92 8
41 126 125 63 130 121 5
42 117 44 22 131 28 21
0 16 71 43 40 95 33
44 34 62 30 33 61 1
68 40 38 45 63 49 25
46 138 92 133 132 110 18
19 124 33 47 122 36 3
53 60 61 48 68 62 8
92 81 15 49 84 17 3
51 48 26 50 70 0 34
51 48 26 68 40 38 14
52 34 130 2 37 131 3
53 60 61 45 63 49 12
54 14 57 0 16 71 14
55 92 12 118 99 23 13
56 112 74 22 131 28 49
0 16 71 57 16 77 6
58 78 91 108 60 74 24
59 7 131 20 16 130 9
60 0 16 101 13 19 13
61 50 90 43 40 95 11
57 16 77 62 16 91 14
63 130 121 133 132 110 11
110 124 28 64 126 30 2
65 32 95 43 40 95 8
66 23 12 95 19 19 8
24 86 57 67 84 66 9
0 16 71 68 40 38 40
11 61 136 69 68 136 7
42 117 44 70 122 57 13
0 16 71 71 23 69 7
69 68 136 72 67 133 3
73 88 0 55 92 12 12
74 56 66 53 60 61 6
75 113 52 35 116 58 6
84 92 27 76 87 22 7
77 113 84 18 113 80 4
22 131 28 78 129 38 10
24 86 57 79 89 58 3
80 75 133 121 71 123 10
33 135 12 81 133 13 2
82 52 28 51 48 26 4
20 16 130 83 18 124 6
84 92 27 118 99 23 8
79 89 58 85 94 62 6
38 36 9 86 29 7 7
87 51 73 30 33 61 21
88 118 102 133 132 110 16
62 16 91 89 22 95 7
90 65 10 127 59 5 7
12 45 93 91 52 103 12
92 81 15 55 92 12 11
93 138 111 133 132 110 6
94 99 79 113 104 81 5
95 19 19 101 13 19 6
20 16 130 96 22 134 7
97 109 37 42 117 44 10
26 48 124 98 50 122 2
25 115 106 99 109 108 6
138 25 76 100 27 76 2
101 13 19 68 40 38 33
102 138 63 120 132 70 9
103 65 90 58 78 91 13
123 119 86 104 115 89 5
6 128 137 105 127 130 7
43 40 95 106 31 108 15
33 135 12 107 132 9 4
108 60 74 87 51 73 9
109 92 15 55 92 12 3
110 124 28 22 131 28 7
22 131 28 111 130 14 14
112 40 60 30 33 61 7
113 104 81 56 112 74 10
114 107 15 22 131 28 27
115 90 121 13 72 126 18
116 128 68 120 132 70 4
117 73 79 36 71 75 4
118 99 23 114 107 15 11
119 45 53 112 40 60 8
120 132 70 56 112 74 20
91 52 103 121 71 123 27
122 101 55 7 106 53 5
123 119 86 56 112 74 13
124 48 15 51 48 26 11
132 26 62 125 22 64 4
87 51 73 126 50 70 3
50 70 0 127 59 5 12
128 36 66 44 34 62 4
129 22 113 9 13 108 10
68 40 38 130 32 26 14
48 68 62 131 74 66 7
30 33 61 132 26 62 7
56 112 74 133 132 110 41
134 39 99 43 40 95 4
78 129 38 135 125 39 4
89 22 95 136 19 99 5
137 120 26 110 124 28 4
0 16 71 138 25 76 10
