1 71 25 79 66 17 9
2 77 63 78 71 60 6
3 30 75 46 23 68 9
4 50 10 39 58 8 8
48 33 38 5 36 40 3
6 3 42 70 6 40 3
7 19 59 0 4 37 26
8 6 65 73 8 58 7
73 8 58 9 8 59 1
29 32 49 10 33 44 5
11 28 13 18 32 13 4
24 17 77 12 19 75 2
13 4 32 0 4 37 5
14 7 20 45 2 22 5
43 19 22 15 24 29 8
18 32 13 16 48 23 18
17 12 17 43 19 22 8
18 32 13 0 4 37 36
19 51 26 16 48 23 4
20 60 79 74 69 76 9
21 2 51 73 8 58 9
18 32 13 22 18 0 19
7 19 59 23 17 48 11
24 17 77 7 19 59 18
25 76 57 78 71 60 5
26 6 25 62 7 25 1
38 51 68 27 47 62 7
28 51 72 38 51 68 4
53 23 60 29 32 49 14
33 59 68 30 64 69 5
29 32 49 31 34 54 5
32 73 34 35 73 39 5
53 23 60 33 59 68 36
34 23 15 11 28 13 5
35 73 39 65 71 49 10
36 35 35 48 33 38 3
37 30 39 48 33 38 3
38 51 68 33 59 68 8
18 32 13 39 58 8 26
40 47 4 4 50 10 6
41 30 18 18 32 13 5
18 32 13 42 34 9 4
18 32 13 43 19 22 15
44 54 30 16 48 23 9
45 2 22 13 4 32 10
46 23 68 53 23 60 8
47 63 9 39 58 8 5
48 33 38 29 32 49 11
49 16 49 23 17 48 1
50 52 15 80 51 18 3
18 32 13 51 32 13 0
8 6 65 52 0 64 6
7 19 59 53 23 60 4
55 12 57 54 13 59 2
73 8 58 55 12 57 4
16 48 23 56 44 25 4
57 16 38 70 6 40 10
58 21 69 46 23 68 2
59 31 25 41 30 18 7
21 2 51 60 1 53 2
61 59 16 39 58 8 8
45 2 22 62 7 25 5
35 73 39 63 71 37 2
17 12 17 64 8 15 4
65 71 49 33 59 68 22
71 54 39 66 55 49 10
67 8 3 22 18 0 10
68 70 57 78 71 60 3
44 54 30 69 52 37 7
0 4 37 70 6 40 3
69 52 37 71 54 39 2
56 44 25 72 44 27 2
73 8 58 7 19 59 11
74 69 76 33 59 68 12
75 16 47 23 17 48 1
3 30 75 76 33 69 6
67 8 3 77 8 7 4
78 71 60 65 71 49 11
79 66 17 61 59 16 7
80 51 18 16 48 23 5
