33 31 2 1 33 0 2
2 30 33 17 34 33 4
11 25 24 3 26 30 6
28 27 10 4 26 12 2
5 40 8 28 27 10 13
17 34 33 6 34 36 3
28 27 10 7 35 29 20
8 30 7 38 32 7 2
0 4 6 9 8 8 4
26 8 4 10 10 5 2
11 25 24 7 35 29 11
28 27 10 12 25 3 7
13 32 2 33 31 2 1
14 18 37 37 19 36 1
15 8 30 31 9 37 7
28 27 10 16 30 14 5
7 35 29 17 34 33 4
18 14 23 15 8 30 9
7 35 29 19 34 21 8
20 24 18 23 20 15 5
7 35 29 21 35 31 2
12 25 3 22 25 3 0
30 18 11 23 20 15 4
18 14 23 24 9 21 5
25 30 35 2 30 33 2
26 8 4 0 4 6 4
12 25 3 27 25 1 2
28 27 10 0 4 6 23
31 9 37 29 10 39 2
28 27 10 30 18 11 9
31 9 37 0 4 6 31
32 18 12 30 18 11 1
33 31 2 38 32 7 5
34 1 22 40 2 12 10
40 2 12 35 7 13 5
40 2 12 36 4 15 3
37 19 36 29 10 39 9
28 27 10 38 32 7 5
37 19 36 39 16 38 3
0 4 6 40 2 12 6
