1 29 100 77 25 91 9
2 7 65 43 14 73 10
72 35 67 3 36 70 3
4 30 43 8 29 36 7
5 2 79 53 3 79 1
66 69 11 6 68 0 11
103 96 62 7 95 62 1
90 24 33 8 29 36 5
88 58 44 9 50 50 10
50 105 48 10 113 45 8
38 10 100 11 17 100 7
12 100 108 96 100 108 0
13 44 70 32 39 74 6
87 81 103 14 85 101 4
61 35 33 15 35 27 6
87 81 103 16 80 101 2
36 109 55 17 103 54 6
18 61 104 111 68 92 13
0 86 59 19 80 54 7
20 50 39 81 56 36 6
77 25 91 21 44 84 20
90 24 33 22 24 14 19
51 15 43 23 9 34 10
24 54 101 18 61 104 7
99 103 0 25 109 8 10
80 104 99 26 109 104 7
6 68 0 27 61 0 7
28 105 52 17 103 54 2
95 36 58 29 36 58 0
30 43 88 21 44 84 4
83 17 64 31 19 65 2
32 39 74 21 44 84 11
107 80 108 33 83 110 3
34 28 15 22 24 14 4
35 91 86 58 80 88 11
36 109 55 103 96 62 14
39 56 26 37 52 28 4
38 10 100 77 25 91 17
0 86 59 39 56 26 44
101 57 66 40 55 71 5
41 49 29 37 52 28 3
42 57 18 39 56 26 8
43 14 73 53 3 79 12
44 101 79 103 96 62 17
45 63 72 113 61 73 2
46 27 72 48 28 71 1
99 103 0 47 91 3 12
62 28 77 48 28 71 6
49 78 38 91 93 33 15
50 105 48 36 109 55 8
90 24 33 51 15 43 13
91 93 33 52 88 18 15
38 10 100 53 3 79 22
38 10 100 54 6 98 4
55 44 96 57 47 92 5
56 44 4 42 57 18 19
57 47 92 30 43 88 5
58 80 88 89 78 86 2
59 111 87 44 101 79 12
60 95 0 47 91 3 5
8 29 36 61 35 33 6
77 25 91 62 28 77 14
63 43 31 41 49 29 6
64 16 94 65 16 94 0
11 17 100 65 16 94 6
66 69 11 42 57 18 13
21 44 84 67 53 90 10
68 38 97 1 29 100 9
22 24 14 69 28 19 6
70 55 46 88 58 44 3
102 41 39 71 44 43 5
72 35 67 32 39 74 8
74 72 100 73 73 104 4
74 72 100 111 68 92 8
75 98 33 91 93 33 5
76 1 30 23 9 34 8
77 25 91 0 86 59 68
0 86 59 78 86 61 2
98 69 26 79 78 28 9
80 104 99 96 100 108 9
81 56 36 88 58 44 8
101 57 66 82 62 63 5
43 14 73 83 17 64 9
77 25 91 84 23 92 2
112 46 21 85 41 22 5
86 30 61 95 36 58 6
107 80 108 87 81 103 5
88 58 44 39 56 26 18
89 78 86 0 86 59 28
90 24 33 39 56 26 32
91 93 33 0 86 59 26
92 113 75 44 101 79 12
103 96 62 93 94 69 7
94 61 108 18 61 104 4
95 36 58 72 35 67 9
107 80 108 96 100 108 20
97 63 48 88 58 44 6
39 56 26 98 69 26 13
52 88 18 99 103 0 23
1 29 100 100 37 111 13
101 57 66 0 86 59 29
102 41 39 8 29 36 12
0 86 59 103 96 62 10
51 15 43 104 3 49 13
32 39 74 105 37 78 4
106 55 54 9 50 50 6
111 68 92 107 80 108 20
108 35 56 95 36 58 2
109 65 65 82 62 63 3
50 105 48 110 105 45 3
111 68 92 89 78 86 11
41 49 29 112 46 21 8
101 57 66 113 61 73 8
