1 13 41 56 14 37 4
14 32 40 2 30 37 3
3 52 14 23 50 28 14
8 36 58 4 38 61 3
5 48 27 23 50 28 2
6 45 42 34 44 42 1
58 16 15 7 12 4 11
57 41 64 8 36 58 7
24 43 52 9 56 56 13
0 33 12 10 19 22 17
29 1 30 11 1 44 14
19 25 34 12 19 46 13
52 46 41 13 51 45 6
14 32 40 19 25 34 9
56 14 37 15 12 35 2
8 36 58 16 24 65 13
17 5 34 37 7 30 4
0 33 12 18 36 25 13
10 19 22 19 25 34 13
20 29 11 0 33 12 4
21 23 47 46 23 48 1
22 41 38 34 44 42 5
0 33 12 23 50 28 23
34 44 42 24 43 52 10
14 32 40 25 31 41 1
58 16 15 26 13 12 4
23 50 28 27 58 28 8
28 57 22 27 58 28 6
10 19 22 29 1 30 19
30 49 6 44 41 4 8
31 64 62 9 56 56 10
12 19 46 32 28 51 10
24 43 52 33 43 49 3
23 50 28 34 44 42 15
61 37 42 35 36 40 2
3 52 14 36 63 12 11
37 7 30 29 1 30 6
20 29 11 38 26 5 6
62 1 1 39 0 12 11
40 57 36 27 58 28 8
22 41 38 41 39 36 2
17 5 34 42 6 36 2
43 33 62 8 36 58 5
44 41 4 0 33 12 11
63 1 52 45 3 53 2
12 19 46 46 23 48 4
47 1 8 39 0 12 4
10 19 22 48 22 25 4
49 23 48 46 23 48 0
29 1 30 50 2 28 2
51 60 63 31 64 62 4
52 46 41 34 44 42 2
53 32 41 14 32 40 1
54 8 65 45 3 53 13
41 39 36 55 40 34 2
37 7 30 56 14 37 9
24 43 52 57 41 64 12
58 16 15 10 19 22 7
34 44 42 59 40 46 5
60 50 25 23 50 28 3
59 40 46 61 37 42 5
58 16 15 62 1 1 20
63 1 52 11 1 44 8
64 41 64 57 41 64 0
32 28 51 65 32 48 5
