99 93 64 1 95 73 9
0 60 13 2 71 48 36
3 48 68 8 49 62 6
60 10 32 4 6 29 5
5 53 4 86 48 8 6
6 68 20 87 68 22 2
7 26 99 90 34 95 8
8 49 62 26 43 53 10
52 55 89 9 51 86 5
48 31 80 10 37 84 7
2 71 48 11 60 63 18
81 1 84 12 7 89 7
3 48 68 13 45 66 3
86 48 8 14 30 4 18
39 38 30 15 35 34 5
31 76 4 16 86 4 10
17 100 27 77 100 34 7
18 60 22 87 68 22 8
80 42 16 19 45 21 5
76 13 9 20 14 8 1
11 60 63 21 71 69 12
22 35 14 80 42 16 7
26 43 53 23 50 50 7
24 11 33 67 7 22 11
2 71 48 25 73 40 8
39 38 30 26 43 53 23
27 41 32 39 38 30 3
28 42 93 34 39 97 5
29 34 83 10 37 84 3
66 63 83 30 70 79 8
31 76 4 89 63 3 13
21 71 69 32 73 71 2
17 100 27 33 99 30 3
73 10 70 34 39 97 39
35 89 39 54 86 31 8
9 51 86 36 49 79 7
99 93 64 37 100 62 7
38 57 61 11 60 63 3
0 60 13 39 38 30 27
11 60 63 40 64 57 7
87 68 22 41 78 24 10
23 50 50 42 55 46 6
43 14 52 98 16 63 11
44 54 101 68 60 91 11
45 46 88 28 42 93 6
46 28 16 96 24 26 10
47 51 72 74 47 71 4
48 31 80 61 21 85 11
49 23 28 96 24 26 2
50 97 3 31 76 4 21
45 46 88 51 45 89 1
52 55 89 66 63 83 10
53 62 40 2 71 48 12
41 78 24 54 86 31 10
53 62 40 55 55 35 8
85 92 59 56 86 58 6
57 16 51 43 14 52 2
58 7 44 43 14 52 10
59 14 73 73 10 70 5
24 11 33 60 10 32 1
61 21 85 73 10 70 18
50 97 3 62 97 9 6
66 63 83 63 65 89 6
64 86 60 56 86 58 2
67 7 22 65 6 20 2
11 60 63 66 63 83 20
67 7 22 39 38 30 32
63 65 89 68 60 91 5
69 23 2 14 30 4 7
70 23 11 84 28 10 5
77 100 34 71 98 36 2
75 15 15 72 12 14 3
73 10 70 39 38 30 48
3 48 68 74 47 71 3
75 15 15 67 7 22 10
75 15 15 76 13 9 6
77 100 34 2 71 48 32
78 98 94 99 93 64 30
73 10 70 79 9 69 1
86 48 8 80 42 16 10
81 1 84 73 10 70 16
39 38 30 82 37 28 2
45 46 88 83 46 87 1
14 30 4 84 28 10 6
85 92 59 99 93 64 5
0 60 13 86 48 8 13
0 60 13 87 68 22 12
88 74 56 2 71 48 8
89 63 3 0 60 13 10
34 39 97 90 34 95 5
91 0 31 67 7 22 11
92 38 62 26 43 53 10
46 28 16 93 31 15 3
94 21 71 100 22 66 5
95 40 86 10 37 84 3
39 38 30 96 24 26 14
30 70 79 97 75 86 8
98 16 63 73 10 70 9
99 93 64 2 71 48 27
98 16 63 100 22 66 6
101 4 22 65 6 20 2
