131 129 100 1 123 98 6
98 107 59 2 109 61 2
3 59 68 21 43 53 21
21 43 53 4 50 88 35
5 82 30 95 86 28 4
6 57 34 0 120 112 100
7 97 135 37 99 129 6
8 47 59 21 43 53 7
9 52 125 65 96 95 53
154 118 37 10 142 43 24
111 16 8 11 13 4 5
126 14 110 12 18 96 14
13 128 37 154 118 37 10
123 11 116 14 15 117 4
29 24 49 15 19 52 5
126 14 110 16 22 112 8
69 23 98 17 30 101 7
40 14 126 18 8 132 8
57 152 91 19 150 98 7
20 60 131 91 69 128 9
21 43 53 6 57 34 23
36 121 91 22 125 84 8
23 38 100 124 44 91 10
55 89 124 24 91 130 6
116 73 111 25 77 106 6
114 145 72 26 142 71 3
131 129 100 27 138 103 9
28 92 95 65 96 95 4
29 24 49 113 29 56 8
98 107 59 30 100 50 11
141 14 44 31 11 43 3
4 50 88 32 67 90 17
57 152 91 33 140 88 12
28 92 95 34 86 90 7
127 146 137 35 149 151 14
131 129 100 36 121 91 12
61 106 116 37 99 129 14
114 145 72 38 142 75 4
39 28 139 100 33 151 13
40 14 126 126 14 110 16
42 88 10 41 150 9 62
42 88 10 6 57 34 39
44 30 33 43 34 23 10
54 17 19 44 30 33 19
34 86 90 45 85 94 4
46 45 110 9 52 125 16
47 139 25 73 152 27 13
48 68 144 91 69 128 16
4 50 88 49 48 86 2
50 124 55 128 124 64 9
46 45 110 51 35 118 12
80 137 67 52 137 65 2
53 3 97 12 18 96 15
54 17 19 6 57 34 42
55 89 124 37 99 129 11
56 58 39 83 57 39 1
0 120 112 57 152 91 38
58 9 153 89 7 154 2
59 151 74 57 152 91 17
60 7 48 31 11 43 6
0 120 112 61 106 116 14
62 36 63 21 43 53 12
111 16 8 63 17 7 1
64 55 110 46 45 110 10
0 120 112 65 96 95 29
66 106 151 142 108 144 7
30 100 50 67 96 48 4
108 124 10 68 125 16 6
69 23 98 12 18 96 5
70 59 77 3 59 68 9
124 44 91 71 38 82 10
72 94 26 81 93 28 2
112 154 22 73 152 27 5
150 50 22 74 59 18 9
0 120 112 75 121 128 16
76 140 0 41 150 9 13
77 145 76 38 142 75 3
65 96 95 78 111 84 18
101 20 67 79 18 61 6
26 142 71 80 137 67 6
42 88 10 81 93 28 18
22 125 84 82 125 82 2
83 57 39 6 57 34 5
54 17 19 84 35 2 24
108 124 10 85 119 16 7
86 72 81 32 67 90 10
122 30 70 87 1 72 29
28 92 95 88 89 103 8
89 7 154 18 8 132 22
90 146 60 26 142 71 11
91 69 128 9 52 125 17
92 60 150 48 68 144 10
93 120 146 147 128 140 10
94 78 25 81 93 28 15
81 93 28 95 86 28 7
54 17 19 96 19 21 2
33 140 88 97 134 88 6
98 107 59 65 96 95 37
99 102 54 30 100 50 4
100 33 151 103 47 151 14
122 30 70 101 20 67 10
102 149 130 0 120 112 34
103 47 151 9 52 125 26
104 92 150 61 106 116 36
54 17 19 105 10 25 9
106 112 5 42 88 10 24
135 70 3 107 71 0 3
108 124 10 106 112 5 13
10 142 43 109 148 42 6
21 43 53 110 38 53 5
133 10 16 111 16 8 10
112 154 22 41 150 9 13
62 36 63 113 29 56 9
59 151 74 114 145 72 6
104 92 150 115 93 152 2
116 73 111 91 69 128 17
117 89 152 104 92 150 3
137 29 108 118 32 111 4
3 59 68 119 65 54 15
3 59 68 120 57 60 8
121 153 97 19 150 98 3
62 36 63 122 30 70 9
123 11 116 126 14 110 6
124 44 91 4 50 88 6
65 96 95 125 95 89 6
126 14 110 9 52 125 40
102 149 130 127 146 137 7
2 109 61 128 124 64 15
129 122 133 75 121 128 5
86 72 81 130 66 79 6
131 129 100 0 120 112 15
132 10 125 40 14 126 4
133 10 16 54 17 19 7
134 83 1 42 88 10 10
135 70 3 134 83 1 13
136 121 137 129 122 133 4
16 22 112 137 29 108 8
138 136 117 0 120 112 16
115 93 152 139 97 153 4
113 29 56 140 30 56 1
141 14 44 44 30 33 19
142 108 144 153 111 135 9
143 18 2 11 13 4 5
144 54 124 9 52 125 2
117 89 152 145 89 154 2
146 148 140 127 146 137 3
75 121 128 147 128 140 13
148 118 88 36 121 91 4
20 60 131 149 62 125 6
150 50 22 6 57 34 13
128 124 64 151 127 66 3
152 16 69 101 20 67 4
75 121 128 153 111 135 12
154 118 37 98 107 59 24
