1 66 111 47 78 96 19
2 119 66 119 114 73 8
3 38 15 67 39 8 7
4 70 83 79 72 85 2
5 7 63 71 18 39 26
47 78 96 6 80 105 9
7 0 111 28 55 58 76
109 119 92 8 101 87 18
102 87 65 9 82 67 5
10 105 100 51 111 101 6
11 58 98 104 64 103 7
12 109 20 70 108 18 2
7 0 111 13 0 116 5
14 76 83 79 72 85 4
70 108 18 15 113 15 5
78 88 54 16 103 57 15
17 99 24 29 86 39 19
18 63 120 1 66 111 9
111 92 124 19 83 122 9
42 20 107 20 24 109 4
21 18 112 42 20 107 5
22 34 56 27 47 47 15
23 108 37 101 119 34 11
24 62 36 95 66 30 7
25 73 50 28 55 58 19
26 42 102 86 30 91 16
27 47 47 28 55 58 13
0 22 19 28 55 58 51
25 73 50 29 86 39 17
30 116 53 84 121 45 9
23 108 37 31 109 35 2
32 55 65 28 55 58 7
33 93 52 78 88 54 5
85 20 28 34 18 24 4
35 44 21 100 46 18 3
14 76 83 36 80 79 5
95 66 30 37 76 29 10
85 20 28 38 13 27 7
39 104 84 91 104 82 2
98 51 36 40 48 32 5
41 90 48 78 88 54 6
7 0 111 42 20 107 20
43 87 70 102 87 65 5
44 32 84 28 55 58 34
45 3 123 7 0 111 12
46 50 113 26 42 102 13
47 78 96 79 72 85 12
48 95 13 17 99 24 11
49 105 87 8 101 87 4
50 112 71 119 114 73 2
77 112 95 51 111 101 6
52 24 53 22 34 56 10
16 103 57 53 104 51 6
54 65 96 74 68 99 4
109 119 92 55 121 103 11
33 93 52 56 98 48 6
13 0 116 57 2 119 3
58 76 85 14 76 83 2
117 28 115 59 21 120 8
60 34 25 0 22 19 13
61 86 96 80 84 90 6
62 67 17 95 66 30 13
40 48 32 63 49 26 6
67 39 8 64 26 4 13
95 66 30 65 66 32 2
66 124 116 109 119 92 24
0 22 19 67 39 8 20
44 32 84 68 22 93 13
69 118 66 2 119 66 1
70 108 18 17 99 24 10
71 18 39 85 20 28 11
42 20 107 72 26 102 7
73 2 66 123 3 69 3
107 66 90 74 68 99 9
87 106 26 75 109 27 3
46 50 113 76 50 117 4
77 112 95 109 119 92 7
25 73 50 78 88 54 15
79 72 85 28 55 58 31
80 84 90 47 78 96 8
81 68 23 62 67 17 6
116 34 70 82 41 69 7
83 91 32 29 86 39 8
84 121 45 101 119 34 11
0 22 19 85 20 28 9
86 30 91 44 32 84 7
17 99 24 87 106 26 7
51 111 101 88 99 102 12
89 79 51 25 73 50 6
28 55 58 90 56 58 1
8 101 87 91 104 82 5
80 84 90 92 83 86 4
68 22 93 93 15 88 8
94 61 80 79 72 85 12
25 73 50 95 66 30 21
32 55 65 96 50 75 11
24 62 36 97 57 37 5
98 51 36 27 47 47 11
68 22 93 99 15 97 8
67 39 8 100 46 18 12
29 86 39 101 119 34 33
78 88 54 102 87 65 11
103 121 26 101 119 34 8
104 64 103 74 68 99 5
105 25 67 116 34 70 9
106 0 90 7 0 111 21
79 72 85 107 66 90 7
4 70 83 108 69 85 2
109 119 92 79 72 85 47
66 124 116 110 123 115 1
111 92 124 47 78 96 31
48 95 13 112 99 13 4
113 104 8 70 108 18 10
109 119 92 114 120 94 2
115 13 74 118 3 79 11
44 32 84 116 34 70 14
117 28 115 42 20 107 11
118 3 79 106 0 90 11
109 119 92 119 114 73 19
120 20 56 52 24 53 5
32 55 65 121 65 68 10
29 86 39 122 83 45 6
123 3 69 5 7 63 7
124 86 120 19 83 122 3
