59 52 4 1 84 31 41
2 79 26 83 77 25 2
3 79 84 14 79 84 0
7 68 75 4 68 73 2
5 82 49 69 74 52 8
6 20 51 12 20 48 3
7 68 75 14 79 84 14
8 30 3 0 16 1 14
9 23 47 12 20 48 3
10 13 37 33 8 30 8
11 44 31 64 40 31 4
12 20 48 72 24 52 5
13 33 72 62 27 67 7
1 84 31 14 79 84 53
15 27 11 34 24 14 4
16 48 56 32 52 59 5
17 83 17 1 84 31 14
69 74 52 18 75 58 6
19 15 55 58 10 52 5
37 8 41 20 13 44 5
48 63 46 21 59 37 9
22 23 7 77 25 6 2
23 79 66 26 79 67 1
24 40 54 64 40 31 23
64 40 31 25 29 40 14
18 75 58 26 79 67 9
8 30 3 27 38 16 15
28 17 2 0 16 1 1
59 52 4 29 81 2 29
30 30 17 34 24 14 6
38 45 24 31 48 21 4
68 54 57 32 52 59 2
33 8 30 0 16 1 30
34 24 14 8 30 3 12
33 8 30 35 20 27 12
36 23 35 70 24 29 6
10 13 37 37 8 41 6
11 44 31 38 45 24 7
18 75 58 39 71 61 5
40 56 35 21 59 37 3
41 57 63 68 54 57 6
68 54 57 42 54 59 2
43 34 82 60 18 63 24
44 52 33 11 44 31 8
7 68 75 45 69 82 7
46 59 77 84 61 73 4
57 76 38 47 73 39 3
48 63 46 1 84 31 25
29 81 2 49 83 5 3
50 42 44 24 40 54 10
51 25 54 72 24 52 2
84 61 73 52 61 68 5
50 42 44 53 50 44 8
54 2 58 58 10 52 10
43 34 82 55 40 79 6
83 77 25 56 73 27 4
57 76 38 1 84 31 10
58 10 52 60 18 63 13
0 16 1 59 52 4 36
60 18 63 33 8 30 34
59 52 4 61 62 1 10
62 27 67 60 18 63 9
63 3 81 60 18 63 23
59 52 4 64 40 31 29
80 49 75 65 49 78 3
0 16 1 66 7 0 9
76 32 26 67 32 28 2
48 63 46 68 54 57 14
48 63 46 69 74 52 12
70 24 29 35 20 27 4
71 39 68 13 33 72 7
60 18 63 72 24 52 12
73 65 68 52 61 68 4
74 51 77 80 49 75 2
75 44 48 50 42 44 4
76 32 26 64 40 31 9
8 30 3 77 25 6 5
78 39 29 64 40 31 2
27 38 16 79 39 18 2
80 49 75 55 40 79 9
81 46 33 11 44 31 2
82 3 3 66 7 0 5
83 77 25 1 84 31 9
7 68 75 84 61 73 7
