1 49 49 12 44 52 5
46 10 66 2 2 62 8
2 2 62 3 2 52 10
4 7 7 43 6 6 1
5 49 3 50 56 4 7
69 25 54 6 21 47 8
7 21 66 71 21 66 0
37 52 33 8 43 44 14
34 28 33 9 28 34 1
19 68 0 10 71 6 6
27 8 4 11 12 0 5
12 44 52 8 43 44 8
67 2 25 13 2 23 2
14 29 6 26 36 13 9
15 14 53 69 25 54 11
16 43 23 37 52 33 13
71 21 66 17 28 68 7
46 10 66 18 6 70 5
19 68 0 56 58 9 13
18 6 70 20 9 70 3
21 59 63 33 60 54 9
67 2 25 22 1 25 1
23 16 67 71 21 66 5
24 43 6 5 49 3 6
56 58 9 25 55 10 3
26 36 13 16 43 23 12
43 6 6 27 8 4 2
28 60 61 21 59 63 2
15 14 53 29 12 57 4
30 70 26 54 70 23 3
31 38 27 16 43 23 6
32 52 62 21 59 63 7
33 60 54 68 61 41 13
34 28 33 69 25 54 21
35 47 38 37 52 33 7
36 43 19 16 43 23 4
37 52 33 0 66 21 18
38 52 22 64 60 24 8
39 56 51 33 60 54 5
37 52 33 40 57 39 7
63 13 34 41 4 36 9
56 58 9 42 60 12 3
69 25 54 43 6 6 51
44 34 33 34 28 33 6
21 59 63 45 70 70 13
69 25 54 46 10 66 19
43 6 6 47 1 20 14
48 68 23 0 66 21 2
49 33 56 69 25 54 8
50 56 4 56 58 9 5
33 60 54 51 66 55 6
34 28 33 52 26 28 5
27 8 4 53 19 6 11
0 66 21 54 70 23 4
41 4 36 55 2 34 2
0 66 21 56 58 9 14
35 47 38 57 45 38 2
58 46 5 5 49 3 3
3 2 52 59 0 53 2
46 10 66 60 9 66 1
61 40 70 65 38 64 6
62 42 17 36 43 19 2
63 13 34 34 28 33 15
64 60 24 0 66 21 6
49 33 56 65 38 64 9
66 53 9 25 55 10 2
47 1 20 67 2 25 5
40 57 39 68 61 41 4
0 66 21 69 25 54 52
14 29 6 70 25 12 7
71 21 66 46 10 66 11
