1 67 46 84 71 41 6
71 65 27 2 59 27 6
60 88 51 3 88 43 8
93 13 22 4 25 12 15
5 55 17 95 53 22 5
89 70 52 6 70 51 1
82 39 63 7 41 71 8
8 5 19 93 13 22 8
71 65 27 9 62 23 5
10 94 55 63 98 58 5
83 27 49 11 29 43 6
12 34 65 82 39 63 5
13 34 86 16 39 83 5
75 51 34 14 69 80 49
51 66 30 15 65 32 2
7 41 71 16 39 83 12
17 38 1 69 48 2 10
34 3 41 18 9 47 8
19 46 54 49 54 47 10
20 39 22 66 47 20 8
21 69 11 36 63 13 6
67 92 93 22 99 97 8
21 69 11 23 102 16 33
24 47 31 43 47 31 0
64 2 100 25 5 100 3
63 98 58 26 98 62 4
0 51 24 27 2 30 49
28 73 42 84 71 41 2
21 69 11 29 85 2 18
42 73 67 30 73 72 5
31 89 27 65 83 34 9
32 42 18 66 47 20 5
52 21 102 33 17 98 5
34 3 41 27 2 30 11
72 55 85 35 44 95 14
36 63 13 0 51 24 16
14 69 80 37 65 98 18
54 72 37 38 101 46 30
67 92 93 39 102 84 13
40 75 74 30 73 72 2
41 89 3 29 85 2 4
14 69 80 42 73 67 13
75 51 34 43 47 31 5
48 30 59 44 22 68 12
53 70 81 45 72 79 2
35 44 95 46 34 102 12
47 99 42 101 101 43 2
82 39 63 48 30 59 9
77 48 38 49 54 47 10
50 3 58 18 9 47 12
71 65 27 51 66 30 3
64 2 100 52 21 102 19
14 69 80 53 70 81 1
54 72 37 71 65 27 12
42 73 67 55 58 68 15
56 78 49 62 74 54 6
62 74 54 57 75 57 3
72 55 85 58 56 93 8
59 17 81 81 11 88 9
38 101 46 60 88 51 13
61 17 6 4 25 12 10
42 73 67 62 74 54 13
38 101 46 63 98 58 12
83 27 49 64 2 100 56
54 72 37 65 83 34 11
0 51 24 66 47 20 5
67 92 93 100 71 97 21
55 58 68 68 63 68 5
99 49 13 69 48 2 11
70 46 77 7 41 71 7
0 51 24 71 65 27 14
72 55 85 14 69 80 14
15 65 32 73 62 32 3
41 89 3 74 89 5 2
0 51 24 75 51 34 10
76 98 32 96 100 40 8
77 48 38 75 51 34 5
78 15 71 44 22 68 7
83 27 49 79 22 53 6
80 1 37 34 3 41 4
64 2 100 81 11 88 15
82 39 63 83 27 49 18
75 51 34 83 27 49 28
54 72 37 84 71 41 4
23 102 16 85 96 12 7
81 11 88 86 13 92 4
87 33 99 46 34 102 3
35 44 95 88 45 91 4
62 74 54 89 70 52 4
83 27 49 90 25 50 2
91 83 63 42 73 67 10
39 102 84 92 102 79 5
93 13 22 27 2 30 13
94 27 87 59 17 81 11
95 53 22 0 51 24 2
96 100 40 101 101 43 3
102 97 20 97 95 17 3
63 98 58 98 92 61 6
0 51 24 99 49 13 11
37 65 98 100 71 97 6
101 101 43 38 101 46 3
102 97 20 23 102 16 6
