1 9 57 42 11 51 6
2 85 55 41 77 74 20
3 62 57 43 61 70 13
4 35 6 68 32 10 5
5 64 43 10 59 30 13
6 8 65 1 9 57 8
43 61 70 7 63 73 3
20 36 75 8 36 71 4
47 37 49 9 45 49 8
34 29 33 10 59 30 30
76 22 84 11 13 87 9
91 44 19 12 41 21 3
13 90 77 50 84 71 8
93 27 44 14 32 45 5
61 29 24 15 26 23 3
0 27 15 16 52 75 65
17 65 31 10 59 30 6
18 75 47 5 64 43 11
49 18 52 19 16 50 2
16 52 75 20 36 75 16
21 92 27 73 84 11 17
35 77 33 22 75 36 3
23 21 43 93 27 44 6
73 84 11 24 66 9 18
25 1 24 90 0 15 9
26 83 64 50 84 71 7
27 14 23 0 27 15 15
28 29 92 76 22 84 10
29 81 9 73 84 11 3
32 89 2 30 89 4 2
31 83 2 73 84 11 9
32 89 2 31 83 2 6
58 56 5 33 56 9 4
0 27 15 34 29 33 18
44 88 33 35 77 33 11
66 13 74 36 12 72 2
37 67 73 56 70 76 4
38 73 84 41 77 74 10
47 37 49 39 39 58 9
40 77 17 73 84 11 9
41 77 74 16 52 75 25
49 18 52 42 11 51 7
43 61 70 86 62 79 9
44 88 33 21 92 27 7
49 18 52 45 17 55 3
46 9 71 36 12 72 3
47 37 49 34 29 33 17
20 36 75 48 25 71 11
34 29 33 49 18 52 21
50 84 71 41 77 74 7
27 14 23 51 17 19 5
0 27 15 52 4 0 27
53 54 87 86 62 79 11
54 57 30 10 59 30 2
55 49 10 77 52 1 9
56 70 76 41 77 74 7
43 61 70 57 64 70 3
58 56 5 77 52 1 5
48 25 71 59 21 70 4
43 61 70 60 63 67 3
61 29 24 0 27 15 9
62 81 79 41 77 74 6
63 93 58 74 91 55 3
64 83 64 26 83 64 0
65 4 36 27 14 23 16
66 13 74 71 15 79 5
17 65 31 67 65 36 5
68 32 10 0 27 15 7
69 63 64 60 63 67 3
70 38 34 34 29 33 9
76 22 84 71 15 79 8
85 87 43 72 89 48 5
0 27 15 73 84 11 57
74 91 55 2 85 55 6
52 4 0 75 6 0 2
76 22 84 20 36 75 16
24 66 9 77 52 1 16
78 26 29 34 29 33 5
52 4 0 79 1 4 5
80 91 24 21 92 27 3
81 81 13 73 84 11 3
82 66 25 17 65 31 6
16 52 75 83 52 70 5
84 25 80 76 22 84 5
85 87 43 44 88 33 10
16 52 75 86 62 79 10
24 66 9 87 71 5 6
88 3 22 25 1 24 2
89 41 48 47 37 49 4
90 0 15 52 4 0 15
91 44 19 61 29 24 15
16 52 75 92 52 73 2
34 29 33 93 27 44 11
