4 93 96 1 93 97 1
2 111 34 29 109 34 2
60 55 92 3 52 88 5
0 98 96 4 93 96 5
5 26 105 111 17 109 9
110 25 13 6 19 0 14
7 31 106 5 26 105 5
111 17 109 8 18 110 1
9 70 23 95 80 26 10
22 67 51 10 72 62 12
11 79 103 4 93 96 15
98 0 89 12 2 98 9
13 56 1 99 46 4 10
14 6 66 68 3 78 12
87 55 47 15 52 52 5
47 16 25 16 23 31 9
108 46 87 17 47 80 7
67 32 69 18 29 55 14
0 98 96 19 96 84 12
20 66 100 73 72 108 10
21 72 88 69 62 84 10
22 67 51 87 55 47 12
15 52 52 23 47 48 6
24 68 24 9 70 23 2
25 102 59 100 104 63 4
26 4 110 79 6 108 2
27 83 50 88 89 48 6
35 4 25 28 0 28 5
71 105 16 29 109 34 18
30 98 86 19 96 84 2
76 22 63 31 22 66 3
32 39 41 56 52 42 13
94 5 12 33 11 7 7
34 92 86 19 96 84 4
47 16 25 35 4 25 12
36 109 2 71 105 16 14
92 105 29 37 101 29 4
38 60 23 56 52 42 20
104 87 87 39 87 82 5
40 56 94 60 55 92 2
74 103 101 41 108 94 8
10 72 62 42 70 61 2
70 8 41 43 3 41 5
44 89 81 39 87 82 2
45 5 37 43 3 41 4
46 50 37 56 52 42 5
78 16 40 47 16 25 15
19 96 84 48 96 57 27
60 55 92 49 58 92 3
50 48 72 108 46 87 15
70 8 41 51 3 52 12
58 38 91 52 25 84 14
53 9 56 51 3 52 7
54 21 48 78 16 40 9
71 105 16 55 106 16 1
87 55 47 56 52 42 5
57 99 111 84 108 110 9
83 41 91 58 38 91 3
60 55 92 59 55 107 15
83 41 91 60 55 92 14
61 19 89 52 25 84 7
62 17 103 111 17 109 6
89 89 14 63 91 7 7
64 83 93 104 87 87 7
72 90 30 65 91 32 2
66 20 78 106 18 71 7
67 32 69 83 41 91 23
68 3 78 67 32 69 30
60 55 92 69 62 84 10
70 8 41 78 16 40 8
71 105 16 19 96 84 68
71 105 16 72 90 30 20
11 79 103 73 72 108 8
0 98 96 74 103 101 7
72 90 30 75 81 36 10
106 18 71 76 22 63 8
77 1 10 94 5 12 4
78 16 40 67 32 69 33
111 17 109 79 6 108 11
7 31 106 80 32 106 1
81 93 64 48 96 57 7
82 46 9 38 60 23 19
83 41 91 0 98 96 57
84 108 110 0 98 96 17
36 109 2 85 108 4 2
86 105 76 19 96 84 12
87 55 47 67 32 69 31
88 89 48 48 96 57 11
89 89 14 71 105 16 16
90 74 92 21 72 88 4
10 72 62 91 78 62 6
92 105 29 29 109 34 6
93 88 21 89 89 14 7
94 5 12 47 16 25 17
95 80 26 72 90 30 10
15 52 52 96 42 53 10
97 46 88 108 46 87 1
68 3 78 98 0 89 11
82 46 9 99 46 4 5
48 96 57 100 104 63 10
101 65 35 105 56 40 10
9 70 23 102 73 21 3
94 5 12 103 4 12 1
19 96 84 104 87 87 9
105 56 40 56 52 42 4
106 18 71 67 32 69 14
107 15 3 6 19 0 5
108 46 87 83 41 91 6
109 40 36 32 39 41 5
47 16 25 110 25 13 15
111 17 109 83 41 91 30
