14 0 23 1 1 35 12
2 28 6 43 29 5 1
11 2 16 3 3 18 2
26 36 12 4 38 12 2
17 38 6 5 31 5 7
14 0 23 6 17 31 18
6 17 31 7 9 35 8
32 21 4 8 22 6 2
9 42 30 0 45 26 5
10 0 4 11 2 16 12
14 0 23 11 2 16 7
12 39 7 17 38 6 1
22 14 45 13 10 45 4
14 0 23 0 45 26 45
39 29 17 15 32 12 5
39 29 17 16 24 14 5
17 38 6 39 29 17 14
41 33 23 18 34 23 1
37 45 6 19 45 5 1
6 17 31 20 25 31 8
21 13 31 6 17 31 4
22 14 45 38 19 43 5
32 21 4 23 17 0 5
24 42 36 9 42 30 6
31 29 41 25 24 39 5
15 32 12 26 36 12 4
27 17 21 16 24 14 9
28 13 25 27 17 21 5
29 37 25 0 45 26 8
30 5 40 1 1 35 6
31 29 41 38 19 43 10
16 24 14 32 21 4 10
33 11 11 11 2 16 10
39 29 17 34 35 18 6
44 10 40 35 10 42 2
36 28 17 39 29 17 1
12 39 7 37 45 6 6
38 19 43 6 17 31 12
39 29 17 0 45 26 18
40 43 23 0 45 26 3
29 37 25 41 33 23 4
24 42 36 42 41 35 1
43 29 5 5 31 5 2
44 10 40 7 9 35 5
45 26 44 31 29 41 4
