1 75 107 85 64 98 14
2 49 96 41 61 101 13
87 62 15 3 64 7 8
4 88 6 84 83 1 7
58 18 63 5 16 67 4
6 30 85 73 26 87 4
24 67 36 7 78 1 36
8 22 85 73 26 87 4
9 3 50 75 4 48 2
65 31 72 10 29 74 2
64 48 96 11 43 96 5
12 56 71 82 52 69 4
88 79 51 13 78 43 8
14 99 80 27 99 72 8
53 77 73 15 69 85 14
16 0 45 75 4 48 5
17 71 16 87 62 15 9
106 97 25 18 93 32 8
0 11 65 19 10 69 4
99 34 6 20 40 2 7
21 36 88 6 30 85 6
22 15 33 75 4 48 18
82 52 69 23 56 66 5
53 77 73 24 67 36 38
72 81 61 25 75 58 6
26 44 76 47 50 71 7
53 77 73 27 99 72 22
47 50 71 28 48 82 11
90 61 49 29 57 54 6
38 74 32 30 77 35 4
31 81 107 1 75 107 6
32 82 78 53 77 73 7
33 73 72 53 77 73 4
34 103 91 63 102 104 13
35 92 10 4 88 6 5
36 106 51 52 106 49 2
37 97 61 27 99 72 11
38 74 32 24 67 36 8
39 42 17 87 62 15 20
75 4 48 40 5 44 4
53 77 73 41 61 101 32
42 60 20 87 62 15 5
0 11 65 43 2 61 9
44 42 91 64 48 96 7
45 93 102 63 102 104 9
46 73 93 15 69 85 8
47 50 71 82 52 69 2
21 36 88 48 38 88 2
95 100 25 49 102 36 11
0 11 65 50 8 103 38
65 31 72 51 34 74 3
52 106 49 53 77 73 37
0 11 65 53 77 73 66
15 69 85 54 62 90 8
61 5 3 55 1 7 5
87 62 15 56 57 14 5
32 82 78 57 77 83 7
58 18 63 0 11 65 7
59 23 25 22 15 33 11
60 38 72 51 34 74 4
61 5 3 22 15 33 31
39 42 17 62 45 17 3
63 102 104 53 77 73 39
2 49 96 64 48 96 1
65 31 72 58 18 63 15
66 75 95 46 73 93 2
67 41 40 81 30 45 12
39 42 17 68 48 10 9
45 93 102 69 94 105 3
24 67 36 70 64 39 4
71 34 10 99 34 6 4
53 77 73 72 81 61 12
73 26 87 104 16 90 10
40 5 44 74 5 42 2
0 11 65 75 4 48 18
76 19 12 59 23 25 13
77 56 41 97 57 40 1
76 19 12 78 24 14 5
107 3 29 79 10 22 9
80 42 55 91 44 57 2
89 29 56 81 30 45 11
82 52 69 53 77 73 25
65 31 72 83 26 71 5
7 78 1 84 83 1 5
85 64 98 41 61 101 4
106 97 25 86 91 20 7
87 62 15 24 67 36 21
88 79 51 72 81 61 10
58 18 63 89 29 56 13
97 57 40 90 61 49 9
82 52 69 91 44 57 14
94 71 89 92 72 88 1
104 16 90 93 19 100 10
15 69 85 94 71 89 4
95 100 25 52 106 49 24
59 23 25 96 30 23 7
97 57 40 24 67 36 10
96 30 23 98 31 32 9
39 42 17 99 34 6 13
15 69 85 100 64 85 5
101 87 2 84 83 1 4
102 20 75 5 16 67 8
103 8 90 104 16 90 8
50 8 103 104 16 90 15
14 99 80 105 96 83 4
95 100 25 106 97 25 3
22 15 33 107 3 29 12
