1 32 93 148 35 94 3
2 32 87 64 38 73 15
3 103 119 66 95 114 9
6 47 15 4 44 18 4
140 27 129 5 23 124 6
6 47 15 16 65 24 20
7 49 79 64 38 73 12
42 79 29 8 84 27 5
85 134 89 9 135 91 2
10 4 41 24 19 32 17
11 120 150 32 117 149 3
0 98 58 12 120 56 22
13 36 31 155 33 17 14
14 16 98 90 21 98 5
15 89 82 45 82 84 7
16 65 24 0 98 58 47
17 88 124 113 82 151 27
18 6 97 156 8 97 2
113 82 151 19 92 153 10
20 30 93 1 32 93 2
43 8 16 21 1 3 14
7 49 79 22 45 81 4
23 144 43 0 98 58 48
43 8 16 24 19 32 19
25 99 138 145 103 143 6
26 68 37 124 70 38 2
141 57 158 27 46 159 11
28 100 57 0 98 58 2
29 60 38 26 68 37 8
30 32 81 2 32 87 6
31 61 59 52 76 73 20
32 117 149 145 103 143 15
33 4 34 10 4 41 7
34 38 49 64 38 73 24
35 3 111 101 8 125 14
36 8 152 158 0 153 8
159 37 124 37 31 106 18
64 38 73 38 20 67 18
0 98 58 39 94 46 12
53 4 136 40 1 131 5
34 38 49 41 30 55 10
42 79 29 124 70 38 12
16 65 24 43 8 16 57
44 15 52 38 20 67 15
52 76 73 45 82 84 12
46 48 126 98 46 116 10
37 31 106 47 40 109 9
48 54 5 6 47 15 12
55 30 157 49 32 158 2
81 113 130 50 108 130 5
100 154 107 51 141 125 22
52 76 73 0 98 58 26
53 4 136 131 1 142 6
96 17 158 54 17 147 11
55 30 157 96 17 158 13
74 139 17 56 157 3 22
57 90 117 66 95 114 5
143 113 41 58 113 33 8
79 136 33 59 142 31 6
60 80 101 68 81 100 1
73 141 72 61 139 69 3
86 51 142 62 61 134 12
63 35 143 77 38 137 6
52 76 73 64 38 73 38
23 144 43 65 139 41 5
66 95 114 17 88 124 12
17 88 124 67 89 127 3
45 82 84 68 81 100 16
23 144 43 69 151 31 13
70 134 102 9 135 91 11
71 126 159 11 120 150 10
72 144 36 102 144 39 3
73 141 72 112 154 67 13
74 139 17 23 144 43 26
6 47 15 75 42 12 5
136 135 59 76 135 57 2
77 38 137 82 39 136 1
78 158 140 144 157 159 19
23 144 43 79 136 33 12
6 47 15 80 52 19 6
81 113 130 145 103 143 16
159 37 124 82 39 136 12
83 54 112 98 46 116 8
23 144 43 84 142 41 2
85 134 89 0 98 58 47
86 51 142 82 39 136 13
48 54 5 87 64 4 10
159 37 124 88 34 117 7
89 124 20 154 138 23 14
37 31 106 90 21 98 12
142 61 93 91 48 94 13
92 31 9 99 29 6 3
113 82 151 93 74 147 8
94 46 85 22 45 81 4
127 37 115 95 35 112 3
96 17 158 131 1 142 22
17 88 124 97 68 122 20
98 46 116 159 37 124 12
155 33 17 99 29 6 11
85 134 89 100 154 107 26
101 8 125 131 1 142 18
102 144 39 23 144 43 4
69 151 31 103 159 26 9
104 90 151 19 92 153 2
140 27 129 105 32 132 5
106 134 66 136 135 59 7
100 154 107 107 154 107 0
108 9 54 44 15 52 6
109 80 3 16 65 24 25
140 27 129 110 28 131 2
111 135 60 136 135 59 1
112 154 67 23 144 43 26
113 82 151 0 98 58 94
114 105 0 109 80 3 25
56 157 3 115 154 9 6
12 120 56 116 123 70 14
152 13 5 117 10 5 3
73 141 72 118 144 77 5
39 94 46 119 96 26 20
120 30 45 34 38 49 8
82 39 136 121 40 134 2
138 143 89 122 148 82 8
73 141 72 123 140 73 1
124 70 38 16 65 24 14
125 12 75 38 20 67 11
126 138 114 51 141 125 11
127 37 115 88 34 117 3
128 154 98 100 154 107 9
17 88 124 129 87 133 9
157 73 133 130 76 133 3
131 1 142 159 37 124 40
132 27 114 88 34 117 7
52 76 73 133 73 66 7
83 54 112 134 61 105 9
135 130 54 136 135 59 7
136 135 59 12 120 56 15
108 9 54 137 4 57 5
85 134 89 138 143 89 9
52 76 73 139 62 78 14
159 37 124 140 27 129 11
93 74 147 141 57 158 20
139 62 78 142 61 93 15
12 120 56 143 113 41 16
144 157 159 51 141 125 37
113 82 151 145 103 143 22
146 87 53 39 94 46 9
19 92 153 147 103 158 12
2 32 87 148 35 94 7
149 63 19 16 65 24 5
74 139 17 150 140 17 1
7 49 79 151 54 80 5
152 13 5 43 8 16 12
153 97 79 0 98 58 21
154 138 23 74 139 17 6
75 42 12 155 33 17 10
37 31 106 156 8 97 24
97 68 122 157 73 133 12
158 0 153 131 1 142 11
159 37 124 113 82 151 52
