96 39 40 1 47 34 10
0 39 12 2 82 33 47
3 51 42 1 47 34 8
4 26 27 123 28 22 5
1 47 34 5 51 33 4
18 103 106 6 103 119 13
7 4 122 0 39 12 115
80 70 30 8 70 28 2
111 97 84 9 93 88 5
10 63 6 70 62 13 7
11 51 56 96 39 40 20
40 37 88 12 43 89 6
116 15 108 13 6 108 9
14 56 83 25 54 79 4
112 117 95 15 115 90 5
16 100 15 118 99 14 1
74 0 38 17 5 52 14
111 97 84 18 103 106 22
19 90 77 49 89 74 3
118 99 14 20 100 12 2
57 121 18 21 116 12 7
22 12 82 119 25 83 13
23 33 36 96 39 40 7
104 115 74 24 114 66 8
79 56 67 25 54 79 12
26 28 49 96 39 40 14
27 25 105 109 23 104 2
26 28 49 28 28 49 0
29 12 103 41 13 103 1
55 72 11 30 78 16 7
31 66 26 8 70 28 4
32 89 37 2 82 33 8
44 40 112 33 36 109 5
39 108 90 34 106 95 5
35 74 5 55 72 11 6
86 40 117 36 41 115 2
37 92 52 87 99 47 8
59 10 7 38 1 23 18
111 97 84 39 108 90 12
119 25 83 40 37 88 13
116 15 108 41 13 103 5
42 84 6 69 89 0 7
120 17 12 43 21 15 5
36 41 115 44 40 112 3
45 33 76 121 26 80 8
0 39 12 46 42 0 12
86 40 117 47 33 123 9
115 18 0 48 25 4 8
49 89 74 111 97 84 12
53 83 116 50 87 112 5
51 104 66 24 114 66 10
116 15 108 52 19 105 5
53 83 116 18 103 106 22
54 13 28 38 1 23 13
70 62 13 55 72 11 10
2 82 33 56 86 26 8
57 121 18 2 82 33 41
57 121 18 58 117 20 4
59 10 7 0 39 12 29
60 123 114 18 103 106 21
17 5 52 61 11 49 6
95 119 40 62 122 41 3
45 33 76 63 32 68 8
64 49 89 12 43 89 6
65 47 41 3 51 42 4
66 56 99 40 37 88 21
67 42 0 46 42 0 0
68 30 119 47 33 123 5
35 74 5 69 89 0 15
0 39 12 70 62 13 23
71 72 22 8 70 28 6
72 4 12 59 10 7 7
60 123 114 73 123 110 4
38 1 23 74 0 38 15
75 108 78 104 115 74 8
76 7 99 116 15 108 12
37 92 52 77 91 60 8
78 71 29 80 70 30 1
11 51 56 79 56 67 12
80 70 30 2 82 33 12
96 39 40 81 38 46 6
82 74 104 98 69 106 5
93 2 78 83 6 67 11
84 61 77 97 66 75 5
85 120 24 58 117 20 5
86 40 117 116 15 108 26
87 99 47 2 82 33 22
38 1 23 88 0 19 4
55 72 11 89 75 13 3
80 70 30 90 63 37 9
86 40 117 91 47 118 7
92 51 1 46 42 0 9
22 12 82 93 2 78 10
94 100 18 118 99 14 4
108 112 53 95 119 40 14
96 39 40 0 39 12 28
97 66 75 79 56 67 12
66 56 99 98 69 106 14
2 82 33 99 77 31 5
100 95 75 19 90 77 5
101 28 14 0 39 12 11
40 37 88 102 30 95 9
58 117 20 103 114 19 3
111 97 84 104 115 74 20
105 52 85 14 56 83 4
106 58 89 66 56 99 10
107 9 105 13 6 108 4
87 99 47 108 112 53 14
52 19 105 109 23 104 4
82 74 104 110 76 103 2
111 97 84 2 82 33 53
39 108 90 112 117 95 10
113 104 4 20 100 12 8
91 47 118 114 48 115 3
59 10 7 115 18 0 10
116 15 108 7 4 122 17
95 119 40 117 114 43 5
118 99 14 56 86 26 17
119 25 83 7 4 122 44
59 10 7 120 17 12 8
121 26 80 119 25 83 3
122 121 61 24 114 66 8
123 28 22 101 28 14 8
