1 1 19 5 3 20 2
17 35 31 2 31 30 4
37 10 30 3 8 35 5
3 8 35 4 5 32 4
21 7 24 5 3 20 5
6 34 8 11 33 8 1
14 22 13 7 25 22 9
14 22 13 8 24 16 3
9 18 6 26 16 5 2
4 5 32 10 1 35 5
32 36 12 11 33 8 5
12 30 32 2 31 30 2
13 15 25 37 10 30 7
14 22 13 0 20 11 2
14 22 13 15 29 16 7
0 20 11 16 8 11 12
17 35 31 32 36 12 19
15 29 16 18 29 18 2
37 10 30 19 17 32 7
20 36 23 17 35 31 8
21 7 24 37 10 30 6
22 31 5 11 33 8 3
23 15 5 26 16 5 1
36 24 33 24 25 35 2
29 26 2 25 28 4 2
0 20 11 26 16 5 7
27 23 26 7 25 22 4
28 29 24 7 25 22 4
0 20 11 29 26 2 10
0 20 11 30 14 12 6
16 8 11 31 5 13 3
0 20 11 32 36 12 16
33 31 29 2 31 30 1
34 6 33 4 5 32 1
8 24 16 35 26 14 2
19 17 32 36 24 33 7
37 10 30 0 20 11 21
