41 25 14 1 4 9 21
2 36 54 19 40 41 13
3 6 100 97 0 113 14
4 7 19 1 4 9 10
104 43 91 5 44 81 10
81 97 122 6 113 118 16
93 20 87 7 24 87 4
8 48 27 88 55 17 12
14 57 115 9 58 105 10
10 88 63 114 84 64 4
11 18 43 100 30 50 13
12 30 73 2 36 54 19
13 102 62 35 114 64 12
14 57 115 85 36 127 24
45 91 88 15 83 88 8
3 6 100 16 5 104 4
17 123 105 46 122 105 1
18 118 122 6 113 118 6
0 123 67 19 40 41 86
26 82 64 20 82 65 1
21 63 90 104 43 91 20
116 95 63 22 91 68 6
23 118 92 0 123 67 25
19 40 41 24 31 31 13
75 98 42 25 93 47 7
126 83 62 26 82 64 2
27 57 84 21 63 90 8
73 16 61 28 15 63 2
74 65 68 29 70 64 6
30 75 22 40 67 17 9
31 90 120 81 97 122 7
97 0 113 32 9 115 9
69 0 61 33 2 45 16
24 31 31 34 24 31 7
0 123 67 35 114 64 9
36 44 60 2 36 54 10
70 120 87 37 122 88 2
69 0 61 38 7 55 9
39 77 80 45 91 88 16
40 67 17 124 61 25 10
19 40 41 41 25 14 30
84 26 98 42 24 101 3
43 85 116 50 84 113 3
9 58 105 44 59 106 1
45 91 88 117 103 90 12
23 118 92 46 122 105 13
114 84 64 47 85 68 4
54 99 40 48 87 41 12
49 45 2 76 45 12 10
50 84 113 81 97 122 15
89 91 77 51 86 78 5
52 6 100 3 6 100 0
53 53 96 60 47 88 10
35 114 64 54 99 40 28
18 118 122 55 112 125 6
120 124 6 56 124 0 6
81 97 122 57 29 124 68
58 39 86 104 43 91 6
74 65 68 59 66 64 4
104 43 91 60 47 88 5
61 15 69 66 11 67 4
46 122 105 62 127 108 5
35 114 64 63 116 52 12
1 4 9 64 12 1 11
65 96 111 81 97 122 11
66 11 67 69 0 61 12
0 123 67 67 122 69 2
68 45 5 49 45 2 3
2 36 54 69 0 61 36
23 118 92 70 120 87 5
2 36 54 71 54 62 19
72 97 99 78 94 104 5
66 11 67 73 16 61 7
74 65 68 71 54 62 12
54 99 40 75 98 42 2
76 45 12 124 61 25 20
77 29 108 109 31 116 8
65 96 111 78 94 104 7
79 125 84 23 118 92 10
57 29 124 80 19 121 10
0 123 67 81 97 122 60
82 111 94 23 118 92 7
83 37 44 118 38 44 1
104 43 91 84 26 98 18
57 29 124 85 36 127 7
86 119 9 120 124 6 5
87 41 48 118 38 44 5
124 61 25 88 55 17 10
89 91 77 22 91 68 9
46 122 105 90 118 110 6
19 40 41 91 36 38 5
41 25 14 92 22 21 7
93 20 87 96 19 84 3
115 109 0 94 106 2 3
38 7 55 95 11 48 8
96 19 84 12 30 73 15
57 29 124 97 0 113 31
117 103 90 98 108 86 6
110 68 33 99 71 32 3
2 36 54 100 30 50 7
101 123 6 120 124 6 1
102 27 87 7 24 87 3
40 67 17 103 62 13 6
104 43 91 57 29 124 35
103 62 13 105 57 9 6
106 89 19 40 67 17 22
107 15 54 73 16 61 7
108 7 114 32 9 115 2
109 31 116 57 29 124 8
124 61 25 110 68 33 10
63 116 52 111 115 40 12
112 116 11 86 119 9 3
6 113 118 113 109 116 4
114 84 64 126 83 62 2
123 121 1 115 109 0 12
13 102 62 116 95 63 7
23 118 92 117 103 90 15
19 40 41 118 38 44 3
119 34 79 12 30 73 7
54 99 40 120 124 6 42
74 65 68 121 71 73 7
122 29 25 24 31 31 6
56 124 0 123 121 1 3
124 61 25 19 40 41 26
125 89 27 106 89 19 8
13 102 62 126 83 62 19
127 67 44 110 68 33 11
128 37 9 76 45 12 8
