63 15 52 1 5 47 11
48 73 71 2 70 54 17
19 57 40 3 58 40 1
4 17 22 30 15 30 8
5 68 31 62 65 25 6
6 62 63 41 65 63 3
30 15 30 7 22 35 8
73 23 0 8 15 3 8
22 52 45 9 52 50 5
76 67 73 10 57 78 11
11 72 1 27 73 8 7
66 44 35 12 42 38 3
13 44 76 43 43 74 2
14 9 41 38 12 35 6
63 15 52 15 14 55 3
16 67 49 2 70 54 5
17 63 42 22 52 45 11
60 39 6 18 41 8 2
17 63 42 19 57 40 6
20 55 66 74 46 66 9
21 59 48 22 52 45 7
22 52 45 50 38 52 15
59 47 3 23 51 7 5
63 15 52 24 22 45 9
34 72 67 25 77 62 7
75 25 10 26 4 12 21
39 69 15 27 73 8 8
51 66 16 28 53 18 13
52 34 55 29 26 54 8
30 15 30 55 26 22 13
28 53 18 31 56 22 5
4 17 22 32 20 26 5
67 7 42 33 9 44 2
34 72 67 48 73 71 4
35 31 65 44 38 69 8
36 43 27 0 35 17 12
37 42 58 50 38 52 7
30 15 30 38 12 35 5
39 69 15 51 66 16 3
40 46 28 36 43 27 3
34 72 67 41 65 63 8
51 66 16 42 62 9 8
43 43 74 44 38 69 7
44 38 69 0 35 17 52
45 58 44 21 59 48 4
46 74 27 5 68 31 7
15 14 55 47 2 63 14
44 38 69 48 73 71 35
49 35 44 50 38 52 8
50 38 52 44 38 69 17
51 66 16 0 35 17 31
52 34 55 50 38 52 5
53 23 70 44 38 69 15
78 73 61 54 72 61 1
55 26 22 0 35 17 10
50 38 52 56 40 52 2
57 65 51 16 67 49 2
58 69 65 34 72 67 3
0 35 17 59 47 3 18
60 39 6 59 47 3 8
61 30 66 35 31 65 1
51 66 16 62 65 25 9
63 15 52 53 23 70 19
64 42 59 37 42 58 1
4 17 22 65 12 20 5
68 43 30 66 44 35 5
67 7 42 14 9 41 2
36 43 27 68 43 30 3
69 25 74 53 23 70 4
24 22 45 70 23 43 2
51 66 16 71 75 17 9
72 39 3 60 39 6 3
75 25 10 73 23 0 10
74 46 66 44 38 69 8
75 25 10 0 35 17 12
76 67 73 48 73 71 6
77 60 40 17 63 42 3
78 73 61 25 77 62 4
