1 39 33 69 34 25 9
2 6 87 49 8 93 6
3 88 79 46 88 83 4
4 74 42 82 79 43 5
5 6 44 95 2 47 5
73 95 75 6 75 71 20
7 31 16 97 32 22 6
62 56 44 8 59 41 4
9 15 11 85 15 10 1
10 89 91 17 91 93 2
11 85 69 89 87 67 2
12 80 54 19 86 52 6
13 31 88 55 16 78 18
14 77 95 44 72 96 5
67 54 42 15 53 41 1
93 67 93 16 63 89 5
17 91 93 73 95 75 18
18 91 46 36 92 53 7
36 92 53 19 86 52 6
31 15 34 20 17 48 14
21 81 89 80 83 90 2
22 2 53 95 2 47 6
23 59 46 62 56 44 3
24 57 97 44 72 96 15
25 3 74 55 16 78 13
26 23 31 31 15 34 8
27 87 40 18 91 46 7
75 26 85 28 31 82 5
13 31 88 29 39 91 8
30 78 7 0 58 13 20
69 34 25 31 15 34 21
91 15 84 32 14 87 3
72 78 23 33 77 20 3
45 2 6 34 2 20 14
35 52 85 66 43 81 9
36 92 53 73 95 75 22
37 5 93 49 8 93 3
62 56 44 38 58 44 2
39 8 57 94 11 54 4
44 72 96 40 70 96 2
41 29 58 59 39 59 10
42 54 9 0 58 13 5
43 93 79 73 95 75 4
17 91 93 44 72 96 19
45 2 6 85 15 10 13
73 95 75 46 88 83 10
4 74 42 47 69 37 7
68 60 72 48 66 68 7
55 16 78 49 8 93 17
95 2 47 50 4 39 8
51 0 60 22 2 53 7
52 59 19 0 58 13 6
30 78 7 53 72 6 6
78 87 29 54 81 22 9
55 16 78 67 54 42 52
25 3 74 56 9 64 11
42 54 9 57 46 4 9
26 23 31 58 25 26 5
67 54 42 59 39 59 22
60 9 51 95 2 47 8
61 2 92 37 5 93 3
67 54 42 62 56 44 2
63 93 13 54 81 22 15
88 55 68 64 52 69 3
57 46 4 65 30 0 16
66 43 81 13 31 88 13
0 58 13 67 54 42 29
68 60 72 6 75 71 15
0 58 13 69 34 25 26
70 52 16 0 58 13 6
0 58 13 71 68 16 10
54 81 22 72 78 23 3
0 58 13 73 95 75 72
29 39 91 74 34 96 7
13 31 88 75 26 85 5
76 63 1 0 58 13 13
77 6 64 56 9 64 3
0 58 13 78 87 29 33
79 47 88 35 52 85 5
17 91 93 80 83 90 8
81 55 55 23 59 46 9
78 87 29 82 79 43 16
83 23 94 75 26 85 9
84 96 90 17 91 93 5
69 34 25 85 15 10 24
20 17 48 86 26 47 9
87 58 94 24 57 97 3
88 55 68 68 60 72 6
89 87 67 73 95 75 11
59 39 59 90 33 70 12
55 16 78 91 15 84 6
92 77 41 82 79 43 2
40 70 96 93 67 93 4
94 11 54 60 9 51 3
95 2 47 31 15 34 18
96 22 49 86 26 47 4
97 32 22 69 34 25 3
