1 62 6 15 77 0 16
2 17 37 76 22 34 5
30 3 35 3 4 39 4
31 37 81 4 30 84 7
74 68 35 5 72 36 4
68 47 64 6 50 65 3
7 2 5 0 94 26 94
8 50 9 20 42 9 8
24 63 28 9 70 25 7
22 51 87 10 56 79 9
11 84 29 0 94 26 10
82 82 63 12 82 66 3
13 88 90 95 84 94 5
50 18 19 14 0 24 18
41 79 6 15 77 0 6
16 22 39 37 24 40 2
57 66 82 17 66 85 3
4 30 84 18 16 80 14
20 42 9 19 46 13 5
47 41 19 20 42 9 10
31 37 81 21 39 69 12
57 66 82 22 51 87 15
23 44 46 62 43 49 3
24 63 28 94 54 33 10
25 92 78 56 92 79 1
31 37 81 26 39 83 2
27 79 92 57 66 82 16
43 33 32 28 31 29 3
29 78 55 55 73 56 5
14 0 24 30 3 35 11
57 66 82 31 37 81 29
67 25 50 32 28 54 5
20 42 9 33 42 1 8
34 84 59 82 82 63 4
35 52 55 62 43 49 10
56 92 79 36 82 81 10
37 24 40 76 22 34 6
38 0 69 40 2 68 2
53 15 31 39 20 27 6
40 2 68 18 16 80 18
0 94 26 41 79 6 25
42 63 36 24 63 28 8
83 39 37 43 33 32 7
88 46 79 44 50 72 8
45 26 21 87 19 18 7
46 66 70 57 66 82 12
47 41 19 94 54 33 19
48 35 51 62 43 49 8
27 79 92 49 81 91 2
50 18 19 7 2 5 21
51 9 36 3 4 39 5
73 26 69 52 19 69 7
53 15 31 76 22 34 7
54 23 55 67 25 50 5
90 73 60 55 73 56 4
56 92 79 57 66 82 26
0 94 26 57 66 82 62
45 26 21 58 28 15 6
59 78 47 90 73 60 13
69 18 55 60 18 59 4
61 43 30 83 39 37 8
62 43 49 83 39 37 12
82 82 63 63 89 63 7
86 87 4 64 90 1 4
65 52 35 94 54 33 2
7 2 5 66 10 3 8
76 22 34 67 25 50 16
21 39 69 68 47 64 9
67 25 50 69 18 55 8
70 18 19 50 18 19 0
71 21 52 54 23 55 3
90 73 60 72 77 64 5
21 39 69 73 26 69 13
42 63 36 74 68 35 5
58 28 15 75 28 15 0
50 18 19 76 22 34 15
77 9 56 79 3 59 6
78 47 2 33 42 1 5
79 3 59 40 2 68 9
91 93 29 80 92 35 6
81 66 79 57 66 82 3
90 73 60 82 82 63 9
94 54 33 83 39 37 15
84 67 54 90 73 60 8
85 81 84 36 82 81 3
86 87 4 41 79 6 8
50 18 19 87 19 18 1
88 46 79 26 39 83 8
89 38 12 20 42 9 5
90 73 60 57 66 82 23
0 94 26 91 93 29 3
66 10 3 92 16 4 6
93 45 9 20 42 9 3
0 94 26 94 54 33 40
49 81 91 95 84 94 4
