1 9 138 131 20 146 13
93 26 23 2 27 30 7
85 83 105 3 83 92 13
4 6 87 89 0 87 6
96 140 43 5 138 41 2
36 44 77 6 50 84 9
70 59 101 7 50 103 9
130 104 22 8 127 15 24
9 10 39 103 7 42 4
0 43 63 10 56 70 14
96 140 43 11 149 58 17
138 94 96 12 104 90 11
109 77 15 13 82 15 5
25 41 100 14 31 103 10
15 103 45 22 104 47 2
16 38 33 69 40 26 7
0 43 63 17 4 61 39
75 127 91 18 133 90 6
19 79 69 39 78 69 1
66 52 141 20 40 138 12
1 9 138 21 5 149 11
22 104 47 35 84 34 23
61 76 146 23 70 142 7
106 109 66 24 115 67 6
128 39 84 25 41 100 16
65 86 30 26 91 33 5
115 73 15 27 72 7 8
28 121 114 37 123 127 13
22 104 47 29 121 76 33
30 16 39 98 25 37 9
31 128 140 113 123 135 7
32 94 18 130 104 22 10
77 28 60 33 24 71 11
34 0 3 116 19 25 29
35 84 34 0 43 63 50
36 44 77 128 39 84 8
37 123 127 122 130 128 7
38 140 29 5 138 41 12
39 78 69 0 43 63 35
116 19 25 40 17 23 2
41 32 114 117 18 123 16
137 45 49 42 49 52 5
107 131 18 43 131 26 8
44 120 44 22 104 47 16
45 89 65 97 84 70 7
121 147 71 46 147 79 8
77 28 60 47 29 50 10
41 32 114 48 37 121 8
49 106 153 153 107 144 9
14 31 103 50 27 100 5
121 147 71 51 152 88 17
15 103 45 52 103 44 1
53 86 3 59 92 1 6
68 66 43 54 74 45 8
32 94 18 55 88 16 6
105 68 26 56 61 26 7
57 55 89 127 59 84 6
58 74 24 35 84 34 14
59 92 1 35 84 34 33
128 39 84 60 16 88 23
126 82 132 61 76 146 15
90 36 4 62 35 7 3
66 52 141 63 54 149 8
64 149 15 8 127 15 22
65 86 30 35 84 34 4
66 52 141 142 60 121 21
67 65 18 111 59 14 7
68 66 43 35 84 34 20
69 40 26 81 47 35 11
140 75 109 70 59 101 17
113 123 135 71 121 142 7
72 18 96 60 16 88 8
26 91 33 73 96 30 5
34 0 3 74 5 5 5
75 127 91 29 121 76 16
37 123 127 76 119 130 5
0 43 63 77 28 60 15
78 118 47 44 120 44 3
18 133 90 79 134 86 4
80 47 62 0 43 63 4
81 47 35 137 45 49 14
82 100 55 102 98 49 6
83 77 80 39 78 69 11
122 130 128 84 135 122 7
140 75 109 85 83 105 8
86 27 86 134 32 92 7
147 40 8 87 41 6 2
88 143 59 114 139 56 5
60 16 88 89 0 87 16
90 36 4 93 26 23 21
127 59 84 91 59 85 1
92 102 32 130 104 22 10
0 43 63 93 26 23 43
94 41 63 0 43 63 2
99 67 54 95 61 53 6
22 104 47 96 140 43 36
97 84 70 39 78 69 6
2 27 30 98 25 37 7
99 67 54 125 75 56 8
101 110 20 100 114 14 7
101 110 20 130 104 22 6
22 104 47 102 98 49 6
103 7 42 104 6 60 18
104 6 60 17 4 61 2
58 74 24 105 68 26 6
29 121 76 106 109 66 15
107 131 18 8 127 15 5
122 130 128 108 141 128 11
109 77 15 58 74 24 9
110 124 8 8 127 15 7
111 59 14 35 84 34 32
33 24 71 112 33 72 9
122 130 128 113 123 135 9
114 139 56 11 149 58 10
109 77 15 115 73 15 4
93 26 23 116 19 25 7
0 43 63 117 18 123 65
118 82 83 83 77 80 5
111 59 14 119 55 17 5
3 83 92 120 88 94 5
11 149 58 121 147 71 13
133 105 142 122 130 128 28
119 55 17 123 50 21 6
124 47 137 66 52 141 6
39 78 69 125 75 56 13
126 82 132 140 75 109 24
127 59 84 10 56 70 14
0 43 63 128 39 84 21
129 87 41 35 84 34 7
35 84 34 130 104 22 23
131 20 146 117 18 123 23
132 67 96 70 59 101 9
140 75 109 133 105 142 44
134 32 92 128 39 84 10
48 37 121 135 38 119 2
122 130 128 136 135 138 11
0 43 63 137 45 49 14
3 83 92 138 94 96 11
139 104 106 85 83 105 21
140 75 109 0 43 63 56
108 141 128 141 146 129 5
142 60 121 140 75 109 19
143 5 69 17 4 61 8
144 107 66 106 109 66 2
145 63 63 10 56 70 9
129 87 41 146 85 43 2
90 36 4 147 40 8 5
125 75 56 148 85 54 10
149 29 148 131 20 146 9
150 71 131 126 82 132 11
39 78 69 151 76 66 3
117 18 123 152 4 116 15
153 107 144 133 105 142 2
