13 11 32 1 15 34 4
2 2 33 59 4 38 5
3 62 50 22 65 58 8
4 0 52 30 2 52 2
5 26 37 0 8 45 19
6 17 53 61 11 56 6
7 19 11 0 8 45 35
8 47 39 66 43 45 7
0 8 45 9 8 48 3
10 39 1 48 41 5 4
11 0 30 69 2 27 3
12 45 63 5 26 37 32
0 8 45 13 11 32 13
61 11 56 14 12 60 4
5 26 37 15 30 30 8
24 35 13 16 33 12 2
17 26 10 7 19 11 7
18 54 69 12 45 63 10
19 26 29 15 30 30 4
20 43 21 36 57 14 15
41 4 14 21 4 20 6
12 45 63 22 65 58 20
23 50 29 20 43 21 10
24 35 13 27 30 10 5
25 15 36 1 15 34 2
26 58 0 39 52 1 6
27 30 10 17 26 10 4
28 21 21 7 19 11 10
33 52 19 29 60 24 9
9 8 48 30 2 52 7
17 26 10 31 26 3 7
32 14 29 13 11 32 4
33 52 19 36 57 14 7
34 16 46 0 8 45 8
15 30 30 35 36 30 6
36 57 14 7 19 11 38
47 58 58 37 55 53 5
55 40 61 38 38 63 2
39 52 1 36 57 14 13
40 63 3 52 64 8 5
41 4 14 7 19 11 15
5 26 37 42 27 41 4
49 12 67 43 28 69 16
44 65 9 36 57 14 9
47 58 58 45 57 62 4
41 4 14 46 9 11 5
22 65 58 47 58 58 7
48 41 5 39 52 1 11
9 8 48 49 12 67 19
33 52 19 50 49 22 4
5 26 37 51 23 36 3
44 65 9 52 64 8 1
28 21 21 53 17 24 5
36 57 14 54 60 15 3
12 45 63 55 40 61 5
55 40 61 56 37 54 7
57 64 4 40 63 3 1
31 26 3 58 34 0 8
59 4 38 0 8 45 8
46 9 11 60 2 4 9
9 8 48 61 11 56 8
12 45 63 62 44 65 2
63 7 45 0 8 45 1
64 5 6 60 2 4 3
65 35 0 58 34 0 1
66 43 45 5 26 37 18
67 33 62 55 40 61 7
68 9 47 9 8 48 1
69 2 27 13 11 32 10
