16 84 26 1 77 25 7
2 32 21 90 22 20 10
3 27 90 75 32 92 5
27 69 29 4 73 18 11
5 64 28 27 69 29 5
6 49 21 31 38 10 15
7 4 66 32 18 69 14
8 98 67 68 97 70 3
28 31 34 9 29 29 5
41 43 7 10 49 8 6
11 35 69 13 20 67 15
12 76 69 70 75 67 2
13 20 67 46 28 37 31
14 14 43 46 28 37 15
15 42 61 29 39 67 6
16 84 26 62 96 25 12
0 81 56 17 83 56 2
23 87 62 18 88 72 10
19 24 42 46 28 37 6
36 78 68 20 82 69 4
21 12 86 39 11 87 1
42 1 29 22 2 22 7
23 87 62 0 81 56 8
24 59 24 78 56 27 4
91 57 57 25 51 49 10
26 64 73 0 81 56 24
27 69 29 97 66 45 16
46 28 37 28 31 34 4
29 39 67 11 35 69 4
88 72 12 30 71 11 1
31 38 10 90 22 20 18
32 18 69 13 20 67 2
95 45 98 33 49 97 4
34 65 42 97 66 45 3
35 70 15 88 72 12 3
36 78 68 70 75 67 3
37 22 87 52 19 85 3
38 26 78 13 20 67 12
84 31 96 39 11 87 21
40 41 1 31 38 10 9
31 38 10 41 43 7 5
90 22 20 42 1 29 22
17 83 56 43 84 53 3
69 59 97 44 55 90 8
45 57 37 59 56 39 2
90 22 20 46 28 37 18
47 37 12 31 38 10 2
48 49 44 25 51 49 5
49 20 86 52 19 85 1
18 88 72 50 83 73 5
85 31 3 51 33 0 3
52 19 85 39 11 87 8
53 62 72 26 64 73 2
80 80 4 54 92 4 12
55 91 84 74 84 82 7
56 96 46 0 81 56 18
57 19 68 13 20 67 1
4 73 18 58 75 19 2
97 66 45 59 56 39 11
60 37 27 2 32 21 7
18 88 72 61 88 76 4
62 96 25 0 81 56 34
5 64 28 63 62 18 10
97 66 45 64 72 51 8
65 23 88 37 22 87 1
64 72 51 66 75 45 6
54 92 4 67 91 2 2
68 97 70 18 88 72 9
69 59 97 26 64 73 24
0 81 56 70 75 67 12
90 22 20 71 10 19 12
74 84 82 72 80 85 5
46 28 37 73 40 48 16
61 88 76 74 84 82 7
84 31 96 75 32 92 4
87 55 71 76 51 77 7
58 75 19 77 77 19 2
5 64 28 78 56 27 8
86 86 92 79 84 92 2
80 80 4 62 96 25 26
81 34 36 28 31 34 3
54 92 4 82 98 6 6
80 80 4 83 78 2 2
84 31 96 26 64 73 40
85 31 3 31 38 10 9
18 88 72 86 86 92 20
53 62 72 87 55 71 7
4 73 18 88 72 12 6
32 18 69 89 14 71 4
0 81 56 90 22 20 69
97 66 45 91 57 57 15
92 22 73 32 18 69 5
63 62 18 93 61 13 5
73 40 48 94 39 42 6
84 31 96 95 45 98 14
40 41 1 96 45 0 4
0 81 56 97 66 45 18
90 22 20 98 18 9 11
