1 8 17 0 6 76 59
2 66 17 19 72 3 15
0 6 76 3 10 57 19
4 33 79 79 36 85 6
26 58 47 5 57 44 3
2 66 17 6 68 19 2
7 80 81 21 80 56 25
8 17 87 11 19 82 5
3 10 57 9 16 67 11
10 37 68 16 42 73 7
60 23 84 11 19 82 4
12 55 23 34 54 20 3
13 69 56 21 80 56 11
14 56 50 26 58 47 3
69 68 71 15 59 85 16
16 42 73 79 36 85 13
17 4 40 74 3 35 5
18 39 19 1 8 17 31
19 72 3 21 80 56 53
20 4 12 1 8 17 6
21 80 56 0 6 76 76
22 36 74 4 33 79 5
64 22 30 23 29 29 7
1 8 17 24 8 5 12
2 66 17 25 61 30 13
89 65 53 26 58 47 9
3 10 57 27 5 54 5
28 79 13 31 86 20 9
29 65 27 25 61 30 5
30 80 69 75 79 68 1
31 86 20 35 87 2 18
90 78 36 32 76 37 2
24 8 5 33 2 3 6
34 54 20 47 46 19 8
19 72 3 35 87 2 15
35 87 2 36 85 3 2
37 70 45 65 81 46 11
38 12 78 0 6 76 6
39 25 84 79 36 85 11
69 68 71 40 58 73 10
41 84 42 65 81 46 5
75 79 68 42 76 68 3
43 11 46 71 10 50 4
47 46 19 44 46 15 4
77 0 84 45 6 87 6
46 46 61 16 42 73 12
47 46 19 18 39 19 7
48 36 9 54 41 9 5
49 49 33 53 40 32 9
18 39 19 50 29 21 10
51 12 53 71 10 50 3
52 57 1 19 72 3 15
53 40 32 18 39 19 13
87 43 8 54 41 9 2
55 73 32 86 74 30 2
56 29 55 3 10 57 19
57 37 43 83 34 37 6
90 78 36 58 84 30 8
13 69 56 59 72 51 5
60 23 84 39 25 84 2
61 43 21 47 46 19 3
15 59 85 62 57 87 2
63 51 62 46 46 61 5
1 8 17 64 22 30 19
21 80 56 65 81 46 10
66 27 54 56 29 55 2
33 2 3 67 1 3 1
68 88 51 65 81 46 8
75 79 68 69 68 71 11
70 26 29 23 29 29 3
71 10 50 3 10 57 7
85 26 36 72 24 39 3
89 65 53 73 60 56 5
1 8 17 74 3 35 18
75 79 68 21 80 56 12
19 72 3 76 73 3 1
77 0 84 0 6 76 10
52 57 1 78 57 11 10
0 6 76 79 36 85 31
85 26 36 80 27 38 2
21 80 56 81 77 59 4
82 42 15 18 39 19 5
83 34 37 53 40 32 7
21 80 56 84 80 52 4
85 26 36 64 22 30 7
90 78 36 86 74 30 7
18 39 19 87 43 8 11
88 80 74 30 80 69 5
89 65 53 13 69 56 5
41 84 42 90 78 36 8
