78 24 47 1 31 49 7
66 41 20 2 43 18 2
3 21 16 60 20 13 3
4 23 9 0 12 2 13
12 63 38 5 72 20 20
35 32 76 6 28 78 4
32 48 56 7 51 48 8
29 86 70 8 85 50 20
9 73 80 81 68 76 6
79 11 17 10 15 15 4
11 66 51 12 63 38 13
12 63 38 23 25 26 39
24 13 82 13 44 76 31
43 43 51 14 38 54 5
15 34 26 70 30 20 7
66 41 20 16 42 28 8
66 41 20 17 52 23 11
25 37 38 18 40 41 4
24 13 82 19 21 86 8
66 41 20 20 36 19 5
65 46 69 21 44 67 2
22 10 20 79 11 17 3
0 12 2 23 25 26 27
24 13 82 0 12 2 80
25 37 38 23 25 26 16
23 25 26 26 18 22 8
63 5 49 27 0 57 9
26 18 22 28 7 30 13
29 86 70 24 13 82 73
81 68 76 30 79 81 12
31 11 10 0 12 2 8
13 44 76 32 48 56 20
33 56 80 13 44 76 12
34 61 84 33 56 80 6
35 32 76 75 37 79 5
5 72 20 36 70 10 10
77 29 68 37 23 62 8
38 67 36 12 63 38 4
61 80 16 39 83 23 7
70 30 20 40 28 16 4
35 32 76 41 32 76 0
65 46 69 42 51 65 6
43 43 51 32 48 56 7
26 18 22 44 16 23 2
45 68 53 11 66 51 2
84 44 12 46 45 3 9
47 21 86 19 21 86 0
19 21 86 48 29 83 8
8 85 50 49 77 42 11
26 18 22 50 18 21 1
84 44 12 51 54 9 10
52 23 71 24 13 82 14
51 54 9 53 56 12 3
54 61 65 81 68 76 13
66 41 20 55 45 22 4
6 28 78 56 30 79 2
57 77 61 29 86 70 12
24 13 82 58 2 78 11
59 6 42 63 5 49 7
60 20 13 4 23 9 5
5 72 20 61 80 16 8
22 10 20 62 12 21 2
52 23 71 63 5 49 28
22 10 20 64 8 22 2
65 46 69 13 44 76 7
66 41 20 23 25 26 17
67 37 71 13 44 76 8
65 46 69 68 42 69 4
69 47 50 7 51 48 4
70 30 20 23 25 26 7
4 23 9 71 20 8 3
0 12 2 72 8 2 4
73 54 34 12 63 38 9
55 45 22 74 47 23 2
13 44 76 75 37 79 7
76 1 60 27 0 57 3
77 29 68 52 23 71 6
25 37 38 78 24 47 15
79 11 17 31 11 10 7
25 37 38 80 41 36 4
29 86 70 81 68 76 18
82 34 54 14 38 54 4
40 28 16 83 33 13 5
66 41 20 84 44 12 8
85 31 61 77 29 68 7
86 41 40 18 40 41 1
