1 21 18 13 32 33 18
2 39 16 0 44 17 5
3 0 22 4 7 22 7
60 14 20 4 7 22 7
5 20 13 1 21 18 5
35 19 34 6 1 33 18
7 64 42 37 61 37 5
9 27 23 8 27 19 4
9 27 23 21 30 24 3
45 49 42 10 44 45 5
11 2 32 6 1 33 1
32 38 2 12 33 7 7
0 44 17 13 32 33 20
14 4 10 1 21 18 18
15 55 50 58 52 51 3
16 15 45 19 23 47 8
17 15 35 35 19 34 4
63 59 13 18 61 15 2
56 22 39 19 23 47 8
20 63 68 30 58 57 12
13 32 33 21 30 24 9
22 54 0 40 55 6 6
58 52 51 23 50 49 2
32 38 2 24 25 4 13
0 44 17 25 41 21 5
31 8 48 26 9 50 2
27 4 27 4 7 22 5
18 61 15 28 66 17 5
53 63 6 29 67 9 5
15 55 50 30 58 57 7
31 8 48 16 15 45 7
32 38 2 0 44 17 16
33 30 52 54 33 47 5
34 5 67 61 2 65 3
56 22 39 35 19 34 5
36 31 21 21 30 24 3
37 61 37 45 49 42 13
41 51 55 38 49 60 5
39 21 13 5 20 13 1
66 61 4 40 55 6 6
58 52 51 41 51 55 4
62 18 68 42 18 59 9
43 55 45 48 54 44 1
44 55 12 63 59 13 4
58 52 51 45 49 42 9
2 39 16 46 40 17 1
47 1 12 14 4 10 3
45 49 42 48 54 44 5
49 36 22 25 41 21 5
32 38 2 50 41 0 3
48 54 44 51 52 43 2
25 41 21 52 48 28 9
53 63 6 0 44 17 21
54 33 47 59 37 56 9
58 52 51 55 34 68 24
56 22 39 13 32 33 11
9 27 23 57 29 21 2
0 44 17 58 52 51 34
55 34 68 59 37 56 12
60 14 20 1 21 18 7
62 18 68 61 2 65 16
55 34 68 62 18 68 16
53 63 6 63 59 13 8
64 49 67 38 49 60 7
7 64 42 65 65 39 3
53 63 6 66 61 4 2
14 4 10 67 12 8 8
68 26 44 19 23 47 4
