1 63 16 34 60 19 4
2 64 54 16 54 52 10
21 13 47 3 23 58 14
4 75 43 60 72 43 3
7 12 6 5 22 10 10
6 50 50 16 54 52 4
0 2 36 7 12 6 31
69 39 5 8 38 8 3
16 54 52 9 56 51 2
10 32 26 51 38 40 15
46 63 68 11 60 74 6
12 26 64 3 23 58 6
21 13 47 13 16 52 5
14 32 0 5 22 10 14
15 33 45 51 38 40 7
16 54 52 0 2 36 54
5 22 10 17 24 19 9
18 0 48 0 2 36 12
39 10 18 19 7 20 3
34 60 19 20 56 12 8
21 13 47 53 9 40 8
26 15 73 22 19 75 4
14 32 0 23 38 1 6
10 32 26 24 37 29 5
25 14 40 53 9 40 5
26 15 73 29 0 74 15
27 67 62 28 73 62 6
16 54 52 28 73 62 21
29 0 74 18 0 48 26
30 28 46 15 33 45 5
38 45 43 31 49 44 4
16 54 52 32 53 53 1
61 64 11 33 73 4 11
49 71 43 34 60 19 26
53 9 40 35 21 38 12
18 0 48 36 7 60 13
37 15 16 39 10 18 5
38 45 43 51 38 40 7
7 12 6 39 10 18 12
39 10 18 40 9 19 1
41 16 68 26 15 73 5
20 56 12 42 55 14 2
43 46 14 59 49 9 5
44 56 21 34 60 19 4
45 59 4 20 56 12 8
28 73 62 46 63 68 11
49 71 43 47 65 32 12
48 69 55 50 67 51 4
16 54 52 49 71 43 19
50 67 51 2 64 54 4
16 54 52 51 38 40 20
42 55 14 52 54 14 1
0 2 36 53 9 40 8
35 21 38 54 22 38 1
28 73 62 55 70 62 3
61 64 11 56 73 14 9
57 67 47 49 71 43 5
16 54 52 58 47 64 13
59 49 9 20 56 12 7
60 72 43 49 71 43 1
61 64 11 34 60 19 8
63 5 2 62 6 2 1
7 12 6 63 5 2 8
45 59 4 64 65 1 6
32 53 53 65 52 53 1
66 31 4 14 32 0 4
66 31 4 67 28 3 3
57 67 47 68 64 49 3
23 38 1 69 39 5 4
70 44 48 38 45 43 5
71 19 74 22 19 75 1
51 38 40 72 41 34 6
54 22 38 73 23 38 1
74 75 74 28 73 62 12
10 32 26 75 26 26 6
