83 16 61 1 20 62 4
2 12 5 139 20 13 11
3 138 38 42 140 32 6
4 129 74 148 123 70 7
5 105 55 44 103 51 4
35 21 135 6 4 147 20
60 92 13 7 94 11 2
8 137 137 87 143 129 10
69 105 109 9 116 118 14
10 142 78 15 145 67 11
11 71 35 74 60 42 13
38 58 122 12 53 124 5
13 110 70 96 113 63 7
139 20 13 14 38 15 18
15 145 67 116 130 65 15
16 131 37 102 128 32 5
10 142 78 17 140 77 2
128 132 92 18 130 106 14
19 112 64 96 113 63 1
20 70 67 90 82 60 13
106 90 99 21 92 94 5
22 133 18 50 131 15 3
90 82 60 23 96 51 16
133 127 137 24 111 135 16
130 103 6 25 103 6 0
26 128 134 133 127 137 3
27 68 54 64 57 56 11
59 33 61 28 32 56 5
29 85 101 106 90 99 5
30 54 138 72 57 137 3
139 20 13 31 12 29 17
56 124 14 32 121 7 7
47 59 120 33 57 112 8
34 45 68 64 57 56 16
35 21 135 46 29 133 8
34 45 68 36 39 60 10
37 104 41 75 100 43 4
0 96 99 38 58 122 44
39 19 17 139 20 13 4
40 73 144 48 59 140 14
41 105 85 119 117 90 13
102 128 32 42 140 32 12
43 117 19 56 124 14 8
23 96 51 44 103 51 7
45 42 143 46 29 133 16
38 58 122 46 29 133 31
38 58 122 47 59 120 2
48 59 140 38 58 122 18
83 16 61 49 5 48 17
50 131 15 98 134 14 3
51 8 70 85 2 66 7
52 141 46 145 131 45 10
143 73 12 53 74 9 3
54 71 60 27 68 54 6
69 105 109 55 109 103 7
0 96 99 56 124 14 89
81 87 113 57 81 128 16
121 115 7 58 113 12 5
59 33 61 36 39 60 6
130 103 6 60 92 13 13
67 96 129 61 99 137 8
62 95 60 23 96 51 9
122 140 4 63 140 2 2
0 96 99 64 57 56 58
65 74 49 27 68 54 7
18 130 106 66 133 111 5
57 81 128 67 96 129 15
68 26 69 1 20 62 9
0 96 99 69 105 109 13
97 18 118 70 15 115 4
71 58 135 72 57 137 2
72 57 137 48 59 140 3
15 145 67 73 143 67 2
74 60 42 115 54 48 8
23 96 51 75 100 43 8
76 26 54 83 16 61 12
77 92 51 23 96 51 4
76 26 54 78 30 50 5
133 127 137 79 127 141 4
122 140 4 80 136 0 5
81 87 113 0 96 99 16
82 52 31 118 50 32 2
83 16 61 34 45 68 29
84 49 49 64 57 56 10
83 16 61 85 2 66 14
91 115 33 86 105 36 10
87 143 129 0 96 99 55
88 59 124 38 58 122 2
89 85 54 90 82 60 6
64 57 56 90 82 60 25
91 115 33 102 128 32 13
92 21 78 123 26 85 8
93 83 87 0 96 99 17
94 72 133 57 81 128 10
87 143 129 95 145 102 27
116 130 65 96 113 63 17
132 8 126 97 18 118 12
98 134 14 56 124 14 10
123 26 85 99 9 84 17
100 104 0 130 103 6 6
101 101 107 69 105 109 4
102 128 32 56 124 14 18
103 120 41 91 115 33 9
28 32 56 104 30 58 2
105 52 70 34 45 68 7
106 90 99 0 96 99 6
107 54 86 120 45 85 9
93 83 87 108 90 77 12
132 8 126 109 3 113 13
110 62 4 131 52 10 11
95 145 102 111 145 113 11
108 90 77 112 95 76 5
113 136 144 8 137 137 7
114 66 119 47 59 120 7
84 49 49 115 54 48 5
116 130 65 119 117 90 28
68 26 69 117 28 71 2
64 57 56 118 50 32 25
119 117 90 0 96 99 22
105 52 70 120 45 85 16
32 121 7 121 115 7 6
122 140 4 98 134 14 11
123 26 85 34 45 68 25
139 20 13 124 26 25 13
143 73 12 125 77 18 7
95 145 102 126 148 99 4
127 53 61 64 57 56 6
128 132 92 119 117 90 15
119 117 90 129 120 90 3
130 103 6 32 121 7 18
131 52 10 14 38 15 14
132 8 126 46 29 133 22
133 127 137 87 143 129 17
0 96 99 134 97 103 4
135 125 124 9 116 118 10
136 52 110 33 57 112 5
137 128 148 133 127 137 11
18 130 106 138 128 108 2
139 20 13 64 57 56 56
140 43 55 36 39 60 6
141 51 102 47 59 120 19
142 29 25 124 26 25 3
143 73 12 60 92 13 19
71 58 135 144 62 132 5
102 128 32 145 131 45 13
146 131 85 128 132 92 7
145 131 45 147 120 51 12
116 130 65 148 123 70 8
