1 84 33 114 84 31 2
57 63 13 2 47 17 16
3 57 80 67 57 79 1
35 123 108 4 117 109 6
50 8 26 5 7 26 1
24 1 9 6 3 13 4
7 34 33 120 34 24 9
56 78 61 8 83 63 5
9 112 94 47 115 100 6
69 67 55 10 71 54 4
37 39 104 11 33 97 9
12 118 12 89 108 20 12
76 74 3 13 81 5 7
14 18 4 95 19 2 2
67 57 79 15 45 70 15
33 92 15 16 85 12 7
17 13 10 109 6 18 10
18 0 121 0 120 86 125
19 38 124 18 0 121 38
115 11 68 20 9 67 2
21 66 23 57 63 13 10
22 89 108 0 120 86 38
19 38 124 23 29 124 9
109 6 18 24 1 9 10
91 121 44 25 119 41 3
26 16 24 62 9 23 7
126 115 75 27 125 59 18
67 57 79 28 45 87 14
28 45 87 29 51 92 7
57 63 13 30 76 24 17
41 52 42 31 45 40 7
22 89 108 32 104 121 19
33 92 15 94 94 7 8
34 10 48 118 1 49 9
47 115 100 35 123 108 11
36 96 86 40 92 89 5
37 39 104 19 38 124 20
38 26 78 100 30 81 5
39 52 58 15 45 70 13
82 89 96 40 92 89 7
41 52 42 101 62 47 11
106 102 29 42 106 33 5
43 57 96 123 63 94 6
44 17 88 18 0 121 37
45 13 89 74 13 88 1
30 76 24 46 79 21 4
0 120 86 47 115 100 14
48 36 67 60 31 64 5
49 10 74 111 12 77 3
50 8 26 62 9 23 3
32 104 121 51 99 124 5
52 9 118 18 0 121 9
57 63 13 53 55 7 10
44 17 88 54 18 84 4
55 88 71 83 75 66 13
56 78 61 83 75 66 5
0 120 86 57 63 13 92
82 89 96 58 91 97 2
19 38 124 59 57 121 19
64 29 59 60 31 64 5
61 104 19 94 94 7 15
2 47 17 62 9 23 38
63 4 83 74 13 88 10
44 17 88 64 29 59 31
101 62 47 65 65 41 6
66 0 102 18 0 121 19
67 57 79 83 75 66 22
64 29 59 68 21 50 12
69 67 55 83 75 66 13
70 49 26 2 47 17 9
71 29 91 102 26 86 5
89 108 20 72 121 26 14
73 93 58 79 99 50 10
44 17 88 74 13 88 4
103 110 40 75 111 37 3
76 74 3 57 63 13 14
22 89 108 77 71 103 18
78 44 83 28 45 87 4
79 99 50 83 75 66 28
52 9 118 80 17 126 11
84 5 108 81 13 107 8
82 89 96 22 89 108 12
0 120 86 83 75 66 49
66 0 102 84 5 108 7
44 17 88 85 21 97 9
86 80 54 92 83 56 3
114 84 31 87 82 40 9
87 82 40 88 80 38 2
89 108 20 61 104 19 4
90 17 99 85 21 97 4
103 110 40 91 121 44 11
56 78 61 92 83 56 7
93 47 1 53 55 7 10
94 94 7 57 63 13 31
96 37 0 95 19 2 18
2 47 17 96 37 0 19
56 78 61 97 78 62 1
98 62 82 67 57 79 5
60 31 64 99 33 67 3
100 30 81 44 17 88 14
101 62 47 69 67 55 9
102 26 86 100 30 81 6
103 110 40 79 99 50 14
104 23 64 64 29 59 7
105 40 105 37 39 104 1
106 102 29 124 97 27 5
98 62 82 107 65 80 3
77 71 103 108 65 112 10
62 9 23 109 6 18 5
110 57 121 59 57 121 0
54 18 84 111 12 77 9
112 99 80 55 88 71 14
7 34 33 113 23 37 11
114 84 31 30 76 24 10
115 11 68 49 10 74 6
32 104 121 116 121 126 17
95 19 2 117 27 12 12
62 9 23 118 1 49 27
64 29 59 119 29 57 2
120 34 24 2 47 17 14
108 65 112 121 73 120 11
91 121 44 122 123 37 7
77 71 103 123 63 94 12
61 104 19 124 97 27 10
125 32 71 60 31 64 7
0 120 86 126 115 75 12
