1 46 118 63 32 125 15
38 90 98 2 105 102 15
86 85 58 3 83 64 6
4 9 9 132 4 19 11
5 59 47 78 49 61 17
6 36 19 80 31 15 6
7 130 38 9 122 53 17
8 140 97 36 121 91 19
92 110 51 9 122 53 12
10 107 99 2 105 102 3
11 31 72 29 25 69 6
19 94 136 12 93 123 13
13 32 5 25 35 8 4
14 25 75 29 25 69 6
51 53 119 15 53 120 1
114 115 11 16 139 16 24
90 127 79 17 131 80 4
18 11 76 0 7 65 11
23 63 119 19 94 136 35
118 12 116 20 12 112 4
139 94 44 21 93 40 4
22 64 2 28 62 10 8
23 63 119 63 32 125 31
136 118 17 24 121 26 9
80 31 15 25 35 8 8
84 101 134 26 103 127 7
80 31 15 27 25 15 6
6 36 19 28 62 10 27
29 25 69 0 7 65 18
30 46 69 62 50 63 7
31 39 3 25 35 8 6
110 80 42 32 75 40 5
138 81 86 33 77 82 5
34 91 132 19 94 136 5
76 109 96 35 110 99 3
36 121 91 71 114 62 29
54 57 113 37 57 105 8
38 90 98 94 88 109 11
63 32 125 39 23 125 9
16 139 16 40 133 4 13
121 77 49 41 82 52 5
42 79 59 86 85 58 6
78 49 61 43 50 57 4
44 128 135 19 94 136 34
106 94 22 45 88 8 15
2 105 102 46 106 104 2
47 71 59 121 77 49 11
1 46 118 48 44 114 4
28 62 10 49 52 2 12
44 128 135 50 121 139 8
51 53 119 1 46 118 7
52 22 100 67 13 91 12
114 115 11 53 110 19 9
54 57 113 23 63 119 8
55 136 113 8 140 97 16
56 66 69 130 71 79 11
63 32 125 57 27 132 8
58 36 140 63 32 125 15
80 31 15 59 26 2 13
60 73 46 121 77 49 5
61 28 97 52 22 100 6
78 49 61 62 50 63 2
0 7 65 63 32 125 65
18 11 76 64 17 73 6
113 89 56 65 93 65 9
66 76 84 33 77 82 2
18 11 76 67 13 91 15
68 88 42 139 94 44 6
69 77 59 42 79 59 2
70 88 82 108 87 76 6
92 110 51 71 114 62 11
72 119 114 131 122 128 14
23 63 119 73 64 118 1
63 32 125 74 35 127 3
23 63 119 75 67 123 5
2 105 102 76 109 96 7
77 21 88 127 27 88 6
96 50 78 78 49 61 17
79 137 139 44 128 135 9
0 7 65 80 31 15 55
9 122 53 81 140 58 18
9 122 53 82 121 46 7
87 104 118 83 98 114 7
19 94 136 84 101 134 7
85 61 53 5 59 47 6
113 89 56 86 85 58 4
12 93 123 87 104 118 12
88 82 101 95 79 98 4
1 46 118 89 44 122 4
90 127 79 107 119 69 12
124 26 33 91 31 38 7
92 110 51 139 94 44 17
32 75 40 93 72 32 8
23 63 119 94 88 109 26
95 79 98 94 88 109 14
0 7 65 96 50 78 44
97 30 50 0 7 65 27
98 57 61 137 55 62 2
99 106 50 92 110 51 4
100 126 36 7 130 38 4
101 89 25 139 94 44 19
95 79 98 102 71 98 8
32 75 40 103 73 40 2
104 4 138 118 12 116 23
23 63 119 105 67 109 10
106 94 22 101 89 25 5
71 114 62 107 119 69 8
108 87 76 139 94 44 32
68 88 42 109 89 37 5
139 94 44 110 80 42 14
7 130 38 111 135 41 5
136 118 17 112 127 17 9
113 89 56 139 94 44 13
114 115 11 139 94 44 39
63 32 125 115 34 125 2
94 88 109 116 79 109 9
117 24 28 124 26 33 5
63 32 125 118 12 116 21
36 121 91 119 116 95 6
120 85 83 70 88 82 3
110 80 42 121 77 49 7
122 140 71 81 140 58 13
49 52 2 123 50 4 2
97 30 50 124 26 33 17
78 49 61 125 44 60 5
29 25 69 126 19 64 7
127 27 88 14 25 75 13
128 72 86 130 71 79 7
129 71 54 47 71 59 5
130 71 79 108 87 76 16
131 122 128 44 128 135 9
27 25 15 132 4 19 21
32 75 40 133 62 31 15
104 4 138 134 4 139 1
43 50 57 135 48 49 8
114 115 11 136 118 17 6
62 50 63 137 55 62 5
138 81 86 70 88 82 8
0 7 65 139 94 44 89
96 50 78 140 54 81 5
