62 33 38 1 35 54 16
2 8 43 35 3 43 5
35 3 43 3 1 54 11
76 69 57 4 62 58 7
67 40 80 5 47 77 7
55 40 53 6 38 55 2
17 62 76 7 62 73 3
51 70 70 8 62 78 11
55 40 53 9 43 60 7
10 41 19 0 38 17 3
61 77 10 11 77 2 8
64 60 22 12 57 27 5
13 76 56 59 79 55 3
33 14 35 14 7 79 44
15 22 9 66 14 15 10
69 1 6 16 3 7 2
17 62 76 8 62 78 2
81 50 24 18 55 22 5
33 14 35 19 17 50 15
33 14 35 20 7 34 7
31 33 71 21 30 77 6
22 65 10 40 69 6 5
64 60 22 23 70 24 10
81 50 24 24 64 41 22
25 39 54 55 40 53 1
26 59 54 50 61 49 5
0 38 17 27 41 0 17
0 38 17 28 35 22 5
29 69 0 40 69 6 6
11 77 2 30 77 5 3
31 33 71 52 34 67 4
61 77 10 32 81 17 8
33 14 35 66 14 15 20
34 79 56 59 79 55 1
33 14 35 35 3 43 13
0 38 17 36 41 13 5
36 41 13 37 47 8 7
38 47 21 81 50 24 4
39 77 77 46 79 78 2
61 77 10 40 69 6 8
41 69 44 24 64 41 5
1 35 54 42 36 59 5
81 50 24 43 81 67 53
68 25 25 44 26 18 7
33 14 35 45 18 41 7
43 81 67 46 79 78 11
43 81 67 47 80 59 8
48 30 64 52 34 67 5
54 26 21 49 26 21 0
50 61 49 24 64 41 8
51 70 70 43 81 67 11
52 34 67 1 35 54 13
53 46 57 9 43 60 4
44 26 18 54 26 21 3
55 40 53 1 35 54 5
15 22 9 56 29 6 7
67 40 80 57 39 76 4
52 34 67 58 25 70 9
59 79 55 47 80 59 4
60 59 62 4 62 58 5
81 50 24 61 77 10 30
28 35 22 62 33 38 16
63 41 44 62 33 38 10
81 50 24 64 60 22 10
65 14 18 66 14 15 3
66 14 15 0 38 17 24
67 40 80 52 34 67 14
28 35 22 68 25 25 10
66 14 15 69 1 6 15
28 35 22 70 38 30 8
71 79 40 24 64 41 15
72 82 39 71 79 40 3
73 10 73 14 7 79 6
74 46 18 38 47 21 3
75 62 49 50 61 49 1
76 69 57 43 81 67 15
77 47 51 55 40 53 7
9 43 60 78 47 61 4
79 14 81 14 7 79 7
52 34 67 80 40 71 7
81 50 24 0 38 17 13
82 40 61 9 43 60 3
