1 19 44 9 32 29 19
2 68 77 83 63 72 7
3 45 76 49 46 75 1
4 18 38 1 19 44 6
47 30 66 5 22 65 8
11 4 74 6 8 70 5
7 37 12 16 42 11 5
32 39 75 8 13 75 26
41 36 21 9 32 29 8
0 73 51 10 55 57 18
8 13 75 11 4 74 9
47 30 66 12 25 69 5
13 57 55 10 55 57 2
28 24 50 14 25 51 1
42 34 73 15 29 81 9
41 36 21 16 42 11 11
43 51 24 17 50 16 8
18 55 72 61 54 71 1
25 18 12 19 25 9 7
74 3 15 20 2 10 5
74 3 15 21 11 21 10
21 11 21 22 3 34 15
23 65 10 53 68 19 9
24 11 24 21 11 21 3
25 18 12 41 36 21 20
26 52 67 72 52 67 0
27 74 68 48 70 65 5
1 19 44 28 24 50 7
21 11 21 29 11 18 3
30 58 33 79 59 30 3
31 24 21 25 18 12 10
32 39 75 10 55 57 24
53 68 19 33 64 33 14
34 58 8 60 55 8 3
35 27 54 14 25 51 3
36 20 74 8 13 75 7
37 79 61 0 73 51 11
38 82 76 37 79 61 15
39 16 12 25 18 12 2
32 39 75 40 41 79 4
41 36 21 0 73 51 47
32 39 75 42 34 73 5
43 51 24 41 36 21 15
69 22 33 44 23 32 1
45 4 53 82 5 53 1
46 36 33 80 34 37 4
47 30 66 68 34 61 6
73 66 57 48 70 65 8
32 39 75 49 46 75 7
2 68 77 50 69 79 2
51 36 22 41 36 21 1
28 24 50 52 18 53 6
0 73 51 53 68 19 32
10 55 57 54 48 45 13
55 51 3 41 36 21 23
56 69 81 2 68 77 4
53 68 19 57 68 23 4
58 44 8 16 42 11 3
59 80 3 78 65 0 15
55 51 3 60 55 8 6
61 54 71 10 55 57 14
62 0 6 20 2 10 4
74 3 15 63 1 13 2
78 65 0 64 59 2 6
65 12 9 39 16 12 5
10 55 57 66 59 60 5
67 60 80 83 63 72 8
68 34 61 76 41 61 7
69 22 33 9 32 29 10
52 18 53 70 14 57 5
9 32 29 71 40 31 8
72 52 67 61 54 71 4
0 73 51 73 66 57 9
25 18 12 74 3 15 15
75 48 60 10 55 57 7
76 41 61 10 55 57 14
80 34 37 77 38 41 5
23 65 10 78 65 0 10
33 64 33 79 59 30 5
9 32 29 80 34 37 8
81 62 52 13 57 55 5
82 5 53 1 19 44 16
83 63 72 61 54 71 9
