28 51 36 1 52 42 6
2 32 37 23 38 37 6
3 51 39 28 51 36 3
4 26 12 25 26 17 5
14 4 25 5 3 27 2
6 11 25 10 10 22 3
27 3 42 7 4 40 2
31 46 46 8 47 47 1
9 48 12 11 50 12 2
40 3 22 10 10 22 7
11 50 12 48 50 15 3
16 52 21 12 51 18 3
4 26 12 13 25 13 1
14 4 25 40 3 22 3
35 17 51 15 19 44 7
0 51 35 16 52 21 14
17 50 21 16 52 21 2
18 17 7 21 38 19 24
19 51 47 49 47 49 4
23 38 37 20 39 43 6
0 51 35 21 38 19 20
32 45 17 22 48 8 9
0 51 35 23 38 37 13
24 41 29 51 46 31 5
25 26 17 21 38 19 12
26 46 4 22 48 8 4
35 17 51 27 3 42 16
28 51 36 0 51 35 1
29 33 8 41 28 8 5
2 32 37 30 28 35 4
49 47 49 31 46 46 3
21 38 19 32 45 17 7
42 22 2 33 29 1 7
34 10 4 18 17 7 7
35 17 51 2 32 37 20
36 25 4 42 22 2 3
18 17 7 37 2 7 15
38 30 23 50 34 28 6
21 38 19 39 42 23 5
40 3 22 18 17 7 20
41 28 8 4 26 12 4
42 22 2 18 17 7 7
22 48 8 43 43 1 8
44 43 49 49 47 49 4
34 10 4 45 8 6 2
27 3 42 46 3 41 1
21 38 19 47 34 18 4
48 50 15 12 51 18 3
1 52 42 49 47 49 8
50 34 28 21 38 19 9
0 51 35 51 46 31 6
52 10 50 35 17 51 7
