1 108 84 87 106 72 12
73 9 88 2 1 78 12
3 102 42 26 110 63 22
4 67 92 14 73 88 7
5 11 40 42 19 22 19
6 93 77 87 106 72 13
7 21 49 51 13 41 11
8 38 35 85 27 25 14
30 52 52 9 61 52 9
10 74 26 90 86 20 13
11 13 26 42 19 22 7
41 69 107 12 58 105 11
30 52 52 13 51 65 13
66 41 82 14 73 88 32
15 109 13 99 105 19 7
16 102 49 3 102 42 7
17 41 77 108 41 76 1
14 73 88 18 61 87 12
19 6 3 27 4 1 2
20 58 41 69 50 47 10
21 4 105 109 7 104 3
22 49 25 52 51 21 4
23 104 15 99 105 19 4
78 63 87 24 65 81 6
81 46 9 25 46 2 7
66 41 82 26 110 63 71
0 2 7 27 4 1 6
28 25 22 85 27 25 3
29 105 10 15 109 13 5
30 52 52 66 41 82 31
31 98 37 3 102 42 6
75 76 52 32 69 58 9
85 27 25 33 24 35 10
34 104 30 31 98 37 9
0 2 7 35 56 5 54
36 39 98 84 40 89 9
0 2 7 37 29 2 27
38 31 16 104 29 8 8
5 11 40 39 12 33 7
92 61 8 40 61 8 0
14 73 88 41 69 107 19
42 19 22 0 2 7 22
32 69 58 43 68 59 1
66 41 82 44 49 85 8
45 55 0 35 56 5 5
32 69 58 46 69 64 6
98 20 76 47 29 74 9
14 73 88 48 97 108 31
49 53 73 13 51 65 8
50 96 71 6 93 77 6
5 11 40 51 13 41 2
52 51 21 81 46 9 13
56 18 85 53 21 89 5
75 76 52 54 80 53 4
55 62 58 9 61 52 6
98 20 76 56 18 85 9
7 21 49 57 16 48 5
58 46 47 69 50 47 4
54 80 53 59 91 57 11
60 97 100 48 97 108 8
61 9 106 109 7 104 2
62 23 62 96 13 59 10
63 108 1 29 105 10 9
64 44 106 36 39 98 9
61 9 106 65 14 103 5
66 41 82 0 2 7 84
67 74 28 10 74 26 2
68 66 6 92 61 8 5
30 52 52 69 50 47 5
70 84 41 74 95 43 11
92 61 8 71 81 8 20
48 97 108 72 107 109 10
73 9 88 109 7 104 16
3 102 42 74 95 43 7
75 76 52 30 52 52 24
88 63 34 76 70 37 7
107 99 94 77 102 94 3
78 63 87 18 61 87 2
79 29 93 84 40 89 11
103 78 60 80 77 59 1
35 56 5 81 46 9 10
71 81 8 82 94 2 14
14 73 88 83 72 88 1
66 41 82 84 40 89 7
85 27 25 42 19 22 8
75 76 52 86 69 48 8
26 110 63 87 106 72 9
20 58 41 88 63 34 8
89 107 1 63 108 1 1
71 81 8 90 86 20 13
64 44 106 91 45 108 2
92 61 8 35 56 5 5
93 73 55 75 76 52 4
94 37 52 69 50 47 13
94 37 52 95 31 54 6
98 20 76 96 13 59 18
0 2 7 97 15 3 13
66 41 82 98 20 76 21
3 102 42 99 105 19 23
100 98 6 82 94 2 5
101 2 8 0 2 7 1
101 2 8 102 2 13 5
54 80 53 103 78 60 7
104 29 8 37 29 2 6
105 95 91 107 99 94 5
81 46 9 106 39 10 7
60 97 100 107 99 94 6
108 41 76 66 41 82 6
66 41 82 109 7 104 40
97 15 3 110 17 3 2
