133 55 75 1 56 97 22
84 17 56 2 5 60 12
3 34 6 41 39 7 5
117 100 95 4 95 97 5
5 55 39 50 58 45 6
0 94 58 6 101 13 45
113 134 64 7 141 62 7
101 20 98 8 21 100 2
126 86 77 9 79 94 18
6 101 13 10 86 1 19
137 29 75 11 27 78 3
12 126 115 38 129 127 12
0 94 58 13 107 69 17
121 139 136 14 142 134 3
15 82 66 40 83 69 3
16 84 37 120 79 31 7
17 90 136 36 100 129 12
43 76 125 18 80 123 4
1 56 97 19 53 96 3
20 133 11 87 134 13 2
70 49 45 21 50 31 14
13 107 69 22 111 80 11
83 25 24 23 28 22 3
24 76 23 120 79 31 8
25 31 74 137 29 75 2
134 53 50 26 62 59 12
123 96 124 27 103 120 8
28 70 56 26 62 59 8
29 56 131 127 56 129 2
89 15 113 30 19 111 4
24 76 23 31 70 15 10
13 107 69 32 109 67 2
33 130 32 64 133 41 9
118 60 6 34 57 11 5
35 15 44 111 25 30 17
123 96 124 36 100 129 6
37 133 94 56 130 97 4
38 129 127 117 100 95 43
39 19 83 61 17 86 3
126 86 77 40 83 69 8
41 39 7 46 46 17 12
42 90 91 4 95 97 7
43 76 125 75 83 119 9
49 18 128 44 22 128 4
22 111 80 45 112 83 3
111 25 30 46 46 17 24
47 40 51 70 49 45 10
6 101 13 48 108 26 14
119 6 88 49 18 128 41
50 58 45 134 53 50 7
51 1 122 122 13 127 13
138 31 121 52 30 113 8
56 130 97 53 129 85 12
6 101 13 54 101 6 7
103 106 106 55 100 110 7
56 130 97 22 111 80 25
57 7 22 111 25 30 19
58 54 3 118 60 6 6
0 94 58 59 98 52 7
60 24 108 52 30 113 7
119 6 88 61 17 86 11
134 53 50 62 69 39 19
63 101 47 94 102 46 1
140 122 51 64 133 41 14
65 81 115 75 83 119 4
66 42 118 138 31 121 11
67 110 26 48 108 26 2
68 49 141 29 56 131 12
103 106 106 69 110 102 5
70 49 45 134 53 50 6
71 49 39 70 49 45 6
72 71 32 62 69 39 7
73 120 56 0 94 58 26
74 36 135 138 31 121 14
75 83 119 123 96 124 13
138 31 121 76 29 122 2
9 79 94 77 83 94 4
78 8 94 119 6 88 6
107 118 67 79 125 72 8
80 12 59 84 17 56 5
134 53 50 81 23 66 34
125 123 56 82 126 55 3
83 25 24 111 25 30 6
84 17 56 81 23 66 11
48 108 26 85 102 26 6
86 52 12 34 57 11 5
87 134 13 115 133 19 6
134 53 50 88 50 62 12
89 15 113 122 13 127 14
81 23 66 90 17 68 6
102 28 17 91 36 24 10
92 23 53 142 28 57 6
93 124 105 56 130 97 10
94 102 46 0 94 58 14
33 130 32 95 123 29 7
124 8 13 96 5 15 3
56 130 97 97 137 105 10
121 139 136 98 139 136 0
99 121 13 67 110 26 17
26 62 59 100 60 58 2
101 20 98 61 17 86 12
102 28 17 111 25 30 13
103 106 106 117 100 95 12
104 10 11 124 8 13 2
27 103 120 105 108 117 5
46 46 17 106 47 16 1
107 118 67 73 120 56 11
108 138 131 121 139 136 5
103 106 106 109 106 104 2
9 79 94 110 81 104 10
111 25 30 134 53 50 34
112 75 102 110 81 104 6
73 120 56 113 134 64 16
129 98 34 114 99 33 1
115 133 19 33 130 32 13
116 108 42 94 102 46 7
126 86 77 117 100 95 22
46 46 17 118 60 6 17
119 6 88 81 23 66 27
120 79 31 62 69 39 12
38 129 127 121 139 136 13
122 13 127 49 18 128 5
123 96 124 117 100 95 29
57 7 22 124 8 13 9
73 120 56 125 123 56 3
126 86 77 0 94 58 20
127 56 129 1 56 97 32
126 86 77 128 95 79 9
129 98 34 94 102 46 12
131 24 79 130 21 79 3
131 24 79 11 27 78 3
88 50 62 132 43 62 7
133 55 75 134 53 50 25
0 94 58 134 53 50 41
36 100 129 135 106 134 7
117 100 95 136 105 89 7
137 29 75 81 23 66 10
49 18 128 138 31 121 14
139 56 38 5 55 39 1
73 120 56 140 122 51 5
74 36 135 141 33 137 3
81 23 66 142 28 57 10
