1 46 115 30 39 121 9
2 54 74 5 44 70 10
3 36 106 115 51 101 15
4 22 51 33 35 53 13
5 44 70 26 35 66 9
6 32 100 3 36 106 7
41 11 0 7 5 3 6
8 92 106 54 76 111 16
79 12 98 9 13 96 2
10 7 64 28 8 62 2
115 51 101 11 44 102 7
73 77 67 12 82 57 11
13 7 95 79 12 98 5
118 109 27 14 95 18 16
15 44 81 26 35 66 17
16 96 105 8 92 106 4
17 94 38 56 112 32 18
38 64 35 18 61 37 3
81 121 55 19 119 47 8
54 76 111 20 105 119 30
25 72 52 21 66 54 6
22 50 27 23 53 11 16
33 35 53 23 53 11 45
24 119 83 75 113 91 10
12 82 57 25 72 52 11
0 30 64 26 35 66 5
27 4 15 52 8 19 5
28 8 62 89 18 68 11
90 69 38 29 74 33 7
30 39 121 3 36 106 15
91 89 33 31 81 37 8
58 32 33 32 25 31 7
0 30 64 33 35 53 12
81 121 55 34 121 60 5
35 113 76 24 119 83 9
36 57 42 59 59 45 3
120 36 91 37 41 90 5
90 69 38 38 64 35 5
39 35 12 23 53 11 18
40 66 119 54 76 111 12
41 11 0 101 11 7 7
43 33 15 42 34 16 1
39 35 12 43 33 15 3
44 116 91 75 113 91 3
45 58 29 22 50 27 8
46 19 16 52 8 19 11
57 114 10 47 125 7 11
48 5 44 108 1 39 6
49 87 3 80 73 5 14
50 74 97 0 30 64 55
51 108 51 19 119 47 11
106 17 34 52 8 19 17
11 44 102 53 46 104 2
54 76 111 50 74 97 14
55 10 123 70 14 121 4
56 112 32 50 74 97 75
57 114 10 118 109 27 17
58 32 33 106 17 34 15
59 59 45 33 35 53 25
71 81 34 60 80 35 1
61 4 62 10 7 64 3
62 93 75 125 90 86 11
64 11 83 63 3 83 8
64 11 83 87 20 86 9
65 115 101 75 113 91 10
87 20 86 66 31 87 11
67 15 30 106 17 34 4
68 86 98 107 86 90 8
58 32 33 69 40 34 8
70 14 121 89 18 68 53
31 81 37 71 81 34 3
76 21 92 72 25 97 6
73 77 67 50 74 97 30
103 57 102 74 58 103 1
125 90 86 75 113 91 23
87 20 86 76 21 92 6
58 32 33 77 34 29 4
78 55 104 115 51 101 5
79 12 98 87 20 86 14
80 73 5 23 53 11 20
56 112 32 81 121 55 24
82 108 85 75 113 91 7
16 96 105 83 104 101 8
45 58 29 84 60 30 2
70 14 121 85 15 114 7
33 35 53 86 30 56 5
89 18 68 87 20 86 18
39 35 12 88 40 8 6
0 30 64 89 18 68 12
90 69 38 59 59 45 12
17 94 38 91 89 33 7
59 59 45 92 48 45 11
93 10 23 52 8 19 4
94 61 47 59 59 45 2
95 57 115 40 66 119 9
12 82 57 96 93 57 11
70 14 121 97 20 119 6
78 55 104 98 56 106 2
99 20 106 85 15 114 9
100 18 34 106 17 34 1
101 11 7 123 21 4 10
102 27 101 72 25 97 4
103 57 102 78 55 104 2
104 64 85 116 71 93 10
105 25 50 4 22 51 3
106 17 34 108 1 39 16
107 86 90 125 90 86 5
89 18 68 108 1 39 33
17 94 38 109 97 40 3
14 95 18 110 99 8 10
111 14 103 79 12 98 5
2 54 74 112 52 72 2
113 55 120 95 57 115 5
56 112 32 114 109 39 7
115 51 101 50 74 97 23
116 71 93 50 74 97 5
39 35 12 117 32 6 6
118 109 27 56 112 32 5
80 73 5 119 78 18 13
120 36 91 66 31 87 6
50 74 97 121 76 103 6
33 35 53 122 35 50 3
123 21 4 39 35 12 16
115 51 101 124 46 95 7
50 74 97 125 90 86 19
