1 43 2 102 50 12 12
18 25 0 2 29 7 8
28 67 20 3 74 23 7
88 45 82 4 41 76 7
59 71 95 5 67 84 11
103 105 88 6 107 78 10
78 63 48 7 73 49 10
58 19 20 8 24 15 7
5 67 84 9 74 82 7
40 59 9 10 55 8 4
11 106 56 54 107 31 25
12 7 11 58 19 20 15
61 60 56 13 62 54 2
59 71 95 14 85 101 15
15 36 34 99 33 42 8
90 42 48 16 44 62 14
101 28 87 17 30 89 2
8 24 15 18 25 0 15
19 73 14 28 67 20 8
20 1 49 83 0 45 4
21 25 18 8 24 15 3
22 82 94 14 85 101 7
23 67 48 78 63 48 4
86 20 102 24 26 84 18
25 63 3 44 65 9 6
26 82 79 104 91 85 10
25 63 3 27 63 4 1
105 61 20 28 67 20 6
29 51 14 105 61 20 11
30 89 49 82 97 52 8
31 96 17 52 99 17 3
32 93 25 77 100 24 7
107 45 27 33 46 28 1
98 96 74 34 97 72 2
35 72 65 74 78 60 7
85 55 97 36 55 95 2
37 8 76 84 0 74 8
38 99 53 11 106 56 7
96 7 49 39 15 51 8
40 59 9 44 65 9 6
41 57 40 51 57 35 5
70 14 14 42 14 11 3
43 11 96 86 20 102 10
44 65 9 105 61 20 11
87 89 69 45 87 58 11
86 20 102 46 7 107 13
32 93 25 47 93 24 1
64 32 53 48 25 59 9
96 7 49 49 4 57 8
86 20 102 50 27 106 8
51 57 35 97 48 32 9
54 107 31 52 99 17 16
53 0 97 80 0 95 2
54 107 31 0 68 96 75
55 97 5 52 99 17 12
56 95 69 87 89 69 6
103 105 88 57 105 101 13
99 33 42 58 19 20 26
59 71 95 0 68 96 3
60 74 73 26 82 79 10
0 68 96 61 60 56 40
62 106 30 54 107 31 1
12 7 11 63 11 10 4
64 32 53 90 42 48 11
85 55 97 65 43 104 13
66 50 24 72 48 19 5
54 107 31 67 99 41 12
24 26 84 68 24 76 8
14 85 101 69 85 106 5
58 19 20 70 14 14 7
100 44 90 71 52 83 10
29 51 14 72 48 19 5
73 6 15 12 7 11 4
45 87 58 74 78 60 9
16 44 62 75 41 67 5
52 99 17 76 92 18 7
77 100 24 52 99 17 7
78 63 48 61 60 56 8
59 71 95 79 74 95 3
80 0 95 86 20 102 21
11 106 56 81 106 67 11
82 97 52 38 99 53 2
84 0 74 83 0 45 29
84 0 74 80 0 95 21
85 55 97 0 68 96 13
0 68 96 86 20 102 48
104 91 85 87 89 69 16
88 45 82 71 52 83 7
105 61 20 89 70 33 15
90 42 48 61 60 56 19
91 80 94 22 82 94 2
58 19 20 92 16 33 13
93 61 47 78 63 48 2
94 86 62 45 87 58 4
29 51 14 95 49 14 2
96 7 49 83 0 45 8
105 61 20 97 48 32 17
98 96 74 56 95 69 5
99 33 42 90 42 48 10
0 68 96 100 44 90 24
24 26 84 101 28 87 3
29 51 14 102 50 12 2
103 105 88 104 91 85 14
104 91 85 0 68 96 25
105 61 20 61 60 56 36
51 57 35 106 55 32 3
107 45 27 97 48 32 5
26 82 79 108 85 75 5
