1 16 14 12 19 21 7
68 53 62 2 53 68 6
2 53 68 3 51 69 2
4 31 72 0 15 72 16
11 15 58 5 24 55 9
20 33 9 6 34 4 5
7 69 63 63 52 59 17
8 38 31 50 44 38 9
34 11 5 9 8 2 4
24 60 15 10 60 18 3
0 15 72 11 15 58 14
0 15 72 12 19 21 51
13 56 73 2 53 68 5
14 70 27 53 69 18 9
15 52 65 68 53 62 3
51 64 13 16 72 6 10
69 14 38 17 10 43 6
18 53 13 42 58 12 5
19 14 63 11 15 58 5
20 33 9 32 39 8 6
56 53 21 21 57 30 9
22 17 56 11 15 58 2
23 69 17 64 73 16 4
51 64 13 24 60 15 4
25 9 35 27 11 31 4
26 3 58 29 3 63 5
36 10 24 27 11 31 7
47 19 35 28 20 34 1
70 8 73 29 3 63 11
30 30 31 65 26 24 8
11 15 58 31 14 55 3
12 19 21 32 39 8 23
12 19 21 33 27 20 8
40 19 1 34 11 5 8
20 33 9 35 25 8 8
36 10 24 12 19 21 9
37 37 52 61 38 47 5
38 55 25 56 53 21 4
39 69 64 7 69 63 1
1 16 14 40 19 1 13
41 58 9 51 64 13 7
42 58 12 41 58 9 3
43 57 6 41 58 9 3
44 6 50 31 14 55 9
45 32 18 33 27 20 5
62 48 60 46 38 60 10
12 19 21 47 19 35 14
7 69 63 48 69 68 5
30 30 31 49 28 34 3
50 44 38 63 52 59 22
51 64 13 12 19 21 45
36 10 24 52 2 16 11
23 69 17 53 69 18 1
37 37 52 54 31 49 6
55 15 54 31 14 55 1
56 53 21 51 64 13 13
57 43 30 8 38 31 5
28 20 34 58 21 32 2
20 33 9 59 30 6 4
41 58 9 60 60 11 2
50 44 38 61 38 47 10
63 52 59 62 48 60 4
63 52 59 0 15 72 39
64 73 16 51 64 13 9
33 27 20 65 26 24 4
66 49 16 56 53 21 6
67 54 47 63 52 59 12
68 53 62 63 52 59 3
47 19 35 69 14 38 5
0 15 72 70 8 73 7
55 15 54 71 15 48 6
7 69 63 72 69 52 11
73 11 64 19 14 63 3
