8 1 30 1 1 13 17
84 31 13 2 35 22 9
3 40 136 4 37 127 9
58 38 117 4 37 127 10
48 56 68 5 58 68 2
120 65 80 6 72 88 10
32 53 136 7 49 133 5
8 1 30 100 15 28 14
9 133 57 52 129 48 9
10 103 72 118 103 72 0
35 2 90 11 5 87 4
12 23 72 23 3 55 26
13 65 100 88 56 91 12
14 45 13 2 35 22 13
82 75 20 15 67 13 10
16 77 35 82 75 20 15
17 133 42 0 53 57 81
18 78 115 30 75 108 7
134 46 106 19 45 108 2
20 18 18 100 15 28 10
28 114 37 21 105 38 9
22 1 102 33 3 97 5
0 53 57 23 3 55 50
24 51 113 134 46 106 8
25 117 63 46 121 59 5
26 78 70 129 86 54 17
26 78 70 27 78 76 6
28 114 37 109 126 39 12
123 5 111 29 10 109 5
30 75 108 13 65 100 12
31 90 80 42 94 71 9
32 53 136 38 67 122 19
33 3 97 35 2 90 7
21 105 38 34 98 30 10
85 27 99 35 2 90 26
90 119 13 36 107 6 13
6 72 88 37 75 93 5
38 67 122 134 46 106 26
39 58 59 0 53 57 5
28 114 37 40 114 30 7
55 88 100 41 92 98 4
93 93 62 42 94 71 9
43 5 63 23 3 55 8
44 136 126 45 130 128 6
45 130 128 67 123 132 8
17 133 42 46 121 59 20
47 77 107 30 75 108 2
0 53 57 48 56 68 11
48 56 68 49 59 76 8
67 123 132 50 113 133 10
51 101 51 125 90 55 11
52 129 48 17 133 42 7
31 90 80 53 87 85 5
29 10 109 54 11 102 7
55 88 100 95 92 105 6
56 125 88 114 128 77 11
57 0 66 43 5 63 5
134 46 106 58 38 117 13
65 41 51 59 42 59 8
60 111 80 118 103 72 11
9 133 57 61 136 66 9
62 37 114 58 38 117 3
131 18 44 63 14 42 4
77 107 76 64 106 79 3
65 41 51 0 53 57 13
38 67 122 66 74 122 7
67 123 132 130 127 110 22
68 0 136 75 12 117 22
69 20 122 75 12 117 9
83 110 118 70 116 124 8
71 34 84 85 27 99 16
72 134 48 52 129 48 5
47 77 107 73 83 110 6
36 107 6 74 103 1 6
75 12 117 85 27 99 23
28 114 37 76 109 34 5
77 107 76 118 103 72 5
78 126 68 114 128 77 9
134 46 106 79 43 102 5
48 56 68 80 57 68 1
25 117 63 81 112 61 5
82 75 20 0 53 57 43
89 112 104 83 110 118 14
84 31 13 99 55 35 32
48 56 68 85 27 99 42
86 58 96 88 56 91 5
89 112 104 87 107 104 5
88 56 91 49 59 76 15
89 112 104 130 127 110 16
96 129 11 90 119 13 10
91 104 115 83 110 118 6
75 12 117 92 10 125 8
129 86 54 93 93 62 10
94 74 124 66 74 122 2
89 112 104 95 92 105 20
96 129 11 17 133 42 31
39 58 59 97 63 62 5
98 59 45 105 59 52 7
99 55 35 0 53 57 22
100 15 28 131 18 44 16
89 112 104 101 114 95 9
96 129 11 102 130 3 8
92 10 125 103 4 122 6
32 53 136 104 64 134 11
105 59 52 0 53 57 7
106 14 32 100 15 28 4
46 121 59 107 120 53 6
108 95 73 42 94 71 2
17 133 42 109 126 39 7
65 41 51 110 47 50 6
111 27 99 85 27 99 0
102 130 3 112 123 1 7
82 75 20 113 88 12 15
46 121 59 114 128 77 19
115 87 8 113 88 12 4
113 88 12 116 98 19 12
37 75 93 117 80 93 5
118 103 72 93 93 62 14
18 78 115 119 77 114 1
120 65 80 49 59 76 7
17 133 42 121 137 30 12
47 77 107 122 82 104 5
75 12 117 123 5 111 9
124 133 69 61 136 66 4
125 90 55 129 86 54 4
126 20 45 131 18 44 2
127 42 83 71 34 84 8
128 96 51 51 101 51 5
0 53 57 129 86 54 33
130 127 110 17 133 42 68
131 18 44 23 3 55 18
132 80 49 129 86 54 7
133 113 11 90 119 13 6
85 27 99 134 46 106 20
5 58 68 135 62 68 4
130 127 110 136 133 101 10
109 126 39 137 124 40 2
