1 53 101 55 50 99 3
2 103 96 121 110 96 7
3 129 113 36 120 124 14
11 17 138 4 15 127 11
0 51 46 5 69 10 40
6 5 49 35 9 44 6
131 88 93 7 94 88 7
80 127 12 8 113 8 14
9 125 14 80 127 12 2
10 133 25 13 130 30 5
106 44 134 11 17 138 27
12 116 12 43 120 14 4
13 130 30 33 131 38 8
14 94 102 122 87 99 7
80 127 12 15 123 6 7
116 22 105 16 22 99 6
85 4 112 17 8 108 5
80 127 12 18 132 20 9
0 51 46 19 100 138 104
20 57 8 29 60 12 5
21 4 82 52 5 72 10
123 88 126 22 82 123 6
42 119 140 23 116 137 4
55 50 99 24 52 107 8
7 94 88 25 92 89 2
89 11 35 26 17 31 7
27 27 140 11 17 138 10
28 127 38 33 131 38 4
5 69 10 29 60 12 9
105 101 123 30 99 122 2
31 89 23 41 80 35 15
37 74 61 32 75 53 8
37 74 61 33 131 38 61
95 132 92 34 139 94 7
35 9 44 79 13 48 5
19 100 138 36 120 124 24
0 51 46 37 74 61 27
38 80 80 37 74 61 19
55 50 99 39 61 99 11
40 38 90 54 41 79 11
114 69 33 41 80 35 11
132 110 137 42 119 140 9
80 127 12 43 120 14 7
44 19 63 63 18 71 8
45 24 33 71 24 35 2
10 133 25 46 132 24 1
47 9 90 21 4 82 9
36 120 124 48 116 127 5
49 60 74 64 53 80 9
36 120 124 50 120 124 0
81 0 128 51 2 133 5
52 5 72 53 35 52 36
0 51 46 53 35 52 17
129 41 67 54 41 79 12
129 41 67 55 50 99 33
56 9 107 17 8 108 1
57 27 25 69 32 23 5
130 7 6 58 8 13 7
59 32 44 53 35 52 8
101 31 122 60 41 123 10
61 22 112 101 31 122 13
62 27 80 63 18 71 12
52 5 72 63 18 71 13
64 53 80 129 41 67 17
65 10 109 17 8 108 2
85 4 112 66 6 117 5
96 38 18 67 37 15 3
95 132 92 68 128 78 14
0 51 46 69 32 23 29
59 32 44 70 37 46 5
57 27 25 71 24 35 10
72 61 34 114 69 33 8
53 35 52 73 18 45 18
69 32 23 74 16 23 16
75 114 130 48 116 127 3
5 69 10 76 92 6 23
63 18 71 77 25 73 7
80 127 12 78 139 1 16
73 18 45 79 13 48 5
33 131 38 80 127 12 26
85 4 112 81 0 128 16
74 16 23 82 20 16 8
38 80 80 83 81 79 1
84 69 130 100 59 121 13
52 5 72 85 4 112 40
86 110 106 127 113 121 15
53 35 52 87 36 60 8
5 69 10 88 67 21 11
89 11 35 73 18 45 12
97 120 131 90 141 140 22
91 127 93 125 124 92 3
92 46 19 69 32 23 14
93 61 44 0 51 46 10
94 30 115 101 31 122 7
36 120 124 95 132 92 34
103 38 22 96 38 18 4
36 120 124 97 120 131 7
98 50 91 55 50 99 8
92 46 19 99 54 23 8
100 59 121 106 44 134 19
106 44 134 101 31 122 17
102 72 59 37 74 61 2
103 38 22 69 32 23 6
104 41 37 0 51 46 13
105 101 123 19 100 138 15
106 44 134 19 100 138 56
52 5 72 107 5 63 9
10 133 25 108 138 28 5
19 100 138 109 105 138 5
22 82 123 110 80 128 5
111 127 76 68 128 78 2
101 31 122 112 25 119 6
106 44 134 113 60 141 17
0 51 46 114 69 33 22
3 129 113 115 128 106 7
61 22 112 116 22 105 7
117 98 44 41 80 35 20
117 98 44 118 99 36 8
119 81 67 37 74 61 9
120 55 66 124 63 61 9
121 110 96 86 110 106 10
38 80 80 122 87 99 20
105 101 123 123 88 126 13
124 63 61 37 74 61 11
125 124 92 95 132 92 8
55 50 99 126 34 104 16
36 120 124 127 113 121 7
44 19 63 128 20 58 5
53 35 52 129 41 67 16
130 7 6 74 16 23 19
131 88 93 122 87 99 6
132 110 137 19 100 138 10
133 135 45 33 131 38 8
69 32 23 134 34 29 6
135 115 2 8 113 8 6
136 140 95 34 139 94 1
137 82 87 38 80 80 7
88 67 21 138 66 23 2
62 27 80 139 21 88 10
66 6 117 140 6 122 5
43 120 14 141 122 16 2
