20 39 53 1 28 50 11
2 25 95 84 31 96 6
3 39 84 52 38 84 1
4 73 81 74 60 86 13
5 78 41 50 90 59 21
6 50 33 18 47 32 3
7 37 3 85 42 9 7
8 43 14 85 42 9 5
71 22 21 9 24 25 4
33 7 101 10 6 93 8
11 52 62 58 57 57 7
12 53 78 24 56 69 9
49 84 29 13 73 30 11
90 1 66 14 19 65 18
15 46 61 31 45 59 2
16 27 84 22 22 78 7
42 54 20 17 58 28 8
48 42 31 18 47 32 5
19 46 98 35 46 101 3
55 38 64 20 39 53 11
37 84 91 21 86 87 4
22 22 78 14 19 65 13
50 90 59 23 102 45 18
0 93 80 24 56 69 38
25 34 32 87 33 12 20
26 20 14 79 17 13 3
27 38 101 35 46 101 8
37 84 91 28 85 104 13
30 86 6 29 79 4 7
30 86 6 78 89 4 3
11 52 62 31 45 59 7
55 38 64 32 30 64 8
33 7 101 90 1 66 35
25 34 32 34 38 35 5
74 60 86 35 46 101 20
36 38 92 70 39 87 5
37 84 91 0 93 80 14
85 42 9 38 64 17 23
82 1 35 39 8 43 10
37 84 91 40 86 96 5
87 33 12 41 25 5 10
38 64 17 42 54 20 10
25 34 32 43 27 38 9
44 90 42 23 102 45 12
87 33 12 45 30 14 3
33 7 101 46 11 101 4
47 64 46 58 57 57 13
48 42 31 34 38 35 5
5 78 41 49 84 29 13
50 90 59 0 93 80 21
51 11 7 56 12 8 1
52 38 84 12 53 78 16
80 53 47 53 53 44 3
54 4 0 102 7 2 3
55 38 64 24 56 69 18
102 7 2 56 12 8 7
57 14 77 22 22 78 8
24 56 69 58 57 57 12
59 20 78 22 22 78 2
60 3 8 102 7 2 7
61 92 19 88 93 10 9
62 9 16 79 17 13 8
87 33 12 63 26 12 7
64 22 69 14 19 65 5
65 16 99 46 11 101 5
47 64 46 66 63 47 1
82 1 35 67 2 26 9
68 67 14 38 64 17 4
80 53 47 69 57 46 4
70 39 87 52 38 84 3
71 22 21 63 26 12 9
72 45 66 55 38 64 7
71 22 21 73 21 22 1
74 60 86 24 56 69 17
75 9 27 67 2 26 7
76 26 36 43 27 38 2
77 46 53 31 45 59 6
78 89 4 50 90 59 55
63 26 12 79 17 13 9
80 53 47 58 57 57 10
81 87 83 0 93 80 6
90 1 66 82 1 35 31
102 7 2 83 6 3 1
27 38 101 84 31 96 8
85 42 9 87 33 12 9
7 37 3 86 36 4 1
24 56 69 87 33 12 61
78 89 4 88 93 10 7
89 88 43 44 90 42 2
90 1 66 24 56 69 55
50 90 59 91 89 69 10
29 79 4 92 78 4 1
93 78 96 37 84 91 7
94 31 26 25 34 32 6
4 73 81 95 67 81 6
96 17 24 73 21 22 4
29 79 4 97 77 1 3
12 53 78 98 50 79 3
99 96 68 91 89 69 7
100 62 95 103 63 99 4
49 84 29 101 84 34 5
41 25 5 102 7 2 18
74 60 86 103 63 99 13
104 94 90 0 93 80 10
