0 49 40 1 15 55 37
40 66 56 2 72 63 9
3 21 43 34 21 34 9
72 66 24 4 66 26 2
5 53 28 0 49 40 12
67 45 3 6 50 4 5
9 10 61 7 4 61 6
8 58 37 0 49 40 9
1 15 55 9 10 61 7
10 34 39 0 49 40 15
11 59 10 61 64 8 5
58 71 13 12 65 22 10
13 47 50 27 48 48 2
14 65 6 58 71 13 9
15 34 24 77 30 20 5
16 60 0 14 65 6 7
38 51 63 17 53 65 2
18 58 31 39 56 29 2
19 63 20 12 65 22 2
38 51 63 20 53 63 2
51 61 74 21 60 74 1
22 24 9 30 26 5 4
10 34 39 23 38 40 4
2 72 63 24 73 72 9
25 56 79 38 51 63 16
50 12 71 26 4 79 11
0 49 40 27 48 48 8
28 24 32 75 22 31 2
29 13 77 50 12 71 6
30 26 5 77 30 20 15
31 60 63 20 53 63 7
32 75 41 8 58 37 17
33 69 28 12 65 22 7
34 21 34 10 34 39 13
35 42 19 77 30 20 12
36 15 2 30 26 5 11
37 74 33 33 69 28 7
73 39 55 38 51 63 14
39 56 29 5 53 28 3
40 66 56 42 56 54 10
30 26 5 41 27 3 2
27 48 48 42 56 54 10
43 65 12 58 71 13 6
9 10 61 44 0 55 11
45 10 46 1 15 55 10
46 15 26 59 9 28 6
47 71 50 40 66 56 7
48 42 44 68 43 47 3
49 29 20 77 30 20 1
50 12 71 9 10 61 10
51 61 74 25 56 79 7
52 74 12 58 71 13 3
14 65 6 53 71 4 6
2 72 63 54 72 59 4
39 56 29 55 57 25 4
58 71 13 56 70 17 4
73 39 55 57 35 48 8
58 71 13 0 49 40 34
59 9 28 1 15 55 27
60 53 10 11 59 10 6
14 65 6 61 64 8 2
62 69 19 56 70 17 2
63 35 48 57 35 48 0
77 30 20 64 29 27 7
5 53 28 65 48 31 5
66 30 59 73 39 55 9
16 60 0 67 45 3 15
27 48 48 68 43 47 5
69 53 71 38 51 63 8
67 45 3 70 47 8 5
71 40 61 76 37 66 5
72 66 24 12 65 22 2
73 39 55 0 49 40 18
8 58 37 74 59 35 2
75 22 31 34 21 34 3
73 39 55 76 37 66 11
10 34 39 77 30 20 19
32 75 41 78 71 43 4
44 0 55 79 1 50 5
