43 106 93 1 89 90 17
2 67 148 5 65 149 2
49 6 56 3 19 55 13
4 51 69 141 56 81 13
98 59 134 5 65 149 16
6 11 46 146 12 55 9
7 17 38 28 29 43 13
8 99 70 144 99 80 10
84 101 13 9 99 7 6
10 51 11 14 47 16 6
11 88 114 115 93 121 8
26 36 144 12 50 149 14
113 87 24 13 81 22 6
70 36 13 14 47 16 11
25 114 69 15 116 71 2
141 56 81 16 68 75 13
17 137 98 101 132 104 7
18 25 79 47 26 66 13
124 137 67 19 139 67 2
20 12 11 40 17 3 9
21 14 70 47 26 66 12
1 89 90 22 75 98 16
9 99 7 23 101 4 3
75 138 45 24 143 70 25
96 117 84 25 114 69 15
87 25 133 26 36 144 15
27 61 86 141 56 81 7
0 149 129 28 29 43 147
29 113 123 131 126 135 17
30 84 7 9 99 7 15
31 22 148 26 36 144 14
75 138 45 32 124 53 16
33 123 103 43 106 93 19
34 100 55 60 102 47 8
35 39 112 46 40 106 6
36 126 39 79 120 33 8
37 129 76 62 130 75 1
38 10 126 87 25 133 16
134 86 133 39 86 131 2
40 17 3 148 21 17 14
41 10 90 145 16 88 6
42 31 136 87 25 133 6
0 149 129 43 106 93 56
44 37 70 47 26 66 11
141 56 81 45 36 103 29
45 36 103 46 40 106 5
49 6 56 47 26 66 22
48 29 141 42 31 136 5
28 29 43 49 6 56 26
50 8 97 66 22 95 14
150 145 28 51 143 33 5
52 94 46 60 102 47 8
64 20 114 53 11 109 10
84 101 13 54 98 16 4
99 80 37 55 70 33 10
56 40 100 45 36 103 5
143 5 22 57 3 29 7
58 86 29 113 87 24 5
59 99 106 43 106 93 14
60 102 47 79 120 33 22
61 127 132 131 126 135 3
62 130 75 24 143 70 13
70 36 13 63 36 6 7
112 9 122 64 20 114 13
79 120 33 65 113 22 13
45 36 103 66 22 95 16
67 89 125 115 93 121 5
68 122 26 79 120 33 7
148 21 17 69 24 22 5
70 36 13 148 21 17 15
150 145 28 71 139 10 18
72 61 130 115 93 121 33
14 47 16 73 41 26 11
78 21 36 74 24 36 3
0 149 129 75 138 45 84
55 70 33 76 67 29 5
77 20 89 66 22 95 6
7 17 38 78 21 36 4
75 138 45 79 120 33 21
126 59 84 80 57 86 2
81 126 83 37 129 76 7
38 10 126 82 9 138 12
129 49 53 83 56 52 7
79 120 33 84 101 13 27
147 47 113 85 50 117 5
86 0 73 49 6 56 18
45 36 103 87 25 133 31
88 148 38 51 143 33 7
89 63 114 111 75 117 12
34 100 55 90 92 61 10
54 98 16 91 92 13 6
92 104 148 134 86 133 23
118 137 120 93 139 121 2
94 30 99 45 36 103 7
67 89 125 95 81 124 8
96 117 84 43 106 93 14
97 146 96 101 132 104 16
98 59 134 72 61 130 4
129 49 53 99 80 37 34
76 67 29 100 64 20 9
101 132 104 33 123 103 9
102 22 148 31 22 148 0
103 58 147 5 65 149 7
104 80 70 16 68 75 13
65 113 22 105 109 17 6
106 113 92 43 106 93 7
28 29 43 107 28 41 2
71 139 10 108 147 5 9
109 112 16 105 109 17 3
110 43 81 141 56 81 13
111 75 117 115 93 121 18
112 9 122 38 10 126 4
113 87 24 99 80 37 14
99 80 37 114 84 48 11
43 106 93 115 93 121 30
116 106 142 92 104 148 6
84 101 13 117 118 3 19
0 149 129 118 137 120 15
119 69 132 72 61 130 8
120 130 125 118 137 120 8
89 63 114 121 61 115 2
122 44 125 72 61 130 17
123 36 112 35 39 112 3
124 137 67 24 143 70 6
75 138 45 125 145 52 9
126 59 84 27 61 86 2
8 99 70 127 105 71 6
150 145 28 128 148 25 4
129 49 53 28 29 43 22
130 89 38 99 80 37 9
118 137 120 131 126 135 18
93 139 121 132 147 118 8
133 90 22 113 87 24 3
115 93 121 134 86 133 13
135 53 33 73 41 26 13
136 50 107 45 36 103 14
7 17 38 137 14 30 8
101 132 104 138 133 103 1
24 143 70 139 150 65 8
140 13 98 50 8 97 5
141 56 81 28 29 43 46
142 5 3 20 12 11 10
148 21 17 143 5 22 16
144 99 80 43 106 93 14
77 20 89 145 16 88 4
49 6 56 146 12 55 6
136 50 107 147 47 113 6
28 29 43 148 21 17 27
12 50 149 149 50 148 1
150 145 28 75 138 45 18
