0 52 47 1 34 47 18
54 37 38 2 33 39 4
43 58 58 3 61 61 4
15 62 40 4 66 36 5
5 70 4 9 68 5 2
52 53 57 6 50 58 3
46 74 67 7 72 63 4
0 52 47 8 51 49 2
9 68 5 48 74 6 6
0 52 47 10 43 75 29
11 22 68 70 14 64 8
67 42 14 12 38 14 4
13 25 36 71 26 39 3
20 8 19 14 2 33 15
37 60 34 15 62 40 6
16 70 15 53 76 14 6
9 68 5 17 57 14 14
38 28 6 18 23 4 5
19 13 8 61 10 8 3
20 8 19 55 41 26 33
0 52 47 21 55 51 5
65 42 44 22 41 41 3
64 19 46 23 11 45 8
58 51 64 24 61 72 12
37 60 34 25 59 33 1
26 28 63 50 30 62 2
39 7 71 27 1 67 7
74 31 7 28 27 10 5
31 41 21 29 40 22 1
61 10 8 30 10 2 6
31 41 21 55 41 26 5
60 19 19 32 19 24 5
39 7 71 33 14 75 8
34 11 18 20 8 19 3
35 58 69 24 61 72 4
36 0 27 14 2 33 6
37 60 34 0 52 47 15
38 28 6 74 31 7 3
10 43 75 39 7 71 36
40 41 33 42 42 35 2
41 36 3 74 31 7 6
42 42 35 55 41 26 9
52 53 57 43 58 58 5
58 51 64 44 43 62 8
45 66 46 76 65 50 4
46 74 67 76 65 50 19
47 24 55 77 28 54 4
48 74 6 37 60 34 31
32 19 24 49 22 24 3
50 30 62 73 33 65 4
51 9 77 33 14 75 5
21 55 51 52 53 57 6
48 74 6 53 76 14 8
42 42 35 54 37 38 5
55 41 26 0 52 47 23
56 72 38 45 66 46 10
57 60 69 35 58 69 2
10 43 75 58 51 64 13
42 42 35 59 49 34 7
60 19 19 20 8 19 11
61 10 8 20 8 19 11
60 19 19 62 29 20 10
37 60 34 63 70 22 15
71 26 39 64 19 46 9
1 34 47 65 42 44 8
66 43 51 65 42 44 7
67 42 14 31 41 21 7
68 22 67 11 22 68 1
42 42 35 69 41 35 1
70 14 64 39 7 71 9
1 34 47 71 26 39 11
72 2 58 39 7 71 13
10 43 75 73 33 65 14
74 31 7 67 42 14 13
6 50 58 75 46 57 4
76 65 50 0 52 47 13
77 28 54 1 34 47 9
