77 22 85 1 27 83 5
2 53 56 87 59 54 6
3 44 28 48 44 19 9
4 24 15 34 25 20 5
72 59 74 5 69 68 11
6 79 17 39 80 19 2
77 22 85 7 6 82 16
8 18 77 77 22 85 8
57 13 49 9 9 49 4
10 51 64 49 56 70 7
50 58 13 11 61 13 3
12 2 9 70 10 1 11
13 33 16 81 35 15 2
2 53 56 14 53 56 0
15 47 65 22 48 64 1
2 53 56 16 52 51 5
36 72 88 17 71 83 5
18 30 57 82 30 63 6
19 19 47 0 23 55 8
33 55 76 20 50 78 5
21 55 27 38 57 24 3
10 51 64 22 48 64 3
23 30 70 75 28 68 2
24 65 3 71 71 10 9
25 58 52 87 59 54 2
26 72 68 5 69 68 3
67 84 74 27 76 72 8
28 14 61 0 23 55 10
77 22 85 29 31 80 10
84 25 32 30 3 25 23
68 24 36 31 26 36 2
20 50 78 32 43 74 8
33 55 76 72 59 74 4
73 26 23 34 25 20 3
35 82 9 38 57 24 29
36 72 88 80 65 80 10
28 14 61 37 9 62 5
38 57 24 0 23 55 46
39 80 19 35 82 9 10
56 60 25 40 66 19 8
84 25 32 41 17 27 9
42 10 28 43 12 26 2
43 12 26 41 17 27 5
44 68 72 5 69 68 4
45 75 41 63 70 37 6
46 39 36 51 40 47 11
48 44 19 47 41 13 6
48 44 19 38 57 24 13
49 56 70 72 59 74 5
50 58 13 38 57 24 11
51 40 47 0 23 55 18
52 42 42 51 40 47 5
21 55 27 53 55 30 3
46 39 36 54 43 37 4
88 24 38 55 28 43 6
56 60 25 38 57 24 3
57 13 49 19 19 47 6
58 33 4 81 35 15 11
59 28 10 4 24 15 6
20 50 78 60 42 85 10
61 33 74 29 31 80 6
62 7 83 7 6 82 1
38 57 24 63 70 37 18
30 3 25 64 8 33 9
39 80 19 65 76 20 4
4 24 15 66 17 12 7
72 59 74 67 84 74 25
84 25 32 68 24 36 4
68 24 36 69 24 37 1
30 3 25 70 10 1 25
71 71 10 78 75 10 4
0 23 55 72 59 74 40
84 25 32 73 26 23 9
51 40 47 74 44 58 11
82 30 63 75 28 68 5
77 22 85 76 14 87 8
77 22 85 0 23 55 30
35 82 9 78 75 10 7
79 17 3 70 10 1 7
80 65 80 72 59 74 8
81 35 15 47 41 13 6
82 30 63 0 23 55 10
83 47 45 51 40 47 7
0 23 55 84 25 32 23
85 16 75 8 18 77 2
26 72 68 86 73 66 2
87 59 54 72 59 74 20
69 24 37 88 24 38 1
