7 5 22 1 9 23 4
16 20 4 2 24 8 5
1 9 23 3 7 26 3
37 34 11 4 35 11 1
14 26 24 5 23 24 3
24 28 31 6 22 29 6
9 10 8 7 5 22 14
7 5 22 8 4 20 2
16 20 4 9 10 8 10
10 9 0 20 8 0 1
34 30 34 11 34 32 4
6 22 29 12 18 27 4
34 30 34 13 34 36 4
18 32 22 14 26 24 6
37 34 11 15 31 4 7
16 20 4 0 37 19 22
17 2 17 7 5 22 5
0 37 19 18 32 22 5
19 1 0 16 20 4 19
20 8 0 19 1 0 7
0 37 19 21 35 27 8
16 20 4 22 16 9 6
23 27 32 24 28 31 1
34 30 34 24 28 31 3
25 8 15 9 10 8 7
26 16 20 32 16 18 2
34 30 34 27 25 36 5
19 1 0 28 4 1 3
29 6 38 7 5 22 16
22 16 9 30 13 14 5
6 22 29 31 23 29 1
32 16 18 30 13 14 5
33 29 29 24 28 31 2
0 37 19 34 30 34 16
6 22 29 35 21 29 1
21 35 27 36 32 29 3
37 34 11 0 37 19 8
16 20 4 38 21 4 1
