1 24 39 83 28 47 8
0 12 19 2 24 61 43
80 3 76 3 0 71 5
4 76 38 5 84 25 15
5 84 25 76 70 63 40
6 15 14 0 12 19 5
85 6 51 7 0 52 6
8 6 58 85 6 51 7
72 3 26 9 8 36 11
27 81 18 10 75 12 8
11 54 48 74 52 46 2
71 89 71 12 88 74 3
13 68 60 76 70 63 3
66 65 10 14 68 13 4
4 76 38 15 79 38 3
16 30 28 75 35 20 9
60 51 34 17 46 34 5
18 74 33 4 76 38 5
19 94 80 30 90 82 4
38 30 53 20 30 54 1
32 23 78 21 19 81 5
22 46 26 58 47 18 8
66 65 10 23 61 14 5
24 45 92 91 45 91 1
25 31 81 52 25 80 6
39 29 11 26 41 16 13
27 81 18 5 84 25 7
8 6 58 28 10 58 4
29 85 94 81 79 92 6
44 88 81 30 90 82 2
39 29 11 31 28 17 6
2 24 61 32 23 78 17
33 61 35 88 61 39 4
34 60 54 13 68 60 10
30 90 82 35 90 87 5
36 26 52 2 24 61 9
37 16 31 9 8 36 9
36 26 52 38 30 53 4
39 29 11 0 12 19 18
34 60 54 40 58 54 2
13 68 60 41 73 54 7
0 12 19 42 15 20 3
2 24 61 43 39 88 30
71 89 71 44 88 81 10
45 7 35 9 8 36 1
88 61 39 46 67 37 6
47 85 7 27 81 18 11
12 88 74 48 87 73 1
49 88 12 47 85 7 5
85 6 51 50 14 44 10
51 11 43 50 14 44 3
32 23 78 52 25 80 2
85 6 51 53 5 53 2
54 54 94 91 45 91 9
55 93 42 65 83 54 15
91 45 91 56 55 83 12
2 24 61 57 28 60 4
26 41 16 58 47 18 6
80 3 76 59 11 69 10
26 41 16 60 51 34 20
60 51 34 61 40 35 11
62 20 90 87 26 91 6
63 75 79 67 72 79 3
90 39 52 64 40 49 3
76 70 63 65 83 54 15
66 65 10 27 81 18 17
70 72 82 67 72 79 3
4 76 38 68 77 41 3
44 88 81 69 88 79 2
76 70 63 70 72 82 19
71 89 71 76 70 63 20
0 12 19 72 3 26 11
60 51 34 73 56 26 9
34 60 54 74 52 46 11
75 35 20 26 41 16 7
0 12 19 76 70 63 72
77 14 94 87 26 91 12
78 15 70 59 11 69 4
90 39 52 79 35 48 5
2 24 61 80 3 76 25
70 72 82 81 79 92 12
0 12 19 82 8 23 5
83 28 47 36 26 52 5
84 47 38 17 46 34 4
85 6 51 2 24 61 20
92 79 77 86 78 81 4
43 39 88 87 26 91 13
88 61 39 60 51 34 11
89 68 18 14 68 13 5
2 24 61 90 39 52 17
43 39 88 91 45 91 6
92 79 77 70 72 82 8
43 39 88 93 39 93 5
94 30 93 87 26 91 4
