1 8 9 39 11 9 3
2 56 3 64 72 7 16
21 68 27 3 71 34 7
4 102 100 49 110 96 8
52 63 112 5 70 114 7
6 3 82 0 14 100 21
106 38 53 7 42 62 9
8 107 71 57 103 70 4
9 84 6 107 76 4 8
10 36 77 18 19 87 19
16 94 58 11 88 60 6
12 46 7 2 56 3 10
25 20 51 13 21 61 10
14 44 90 102 48 98 8
15 97 109 82 100 107 3
46 100 64 16 94 58 8
12 46 7 17 49 11 5
0 14 100 18 19 87 13
19 9 64 13 21 61 12
20 6 0 1 8 9 9
21 68 27 55 62 27 6
22 83 54 91 80 59 5
23 18 62 13 21 61 3
24 68 97 44 66 102 5
25 20 51 6 3 82 35
26 67 16 64 72 7 10
27 71 4 64 72 7 3
28 5 9 1 8 9 3
29 57 112 52 63 112 6
83 106 12 30 104 10 2
31 68 1 27 71 4 4
32 90 14 64 72 7 19
101 82 67 33 78 67 4
32 90 14 34 101 12 11
35 68 103 44 66 102 2
49 110 96 36 112 78 18
37 63 19 26 67 16 5
38 46 106 102 48 98 8
39 11 9 75 19 16 10
40 5 34 25 20 51 22
75 19 16 41 18 18 2
42 7 90 6 3 82 8
43 108 45 93 104 63 18
44 66 102 52 63 112 10
45 52 7 2 56 3 5
49 110 96 46 100 64 33
47 31 48 106 38 53 8
48 57 66 87 57 66 0
0 14 100 49 110 96 96
55 62 27 50 45 28 17
51 52 39 50 45 28 13
52 63 112 102 48 98 20
53 5 44 40 5 34 10
61 47 76 54 49 82 6
26 67 16 55 62 27 12
66 86 88 56 73 91 13
46 100 64 57 103 70 6
50 45 28 58 39 19 10
36 112 78 59 106 77 6
60 107 37 43 108 45 8
61 47 76 10 36 77 11
62 81 10 9 84 6 5
63 36 81 10 36 77 4
0 14 100 64 72 7 109
65 70 49 67 73 62 13
103 88 86 66 86 88 2
91 80 59 67 73 62 7
34 101 12 68 98 16 5
69 52 114 29 57 112 5
34 101 12 70 106 0 13
110 31 105 71 39 111 10
72 92 65 16 94 58 7
73 50 37 51 52 39 2
103 88 86 74 80 75 13
76 27 28 75 19 16 14
25 20 51 76 27 28 24
77 51 0 2 56 3 5
81 55 62 78 54 56 6
64 72 7 79 65 8 7
80 93 43 22 83 54 14
81 55 62 87 57 66 4
82 100 107 4 102 100 7
34 101 12 83 106 12 5
84 58 66 87 57 66 1
3 71 34 85 80 40 10
86 71 70 67 73 62 8
87 57 66 61 47 76 14
76 27 28 88 20 32 8
89 60 63 84 58 66 3
74 80 75 90 87 77 7
46 100 64 91 80 59 20
92 25 97 110 31 105 10
93 104 63 46 100 64 4
94 74 12 64 72 7 5
88 20 32 95 20 35 3
102 48 98 96 61 86 17
112 21 81 97 25 73 8
98 41 86 14 44 90 5
49 110 96 99 111 104 8
26 67 16 100 71 15 4
91 80 59 101 82 67 8
110 31 105 102 48 98 18
49 110 96 103 88 86 24
104 101 76 59 106 77 5
105 103 3 70 106 0 4
25 20 51 106 38 53 18
64 72 7 107 76 4 5
36 112 78 108 111 77 1
109 84 16 32 90 14 6
0 14 100 110 31 105 17
76 27 28 111 28 40 12
112 21 81 18 19 87 6
113 33 32 76 27 28 7
114 3 97 0 14 100 11
