78 74 99 1 79 104 7
72 103 93 2 98 99 7
3 79 59 98 83 50 9
94 58 27 4 65 37 12
93 107 68 5 97 65 10
62 69 47 6 64 49 5
7 110 118 109 115 109 10
75 101 6 8 91 0 11
118 40 93 9 37 96 4
69 97 88 10 92 85 5
11 58 33 94 58 27 6
54 10 89 12 12 80 9
13 7 58 42 12 42 16
14 10 93 87 14 104 11
92 52 11 15 34 2 20
16 95 70 5 97 65 5
17 7 74 88 6 72 2
37 36 83 18 33 74 9
103 93 15 19 91 21 6
49 48 83 20 55 78 8
64 100 90 21 102 87 3
41 21 43 22 22 41 2
23 110 65 93 107 68 4
24 22 56 82 17 61 7
112 114 17 25 107 16 7
87 14 104 26 31 111 18
10 92 85 27 92 85 0
28 84 80 76 89 79 5
29 38 55 90 50 51 12
30 53 9 92 52 11 2
31 112 2 32 103 1 9
32 103 1 75 101 6 5
33 81 112 115 84 114 3
52 81 88 34 87 94 8
87 14 104 35 12 101 3
36 47 63 90 50 51 12
118 40 93 37 36 83 10
111 92 108 38 93 111 3
95 82 45 39 82 42 3
40 71 19 74 71 15 4
41 21 43 42 12 42 9
42 12 42 94 58 27 48
53 33 27 43 29 26 4
44 77 39 39 82 42 5
45 85 60 3 79 59 6
46 89 32 97 87 26 6
75 101 6 47 98 11 5
6 64 49 48 58 52 6
67 47 85 49 48 83 2
50 46 83 67 47 85 2
51 20 31 41 21 43 12
52 81 88 64 100 90 19
107 37 35 53 33 27 8
14 10 93 54 10 89 4
55 102 81 64 100 90 9
112 114 17 56 112 26 9
57 33 13 15 34 2 11
58 57 39 11 58 33 6
59 33 103 26 31 111 8
89 113 56 60 110 48 8
61 98 36 60 110 48 16
62 69 47 4 65 37 10
33 81 112 63 75 118 8
89 113 56 64 100 90 36
94 58 27 65 49 22 10
66 37 103 59 33 103 4
67 47 85 118 40 93 10
14 10 93 68 5 96 5
64 100 90 69 97 88 3
70 71 39 4 65 37 6
71 107 0 32 103 1 4
72 103 93 64 100 90 4
73 2 71 13 7 58 13
0 65 15 74 71 15 6
0 65 15 75 101 6 37
86 83 68 76 89 79 12
94 58 27 77 59 29 2
52 81 88 78 74 99 13
36 47 63 79 46 62 1
80 25 87 37 36 83 11
81 43 117 26 31 111 13
82 17 61 13 7 58 10
83 0 111 85 7 117 9
55 102 81 84 105 79 3
85 7 117 87 14 104 14
86 83 68 98 83 50 18
87 14 104 0 65 15 102
88 6 72 73 2 71 4
0 65 15 89 113 56 63
58 57 39 90 50 51 13
91 4 4 15 34 2 30
92 52 11 0 65 15 13
89 113 56 93 107 68 13
0 65 15 94 58 27 13
98 83 50 95 82 45 5
118 40 93 96 45 102 10
103 93 15 97 87 26 12
89 113 56 98 83 50 30
25 107 16 99 110 18 3
55 102 81 100 97 83 5
61 98 36 101 101 44 8
102 20 88 80 25 87 5
75 101 6 103 93 15 12
104 13 72 116 21 71 8
105 10 77 12 12 80 3
91 4 4 106 4 4 0
65 49 22 107 37 35 17
108 29 113 26 31 111 2
109 115 109 72 103 93 20
110 104 17 25 107 16 3
115 84 114 111 92 108 10
75 101 6 112 114 17 17
113 35 72 18 33 74 2
114 0 50 13 7 58 10
64 100 90 115 84 114 28
37 36 83 116 21 71 19
41 21 43 117 19 46 3
118 40 93 87 14 104 28
74 71 15 119 74 1 14
