1 0 3 19 0 3 0
2 5 1 28 5 1 0
0 21 14 3 30 16 9
0 21 14 4 22 7 7
27 5 19 5 2 24 5
6 20 31 30 17 30 3
3 30 16 7 32 8 8
8 27 31 30 17 30 10
9 0 5 19 0 3 2
26 12 21 10 9 22 3
11 18 5 4 22 7 4
12 18 26 30 17 30 4
13 30 8 7 32 8 2
27 5 19 14 6 17 2
28 5 1 15 8 2 3
30 17 30 16 13 27 5
17 2 29 29 5 33 5
18 12 10 0 21 14 9
28 5 1 19 0 3 5
20 3 32 29 5 33 2
21 19 4 11 18 5 1
22 26 21 3 30 16 6
15 8 2 23 11 0 3
10 9 22 24 7 27 5
22 26 21 25 28 21 2
26 12 21 0 21 14 11
26 12 21 27 5 19 7
28 5 1 0 21 14 20
26 12 21 29 5 33 13
26 12 21 30 17 30 10
32 31 17 31 31 18 1
3 30 16 32 31 17 1
22 26 21 33 27 21 1
