93 117 78 1 114 76 3
114 74 152 2 65 154 9
3 88 39 12 98 68 30
66 147 28 4 146 21 7
94 83 58 5 78 55 5
6 105 37 101 107 30 7
7 123 101 121 113 103 10
8 96 152 119 114 142 20
9 99 151 8 96 152 3
10 86 105 148 79 106 7
11 74 6 60 95 15 22
12 98 68 25 144 60 46
13 55 25 107 58 28 4
14 97 127 155 99 135 8
103 61 13 15 62 16 3
16 28 55 75 34 84 29
75 34 84 17 7 77 27
18 19 118 0 36 108 19
19 25 1 57 35 10 13
80 143 73 20 138 81 9
21 122 58 89 123 54 4
75 34 84 22 61 66 32
117 49 13 23 54 16 5
49 117 23 24 125 22 8
25 144 60 0 36 108 118
26 71 16 11 74 6 10
27 81 143 114 74 152 11
28 146 21 4 146 21 0
79 0 8 29 4 1 8
29 4 1 30 8 5 5
31 117 153 119 114 142 11
26 71 16 32 67 15 4
33 40 41 56 39 46 5
34 4 37 79 0 8 29
35 11 68 17 7 77 9
36 1 37 34 4 37 3
37 15 111 18 19 118 8
0 36 108 38 40 116 8
39 19 138 67 30 129 14
144 145 107 40 155 106 10
41 145 70 80 143 73 3
123 137 145 42 141 137 8
20 138 81 43 144 89 10
44 129 136 123 137 145 12
45 53 77 22 61 66 13
131 71 27 46 76 22 7
108 61 114 47 58 132 18
48 125 154 31 117 153 8
49 117 23 25 144 60 45
50 109 118 70 110 116 2
124 141 105 51 134 112 9
52 82 38 3 88 39 6
99 93 44 53 89 49 6
54 119 97 7 123 101 5
55 16 57 16 28 55 12
56 39 46 16 28 55 14
57 35 10 29 4 1 32
116 84 63 58 79 67 6
59 10 109 37 15 111 5
60 95 15 142 100 17 5
61 114 120 70 110 116 5
18 19 118 62 0 112 19
63 80 131 65 77 130 3
126 54 38 64 53 32 6
65 77 130 108 61 114 22
66 147 28 106 154 53 25
67 30 129 18 19 118 15
68 114 69 93 117 78 9
69 74 90 149 73 84 6
70 110 116 119 114 142 26
141 142 117 71 134 122 9
52 82 38 72 72 29 13
73 93 97 10 86 105 10
6 105 37 74 110 43 7
0 36 108 75 34 84 24
76 139 98 124 141 105 7
42 141 137 77 148 133 8
78 92 56 12 98 68 13
75 34 84 79 0 8 83
80 143 73 25 144 60 13
81 123 75 93 117 78 6
99 93 44 82 103 47 10
51 134 112 83 131 106 6
62 0 112 84 5 121 10
52 82 38 85 82 42 4
67 30 129 86 33 152 23
87 6 43 34 4 37 6
88 135 151 123 137 145 6
89 123 54 25 144 60 21
63 80 131 90 84 126 6
91 149 43 106 154 53 11
92 89 69 12 98 68 9
12 98 68 93 117 78 21
94 83 58 78 92 56 9
95 41 65 16 28 55 16
22 61 66 96 71 54 15
97 6 95 17 7 77 18
98 60 100 129 58 104 4
99 93 44 3 88 39 7
47 58 132 100 62 135 5
101 107 30 49 117 23 12
149 73 84 102 78 80 6
32 67 15 103 61 13 6
104 151 95 43 144 89 9
142 100 17 105 103 7 10
106 154 53 25 144 60 12
107 58 28 126 54 38 10
0 36 108 108 61 114 25
66 147 28 109 144 35 7
114 74 152 110 70 155 5
111 34 29 135 32 37 8
112 128 67 143 137 67 9
124 141 105 113 140 108 3
114 74 152 8 96 152 22
70 110 116 115 101 107 12
116 84 63 94 83 58 5
57 35 10 117 49 13 14
0 36 108 118 27 104 9
119 114 142 0 36 108 85
45 53 77 120 58 85 9
70 110 116 121 113 103 13
18 19 118 122 15 122 5
119 114 142 123 137 145 23
144 145 107 124 141 105 4
149 73 84 125 75 86 2
126 54 38 22 61 66 28
127 68 139 65 77 130 12
128 31 146 86 33 152 6
129 58 104 108 61 114 10
148 79 106 130 75 117 11
72 72 29 131 71 27 2
132 56 73 45 53 77 5
133 28 54 16 28 55 1
134 59 51 96 71 54 12
135 32 37 56 39 46 11
9 99 151 136 106 150 7
137 11 86 17 7 77 9
138 121 105 7 123 101 4
14 97 127 139 97 128 1
39 19 138 140 10 156 20
141 142 117 144 145 107 10
142 100 17 49 117 23 18
80 143 73 143 137 67 8
144 145 107 80 143 73 34
20 138 81 145 144 83 6
71 134 122 146 134 118 4
147 112 102 121 113 103 1
148 79 106 108 61 114 19
149 73 84 22 61 66 21
150 50 11 117 49 13 2
151 78 50 96 71 54 8
152 44 49 56 39 46 5
42 141 137 153 149 144 10
75 34 84 154 23 88 11
119 114 142 155 99 135 16
156 34 132 67 30 129 5
