83 80 76 1 78 72 4
2 24 112 60 29 104 9
3 133 97 76 128 91 7
4 53 91 119 55 102 11
5 40 70 127 37 65 5
7 37 126 6 37 120 6
7 37 126 60 29 104 23
14 78 134 8 76 133 2
52 14 81 9 33 83 19
10 15 56 69 15 60 4
11 124 0 62 113 15 18
2 24 112 12 21 110 3
91 109 116 13 106 114 3
23 69 107 14 78 134 28
15 80 134 14 78 134 2
16 28 11 89 19 8 9
17 82 68 1 78 72 5
102 128 78 18 134 89 12
19 80 61 17 82 68 7
20 100 42 90 105 31 12
21 109 63 27 122 76 18
11 124 0 22 129 7 8
23 69 107 52 14 81 60
24 121 103 31 109 92 16
36 87 16 25 85 22 6
26 28 124 7 37 126 9
27 122 76 102 128 78 6
125 65 102 28 68 101 3
110 113 133 29 124 135 11
30 113 3 11 124 0 11
102 128 78 31 109 92 23
32 124 103 24 121 103 3
33 36 16 116 28 27 13
34 14 12 89 19 8 6
10 15 56 35 20 49 8
36 87 16 0 64 5 25
37 126 15 62 113 15 13
94 37 26 38 43 30 7
24 121 103 39 128 103 7
40 10 122 60 29 104 26
113 81 94 41 95 91 14
42 45 72 127 37 65 10
69 15 60 43 3 50 15
44 124 28 107 116 36 11
50 43 5 45 39 6 4
79 4 114 46 0 117 5
47 60 68 117 58 77 9
48 125 43 107 116 36 11
49 107 61 87 106 62 1
50 43 5 0 64 5 21
23 69 107 51 65 123 16
0 64 5 52 14 81 90
53 35 95 60 29 104 10
54 97 49 20 100 42 7
55 99 69 118 106 73 8
56 6 86 52 14 81 9
120 70 43 57 60 41 10
36 87 16 58 79 32 17
59 62 18 123 63 21 3
52 14 81 60 29 104 27
95 79 7 61 74 16 10
62 113 15 0 64 5 50
112 60 27 63 53 31 8
64 111 79 27 122 76 11
38 43 30 65 45 39 9
134 24 98 66 16 98 8
67 53 132 51 65 123 15
68 91 73 126 91 82 9
69 15 60 52 14 81 21
70 96 106 113 81 94 19
1 78 72 71 75 73 3
72 77 110 23 69 107 8
69 15 60 73 38 58 23
74 48 22 38 43 30 9
75 44 24 74 48 22 4
18 134 89 76 128 91 6
88 14 4 77 12 3 2
78 28 45 98 21 38 9
40 10 122 79 4 114 10
102 128 78 80 125 78 3
81 68 23 123 63 21 5
82 15 42 98 21 38 7
83 80 76 113 81 94 18
38 43 30 84 46 30 3
41 95 91 85 93 91 2
86 28 72 9 33 83 12
21 109 63 87 106 62 3
88 14 4 89 19 8 6
89 19 8 116 28 27 21
90 105 31 62 113 15 17
70 96 106 91 109 116 16
102 128 78 92 134 74 7
24 121 103 93 134 118 19
116 28 27 94 37 26 9
36 87 16 95 79 7 12
92 134 74 96 132 65 9
45 39 6 97 39 4 2
116 28 27 98 21 38 13
99 105 134 114 109 133 4
7 37 126 100 39 135 9
91 109 116 101 114 117 5
62 113 15 102 128 78 64
103 27 107 60 29 104 3
52 14 81 104 7 75 9
15 80 134 105 81 135 1
106 65 75 117 58 77 7
107 116 36 90 105 31 12
108 3 110 79 4 114 4
109 38 13 33 36 16 3
114 109 133 110 113 133 4
47 60 68 111 63 63 5
0 64 5 112 60 27 22
23 69 107 113 81 94 17
114 109 133 70 96 106 29
0 64 5 115 64 11 6
0 64 5 116 28 27 42
9 33 83 117 58 77 25
118 106 73 64 111 79 7
119 55 102 125 65 102 10
120 70 43 58 79 32 14
121 129 53 48 125 43 10
120 70 43 122 70 54 11
112 60 27 123 63 21 6
22 129 7 124 135 6 6
23 69 107 125 65 102 6
126 91 82 41 95 91 9
73 38 58 127 37 65 7
90 105 31 128 102 27 5
129 33 58 73 38 58 5
130 102 127 114 109 133 9
58 79 32 131 75 30 4
22 129 7 132 128 4 3
110 113 133 133 113 135 2
134 24 98 60 29 104 7
54 97 49 135 88 45 9
