1 20 7 45 19 5 2
40 43 37 2 47 49 12
3 47 21 0 43 18 5
13 31 56 4 57 59 26
5 51 40 40 43 37 8
6 25 0 21 24 6 6
7 22 33 50 20 39 6
40 43 37 8 43 42 5
9 55 58 4 57 59 2
10 53 55 9 55 58 3
55 38 34 11 39 37 3
12 15 12 23 13 11 2
0 43 18 13 31 56 39
36 42 21 14 40 24 3
15 14 21 16 15 25 4
34 17 26 16 15 25 2
17 59 2 41 38 4 21
18 1 48 22 1 41 7
19 17 3 0 43 18 30
19 17 3 20 16 1 2
19 17 3 21 24 6 7
50 20 39 22 1 41 19
19 17 3 23 13 11 8
0 43 18 24 35 15 8
25 24 40 50 20 39 4
26 21 21 51 19 23 2
27 33 55 13 31 56 2
60 11 59 28 13 58 2
29 20 27 34 17 26 3
52 7 10 30 7 7 3
31 8 51 18 1 48 7
21 24 6 32 26 12 6
13 31 56 33 23 51 9
50 20 39 34 17 26 13
35 57 30 37 52 28 5
36 42 21 0 43 18 3
43 47 34 37 52 28 7
38 54 46 39 51 49 4
39 51 49 2 47 49 4
40 43 37 0 43 18 19
41 38 4 0 43 18 14
17 59 2 42 58 1 1
43 47 34 40 43 37 5
40 43 37 44 32 35 11
45 19 5 19 17 3 2
7 22 33 46 18 34 4
19 17 3 47 6 2 11
48 52 20 3 47 21 5
49 42 18 0 43 18 1
50 20 39 13 31 56 20
51 19 23 34 17 26 3
52 7 10 23 13 11 6
43 47 34 53 46 36 2
54 51 16 48 52 20 4
55 38 34 40 43 37 5
47 6 2 56 0 1 6
57 43 0 41 38 4 6
58 53 57 9 55 58 2
9 55 58 59 48 60 7
60 11 59 33 23 51 14
