1 24 61 0 37 31 32
2 25 62 1 24 61 1
27 63 25 3 62 28 3
4 38 21 11 36 20 2
5 27 49 30 33 44 7
6 30 46 30 33 44 3
62 36 6 7 25 7 11
62 36 6 8 37 8 2
9 0 3 17 9 18 17
9 0 3 10 11 2 11
0 37 31 11 36 20 11
55 0 36 12 0 33 3
37 59 22 13 57 25 3
14 61 45 31 48 51 14
19 45 6 15 49 14 8
16 68 26 56 67 27 1
46 11 22 17 9 18 4
18 63 69 31 48 51 23
19 45 6 0 37 31 26
72 6 52 20 12 44 10
45 46 53 21 42 55 4
2 25 62 22 24 65 3
23 23 68 22 24 65 3
24 10 37 20 12 44 7
18 63 69 25 63 66 3
2 25 62 26 36 61 11
27 63 25 56 67 27 4
28 51 19 15 49 14 5
72 6 52 29 6 50 2
30 33 44 0 37 31 13
31 48 51 0 37 31 22
32 52 33 64 41 29 11
21 42 55 33 39 57 3
34 2 42 38 2 44 2
35 25 50 5 27 49 2
36 7 40 24 10 37 4
37 59 22 56 67 27 9
38 2 44 72 6 52 8
39 63 21 37 59 22 4
20 12 44 40 17 44 5
11 36 20 41 42 15 7
6 30 46 42 26 41 6
43 53 27 13 57 25 4
1 24 61 44 15 59 9
45 46 53 31 48 51 2
46 11 22 11 36 20 25
19 45 6 47 67 3 22
46 11 22 48 15 26 5
46 11 22 49 5 24 6
50 39 8 62 36 6 3
31 48 51 51 46 51 2
52 49 71 18 63 69 14
19 45 6 53 45 1 5
7 25 7 54 22 9 3
38 2 44 55 0 36 8
56 67 27 0 37 31 30
60 41 50 57 42 43 7
1 24 61 58 16 68 10
30 33 44 59 33 38 6
60 41 50 45 46 53 5
14 61 45 61 69 44 8
19 45 6 62 36 6 9
63 62 37 14 61 45 8
64 41 29 0 37 31 4
65 52 5 19 45 6 7
1 24 61 66 21 64 4
67 5 70 58 16 68 11
19 45 6 68 47 7 2
69 25 49 35 25 50 1
62 36 6 70 33 7 3
26 36 61 71 38 67 6
72 6 52 1 24 61 20
