63 90 83 1 78 94 16
37 76 32 2 74 29 3
8 97 6 3 90 1 8
4 114 32 79 104 47 18
5 68 12 0 14 14 54
12 87 114 6 80 107 9
7 18 101 94 11 99 7
5 68 12 8 97 6 29
23 44 68 9 43 70 2
10 54 80 88 45 86 10
113 19 44 11 35 40 16
12 87 114 1 78 94 21
13 115 96 107 99 95 16
114 91 61 14 87 64 5
52 67 48 15 58 52 9
15 58 52 16 51 51 7
17 84 20 5 68 12 17
18 112 114 87 107 115 5
19 22 85 64 19 82 4
20 104 104 107 99 95 10
21 79 47 68 86 47 7
47 44 66 22 45 62 4
47 44 66 23 44 68 2
24 29 104 62 31 101 3
66 9 46 25 4 43 5
5 68 12 26 51 8 17
27 25 60 49 31 57 6
24 29 104 28 33 107 5
29 95 86 43 96 86 1
35 58 102 30 64 107 7
17 84 20 31 82 16 4
32 89 44 79 104 47 15
84 88 71 33 88 69 2
5 68 12 34 74 37 25
35 58 102 73 45 94 15
49 31 57 36 40 51 10
37 76 32 34 74 37 5
38 22 28 0 14 14 16
26 51 8 39 47 19 11
79 104 47 40 96 63 17
41 28 30 38 22 28 6
51 13 75 42 3 85 14
63 90 83 43 96 86 6
84 88 71 44 76 71 12
45 20 15 78 23 12 4
24 29 104 46 24 103 5
47 44 66 49 31 57 15
48 27 39 11 35 40 8
113 19 44 49 31 57 17
89 99 98 50 94 106 9
51 13 75 0 14 14 61
34 74 37 52 67 48 13
53 45 95 73 45 94 1
54 1 10 0 14 14 13
55 92 79 63 90 83 4
56 16 93 109 13 93 3
57 3 19 54 1 10 9
80 81 10 58 86 11 5
48 27 39 59 29 44 5
60 76 14 5 68 12 8
111 109 8 61 106 3 5
70 24 89 62 31 101 13
40 96 63 63 90 83 20
51 13 75 64 19 82 9
113 19 44 65 20 43 1
113 19 44 66 9 46 10
87 107 115 67 106 111 4
68 86 47 32 89 44 4
48 27 39 69 29 36 3
19 22 85 70 24 89 4
52 67 48 71 65 58 10
72 18 111 109 13 93 18
73 45 94 88 45 86 8
74 3 58 86 5 61 3
75 99 58 40 96 63 5
1 78 94 76 88 94 10
32 89 44 77 92 45 3
78 23 12 0 14 14 9
79 104 47 5 68 12 50
80 81 10 60 76 14 6
1 78 94 81 72 96 6
82 84 107 6 80 107 4
35 58 102 83 59 93 9
84 88 71 40 96 63 11
85 93 82 63 90 83 3
51 13 75 86 5 61 16
20 104 104 87 107 115 11
88 45 86 64 19 82 26
89 99 98 107 99 95 3
90 38 38 11 35 40 3
91 38 109 62 31 101 10
92 5 62 86 5 61 1
70 24 89 93 26 93 4
94 11 99 109 13 93 6
71 65 58 95 64 59 1
97 49 68 96 56 71 7
47 44 66 97 49 68 5
98 19 39 65 20 43 4
74 3 58 99 3 59 1
100 62 81 10 54 80 8
34 74 37 101 57 33 17
44 76 71 102 72 64 8
103 11 8 106 13 6 2
95 64 59 104 63 62 3
105 52 77 10 54 80 3
106 13 6 0 14 14 8
63 90 83 107 99 95 15
107 99 95 108 104 98 5
109 13 93 64 19 82 12
110 91 52 77 92 45 7
111 109 8 8 97 6 12
112 2 90 42 3 85 5
0 14 14 113 19 44 30
40 96 63 114 91 61 5
115 9 85 42 3 85 6
