31 24 21 1 15 20 9
2 73 47 3 67 56 10
15 49 42 3 67 56 22
46 34 15 4 31 17 3
5 88 7 20 87 2 5
6 41 90 16 48 89 7
7 8 77 40 13 73 6
8 75 74 41 79 75 4
9 57 90 16 48 89 9
73 32 88 10 27 93 7
36 8 86 11 2 85 6
20 87 2 12 81 12 11
13 10 39 39 11 35 4
15 49 42 14 16 37 33
0 86 33 15 49 42 38
16 48 89 73 32 88 16
17 51 8 95 45 2 8
78 45 62 18 48 73 11
15 49 42 19 51 40 2
20 87 2 84 95 20 19
21 14 62 54 22 61 8
95 45 2 22 37 7 9
22 37 7 23 33 5 4
24 39 72 63 35 78 7
0 86 33 25 77 31 9
22 37 7 26 36 9 2
27 58 68 78 45 62 14
90 19 78 28 22 73 5
29 7 45 38 16 41 9
18 48 73 30 47 75 2
14 16 37 31 24 21 17
94 86 80 32 92 85 7
33 65 26 56 74 21 10
14 16 37 34 18 36 2
9 57 90 35 61 94 5
73 32 88 36 8 86 24
25 77 31 37 76 27 4
14 16 37 38 16 41 4
39 11 35 14 16 37 5
36 8 86 40 13 73 13
94 86 80 41 79 75 8
55 90 39 42 94 50 11
0 86 33 43 85 35 2
95 45 2 44 13 2 32
45 19 4 44 13 2 6
89 41 19 46 34 15 8
47 79 67 41 79 75 8
15 49 42 48 55 33 10
49 5 33 39 11 35 6
94 86 80 50 89 74 6
44 13 2 51 0 4 13
52 68 2 59 69 16 14
53 86 40 55 90 39 4
85 31 54 54 22 61 11
55 90 39 0 86 33 7
37 76 27 56 74 21 6
83 81 52 57 81 56 4
58 65 83 9 57 90 10
56 74 21 59 69 16 7
60 52 81 16 48 89 8
29 7 45 61 5 43 2
62 56 61 27 58 68 7
63 35 78 73 32 88 10
64 4 59 29 7 45 14
82 63 71 65 66 67 5
44 13 2 66 13 9 7
67 81 27 25 77 31 5
68 73 41 2 73 47 6
95 45 2 69 51 1 6
70 5 71 40 13 73 8
31 24 21 71 22 13 8
72 71 69 8 75 74 6
15 49 42 73 32 88 49
92 25 22 74 32 27 8
25 77 31 75 79 36 5
76 48 15 17 51 8 7
77 38 40 15 49 42 11
78 45 62 15 49 42 20
79 21 88 73 32 88 11
80 53 22 48 55 33 11
81 30 85 73 32 88 3
82 63 71 27 58 68 5
83 81 52 2 73 47 9
0 86 33 84 95 20 15
85 31 54 93 27 43 11
86 45 49 15 49 42 8
1 15 20 87 11 20 4
88 6 58 64 4 59 2
89 41 19 95 45 2 17
90 19 78 40 13 73 7
83 81 52 91 80 47 5
31 24 21 92 25 22 1
77 38 40 93 27 43 11
0 86 33 94 86 80 47
95 45 2 15 49 42 40
92 25 22 96 28 20 3
