1 39 28 22 38 32 4
38 42 40 2 49 45 8
0 49 9 3 45 2 8
22 38 32 4 39 30 2
36 30 21 5 34 10 11
6 20 11 37 26 8 6
13 33 44 7 37 44 4
8 24 47 40 28 50 5
9 11 4 11 12 10 6
10 49 22 42 49 25 3
39 0 3 11 12 10 13
12 21 49 8 24 47 3
13 33 44 20 30 39 5
5 34 10 14 26 0 12
15 36 21 23 33 21 3
26 16 23 16 2 25 14
17 22 42 20 30 39 8
23 33 21 18 39 21 6
17 22 42 19 11 46 11
36 30 21 20 30 39 18
21 14 7 11 12 10 3
20 30 39 22 38 32 10
36 30 21 23 33 21 3
39 0 3 24 4 10 8
25 39 33 22 38 32 1
36 30 21 26 16 23 14
16 2 25 27 5 35 10
28 8 47 19 11 46 3
29 47 12 0 49 9 3
28 8 47 30 6 47 2
31 17 35 26 16 23 12
32 12 2 9 11 4 2
17 22 42 33 17 41 5
26 16 23 34 15 18 5
16 2 25 35 7 21 6
0 49 9 36 30 21 22
37 26 8 48 29 15 7
22 38 32 38 42 40 8
39 0 3 36 30 21 34
40 28 50 20 30 39 11
39 0 3 41 0 6 3
0 49 9 42 49 25 16
43 5 13 24 4 10 3
44 50 9 0 49 9 1
35 7 21 45 3 19 4
31 17 35 46 0 48 21
47 23 45 8 24 47 2
48 29 15 36 30 21 6
29 47 12 49 43 11 4
50 32 38 20 30 39 2
