0 49 40 1 15 55 
1 15 55 9 10 61 
9 10 61 7 4 61 
7 4 61 44 0 55 
44 0 55 79 1 50 
79 1 50 50 12 71 
50 12 71 26 4 79 
26 4 79 29 13 77 
29 13 77 45 10 46 
45 10 46 59 9 28 
59 9 28 46 15 26 
46 15 26 5 53 28 
5 53 28 39 56 29 
39 56 29 18 58 31 
18 58 31 55 57 25 
55 57 25 65 48 31 
65 48 31 8 58 37 
8 58 37 32 75 41 
32 75 41 78 71 43 
78 71 43 74 59 35 
74 59 35 10 34 39 
10 34 39 23 38 40 
23 38 40 34 21 34 
34 21 34 3 21 43 
3 21 43 75 22 31 
75 22 31 28 24 32 
28 24 32 77 30 20 
77 30 20 15 34 24 
15 34 24 30 26 5 
30 26 5 22 24 9 
22 24 9 36 15 2 
36 15 2 41 27 3 
41 27 3 35 42 19 
35 42 19 49 29 20 
49 29 20 64 29 27 
64 29 27 27 48 48 
27 48 48 13 47 50 
13 47 50 42 56 54 
42 56 54 40 66 56 
40 66 56 2 72 63 
2 72 63 24 73 72 
24 73 72 54 72 59 
54 72 59 47 71 50 
47 71 50 68 43 47 
68 43 47 48 42 44 
48 42 44 58 71 13 
58 71 13 12 65 22 
12 65 22 19 63 20 
19 63 20 33 69 28 
33 69 28 37 74 33 
37 74 33 72 66 24 
72 66 24 4 66 26 
4 66 26 14 65 6 
14 65 6 16 60 0 
16 60 0 67 45 3 
67 45 3 6 50 4 
6 50 4 70 47 8 
70 47 8 53 71 4 
53 71 4 61 64 8 
61 64 8 11 59 10 
11 59 10 60 53 10 
60 53 10 43 65 12 
43 65 12 52 74 12 
52 74 12 56 70 17 
56 70 17 62 69 19 
62 69 19 73 39 55 
73 39 55 38 51 63 
38 51 63 17 53 65 
17 53 65 20 53 63 
20 53 63 31 60 63 
31 60 63 25 56 79 
25 56 79 51 61 74 
51 61 74 21 60 74 
21 60 74 69 53 71 
69 53 71 57 35 48 
57 35 48 63 35 48 
63 35 48 66 30 59 
66 30 59 76 37 66 
76 37 66 71 40 61 
71 40 61 0 49 40