1 9 57 42 11 51 
42 11 51 49 18 52 
49 18 52 19 16 50 
19 16 50 45 17 55 
45 17 55 34 29 33 
34 29 33 10 59 30 
10 59 30 5 64 43 
5 64 43 18 75 47 
18 75 47 17 65 31 
17 65 31 67 65 36 
67 65 36 82 66 25 
82 66 25 54 57 30 
54 57 30 0 27 15 
0 27 15 16 52 75 
16 52 75 20 36 75 
20 36 75 8 36 71 
8 36 71 48 25 71 
48 25 71 59 21 70 
59 21 70 76 22 84 
76 22 84 11 13 87 
11 13 87 28 29 92 
28 29 92 71 15 79 
71 15 79 66 13 74 
66 13 74 36 12 72 
36 12 72 46 9 71 
46 9 71 84 25 80 
84 25 80 41 77 74 
41 77 74 2 85 55 
2 85 55 74 91 55 
74 91 55 63 93 58 
63 93 58 38 73 84 
38 73 84 50 84 71 
50 84 71 13 90 77 
13 90 77 26 83 64 
26 83 64 64 83 64 
64 83 64 56 70 76 
56 70 76 37 67 73 
37 67 73 62 81 79 
62 81 79 83 52 70 
83 52 70 86 62 79 
86 62 79 43 61 70 
43 61 70 3 62 57 
3 62 57 7 63 73 
7 63 73 57 64 70 
57 64 70 60 63 67 
60 63 67 69 63 64 
69 63 64 53 54 87 
53 54 87 92 52 73 
92 52 73 27 14 23 
27 14 23 51 17 19 
51 17 19 65 4 36 
65 4 36 52 4 0 
52 4 0 75 6 0 
75 6 0 79 1 4 
79 1 4 90 0 15 
90 0 15 25 1 24 
25 1 24 88 3 22 
88 3 22 61 29 24 
61 29 24 15 26 23 
15 26 23 91 44 19 
91 44 19 12 41 21 
12 41 21 68 32 10 
68 32 10 4 35 6 
4 35 6 73 84 11 
73 84 11 21 92 27 
21 92 27 44 88 33 
44 88 33 35 77 33 
35 77 33 22 75 36 
22 75 36 85 87 43 
85 87 43 72 89 48 
72 89 48 80 91 24 
80 91 24 24 66 9 
24 66 9 77 52 1 
77 52 1 55 49 10 
55 49 10 58 56 5 
58 56 5 33 56 9 
33 56 9 87 71 5 
87 71 5 29 81 9 
29 81 9 31 83 2 
31 83 2 32 89 2 
32 89 2 30 89 4 
30 89 4 40 77 17 
40 77 17 81 81 13 
81 81 13 47 37 49 
47 37 49 9 45 49 
9 45 49 39 39 58 
39 39 58 89 41 48 
89 41 48 70 38 34 
70 38 34 78 26 29 
78 26 29 93 27 44 
93 27 44 14 32 45 
14 32 45 23 21 43 
23 21 43 6 8 65 
6 8 65 1 9 57