14 0 23 1 1 35 
1 1 35 30 5 40 
30 5 40 6 17 31 
6 17 31 7 9 35 
7 9 35 44 10 40 
44 10 40 35 10 42 
35 10 42 20 25 31 
20 25 31 21 13 31 
21 13 31 38 19 43 
38 19 43 22 14 45 
22 14 45 13 10 45 
13 10 45 31 29 41 
31 29 41 25 24 39 
25 24 39 45 26 44 
45 26 44 11 2 16 
11 2 16 3 3 18 
3 3 18 10 0 4 
10 0 4 33 11 11 
33 11 11 0 45 26 
0 45 26 9 42 30 
9 42 30 24 42 36 
24 42 36 42 41 35 
42 41 35 29 37 25 
29 37 25 41 33 23 
41 33 23 18 34 23 
18 34 23 39 29 17 
39 29 17 15 32 12 
15 32 12 26 36 12 
26 36 12 4 38 12 
4 38 12 16 24 14 
16 24 14 27 17 21 
27 17 21 28 13 25 
28 13 25 32 21 4 
32 21 4 8 22 6 
8 22 6 23 17 0 
23 17 0 17 38 6 
17 38 6 5 31 5 
5 31 5 43 29 5 
43 29 5 2 28 6 
2 28 6 12 39 7 
12 39 7 37 45 6 
37 45 6 19 45 5 
19 45 5 34 35 18 
34 35 18 36 28 17 
36 28 17 40 43 23 
40 43 23 14 0 23