1 44 99 62 43 105 
62 43 105 154 40 83 
154 40 83 86 48 88 
86 48 88 127 40 57 
127 40 57 35 55 39 
35 55 39 41 53 47 
41 53 47 57 64 49 
57 64 49 37 60 55 
37 60 55 117 66 53 
117 66 53 147 73 47 
147 73 47 43 75 55 
43 75 55 67 49 42 
67 49 42 71 54 36 
71 54 36 118 31 70 
118 31 70 114 26 64 
114 26 64 119 35 52 
119 35 52 24 31 55 
24 31 55 0 12 48 
0 12 48 8 11 51 
8 11 51 10 14 43 
10 14 43 58 35 25 
58 35 25 15 22 23 
15 22 23 72 27 11 
72 27 11 146 33 9 
146 33 9 93 32 31 
93 32 31 107 34 32 
107 34 32 98 42 14 
98 42 14 115 58 11 
115 58 11 60 62 16 
60 62 16 94 49 7 
94 49 7 21 44 5 
21 44 5 85 45 0 
85 45 0 144 63 2 
144 63 2 104 7 16 
104 7 16 109 2 26 
109 2 26 137 9 0 
137 9 0 126 14 40 
126 14 40 26 17 33 
26 17 33 44 15 63 
44 15 63 121 15 61 
121 15 61 140 19 68 
140 19 68 17 9 85 
17 9 85 66 134 27 
66 134 27 3 128 42 
3 128 42 69 118 34 
69 118 34 56 116 29 
56 116 29 79 110 30 
79 110 30 120 126 33 
120 126 33 12 102 4 
12 102 4 90 94 9 
90 94 9 112 83 3 
112 83 3 45 85 9 
45 85 9 132 75 9 
132 75 9 135 117 1 
135 117 1 34 137 26 
34 137 26 42 135 22 
42 135 22 55 141 1 
55 141 1 19 139 4 
19 139 4 95 136 13 
95 136 13 48 130 11 
48 130 11 75 125 9 
75 125 9 156 146 8 
156 146 8 100 142 34 
100 142 34 32 144 35 
32 144 35 36 158 53 
36 158 53 25 159 65 
25 159 65 81 158 51 
81 158 51 111 149 49 
111 149 49 54 141 61 
54 141 61 102 143 55 
102 143 55 59 152 35 
59 152 35 88 138 32 
88 138 32 148 100 45 
148 100 45 9 91 41 
9 91 41 30 95 35 
30 95 35 99 75 33 
99 75 33 31 98 43 
31 98 43 84 93 51 
84 93 51 4 85 53 
4 85 53 65 96 52 
65 96 52 106 101 71 
106 101 71 129 109 75 
129 109 75 157 91 85 
157 91 85 108 81 86 
108 81 86 145 105 56 
145 105 56 138 118 56 
138 118 56 5 113 61 
5 113 61 80 20 49 
80 20 49 87 0 54 
87 0 54 22 1 55 
22 1 55 124 84 160 
124 84 160 6 83 115 
6 83 115 52 72 102 
52 72 102 46 66 98 
46 66 98 76 61 89 
76 61 89 49 62 114 
49 62 114 110 60 106 
110 60 106 128 64 118 
128 64 118 97 69 109 
97 69 109 82 73 125 
82 73 125 14 75 127 
14 75 127 151 72 122 
151 72 122 89 99 111 
89 99 111 101 108 126 
101 108 126 103 119 126 
103 119 126 105 94 112 
105 94 112 150 90 101 
150 90 101 11 58 158 
11 58 158 47 49 138 
47 49 138 77 12 139 
77 12 139 29 17 140 
29 17 140 18 32 145 
18 32 145 153 22 141 
153 22 141 83 16 159 
83 16 159 38 5 155 
38 5 155 143 7 157 
143 7 157 133 18 128 
133 18 128 50 73 142 
50 73 142 16 64 137 
16 64 137 131 98 158 
131 98 158 33 92 143 
33 92 143 27 102 144 
27 102 144 96 112 152 
96 112 152 2 111 159 
2 111 159 51 114 152 
51 114 152 73 118 151 
73 118 151 123 123 138 
123 123 138 13 128 144 
13 128 144 23 128 132 
23 128 132 20 128 127 
20 128 127 130 132 123 
130 132 123 122 115 136 
122 115 136 160 154 146 
160 154 146 53 158 110 
53 158 110 28 156 113 
28 156 113 92 137 94 
92 137 94 64 124 93 
64 124 93 68 139 82 
68 139 82 134 138 96 
134 138 96 158 151 91 
158 151 91 142 154 108 
142 154 108 39 139 111 
39 139 111 61 132 113 
61 132 113 139 156 136 
139 156 136 74 160 127 
74 160 127 40 147 124 
40 147 124 155 144 158 
155 144 158 78 152 158 
78 152 158 116 157 160 
116 157 160 149 2 44 
149 2 44 136 63 70 
136 63 70 63 74 74 
63 74 74 141 83 75 
141 83 75 70 81 73 
70 81 73 152 61 74 
152 61 74 159 33 100 
159 33 100 113 18 102 
113 18 102 125 30 108 
125 30 108 7 45 98 
7 45 98 91 39 98 
91 39 98 1 44 99