1 9 138 131 20 146 
131 20 146 117 18 123 
117 18 123 41 32 114 
41 32 114 48 37 121 
48 37 121 135 38 119 
135 38 119 0 43 63 
0 43 63 10 56 70 
10 56 70 127 59 84 
127 59 84 57 55 89 
57 55 89 91 59 85 
91 59 85 145 63 63 
145 63 63 17 4 61 
17 4 61 104 6 60 
104 6 60 103 7 42 
103 7 42 9 10 39 
9 10 39 143 5 69 
143 5 69 35 84 34 
35 84 34 22 104 47 
22 104 47 15 103 45 
15 103 45 52 103 44 
52 103 44 29 121 76 
29 121 76 75 127 91 
75 127 91 18 133 90 
18 133 90 79 134 86 
79 134 86 106 109 66 
106 109 66 24 115 67 
24 115 67 144 107 66 
144 107 66 44 120 44 
44 120 44 78 118 47 
78 118 47 96 140 43 
96 140 43 5 138 41 
5 138 41 38 140 29 
38 140 29 11 149 58 
11 149 58 114 139 56 
114 139 56 88 143 59 
88 143 59 121 147 71 
121 147 71 46 147 79 
46 147 79 51 152 88 
51 152 88 102 98 49 
102 98 49 82 100 55 
82 100 55 58 74 24 
58 74 24 105 68 26 
105 68 26 56 61 26 
56 61 26 109 77 15 
109 77 15 13 82 15 
13 82 15 115 73 15 
115 73 15 27 72 7 
27 72 7 59 92 1 
59 92 1 53 86 3 
53 86 3 65 86 30 
65 86 30 26 91 33 
26 91 33 73 96 30 
73 96 30 68 66 43 
68 66 43 54 74 45 
54 74 45 111 59 14 
111 59 14 67 65 18 
67 65 18 119 55 17 
119 55 17 123 50 21 
123 50 21 129 87 41 
129 87 41 146 85 43 
146 85 43 130 104 22 
130 104 22 8 127 15 
8 127 15 64 149 15 
64 149 15 107 131 18 
107 131 18 43 131 26 
43 131 26 110 124 8 
110 124 8 32 94 18 
32 94 18 55 88 16 
55 88 16 92 102 32 
92 102 32 101 110 20 
101 110 20 100 114 14 
100 114 14 39 78 69 
39 78 69 19 79 69 
19 79 69 83 77 80 
83 77 80 118 82 83 
118 82 83 97 84 70 
97 84 70 45 89 65 
45 89 65 125 75 56 
125 75 56 99 67 54 
99 67 54 95 61 53 
95 61 53 148 85 54 
148 85 54 151 76 66 
151 76 66 77 28 60 
77 28 60 33 24 71 
33 24 71 112 33 72 
112 33 72 47 29 50 
47 29 50 80 47 62 
80 47 62 93 26 23 
93 26 23 2 27 30 
2 27 30 98 25 37 
98 25 37 30 16 39 
30 16 39 90 36 4 
90 36 4 62 35 7 
62 35 7 147 40 8 
147 40 8 87 41 6 
87 41 6 116 19 25 
116 19 25 34 0 3 
34 0 3 74 5 5 
74 5 5 40 17 23 
40 17 23 94 41 63 
94 41 63 128 39 84 
128 39 84 25 41 100 
25 41 100 14 31 103 
14 31 103 50 27 100 
50 27 100 36 44 77 
36 44 77 6 50 84 
6 50 84 60 16 88 
60 16 88 72 18 96 
72 18 96 89 0 87 
89 0 87 4 6 87 
4 6 87 134 32 92 
134 32 92 86 27 86 
86 27 86 137 45 49 
137 45 49 42 49 52 
42 49 52 81 47 35 
81 47 35 69 40 26 
69 40 26 16 38 33 
16 38 33 140 75 109 
140 75 109 70 59 101 
70 59 101 7 50 103 
7 50 103 132 67 96 
132 67 96 85 83 105 
85 83 105 3 83 92 
3 83 92 120 88 94 
120 88 94 138 94 96 
138 94 96 12 104 90 
12 104 90 139 104 106 
139 104 106 126 82 132 
126 82 132 61 76 146 
61 76 146 23 70 142 
23 70 142 150 71 131 
150 71 131 133 105 142 
133 105 142 122 130 128 
122 130 128 37 123 127 
37 123 127 28 121 114 
28 121 114 76 119 130 
76 119 130 84 135 122 
84 135 122 108 141 128 
108 141 128 141 146 129 
141 146 129 113 123 135 
113 123 135 31 128 140 
31 128 140 71 121 142 
71 121 142 136 135 138 
136 135 138 153 107 144 
153 107 144 49 106 153 
49 106 153 142 60 121 
142 60 121 66 52 141 
66 52 141 20 40 138 
20 40 138 63 54 149 
63 54 149 124 47 137 
124 47 137 152 4 116 
152 4 116 149 29 148 
149 29 148 21 5 149 
21 5 149 1 9 138