1 10 19 0 13 18 
0 13 18 4 2 18 
4 2 18 22 2 30 
22 2 30 29 5 29 
29 5 29 7 4 29 
7 4 29 16 14 22 
16 14 22 21 12 26 
21 12 26 28 11 29 
28 11 29 25 16 32 
25 16 32 24 15 21 
24 15 21 19 12 17 
19 12 17 26 31 19 
26 31 19 3 24 15 
3 24 15 13 22 19 
13 22 19 8 22 22 
8 22 22 6 28 20 
6 28 20 11 31 24 
11 31 24 17 30 13 
17 30 13 20 29 12 
20 29 12 12 26 9 
12 26 9 27 28 30 
27 28 30 31 32 19 
31 32 19 30 15 12 
30 15 12 5 10 8 
5 10 8 2 4 7 
2 4 7 18 4 8 
18 4 8 10 18 8 
10 18 8 14 20 5 
14 20 5 32 21 11 
32 21 11 23 13 13 
23 13 13 9 11 21 
9 11 21 15 10 18 
15 10 18 1 10 19