78 74 99 1 79 104 
1 79 104 52 81 88 
52 81 88 34 87 94 
34 87 94 64 100 90 
64 100 90 21 102 87 
21 102 87 55 102 81 
55 102 81 84 105 79 
84 105 79 100 97 83 
100 97 83 89 113 56 
89 113 56 60 110 48 
60 110 48 61 98 36 
61 98 36 101 101 44 
101 101 44 0 65 15 
0 65 15 74 71 15 
74 71 15 40 71 19 
40 71 19 119 74 1 
119 74 1 75 101 6 
75 101 6 8 91 0 
8 91 0 32 103 1 
32 103 1 31 112 2 
31 112 2 71 107 0 
71 107 0 47 98 11 
47 98 11 103 93 15 
103 93 15 19 91 21 
19 91 21 97 87 26 
97 87 26 46 89 32 
46 89 32 112 114 17 
112 114 17 25 107 16 
25 107 16 99 110 18 
99 110 18 110 104 17 
110 104 17 56 112 26 
56 112 26 87 14 104 
87 14 104 14 10 93 
14 10 93 54 10 89 
54 10 89 12 12 80 
12 12 80 105 10 77 
105 10 77 68 5 96 
68 5 96 26 31 111 
26 31 111 59 33 103 
59 33 103 66 37 103 
66 37 103 81 43 117 
81 43 117 108 29 113 
108 29 113 35 12 101 
35 12 101 85 7 117 
85 7 117 83 0 111 
83 0 111 118 40 93 
118 40 93 9 37 96 
9 37 96 37 36 83 
37 36 83 18 33 74 
18 33 74 113 35 72 
113 35 72 80 25 87 
80 25 87 102 20 88 
102 20 88 116 21 71 
116 21 71 104 13 72 
104 13 72 67 47 85 
67 47 85 49 48 83 
49 48 83 20 55 78 
20 55 78 50 46 83 
50 46 83 96 45 102 
96 45 102 92 52 11 
92 52 11 15 34 2 
15 34 2 57 33 13 
57 33 13 91 4 4 
91 4 4 106 4 4 
106 4 4 30 53 9 
30 53 9 94 58 27 
94 58 27 4 65 37 
4 65 37 62 69 47 
62 69 47 6 64 49 
6 64 49 48 58 52 
48 58 52 70 71 39 
70 71 39 11 58 33 
11 58 33 58 57 39 
58 57 39 90 50 51 
90 50 51 29 38 55 
29 38 55 36 47 63 
36 47 63 79 46 62 
79 46 62 42 12 42 
42 12 42 13 7 58 
13 7 58 73 2 71 
73 2 71 88 6 72 
88 6 72 17 7 74 
17 7 74 82 17 61 
82 17 61 24 22 56 
24 22 56 114 0 50 
114 0 50 41 21 43 
41 21 43 22 22 41 
22 22 41 51 20 31 
51 20 31 117 19 46 
117 19 46 65 49 22 
65 49 22 107 37 35 
107 37 35 53 33 27 
53 33 27 43 29 26 
43 29 26 77 59 29 
77 59 29 93 107 68 
93 107 68 5 97 65 
5 97 65 16 95 70 
16 95 70 23 110 65 
23 110 65 98 83 50 
98 83 50 3 79 59 
3 79 59 45 85 60 
45 85 60 86 83 68 
86 83 68 76 89 79 
76 89 79 28 84 80 
28 84 80 95 82 45 
95 82 45 39 82 42 
39 82 42 44 77 39 
44 77 39 69 97 88 
69 97 88 10 92 85 
10 92 85 27 92 85 
27 92 85 72 103 93 
72 103 93 2 98 99 
2 98 99 109 115 109 
109 115 109 7 110 118 
7 110 118 115 84 114 
115 84 114 33 81 112 
33 81 112 63 75 118 
63 75 118 111 92 108 
111 92 108 38 93 111 
38 93 111 78 74 99