30 72 94 1 67 99 
1 67 99 44 62 113 
44 62 113 83 61 98 
83 61 98 141 60 100 
141 60 100 145 69 105 
145 69 105 133 71 104 
133 71 104 11 54 82 
11 54 82 69 61 87 
69 61 87 70 48 70 
70 48 70 10 39 67 
10 39 67 88 31 103 
88 31 103 3 29 103 
3 29 103 73 20 84 
73 20 84 72 27 77 
72 27 77 94 0 96 
94 0 96 137 43 110 
137 43 110 26 42 108 
26 42 108 0 64 40 
0 64 40 14 72 38 
14 72 38 142 82 34 
142 82 34 64 53 49 
64 53 49 18 41 57 
18 41 57 22 29 45 
22 29 45 74 66 56 
74 66 56 62 82 63 
62 82 63 67 79 66 
67 79 66 107 79 74 
107 79 74 77 89 72 
77 89 72 79 86 60 
79 86 60 15 84 53 
15 84 53 93 45 50 
93 45 50 134 54 56 
134 54 56 101 93 28 
101 93 28 49 93 27 
49 93 27 56 97 47 
56 97 47 89 93 46 
89 93 46 66 90 41 
66 90 41 110 110 45 
110 110 45 135 119 54 
135 119 54 121 110 57 
121 110 57 138 109 38 
138 109 38 21 109 35 
21 109 35 87 110 12 
87 110 12 36 99 8 
36 99 8 92 102 5 
92 102 5 12 97 0 
12 97 0 47 125 4 
47 125 4 42 133 17 
42 133 17 76 132 35 
76 132 35 25 126 42 
25 126 42 41 122 31 
41 122 31 78 145 33 
78 145 33 4 142 31 
4 142 31 108 138 49 
108 138 49 116 145 3 
116 145 3 125 116 22 
125 116 22 109 95 36 
109 95 36 112 88 13 
112 88 13 27 77 18 
27 77 18 117 80 9 
117 80 9 119 90 19 
119 90 19 131 86 2 
131 86 2 127 119 71 
127 119 71 55 124 78 
55 124 78 52 107 86 
52 107 86 59 119 70 
59 119 70 113 124 95 
113 124 95 13 117 102 
13 117 102 29 114 96 
29 114 96 5 108 96 
5 108 96 115 116 113 
115 116 113 57 131 97 
57 131 97 71 134 94 
71 134 94 100 132 87 
100 132 87 124 125 98 
124 125 98 140 146 105 
140 146 105 50 138 113 
50 138 113 6 134 124 
6 134 124 37 126 121 
37 126 121 43 122 118 
43 122 118 60 142 140 
60 142 140 103 142 129 
103 142 129 31 136 112 
31 136 112 8 131 109 
8 131 109 120 40 14 
120 40 14 35 52 1 
35 52 1 58 42 0 
58 42 0 51 21 27 
51 21 27 7 14 39 
7 14 39 63 1 32 
63 1 32 82 0 26 
82 0 26 75 15 56 
75 15 56 40 14 58 
40 14 58 147 6 68 
147 6 68 98 19 56 
98 19 56 99 15 30 
99 15 30 54 13 22 
54 13 22 61 32 6 
61 32 6 32 10 6 
32 10 6 34 16 5 
34 16 5 45 6 2 
45 6 2 86 46 21 
86 46 21 144 56 27 
144 56 27 23 57 28 
23 57 28 90 64 25 
90 64 25 24 70 20 
24 70 20 104 55 32 
104 55 32 123 48 36 
123 48 36 19 45 31 
19 45 31 91 69 132 
91 69 132 16 97 139 
16 97 139 39 116 128 
39 116 128 96 121 140 
96 121 140 129 119 135 
129 119 135 122 116 123 
122 116 123 80 112 123 
80 112 123 48 87 130 
48 87 130 85 33 145 
85 33 145 105 5 126 
105 5 126 28 6 133 
28 6 133 81 18 125 
81 18 125 106 18 145 
106 18 145 17 10 146 
17 10 146 20 8 144 
20 8 144 84 5 145 
84 5 145 38 1 144 
38 1 144 132 14 137 
132 14 137 136 19 142 
136 19 142 114 47 134 
114 47 134 33 49 126 
33 49 126 65 40 122 
65 40 122 46 33 128 
46 33 128 139 37 127 
139 37 127 95 66 129 
95 66 129 9 59 136 
9 59 136 53 63 129 
53 63 129 143 69 140 
143 69 140 68 64 147 
68 64 147 126 56 145 
126 56 145 118 65 140 
118 65 140 111 77 109 
111 77 109 97 75 103 
97 75 103 146 96 109 
146 96 109 102 98 102 
102 98 102 130 80 93 
130 80 93 128 82 90 
128 82 90 2 77 87 
2 77 87 30 72 94