22 58 14 1 54 8 
1 54 8 29 64 6 
29 64 6 0 41 2 
0 41 2 18 40 15 
18 40 15 44 38 18 
44 38 18 20 52 0 
20 52 0 24 58 30 
24 58 30 16 53 48 
16 53 48 8 56 47 
8 56 47 13 66 65 
13 66 65 45 65 60 
45 65 60 21 52 59 
21 52 59 35 41 56 
35 41 56 27 37 60 
27 37 60 39 37 58 
39 37 58 64 28 65 
64 28 65 49 43 54 
49 43 54 62 55 65 
62 55 65 43 53 63 
43 53 63 59 55 50 
59 55 50 2 56 50 
2 56 50 53 60 51 
53 60 51 46 61 54 
46 61 54 56 55 53 
56 55 53 17 66 38 
17 66 38 19 55 31 
19 55 31 54 53 34 
54 53 34 38 51 39 
38 51 39 50 54 26 
50 54 26 14 57 21 
14 57 21 51 63 32 
51 63 32 65 59 32 
65 59 32 26 28 10 
26 28 10 25 10 7 
25 10 7 28 7 2 
28 7 2 5 9 0 
5 9 0 63 15 2 
63 15 2 40 26 15 
40 26 15 42 30 26 
42 30 26 3 31 26 
3 31 26 34 11 29 
34 11 29 4 7 24 
4 7 24 10 8 26 
10 8 26 11 4 28 
11 4 28 30 12 28 
30 12 28 33 13 39 
33 13 39 36 15 24 
36 15 24 41 14 26 
41 14 26 61 12 24 
61 12 24 9 10 22 
9 10 22 37 5 53 
37 5 53 6 0 44 
6 0 44 57 5 44 
57 5 44 31 8 51 
31 8 51 32 7 58 
32 7 58 55 1 65 
55 1 65 48 14 63 
48 14 63 52 24 29 
52 24 29 12 22 28 
12 22 28 47 21 32 
47 21 32 60 31 32 
60 31 32 15 32 41 
15 32 41 66 37 45 
66 37 45 58 29 50 
58 29 50 7 19 50 
7 19 50 23 64 13 
23 64 13 22 58 14