1 31 40 15 28 33 
15 28 33 24 25 27 
24 25 27 3 12 36 
3 12 36 17 3 33 
17 3 33 13 3 40 
13 3 40 21 16 38 
21 16 38 19 18 35 
19 18 35 26 21 44 
26 21 44 41 10 39 
41 10 39 36 9 44 
36 9 44 27 37 30 
27 37 30 4 38 27 
4 38 27 20 39 24 
20 39 24 34 40 29 
34 40 29 37 40 27 
37 40 27 38 39 14 
38 39 14 12 35 4 
12 35 4 22 36 0 
22 36 0 11 44 31 
11 44 31 29 40 44 
29 40 44 0 5 6 
0 5 6 9 11 10 
9 11 10 16 20 14 
16 20 14 6 21 18 
6 21 18 30 19 13 
30 19 13 18 13 18 
18 13 18 28 10 9 
28 10 9 43 3 19 
43 3 19 40 7 24 
40 7 24 5 11 23 
5 11 23 44 18 7 
44 18 7 7 22 7 
7 22 7 10 8 2 
10 8 2 14 3 1 
14 3 1 31 8 8 
31 8 8 35 35 31 
35 35 31 25 30 25 
25 30 25 23 31 23 
23 31 23 2 31 19 
2 31 19 33 21 32 
33 21 32 8 23 36 
8 23 36 32 31 35 
32 31 35 39 29 36 
39 29 36 42 31 41 
42 31 41 1 31 40