66 53 10 1 54 5 
1 54 5 46 53 14 
46 53 14 38 39 6 
38 39 6 74 15 4 
74 15 4 5 0 11 
5 0 11 22 8 22 
22 8 22 49 3 34 
49 3 34 83 7 47 
83 7 47 34 4 47 
34 4 47 50 4 52 
50 4 52 14 6 54 
14 6 54 64 2 56 
64 2 56 16 12 8 
16 12 8 30 9 0 
30 9 0 0 98 16 
0 98 16 17 75 12 
17 75 12 35 68 3 
35 68 3 2 74 1 
2 74 1 45 75 2 
45 75 2 61 69 14 
61 69 14 93 78 16 
93 78 16 85 90 64 
85 90 64 41 99 61 
41 99 61 53 98 57 
53 98 57 44 83 67 
44 83 67 23 83 79 
23 83 79 25 94 86 
25 94 86 20 88 85 
20 88 85 98 87 73 
98 87 73 56 83 57 
56 83 57 68 88 56 
68 88 56 57 68 64 
57 68 64 8 72 64 
8 72 64 51 66 65 
51 66 65 95 67 56 
95 67 56 78 82 47 
78 82 47 72 75 44 
72 75 44 39 69 39 
39 69 39 81 79 40 
81 79 40 90 87 46 
90 87 46 18 88 48 
18 88 48 96 36 73 
96 36 73 9 34 70 
9 34 70 21 31 69 
21 31 69 24 14 78 
24 14 78 40 4 98 
40 4 98 4 7 94 
4 7 94 42 8 86 
42 8 86 73 13 88 
73 13 88 76 3 84 
76 3 84 94 18 84 
94 18 84 12 25 94 
12 25 94 92 24 61 
92 24 61 3 28 63 
3 28 63 11 23 62 
11 23 62 84 19 65 
84 19 65 71 8 66 
71 8 66 27 4 64 
27 4 64 28 36 82 
28 36 82 43 42 87 
43 42 87 67 42 96 
67 42 96 89 50 97 
89 50 97 70 28 79 
70 28 79 31 53 73 
31 53 73 47 59 82 
47 59 82 79 53 68 
79 53 68 37 59 67 
37 59 67 59 45 58 
59 45 58 19 52 52 
19 52 52 52 36 60 
52 36 60 63 34 54 
63 34 54 87 97 31 
87 97 31 36 87 31 
36 87 31 29 83 35 
29 83 35 13 84 37 
13 84 37 88 87 29 
88 87 29 58 94 36 
58 94 36 10 94 41 
10 94 41 48 99 42 
48 99 42 80 33 34 
80 33 34 6 32 35 
6 32 35 26 29 43 
26 29 43 15 23 48 
15 23 48 86 24 51 
86 24 51 33 31 40 
33 31 40 7 25 27 
7 25 27 69 47 32 
69 47 32 32 57 35 
32 57 35 55 58 39 
55 58 39 60 61 35 
60 61 35 62 41 26 
62 41 26 91 53 23 
91 53 23 97 23 13 
97 23 13 77 19 13 
77 19 13 65 44 15 
65 44 15 54 44 10 
54 44 10 99 47 21 
99 47 21 75 36 9 
75 36 9 82 35 16 
82 35 16 66 53 10