108 44 53 1 46 53 
1 46 53 7 39 64 
7 39 64 58 55 50 
58 55 50 55 49 43 
55 49 43 127 46 36 
127 46 36 4 45 31 
4 45 31 118 40 32 
118 40 32 40 36 31 
40 36 31 11 82 13 
11 82 13 158 118 40 
158 118 40 67 115 26 
67 115 26 132 118 10 
132 118 10 134 130 5 
134 130 5 145 118 12 
145 118 12 76 136 29 
76 136 29 6 132 40 
6 132 40 39 142 30 
39 142 30 81 159 14 
81 159 14 73 154 11 
73 154 11 139 134 25 
139 134 25 143 112 41 
143 112 41 149 100 43 
149 100 43 91 86 41 
91 86 41 112 105 55 
112 105 55 116 88 59 
116 88 59 23 93 55 
23 93 55 96 76 80 
96 76 80 34 69 72 
34 69 72 142 81 64 
142 81 64 113 72 60 
113 72 60 0 160 78 
0 160 78 31 159 76 
31 159 76 46 158 137 
46 158 137 44 146 120 
44 146 120 49 149 116 
49 149 116 99 154 117 
99 154 117 146 144 124 
146 144 124 141 141 128 
141 141 128 136 145 130 
136 145 130 60 158 147 
60 158 147 107 159 160 
107 159 160 69 160 160 
69 160 160 82 161 162 
82 161 162 89 162 162 
89 162 162 110 145 158 
110 145 158 28 142 159 
28 142 159 144 139 152 
144 139 152 66 124 156 
66 124 156 13 131 156 
13 131 156 65 128 159 
65 128 159 78 122 144 
78 122 144 128 127 137 
128 127 137 97 139 161 
97 139 161 159 96 151 
159 96 151 37 97 156 
37 97 156 54 102 158 
54 102 158 57 84 162 
57 84 162 79 71 152 
79 71 152 32 67 140 
32 67 140 47 70 154 
47 70 154 157 60 158 
157 60 158 161 81 145 
161 81 145 138 7 155 
138 7 155 24 22 117 
24 22 117 19 28 124 
19 28 124 102 26 122 
102 26 122 25 23 114 
25 23 114 36 20 116 
36 20 116 50 36 104 
50 36 104 21 33 112 
21 33 112 117 36 96 
117 36 96 123 29 86 
123 29 86 105 27 137 
105 27 137 33 30 148 
33 30 148 45 31 145 
45 31 145 62 10 157 
62 10 157 90 16 158 
90 16 158 106 8 150 
106 8 150 115 4 146 
115 4 146 147 111 132 
147 111 132 53 103 128 
53 103 128 14 104 119 
14 104 119 124 110 122 
124 110 122 95 96 125 
95 96 125 160 95 139 
160 95 139 94 96 132 
94 96 132 59 94 134 
59 94 134 109 95 144 
109 95 144 133 149 98 
133 149 98 155 143 104 
155 143 104 16 134 109 
16 134 109 153 160 45 
153 160 45 101 158 43 
101 158 43 9 147 48 
9 147 48 154 130 75 
154 130 75 71 125 81 
71 125 81 104 119 73 
104 119 73 137 139 64 
137 139 64 22 129 59 
22 129 59 80 130 65 
80 130 65 140 129 87 
140 129 87 148 102 88 
148 102 88 3 99 72 
3 99 72 56 93 71 
56 93 71 68 104 66 
68 104 66 18 99 98 
18 99 98 119 67 114 
119 67 114 12 57 96 
12 57 96 41 51 97 
41 51 97 30 50 131 
30 50 131 51 45 144 
51 45 144 2 42 137 
2 42 137 29 48 150 
29 48 150 86 54 123 
86 54 123 75 78 120 
75 78 120 162 110 95 
162 110 95 48 113 111 
48 113 111 42 109 107 
42 109 107 70 120 106 
70 120 106 26 77 30 
26 77 30 63 69 33 
63 69 33 131 97 17 
131 97 17 122 92 21 
122 92 21 135 7 8 
135 7 8 20 19 20 
20 19 20 83 34 20 
83 34 20 10 34 18 
10 34 18 152 33 16 
152 33 16 15 40 14 
15 40 14 27 33 13 
27 33 13 84 36 23 
84 36 23 111 6 37 
111 6 37 5 5 44 
5 5 44 151 1 47 
151 1 47 64 0 54 
64 0 54 52 1 14 
52 1 14 130 1 14 
130 1 14 114 21 1 
114 21 1 38 30 1 
38 30 1 156 60 16 
156 60 16 87 57 28 
87 57 28 35 50 22 
35 50 22 72 51 26 
72 51 26 88 68 21 
88 68 21 93 65 5 
93 65 5 120 46 1 
120 46 1 61 61 59 
61 61 59 77 53 48 
77 53 48 43 53 45 
43 53 45 98 50 54 
98 50 54 103 30 43 
103 30 43 85 29 41 
85 29 41 17 25 34 
17 25 34 74 34 36 
74 34 36 121 34 49 
121 34 49 125 27 56 
125 27 56 8 12 76 
8 12 76 92 6 73 
92 6 73 100 5 76 
100 5 76 129 10 79 
129 10 79 126 24 48 
126 24 48 150 17 47 
150 17 47 108 44 53