1 8 9 39 11 9 
39 11 9 75 19 16 
75 19 16 41 18 18 
41 18 18 76 27 28 
76 27 28 25 20 51 
25 20 51 13 21 61 
13 21 61 19 9 64 
19 9 64 23 18 62 
23 18 62 6 3 82 
6 3 82 0 14 100 
0 14 100 18 19 87 
18 19 87 10 36 77 
10 36 77 61 47 76 
61 47 76 54 49 82 
54 49 82 87 57 66 
87 57 66 48 57 66 
48 57 66 81 55 62 
81 55 62 78 54 56 
78 54 56 84 58 66 
84 58 66 89 60 63 
89 60 63 63 36 81 
63 36 81 112 21 81 
112 21 81 97 25 73 
97 25 73 49 110 96 
49 110 96 4 102 100 
4 102 100 82 100 107 
82 100 107 15 97 109 
15 97 109 36 112 78 
36 112 78 59 106 77 
59 106 77 104 101 76 
104 101 76 108 111 77 
108 111 77 46 100 64 
46 100 64 16 94 58 
16 94 58 11 88 60 
11 88 60 72 92 65 
72 92 65 57 103 70 
57 103 70 8 107 71 
8 107 71 91 80 59 
91 80 59 22 83 54 
22 83 54 80 93 43 
80 93 43 67 73 62 
67 73 62 65 70 49 
65 70 49 86 71 70 
86 71 70 101 82 67 
101 82 67 33 78 67 
33 78 67 93 104 63 
93 104 63 43 108 45 
43 108 45 60 107 37 
60 107 37 99 111 104 
99 111 104 103 88 86 
103 88 86 66 86 88 
66 86 88 56 73 91 
56 73 91 74 80 75 
74 80 75 90 87 77 
90 87 77 64 72 7 
64 72 7 2 56 3 
2 56 3 12 46 7 
12 46 7 17 49 11 
17 49 11 45 52 7 
45 52 7 77 51 0 
77 51 0 26 67 16 
26 67 16 37 63 19 
37 63 19 55 62 27 
55 62 27 21 68 27 
21 68 27 3 71 34 
3 71 34 85 80 40 
85 80 40 50 45 28 
50 45 28 51 52 39 
51 52 39 73 50 37 
73 50 37 58 39 19 
58 39 19 100 71 15 
100 71 15 27 71 4 
27 71 4 31 68 1 
31 68 1 32 90 14 
32 90 14 34 101 12 
34 101 12 68 98 16 
68 98 16 70 106 0 
70 106 0 105 103 3 
105 103 3 83 106 12 
83 106 12 30 104 10 
30 104 10 109 84 16 
109 84 16 79 65 8 
79 65 8 94 74 12 
94 74 12 107 76 4 
107 76 4 9 84 6 
9 84 6 62 81 10 
62 81 10 110 31 105 
110 31 105 71 39 111 
71 39 111 92 25 97 
92 25 97 102 48 98 
102 48 98 14 44 90 
14 44 90 98 41 86 
98 41 86 38 46 106 
38 46 106 52 63 112 
52 63 112 5 70 114 
5 70 114 29 57 112 
29 57 112 69 52 114 
69 52 114 44 66 102 
44 66 102 24 68 97 
24 68 97 35 68 103 
35 68 103 96 61 86 
96 61 86 114 3 97 
114 3 97 42 7 90 
42 7 90 40 5 34 
40 5 34 53 5 44 
53 5 44 106 38 53 
106 38 53 7 42 62 
7 42 62 47 31 48 
47 31 48 88 20 32 
88 20 32 95 20 35 
95 20 35 111 28 40 
111 28 40 113 33 32 
113 33 32 20 6 0 
20 6 0 28 5 9 
28 5 9 1 8 9