75 55 38 1 59 47 
1 59 47 35 53 47 
35 53 47 125 56 48 
125 56 48 37 46 47 
37 46 47 73 49 50 
73 49 50 138 41 50 
138 41 50 32 71 43 
32 71 43 0 130 76 
0 130 76 9 59 117 
9 59 117 16 74 115 
16 74 115 4 78 120 
4 78 120 41 81 122 
41 81 122 83 88 125 
83 88 125 91 93 124 
91 93 124 143 73 101 
143 73 101 98 75 94 
98 75 94 123 72 92 
123 72 92 20 28 137 
20 28 137 14 41 134 
14 41 134 12 46 129 
12 46 129 144 25 143 
144 25 143 99 6 137 
99 6 137 100 2 137 
100 2 137 132 0 128 
132 0 128 26 16 100 
26 16 100 10 15 94 
10 15 94 15 24 104 
15 24 104 27 2 95 
27 2 95 43 9 98 
43 9 98 54 13 105 
54 13 105 40 16 119 
40 16 119 129 0 116 
129 0 116 63 16 100 
63 16 100 128 19 88 
128 19 88 85 17 74 
85 17 74 86 3 62 
86 3 62 8 10 53 
8 10 53 70 10 50 
70 10 50 111 8 83 
111 8 83 53 49 87 
53 49 87 13 72 83 
13 72 83 65 67 77 
65 67 77 59 64 83 
59 64 83 93 73 69 
93 73 69 141 73 84 
141 73 84 57 56 81 
57 56 81 137 48 63 
137 48 63 38 55 61 
38 55 61 105 42 72 
105 42 72 56 59 115 
56 59 115 117 58 101 
117 58 101 88 40 116 
88 40 116 82 30 120 
82 30 120 62 29 118 
62 29 118 131 66 137 
131 66 137 30 54 137 
30 54 137 36 55 142 
36 55 142 52 119 64 
52 119 64 31 123 63 
31 123 63 124 125 61 
124 125 61 39 111 71 
39 111 71 115 109 76 
115 109 76 92 144 69 
92 144 69 18 138 62 
18 138 62 21 141 72 
21 141 72 67 143 47 
67 143 47 34 145 53 
34 145 53 106 143 36 
106 143 36 72 133 36 
72 133 36 136 143 49 
136 143 49 68 137 53 
68 137 53 96 123 92 
96 123 92 23 141 94 
23 141 94 45 105 113 
45 105 113 78 106 123 
78 106 123 116 98 120 
116 98 120 139 107 135 
139 107 135 44 105 140 
44 105 140 94 117 111 
94 117 111 2 111 109 
2 111 109 145 119 115 
145 119 115 60 105 87 
60 105 87 121 95 98 
121 95 98 77 91 99 
77 91 99 142 91 90 
142 91 90 118 93 90 
118 93 90 103 145 122 
103 145 122 17 145 137 
17 145 137 126 142 144 
126 142 144 97 135 117 
97 135 117 7 139 111 
7 139 111 81 142 109 
81 142 109 25 143 107 
25 143 107 80 119 124 
80 119 124 58 124 121 
58 124 121 114 143 127 
114 143 127 119 117 47 
119 117 47 42 121 51 
42 121 51 84 115 47 
84 115 47 46 109 47 
46 109 47 101 116 55 
101 116 55 110 127 53 
110 127 53 112 131 14 
112 131 14 19 125 19 
19 125 19 76 125 1 
76 125 1 104 142 10 
104 142 10 79 143 4 
79 143 4 89 45 22 
89 45 22 5 33 40 
5 33 40 6 28 53 
6 28 53 74 33 61 
74 33 61 135 15 38 
135 15 38 22 13 39 
22 13 39 49 11 38 
49 11 38 122 20 47 
122 20 47 140 28 40 
140 28 40 130 23 37 
130 23 37 55 36 12 
55 36 12 61 35 28 
61 35 28 64 35 31 
64 35 31 51 35 30 
51 35 30 71 64 18 
71 64 18 28 74 11 
28 74 11 69 60 20 
69 60 20 90 60 16 
90 60 16 3 55 13 
3 55 13 108 51 19 
108 51 19 120 22 7 
120 22 7 109 95 9 
109 95 9 11 104 25 
11 104 25 33 101 28 
33 101 28 47 91 12 
47 91 12 102 93 13 
102 93 13 113 77 34 
113 77 34 24 81 23 
24 81 23 29 90 45 
29 90 45 66 94 42 
66 94 42 133 74 54 
133 74 54 50 62 62 
50 62 62 87 90 62 
87 90 62 48 89 55 
48 89 55 107 89 51 
107 89 51 127 83 60 
127 83 60 134 101 64 
134 101 64 95 54 30 
95 54 30 75 55 38