1 13 41 56 14 37 
56 14 37 15 12 35 
15 12 35 37 7 30 
37 7 30 17 5 34 
17 5 34 42 6 36 
42 6 36 29 1 30 
29 1 30 11 1 44 
11 1 44 63 1 52 
63 1 52 45 3 53 
45 3 53 54 8 65 
54 8 65 10 19 22 
10 19 22 0 33 12 
0 33 12 18 36 25 
18 36 25 20 29 11 
20 29 11 38 26 5 
38 26 5 23 50 28 
23 50 28 3 52 14 
3 52 14 36 63 12 
36 63 12 5 48 27 
5 48 27 27 58 28 
27 58 28 28 57 22 
28 57 22 40 57 36 
40 57 36 34 44 42 
34 44 42 6 45 42 
6 45 42 22 41 38 
22 41 38 41 39 36 
41 39 36 55 40 34 
55 40 34 24 43 52 
24 43 52 9 56 56 
9 56 56 31 64 62 
31 64 62 51 60 63 
51 60 63 33 43 49 
33 43 49 57 41 64 
57 41 64 8 36 58 
8 36 58 4 38 61 
4 38 61 16 24 65 
16 24 65 43 33 62 
43 33 62 64 41 64 
64 41 64 52 46 41 
52 46 41 13 51 45 
13 51 45 59 40 46 
59 40 46 61 37 42 
61 37 42 35 36 40 
35 36 40 60 50 25 
60 50 25 44 41 4 
44 41 4 30 49 6 
30 49 6 19 25 34 
19 25 34 12 19 46 
12 19 46 32 28 51 
32 28 51 65 32 48 
65 32 48 46 23 48 
46 23 48 21 23 47 
21 23 47 49 23 48 
49 23 48 14 32 40 
14 32 40 2 30 37 
2 30 37 25 31 41 
25 31 41 53 32 41 
53 32 41 48 22 25 
48 22 25 58 16 15 
58 16 15 7 12 4 
7 12 4 26 13 12 
26 13 12 62 1 1 
62 1 1 39 0 12 
39 0 12 47 1 8 
47 1 8 50 2 28 
50 2 28 1 13 41