59 52 4 1 84 31 
1 84 31 14 79 84 
14 79 84 3 79 84 
3 79 84 7 68 75 
7 68 75 4 68 73 
4 68 73 45 69 82 
45 69 82 84 61 73 
84 61 73 46 59 77 
46 59 77 52 61 68 
52 61 68 73 65 68 
73 65 68 17 83 17 
17 83 17 48 63 46 
48 63 46 21 59 37 
21 59 37 40 56 35 
40 56 35 68 54 57 
68 54 57 32 52 59 
32 52 59 16 48 56 
16 48 56 41 57 63 
41 57 63 42 54 59 
42 54 59 69 74 52 
69 74 52 5 82 49 
5 82 49 18 75 58 
18 75 58 26 79 67 
26 79 67 23 79 66 
23 79 66 39 71 61 
39 71 61 57 76 38 
57 76 38 47 73 39 
47 73 39 83 77 25 
83 77 25 2 79 26 
2 79 26 56 73 27 
56 73 27 29 81 2 
29 81 2 49 83 5 
49 83 5 0 16 1 
0 16 1 8 30 3 
8 30 3 27 38 16 
27 38 16 79 39 18 
79 39 18 34 24 14 
34 24 14 15 27 11 
15 27 11 30 30 17 
30 30 17 77 25 6 
77 25 6 22 23 7 
22 23 7 28 17 2 
28 17 2 33 8 30 
33 8 30 10 13 37 
10 13 37 37 8 41 
37 8 41 20 13 44 
20 13 44 35 20 27 
35 20 27 70 24 29 
70 24 29 36 23 35 
36 23 35 60 18 63 
60 18 63 43 34 82 
43 34 82 55 40 79 
55 40 79 80 49 75 
80 49 75 65 49 78 
65 49 78 74 51 77 
74 51 77 58 10 52 
58 10 52 19 15 55 
19 15 55 54 2 58 
54 2 58 62 27 67 
62 27 67 13 33 72 
13 33 72 71 39 68 
71 39 68 63 3 81 
63 3 81 72 24 52 
72 24 52 12 20 48 
12 20 48 6 20 51 
6 20 51 9 23 47 
9 23 47 51 25 54 
51 25 54 66 7 0 
66 7 0 82 3 3 
82 3 3 61 62 1 
61 62 1 64 40 31 
64 40 31 11 44 31 
11 44 31 38 45 24 
38 45 24 31 48 21 
31 48 21 44 52 33 
44 52 33 81 46 33 
81 46 33 24 40 54 
24 40 54 50 42 44 
50 42 44 53 50 44 
53 50 44 75 44 48 
75 44 48 25 29 40 
25 29 40 76 32 26 
76 32 26 67 32 28 
67 32 28 78 39 29 
78 39 29 59 52 4