61 52 33 1 59 34 
1 59 34 28 56 34 
28 56 34 3 51 28 
3 51 28 29 50 33 
29 50 33 37 46 35 
37 46 35 60 48 37 
60 48 37 44 52 35 
44 52 35 50 54 43 
50 54 43 23 58 45 
23 58 45 31 62 43 
31 62 43 34 49 49 
34 49 49 20 49 61 
20 49 61 40 38 53 
40 38 53 8 32 61 
8 32 61 9 23 58 
9 23 58 10 30 52 
10 30 52 4 28 48 
4 28 48 43 41 46 
43 41 46 42 53 38 
42 53 38 0 40 11 
0 40 11 12 40 30 
12 40 30 5 35 24 
5 35 24 17 27 25 
17 27 25 39 26 21 
39 26 21 58 34 22 
58 34 22 7 44 27 
7 44 27 30 39 36 
30 39 36 19 35 40 
19 35 40 62 29 34 
62 29 34 51 19 47 
51 19 47 36 0 59 
36 0 59 24 1 47 
24 1 47 38 5 57 
38 5 57 47 7 62 
47 7 62 49 12 40 
49 12 40 21 31 12 
21 31 12 6 27 11 
6 27 11 32 34 17 
32 34 17 35 33 18 
35 33 18 27 29 3 
27 29 3 15 22 0 
15 22 0 41 33 4 
41 33 4 45 51 19 
45 51 19 2 57 20 
2 57 20 16 51 9 
16 51 9 59 47 20 
59 47 20 13 44 21 
13 44 21 56 0 19 
56 0 19 11 1 19 
11 1 19 14 3 17 
14 3 17 46 5 15 
46 5 15 18 2 15 
18 2 15 22 8 5 
22 8 5 33 14 3 
33 14 3 26 3 27 
26 3 27 25 8 21 
25 8 21 52 16 21 
52 16 21 53 9 17 
53 9 17 63 10 14 
63 10 14 48 0 27 
48 0 27 55 4 23 
55 4 23 57 54 48 
57 54 48 54 56 55 
54 56 55 61 52 33