1 66 111 47 78 96 
47 78 96 6 80 105 
6 80 105 79 72 85 
79 72 85 4 70 83 
4 70 83 108 69 85 
108 69 85 14 76 83 
14 76 83 36 80 79 
36 80 79 58 76 85 
58 76 85 28 55 58 
28 55 58 7 0 111 
7 0 111 13 0 116 
13 0 116 57 2 119 
57 2 119 42 20 107 
42 20 107 20 24 109 
20 24 109 21 18 112 
21 18 112 72 26 102 
72 26 102 117 28 115 
117 28 115 59 21 120 
59 21 120 45 3 123 
45 3 123 106 0 90 
106 0 90 118 3 79 
118 3 79 115 13 74 
115 13 74 25 73 50 
25 73 50 29 86 39 
29 86 39 17 99 24 
17 99 24 48 95 13 
48 95 13 112 99 13 
112 99 13 70 108 18 
70 108 18 12 109 20 
12 109 20 15 113 15 
15 113 15 113 104 8 
113 104 8 87 106 26 
87 106 26 75 109 27 
75 109 27 83 91 32 
83 91 32 101 119 34 
101 119 34 23 108 37 
23 108 37 31 109 35 
31 109 35 84 121 45 
84 121 45 30 116 53 
30 116 53 103 121 26 
103 121 26 122 83 45 
122 83 45 78 88 54 
78 88 54 16 103 57 
16 103 57 53 104 51 
53 104 51 33 93 52 
33 93 52 56 98 48 
56 98 48 41 90 48 
41 90 48 102 87 65 
102 87 65 9 82 67 
9 82 67 43 87 70 
43 87 70 89 79 51 
89 79 51 95 66 30 
95 66 30 24 62 36 
24 62 36 97 57 37 
97 57 37 37 76 29 
37 76 29 62 67 17 
62 67 17 81 68 23 
81 68 23 65 66 32 
65 66 32 27 47 47 
27 47 47 22 34 56 
22 34 56 52 24 53 
52 24 53 120 20 56 
120 20 56 98 51 36 
98 51 36 40 48 32 
40 48 32 63 49 26 
63 49 26 0 22 19 
0 22 19 60 34 25 
60 34 25 67 39 8 
67 39 8 3 38 15 
3 38 15 64 26 4 
64 26 4 100 46 18 
100 46 18 35 44 21 
35 44 21 85 20 28 
85 20 28 34 18 24 
34 18 24 38 13 27 
38 13 27 71 18 39 
71 18 39 5 7 63 
5 7 63 123 3 69 
123 3 69 73 2 66 
73 2 66 32 55 65 
32 55 65 96 50 75 
96 50 75 121 65 68 
121 65 68 44 32 84 
44 32 84 68 22 93 
68 22 93 93 15 88 
93 15 88 99 15 97 
99 15 97 86 30 91 
86 30 91 26 42 102 
26 42 102 46 50 113 
46 50 113 76 50 117 
76 50 117 116 34 70 
116 34 70 82 41 69 
82 41 69 105 25 67 
105 25 67 90 56 58 
90 56 58 94 61 80 
94 61 80 107 66 90 
107 66 90 74 68 99 
74 68 99 54 65 96 
54 65 96 104 64 103 
104 64 103 11 58 98 
11 58 98 109 119 92 
109 119 92 8 101 87 
8 101 87 49 105 87 
49 105 87 91 104 82 
91 104 82 39 104 84 
39 104 84 55 121 103 
55 121 103 66 124 116 
66 124 116 110 123 115 
110 123 115 77 112 95 
77 112 95 51 111 101 
51 111 101 10 105 100 
10 105 100 88 99 102 
88 99 102 114 120 94 
114 120 94 119 114 73 
119 114 73 2 119 66 
2 119 66 69 118 66 
69 118 66 50 112 71 
50 112 71 80 84 90 
80 84 90 61 86 96 
61 86 96 92 83 86 
92 83 86 111 92 124 
111 92 124 19 83 122 
19 83 122 124 86 120 
124 86 120 18 63 120 
18 63 120 1 66 111