32 7 14 1 5 19 
1 5 19 8 1 11 
8 1 11 23 11 14 
23 11 14 19 11 11 
19 11 11 7 12 15 
7 12 15 0 28 27 
0 28 27 10 41 38 
10 41 38 18 25 32 
18 25 32 24 22 34 
24 22 34 6 17 28 
6 17 28 15 13 30 
15 13 30 11 20 38 
11 20 38 25 15 40 
25 15 40 5 9 34 
5 9 34 12 7 30 
12 7 30 27 8 29 
27 8 29 16 10 33 
16 10 33 26 12 35 
26 12 35 33 4 40 
33 4 40 38 4 41 
38 4 41 31 29 41 
31 29 41 34 33 38 
34 33 38 20 31 7 
20 31 7 13 38 10 
13 38 10 36 41 6 
36 41 6 14 29 9 
14 29 9 21 26 1 
21 26 1 2 14 0 
2 14 0 17 1 0 
17 1 0 22 5 5 
22 5 5 28 32 17 
28 32 17 4 33 13 
4 33 13 29 26 24 
29 26 24 37 32 23 
37 32 23 30 40 22 
30 40 22 3 39 23 
3 39 23 40 29 23 
40 29 23 9 16 20 
9 16 20 35 14 15 
35 14 15 39 17 13 
39 17 13 41 16 12 
41 16 12 32 7 14