96 41 106 1 39 107 
1 39 107 30 55 105 
30 55 105 116 70 77 
116 70 77 22 60 88 
22 60 88 43 78 79 
43 78 79 65 82 71 
65 82 71 0 84 43 
0 84 43 20 84 46 
20 84 46 64 80 46 
64 80 46 34 124 108 
34 124 108 61 136 82 
61 136 82 4 124 76 
4 124 76 83 125 75 
83 125 75 91 118 78 
91 118 78 71 132 81 
71 132 81 107 140 64 
107 140 64 74 116 98 
74 116 98 73 105 88 
73 105 88 108 126 93 
108 126 93 76 133 111 
76 133 111 11 136 114 
11 136 114 125 97 120 
125 97 120 86 87 112 
86 87 112 3 88 109 
3 88 109 133 89 114 
133 89 114 144 97 125 
144 97 125 128 116 110 
128 116 110 129 137 122 
129 137 122 44 144 124 
44 144 124 120 141 127 
120 141 127 142 128 132 
142 128 132 24 135 130 
24 135 130 104 118 128 
104 118 128 119 125 140 
119 125 140 139 76 144 
139 76 144 75 64 134 
75 64 134 25 37 144 
25 37 144 93 42 138 
93 42 138 62 37 134 
62 37 134 136 39 134 
136 39 134 70 49 138 
70 49 138 90 42 139 
90 42 139 99 86 139 
99 86 139 138 80 129 
138 80 129 10 86 130 
10 86 130 95 80 121 
95 80 121 67 46 26 
67 46 26 15 46 42 
15 46 42 42 26 42 
42 26 42 56 31 49 
56 31 49 69 15 36 
69 15 36 66 21 66 
66 21 66 47 21 57 
47 21 57 59 22 53 
59 22 53 60 6 69 
60 6 69 88 26 82 
88 26 82 137 30 93 
137 30 93 122 51 50 
122 51 50 117 46 4 
117 46 4 94 56 12 
94 56 12 127 64 9 
127 64 9 130 18 12 
130 18 12 26 3 16 
26 3 16 112 8 19 
112 8 19 9 10 17 
9 10 17 63 2 30 
63 2 30 37 27 19 
37 27 19 38 27 23 
38 27 23 77 22 29 
77 22 29 46 31 19 
46 31 19 57 12 12 
57 12 12 89 12 13 
89 12 13 87 23 14 
87 23 14 97 12 1 
97 12 1 18 1 1 
18 1 1 58 0 0 
58 0 0 143 1 6 
143 1 6 85 104 43 
85 104 43 13 118 57 
13 118 57 21 123 62 
21 123 62 35 120 54 
35 120 54 29 111 37 
29 111 37 80 111 29 
80 111 29 68 109 26 
68 109 26 109 102 56 
109 102 56 52 98 67 
52 98 67 79 100 55 
79 100 55 140 102 41 
140 102 41 121 97 33 
121 97 33 126 100 25 
126 100 25 92 78 26 
92 78 26 55 83 22 
55 83 22 98 79 16 
98 79 16 2 88 14 
2 88 14 49 77 18 
49 77 18 101 65 45 
101 65 45 53 67 37 
53 67 37 124 58 60 
124 58 60 14 41 73 
14 41 73 16 39 78 
16 39 78 78 33 74 
78 33 74 23 43 81 
23 43 81 110 55 59 
110 55 59 106 85 42 
106 85 42 131 109 2 
131 109 2 48 90 2 
48 90 2 28 87 4 
28 87 4 54 94 3 
54 94 3 39 98 5 
39 98 5 115 110 2 
115 110 2 132 124 4 
132 124 4 5 133 27 
5 133 27 45 137 40 
45 137 40 102 133 14 
102 133 14 72 124 17 
72 124 17 135 84 97 
135 84 97 141 3 108 
141 3 108 27 16 97 
27 16 97 32 24 105 
32 24 105 50 29 107 
50 29 107 111 15 94 
111 15 94 31 3 85 
31 3 85 6 8 83 
6 8 83 41 10 85 
41 10 85 100 2 84 
100 2 84 105 11 121 
105 11 121 7 15 130 
7 15 130 12 19 126 
12 19 126 81 23 139 
81 23 139 103 7 144 
103 7 144 114 3 141 
114 3 141 113 0 136 
113 0 136 19 8 124 
19 8 124 123 25 122 
123 25 122 118 26 121 
118 26 121 36 57 118 
36 57 118 33 67 110 
33 67 110 40 48 124 
40 48 124 8 40 124 
8 40 124 17 40 122 
17 40 122 51 48 129 
51 48 129 84 52 95 
84 52 95 134 55 100 
134 55 100 82 60 100 
82 60 100 96 41 106