28 51 36 1 52 42 
1 52 42 49 47 49 
49 47 49 19 51 47 
19 51 47 31 46 46 
31 46 46 8 47 47 
8 47 47 44 43 49 
44 43 49 3 51 39 
3 51 39 0 51 35 
0 51 35 16 52 21 
16 52 21 12 51 18 
12 51 18 48 50 15 
48 50 15 11 50 12 
11 50 12 9 48 12 
9 48 12 17 50 21 
17 50 21 21 38 19 
21 38 19 18 17 7 
18 17 7 34 10 4 
34 10 4 45 8 6 
45 8 6 37 2 7 
37 2 7 40 3 22 
40 3 22 10 10 22 
10 10 22 6 11 25 
6 11 25 14 4 25 
14 4 25 5 3 27 
5 3 27 42 22 2 
42 22 2 33 29 1 
33 29 1 36 25 4 
36 25 4 25 26 17 
25 26 17 4 26 12 
4 26 12 13 25 13 
13 25 13 41 28 8 
41 28 8 29 33 8 
29 33 8 32 45 17 
32 45 17 22 48 8 
22 48 8 26 46 4 
26 46 4 43 43 1 
43 43 1 39 42 23 
39 42 23 47 34 18 
47 34 18 50 34 28 
50 34 28 38 30 23 
38 30 23 23 38 37 
23 38 37 2 32 37 
2 32 37 30 28 35 
30 28 35 35 17 51 
35 17 51 15 19 44 
15 19 44 27 3 42 
27 3 42 7 4 40 
7 4 40 46 3 41 
46 3 41 52 10 50 
52 10 50 20 39 43 
20 39 43 51 46 31 
51 46 31 24 41 29 
24 41 29 28 51 36