1 2 21 48 13 27 
48 13 27 26 11 28 
26 11 28 34 8 23 
34 8 23 47 17 35 
47 17 35 20 19 37 
20 19 37 21 22 28 
21 22 28 9 25 32 
9 25 32 23 10 37 
23 10 37 31 10 36 
31 10 36 37 7 39 
37 7 39 39 19 18 
39 19 18 13 21 19 
13 21 19 0 38 18 
0 38 18 3 35 17 
3 35 17 30 44 18 
30 44 18 22 47 11 
22 47 11 53 47 6 
53 47 6 11 48 7 
11 48 7 25 51 31 
25 51 31 18 52 34 
18 52 34 28 44 34 
28 44 34 51 33 50 
51 33 50 5 37 43 
5 37 43 8 35 45 
8 35 45 33 46 41 
33 46 41 38 32 37 
38 32 37 32 30 50 
32 30 50 42 13 53 
42 13 53 4 14 53 
4 14 53 41 16 48 
41 16 48 52 37 14 
52 37 14 27 42 1 
27 42 1 6 36 2 
6 36 2 43 26 17 
43 26 17 15 27 14 
15 27 14 16 29 11 
16 29 11 35 29 24 
35 29 24 40 26 23 
40 26 23 46 25 17 
46 25 17 44 15 16 
44 15 16 24 14 18 
24 14 18 36 15 14 
36 15 14 50 8 15 
50 8 15 17 0 11 
17 0 11 49 25 5 
49 25 5 10 15 4 
10 15 4 19 18 1 
19 18 1 45 9 7 
45 9 7 29 12 7 
29 12 7 12 26 6 
12 26 6 14 25 9 
14 25 9 7 24 10 
7 24 10 2 0 19 
2 0 19 1 2 21