81 88 76 1 99 62 
1 99 62 34 100 44 
34 100 44 20 105 28 
20 105 28 28 117 18 
28 117 18 3 115 19 
3 115 19 14 124 28 
14 124 28 102 101 33 
102 101 33 22 84 75 
22 84 75 9 88 65 
9 88 65 15 74 78 
15 74 78 59 52 61 
59 52 61 41 62 82 
41 62 82 76 67 89 
76 67 89 4 70 84 
4 70 84 44 40 60 
44 40 60 39 40 51 
39 40 51 66 35 66 
66 35 66 0 7 91 
0 7 91 29 1 116 
29 1 116 51 6 76 
51 6 76 65 22 90 
65 22 90 46 40 85 
46 40 85 45 37 83 
45 37 83 52 40 81 
52 40 81 37 41 73 
37 41 73 19 36 75 
19 36 75 73 45 93 
73 45 93 42 47 87 
42 47 87 91 17 83 
91 17 83 124 19 97 
124 19 97 48 15 93 
48 15 93 71 0 48 
71 0 48 57 12 38 
57 12 38 33 18 48 
33 18 48 101 24 43 
101 24 43 23 26 47 
23 26 47 98 15 26 
98 15 26 120 24 2 
120 24 2 103 26 10 
103 26 10 2 20 17 
2 20 17 35 19 18 
35 19 18 108 40 11 
108 40 11 72 50 10 
72 50 10 93 34 16 
93 34 16 58 32 23 
58 32 23 127 0 36 
127 0 36 55 1 25 
55 1 25 85 4 27 
85 4 27 84 9 103 
84 9 103 129 14 105 
129 14 105 112 27 112 
112 27 112 11 102 118 
11 102 118 25 131 119 
25 131 119 24 132 96 
24 132 96 116 129 92 
116 129 92 70 118 95 
70 118 95 64 86 120 
64 86 120 18 85 121 
18 85 121 88 93 103 
88 93 103 114 88 93 
114 88 93 96 105 116 
96 105 116 100 115 108 
100 115 108 12 30 109 
12 30 109 40 39 111 
40 39 111 60 25 106 
60 25 106 83 28 101 
83 28 101 63 47 129 
63 47 129 54 53 128 
54 53 128 121 68 132 
121 68 132 26 75 132 
26 75 132 68 33 118 
68 33 118 80 21 118 
80 21 118 86 16 116 
86 16 116 117 20 120 
117 20 120 131 23 122 
131 23 122 113 63 106 
113 63 106 31 48 106 
31 48 106 50 65 102 
50 65 102 87 66 108 
87 66 108 106 71 102 
106 71 102 17 74 95 
17 74 95 119 19 67 
119 19 67 30 8 61 
30 8 61 13 10 64 
13 10 64 78 28 60 
78 28 60 53 31 53 
53 31 53 77 28 66 
77 28 66 105 15 67 
105 15 67 99 11 68 
99 11 68 104 60 44 
104 60 44 21 46 31 
21 46 31 32 45 23 
32 45 23 6 54 19 
6 54 19 49 42 25 
49 42 25 107 41 18 
107 41 18 38 51 33 
38 51 33 115 50 37 
115 50 37 111 30 35 
111 30 35 36 32 36 
36 32 36 61 80 32 
61 80 32 43 81 35 
43 81 35 62 87 42 
62 87 42 10 94 33 
10 94 33 5 97 28 
5 97 28 89 87 51 
89 87 51 118 89 40 
118 89 40 132 82 27 
132 82 27 74 79 7 
74 79 7 8 85 16 
8 85 16 56 99 4 
56 99 4 92 113 1 
92 113 1 95 112 8 
95 112 8 94 55 47 
94 55 47 126 48 44 
126 48 44 122 69 52 
122 69 52 130 64 28 
130 64 28 7 72 26 
7 72 26 90 98 75 
90 98 75 109 110 78 
109 110 78 16 122 79 
16 122 79 82 122 80 
82 122 80 128 128 69 
128 128 69 75 132 52 
75 132 52 27 123 51 
27 123 51 79 119 54 
79 119 54 97 105 83 
97 105 83 67 99 82 
67 99 82 125 106 87 
125 106 87 123 109 67 
123 109 67 69 108 63 
69 108 63 47 111 62 
47 111 62 110 88 82 
110 88 82 81 88 76