1 45 22 15 42 25 
15 42 25 11 47 32 
11 47 32 90 29 15 
90 29 15 2 29 15 
2 29 15 69 44 9 
69 44 9 73 56 2 
73 56 2 0 17 10 
0 17 10 18 13 1 
18 13 1 6 13 1 
6 13 1 40 16 17 
40 16 17 25 16 22 
25 16 22 75 16 25 
75 16 25 38 22 17 
38 22 17 59 22 22 
59 22 22 62 26 27 
62 26 27 41 10 21 
41 10 21 36 11 25 
36 11 25 78 4 28 
78 4 28 19 1 25 
19 1 25 48 88 11 
48 88 11 7 82 23 
7 82 23 51 89 22 
51 89 22 22 91 27 
22 91 27 35 90 20 
35 90 20 49 88 21 
49 88 21 72 84 35 
72 84 35 30 88 35 
30 88 35 39 89 1 
39 89 1 45 75 5 
45 75 5 27 71 5 
27 71 5 81 71 39 
81 71 39 24 56 40 
24 56 40 85 52 42 
85 52 42 28 71 45 
28 71 45 14 73 47 
14 73 47 17 75 51 
17 75 51 23 68 44 
23 68 44 58 66 43 
58 66 43 52 90 91 
52 90 91 68 73 84 
68 73 84 12 71 83 
12 71 83 20 78 84 
20 78 84 16 78 87 
16 78 87 57 88 48 
57 88 48 43 78 57 
43 78 57 9 70 58 
9 70 58 77 63 57 
77 63 57 21 80 66 
21 80 66 42 79 71 
42 79 71 71 83 62 
71 83 62 91 85 66 
91 85 66 37 87 73 
37 87 73 70 89 59 
70 89 59 10 88 60 
10 88 60 89 84 12 
89 84 12 65 4 62 
65 4 62 32 7 69 
32 7 69 31 9 66 
31 9 66 29 14 68 
29 14 68 60 14 91 
60 14 91 3 9 81 
3 9 81 53 11 75 
53 11 75 50 20 90 
50 20 90 26 21 80 
26 21 80 46 27 88 
46 27 88 82 7 91 
82 7 91 66 3 90 
66 3 90 64 22 49 
64 22 49 54 26 42 
54 26 42 63 38 54 
63 38 54 13 43 51 
13 43 51 44 47 52 
44 47 52 87 52 54 
87 52 54 34 35 46 
34 35 46 47 31 71 
47 31 71 4 30 68 
4 30 68 79 35 79 
79 35 79 83 34 81 
83 34 81 55 59 70 
55 59 70 80 57 68 
80 57 68 8 47 65 
8 47 65 88 60 71 
88 60 71 56 58 73 
56 58 73 84 12 40 
84 12 40 61 10 35 
61 10 35 67 1 53 
67 1 53 5 5 52 
5 5 52 76 9 55 
76 9 55 86 39 36 
86 39 36 74 40 35 
74 40 35 33 60 20 
33 60 20 1 45 22