0 25 1 1 23 2 
1 23 2 4 15 5 
4 15 5 3 17 3 
3 17 3 7 11 6 
7 11 6 2 4 8 
2 4 8 10 3 23 
10 3 23 16 1 19 
16 1 19 24 0 17 
24 0 17 26 1 28 
26 1 28 20 5 0 
20 5 0 28 17 13 
28 17 13 12 21 13 
12 21 13 40 16 33 
40 16 33 6 18 30 
6 18 30 13 25 27 
13 25 27 14 8 32 
14 8 32 29 15 28 
29 15 28 30 22 38 
30 22 38 19 24 41 
19 24 41 36 25 42 
36 25 42 32 25 36 
32 25 36 41 22 34 
41 22 34 42 19 37 
42 19 37 11 25 8 
11 25 8 15 38 34 
15 38 34 31 37 42 
31 37 42 8 41 42 
8 41 42 25 34 40 
25 34 40 34 33 37 
34 33 37 23 31 39 
23 31 39 37 29 41 
37 29 41 35 38 26 
35 38 26 22 35 28 
22 35 28 38 35 25 
38 35 25 17 30 26 
17 30 26 21 29 16 
21 29 16 9 29 20 
9 29 20 33 40 16 
33 40 16 18 41 14 
18 41 14 27 37 21 
27 37 21 39 34 8 
39 34 8 5 34 6 
5 34 6 0 25 1