1 48 155 30 65 147 
30 65 147 3 67 144 
3 67 144 33 68 135 
33 68 135 32 76 142 
32 76 142 39 75 143 
39 75 143 93 25 130 
93 25 130 16 21 131 
16 21 131 40 29 123 
40 29 123 108 34 115 
108 34 115 104 32 108 
104 32 108 89 27 111 
89 27 111 87 24 108 
87 24 108 124 40 112 
124 40 112 25 43 111 
25 43 111 133 26 117 
133 26 117 80 18 154 
80 18 154 53 14 154 
53 14 154 116 21 157 
116 21 157 27 105 104 
27 105 104 5 103 102 
5 103 102 12 126 154 
12 126 154 46 144 156 
46 144 156 13 148 147 
13 148 147 118 158 132 
118 158 132 115 115 153 
115 115 153 120 99 150 
120 99 150 154 133 155 
154 133 155 0 129 9 
0 129 9 29 130 22 
29 130 22 59 140 26 
59 140 26 60 126 27 
60 126 27 75 129 30 
75 129 30 83 135 35 
83 135 35 42 136 36 
42 136 36 101 130 22 
101 130 22 67 111 23 
67 111 23 44 119 33 
44 119 33 150 115 26 
150 115 26 114 84 6 
114 84 6 70 86 13 
70 86 13 97 91 3 
97 91 3 37 102 2 
37 102 2 21 105 1 
21 105 1 134 89 4 
134 89 4 145 81 8 
145 81 8 146 67 18 
146 67 18 23 60 23 
23 60 23 92 45 18 
92 45 18 19 38 26 
19 38 26 52 37 30 
52 37 30 152 19 15 
152 19 15 15 23 27 
15 23 27 123 11 11 
123 11 11 34 7 7 
34 7 7 136 25 11 
136 25 11 66 59 8 
66 59 8 22 54 12 
22 54 12 102 69 20 
102 69 20 141 66 12 
141 66 12 139 153 20 
139 153 20 28 155 15 
28 155 15 132 154 5 
132 154 5 140 152 41 
140 152 41 155 123 53 
155 123 53 45 138 60 
45 138 60 78 132 73 
78 132 73 73 149 78 
73 149 78 14 157 71 
14 157 71 111 147 71 
111 147 71 96 107 49 
96 107 49 71 96 39 
71 96 39 10 86 46 
10 86 46 36 92 51 
36 92 51 100 90 44 
100 90 44 26 100 38 
26 100 38 72 105 44 
72 105 44 131 111 42 
131 111 42 91 106 57 
91 106 57 50 104 94 
50 104 94 58 98 87 
58 98 87 149 95 85 
149 95 85 79 116 89 
79 116 89 81 110 76 
81 110 76 94 107 108 
94 107 108 63 109 113 
63 109 113 143 100 124 
143 100 124 158 96 137 
158 96 137 51 102 133 
51 102 133 7 108 138 
7 108 138 99 94 137 
99 94 137 130 136 112 
130 136 112 41 140 108 
41 140 108 24 145 105 
24 145 105 68 145 97 
68 145 97 54 126 130 
54 126 130 61 119 129 
61 119 129 65 129 122 
65 129 122 103 129 112 
103 129 112 8 119 110 
8 119 110 151 78 68 
151 78 68 9 85 79 
9 85 79 20 87 77 
20 87 77 109 82 86 
109 82 86 142 79 86 
142 79 86 147 73 81 
147 73 81 17 84 64 
17 84 64 56 61 85 
56 61 85 38 66 93 
38 66 93 47 62 80 
47 62 80 43 51 72 
43 51 72 18 59 70 
18 59 70 57 57 79 
57 57 79 84 65 79 
84 65 79 82 70 68 
82 70 68 35 68 60 
35 68 60 74 72 61 
74 72 61 90 66 47 
90 66 47 95 71 34 
95 71 34 107 40 44 
107 40 44 31 35 59 
31 35 59 110 34 67 
110 34 67 106 29 39 
106 29 39 119 48 53 
119 48 53 113 56 61 
113 56 61 112 9 117 
112 9 117 62 0 138 
62 0 138 98 4 136 
98 4 136 137 1 146 
137 1 146 88 10 61 
88 10 61 6 2 56 
6 2 56 76 20 49 
76 20 49 126 20 44 
126 20 44 4 10 39 
4 10 39 105 9 30 
105 9 30 125 28 74 
125 28 74 49 32 89 
49 32 89 77 28 84 
77 28 84 85 29 83 
85 29 83 148 37 96 
148 37 96 121 17 71 
121 17 71 153 31 77 
153 31 77 69 37 74 
69 37 74 138 12 99 
138 12 99 117 16 101 
117 16 101 86 14 105 
86 14 105 129 17 103 
129 17 103 144 14 89 
144 14 89 2 18 82 
2 18 82 64 8 85 
64 8 85 122 54 116 
122 54 116 11 46 118 
11 46 118 55 45 134 
55 45 134 127 61 107 
127 61 107 128 77 129 
128 77 129 156 63 138 
156 63 138 157 71 137 
157 71 137 135 50 152 
135 50 152 48 58 157 
48 58 157 1 48 155