1 94 63 18 97 63 
18 97 63 103 100 66 
103 100 66 45 99 70 
45 99 70 13 91 66 
13 91 66 59 101 49 
59 101 49 6 90 53 
6 90 53 82 86 52 
82 86 52 53 82 4 
53 82 4 21 74 26 
21 74 26 0 40 30 
0 40 30 3 47 49 
3 47 49 5 65 48 
5 65 48 38 67 55 
38 67 55 20 66 56 
20 66 56 68 74 62 
68 74 62 58 77 63 
58 77 63 19 46 53 
19 46 53 7 38 58 
7 38 58 83 43 48 
83 43 48 23 37 47 
23 37 47 17 41 0 
17 41 0 16 19 3 
16 19 3 36 0 0 
36 0 0 62 2 6 
62 2 6 50 8 9 
50 8 9 14 8 10 
14 8 10 48 42 5 
48 42 5 42 47 27 
42 47 27 66 35 27 
66 35 27 78 50 20 
78 50 20 56 54 13 
56 54 13 79 56 5 
79 56 5 64 63 1 
64 63 1 86 61 17 
86 61 17 2 68 20 
2 68 20 71 59 26 
71 59 26 92 36 39 
92 36 39 43 41 41 
43 41 41 93 47 78 
93 47 78 30 66 92 
30 66 92 85 54 94 
85 54 94 70 48 98 
70 48 98 87 88 99 
87 88 99 40 100 91 
40 100 91 22 104 100 
22 104 100 100 92 90 
100 92 90 98 75 95 
98 75 95 15 77 100 
15 77 100 99 81 98 
99 81 98 39 75 92 
39 75 92 24 74 86 
24 74 86 37 55 69 
37 55 69 9 67 75 
9 67 75 102 83 80 
102 83 80 26 83 86 
26 83 86 52 79 80 
52 79 80 44 54 73 
44 54 73 47 51 67 
47 51 67 96 60 74 
96 60 74 72 50 81 
72 50 81 75 24 65 
75 24 65 27 6 57 
27 6 57 28 0 67 
28 0 67 55 7 63 
55 7 63 95 2 55 
95 2 55 34 24 65 
34 24 65 35 22 60 
35 22 60 84 19 71 
84 19 71 76 45 72 
76 45 72 41 41 72 
41 41 72 89 34 94 
89 34 94 67 19 84 
67 19 84 25 29 81 
25 29 81 46 30 80 
46 30 80 65 33 75 
65 33 75 63 18 80 
63 18 80 69 0 102 
69 0 102 54 3 99 
54 3 99 91 37 99 
91 37 99 94 40 25 
94 40 25 81 39 17 
81 39 17 104 23 30 
104 23 30 57 27 32 
57 27 32 60 1 36 
60 1 36 29 6 42 
29 6 42 97 13 45 
97 13 45 74 2 28 
74 2 28 90 1 41 
90 1 41 88 26 17 
88 26 17 51 26 13 
51 26 13 61 98 9 
61 98 9 11 93 11 
11 93 11 12 99 10 
12 99 10 77 102 4 
77 102 4 101 74 3 
101 74 3 8 73 1 
8 73 1 10 71 10 
10 71 10 31 71 12 
31 71 12 105 75 6 
105 75 6 73 101 30 
73 101 30 4 100 33 
4 100 33 32 101 36 
32 101 36 33 97 39 
33 97 39 49 99 30 
49 99 30 80 99 26 
80 99 26 1 94 63