93 117 78 1 114 76 
1 114 76 68 114 69 
68 114 69 81 123 75 
81 123 75 12 98 68 
12 98 68 3 88 39 
3 88 39 52 82 38 
52 82 38 72 72 29 
72 72 29 131 71 27 
131 71 27 46 76 22 
46 76 22 85 82 42 
85 82 42 99 93 44 
99 93 44 53 89 49 
53 89 49 82 103 47 
82 103 47 25 144 60 
25 144 60 0 36 108 
0 36 108 18 19 118 
18 19 118 37 15 111 
37 15 111 59 10 109 
59 10 109 62 0 112 
62 0 112 84 5 121 
84 5 121 67 30 129 
67 30 129 39 19 138 
39 19 138 140 10 156 
140 10 156 86 33 152 
86 33 152 128 31 146 
128 31 146 156 34 132 
156 34 132 122 15 122 
122 15 122 38 40 116 
38 40 116 75 34 84 
75 34 84 16 28 55 
16 28 55 55 16 57 
55 16 57 56 39 46 
56 39 46 33 40 41 
33 40 41 135 32 37 
135 32 37 111 34 29 
111 34 29 152 44 49 
152 44 49 95 41 65 
95 41 65 133 28 54 
133 28 54 17 7 77 
17 7 77 35 11 68 
35 11 68 97 6 95 
97 6 95 137 11 86 
137 11 86 22 61 66 
22 61 66 45 53 77 
45 53 77 120 58 85 
120 58 85 132 56 73 
132 56 73 96 71 54 
96 71 54 134 59 51 
134 59 51 151 78 50 
151 78 50 126 54 38 
126 54 38 64 53 32 
64 53 32 107 58 28 
107 58 28 13 55 25 
13 55 25 149 73 84 
149 73 84 69 74 90 
69 74 90 102 78 80 
102 78 80 125 75 86 
125 75 86 79 0 8 
79 0 8 29 4 1 
29 4 1 30 8 5 
30 8 5 57 35 10 
57 35 10 19 25 1 
19 25 1 117 49 13 
117 49 13 23 54 16 
23 54 16 150 50 11 
150 50 11 34 4 37 
34 4 37 36 1 37 
36 1 37 87 6 43 
87 6 43 154 23 88 
154 23 88 108 61 114 
108 61 114 47 58 132 
47 58 132 100 62 135 
100 62 135 65 77 130 
65 77 130 63 80 131 
63 80 131 90 84 126 
90 84 126 127 68 139 
127 68 139 129 58 104 
129 58 104 98 60 100 
98 60 100 148 79 106 
148 79 106 10 86 105 
10 86 105 73 93 97 
73 93 97 130 75 117 
130 75 117 118 27 104 
118 27 104 119 114 142 
119 114 142 8 96 152 
8 96 152 9 99 151 
9 99 151 136 106 150 
136 106 150 114 74 152 
114 74 152 2 65 154 
2 65 154 27 81 143 
27 81 143 110 70 155 
110 70 155 31 117 153 
31 117 153 48 125 154 
48 125 154 70 110 116 
70 110 116 50 109 118 
50 109 118 61 114 120 
61 114 120 115 101 107 
115 101 107 121 113 103 
121 113 103 7 123 101 
7 123 101 54 119 97 
54 119 97 138 121 105 
138 121 105 147 112 102 
147 112 102 123 137 145 
123 137 145 42 141 137 
42 141 137 77 148 133 
77 148 133 153 149 144 
153 149 144 44 129 136 
44 129 136 88 135 151 
88 135 151 155 99 135 
155 99 135 14 97 127 
14 97 127 139 97 128 
139 97 128 49 117 23 
49 117 23 24 125 22 
24 125 22 101 107 30 
101 107 30 6 105 37 
6 105 37 74 110 43 
74 110 43 142 100 17 
142 100 17 60 95 15 
60 95 15 11 74 6 
11 74 6 26 71 16 
26 71 16 32 67 15 
32 67 15 103 61 13 
103 61 13 15 62 16 
15 62 16 105 103 7 
105 103 7 80 143 73 
80 143 73 20 138 81 
20 138 81 43 144 89 
43 144 89 104 151 95 
104 151 95 145 144 83 
145 144 83 41 145 70 
41 145 70 143 137 67 
143 137 67 112 128 67 
112 128 67 144 145 107 
144 145 107 40 155 106 
40 155 106 124 141 105 
124 141 105 51 134 112 
51 134 112 83 131 106 
83 131 106 76 139 98 
76 139 98 113 140 108 
113 140 108 141 142 117 
141 142 117 71 134 122 
71 134 122 146 134 118 
146 134 118 89 123 54 
89 123 54 21 122 58 
21 122 58 106 154 53 
106 154 53 66 147 28 
66 147 28 4 146 21 
4 146 21 28 146 21 
28 146 21 109 144 35 
109 144 35 91 149 43 
91 149 43 78 92 56 
78 92 56 94 83 58 
94 83 58 5 78 55 
5 78 55 116 84 63 
116 84 63 58 79 67 
58 79 67 92 89 69 
92 89 69 93 117 78