1 51 10 16 53 16 
16 53 16 20 38 25 
20 38 25 3 23 40 
3 23 40 12 9 47 
12 9 47 61 7 54 
61 7 54 97 4 55 
97 4 55 30 29 39 
30 29 39 81 23 34 
81 23 34 35 23 28 
35 23 28 95 22 57 
95 22 57 38 29 53 
38 29 53 57 15 60 
57 15 60 99 18 45 
99 18 45 25 30 6 
25 30 6 0 94 96 
0 94 96 8 92 80 
8 92 80 39 87 80 
39 87 80 51 100 84 
51 100 84 80 96 70 
80 96 70 32 99 76 
32 99 76 56 89 93 
56 89 93 62 93 91 
62 93 91 64 29 100 
64 29 100 28 30 87 
28 30 87 2 21 75 
2 21 75 49 15 78 
49 15 78 52 4 70 
52 4 70 66 3 80 
66 3 80 18 41 68 
18 41 68 5 47 71 
5 47 71 29 45 77 
29 45 77 85 49 70 
85 49 70 54 55 68 
54 55 68 13 44 68 
13 44 68 86 40 65 
86 40 65 58 40 54 
58 40 54 75 29 83 
75 29 83 78 45 93 
78 45 93 84 48 91 
84 48 91 98 53 96 
98 53 96 92 23 93 
92 23 93 77 13 95 
77 13 95 4 16 92 
4 16 92 17 16 89 
17 16 89 94 6 98 
94 6 98 83 21 89 
83 21 89 68 90 56 
68 90 56 14 67 52 
14 67 52 27 78 39 
27 78 39 34 70 41 
34 70 41 88 81 36 
88 81 36 41 83 62 
41 83 62 90 84 67 
90 84 67 9 78 73 
9 78 73 36 79 73 
36 79 73 91 73 65 
91 73 65 55 70 73 
55 70 73 71 89 24 
71 89 24 11 74 22 
11 74 22 87 75 19 
87 75 19 93 73 14 
93 73 14 100 73 12 
100 73 12 50 89 27 
50 89 27 76 89 14 
76 89 14 44 90 8 
44 90 8 23 82 2 
23 82 2 72 97 43 
72 97 43 70 70 94 
70 70 94 19 62 91 
19 62 91 48 52 82 
48 52 82 21 57 84 
21 57 84 63 53 77 
63 53 77 24 54 78 
24 54 78 22 66 94 
22 66 94 69 71 83 
69 71 83 7 67 82 
7 67 82 46 69 82 
46 69 82 73 70 87 
73 70 87 45 70 87 
45 70 87 26 18 8 
26 18 8 60 20 14 
60 20 14 15 18 22 
15 18 22 96 16 26 
96 16 26 31 24 1 
31 24 1 67 5 0 
67 5 0 65 11 4 
65 11 4 6 14 2 
6 14 2 79 15 4 
79 15 4 82 31 10 
82 31 10 37 32 10 
37 32 10 40 42 21 
40 42 21 42 38 27 
42 38 27 47 38 35 
47 38 35 59 45 36 
59 45 36 74 43 35 
74 43 35 33 64 9 
33 64 9 43 54 28 
43 54 28 10 59 28 
10 59 28 53 60 21 
53 60 21 89 63 17 
89 63 17 1 51 10