1 15 11 33 13 19 
33 13 19 54 0 10 
54 0 10 95 12 69 
95 12 69 53 17 57 
53 17 57 29 23 58 
29 23 58 31 22 55 
31 22 55 43 1 41 
43 1 41 78 13 48 
78 13 48 108 8 47 
108 8 47 65 13 80 
65 13 80 64 3 91 
64 3 91 69 24 84 
69 24 84 52 23 86 
52 23 86 0 51 88 
0 51 88 22 59 109 
22 59 109 3 57 111 
3 57 111 56 73 98 
56 73 98 100 69 109 
100 69 109 2 70 105 
2 70 105 40 54 70 
40 54 70 27 63 62 
27 63 62 42 59 54 
42 59 54 105 53 51 
105 53 51 7 51 50 
7 51 50 94 47 51 
94 47 51 111 55 38 
111 55 38 8 59 34 
8 59 34 44 57 29 
44 57 29 60 66 40 
60 66 40 109 64 35 
109 64 35 96 40 31 
96 40 31 19 42 40 
19 42 40 20 35 31 
20 35 31 58 29 30 
58 29 30 59 31 23 
59 31 23 63 46 28 
63 46 28 30 49 29 
30 49 29 35 39 67 
35 39 67 11 34 60 
11 34 60 101 38 53 
101 38 53 17 46 61 
17 46 61 76 48 74 
76 48 74 61 102 85 
61 102 85 5 102 53 
5 102 53 32 96 60 
32 96 60 34 109 54 
34 109 54 39 112 48 
39 112 48 36 105 48 
36 105 48 83 106 46 
83 106 46 45 105 59 
45 105 59 67 91 48 
67 91 48 48 80 35 
48 80 35 24 77 40 
24 77 40 80 73 40 
80 73 40 97 81 34 
97 81 34 99 91 52 
99 91 52 73 105 52 
73 105 52 41 101 70 
41 101 70 23 94 67 
23 94 67 71 89 67 
71 89 67 86 91 67 
86 91 67 47 105 16 
47 105 16 9 110 10 
9 110 10 82 108 8 
82 108 8 72 98 18 
72 98 18 18 98 11 
18 98 11 21 99 0 
21 99 0 84 93 16 
84 93 16 38 88 18 
38 88 18 85 91 16 
85 91 16 92 71 0 
92 71 0 77 87 5 
77 87 5 110 86 1 
110 86 1 79 74 2 
79 74 2 87 80 5 
87 80 5 102 65 13 
102 65 13 55 59 3 
55 59 3 103 56 5 
103 56 5 28 48 3 
28 48 3 70 52 2 
70 52 2 57 50 12 
57 50 12 104 68 10 
104 68 10 107 64 22 
107 64 22 98 103 16 
98 103 16 112 105 25 
112 105 25 25 102 33 
25 102 33 74 104 31 
74 104 31 26 104 27 
26 104 27 46 105 21 
46 105 21 51 83 78 
51 83 78 10 71 80 
10 71 80 106 91 85 
106 91 85 49 88 82 
49 88 82 68 104 96 
68 104 96 6 111 103 
6 111 103 90 95 105 
90 95 105 15 84 101 
15 84 101 81 80 100 
81 80 100 93 79 108 
93 79 108 75 99 110 
75 99 110 62 24 104 
62 24 104 12 37 109 
12 37 109 14 11 108 
14 11 108 91 28 103 
91 28 103 66 3 2 
66 3 2 89 6 0 
89 6 0 13 11 3 
13 11 3 37 8 30 
37 8 30 4 8 30 
4 8 30 16 2 29 
16 2 29 50 17 21 
50 17 21 88 28 10 
88 28 10 1 15 11