16 84 26 1 77 25 
1 77 25 62 96 25 
62 96 25 0 81 56 
0 81 56 17 83 56 
17 83 56 43 84 53 
43 84 53 23 87 62 
23 87 62 18 88 72 
18 88 72 50 83 73 
50 83 73 61 88 76 
61 88 76 74 84 82 
74 84 82 55 91 84 
55 91 84 72 80 85 
72 80 85 68 97 70 
68 97 70 8 98 67 
8 98 67 86 86 92 
86 86 92 79 84 92 
79 84 92 26 64 73 
26 64 73 53 62 72 
53 62 72 87 55 71 
87 55 71 76 51 77 
76 51 77 69 59 97 
69 59 97 44 55 90 
44 55 90 84 31 96 
84 31 96 39 11 87 
39 11 87 21 12 86 
21 12 86 52 19 85 
52 19 85 37 22 87 
37 22 87 65 23 88 
65 23 88 49 20 86 
49 20 86 75 32 92 
75 32 92 3 27 90 
3 27 90 95 45 98 
95 45 98 33 49 97 
33 49 97 56 96 46 
56 96 46 70 75 67 
70 75 67 12 76 69 
12 76 69 36 78 68 
36 78 68 20 82 69 
20 82 69 90 22 20 
90 22 20 2 32 21 
2 32 21 60 37 27 
60 37 27 31 38 10 
31 38 10 6 49 21 
6 49 21 40 41 1 
40 41 1 96 45 0 
96 45 0 41 43 7 
41 43 7 10 49 8 
10 49 8 47 37 12 
47 37 12 85 31 3 
85 31 3 51 33 0 
51 33 0 42 1 29 
42 1 29 22 2 22 
22 2 22 46 28 37 
46 28 37 13 20 67 
13 20 67 11 35 69 
11 35 69 29 39 67 
29 39 67 15 42 61 
15 42 61 32 18 69 
32 18 69 7 4 66 
7 4 66 89 14 71 
89 14 71 92 22 73 
92 22 73 38 26 78 
38 26 78 57 19 68 
57 19 68 14 14 43 
14 14 43 19 24 42 
19 24 42 28 31 34 
28 31 34 9 29 29 
9 29 29 81 34 36 
81 34 36 73 40 48 
73 40 48 94 39 42 
94 39 42 71 10 19 
71 10 19 98 18 9 
98 18 9 97 66 45 
97 66 45 27 69 29 
27 69 29 4 73 18 
4 73 18 58 75 19 
58 75 19 77 77 19 
77 77 19 88 72 12 
88 72 12 30 71 11 
30 71 11 35 70 15 
35 70 15 5 64 28 
5 64 28 63 62 18 
63 62 18 93 61 13 
93 61 13 78 56 27 
78 56 27 24 59 24 
24 59 24 34 65 42 
34 65 42 59 56 39 
59 56 39 45 57 37 
45 57 37 64 72 51 
64 72 51 66 75 45 
66 75 45 91 57 57 
91 57 57 25 51 49 
25 51 49 48 49 44 
48 49 44 80 80 4 
80 80 4 54 92 4 
54 92 4 67 91 2 
67 91 2 82 98 6 
82 98 6 83 78 2 
83 78 2 16 84 26