136 59 74 1 57 68 
1 57 68 117 63 77 
117 63 77 22 55 83 
22 55 83 66 58 89 
66 58 89 16 40 81 
16 40 81 54 34 68 
54 34 68 92 33 72 
92 33 72 126 29 62 
126 29 62 44 30 61 
44 30 61 58 44 79 
58 44 79 26 46 101 
26 46 101 80 48 103 
80 48 103 51 45 107 
51 45 107 0 95 101 
0 95 101 9 116 70 
9 116 70 7 117 82 
7 117 82 2 139 96 
2 139 96 17 136 99 
17 136 99 87 133 102 
87 133 102 62 134 95 
62 134 95 105 134 90 
105 134 90 57 119 85 
57 119 85 30 115 75 
30 115 75 34 113 57 
34 113 57 29 115 31 
29 115 31 11 117 26 
11 117 26 104 124 26 
104 124 26 60 133 24 
60 133 24 59 133 18 
59 133 18 122 127 8 
122 127 8 86 131 7 
86 131 7 77 117 50 
77 117 50 48 122 44 
48 122 44 74 128 63 
74 128 63 18 135 56 
18 135 56 85 123 56 
85 123 56 14 124 54 
14 124 54 118 129 47 
118 129 47 103 100 70 
103 100 70 23 83 60 
23 83 60 64 77 51 
64 77 51 65 69 55 
65 69 55 69 74 47 
69 74 47 89 72 49 
89 72 49 100 70 44 
100 70 44 134 79 54 
134 79 54 35 89 71 
35 89 71 36 84 68 
36 84 68 115 113 68 
115 113 68 15 24 118 
15 24 118 46 10 98 
46 10 98 73 16 99 
73 16 99 108 25 90 
108 25 90 107 15 77 
107 15 77 5 22 68 
5 22 68 101 8 76 
101 8 76 113 5 90 
113 5 90 119 1 82 
119 1 82 67 24 110 
67 24 110 10 34 108 
10 34 108 70 32 122 
70 32 122 71 40 132 
71 40 132 40 43 139 
40 43 139 75 45 129 
75 45 129 83 16 115 
83 16 115 93 6 120 
93 6 120 88 8 112 
88 8 112 56 9 108 
56 9 108 124 17 126 
124 17 126 28 97 106 
28 97 106 96 102 104 
96 102 104 37 67 131 
37 67 131 12 74 134 
12 74 134 55 55 125 
55 55 125 130 53 116 
130 53 116 102 57 110 
102 57 110 120 82 127 
120 82 127 132 82 124 
132 82 124 41 79 7 
41 79 7 32 67 1 
32 67 1 49 52 10 
49 52 10 19 53 26 
19 53 26 31 58 28 
31 58 28 109 44 32 
109 44 32 131 39 36 
131 39 36 82 39 1 
82 39 1 84 41 7 
84 41 7 116 38 18 
116 38 18 125 35 11 
125 35 11 68 12 25 
68 12 25 72 24 49 
72 24 49 21 29 45 
21 29 45 47 22 43 
47 22 43 13 25 42 
13 25 42 121 14 38 
121 14 38 111 9 57 
111 9 57 45 1 59 
45 1 59 76 0 51 
76 0 51 97 16 55 
97 16 55 133 41 49 
133 41 49 33 50 52 
33 50 52 52 59 55 
52 59 55 3 55 60 
3 55 60 78 57 49 
78 57 49 128 56 51 
128 56 51 114 41 58 
114 41 58 123 23 7 
123 23 7 25 22 9 
25 22 9 138 22 31 
138 22 31 43 24 33 
43 24 33 99 22 30 
99 22 30 127 83 12 
127 83 12 6 89 20 
6 89 20 39 76 26 
39 76 26 110 69 34 
110 69 34 50 104 19 
50 104 19 95 107 15 
95 107 15 42 99 8 
42 99 8 91 102 98 
91 102 98 4 108 101 
4 108 101 20 106 104 
20 106 104 129 91 89 
129 91 89 8 98 88 
8 98 88 135 81 109 
135 81 109 94 79 115 
94 79 115 139 113 122 
139 113 122 79 115 117 
79 115 117 81 120 125 
81 120 125 27 136 119 
27 136 119 53 134 117 
53 134 117 106 134 111 
106 134 111 90 137 121 
90 137 121 112 100 138 
112 100 138 24 107 134 
24 107 134 98 57 94 
98 57 94 137 73 92 
137 73 92 38 72 85 
38 72 85 61 74 81 
61 74 81 63 74 91 
63 74 91 136 59 74