1 29 100 77 25 91 
77 25 91 21 44 84 
21 44 84 30 43 88 
30 43 88 57 47 92 
57 47 92 55 44 96 
55 44 96 32 39 74 
32 39 74 13 44 70 
13 44 70 72 35 67 
72 35 67 3 36 70 
3 36 70 95 36 58 
95 36 58 29 36 58 
29 36 58 86 30 61 
86 30 61 108 35 56 
108 35 56 105 37 78 
105 37 78 67 53 90 
67 53 90 38 10 100 
38 10 100 11 17 100 
11 17 100 65 16 94 
65 16 94 64 16 94 
64 16 94 53 3 79 
53 3 79 5 2 79 
5 2 79 43 14 73 
43 14 73 2 7 65 
2 7 65 83 17 64 
83 17 64 31 19 65 
31 19 65 54 6 98 
54 6 98 62 28 77 
62 28 77 48 28 71 
48 28 71 46 27 72 
46 27 72 0 86 59 
0 86 59 19 80 54 
19 80 54 39 56 26 
39 56 26 37 52 28 
37 52 28 41 49 29 
41 49 29 63 43 31 
63 43 31 112 46 21 
112 46 21 85 41 22 
85 41 22 42 57 18 
42 57 18 56 44 4 
56 44 4 66 69 11 
66 69 11 6 68 0 
6 68 0 27 61 0 
27 61 0 88 58 44 
88 58 44 9 50 50 
9 50 50 106 55 54 
106 55 54 70 55 46 
70 55 46 81 56 36 
81 56 36 20 50 39 
20 50 39 97 63 48 
97 63 48 90 24 33 
90 24 33 8 29 36 
8 29 36 4 30 43 
4 30 43 61 35 33 
61 35 33 15 35 27 
15 35 27 102 41 39 
102 41 39 71 44 43 
71 44 43 22 24 14 
22 24 14 34 28 15 
34 28 15 69 28 19 
69 28 19 51 15 43 
51 15 43 23 9 34 
23 9 34 76 1 30 
76 1 30 104 3 49 
104 3 49 98 69 26 
98 69 26 79 78 28 
79 78 28 78 86 61 
78 86 61 89 78 86 
89 78 86 58 80 88 
58 80 88 35 91 86 
35 91 86 111 68 92 
111 68 92 18 61 104 
18 61 104 24 54 101 
24 54 101 94 61 108 
94 61 108 74 72 100 
74 72 100 73 73 104 
73 73 104 107 80 108 
107 80 108 33 83 110 
33 83 110 87 81 103 
87 81 103 14 85 101 
14 85 101 16 80 101 
16 80 101 96 100 108 
96 100 108 12 100 108 
12 100 108 80 104 99 
80 104 99 26 109 104 
26 109 104 91 93 33 
91 93 33 49 78 38 
49 78 38 52 88 18 
52 88 18 99 103 0 
99 103 0 25 109 8 
25 109 8 47 91 3 
47 91 3 60 95 0 
60 95 0 75 98 33 
75 98 33 101 57 66 
101 57 66 40 55 71 
40 55 71 82 62 63 
82 62 63 109 65 65 
109 65 65 113 61 73 
113 61 73 45 63 72 
45 63 72 103 96 62 
103 96 62 7 95 62 
7 95 62 36 109 55 
36 109 55 17 103 54 
17 103 54 28 105 52 
28 105 52 50 105 48 
50 105 48 10 113 45 
10 113 45 110 105 45 
110 105 45 44 101 79 
44 101 79 59 111 87 
59 111 87 92 113 75 
92 113 75 93 94 69 
93 94 69 84 23 92 
84 23 92 68 38 97 
68 38 97 100 37 111 
100 37 111 1 29 100