1 41 34 20 33 30 
20 33 30 5 32 11 
5 32 11 15 43 9 
15 43 9 41 41 7 
41 41 7 24 30 9 
24 30 9 36 20 2 
36 20 2 27 30 12 
27 30 12 42 22 15 
42 22 15 45 35 13 
45 35 13 13 32 23 
13 32 23 19 36 33 
19 36 33 0 29 43 
0 29 43 8 31 45 
8 31 45 40 26 39 
40 26 39 11 20 44 
11 20 44 17 26 38 
17 26 38 46 1 46 
46 1 46 12 8 41 
12 8 41 23 1 27 
23 1 27 7 2 32 
7 2 32 2 8 34 
2 8 34 10 2 10 
10 2 10 14 4 1 
14 4 1 22 7 1 
22 7 1 29 4 10 
29 4 10 32 5 6 
32 5 6 21 2 6 
21 2 6 35 0 13 
35 0 13 43 0 9 
43 0 9 34 0 28 
34 0 28 39 7 25 
39 7 25 9 10 25 
9 10 25 28 5 26 
28 5 26 25 22 28 
25 22 28 26 21 24 
26 21 24 16 16 20 
16 16 20 18 10 17 
18 10 17 44 21 20 
44 21 20 30 25 33 
30 25 33 31 33 27 
31 33 27 3 37 25 
3 37 25 33 30 35 
33 30 35 37 33 32 
37 33 32 38 42 26 
38 42 26 4 46 29 
4 46 29 6 38 38 
6 38 38 1 41 34