1 39 33 69 34 25 
69 34 25 31 15 34 
31 15 34 20 17 48 
20 17 48 86 26 47 
86 26 47 96 22 49 
96 22 49 26 23 31 
26 23 31 58 25 26 
58 25 26 95 2 47 
95 2 47 5 6 44 
5 6 44 22 2 53 
22 2 53 51 0 60 
51 0 60 50 4 39 
50 4 39 60 9 51 
60 9 51 94 11 54 
94 11 54 39 8 57 
39 8 57 0 58 13 
0 58 13 30 78 7 
30 78 7 53 72 6 
53 72 6 42 54 9 
42 54 9 57 46 4 
57 46 4 65 30 0 
65 30 0 52 59 19 
52 59 19 67 54 42 
67 54 42 15 53 41 
15 53 41 55 16 78 
55 16 78 13 31 88 
13 31 88 29 39 91 
29 39 91 74 34 96 
74 34 96 66 43 81 
66 43 81 35 52 85 
35 52 85 79 47 88 
79 47 88 75 26 85 
75 26 85 28 31 82 
28 31 82 83 23 94 
83 23 94 25 3 74 
25 3 74 56 9 64 
56 9 64 77 6 64 
77 6 64 49 8 93 
49 8 93 2 6 87 
2 6 87 37 5 93 
37 5 93 61 2 92 
61 2 92 91 15 84 
91 15 84 32 14 87 
32 14 87 59 39 59 
59 39 59 41 29 58 
41 29 58 90 33 70 
90 33 70 62 56 44 
62 56 44 8 59 41 
8 59 41 23 59 46 
23 59 46 81 55 55 
81 55 55 38 58 44 
38 58 44 70 52 16 
70 52 16 71 68 16 
71 68 16 73 95 75 
73 95 75 6 75 71 
6 75 71 68 60 72 
68 60 72 48 66 68 
48 66 68 88 55 68 
88 55 68 64 52 69 
64 52 69 17 91 93 
17 91 93 10 89 91 
10 89 91 44 72 96 
44 72 96 14 77 95 
14 77 95 24 57 97 
24 57 97 87 58 94 
87 58 94 40 70 96 
40 70 96 93 67 93 
93 67 93 16 63 89 
16 63 89 80 83 90 
80 83 90 21 81 89 
21 81 89 84 96 90 
84 96 90 36 92 53 
36 92 53 18 91 46 
18 91 46 27 87 40 
27 87 40 19 86 52 
19 86 52 12 80 54 
12 80 54 43 93 79 
43 93 79 46 88 83 
46 88 83 3 88 79 
3 88 79 89 87 67 
89 87 67 11 85 69 
11 85 69 76 63 1 
76 63 1 78 87 29 
78 87 29 54 81 22 
54 81 22 63 93 13 
63 93 13 72 78 23 
72 78 23 33 77 20 
33 77 20 82 79 43 
82 79 43 4 74 42 
4 74 42 47 69 37 
47 69 37 92 77 41 
92 77 41 85 15 10 
85 15 10 9 15 11 
9 15 11 45 2 6 
45 2 6 34 2 20 
34 2 20 97 32 22 
97 32 22 7 31 16 
7 31 16 1 39 33