1 46 118 63 32 125 
63 32 125 23 63 119 
23 63 119 19 94 136 
19 94 136 12 93 123 
12 93 123 87 104 118 
87 104 118 83 98 114 
83 98 114 34 91 132 
34 91 132 44 128 135 
44 128 135 50 121 139 
50 121 139 79 137 139 
79 137 139 131 122 128 
131 122 128 72 119 114 
72 119 114 84 101 134 
84 101 134 26 103 127 
26 103 127 54 57 113 
54 57 113 37 57 105 
37 57 105 73 64 118 
73 64 118 75 67 123 
75 67 123 94 88 109 
94 88 109 38 90 98 
38 90 98 2 105 102 
2 105 102 10 107 99 
10 107 99 46 106 104 
46 106 104 76 109 96 
76 109 96 35 110 99 
35 110 99 95 79 98 
95 79 98 88 82 101 
88 82 101 102 71 98 
102 71 98 116 79 109 
116 79 109 105 67 109 
105 67 109 39 23 125 
39 23 125 57 27 132 
57 27 132 58 36 140 
58 36 140 0 7 65 
0 7 65 18 11 76 
18 11 76 64 17 73 
64 17 73 67 13 91 
67 13 91 52 22 100 
52 22 100 61 28 97 
61 28 97 29 25 69 
29 25 69 11 31 72 
11 31 72 14 25 75 
14 25 75 127 27 88 
127 27 88 77 21 88 
77 21 88 126 19 64 
126 19 64 80 31 15 
80 31 15 6 36 19 
6 36 19 28 62 10 
28 62 10 22 64 2 
22 64 2 49 52 2 
49 52 2 123 50 4 
123 50 4 25 35 8 
25 35 8 13 32 5 
13 32 5 31 39 3 
31 39 3 27 25 15 
27 25 15 132 4 19 
132 4 19 4 9 9 
4 9 9 59 26 2 
59 26 2 96 50 78 
96 50 78 78 49 61 
78 49 61 5 59 47 
5 59 47 85 61 53 
85 61 53 43 50 57 
43 50 57 135 48 49 
135 48 49 62 50 63 
62 50 63 30 46 69 
30 46 69 137 55 62 
137 55 62 98 57 61 
98 57 61 125 44 60 
125 44 60 140 54 81 
140 54 81 97 30 50 
97 30 50 124 26 33 
124 26 33 91 31 38 
91 31 38 117 24 28 
117 24 28 139 94 44 
139 94 44 21 93 40 
21 93 40 68 88 42 
68 88 42 109 89 37 
109 89 37 92 110 51 
92 110 51 9 122 53 
9 122 53 7 130 38 
7 130 38 100 126 36 
100 126 36 111 135 41 
111 135 41 81 140 58 
81 140 58 122 140 71 
122 140 71 82 121 46 
82 121 46 71 114 62 
71 114 62 36 121 91 
36 121 91 8 140 97 
8 140 97 55 136 113 
55 136 113 119 116 95 
119 116 95 107 119 69 
107 119 69 90 127 79 
90 127 79 17 131 80 
17 131 80 99 106 50 
99 106 50 101 89 25 
101 89 25 106 94 22 
106 94 22 45 88 8 
45 88 8 108 87 76 
108 87 76 70 88 82 
70 88 82 120 85 83 
120 85 83 138 81 86 
138 81 86 33 77 82 
33 77 82 66 76 84 
66 76 84 130 71 79 
130 71 79 56 66 69 
56 66 69 128 72 86 
128 72 86 110 80 42 
110 80 42 32 75 40 
32 75 40 93 72 32 
93 72 32 103 73 40 
103 73 40 133 62 31 
133 62 31 121 77 49 
121 77 49 41 82 52 
41 82 52 47 71 59 
47 71 59 129 71 54 
129 71 54 60 73 46 
60 73 46 113 89 56 
113 89 56 65 93 65 
65 93 65 86 85 58 
86 85 58 3 83 64 
3 83 64 42 79 59 
42 79 59 69 77 59 
69 77 59 114 115 11 
114 115 11 16 139 16 
16 139 16 40 133 4 
40 133 4 53 110 19 
53 110 19 136 118 17 
136 118 17 24 121 26 
24 121 26 112 127 17 
112 127 17 74 35 127 
74 35 127 115 34 125 
115 34 125 118 12 116 
118 12 116 20 12 112 
20 12 112 104 4 138 
104 4 138 134 4 139 
134 4 139 48 44 114 
48 44 114 51 53 119 
51 53 119 15 53 120 
15 53 120 89 44 122 
89 44 122 1 46 118