7 5 22 1 9 23 
1 9 23 3 7 26 
3 7 26 9 10 8 
9 10 8 16 20 4 
16 20 4 2 24 8 
2 24 8 0 37 19 
0 37 19 18 32 22 
18 32 22 14 26 24 
14 26 24 5 23 24 
5 23 24 21 35 27 
21 35 27 36 32 29 
36 32 29 34 30 34 
34 30 34 11 34 32 
11 34 32 13 34 36 
13 34 36 24 28 31 
24 28 31 6 22 29 
6 22 29 12 18 27 
12 18 27 31 23 29 
31 23 29 35 21 29 
35 21 29 23 27 32 
23 27 32 33 29 29 
33 29 29 27 25 36 
27 25 36 37 34 11 
37 34 11 4 35 11 
4 35 11 15 31 4 
15 31 4 19 1 0 
19 1 0 20 8 0 
20 8 0 10 9 0 
10 9 0 28 4 1 
28 4 1 22 16 9 
22 16 9 30 13 14 
30 13 14 32 16 18 
32 16 18 26 16 20 
26 16 20 38 21 4 
38 21 4 25 8 15 
25 8 15 8 4 20 
8 4 20 17 2 17 
17 2 17 29 6 38 
29 6 38 7 5 22