8 1 30 1 1 13 
1 1 13 100 15 28 
100 15 28 20 18 18 
20 18 18 131 18 44 
131 18 44 63 14 42 
63 14 42 126 20 45 
126 20 45 23 3 55 
23 3 55 12 23 72 
12 23 72 0 53 57 
0 53 57 17 133 42 
17 133 42 46 121 59 
46 121 59 25 117 63 
25 117 63 81 112 61 
81 112 61 107 120 53 
107 120 53 114 128 77 
114 128 77 56 125 88 
56 125 88 78 126 68 
78 126 68 52 129 48 
52 129 48 9 133 57 
9 133 57 61 136 66 
61 136 66 124 133 69 
124 133 69 72 134 48 
72 134 48 96 129 11 
96 129 11 90 119 13 
90 119 13 36 107 6 
36 107 6 74 103 1 
74 103 1 133 113 11 
133 113 11 102 130 3 
102 130 3 112 123 1 
112 123 1 109 126 39 
109 126 39 28 114 37 
28 114 37 21 105 38 
21 105 38 34 98 30 
34 98 30 40 114 30 
40 114 30 76 109 34 
76 109 34 137 124 40 
137 124 40 121 137 30 
121 137 30 130 127 110 
130 127 110 67 123 132 
67 123 132 45 130 128 
45 130 128 44 136 126 
44 136 126 50 113 133 
50 113 133 89 112 104 
89 112 104 83 110 118 
83 110 118 70 116 124 
70 116 124 91 104 115 
91 104 115 87 107 104 
87 107 104 95 92 105 
95 92 105 55 88 100 
55 88 100 41 92 98 
41 92 98 101 114 95 
101 114 95 136 133 101 
136 133 101 39 58 59 
39 58 59 97 63 62 
97 63 62 48 56 68 
48 56 68 5 58 68 
5 58 68 135 62 68 
135 62 68 49 59 76 
49 59 76 88 56 91 
88 56 91 13 65 100 
13 65 100 30 75 108 
30 75 108 18 78 115 
18 78 115 119 77 114 
119 77 114 47 77 107 
47 77 107 73 83 110 
73 83 110 122 82 104 
122 82 104 86 58 96 
86 58 96 120 65 80 
120 65 80 6 72 88 
6 72 88 37 75 93 
37 75 93 117 80 93 
117 80 93 80 57 68 
80 57 68 85 27 99 
85 27 99 35 2 90 
35 2 90 11 5 87 
11 5 87 33 3 97 
33 3 97 22 1 102 
22 1 102 71 34 84 
71 34 84 127 42 83 
127 42 83 75 12 117 
75 12 117 68 0 136 
68 0 136 69 20 122 
69 20 122 92 10 125 
92 10 125 103 4 122 
103 4 122 123 5 111 
123 5 111 29 10 109 
29 10 109 54 11 102 
54 11 102 111 27 99 
111 27 99 134 46 106 
134 46 106 19 45 108 
19 45 108 24 51 113 
24 51 113 38 67 122 
38 67 122 32 53 136 
32 53 136 7 49 133 
7 49 133 104 64 134 
104 64 134 66 74 122 
66 74 122 94 74 124 
94 74 124 58 38 117 
58 38 117 4 37 127 
4 37 127 3 40 136 
3 40 136 62 37 114 
62 37 114 79 43 102 
79 43 102 65 41 51 
65 41 51 59 42 59 
59 42 59 110 47 50 
110 47 50 82 75 20 
82 75 20 15 67 13 
15 67 13 16 77 35 
16 77 35 113 88 12 
113 88 12 115 87 8 
115 87 8 116 98 19 
116 98 19 99 55 35 
99 55 35 84 31 13 
84 31 13 2 35 22 
2 35 22 14 45 13 
14 45 13 105 59 52 
105 59 52 98 59 45 
98 59 45 129 86 54 
129 86 54 26 78 70 
26 78 70 27 78 76 
27 78 76 93 93 62 
93 93 62 42 94 71 
42 94 71 31 90 80 
31 90 80 53 87 85 
53 87 85 108 95 73 
108 95 73 118 103 72 
118 103 72 10 103 72 
10 103 72 60 111 80 
60 111 80 77 107 76 
77 107 76 64 106 79 
64 106 79 125 90 55 
125 90 55 51 101 51 
51 101 51 128 96 51 
128 96 51 132 80 49 
132 80 49 43 5 63 
43 5 63 57 0 66 
57 0 66 106 14 32 
106 14 32 8 1 30