7 30 18 1 34 16 
1 34 16 18 37 1 
18 37 1 20 41 12 
20 41 12 9 39 11 
9 39 11 4 34 35 
4 34 35 0 25 40 
0 25 40 10 22 39 
10 22 39 11 12 40 
11 12 40 19 11 41 
19 11 41 25 10 37 
25 10 37 8 5 39 
8 5 39 16 8 35 
16 8 35 22 12 34 
22 12 34 27 18 43 
27 18 43 37 15 8 
37 15 8 12 17 4 
12 17 4 30 13 2 
30 13 2 21 4 7 
21 4 7 38 9 7 
38 9 7 28 20 12 
28 20 12 24 24 16 
24 24 16 17 22 20 
17 22 20 40 25 11 
40 25 11 15 25 8 
15 25 8 43 19 12 
43 19 12 34 15 18 
34 15 18 5 18 17 
5 18 17 26 17 17 
26 17 17 35 14 26 
35 14 26 39 2 27 
39 2 27 31 4 32 
31 4 32 14 3 33 
14 3 33 36 2 22 
36 2 22 2 8 21 
2 8 21 3 4 18 
3 4 18 32 5 21 
32 5 21 6 43 27 
6 43 27 41 40 21 
41 40 21 29 39 19 
29 39 19 13 39 39 
13 39 39 23 30 28 
23 30 28 42 27 24 
42 27 24 33 36 29 
33 36 29 7 30 18