11 9 54 1 5 56 
1 5 56 15 15 56 
15 15 56 51 32 56 
51 32 56 47 48 57 
47 48 57 39 54 55 
39 54 55 8 51 51 
8 51 51 9 47 51 
9 47 51 28 53 56 
28 53 56 0 57 57 
0 57 57 3 36 6 
3 36 6 14 37 23 
14 37 23 7 45 27 
7 45 27 50 47 21 
50 47 21 16 38 32 
16 38 32 22 34 44 
22 34 44 36 26 44 
36 26 44 18 29 45 
18 29 45 40 22 42 
40 22 42 41 35 28 
41 35 28 2 32 28 
2 32 28 12 30 32 
12 30 32 43 40 18 
43 40 18 53 36 15 
53 36 15 48 6 27 
48 6 27 4 2 33 
4 2 33 17 8 43 
17 8 43 13 16 26 
13 16 26 35 17 27 
35 17 27 21 3 13 
21 3 13 31 7 12 
31 7 12 29 2 25 
29 2 25 23 1 26 
23 1 26 57 19 36 
57 19 36 33 17 45 
33 17 45 54 14 35 
54 14 35 20 43 0 
20 43 0 26 33 1 
26 33 1 42 44 10 
42 44 10 52 32 8 
52 32 8 44 18 7 
44 18 7 38 18 12 
38 18 12 30 20 17 
30 20 17 45 10 5 
45 10 5 24 0 0 
24 0 0 6 3 5 
6 3 5 19 2 0 
19 2 0 37 6 1 
37 6 1 5 5 1 
5 5 1 55 31 9 
55 31 9 49 53 40 
49 53 40 27 57 32 
27 57 32 32 54 28 
32 54 28 10 57 27 
10 57 27 46 47 42 
46 47 42 56 39 53 
56 39 53 25 16 54 
25 16 54 34 14 51 
34 14 51 11 9 54