18 21 1 15 21 1 0
15 21 1 19 14 4 7
19 14 4 16 12 6 2
16 12 6 26 11 4 2
26 11 4 25 4 0 8
25 4 0 24 10 11 12
24 10 11 23 10 17 6
23 10 17 10 8 23 6
10 8 23 11 8 27 4
11 8 27 34 7 31 4
34 7 31 31 6 33 2
31 6 33 1 10 36 5
1 10 36 13 1 22 16
13 1 22 39 0 14 8
39 0 14 21 16 13 16
21 16 13 36 19 18 5
36 19 18 27 18 25 7
27 18 25 35 22 29 5
35 22 29 8 28 31 6
8 28 31 22 29 26 5
22 29 26 12 28 20 6
12 28 20 2 32 17 5
2 32 17 5 38 18 6
5 38 18 20 33 33 15
20 33 33 37 34 35 2
37 34 35 38 35 36 1
38 35 36 30 35 33 3
30 35 33 0 25 39 11
0 25 39 17 20 39 5
17 20 39 28 24 12 27
28 24 12 29 29 10 5
29 29 10 9 28 9 1
9 28 9 6 29 5 4
6 29 5 33 30 0 5
33 30 0 32 32 8 8
32 32 8 14 35 7 3
14 35 7 3 38 4 4
3 38 4 4 39 4 1
4 39 4 7 36 1 4
7 36 1 18 21 1 15
