2 29 15 90 29 15 0
90 29 15 38 22 17 7
38 22 17 59 22 22 5
59 22 22 25 16 22 6
25 16 22 75 16 25 3
75 16 25 36 11 25 5
36 11 25 41 10 21 4
41 10 21 78 4 28 9
78 4 28 19 1 25 4
19 1 25 61 10 35 13
61 10 35 84 12 40 5
84 12 40 64 22 49 13
64 22 49 54 26 42 8
54 26 42 34 35 46 9
34 35 46 63 38 54 8
63 38 54 13 43 51 5
13 43 51 44 47 52 4
44 47 52 87 52 54 5
87 52 54 85 52 42 12
85 52 42 24 56 40 4
24 56 40 58 66 43 10
58 66 43 23 68 44 2
23 68 44 28 71 45 3
28 71 45 14 73 47 2
14 73 47 17 75 51 4
17 75 51 43 78 57 6
43 78 57 71 83 62 7
71 83 62 91 85 66 4
91 85 66 37 87 73 7
37 87 73 21 80 66 9
21 80 66 42 79 71 5
42 79 71 20 78 84 13
20 78 84 16 78 87 3
16 78 87 52 90 91 12
52 90 91 68 73 84 18
68 73 84 12 71 83 2
12 71 83 10 88 60 28
10 88 60 70 89 59 1
70 89 59 57 88 48 11
57 88 48 72 84 35 13
72 84 35 30 88 35 4
30 88 35 22 91 27 8
22 91 27 51 89 22 5
51 89 22 49 88 21 1
49 88 21 35 90 20 2
35 90 20 7 82 23 8
7 82 23 89 84 12 11
89 84 12 48 88 11 4
48 88 11 39 89 1 10
39 89 1 45 75 5 14
45 75 5 27 71 5 4
27 71 5 9 70 58 53
9 70 58 77 63 57 7
77 63 57 80 57 68 12
80 57 68 55 59 70 2
55 59 70 88 60 71 1
88 60 71 56 58 73 2
56 58 73 8 47 65 13
8 47 65 81 71 39 35
81 71 39 86 39 36 32
86 39 36 74 40 35 1
74 40 35 11 47 32 7
11 47 32 15 42 25 8
15 42 25 1 45 22 4
1 45 22 69 44 9 13
69 44 9 73 56 2 13
73 56 2 33 60 20 18
33 60 20 5 5 52 63
5 5 52 67 1 53 4
67 1 53 76 9 55 8
76 9 55 65 4 62 8
65 4 62 31 9 66 6
31 9 66 32 7 69 3
32 7 69 29 14 68 7
29 14 68 53 11 75 7
53 11 75 3 9 81 6
3 9 81 82 7 91 10
82 7 91 66 3 90 4
66 3 90 60 14 91 11
60 14 91 50 20 90 6
50 20 90 46 27 88 7
46 27 88 83 34 81 9
83 34 81 79 35 79 2
79 35 79 47 31 71 8
47 31 71 4 30 68 3
4 30 68 26 21 80 15
26 21 80 40 16 17 63
40 16 17 0 17 10 7
0 17 10 18 13 1 9
18 13 1 6 13 1 0
6 13 1 62 26 27 29
62 26 27 2 29 15 12
