48 57 66 87 57 66 0
87 57 66 84 58 66 1
84 58 66 89 60 63 3
89 60 63 86 71 70 13
86 71 70 33 78 67 7
33 78 67 101 82 67 4
101 82 67 67 73 62 10
67 73 62 91 80 59 7
91 80 59 22 83 54 5
22 83 54 11 88 60 7
11 88 60 72 92 65 6
72 92 65 16 94 58 7
16 94 58 46 100 64 8
46 100 64 93 104 63 4
93 104 63 57 103 70 7
57 103 70 8 107 71 4
8 107 71 59 106 77 6
59 106 77 104 101 76 5
104 101 76 108 111 77 10
108 111 77 36 112 78 1
36 112 78 49 110 96 18
49 110 96 4 102 100 8
4 102 100 82 100 107 7
82 100 107 15 97 109 3
15 97 109 99 111 104 14
99 111 104 65 70 49 68
65 70 49 74 80 75 27
74 80 75 90 87 77 7
90 87 77 103 88 86 9
103 88 86 66 86 88 2
66 86 88 81 55 62 40
81 55 62 78 54 56 6
78 54 56 7 42 62 13
7 42 62 106 38 53 9
106 38 53 47 31 48 8
47 31 48 111 28 40 8
111 28 40 113 33 32 9
113 33 32 76 27 28 7
76 27 28 88 20 32 8
88 20 32 95 20 35 3
95 20 35 40 5 34 15
40 5 34 53 5 44 10
53 5 44 41 18 18 29
41 18 18 75 19 16 2
75 19 16 39 11 9 10
39 11 9 1 8 9 3
1 8 9 28 5 9 3
28 5 9 20 6 0 9
20 6 0 50 45 28 48
50 45 28 58 39 19 10
58 39 19 17 49 11 12
17 49 11 45 52 7 5
45 52 7 2 56 3 5
2 56 3 77 51 0 5
77 51 0 79 65 8 16
79 65 8 31 68 1 7
31 68 1 27 71 4 4
27 71 4 64 72 7 3
64 72 7 94 74 12 5
94 74 12 100 71 15 4
100 71 15 26 67 16 4
26 67 16 37 63 19 5
37 63 19 55 62 27 8
55 62 27 21 68 27 6
21 68 27 3 71 34 7
3 71 34 85 80 40 10
85 80 40 80 93 43 13
80 93 43 60 107 37 15
60 107 37 43 108 45 8
43 108 45 107 76 4 52
107 76 4 62 81 10 7
62 81 10 9 84 6 5
9 84 6 109 84 16 10
109 84 16 32 90 14 6
32 90 14 68 98 16 8
68 98 16 34 101 12 5
34 101 12 30 104 10 3
30 104 10 83 106 12 2
83 106 12 105 103 3 9
105 103 3 70 106 0 4
70 106 0 12 46 7 60
12 46 7 73 50 37 30
73 50 37 51 52 39 2
51 52 39 25 20 51 34
25 20 51 13 21 61 10
13 21 61 23 18 62 3
23 18 62 19 9 64 9
19 9 64 97 25 73 18
97 25 73 112 21 81 8
112 21 81 18 19 87 6
18 19 87 92 25 97 11
92 25 97 110 31 105 10
110 31 105 71 39 111 10
71 39 111 38 46 106 8
38 46 106 102 48 98 8
102 48 98 14 44 90 8
14 44 90 98 41 86 5
98 41 86 63 36 81 7
63 36 81 10 36 77 4
10 36 77 54 49 82 13
54 49 82 61 47 76 6
61 47 76 96 61 86 17
96 61 86 69 52 114 29
69 52 114 29 57 112 5
29 57 112 52 63 112 6
52 63 112 5 70 114 7
5 70 114 44 66 102 12
44 66 102 35 68 103 2
35 68 103 24 68 97 6
24 68 97 56 73 91 7
56 73 91 0 14 100 59
0 14 100 114 3 97 11
114 3 97 42 7 90 8
42 7 90 6 3 82 8
6 3 82 48 57 66 56
