6 34 8 11 33 8 1
11 33 8 22 31 5 3
22 31 5 25 28 4 3
25 28 4 29 26 2 2
29 26 2 9 18 6 8
9 18 6 26 16 5 2
26 16 5 23 15 5 1
23 15 5 0 20 11 7
0 20 11 14 22 13 2
14 22 13 8 24 16 3
8 24 16 35 26 14 2
35 26 14 15 29 16 3
15 29 16 18 29 18 2
18 29 18 7 25 22 5
7 25 22 28 29 24 4
28 29 24 33 31 29 5
33 31 29 2 31 30 1
2 31 30 12 30 32 2
12 30 32 24 25 35 5
24 25 35 36 24 33 2
36 24 33 17 35 31 11
17 35 31 20 36 23 8
20 36 23 27 23 26 13
27 23 26 30 14 12 16
30 14 12 16 8 11 6
16 8 11 31 5 13 3
31 5 13 5 3 20 7
5 3 20 1 1 19 2
1 1 19 21 7 24 7
21 7 24 37 10 30 6
37 10 30 3 8 35 5
3 8 35 34 6 33 2
34 6 33 4 5 32 1
4 5 32 10 1 35 5
10 1 35 13 15 25 17
13 15 25 19 17 32 7
19 17 32 32 36 12 27
32 36 12 6 34 8 4
