35 19 18 2 20 17 1
2 20 17 103 26 10 9
103 26 10 120 24 2 8
120 24 2 93 34 16 17
93 34 16 108 40 11 7
108 40 11 107 41 18 7
107 41 18 32 45 23 6
32 45 23 49 42 25 3
49 42 25 21 46 31 7
21 46 31 38 51 33 5
38 51 33 115 50 37 4
115 50 37 126 48 44 7
126 48 44 94 55 47 7
94 55 47 104 60 44 5
104 60 44 122 69 52 12
122 69 52 39 40 51 29
39 40 51 53 31 53 9
53 31 53 78 28 60 7
78 28 60 77 28 66 6
77 28 66 66 35 66 7
66 35 66 44 40 60 7
44 40 60 59 52 61 12
59 52 61 19 36 75 21
19 36 75 37 41 73 5
37 41 73 52 40 81 8
52 40 81 45 37 83 3
45 37 83 46 40 85 3
46 40 85 42 47 87 7
42 47 87 73 45 93 6
73 45 93 119 19 67 36
119 19 67 105 15 67 4
105 15 67 99 11 68 4
99 11 68 13 10 64 4
13 10 64 30 8 61 3
30 8 61 51 6 76 15
51 6 76 91 17 83 13
91 17 83 65 22 90 8
65 22 90 124 19 97 7
124 19 97 48 15 93 5
48 15 93 0 7 91 8
0 7 91 83 28 101 23
83 28 101 60 25 106 5
60 25 106 12 30 109 5
12 30 109 112 27 112 4
112 27 112 80 21 118 8
80 21 118 117 20 120 2
117 20 120 131 23 122 3
131 23 122 86 16 116 9
86 16 116 29 1 116 15
29 1 116 68 33 118 32
68 33 118 40 39 111 9
40 39 111 31 48 106 10
31 48 106 129 14 105 34
129 14 105 84 9 103 5
84 9 103 23 26 47 58
23 26 47 101 24 43 4
101 24 43 33 18 48 7
33 18 48 57 12 38 11
57 12 38 111 30 35 18
111 30 35 36 32 36 2
36 32 36 6 54 19 27
6 54 19 72 50 10 9
72 50 10 130 64 28 22
130 64 28 7 72 26 8
7 72 26 61 80 32 10
61 80 32 43 81 35 3
43 81 35 62 87 42 9
62 87 42 118 89 40 2
118 89 40 10 94 33 8
10 94 33 5 97 28 5
5 97 28 102 101 33 6
102 101 33 20 105 28 6
20 105 28 3 115 19 13
3 115 19 28 117 18 2
28 117 18 14 124 28 12
14 124 28 95 112 8 23
95 112 8 92 113 1 7
92 113 1 56 99 4 14
56 99 4 34 100 44 40
34 100 44 89 87 51 14
89 87 51 9 88 65 14
9 88 65 22 84 75 10
22 84 75 81 88 76 4
81 88 76 110 88 82 6
110 88 82 114 88 93 11
114 88 93 88 93 103 11
88 93 103 90 98 75 28
90 98 75 67 99 82 7
67 99 82 97 105 83 6
97 105 83 125 106 87 4
125 106 87 109 110 78 9
109 110 78 16 122 79 12
16 122 79 82 122 80 1
82 122 80 116 129 92 13
116 129 92 24 132 96 5
24 132 96 70 118 95 14
70 118 95 100 115 108 13
100 115 108 96 105 116 12
96 105 116 11 102 118 3
11 102 118 64 86 120 16
64 86 120 18 85 121 1
18 85 121 26 75 132 14
26 75 132 121 68 132 7
121 68 132 54 53 128 15
54 53 128 63 47 129 6
63 47 129 25 131 119 84
25 131 119 128 128 69 50
128 128 69 15 74 78 54
15 74 78 4 70 84 7
4 70 84 76 67 89 5
76 67 89 41 62 82 8
41 62 82 17 74 95 17
17 74 95 106 71 102 7
106 71 102 50 65 102 6
50 65 102 113 63 106 4
113 63 106 87 66 108 3
87 66 108 1 99 62 56
1 99 62 69 108 63 9
69 108 63 47 111 62 3
47 111 62 79 119 54 11
79 119 54 27 123 51 5
27 123 51 75 132 52 9
75 132 52 123 109 67 27
123 109 67 132 82 27 48
132 82 27 8 85 16 11
8 85 16 74 79 7 10
74 79 7 58 32 23 49
58 32 23 98 15 26 17
98 15 26 85 4 27 11
85 4 27 55 1 25 3
55 1 25 127 0 36 11
127 0 36 71 0 48 12
71 0 48 35 19 18 35
