79 25 35 15 26 36 1
15 26 36 8 25 28 8
8 25 28 39 31 26 6
39 31 26 117 41 26 10
117 41 26 25 37 36 10
25 37 36 64 39 42 6
64 39 42 4 38 44 2
4 38 44 30 41 49 5
30 41 49 56 41 55 6
56 41 55 118 45 64 9
118 45 64 103 41 67 5
103 41 67 104 49 48 20
104 49 48 108 51 51 3
108 51 51 1 48 43 8
1 48 43 50 55 41 7
50 55 41 105 62 42 7
105 62 42 122 64 50 8
122 64 50 16 73 54 9
16 73 54 80 77 40 14
80 77 40 72 46 15 39
72 46 15 45 41 8 8
45 41 8 88 48 3 8
88 48 3 75 59 0 11
75 59 0 52 62 0 3
52 62 0 68 73 6 12
68 73 6 62 71 9 3
62 71 9 37 82 17 13
37 82 17 6 79 21 5
6 79 21 127 85 23 6
127 85 23 46 89 19 5
46 89 19 74 90 16 3
74 90 16 101 92 9 7
101 92 9 83 88 7 4
83 88 7 73 102 11 14
73 102 11 77 102 12 1
77 102 12 57 100 18 6
57 100 18 21 96 29 11
21 96 29 81 90 33 7
81 90 33 22 107 29 17
22 107 29 34 116 33 9
34 116 33 31 126 40 12
31 126 40 23 120 52 13
23 120 52 33 114 50 6
33 114 50 36 99 51 15
36 99 51 91 122 63 25
91 122 63 114 120 65 2
114 120 65 94 116 64 4
94 116 64 38 110 65 6
38 110 65 42 97 69 13
42 97 69 123 96 80 11
123 96 80 119 100 90 10
119 100 90 78 94 97 9
78 94 97 26 91 95 3
26 91 95 53 101 108 16
53 101 108 99 94 120 13
99 94 120 66 89 121 5
66 89 121 111 84 121 5
111 84 121 84 75 121 9
84 75 121 10 70 125 6
10 70 125 76 69 128 3
76 69 128 13 74 115 13
13 74 115 54 68 114 6
54 68 114 24 64 115 4
24 64 115 2 58 112 6
2 58 112 92 50 113 8
92 50 113 43 47 112 3
43 47 112 100 43 116 5
100 43 116 9 36 120 8
9 36 120 29 34 115 5
29 34 115 129 24 113 10
129 24 113 67 23 116 3
67 23 116 12 22 123 7
12 22 123 128 12 128 11
128 12 128 0 46 128 34
0 46 128 35 56 126 10
35 56 126 70 57 126 1
70 57 126 14 42 106 25
14 42 106 126 39 106 3
126 39 106 125 41 102 4
125 41 102 121 39 100 2
121 39 100 110 38 91 9
110 38 91 90 30 86 9
90 30 86 87 26 84 4
87 26 84 60 16 86 10
60 16 86 115 9 90 8
115 9 90 113 16 96 9
113 16 96 27 8 102 10
27 8 102 89 11 70 32
89 11 70 17 16 70 5
17 16 70 69 18 56 14
69 18 56 58 15 55 3
58 15 55 48 17 53 2
48 17 53 71 2 56 15
71 2 56 49 5 73 17
49 5 73 112 0 73 5
112 0 73 97 54 103 61
97 54 103 102 52 99 4
102 52 99 5 58 91 10
5 58 91 51 49 82 12
51 49 82 40 58 77 10
40 58 77 47 69 98 23
47 69 98 95 75 101 6
95 75 101 59 77 91 10
59 77 91 11 80 84 7
11 80 84 120 76 80 5
120 76 80 106 73 85 5
106 73 85 7 73 71 14
7 73 71 44 85 113 43
44 85 113 19 112 101 29
19 112 101 3 117 112 12
3 117 112 93 112 118 7
93 112 118 61 113 129 11
61 113 129 96 125 95 36
96 125 95 65 123 91 4
65 123 91 85 127 88 5
85 127 88 32 121 83 7
32 121 83 20 121 21 62
20 121 21 82 126 10 12
82 126 10 63 112 8 14
63 112 8 41 110 4 4
41 110 4 116 32 2 78
116 32 2 124 32 1 1
124 32 1 18 28 6 6
18 28 6 107 28 14 8
107 28 14 28 18 22 12
28 18 22 55 10 18 8
55 10 18 109 4 12 8
109 4 12 98 1 5 7
98 1 5 86 15 10 14
86 15 10 79 25 35 26
