53 45 95 73 45 94 1
73 45 94 88 45 86 8
88 45 86 10 54 80 10
10 54 80 105 52 77 3
105 52 77 96 56 71 7
96 56 71 97 49 68 7
97 49 68 47 44 66 5
47 44 66 23 44 68 2
23 44 68 9 43 70 2
9 43 70 22 45 62 8
22 45 62 104 63 62 18
104 63 62 95 64 59 3
95 64 59 71 65 58 1
71 65 58 15 58 52 9
15 58 52 16 51 51 7
16 51 51 36 40 51 11
36 40 51 49 31 57 10
49 31 57 27 25 60 6
27 25 60 11 35 40 22
11 35 40 90 38 38 3
90 38 38 69 29 36 9
69 29 36 48 27 39 3
48 27 39 59 29 44 5
59 29 44 98 19 39 11
98 19 39 65 20 43 4
65 20 43 113 19 44 1
113 19 44 66 9 46 10
66 9 46 25 4 43 5
25 4 43 74 3 58 15
74 3 58 99 3 59 1
99 3 59 86 5 61 2
86 5 61 92 5 62 1
92 5 62 41 28 30 39
41 28 30 38 22 28 6
38 22 28 45 20 15 13
45 20 15 78 23 12 4
78 23 12 0 14 14 9
0 14 14 103 11 8 6
103 11 8 106 13 6 2
106 13 6 54 1 10 12
54 1 10 57 3 19 9
57 3 19 52 67 48 70
52 67 48 102 72 64 16
102 72 64 44 76 71 8
44 76 71 33 88 69 12
33 88 69 84 88 71 2
84 88 71 55 92 79 8
55 92 79 85 93 82 3
85 93 82 63 90 83 3
63 90 83 29 95 86 5
29 95 86 43 96 86 1
43 96 86 107 99 95 9
107 99 95 89 99 98 3
89 99 98 108 104 98 5
108 104 98 20 104 104 6
20 104 104 67 106 111 7
67 106 111 87 107 115 4
87 107 115 18 112 114 5
18 112 114 13 115 96 18
13 115 96 50 94 106 23
50 94 106 82 84 107 10
82 84 107 6 80 107 4
6 80 107 12 87 114 9
12 87 114 76 88 94 20
76 88 94 1 78 94 10
1 78 94 81 72 96 6
81 72 96 14 87 64 35
14 87 64 114 91 61 5
114 91 61 40 96 63 5
40 96 63 75 99 58 5
75 99 58 110 91 52 10
110 91 52 77 92 45 7
77 92 45 32 89 44 3
32 89 44 68 86 47 4
68 86 47 21 79 47 7
21 79 47 34 74 37 11
34 74 37 37 76 32 5
37 76 32 2 74 29 3
2 74 29 17 84 20 13
17 84 20 31 82 16 4
31 82 16 80 81 10 6
80 81 10 58 86 11 5
58 86 11 3 90 1 10
3 90 1 8 97 6 8
8 97 6 61 106 3 9
61 106 3 111 109 8 5
111 109 8 60 76 14 33
60 76 14 5 68 12 8
5 68 12 26 51 8 17
26 51 8 39 47 19 11
39 47 19 101 57 33 17
101 57 33 79 104 47 49
79 104 47 4 114 32 18
4 114 32 100 62 81 71
100 62 81 83 59 93 12
83 59 93 35 58 102 9
35 58 102 30 64 107 7
30 64 107 62 31 101 33
62 31 101 24 29 104 3
24 29 104 28 33 107 5
28 33 107 91 38 109 5
91 38 109 46 24 103 15
46 24 103 7 18 101 6
7 18 101 94 11 99 7
94 11 99 109 13 93 6
109 13 93 56 16 93 3
56 16 93 70 24 89 8
70 24 89 19 22 85 4
19 22 85 64 19 82 4
64 19 82 51 13 75 9
51 13 75 93 26 93 22
93 26 93 115 9 85 18
115 9 85 42 3 85 6
42 3 85 112 2 90 5
112 2 90 72 18 111 26
72 18 111 53 45 95 31
