12 25 3 22 25 3 0
22 25 3 8 30 7 6
8 30 7 38 32 7 2
38 32 7 33 31 2 5
33 31 2 13 32 2 1
13 32 2 1 33 0 2
1 33 0 5 40 8 10
5 40 8 28 27 10 13
28 27 10 4 26 12 2
4 26 12 16 30 14 4
16 30 14 23 20 15 10
23 20 15 32 18 12 3
32 18 12 30 18 11 1
30 18 11 20 24 18 9
20 24 18 11 25 24 6
11 25 24 3 26 30 6
3 26 30 2 30 33 5
2 30 33 25 30 35 2
25 30 35 17 34 33 4
17 34 33 21 35 31 2
21 35 31 7 35 29 2
7 35 29 19 34 21 8
19 34 21 6 34 36 15
6 34 36 37 19 36 15
37 19 36 14 18 37 1
14 18 37 39 16 38 2
39 16 38 29 10 39 6
29 10 39 31 9 37 2
31 9 37 15 8 30 7
15 8 30 18 14 23 9
18 14 23 24 9 21 5
24 9 21 36 4 15 7
36 4 15 40 2 12 3
40 2 12 35 7 13 5
35 7 13 9 8 8 5
9 8 8 10 10 5 3
10 10 5 26 8 4 2
26 8 4 0 4 6 4
0 4 6 34 1 22 16
34 1 22 27 25 1 31
27 25 1 12 25 3 2
