10 126 44 89 126 44 0
89 126 44 48 116 47 10
48 116 47 59 114 39 8
59 114 39 100 111 56 17
100 111 56 124 107 60 5
124 107 60 115 101 71 12
115 101 71 118 92 72 9
118 92 72 73 86 67 7
73 86 67 104 86 66 1
104 86 66 14 93 57 11
14 93 57 112 89 47 10
112 89 47 91 94 44 5
91 94 44 31 95 41 3
31 95 41 69 102 36 8
69 102 36 26 93 32 9
26 93 32 32 94 30 2
32 94 30 45 91 25 5
45 91 25 55 86 21 6
55 86 21 80 101 26 15
80 101 26 113 102 17 9
113 102 17 58 113 16 11
58 113 16 8 121 20 8
8 121 20 128 122 21 1
128 122 21 21 91 31 32
21 91 31 102 83 29 8
102 83 29 33 78 30 5
33 78 30 47 68 29 10
47 68 29 120 70 24 5
120 70 24 28 65 24 5
28 65 24 5 64 12 12
5 64 12 71 80 47 38
71 80 47 72 96 81 37
72 96 81 51 96 95 14
51 96 95 53 98 99 4
53 98 99 86 100 106 7
86 100 106 103 102 112 6
103 102 112 37 106 101 11
37 106 101 50 106 97 4
50 106 97 67 119 99 13
67 119 99 12 128 103 9
12 128 103 64 124 112 9
64 124 112 52 128 113 4
52 128 113 0 117 111 11
0 117 111 56 117 124 13
56 117 124 94 112 126 5
94 112 126 61 111 125 1
61 111 125 13 109 127 2
13 109 127 111 90 96 36
111 90 96 42 85 98 5
42 85 98 123 76 109 14
123 76 109 98 67 105 9
98 67 105 44 57 108 10
44 57 108 95 50 106 7
95 50 106 60 46 98 8
60 46 98 38 41 102 6
38 41 102 63 42 104 2
63 42 104 6 37 99 7
6 37 99 92 30 100 7
92 30 100 46 23 90 12
46 23 90 41 24 76 14
41 24 76 126 24 66 10
126 24 66 129 13 61 12
129 13 61 20 9 67 7
20 9 67 110 2 68 7
110 2 68 39 18 54 21
39 18 54 119 8 50 10
119 8 50 1 1 40 12
1 1 40 29 7 36 7
29 7 36 83 18 38 11
83 18 38 114 29 33 12
114 29 33 116 39 34 10
116 39 34 99 40 27 7
99 40 27 22 37 24 4
22 37 24 79 32 13 12
79 32 13 106 40 9 8
106 40 9 57 44 10 4
57 44 10 18 39 0 11
18 39 0 15 45 24 24
15 45 24 125 46 29 5
125 46 29 3 48 30 2
3 48 30 82 47 33 3
82 47 33 19 47 40 7
19 47 40 105 47 42 2
105 47 42 130 50 46 5
130 50 46 30 45 56 11
30 45 56 88 53 34 23
88 53 34 75 23 22 32
75 23 22 85 30 46 25
85 30 46 66 2 14 42
66 2 14 84 8 3 12
84 8 3 101 23 113 111
101 23 113 2 18 114 5
2 18 114 23 19 110 4
23 19 110 24 9 111 10
24 9 111 87 2 110 7
87 2 110 90 2 113 3
90 2 113 122 1 129 16
122 1 129 43 5 100 29
43 5 100 77 2 96 5
77 2 96 4 31 121 38
4 31 121 35 32 124 3
35 32 124 16 22 129 11
16 22 129 70 18 128 4
70 18 128 108 44 126 26
108 44 126 7 45 91 35
7 45 91 17 53 88 8
17 53 88 96 58 86 5
96 58 86 9 58 83 3
9 58 83 40 53 76 8
40 53 76 74 60 65 13
74 60 65 54 64 58 8
54 64 58 65 39 84 36
65 39 84 76 38 73 11
76 38 73 121 60 115 47
121 60 115 62 85 115 25
62 85 115 27 85 117 2
27 85 117 11 85 120 3
11 85 120 117 88 127 7
117 88 127 93 87 128 1
93 87 128 25 91 130 4
25 91 130 97 77 130 14
97 77 130 127 75 123 7
127 75 123 36 76 86 37
36 76 86 78 113 73 39
78 113 73 34 117 69 5
34 117 69 49 118 70 1
49 118 70 109 123 69 5
109 123 69 107 126 59 10
107 126 59 81 129 58 3
81 129 58 68 118 82 26
68 118 82 10 126 44 38
