16 20 4 38 21 4 1
38 21 4 2 24 8 5
2 24 8 22 16 9 8
22 16 9 30 13 14 5
30 13 14 32 16 18 5
32 16 18 26 16 20 2
26 16 20 12 18 27 7
12 18 27 35 21 29 3
35 21 29 6 22 29 1
6 22 29 31 23 29 1
31 23 29 5 23 24 5
5 23 24 14 26 24 3
14 26 24 33 29 29 5
33 29 29 24 28 31 2
24 28 31 23 27 32 1
23 27 32 27 25 36 4
27 25 36 34 30 34 5
34 30 34 13 34 36 4
13 34 36 36 32 29 7
36 32 29 21 35 27 3
21 35 27 18 32 22 5
18 32 22 0 37 19 5
0 37 19 37 34 11 8
37 34 11 4 35 11 1
4 35 11 15 31 4 8
15 31 4 11 34 32 28
11 34 32 25 8 15 31
25 8 15 8 4 20 6
8 4 20 7 5 22 2
7 5 22 1 9 23 4
1 9 23 3 7 26 3
3 7 26 29 6 38 12
29 6 38 17 2 17 21
17 2 17 9 10 8 12
9 10 8 10 9 0 8
10 9 0 20 8 0 1
20 8 0 28 4 1 4
28 4 1 19 1 0 3
19 1 0 16 20 4 19
