26 16 100 63 16 100 0
63 16 100 10 15 94 6
10 15 94 128 19 88 7
128 19 88 111 8 83 12
111 8 83 85 17 74 12
85 17 74 43 9 98 25
43 9 98 27 2 95 7
27 2 95 15 24 104 23
15 24 104 62 29 118 14
62 29 118 82 30 120 2
82 30 120 88 40 116 10
88 40 116 12 46 129 14
12 46 129 14 41 134 7
14 41 134 20 28 137 13
20 28 137 144 25 143 6
144 25 143 30 54 137 29
30 54 137 36 55 142 5
36 55 142 131 66 137 12
131 66 137 9 59 117 21
9 59 117 56 59 115 2
56 59 115 117 58 101 14
117 58 101 16 74 115 21
16 74 115 4 78 120 6
4 78 120 41 81 122 3
41 81 122 83 88 125 7
83 88 125 91 93 124 5
91 93 124 116 98 120 6
116 98 120 78 106 123 8
78 106 123 139 107 135 12
139 107 135 44 105 140 5
44 105 140 45 105 113 27
45 105 113 2 111 109 7
2 111 109 94 117 111 6
94 117 111 145 119 115 4
145 119 115 58 124 121 7
58 124 121 80 119 124 5
80 119 124 97 135 117 17
97 135 117 7 139 111 7
7 139 111 81 142 109 3
81 142 109 25 143 107 2
25 143 107 23 141 94 13
23 141 94 103 145 122 28
103 145 122 114 143 127 5
114 143 127 17 145 137 10
17 145 137 126 142 144 7
126 142 144 143 73 101 81
143 73 101 98 75 94 7
98 75 94 123 72 92 3
123 72 92 141 73 84 8
141 73 84 13 72 83 1
13 72 83 65 67 77 7
65 67 77 59 64 83 6
59 64 83 57 56 81 8
57 56 81 53 49 87 9
53 49 87 93 73 69 30
93 73 69 127 83 60 13
127 83 60 48 89 55 7
48 89 55 107 89 51 4
107 89 51 29 90 45 6
29 90 45 66 94 42 5
66 94 42 33 101 28 15
33 101 28 11 104 25 4
11 104 25 87 90 62 39
87 90 62 134 101 64 11
134 101 64 39 111 71 12
39 111 71 115 109 76 5
115 109 76 60 105 87 11
60 105 87 118 93 90 12
118 93 90 142 91 90 2
142 91 90 121 95 98 8
121 95 98 77 91 99 4
77 91 99 52 119 64 44
52 119 64 31 123 63 4
31 123 63 124 125 61 2
124 125 61 110 127 53 8
110 127 53 42 121 51 6
42 121 51 119 117 47 5
119 117 47 84 115 47 2
84 115 47 46 109 47 6
46 109 47 101 116 55 10
101 116 55 68 137 53 21
68 137 53 136 143 49 7
136 143 49 67 143 47 2
67 143 47 106 143 36 11
106 143 36 72 133 36 10
72 133 36 19 125 19 18
19 125 19 112 131 14 7
112 131 14 104 142 10 11
104 142 10 79 143 4 6
79 143 4 76 125 1 18
76 125 1 34 145 53 55
34 145 53 18 138 62 11
18 138 62 92 144 69 9
92 144 69 21 141 72 4
21 141 72 0 130 76 11
0 130 76 96 123 92 17
96 123 92 133 74 54 62
133 74 54 32 71 43 11
32 71 43 113 77 34 10
113 77 34 24 81 23 11
24 81 23 47 91 12 14
47 91 12 102 93 13 2
102 93 13 109 95 9 4
109 95 9 1 59 47 52
1 59 47 125 56 48 3
125 56 48 35 53 47 3
35 53 47 73 49 50 5
73 49 50 37 46 47 4
37 46 47 138 41 50 5
138 41 50 38 55 61 17
38 55 61 50 62 62 7
50 62 62 137 48 63 14
137 48 63 105 42 72 10
105 42 72 75 55 38 36
75 55 38 95 54 30 8
95 54 30 108 51 19 11
108 51 19 89 45 22 6
89 45 22 61 35 28 11
61 35 28 51 35 30 2
51 35 30 64 35 31 1
64 35 31 5 33 40 9
5 33 40 140 28 40 5
140 28 40 130 23 37 5
130 23 37 135 15 38 8
135 15 38 22 13 39 2
22 13 39 49 11 38 2
49 11 38 122 20 47 12
122 20 47 70 10 50 10
70 10 50 8 10 53 3
8 10 53 86 3 62 11
86 3 62 6 28 53 26
6 28 53 74 33 61 9
74 33 61 55 36 12 49
55 36 12 120 22 7 14
120 22 7 3 55 13 33
3 55 13 90 60 16 5
90 60 16 71 64 18 4
71 64 18 69 60 20 4
69 60 20 28 74 11 16
28 74 11 40 16 119 122
40 16 119 129 0 116 16
129 0 116 132 0 128 12
132 0 128 100 2 137 9
100 2 137 99 6 137 4
99 6 137 54 13 105 32
54 13 105 26 16 100 5
