28 2 50 40 2 49 1
40 2 49 3 1 45 4
3 1 45 17 4 39 6
17 4 39 44 4 35 4
44 4 35 29 6 29 6
29 6 29 14 5 27 2
14 5 27 48 4 27 1
48 4 27 36 0 14 13
36 0 14 7 0 12 2
7 0 12 52 8 8 8
52 8 8 39 7 2 6
39 7 2 45 3 1 4
45 3 1 2 8 26 25
2 8 26 4 11 26 3
4 11 26 15 14 27 3
15 14 27 32 16 24 3
32 16 24 12 15 22 2
12 15 22 18 17 19 3
18 17 19 50 23 17 6
50 23 17 47 28 15 5
47 28 15 31 28 13 2
31 28 13 25 24 9 5
25 24 9 51 16 34 26
51 16 34 37 11 40 7
37 11 40 33 13 46 6
33 13 46 8 17 44 4
8 17 44 34 24 34 12
34 24 34 5 28 29 6
5 28 29 53 30 28 2
53 30 28 16 33 30 3
16 33 30 27 31 32 2
27 31 32 9 32 34 2
9 32 34 1 29 38 5
1 29 38 21 36 40 7
21 36 40 13 37 47 7
13 37 47 41 37 52 5
41 37 52 38 45 48 8
38 45 48 23 47 38 10
23 47 38 46 53 34 7
46 53 34 26 28 53 31
26 28 53 35 27 49 4
35 27 49 11 38 27 24
11 38 27 30 43 25 5
30 43 25 10 40 20 5
10 40 20 22 44 11 9
22 44 11 42 44 9 2
42 44 9 54 49 6 5
54 49 6 43 50 4 2
43 50 4 49 54 6 4
49 54 6 20 40 4 14
20 40 4 24 54 22 22
24 54 22 0 30 25 24
0 30 25 6 25 28 5
6 25 28 19 6 52 30
19 6 52 28 2 50 4
