51 53 119 15 53 120 1
15 53 120 1 46 118 7
1 46 118 48 44 114 4
48 44 114 89 44 122 8
89 44 122 115 34 125 10
115 34 125 74 35 127 2
74 35 127 63 32 125 3
63 32 125 57 27 132 8
57 27 132 39 23 125 8
39 23 125 118 12 116 14
118 12 116 20 12 112 4
20 12 112 58 36 140 36
58 36 140 104 4 138 32
104 4 138 134 4 139 1
134 4 139 54 57 113 59
54 57 113 73 64 118 8
73 64 118 23 63 119 1
23 63 119 75 67 123 5
75 67 123 105 67 109 14
105 67 109 102 71 98 11
102 71 98 95 79 98 8
95 79 98 88 82 101 4
88 82 101 116 79 109 8
116 79 109 94 88 109 9
94 88 109 83 98 114 11
83 98 114 87 104 118 7
87 104 118 26 103 127 9
26 103 127 84 101 134 7
84 101 134 19 94 136 7
19 94 136 34 91 132 5
34 91 132 12 93 123 9
12 93 123 72 119 114 27
72 119 114 131 122 128 14
131 122 128 44 128 135 9
44 128 135 50 121 139 8
50 121 139 79 137 139 16
79 137 139 55 136 113 26
55 136 113 8 140 97 16
8 140 97 46 106 104 34
46 106 104 2 105 102 2
2 105 102 10 107 99 3
10 107 99 35 110 99 3
35 110 99 119 116 95 7
119 116 95 36 121 91 6
36 121 91 76 109 96 13
76 109 96 38 90 98 19
38 90 98 128 72 86 21
128 72 86 66 76 84 4
66 76 84 33 77 82 2
33 77 82 130 71 79 6
130 71 79 56 66 69 11
56 66 69 47 71 59 11
47 71 59 129 71 54 5
129 71 54 85 61 53 10
85 61 53 5 59 47 6
5 59 47 98 57 61 14
98 57 61 137 55 62 2
137 55 62 62 50 63 5
62 50 63 78 49 61 2
78 49 61 43 50 57 4
43 50 57 135 48 49 8
135 48 49 125 44 60 11
125 44 60 30 46 69 9
30 46 69 96 50 78 9
96 50 78 140 54 81 5
140 54 81 11 31 72 24
11 31 72 14 25 75 6
14 25 75 29 25 69 6
29 25 69 126 19 64 7
126 19 64 97 30 50 17
97 30 50 91 31 38 12
91 31 38 124 26 33 7
124 26 33 117 24 28 5
117 24 28 27 25 15 13
27 25 15 80 31 15 6
80 31 15 6 36 19 6
6 36 19 25 35 8 11
25 35 8 13 32 5 4
13 32 5 59 26 2 6
59 26 2 31 39 3 13
31 39 3 123 50 4 11
123 50 4 49 52 2 2
49 52 2 22 64 2 12
22 64 2 28 62 10 8
28 62 10 4 9 9 53
4 9 9 132 4 19 11
132 4 19 64 17 73 55
64 17 73 18 11 76 6
18 11 76 0 7 65 11
0 7 65 77 21 88 26
77 21 88 127 27 88 6
127 27 88 61 28 97 9
61 28 97 52 22 100 6
52 22 100 67 13 91 12
67 13 91 69 77 59 71
69 77 59 42 79 59 2
42 79 59 86 85 58 6
86 85 58 113 89 56 4
113 89 56 65 93 65 9
65 93 65 3 83 64 10
3 83 64 41 82 52 12
41 82 52 121 77 49 5
121 77 49 60 73 46 5
60 73 46 32 75 40 6
32 75 40 103 73 40 2
103 73 40 93 72 32 8
93 72 32 133 62 31 10
133 62 31 110 80 42 21
110 80 42 68 88 42 8
68 88 42 21 93 40 5
21 93 40 139 94 44 4
139 94 44 99 106 50 13
99 106 50 92 110 51 4
92 110 51 71 114 62 11
71 114 62 107 119 69 8
107 119 69 90 127 79 12
90 127 79 17 131 80 4
17 131 80 122 140 71 12
122 140 71 81 140 58 13
81 140 58 9 122 53 18
9 122 53 82 121 46 7
82 121 46 100 126 36 11
100 126 36 7 130 38 4
7 130 38 111 135 41 5
111 135 41 24 121 26 20
24 121 26 136 118 17 9
136 118 17 114 115 11 6
114 115 11 53 110 19 9
53 110 19 112 127 17 17
112 127 17 16 139 16 12
16 139 16 40 133 4 13
40 133 4 109 89 37 55
109 89 37 101 89 25 12
101 89 25 106 94 22 5
106 94 22 45 88 8 15
45 88 8 138 81 86 78
138 81 86 120 85 83 5
120 85 83 70 88 82 3
70 88 82 108 87 76 6
108 87 76 37 57 105 41
37 57 105 51 53 119 14
