59 101 95 64 101 95 0
64 101 95 18 89 94 12
18 89 94 38 86 90 5
38 86 90 19 84 95 5
19 84 95 15 77 89 9
15 77 89 14 74 88 3
14 74 88 66 71 94 6
66 71 94 85 64 96 7
85 64 96 65 63 98 2
65 63 98 82 62 97 1
82 62 97 76 55 99 7
76 55 99 98 55 101 2
98 55 101 81 52 101 3
81 52 101 93 52 91 10
93 52 91 70 51 86 5
70 51 86 72 60 86 9
72 60 86 21 45 95 17
21 45 95 0 44 93 2
0 44 93 12 35 92 9
12 35 92 29 31 92 4
29 31 92 84 31 98 6
84 31 98 79 25 100 6
79 25 100 94 15 96 10
94 15 96 32 15 93 3
32 15 93 51 20 78 15
51 20 78 39 15 75 5
39 15 75 67 14 69 6
67 14 69 11 15 68 1
11 15 68 4 29 64 14
4 29 64 42 30 55 9
42 30 55 57 22 53 8
57 22 53 37 15 50 7
37 15 50 50 9 53 6
50 9 53 63 4 51 5
63 4 51 43 5 46 5
43 5 46 71 1 42 5
71 1 42 74 2 37 5
74 2 37 7 6 29 8
7 6 29 35 8 27 2
35 8 27 25 17 29 9
25 17 29 91 20 28 3
91 20 28 83 22 28 2
83 22 28 96 19 23 5
96 19 23 100 16 13 10
100 16 13 20 18 5 8
20 18 5 46 13 2 5
46 13 2 28 8 0 5
28 8 0 54 1 10 12
54 1 10 36 27 4 26
36 27 4 49 32 8 6
49 32 8 61 36 13 6
61 36 13 103 37 15 2
103 37 15 80 44 14 7
80 44 14 102 53 17 9
102 53 17 9 62 14 9
9 62 14 30 66 17 5
30 66 17 55 67 25 8
55 67 25 97 64 31 6
97 64 31 1 65 40 9
1 65 40 47 66 46 6
47 66 46 23 61 51 7
23 61 51 2 66 60 10
2 66 60 56 68 60 2
56 68 60 99 77 60 9
99 77 60 87 59 40 26
87 59 40 73 50 46 10
73 50 46 6 47 41 5
6 47 41 22 45 35 6
22 45 35 77 51 29 8
77 51 29 86 73 26 22
86 73 26 78 77 25 4
78 77 25 40 86 31 10
40 86 31 27 90 27 5
27 90 27 89 89 27 1
89 89 27 44 95 29 6
44 95 29 24 101 42 14
24 101 42 8 76 14 37
8 76 14 68 82 14 6
68 82 14 34 86 15 4
34 86 15 10 91 8 8
10 91 8 75 97 4 7
75 97 4 16 99 1 3
16 99 1 90 103 5 5
90 103 5 58 103 6 1
58 103 6 45 57 2 46
45 57 2 26 69 1 12
26 69 1 52 36 22 39
52 36 22 69 1 29 35
69 1 29 13 25 44 28
13 25 44 95 43 64 26
95 43 64 17 53 70 11
17 53 70 53 0 74 53
53 0 74 60 11 96 24
60 11 96 88 1 93 10
88 1 93 5 39 82 39
5 39 82 48 37 79 3
48 37 79 33 41 102 23
33 41 102 41 81 78 46
41 81 78 31 87 73 7
31 87 73 62 97 65 12
62 97 65 3 101 61 5
3 101 61 101 99 59 2
101 99 59 92 102 78 19
92 102 78 59 101 95 17
