15 3 29 0 3 30 1
0 3 30 9 0 27 4
9 0 27 25 1 24 3
25 1 24 8 7 25 6
8 7 25 10 15 27 8
10 15 27 27 16 21 6
27 16 21 26 17 20 1
26 17 20 7 19 21 2
7 19 21 14 23 23 4
14 23 23 29 26 29 6
29 26 29 6 22 30 4
6 22 30 2 22 18 12
2 22 18 17 11 17 11
17 11 17 18 9 17 2
18 9 17 24 9 14 3
24 9 14 4 11 12 2
4 11 12 13 17 10 6
13 17 10 19 19 10 2
19 19 10 20 22 10 3
20 22 10 23 22 5 5
23 22 5 21 25 3 3
21 25 3 28 29 5 4
28 29 5 30 29 3 2
30 29 3 11 5 14 26
11 5 14 3 6 8 6
3 6 8 5 6 6 2
5 6 6 1 11 5 5
1 11 5 16 0 5 11
16 0 5 22 2 1 4
22 2 1 12 2 0 1
12 2 0 15 3 29 29
