44 50 9 0 49 9 1
0 49 9 29 47 12 3
29 47 12 49 43 11 4
49 43 11 5 34 10 9
5 34 10 48 29 15 7
48 29 15 36 30 21 6
36 30 21 23 33 21 3
23 33 21 15 36 21 3
15 36 21 18 39 21 3
18 39 21 1 39 28 7
1 39 28 4 39 30 2
4 39 30 22 38 32 2
22 38 32 25 39 33 1
25 39 33 38 42 40 7
38 42 40 7 37 44 6
7 37 44 13 33 44 4
13 33 44 20 30 39 5
20 30 39 50 32 38 2
50 32 38 40 28 50 12
40 28 50 8 24 47 5
8 24 47 47 23 45 2
47 23 45 17 22 42 3
17 22 42 33 17 41 5
33 17 41 31 17 35 6
31 17 35 19 11 46 12
19 11 46 28 8 47 3
28 8 47 30 6 47 2
30 6 47 46 0 48 6
46 0 48 12 21 49 21
12 21 49 2 49 45 28
2 49 45 42 49 25 20
42 49 25 10 49 22 3
10 49 22 37 26 8 26
37 26 8 6 20 11 6
6 20 11 21 14 7 7
21 14 7 11 12 10 3
11 12 10 43 5 13 7
43 5 13 24 4 10 3
24 4 10 41 0 6 5
41 0 6 39 0 3 3
39 0 3 45 3 19 16
45 3 19 35 7 21 4
35 7 21 16 2 25 6
16 2 25 27 5 35 10
27 5 35 34 15 18 19
34 15 18 26 16 23 5
26 16 23 9 11 4 19
9 11 4 32 12 2 2
32 12 2 14 26 0 14
14 26 0 3 45 2 19
3 45 2 44 50 9 8
