94 124 28 69 124 28 0
69 124 28 84 121 38 10
84 121 38 100 121 43 5
100 121 43 0 127 51 10
0 127 51 50 120 63 13
50 120 63 41 114 57 8
41 114 57 75 113 57 1
75 113 57 23 113 67 10
23 113 67 138 106 73 9
138 106 73 92 102 72 4
92 102 72 149 102 70 2
149 102 70 20 132 65 30
20 132 65 86 140 64 8
86 140 64 68 144 68 5
68 144 68 38 134 40 29
38 134 40 55 140 44 7
55 140 44 12 140 45 1
12 140 45 24 149 51 10
24 149 51 6 155 34 18
6 155 34 135 114 37 41
135 114 37 137 105 36 9
137 105 36 150 94 30 12
150 94 30 18 91 29 3
18 91 29 81 81 37 12
81 81 37 142 92 42 12
142 92 42 127 96 46 5
127 96 46 34 92 48 4
34 92 48 28 86 49 6
28 86 49 87 86 59 10
87 86 59 4 75 63 11
4 75 63 74 69 58 7
74 69 58 53 63 61 6
53 63 61 5 65 64 3
5 65 64 43 68 69 5
43 68 69 102 70 74 5
102 70 74 103 78 79 9
103 78 79 78 60 80 18
78 60 80 128 60 82 2
128 60 82 99 59 82 1
99 59 82 40 61 96 14
40 61 96 80 65 99 5
80 65 99 147 61 113 14
147 61 113 134 67 114 6
134 67 114 33 52 119 15
33 52 119 141 44 120 8
141 44 120 152 37 112 10
152 37 112 116 41 109 5
116 41 109 2 33 106 8
2 33 106 121 22 100 12
121 22 100 62 17 98 5
62 17 98 124 13 99 4
124 13 99 45 21 109 12
45 21 109 89 11 112 10
89 11 112 14 5 119 9
14 5 119 1 17 125 13
1 17 125 7 12 143 18
7 12 143 31 0 151 14
31 0 151 119 1 104 47
119 1 104 90 25 89 28
90 25 89 63 23 75 14
63 23 75 48 32 71 9
48 32 71 27 36 80 9
27 36 80 67 10 79 26
67 10 79 49 12 83 4
49 12 83 9 1 81 11
9 1 81 114 9 69 14
114 9 69 131 10 67 2
131 10 67 129 33 120 57
129 33 120 71 33 128 8
71 33 128 57 36 129 3
57 36 129 93 40 133 5
93 40 133 91 35 143 11
91 35 143 107 38 149 6
107 38 149 126 33 154 7
126 33 154 73 53 134 28
73 53 134 146 81 96 47
146 81 96 120 92 97 11
120 92 97 109 91 105 8
109 91 105 104 95 106 4
104 95 106 82 87 111 9
82 87 111 79 88 117 6
79 88 117 115 95 114 7
115 95 114 61 101 113 6
61 101 113 122 107 122 10
122 107 122 144 104 131 9
144 104 131 35 104 136 5
35 104 136 21 99 140 6
21 99 140 15 96 137 4
15 96 137 132 92 129 8
132 92 129 46 83 128 9
46 83 128 8 82 129 1
8 82 129 98 80 127 2
98 80 127 139 70 130 10
139 70 130 3 72 139 9
3 72 139 19 79 142 7
19 79 142 117 82 155 13
117 82 155 17 114 135 37
17 114 135 72 118 127 8
72 118 127 29 126 131 8
29 126 131 36 126 137 6
36 126 137 106 139 144 14
106 139 144 58 139 129 15
58 139 129 37 138 121 8
37 138 121 108 142 117 5
108 142 117 60 135 109 10
60 135 109 96 135 107 2
96 135 107 77 129 112 7
77 129 112 56 124 109 5
56 124 109 54 147 102 24
54 147 102 97 136 94 13
97 136 94 13 134 91 3
13 134 91 123 155 91 21
123 155 91 59 60 55 101
59 60 55 110 55 46 10
110 55 46 64 52 46 3
64 52 46 113 38 54 16
113 38 54 30 71 45 34
30 71 45 105 102 23 38
105 102 23 42 96 16 9
42 96 16 76 87 17 9
76 87 17 148 77 15 10
148 77 15 143 74 14 3
143 74 14 10 68 17 6
10 68 17 47 65 13 5
47 65 13 22 64 30 17
22 64 30 145 55 26 9
145 55 26 25 57 24 2
25 57 24 32 54 23 3
32 54 23 101 50 15 8
101 50 15 52 51 8 7
52 51 8 39 36 15 16
39 36 15 65 30 12 6
65 30 12 51 6 0 26
51 6 0 136 3 4 5
136 3 4 26 30 20 31
26 30 20 118 31 25 5
118 31 25 11 17 28 14
11 17 28 44 18 33 5
44 18 33 133 11 35 7
133 11 35 111 8 49 14
111 8 49 85 5 51 3
85 5 51 88 0 49 5
88 0 49 151 51 28 55
151 51 28 154 78 4 36
154 78 4 83 103 10 25
83 103 10 125 101 2 8
125 101 2 66 120 17 24
66 120 17 112 118 14 3
112 118 14 153 121 10 5
153 121 10 130 129 11 8
130 129 11 140 135 11 6
140 135 11 95 139 12 4
95 139 12 16 146 5 9
16 146 5 155 154 13 11
155 154 13 70 128 0 29
70 128 0 94 124 28 28
