37 116 53 61 117 54 1
61 117 54 46 122 58 6
46 122 58 147 125 56 3
147 125 56 100 134 57 9
100 134 57 141 144 52 11
141 144 52 145 139 45 8
145 139 45 88 142 36 9
88 142 36 72 149 38 7
72 149 38 115 149 37 1
115 149 37 32 145 28 9
32 145 28 10 148 26 3
10 148 26 5 133 32 16
5 133 32 25 134 30 2
25 134 30 107 134 23 7
107 134 23 18 136 21 2
18 136 21 12 138 18 3
12 138 18 20 130 15 8
20 130 15 79 130 12 3
79 130 12 121 130 10 2
121 130 10 43 128 10 2
43 128 10 101 125 12 3
101 125 12 22 115 11 10
22 115 11 58 115 17 6
58 115 17 69 112 27 10
69 112 27 104 113 27 1
104 113 27 64 119 37 11
64 119 37 78 121 36 2
78 121 36 125 120 39 3
125 120 39 94 111 39 9
94 111 39 139 101 26 16
139 101 26 48 89 27 12
48 89 27 95 86 26 3
95 86 26 96 84 18 8
96 84 18 44 75 10 12
44 75 10 13 72 10 3
13 72 10 52 61 6 11
52 61 6 129 51 12 11
129 51 12 142 44 13 7
142 44 13 86 40 14 4
86 40 14 109 32 22 11
109 32 22 93 19 21 13
93 19 21 91 10 19 9
91 10 19 50 11 13 6
50 11 13 27 9 2 11
27 9 2 16 22 6 13
16 22 6 2 23 2 4
2 23 2 21 2 25 31
21 2 25 35 36 37 36
35 36 37 118 27 44 11
118 27 44 1 35 55 13
1 35 55 128 38 60 5
128 38 60 131 30 67 10
131 30 67 9 23 64 7
9 23 64 132 21 71 7
132 21 71 15 17 69 4
15 17 69 82 11 56 14
82 11 56 98 4 49 9
98 4 49 29 5 77 28
29 5 77 92 4 77 1
92 4 77 99 2 75 2
99 2 75 33 40 79 38
33 40 79 90 47 81 7
90 47 81 40 28 88 20
40 28 88 55 28 95 7
55 28 95 151 23 97 5
151 23 97 89 16 92 8
89 16 92 114 16 93 1
114 16 93 135 15 94 1
135 15 94 73 14 99 5
73 14 99 68 16 107 8
68 16 107 87 13 108 3
87 13 108 60 6 113 8
60 6 113 116 1 115 5
116 1 115 39 15 121 15
39 15 121 83 17 131 10
83 17 131 127 25 136 9
127 25 136 102 26 136 1
102 26 136 49 9 140 17
49 9 140 23 3 140 6
23 3 140 26 1 140 2
26 1 140 117 25 105 42
117 25 105 120 30 108 5
120 30 108 144 29 112 4
144 29 112 51 30 122 10
51 30 122 146 36 125 6
146 36 125 67 39 137 12
67 39 137 17 41 147 10
17 41 147 19 35 150 6
19 35 150 30 54 141 21
30 54 141 143 53 133 8
143 53 133 59 63 121 15
59 63 121 62 71 121 8
62 71 121 112 76 133 13
112 76 133 97 82 128 7
97 82 128 8 87 127 5
8 87 127 124 91 124 5
124 91 124 126 98 124 7
126 98 124 81 105 123 7
81 105 123 4 112 119 8
4 112 119 103 113 108 11
103 113 108 110 111 92 16
110 111 92 14 109 87 5
14 109 87 133 112 82 5
133 112 82 85 101 114 33
85 101 114 149 109 133 20
149 109 133 45 111 143 10
45 111 143 57 125 142 14
57 125 142 3 140 134 17
3 140 134 150 140 128 6
150 140 128 28 137 115 13
28 137 115 130 135 109 6
130 135 109 123 137 106 3
123 137 106 70 130 94 13
70 130 94 136 140 86 12
136 140 86 84 137 83 4
84 137 83 148 150 84 13
148 150 84 47 147 75 9
47 147 75 77 146 143 68
77 146 143 108 98 137 48
108 98 137 6 96 137 2
6 96 137 80 88 141 8
80 88 141 42 84 113 28
42 84 113 140 80 98 15
140 80 98 7 84 98 4
7 84 98 11 63 110 24
11 63 110 71 59 103 8
71 59 103 134 64 95 9
134 64 95 74 40 108 27
74 40 108 24 47 65 43
24 47 65 34 43 52 13
34 43 52 111 56 48 13
111 56 48 38 62 48 6
38 62 48 41 63 54 6
41 63 54 76 67 54 4
76 67 54 119 70 48 6
119 70 48 56 79 55 11
56 79 55 66 81 67 12
66 81 67 138 85 43 24
138 85 43 75 93 50 10
75 93 50 65 97 58 8
65 97 58 137 97 65 7
137 97 65 31 97 73 8
31 97 73 106 52 33 60
106 52 33 54 40 7 28
54 40 7 63 40 5 2
63 40 5 105 43 2 4
105 43 2 0 83 0 40
0 83 0 53 88 5 7
53 88 5 113 73 28 27
113 73 28 122 69 30 4
122 69 30 36 112 63 54
36 112 63 37 116 53 10
