86 67 77 18 67 77 0
18 67 77 16 63 71 7
16 63 71 67 67 61 10
67 67 61 9 66 55 6
9 66 55 131 76 64 13
131 76 64 44 77 54 10
44 77 54 82 78 51 3
82 78 51 10 83 53 5
10 83 53 60 66 85 36
60 66 85 90 65 91 6
90 65 91 43 64 103 12
43 64 103 50 79 94 17
50 79 94 109 81 102 8
109 81 102 113 90 99 9
113 90 99 35 91 92 7
35 91 92 71 102 96 11
71 102 96 87 103 99 3
87 103 99 106 105 97 2
106 105 97 7 110 98 5
7 110 98 1 119 101 9
1 119 101 108 123 111 10
108 123 111 3 127 118 8
3 127 118 73 132 115 5
73 132 115 34 133 121 6
34 133 121 23 135 132 11
23 135 132 128 130 136 6
128 130 136 111 126 141 6
111 126 141 74 136 109 33
74 136 109 14 134 106 3
14 134 106 75 136 106 2
75 136 106 135 119 126 26
135 119 126 81 115 123 5
81 115 123 134 115 134 11
134 115 134 94 117 90 44
94 117 90 48 123 84 8
48 123 84 64 107 110 30
64 107 110 21 95 108 12
21 95 108 103 91 116 8
103 91 116 36 87 119 5
36 87 119 89 92 126 8
89 92 126 55 90 132 6
55 90 132 24 93 133 3
24 93 133 80 85 142 12
80 85 142 97 78 120 23
97 78 120 12 70 118 8
12 70 118 142 61 119 9
142 61 119 66 64 125 6
66 64 125 125 64 131 6
125 64 131 30 70 129 6
30 70 129 121 58 140 16
121 58 140 84 69 142 11
84 69 142 31 87 113 34
31 87 113 11 52 84 45
11 52 84 61 51 90 6
61 51 90 93 45 89 6
93 45 89 95 40 88 5
95 40 88 114 34 100 13
114 34 100 52 35 107 7
52 35 107 118 37 112 5
118 37 112 54 37 118 6
54 37 118 91 38 119 1
91 38 119 46 42 121 4
46 42 121 53 47 129 9
53 47 129 47 33 122 15
47 33 122 130 26 137 16
130 26 137 45 28 141 4
45 28 141 51 12 134 17
51 12 134 143 2 139 11
143 2 139 32 43 107 52
32 43 107 136 44 104 3
136 44 104 100 47 106 3
100 47 106 38 23 109 24
38 23 109 39 20 115 6
39 20 115 96 9 117 11
96 9 117 28 10 108 9
28 10 108 127 6 91 17
127 6 91 26 3 85 6
26 3 85 17 5 82 3
17 5 82 138 7 73 9
138 7 73 98 5 72 2
98 5 72 40 13 60 14
40 13 60 62 16 54 6
62 16 54 78 16 49 5
78 16 49 132 25 47 9
132 25 47 141 29 41 7
141 29 41 88 31 32 9
88 31 32 0 34 29 4
0 34 29 77 43 25 9
77 43 25 123 43 22 3
123 43 22 41 44 8 14
41 44 8 8 39 4 6
8 39 4 102 37 4 2
102 37 4 68 59 4 22
68 59 4 126 60 20 16
126 60 20 122 74 22 14
122 74 22 129 77 12 10
129 77 12 72 83 12 6
72 83 12 83 89 15 6
83 89 15 20 88 23 8
20 88 23 133 86 29 6
133 86 29 110 96 6 25
110 96 6 33 98 2 4
33 98 2 6 98 1 1
6 98 1 25 113 0 15
25 113 0 70 121 11 13
70 121 11 13 132 11 11
13 132 11 57 139 9 7
57 139 9 119 136 3 6
119 136 3 140 114 23 29
140 114 23 105 106 36 15
105 106 36 116 113 42 9
116 113 42 85 124 38 11
85 124 38 115 129 41 5
115 129 41 69 130 44 3
69 130 44 56 139 40 9
56 139 40 120 138 52 12
120 138 52 58 129 63 14
58 129 63 22 103 48 30
22 103 48 117 103 66 18
117 103 66 76 107 68 4
76 107 68 29 110 67 3
29 110 67 63 77 6 69
63 77 6 65 69 33 28
65 69 33 49 19 28 50
49 19 28 139 17 23 5
139 17 23 5 17 19 4
5 17 19 27 19 14 5
27 19 14 104 19 11 3
104 19 11 59 22 21 10
59 22 21 107 11 16 12
107 11 16 2 10 14 2
2 10 14 112 0 11 10
112 0 11 92 8 27 17
92 8 27 124 6 38 11
124 6 38 37 46 42 40
37 46 42 15 22 62 31
15 22 62 79 3 57 19
79 3 57 42 16 83 29
42 16 83 99 44 81 28
99 44 81 19 44 75 6
19 44 75 101 48 70 6
101 48 70 4 79 76 31
4 79 76 137 80 80 4
137 80 80 86 67 77 13
