28 55 58 90 56 58 1
90 56 58 32 55 65 7
32 55 65 121 65 68 10
121 65 68 96 50 75 16
96 50 75 82 41 69 10
82 41 69 116 34 70 7
116 34 70 105 25 67 9
105 25 67 120 20 56 12
120 20 56 52 24 53 5
52 24 53 22 34 56 10
22 34 56 115 13 74 27
115 13 74 123 3 69 11
123 3 69 73 2 66 3
73 2 66 5 7 63 5
5 7 63 118 3 79 16
118 3 79 106 0 90 11
106 0 90 44 32 84 32
44 32 84 86 30 91 7
86 30 91 68 22 93 8
68 22 93 93 15 88 8
93 15 88 99 15 97 9
99 15 97 72 26 102 12
72 26 102 20 24 109 7
20 24 109 42 20 107 4
42 20 107 21 18 112 5
21 18 112 59 21 120 8
59 21 120 57 2 119 19
57 2 119 13 0 116 3
13 0 116 7 0 111 5
7 0 111 45 3 123 12
45 3 123 117 28 115 26
117 28 115 94 61 80 48
94 61 80 108 69 85 9
108 69 85 4 70 83 2
4 70 83 79 72 85 2
79 72 85 14 76 83 4
14 76 83 58 76 85 2
58 76 85 36 80 79 7
36 80 79 92 83 86 7
92 83 86 80 84 90 4
80 84 90 61 86 96 6
61 86 96 47 78 96 8
47 78 96 6 80 105 9
6 80 105 124 86 120 16
124 86 120 19 83 122 3
19 83 122 111 92 124 9
111 92 124 43 87 70 54
43 87 70 102 87 65 5
102 87 65 78 88 54 11
78 88 54 33 93 52 5
33 93 52 41 90 48 5
41 90 48 122 83 45 7
122 83 45 29 86 39 6
29 86 39 83 91 32 8
83 91 32 17 99 24 11
17 99 24 87 106 26 7
87 106 26 75 109 27 3
75 109 27 31 109 35 8
31 109 35 23 108 37 2
23 108 37 101 119 34 11
101 119 34 103 121 26 8
103 121 26 84 121 45 19
84 121 45 30 116 53 9
30 116 53 69 118 66 13
69 118 66 2 119 66 1
2 119 66 50 112 71 8
50 112 71 119 114 73 2
119 114 73 91 104 82 13
91 104 82 39 104 84 2
39 104 84 49 105 87 3
49 105 87 77 112 95 10
77 112 95 51 111 101 6
51 111 101 10 105 100 6
10 105 100 88 99 102 6
88 99 102 109 119 92 22
109 119 92 114 120 94 2
114 120 94 55 121 103 9
55 121 103 110 123 115 12
110 123 115 66 124 116 1
66 124 116 8 101 87 37
8 101 87 12 109 20 67
12 109 20 70 108 18 2
70 108 18 15 113 15 5
15 113 15 113 104 8 11
113 104 8 112 99 13 7
112 99 13 48 95 13 4
48 95 13 89 79 51 41
89 79 51 25 73 50 6
25 73 50 56 98 48 25
56 98 48 53 104 51 6
53 104 51 16 103 57 6
16 103 57 9 82 67 23
9 82 67 107 66 90 28
107 66 90 54 65 96 6
54 65 96 74 68 99 4
74 68 99 104 64 103 5
104 64 103 11 58 98 7
11 58 98 1 66 111 15
1 66 111 18 63 120 9
18 63 120 76 50 117 13
76 50 117 46 50 113 4
46 50 113 26 42 102 13
26 42 102 27 47 47 55
27 47 47 98 51 36 11
98 51 36 40 48 32 5
40 48 32 63 49 26 6
63 49 26 35 44 21 7
35 44 21 100 46 18 3
100 46 18 3 38 15 8
3 38 15 67 39 8 7
67 39 8 64 26 4 13
64 26 4 60 34 25 22
60 34 25 0 22 19 13
0 22 19 34 18 24 6
34 18 24 85 20 28 4
85 20 28 71 18 39 11
71 18 39 38 13 27 13
38 13 27 97 57 37 45
97 57 37 24 62 36 5
24 62 36 65 66 32 5
65 66 32 95 66 30 2
95 66 30 81 68 23 7
81 68 23 62 67 17 6
62 67 17 37 76 29 15
37 76 29 28 55 58 35
