64 16 94 65 16 94 0
65 16 94 11 17 100 6
11 17 100 38 10 100 7
38 10 100 54 6 98 4
54 6 98 84 23 92 18
84 23 92 77 25 91 2
77 25 91 1 29 100 9
1 29 100 68 38 97 9
68 38 97 55 44 96 6
55 44 96 57 47 92 5
57 47 92 30 43 88 5
30 43 88 21 44 84 4
21 44 84 105 37 78 9
105 37 78 32 39 74 4
32 39 74 3 36 70 5
3 36 70 72 35 67 3
72 35 67 86 30 61 7
86 30 61 95 36 58 6
95 36 58 29 36 58 0
29 36 58 108 35 56 2
108 35 56 48 28 71 16
48 28 71 46 27 72 1
46 27 72 62 28 77 5
62 28 77 31 19 65 15
31 19 65 83 17 64 2
83 17 64 43 14 73 9
43 14 73 53 3 79 12
53 3 79 5 2 79 1
5 2 79 2 7 65 14
2 7 65 13 44 70 37
13 44 70 40 55 71 11
40 55 71 101 57 66 5
101 57 66 82 62 63 5
82 62 63 109 65 65 3
109 65 65 106 55 54 14
106 55 54 9 50 50 6
9 50 50 70 55 46 6
70 55 46 88 58 44 3
88 58 44 97 63 48 6
97 63 48 81 56 36 13
81 56 36 20 50 39 6
20 50 39 71 44 43 7
71 44 43 102 41 39 5
102 41 39 63 43 31 8
63 43 31 41 49 29 6
41 49 29 37 52 28 3
37 52 28 39 56 26 4
39 56 26 42 57 18 8
42 57 18 66 69 11 13
66 69 11 6 68 0 11
6 68 0 27 61 0 7
27 61 0 56 44 4 17
56 44 4 98 69 26 33
98 69 26 79 78 28 9
79 78 28 49 78 38 10
49 78 38 52 88 18 22
52 88 18 47 91 3 15
47 91 3 60 95 0 5
60 95 0 99 103 0 8
99 103 0 25 109 8 10
25 109 8 61 35 33 78
61 35 33 8 29 36 6
8 29 36 90 24 33 5
90 24 33 51 15 43 13
51 15 43 23 9 34 10
23 9 34 76 1 30 8
76 1 30 104 3 49 19
104 3 49 4 30 43 27
4 30 43 15 35 27 16
15 35 27 85 41 22 7
85 41 22 112 46 21 5
112 46 21 69 28 19 18
69 28 19 34 28 15 4
34 28 15 22 24 14 4
22 24 14 113 61 73 69
113 61 73 45 63 72 2
45 63 72 67 53 90 20
67 53 90 24 54 101 11
24 54 101 18 61 104 7
18 61 104 94 61 108 4
94 61 108 74 72 100 13
74 72 100 73 73 104 4
73 73 104 16 80 101 7
16 80 101 87 81 103 2
87 81 103 14 85 101 4
14 85 101 107 80 108 8
107 80 108 33 83 110 3
33 83 110 111 68 92 23
111 68 92 89 78 86 11
89 78 86 58 80 88 2
58 80 88 35 91 86 11
35 91 86 44 101 79 12
44 101 79 59 111 87 12
59 111 87 80 104 99 13
80 104 99 26 109 104 7
26 109 104 96 100 108 9
96 100 108 12 100 108 0
12 100 108 93 94 69 39
93 94 69 103 96 62 7
103 96 62 7 95 62 1
7 95 62 78 86 61 9
78 86 61 0 86 59 2
0 86 59 19 80 54 7
19 80 54 17 103 54 23
17 103 54 28 105 52 2
28 105 52 50 105 48 4
50 105 48 110 105 45 3
110 105 45 75 98 33 13
75 98 33 91 93 33 5
91 93 33 10 113 45 23
10 113 45 36 109 55 10
36 109 55 92 113 75 20
92 113 75 100 37 111 84
100 37 111 64 16 94 27
