10 103 72 118 103 72 0
118 103 72 108 95 73 8
108 95 73 42 94 71 2
42 94 71 93 93 62 9
93 93 62 125 90 55 7
125 90 55 129 86 54 4
129 86 54 132 80 49 7
132 80 49 16 77 35 14
16 77 35 128 96 51 24
128 96 51 51 101 51 5
51 101 51 21 105 38 13
21 105 38 76 109 34 5
76 109 34 28 114 37 5
28 114 37 137 124 40 10
137 124 40 109 126 39 2
109 126 39 17 133 42 7
17 133 42 72 134 48 6
72 134 48 52 129 48 5
52 129 48 107 120 53 10
107 120 53 46 121 59 6
46 121 59 25 117 63 5
25 117 63 81 112 61 5
81 112 61 9 133 57 21
9 133 57 61 136 66 9
61 136 66 124 133 69 4
124 133 69 78 126 68 7
78 126 68 114 128 77 9
114 128 77 56 125 88 11
56 125 88 101 114 95 13
101 114 95 89 112 104 9
89 112 104 87 107 104 5
87 107 104 91 104 115 11
91 104 115 83 110 118 6
83 110 118 70 116 124 8
70 116 124 50 113 133 9
50 113 133 67 123 132 10
67 123 132 45 130 128 8
45 130 128 44 136 126 6
44 136 126 136 133 101 25
136 133 101 130 127 110 10
130 127 110 121 137 30 80
121 137 30 40 114 30 23
40 114 30 34 98 30 16
34 98 30 116 98 19 11
116 98 19 113 88 12 12
113 88 12 115 87 8 4
115 87 8 82 75 20 16
82 75 20 15 67 13 10
15 67 13 36 107 6 40
36 107 6 74 103 1 6
74 103 1 133 113 11 14
133 113 11 90 119 13 6
90 119 13 96 129 11 10
96 129 11 102 130 3 8
102 130 3 112 123 1 7
112 123 1 31 90 80 85
31 90 80 53 87 85 5
53 87 85 117 80 93 10
117 80 93 37 75 93 5
37 75 93 6 72 88 5
6 72 88 120 65 80 10
120 65 80 49 59 76 7
49 59 76 135 62 68 8
135 62 68 5 58 68 4
5 58 68 80 57 68 1
80 57 68 48 56 68 1
48 56 68 97 63 62 9
97 63 62 39 58 59 5
39 58 59 0 53 57 5
0 53 57 110 47 50 9
110 47 50 65 41 51 6
65 41 51 59 42 59 8
59 42 59 105 59 52 18
105 59 52 98 59 45 7
98 59 45 99 55 35 10
99 55 35 13 65 100 65
13 65 100 86 58 96 8
86 58 96 88 56 91 5
88 56 91 55 88 100 33
55 88 100 41 92 98 4
41 92 98 95 92 105 7
95 92 105 122 82 104 10
122 82 104 47 77 107 5
47 77 107 30 75 108 2
30 75 108 119 77 114 6
119 77 114 18 78 115 1
18 78 115 66 74 122 8
66 74 122 94 74 124 2
94 74 124 38 67 122 7
38 67 122 104 64 134 12
104 64 134 32 53 136 11
32 53 136 7 49 133 5
7 49 133 3 40 136 9
3 40 136 4 37 127 9
4 37 127 58 38 117 10
58 38 117 62 37 114 3
62 37 114 19 45 108 10
19 45 108 134 46 106 2
134 46 106 79 43 102 5
79 43 102 85 27 99 16
85 27 99 111 27 99 0
111 27 99 71 34 84 16
71 34 84 127 42 83 8
127 42 83 12 23 72 21
12 23 72 43 5 63 20
43 5 63 57 0 66 5
57 0 66 23 3 55 11
23 3 55 63 14 42 17
63 14 42 131 18 44 4
131 18 44 126 20 45 2
126 20 45 106 14 32 14
106 14 32 100 15 28 4
100 15 28 20 18 18 10
20 18 18 84 31 13 13
84 31 13 2 35 22 9
2 35 22 14 45 13 13
14 45 13 8 1 30 47
8 1 30 1 1 13 17
1 1 13 54 11 102 89
54 11 102 29 10 109 7
29 10 109 123 5 111 5
123 5 111 75 12 117 9
75 12 117 92 10 125 8
92 10 125 103 4 122 6
103 4 122 68 0 136 14
68 0 136 69 20 122 24
69 20 122 33 3 97 30
33 3 97 22 1 102 5
22 1 102 35 2 90 12
35 2 90 11 5 87 4
11 5 87 24 51 113 52
24 51 113 73 83 110 32
73 83 110 27 78 76 34
27 78 76 26 78 70 6
26 78 70 77 107 76 29
77 107 76 64 106 79 3
64 106 79 60 111 80 5
60 111 80 10 103 72 11
