36 120 124 50 120 124 0
50 120 124 48 116 127 5
48 116 127 75 114 130 3
75 114 130 97 120 131 6
97 120 131 23 116 137 7
23 116 137 42 119 140 4
42 119 140 90 141 140 22
90 141 140 132 110 137 31
132 110 137 109 105 138 5
109 105 138 19 100 138 5
19 100 138 127 113 121 21
127 113 121 105 101 123 12
105 101 123 30 99 122 2
30 99 122 123 88 126 11
123 88 126 22 82 123 6
22 82 123 110 80 128 5
110 80 128 84 69 130 11
84 69 130 100 59 121 13
100 59 121 113 60 141 20
113 60 141 3 129 113 74
3 129 113 115 128 106 7
115 128 106 91 127 93 13
91 127 93 125 124 92 3
125 124 92 121 110 96 14
121 110 96 2 103 96 7
2 103 96 14 94 102 10
14 94 102 122 87 99 7
122 87 99 131 88 93 6
131 88 93 25 92 89 5
25 92 89 7 94 88 2
7 94 88 137 82 87 12
137 82 87 38 80 80 7
38 80 80 83 81 79 1
83 81 79 119 81 67 12
119 81 67 37 74 61 9
37 74 61 102 72 59 2
102 72 59 32 75 53 6
32 75 53 124 63 61 14
124 63 61 120 55 66 9
120 55 66 49 60 74 9
49 60 74 64 53 80 9
64 53 80 98 50 91 11
98 50 91 55 50 99 8
55 50 99 1 53 101 3
1 53 101 24 52 107 6
24 52 107 39 61 99 12
39 61 99 40 38 90 24
40 38 90 54 41 79 11
54 41 79 129 41 67 12
129 41 67 87 36 60 8
87 36 60 53 35 52 8
53 35 52 70 37 46 6
70 37 46 59 32 44 5
59 32 44 104 41 37 11
104 41 37 134 34 29 10
134 34 29 69 32 23 6
69 32 23 57 27 25 5
57 27 25 45 24 33 8
45 24 33 71 24 35 2
71 24 35 26 17 31 8
26 17 31 89 11 35 7
89 11 35 35 9 44 9
35 9 44 79 13 48 5
79 13 48 73 18 45 5
73 18 45 128 20 58 13
128 20 58 44 19 63 5
44 19 63 63 18 71 8
63 18 71 77 25 73 7
77 25 73 62 27 80 7
62 27 80 139 21 88 10
139 21 88 16 22 99 11
16 22 99 116 22 105 6
116 22 105 61 22 112 7
61 22 112 112 25 119 7
112 25 119 94 30 115 6
94 30 115 126 34 104 11
126 34 104 101 31 122 18
101 31 122 60 41 123 10
60 41 123 106 44 134 11
106 44 134 65 10 109 42
65 10 109 17 8 108 2
17 8 108 56 9 107 1
56 9 107 85 4 112 7
85 4 112 66 6 117 5
66 6 117 140 6 122 5
140 6 122 81 0 128 8
81 0 128 51 2 133 5
51 2 133 4 15 127 14
4 15 127 11 17 138 11
11 17 138 27 27 140 10
27 27 140 47 9 90 53
47 9 90 21 4 82 9
21 4 82 52 5 72 10
52 5 72 107 5 63 9
107 5 63 6 5 49 14
6 5 49 74 16 23 28
74 16 23 82 20 16 8
82 20 16 58 8 13 12
58 8 13 130 7 6 7
130 7 6 103 38 22 34
103 38 22 96 38 18 4
96 38 18 67 37 15 3
67 37 15 92 46 19 9
92 46 19 99 54 23 8
99 54 23 29 60 12 12
29 60 12 20 57 8 5
20 57 8 5 69 10 12
5 69 10 88 67 21 11
88 67 21 138 66 23 2
138 66 23 114 69 33 10
114 69 33 72 61 34 8
72 61 34 93 61 44 10
93 61 44 0 51 46 10
0 51 46 41 80 35 31
41 80 35 31 89 23 15
31 89 23 118 99 36 16
118 99 36 117 98 44 8
117 98 44 76 92 6 38
76 92 6 8 113 8 21
8 113 8 12 116 12 5
12 116 12 43 120 14 4
43 120 14 141 122 16 2
141 122 16 9 125 14 3
9 125 14 80 127 12 2
80 127 12 15 123 6 7
15 123 6 78 139 1 16
78 139 1 18 132 20 20
18 132 20 46 132 24 4
46 132 24 10 133 25 1
10 133 25 108 138 28 5
108 138 28 13 130 30 8
13 130 30 33 131 38 8
33 131 38 28 127 38 4
28 127 38 133 135 45 10
133 135 45 135 115 2 47
135 115 2 86 110 106 104
86 110 106 95 132 92 26
95 132 92 34 139 94 7
34 139 94 136 140 95 1
136 140 95 68 128 78 20
68 128 78 111 127 76 2
111 127 76 36 120 124 48
