19 11 41 11 12 40 1
11 12 40 25 10 37 3
25 10 37 16 8 35 2
16 8 35 14 3 33 5
14 3 33 31 4 32 1
31 4 32 39 2 27 5
39 2 27 36 2 22 5
36 2 22 32 5 21 3
32 5 21 2 8 21 3
2 8 21 34 15 18 7
34 15 18 26 17 17 2
26 17 17 5 18 17 1
5 18 17 28 20 12 5
28 20 12 43 19 12 1
43 19 12 37 15 8 5
37 15 8 12 17 4 4
12 17 4 30 13 2 4
30 13 2 38 9 7 6
38 9 7 21 4 7 5
21 4 7 40 25 11 21
40 25 11 15 25 8 3
15 25 8 24 24 16 8
24 24 16 17 22 20 4
17 22 20 7 30 18 8
7 30 18 1 34 16 4
1 34 16 29 39 19 5
29 39 19 41 40 21 2
41 40 21 6 43 27 6
6 43 27 20 41 12 15
20 41 12 9 39 11 2
9 39 11 18 37 1 10
18 37 1 42 27 24 25
42 27 24 23 30 28 5
23 30 28 33 36 29 6
33 36 29 4 34 35 6
4 34 35 13 39 39 6
13 39 39 35 14 26 28
35 14 26 3 4 18 12
3 4 18 8 5 39 21
8 5 39 22 12 34 8
22 12 34 27 18 43 10
27 18 43 10 22 39 5
10 22 39 0 25 40 3
0 25 40 19 11 41 14
