14 6 20 44 7 19 1
44 7 19 30 8 18 1
30 8 18 45 0 19 8
45 0 19 39 7 27 10
39 7 27 33 3 31 5
33 3 31 21 0 33 3
21 0 33 29 0 31 2
29 0 31 6 2 40 9
6 2 40 15 8 39 6
15 8 39 25 9 36 3
25 9 36 9 12 34 3
9 12 34 23 19 36 7
23 19 36 24 22 32 5
24 22 32 20 25 33 3
20 25 33 31 26 33 1
31 26 33 37 30 37 5
37 30 37 46 37 37 7
46 37 37 7 38 37 1
7 38 37 13 38 39 2
13 38 39 2 40 42 3
2 40 42 42 44 42 4
42 44 42 1 39 47 7
1 39 47 48 37 47 2
48 37 47 10 42 37 11
10 42 37 12 42 32 5
12 42 32 43 40 30 2
43 40 30 4 38 26 4
4 38 26 11 37 20 6
11 37 20 41 36 18 2
41 36 18 40 34 16 2
40 34 16 19 31 17 3
19 31 17 35 24 13 8
35 24 13 0 22 15 2
0 22 15 27 22 13 2
27 22 13 16 19 6 7
16 19 6 26 15 8 4
26 15 8 28 12 9 3
28 12 9 8 9 3 6
8 9 3 22 5 8 6
22 5 8 34 42 19 38
34 42 19 17 43 22 3
17 43 22 36 47 21 4
36 47 21 32 44 12 9
32 44 12 38 40 6 7
38 40 6 5 38 3 3
5 38 3 3 35 32 29
3 35 32 47 17 48 24
47 17 48 18 16 24 24
18 16 24 14 6 20 10
