42 30 26 3 31 26 1
3 31 26 44 38 18 10
44 38 18 18 40 15 3
18 40 15 52 24 29 21
52 24 29 12 22 28 2
12 22 28 36 15 24 8
36 15 24 41 14 26 2
41 14 26 30 12 28 2
30 12 28 34 11 29 1
34 11 29 61 12 24 5
61 12 24 9 10 22 2
9 10 22 4 7 24 3
4 7 24 10 8 26 2
10 8 26 11 4 28 4
11 4 28 47 21 32 17
47 21 32 33 13 39 10
33 13 39 57 5 44 9
57 5 44 6 0 44 5
6 0 44 31 8 51 10
31 8 51 37 5 53 3
37 5 53 32 7 58 5
32 7 58 48 14 63 8
48 14 63 55 1 65 13
55 1 65 60 31 32 44
60 31 32 15 32 41 9
15 32 41 66 37 45 6
66 37 45 49 43 54 10
49 43 54 35 41 56 2
35 41 56 39 37 58 4
39 37 58 27 37 60 2
27 37 60 64 28 65 10
64 28 65 21 52 59 24
21 52 59 43 53 63 4
43 53 63 62 55 65 2
62 55 65 56 55 53 12
56 55 53 59 55 50 3
59 55 50 2 56 50 1
2 56 50 53 60 51 4
53 60 51 46 61 54 3
46 61 54 45 65 60 7
45 65 60 13 66 65 5
13 66 65 16 53 48 21
16 53 48 38 51 39 9
38 51 39 54 53 34 5
54 53 34 19 55 31 3
19 55 31 24 58 30 3
24 58 30 65 59 32 2
65 59 32 51 63 32 4
51 63 32 17 66 38 6
17 66 38 50 54 26 16
50 54 26 14 57 21 5
14 57 21 22 58 14 7
22 58 14 23 64 13 6
23 64 13 29 64 6 7
29 64 6 1 54 8 10
1 54 8 20 52 0 8
20 52 0 0 41 2 11
0 41 2 8 56 47 47
8 56 47 58 29 50 27
58 29 50 7 19 50 10
7 19 50 40 26 15 35
40 26 15 26 28 10 5
26 28 10 63 15 2 15
63 15 2 5 9 0 6
5 9 0 28 7 2 2
28 7 2 25 10 7 5
25 10 7 42 30 26 27
