54 22 38 73 23 38 1
73 23 38 30 28 46 9
30 28 46 15 33 45 5
15 33 45 51 38 40 7
51 38 40 72 41 34 6
72 41 34 24 37 29 6
24 37 29 10 32 26 5
10 32 26 75 26 26 6
75 26 26 17 24 19 7
17 24 19 5 22 10 9
5 22 10 67 28 3 9
67 28 3 66 31 4 3
66 31 4 14 32 0 4
14 32 0 23 38 1 6
23 38 1 69 39 5 4
69 39 5 8 38 8 3
8 38 8 59 49 9 11
59 49 9 43 46 14 5
43 46 14 20 56 12 10
20 56 12 42 55 14 2
42 55 14 52 54 14 1
52 54 14 44 56 21 7
44 56 21 34 60 19 4
34 60 19 1 63 16 4
1 63 16 61 64 11 5
61 64 11 56 73 14 9
56 73 14 45 59 4 17
45 59 4 64 65 1 6
64 65 1 33 73 4 8
33 73 4 7 12 6 61
7 12 6 62 6 2 7
62 6 2 63 5 2 1
63 5 2 37 15 16 17
37 15 16 39 10 18 5
39 10 18 40 9 19 1
40 9 19 19 7 20 2
19 7 20 38 45 43 44
38 45 43 31 49 44 4
31 49 44 6 50 50 6
6 50 50 65 52 53 3
65 52 53 32 53 53 1
32 53 53 16 54 52 1
16 54 52 9 56 51 2
9 56 51 68 64 49 8
68 64 49 50 67 51 3
50 67 51 2 64 54 4
2 64 54 48 69 55 5
48 69 55 27 67 62 7
27 67 62 55 70 62 3
55 70 62 28 73 62 3
28 73 62 74 75 74 12
74 75 74 46 63 68 13
46 63 68 11 60 74 6
11 60 74 57 67 47 27
57 67 47 49 71 43 5
49 71 43 60 72 43 1
60 72 43 4 75 43 3
4 75 43 47 65 32 14
47 65 32 58 47 64 36
58 47 64 70 44 48 16
70 44 48 35 21 38 25
35 21 38 25 14 40 7
25 14 40 53 9 40 5
53 9 40 0 2 36 8
0 2 36 18 0 48 12
18 0 48 21 13 47 13
21 13 47 13 16 52 5
13 16 52 3 23 58 9
3 23 58 12 26 64 6
12 26 64 41 16 68 10
41 16 68 26 15 73 5
26 15 73 22 19 75 4
22 19 75 71 19 74 1
71 19 74 36 7 60 18
36 7 60 29 0 74 15
29 0 74 54 22 38 42
