19 57 40 3 58 40 1
3 58 40 77 60 40 2
77 60 40 17 63 42 3
17 63 42 45 58 44 5
45 58 44 21 59 48 4
21 59 48 57 65 51 6
57 65 51 16 67 49 2
16 67 49 2 70 54 5
2 70 54 54 72 61 7
54 72 61 78 73 61 1
78 73 61 25 77 62 4
25 77 62 58 69 65 8
58 69 65 34 72 67 3
34 72 67 48 73 71 4
48 73 71 76 67 73 6
76 67 73 10 57 78 11
10 57 78 41 65 63 17
41 65 63 6 62 63 3
6 62 63 20 55 66 7
20 55 66 74 46 66 9
74 46 66 43 43 74 8
43 43 74 13 44 76 2
13 44 76 44 38 69 9
44 38 69 35 31 65 8
35 31 65 61 30 66 1
61 30 66 53 23 70 8
53 23 70 69 25 74 4
69 25 74 37 42 58 23
37 42 58 64 42 59 1
64 42 59 56 40 52 7
56 40 52 50 38 52 2
50 38 52 52 34 55 5
52 34 55 29 26 54 8
29 26 54 24 22 45 9
24 22 45 70 23 43 2
70 23 43 7 22 35 8
7 22 35 30 15 30 8
30 15 30 38 12 35 5
38 12 35 14 9 41 6
14 9 41 67 7 42 2
67 7 42 33 9 44 2
33 9 44 1 5 47 5
1 5 47 32 20 26 25
32 20 26 4 17 22 5
4 17 22 65 12 20 5
65 12 20 26 4 12 11
26 4 12 55 26 22 24
55 26 22 0 35 17 10
0 35 17 18 41 8 10
18 41 8 60 39 6 2
60 39 6 72 39 3 3
72 39 3 59 47 3 8
59 47 3 23 51 7 5
23 51 7 28 53 18 11
28 53 18 31 56 22 5
31 56 22 62 65 25 9
62 65 25 5 68 31 6
5 68 31 46 74 27 7
46 74 27 51 66 16 13
51 66 16 39 69 15 3
39 69 15 71 75 17 6
71 75 17 27 73 8 9
27 73 8 11 72 1 7
11 72 1 42 62 9 12
42 62 9 75 25 10 37
75 25 10 73 23 0 10
73 23 0 8 15 3 8
8 15 3 63 15 52 49
63 15 52 15 14 55 3
15 14 55 47 2 63 14
47 2 63 49 35 44 38
49 35 44 12 42 38 9
12 42 38 66 44 35 3
66 44 35 68 43 30 5
68 43 30 40 46 28 3
40 46 28 36 43 27 3
36 43 27 22 52 45 20
22 52 45 9 52 50 5
9 52 50 19 57 40 11
