31 41 21 29 40 22 1
29 40 22 55 41 26 4
55 41 26 40 41 33 7
40 41 33 69 41 35 2
69 41 35 42 42 35 1
42 42 35 59 49 34 7
59 49 34 54 37 38 12
54 37 38 2 33 39 4
2 33 39 71 26 39 7
71 26 39 13 25 36 3
13 25 36 64 19 46 11
64 19 46 23 11 45 8
23 11 45 22 41 41 30
22 41 41 65 42 44 3
65 42 44 66 43 51 7
66 43 51 75 46 57 6
75 46 57 6 50 58 4
6 50 58 52 53 57 3
52 53 57 43 58 58 5
43 58 58 3 61 61 4
3 61 61 57 60 69 8
57 60 69 35 58 69 2
35 58 69 24 61 72 4
24 61 72 7 72 63 14
7 72 63 46 74 67 4
46 74 67 76 65 50 19
76 65 50 45 66 46 4
45 66 46 15 62 40 7
15 62 40 4 66 36 5
4 66 36 56 72 38 6
56 72 38 63 70 22 16
63 70 22 16 70 15 7
16 70 15 53 76 14 6
53 76 14 48 74 6 8
48 74 6 5 70 4 4
5 70 4 9 68 5 2
9 68 5 17 57 14 14
17 57 14 37 60 34 20
37 60 34 25 59 33 1
25 59 33 21 55 51 18
21 55 51 8 51 49 4
8 51 49 0 52 47 2
0 52 47 58 51 64 17
58 51 64 10 43 75 13
10 43 75 44 43 62 13
44 43 62 1 34 47 17
1 34 47 77 28 54 9
77 28 54 47 24 55 4
47 24 55 26 28 63 8
26 28 63 50 30 62 2
50 30 62 73 33 65 4
73 33 65 11 22 68 11
11 22 68 68 22 67 1
68 22 67 70 14 64 8
70 14 64 39 7 71 9
39 7 71 51 9 77 6
51 9 77 33 14 75 5
33 14 75 27 1 67 15
27 1 67 72 2 58 9
72 2 58 67 42 14 59
67 42 14 12 38 14 4
12 38 14 74 31 7 9
74 31 7 38 28 6 3
38 28 6 28 27 10 4
28 27 10 62 29 20 10
62 29 20 49 22 24 8
49 22 24 32 19 24 3
32 19 24 60 19 19 5
60 19 19 34 11 18 8
34 11 18 20 8 19 3
20 8 19 36 0 27 11
36 0 27 14 2 33 6
14 2 33 18 23 4 35
18 23 4 19 13 8 10
19 13 8 61 10 8 3
61 10 8 30 10 2 6
30 10 2 41 36 3 26
41 36 3 31 41 21 18
