3 79 84 14 79 84 0
14 79 84 45 69 82 10
45 69 82 7 68 75 7
7 68 75 4 68 73 2
4 68 73 73 65 68 5
73 65 68 52 61 68 4
52 61 68 84 61 73 5
84 61 73 46 59 77 4
46 59 77 74 51 77 8
74 51 77 80 49 75 2
80 49 75 55 40 79 9
55 40 79 43 34 82 6
43 34 82 13 33 72 10
13 33 72 71 39 68 7
71 39 68 62 27 67 12
62 27 67 60 18 63 9
60 18 63 19 15 55 8
19 15 55 58 10 52 5
58 10 52 54 2 58 10
54 2 58 6 20 51 19
6 20 51 12 20 48 3
12 20 48 9 23 47 3
9 23 47 25 29 40 9
25 29 40 36 23 35 7
36 23 35 70 24 29 6
70 24 29 35 20 27 4
35 20 27 67 32 28 12
67 32 28 76 32 26 2
76 32 26 78 39 29 7
78 39 29 64 40 31 2
64 40 31 11 44 31 4
11 44 31 81 46 33 2
81 46 33 44 52 33 6
44 52 33 40 56 35 4
40 56 35 21 59 37 3
21 59 37 48 63 46 9
48 63 46 38 45 24 28
38 45 24 31 48 21 4
31 48 21 59 52 4 17
59 52 4 61 62 1 10
61 62 1 79 39 18 28
79 39 18 27 38 16 2
27 38 16 30 30 17 8
30 30 17 15 27 11 6
15 27 11 34 24 14 4
34 24 14 77 25 6 8
77 25 6 22 23 7 2
22 23 7 28 17 2 7
28 17 2 0 16 1 1
0 16 1 66 7 0 9
66 7 0 82 3 3 5
82 3 3 8 30 3 27
8 30 3 20 13 44 44
20 13 44 37 8 41 5
37 8 41 10 13 37 6
10 13 37 33 8 30 8
33 8 30 72 24 52 27
72 24 52 51 25 54 2
51 25 54 63 3 81 34
63 3 81 65 49 78 46
65 49 78 41 57 63 17
41 57 63 42 54 59 5
42 54 59 32 52 59 2
32 52 59 68 54 57 2
68 54 57 16 48 56 6
16 48 56 24 40 54 8
24 40 54 75 44 48 7
75 44 48 50 42 44 4
50 42 44 53 50 44 8
53 50 44 39 71 61 27
39 71 61 18 75 58 5
18 75 58 69 74 52 6
69 74 52 5 82 49 8
5 82 49 57 76 38 12
57 76 38 47 73 39 3
47 73 39 1 84 31 13
1 84 31 2 79 26 7
2 79 26 83 77 25 2
83 77 25 56 73 27 4
56 73 27 17 83 17 14
17 83 17 49 83 5 12
49 83 5 29 81 2 3
29 81 2 23 79 66 64
23 79 66 26 79 67 1
26 79 67 3 79 84 17
