40 62 64 31 61 65 1
31 61 65 54 63 69 4
54 63 69 37 66 69 3
37 66 69 38 69 73 5
38 69 73 32 64 77 6
32 64 77 59 57 81 8
59 57 81 84 53 77 5
84 53 77 51 52 72 5
51 52 72 27 46 78 8
27 46 78 26 63 86 18
26 63 86 71 84 78 22
71 84 78 63 86 81 3
63 86 81 29 80 85 7
29 80 85 42 79 87 2
42 79 87 75 60 71 24
75 60 71 46 58 58 13
46 58 58 48 58 55 3
48 58 55 56 56 55 2
56 56 55 43 58 51 4
43 58 51 70 51 50 7
70 51 50 85 48 49 3
85 48 49 77 44 46 5
77 44 46 39 37 47 7
39 37 47 10 51 45 14
10 51 45 79 43 55 12
79 43 55 67 35 63 11
67 35 63 49 29 70 9
49 29 70 52 25 72 4
52 25 72 65 19 75 6
65 19 75 72 11 71 8
72 11 71 86 6 70 5
86 6 70 60 3 75 5
60 3 75 16 9 81 8
16 9 81 64 30 80 21
64 30 80 45 23 65 16
45 23 65 76 24 59 6
76 24 59 4 21 59 3
4 21 59 58 63 57 42
58 63 57 15 68 49 9
15 68 49 21 69 46 3
21 69 46 61 64 42 6
61 64 42 34 66 36 6
34 66 36 62 71 34 5
62 71 34 12 72 39 5
12 72 39 44 77 44 7
44 77 44 33 57 35 21
33 57 35 14 52 26 10
14 52 26 24 49 24 3
24 49 24 69 51 22 2
69 51 22 81 42 24 9
81 42 24 23 38 15 9
23 38 15 35 44 12 6
35 44 12 18 47 9 4
18 47 9 0 52 9 5
0 52 9 82 53 8 1
82 53 8 9 54 10 2
9 54 10 1 65 17 13
1 65 17 19 67 19 2
19 67 19 28 74 9 12
28 74 9 30 85 15 12
30 85 15 74 86 15 1
74 86 15 87 87 3 12
87 87 3 7 84 0 4
7 84 0 68 51 4 33
68 51 4 41 39 6 12
41 39 6 66 33 3 6
66 33 3 55 28 3 5
55 28 3 17 27 4 1
17 27 4 78 32 19 15
78 32 19 3 30 14 5
3 30 14 50 29 13 1
50 29 13 6 22 20 9
6 22 20 57 20 22 2
57 20 22 47 21 28 6
47 21 28 13 20 30 2
13 20 30 25 13 34 8
25 13 34 53 5 31 8
53 5 31 80 1 20 11
80 1 20 20 7 41 21
20 7 41 73 10 46 5
73 10 46 5 30 34 23
5 30 34 11 12 25 20
11 12 25 2 14 10 15
2 14 10 36 12 7 3
36 12 7 8 12 4 3
8 12 4 83 51 63 70
83 51 63 22 51 62 1
22 51 62 40 62 64 11
