57 19 68 32 18 69 1
32 18 69 89 14 71 4
89 14 71 7 4 66 11
7 4 66 13 20 67 16
13 20 67 92 22 73 6
92 22 73 38 26 78 6
38 26 78 37 22 87 9
37 22 87 65 23 88 1
65 23 88 3 27 90 4
3 27 90 75 32 92 5
75 32 92 84 31 96 4
84 31 96 49 20 86 14
49 20 86 52 19 85 1
52 19 85 21 12 86 7
21 12 86 39 11 87 1
39 11 87 11 35 69 30
11 35 69 29 39 67 4
29 39 67 15 42 61 6
15 42 61 73 40 48 13
73 40 48 94 39 42 6
94 39 42 81 34 36 7
81 34 36 28 31 34 3
28 31 34 46 28 37 4
46 28 37 19 24 42 6
19 24 42 14 14 43 10
14 14 43 9 29 29 20
9 29 29 2 32 21 8
2 32 21 60 37 27 7
60 37 27 90 22 20 16
90 22 20 98 18 9 11
98 18 9 71 10 19 12
71 10 19 22 2 22 8
22 2 22 42 1 29 7
42 1 29 47 37 12 39
47 37 12 31 38 10 2
31 38 10 41 43 7 5
41 43 7 40 41 1 6
40 41 1 96 45 0 4
96 45 0 51 33 0 12
51 33 0 85 31 3 3
85 31 3 10 49 8 18
10 49 8 48 49 44 36
48 49 44 25 51 49 5
25 51 49 91 57 57 10
91 57 57 59 56 39 18
59 56 39 45 57 37 2
45 57 37 78 56 27 10
78 56 27 24 59 24 4
24 59 24 5 64 28 6
5 64 28 27 69 29 5
27 69 29 63 62 18 13
63 62 18 93 61 13 5
93 61 13 35 70 15 9
35 70 15 88 72 12 3
88 72 12 30 71 11 1
30 71 11 83 78 2 11
83 78 2 80 80 4 2
80 80 4 67 91 2 11
67 91 2 54 92 4 2
54 92 4 82 98 6 6
82 98 6 4 73 18 27
4 73 18 58 75 19 2
58 75 19 77 77 19 2
77 77 19 1 77 25 6
1 77 25 16 84 26 7
16 84 26 62 96 25 12
62 96 25 6 49 21 47
6 49 21 34 65 42 26
34 65 42 97 66 45 3
97 66 45 64 72 51 8
64 72 51 66 75 45 6
66 75 45 0 81 56 12
0 81 56 17 83 56 2
17 83 56 43 84 53 3
43 84 53 56 96 46 13
56 96 46 23 87 62 18
23 87 62 20 82 69 8
20 82 69 36 78 68 4
36 78 68 12 76 69 2
12 76 69 70 75 67 2
70 75 67 26 64 73 12
26 64 73 53 62 72 2
53 62 72 87 55 71 7
87 55 71 76 51 77 7
76 51 77 44 55 90 13
44 55 90 69 59 97 8
69 59 97 33 49 97 10
33 49 97 95 45 98 4
95 45 98 50 83 73 45
50 83 73 18 88 72 5
18 88 72 61 88 76 4
61 88 76 74 84 82 7
74 84 82 72 80 85 5
72 80 85 79 84 92 8
79 84 92 86 86 92 2
86 86 92 55 91 84 9
55 91 84 68 97 70 15
68 97 70 8 98 67 3
8 98 67 57 19 68 79
