38 30 53 20 30 54 1
20 30 54 57 28 60 6
57 28 60 2 24 61 4
2 24 61 36 26 52 9
36 26 52 83 28 47 5
83 28 47 1 24 39 8
1 24 39 37 16 31 11
37 16 31 45 7 35 9
45 7 35 9 8 36 1
9 8 36 51 11 43 7
51 11 43 50 14 44 3
50 14 44 85 6 51 10
85 6 51 53 5 53 2
53 5 53 8 6 58 5
8 6 58 28 10 58 4
28 10 58 59 11 69 11
59 11 69 78 15 70 4
78 15 70 32 23 78 11
32 23 78 52 25 80 2
52 25 80 25 31 81 6
25 31 81 21 19 81 12
21 19 81 62 20 90 9
62 20 90 87 26 91 6
87 26 91 94 30 93 4
94 30 93 93 39 93 9
93 39 93 43 39 88 5
43 39 88 91 45 91 6
91 45 91 24 45 92 1
24 45 92 54 54 94 9
54 54 94 56 55 83 11
56 55 83 77 14 94 42
77 14 94 80 3 76 21
80 3 76 3 0 71 5
3 0 71 7 0 52 19
7 0 52 72 3 26 26
72 3 26 82 8 23 5
82 8 23 0 12 19 5
0 12 19 42 15 20 3
42 15 20 6 15 14 6
6 15 14 16 30 28 20
16 30 28 75 35 20 9
75 35 20 31 28 17 7
31 28 17 39 29 11 6
39 29 11 26 41 16 13
26 41 16 58 47 18 6
58 47 18 22 46 26 8
22 46 26 17 46 34 8
17 46 34 84 47 38 4
84 47 38 74 52 46 9
74 52 46 11 54 48 2
11 54 48 40 58 54 7
40 58 54 34 60 54 2
34 60 54 13 68 60 10
13 68 60 76 70 63 3
76 70 63 67 72 79 16
67 72 79 63 75 79 3
63 75 79 86 78 81 3
86 78 81 92 79 77 4
92 79 77 48 87 73 8
48 87 73 12 88 74 1
12 88 74 69 88 79 5
69 88 79 44 88 81 2
44 88 81 30 90 82 2
30 90 82 19 94 80 4
19 94 80 35 90 87 8
35 90 87 29 85 94 8
29 85 94 81 79 92 6
81 79 92 71 89 71 23
71 89 71 70 72 82 20
70 72 82 41 73 54 28
41 73 54 65 83 54 10
65 83 54 60 51 34 37
60 51 34 73 56 26 9
73 56 26 33 61 35 10
33 61 35 88 61 39 4
88 61 39 46 67 37 6
46 67 37 18 74 33 8
18 74 33 4 76 38 5
4 76 38 15 79 38 3
15 79 38 68 77 41 3
68 77 41 55 93 42 16
55 93 42 5 84 25 19
5 84 25 27 81 18 7
27 81 18 10 75 12 8
10 75 12 14 68 13 7
14 68 13 66 65 10 4
66 65 10 23 61 14 5
23 61 14 89 68 18 8
89 68 18 49 88 12 20
49 88 12 47 85 7 5
47 85 7 61 40 35 53
61 40 35 79 35 48 13
79 35 48 64 40 49 5
64 40 49 90 39 52 3
90 39 52 38 30 53 9
