18 21 1 15 21 1 
15 21 1 19 14 4 
19 14 4 16 12 6 
16 12 6 26 11 4 
26 11 4 25 4 0 
25 4 0 24 10 11 
24 10 11 23 10 17 
23 10 17 10 8 23 
10 8 23 11 8 27 
11 8 27 34 7 31 
34 7 31 31 6 33 
31 6 33 1 10 36 
1 10 36 13 1 22 
13 1 22 39 0 14 
39 0 14 21 16 13 
21 16 13 36 19 18 
36 19 18 27 18 25 
27 18 25 35 22 29 
35 22 29 8 28 31 
8 28 31 22 29 26 
22 29 26 12 28 20 
12 28 20 2 32 17 
2 32 17 5 38 18 
5 38 18 20 33 33 
20 33 33 37 34 35 
37 34 35 38 35 36 
38 35 36 30 35 33 
30 35 33 0 25 39 
0 25 39 17 20 39 
17 20 39 28 24 12 
28 24 12 29 29 10 
29 29 10 9 28 9 
9 28 9 6 29 5 
6 29 5 33 30 0 
33 30 0 32 32 8 
32 32 8 14 35 7 
14 35 7 3 38 4 
3 38 4 4 39 4 
4 39 4 7 36 1 
7 36 1 18 21 1