19 57 40 3 58 40 
3 58 40 77 60 40 
77 60 40 17 63 42 
17 63 42 45 58 44 
45 58 44 21 59 48 
21 59 48 57 65 51 
57 65 51 16 67 49 
16 67 49 2 70 54 
2 70 54 54 72 61 
54 72 61 78 73 61 
78 73 61 25 77 62 
25 77 62 58 69 65 
58 69 65 34 72 67 
34 72 67 48 73 71 
48 73 71 76 67 73 
76 67 73 10 57 78 
10 57 78 41 65 63 
41 65 63 6 62 63 
6 62 63 20 55 66 
20 55 66 74 46 66 
74 46 66 43 43 74 
43 43 74 13 44 76 
13 44 76 44 38 69 
44 38 69 35 31 65 
35 31 65 61 30 66 
61 30 66 53 23 70 
53 23 70 69 25 74 
69 25 74 37 42 58 
37 42 58 64 42 59 
64 42 59 56 40 52 
56 40 52 50 38 52 
50 38 52 52 34 55 
52 34 55 29 26 54 
29 26 54 24 22 45 
24 22 45 70 23 43 
70 23 43 7 22 35 
7 22 35 30 15 30 
30 15 30 38 12 35 
38 12 35 14 9 41 
14 9 41 67 7 42 
67 7 42 33 9 44 
33 9 44 1 5 47 
1 5 47 32 20 26 
32 20 26 4 17 22 
4 17 22 65 12 20 
65 12 20 26 4 12 
26 4 12 55 26 22 
55 26 22 0 35 17 
0 35 17 18 41 8 
18 41 8 60 39 6 
60 39 6 72 39 3 
72 39 3 59 47 3 
59 47 3 23 51 7 
23 51 7 28 53 18 
28 53 18 31 56 22 
31 56 22 62 65 25 
62 65 25 5 68 31 
5 68 31 46 74 27 
46 74 27 51 66 16 
51 66 16 39 69 15 
39 69 15 71 75 17 
71 75 17 27 73 8 
27 73 8 11 72 1 
11 72 1 42 62 9 
42 62 9 75 25 10 
75 25 10 73 23 0 
73 23 0 8 15 3 
8 15 3 63 15 52 
63 15 52 15 14 55 
15 14 55 47 2 63 
47 2 63 49 35 44 
49 35 44 12 42 38 
12 42 38 66 44 35 
66 44 35 68 43 30 
68 43 30 40 46 28 
40 46 28 36 43 27 
36 43 27 22 52 45 
22 52 45 9 52 50 
9 52 50 19 57 40