160 39 68 46 38 67 
46 38 67 15 31 69 
15 31 69 103 24 71 
103 24 71 55 24 69 
55 24 69 157 20 65 
157 20 65 19 11 57 
19 11 57 80 20 48 
80 20 48 125 26 49 
125 26 49 64 34 48 
64 34 48 78 39 41 
78 39 41 73 42 32 
73 42 32 153 30 31 
153 30 31 30 20 41 
30 20 41 120 21 74 
120 21 74 32 38 69 
32 38 69 139 42 84 
139 42 84 54 47 94 
54 47 94 18 44 97 
18 44 97 50 49 100 
50 49 100 43 57 76 
43 57 76 58 26 93 
58 26 93 11 20 104 
11 20 104 133 25 116 
133 25 116 112 26 121 
112 26 121 51 37 119 
51 37 119 20 38 122 
20 38 122 104 42 128 
104 42 128 34 42 130 
34 42 130 85 46 142 
85 46 142 98 35 144 
98 35 144 135 34 149 
135 34 149 109 38 153 
109 38 153 53 43 154 
53 43 154 17 21 156 
17 21 156 41 17 155 
41 17 155 23 12 159 
23 12 159 68 11 158 
68 11 158 122 15 147 
122 15 147 66 2 145 
66 2 145 72 2 130 
72 2 130 151 58 132 
151 58 132 136 58 130 
136 58 130 49 59 129 
49 59 129 56 68 126 
56 68 126 1 68 121 
1 68 121 75 62 120 
75 62 120 102 77 109 
102 77 109 63 80 107 
63 80 107 86 83 107 
86 83 107 134 80 98 
134 80 98 61 82 92 
61 82 92 65 84 88 
65 84 88 16 88 79 
16 88 79 29 88 76 
29 88 76 88 98 77 
88 98 77 127 109 71 
127 109 71 52 117 75 
52 117 75 26 117 87 
26 117 87 45 111 96 
45 111 96 2 110 99 
2 110 99 39 110 105 
39 110 105 47 122 109 
47 122 109 0 128 106 
0 128 106 60 127 103 
60 127 103 130 139 106 
130 139 106 28 144 108 
28 144 108 138 147 109 
138 147 109 131 154 100 
131 154 100 132 155 88 
132 155 88 21 152 83 
21 152 83 124 149 75 
124 149 75 115 144 76 
115 144 76 8 137 81 
8 137 81 91 139 91 
91 139 91 33 158 66 
33 158 66 70 152 57 
70 152 57 145 141 63 
145 141 63 96 134 57 
96 134 57 149 138 46 
149 138 46 74 132 45 
74 132 45 158 125 46 
158 125 46 129 111 48 
129 111 48 94 107 54 
94 107 54 48 100 46 
48 100 46 77 96 60 
77 96 60 119 89 58 
119 89 58 116 87 60 
116 87 60 14 76 60 
14 76 60 59 60 52 
59 60 52 69 143 40 
69 143 40 142 138 35 
142 138 35 143 142 28 
143 142 28 44 152 25 
44 152 25 35 153 30 
35 153 30 62 155 9 
62 155 9 114 152 6 
114 152 6 93 144 5 
93 144 5 10 160 1 
10 160 1 95 125 32 
95 125 32 79 117 20 
79 117 20 87 112 21 
87 112 21 57 111 23 
57 111 23 37 111 25 
37 111 25 141 109 27 
141 109 27 25 106 31 
25 106 31 71 103 17 
71 103 17 5 91 8 
5 91 8 27 89 0 
27 89 0 6 86 19 
6 86 19 111 79 29 
111 79 29 156 79 33 
156 79 33 97 74 27 
97 74 27 89 67 21 
89 67 21 3 62 16 
3 62 16 159 57 14 
159 57 14 152 54 12 
152 54 12 12 34 1 
12 34 1 36 23 4 
36 23 4 31 14 6 
31 14 6 90 16 11 
90 16 11 113 1 9 
113 1 9 108 55 18 
108 55 18 148 58 22 
148 58 22 40 67 8 
40 67 8 82 66 1 
82 66 1 42 85 31 
42 85 31 22 118 9 
22 118 9 144 132 118 
144 132 118 7 97 111 
7 97 111 106 110 119 
106 110 119 101 106 127 
101 106 127 38 105 140 
38 105 140 100 117 124 
100 117 124 83 117 126 
83 117 126 99 124 134 
99 124 134 9 122 141 
9 122 141 161 125 148 
161 125 148 24 118 148 
24 118 148 140 114 159 
140 114 159 107 137 145 
107 137 145 67 150 137 
67 150 137 123 154 129 
123 154 129 146 158 131 
146 158 131 13 158 121 
13 158 121 121 159 119 
121 159 119 84 99 93 
84 99 93 147 74 90 
147 74 90 154 64 142 
154 64 142 117 71 139 
117 71 139 76 85 143 
76 85 143 126 81 155 
126 81 155 118 93 157 
118 93 157 81 66 153 
81 66 153 4 24 132 
4 24 132 110 24 133 
110 24 133 155 10 93 
155 10 93 150 5 91 
150 5 91 92 0 85 
92 0 85 137 1 76 
137 1 76 105 4 99 
105 4 99 128 2 113 
128 2 113 160 39 68