35 33 18 32 34 17 
32 34 17 21 31 12 
21 31 12 6 27 11 
6 27 11 41 33 4 
41 33 4 27 29 3 
27 29 3 15 22 0 
15 22 0 33 14 3 
33 14 3 22 8 5 
22 8 5 63 10 14 
63 10 14 53 9 17 
53 9 17 25 8 21 
25 8 21 55 4 23 
55 4 23 26 3 27 
26 3 27 48 0 27 
48 0 27 52 16 21 
52 16 21 46 5 15 
46 5 15 14 3 17 
14 3 17 11 1 19 
11 1 19 56 0 19 
56 0 19 18 2 15 
18 2 15 0 40 11 
0 40 11 58 34 22 
58 34 22 5 35 24 
5 35 24 12 40 30 
12 40 30 7 44 27 
7 44 27 13 44 21 
13 44 21 59 47 20 
59 47 20 45 51 19 
45 51 19 2 57 20 
2 57 20 16 51 9 
16 51 9 30 39 36 
30 39 36 19 35 40 
19 35 40 43 41 46 
43 41 46 40 38 53 
40 38 53 10 30 52 
10 30 52 4 28 48 
4 28 48 51 19 47 
51 19 47 49 12 40 
49 12 40 24 1 47 
24 1 47 38 5 57 
38 5 57 47 7 62 
47 7 62 36 0 59 
36 0 59 9 23 58 
9 23 58 8 32 61 
8 32 61 62 29 34 
62 29 34 37 46 35 
37 46 35 60 48 37 
60 48 37 29 50 33 
29 50 33 61 52 33 
61 52 33 3 51 28 
3 51 28 44 52 35 
44 52 35 42 53 38 
42 53 38 50 54 43 
50 54 43 23 58 45 
23 58 45 31 62 43 
31 62 43 57 54 48 
57 54 48 34 49 49 
34 49 49 54 56 55 
54 56 55 20 49 61 
20 49 61 28 56 34 
28 56 34 1 59 34 
1 59 34 17 27 25 
17 27 25 39 26 21 
39 26 21 35 33 18