110 57 121 59 57 121 
59 57 121 108 65 112 
108 65 112 77 71 103 
77 71 103 123 63 94 
123 63 94 43 57 96 
43 57 96 29 51 92 
29 51 92 28 45 87 
28 45 87 78 44 83 
78 44 83 15 45 70 
15 45 70 48 36 67 
48 36 67 99 33 67 
99 33 67 60 31 64 
60 31 64 64 29 59 
64 29 59 119 29 57 
119 29 57 68 21 50 
68 21 50 34 10 48 
34 10 48 118 1 49 
118 1 49 113 23 37 
113 23 37 7 34 33 
7 34 33 120 34 24 
120 34 24 117 27 12 
117 27 12 95 19 2 
95 19 2 14 18 4 
14 18 4 17 13 10 
17 13 10 109 6 18 
109 6 18 62 9 23 
62 9 23 50 8 26 
50 8 26 5 7 26 
5 7 26 26 16 24 
26 16 24 6 3 13 
6 3 13 24 1 9 
24 1 9 2 47 17 
2 47 17 70 49 26 
70 49 26 53 55 7 
53 55 7 57 63 13 
57 63 13 21 66 23 
21 66 23 30 76 24 
30 76 24 46 79 21 
46 79 21 16 85 12 
16 85 12 33 92 15 
33 92 15 94 94 7 
94 94 7 61 104 19 
61 104 19 89 108 20 
89 108 20 12 118 12 
12 118 12 124 97 27 
124 97 27 106 102 29 
106 102 29 42 106 33 
42 106 33 75 111 37 
75 111 37 103 110 40 
103 110 40 25 119 41 
25 119 41 91 121 44 
91 121 44 27 125 59 
27 125 59 122 123 37 
122 123 37 72 121 26 
72 121 26 13 81 5 
13 81 5 76 74 3 
76 74 3 114 84 31 
114 84 31 1 84 33 
1 84 33 88 80 38 
88 80 38 87 82 40 
87 82 40 93 47 1 
93 47 1 96 37 0 
96 37 0 31 45 40 
31 45 40 41 52 42 
41 52 42 101 62 47 
101 62 47 65 65 41 
65 65 41 69 67 55 
69 67 55 10 71 54 
10 71 54 86 80 54 
86 80 54 92 83 56 
92 83 56 56 78 61 
56 78 61 97 78 62 
97 78 62 8 83 63 
8 83 63 55 88 71 
55 88 71 112 99 80 
112 99 80 36 96 86 
36 96 86 40 92 89 
40 92 89 82 89 96 
82 89 96 58 91 97 
58 91 97 22 89 108 
22 89 108 126 115 75 
126 115 75 0 120 86 
0 120 86 9 112 94 
9 112 94 47 115 100 
47 115 100 4 117 109 
4 117 109 35 123 108 
35 123 108 116 121 126 
116 121 126 32 104 121 
32 104 121 51 99 124 
51 99 124 83 75 66 
83 75 66 73 93 58 
73 93 58 79 99 50 
79 99 50 104 23 64 
104 23 64 125 32 71 
125 32 71 38 26 78 
38 26 78 100 30 81 
100 30 81 102 26 86 
102 26 86 71 29 91 
71 29 91 11 33 97 
11 33 97 37 39 104 
37 39 104 105 40 105 
105 40 105 54 18 84 
54 18 84 44 17 88 
44 17 88 74 13 88 
74 13 88 45 13 89 
45 13 89 63 4 83 
63 4 83 85 21 97 
85 21 97 90 17 99 
90 17 99 81 13 107 
81 13 107 84 5 108 
84 5 108 66 0 102 
66 0 102 52 9 118 
52 9 118 18 0 121 
18 0 121 80 17 126 
80 17 126 23 29 124 
23 29 124 19 38 124 
19 38 124 111 12 77 
111 12 77 49 10 74 
49 10 74 115 11 68 
115 11 68 20 9 67 
20 9 67 39 52 58 
39 52 58 98 62 82 
98 62 82 107 65 80 
107 65 80 67 57 79 
67 57 79 3 57 80 
3 57 80 121 73 120 
121 73 120 110 57 121