62 84 114 50 83 114 
50 83 114 2 85 118 
2 85 118 25 80 120 
25 80 120 38 82 109 
38 82 109 54 76 112 
54 76 112 92 76 113 
92 76 113 74 76 108 
74 76 108 111 74 99 
111 74 99 9 78 99 
9 78 99 4 73 88 
4 73 88 22 81 83 
22 81 83 30 89 89 
30 89 89 63 99 90 
63 99 90 29 105 81 
29 105 81 32 110 85 
32 110 85 120 115 83 
120 115 83 18 119 80 
18 119 80 8 115 91 
8 115 91 17 96 76 
17 96 76 78 91 73 
78 91 73 94 102 71 
94 102 71 116 107 71 
116 107 71 99 99 64 
99 99 64 35 97 59 
35 97 59 80 97 55 
80 97 55 10 100 49 
10 100 49 19 91 54 
19 91 54 13 88 58 
13 88 58 46 83 55 
46 83 55 112 85 52 
112 85 52 26 84 48 
26 84 48 88 85 47 
88 85 47 21 88 44 
21 88 44 5 86 38 
5 86 38 79 84 35 
79 84 35 57 79 41 
57 79 41 55 73 38 
55 73 38 70 62 32 
70 62 32 51 69 23 
51 69 23 91 77 18 
91 77 18 72 80 14 
72 80 14 34 91 8 
34 91 8 52 101 8 
52 101 8 106 103 8 
106 103 8 23 115 5 
23 115 5 56 119 10 
56 119 10 73 116 15 
73 116 15 117 111 27 
117 111 27 65 109 32 
65 109 32 90 104 32 
90 104 32 45 119 32 
45 119 32 83 118 39 
83 118 39 39 102 15 
39 102 15 113 96 20 
113 96 20 37 71 13 
37 71 13 75 69 12 
75 69 12 85 70 4 
85 70 4 43 90 34 
43 90 34 47 79 60 
47 79 60 105 67 56 
105 67 56 96 67 50 
96 67 50 36 61 45 
36 61 45 109 56 54 
109 56 54 103 51 46 
103 51 46 16 40 47 
16 40 47 28 36 45 
28 36 45 11 35 36 
11 35 36 20 36 36 
20 36 36 101 35 32 
101 35 32 31 47 28 
31 47 28 95 53 16 
95 53 16 119 41 14 
119 41 14 3 36 13 
3 36 13 82 38 54 
82 38 54 41 30 58 
41 30 58 0 41 63 
0 41 63 15 38 65 
15 38 65 33 35 69 
33 35 69 49 37 73 
49 37 73 61 38 72 
61 38 72 86 44 72 
86 44 72 89 41 79 
89 41 79 48 36 85 
48 36 85 7 36 88 
7 36 88 68 40 97 
68 40 97 114 45 97 
114 45 97 77 53 95 
77 53 95 64 45 109 
64 45 109 69 48 114 
69 48 114 98 46 116 
98 46 116 102 45 115 
102 45 115 66 35 111 
66 35 111 42 30 116 
42 30 116 60 17 114 
60 17 114 100 1 114 
100 1 114 53 52 115 
53 52 115 81 63 118 
81 63 118 59 27 82 
59 27 82 12 22 83 
12 22 83 40 15 80 
40 15 80 14 12 88 
14 12 88 6 18 72 
6 18 72 104 25 72 
104 25 72 71 16 60 
71 16 60 76 12 57 
76 12 57 107 1 56 
107 1 56 67 21 46 
67 21 46 1 15 37 
1 15 37 44 15 27 
44 15 27 27 15 13 
27 15 13 115 13 9 
115 13 9 118 15 0 
118 15 0 93 24 3 
93 24 3 58 1 7 
58 1 7 97 1 32 
97 1 32 87 103 101 
87 103 101 24 107 104 
24 107 104 108 109 110 
108 109 110 84 74 73 
84 74 73 110 70 72 
110 70 72 62 84 114