31 41 21 29 40 22 
29 40 22 55 41 26 
55 41 26 40 41 33 
40 41 33 69 41 35 
69 41 35 42 42 35 
42 42 35 59 49 34 
59 49 34 54 37 38 
54 37 38 2 33 39 
2 33 39 71 26 39 
71 26 39 13 25 36 
13 25 36 64 19 46 
64 19 46 23 11 45 
23 11 45 22 41 41 
22 41 41 65 42 44 
65 42 44 66 43 51 
66 43 51 75 46 57 
75 46 57 6 50 58 
6 50 58 52 53 57 
52 53 57 43 58 58 
43 58 58 3 61 61 
3 61 61 57 60 69 
57 60 69 35 58 69 
35 58 69 24 61 72 
24 61 72 7 72 63 
7 72 63 46 74 67 
46 74 67 76 65 50 
76 65 50 45 66 46 
45 66 46 15 62 40 
15 62 40 4 66 36 
4 66 36 56 72 38 
56 72 38 63 70 22 
63 70 22 16 70 15 
16 70 15 53 76 14 
53 76 14 48 74 6 
48 74 6 5 70 4 
5 70 4 9 68 5 
9 68 5 17 57 14 
17 57 14 37 60 34 
37 60 34 25 59 33 
25 59 33 21 55 51 
21 55 51 8 51 49 
8 51 49 0 52 47 
0 52 47 58 51 64 
58 51 64 10 43 75 
10 43 75 44 43 62 
44 43 62 1 34 47 
1 34 47 77 28 54 
77 28 54 47 24 55 
47 24 55 26 28 63 
26 28 63 50 30 62 
50 30 62 73 33 65 
73 33 65 11 22 68 
11 22 68 68 22 67 
68 22 67 70 14 64 
70 14 64 39 7 71 
39 7 71 51 9 77 
51 9 77 33 14 75 
33 14 75 27 1 67 
27 1 67 72 2 58 
72 2 58 67 42 14 
67 42 14 12 38 14 
12 38 14 74 31 7 
74 31 7 38 28 6 
38 28 6 28 27 10 
28 27 10 62 29 20 
62 29 20 49 22 24 
49 22 24 32 19 24 
32 19 24 60 19 19 
60 19 19 34 11 18 
34 11 18 20 8 19 
20 8 19 36 0 27 
36 0 27 14 2 33 
14 2 33 18 23 4 
18 23 4 19 13 8 
19 13 8 61 10 8 
61 10 8 30 10 2 
30 10 2 41 36 3 
41 36 3 31 41 21