16 68 26 56 67 27 
56 67 27 27 63 25 
27 63 25 3 62 28 
3 62 28 63 62 37 
63 62 37 14 61 45 
14 61 45 61 69 44 
61 69 44 39 63 21 
39 63 21 37 59 22 
37 59 22 13 57 25 
13 57 25 43 53 27 
43 53 27 32 52 33 
32 52 33 28 51 19 
28 51 19 15 49 14 
15 49 14 41 42 15 
41 42 15 4 38 21 
4 38 21 11 36 20 
11 36 20 64 41 29 
64 41 29 0 37 31 
0 37 31 59 33 38 
59 33 38 30 33 44 
30 33 44 6 30 46 
6 30 46 5 27 49 
5 27 49 35 25 50 
35 25 50 69 25 49 
69 25 49 40 17 44 
40 17 44 20 12 44 
20 12 44 36 7 40 
36 7 40 24 10 37 
24 10 37 34 2 42 
34 2 42 38 2 44 
38 2 44 29 6 50 
29 6 50 72 6 52 
72 6 52 55 0 36 
55 0 36 12 0 33 
12 0 33 49 5 24 
49 5 24 46 11 22 
46 11 22 17 9 18 
17 9 18 48 15 26 
48 15 26 42 26 41 
42 26 41 57 42 43 
57 42 43 60 41 50 
60 41 50 51 46 51 
51 46 51 45 46 53 
45 46 53 31 48 51 
31 48 51 21 42 55 
21 42 55 33 39 57 
33 39 57 26 36 61 
26 36 61 71 38 67 
71 38 67 52 49 71 
52 49 71 18 63 69 
18 63 69 25 63 66 
25 63 66 2 25 62 
2 25 62 1 24 61 
1 24 61 22 24 65 
22 24 65 66 21 64 
66 21 64 58 16 68 
58 16 68 67 5 70 
67 5 70 44 15 59 
44 15 59 23 23 68 
23 23 68 50 39 8 
50 39 8 8 37 8 
8 37 8 62 36 6 
62 36 6 70 33 7 
70 33 7 7 25 7 
7 25 7 54 22 9 
54 22 9 10 11 2 
10 11 2 9 0 3 
9 0 3 19 45 6 
19 45 6 68 47 7 
68 47 7 65 52 5 
65 52 5 47 67 3 
47 67 3 53 45 1 
53 45 1 16 68 26