49 107 61 87 106 62 
87 106 62 55 99 69 
55 99 69 68 91 73 
68 91 73 126 91 82 
126 91 82 85 93 91 
85 93 91 41 95 91 
41 95 91 113 81 94 
113 81 94 28 68 101 
28 68 101 125 65 102 
125 65 102 23 69 107 
23 69 107 72 77 110 
72 77 110 119 55 102 
119 55 102 4 53 91 
4 53 91 70 96 106 
70 96 106 13 106 114 
13 106 114 91 109 116 
91 109 116 101 114 117 
101 114 117 130 102 127 
130 102 127 99 105 134 
99 105 134 114 109 133 
114 109 133 110 113 133 
110 113 133 133 113 135 
133 113 135 29 124 135 
29 124 135 17 82 68 
17 82 68 1 78 72 
1 78 72 71 75 73 
71 75 73 106 65 75 
106 65 75 117 58 77 
117 58 77 47 60 68 
47 60 68 111 63 63 
111 63 63 122 70 54 
122 70 54 120 70 43 
120 70 43 57 60 41 
57 60 41 63 53 31 
63 53 31 84 46 30 
84 46 30 38 43 30 
38 43 30 94 37 26 
94 37 26 116 28 27 
116 28 27 98 21 38 
98 21 38 82 15 42 
82 15 42 35 20 49 
35 20 49 78 28 45 
78 28 45 129 33 58 
129 33 58 73 38 58 
73 38 58 127 37 65 
127 37 65 5 40 70 
5 40 70 42 45 72 
42 45 72 86 28 72 
86 28 72 9 33 83 
9 33 83 53 35 95 
53 35 95 60 29 104 
60 29 104 103 27 107 
103 27 107 2 24 112 
2 24 112 12 21 110 
12 21 110 40 10 122 
40 10 122 79 4 114 
79 4 114 108 3 110 
108 3 110 46 0 117 
46 0 117 26 28 124 
26 28 124 6 37 120 
6 37 120 7 37 126 
7 37 126 100 39 135 
100 39 135 67 53 132 
67 53 132 51 65 123 
51 65 123 8 76 133 
8 76 133 14 78 134 
14 78 134 15 80 134 
15 80 134 105 81 135 
105 81 135 134 24 98 
134 24 98 66 16 98 
66 16 98 56 6 86 
56 6 86 52 14 81 
52 14 81 104 7 75 
104 7 75 10 15 56 
10 15 56 69 15 60 
69 15 60 43 3 50 
43 3 50 33 36 16 
33 36 16 109 38 13 
109 38 13 45 39 6 
45 39 6 97 39 4 
97 39 4 50 43 5 
50 43 5 16 28 11 
16 28 11 89 19 8 
89 19 8 34 14 12 
34 14 12 88 14 4 
88 14 4 77 12 3 
77 12 3 65 45 39 
65 45 39 75 44 24 
75 44 24 74 48 22 
74 48 22 112 60 27 
112 60 27 123 63 21 
123 63 21 59 62 18 
59 62 18 115 64 11 
115 64 11 0 64 5 
0 64 5 81 68 23 
81 68 23 61 74 16 
61 74 16 95 79 7 
95 79 7 131 75 30 
131 75 30 58 79 32 
58 79 32 25 85 22 
25 85 22 36 87 16 
36 87 16 83 80 76 
83 80 76 19 80 61 
19 80 61 118 106 73 
118 106 73 64 111 79 
64 111 79 27 122 76 
27 122 76 80 125 78 
80 125 78 102 128 78 
102 128 78 92 134 74 
92 134 74 96 132 65 
96 132 65 121 129 53 
121 129 53 48 125 43 
48 125 43 107 116 36 
107 116 36 44 124 28 
44 124 28 37 126 15 
37 126 15 22 129 7 
22 129 7 132 128 4 
132 128 4 11 124 0 
11 124 0 30 113 3 
30 113 3 62 113 15 
62 113 15 124 135 6 
124 135 6 90 105 31 
90 105 31 128 102 27 
128 102 27 20 100 42 
20 100 42 54 97 49 
54 97 49 135 88 45 
135 88 45 18 134 89 
18 134 89 76 128 91 
76 128 91 3 133 97 
3 133 97 39 128 103 
39 128 103 32 124 103 
32 124 103 24 121 103 
24 121 103 93 134 118 
93 134 118 31 109 92 
31 109 92 21 109 63 
21 109 63 49 107 61