80 33 34 6 32 35 
6 32 35 33 31 40 
33 31 40 26 29 43 
26 29 43 15 23 48 
15 23 48 86 24 51 
86 24 51 92 24 61 
92 24 61 11 23 62 
11 23 62 84 19 65 
84 19 65 71 8 66 
71 8 66 27 4 64 
27 4 64 64 2 56 
64 2 56 14 6 54 
14 6 54 50 4 52 
50 4 52 34 4 47 
34 4 47 83 7 47 
83 7 47 49 3 34 
49 3 34 22 8 22 
22 8 22 3 28 63 
3 28 63 21 31 69 
21 31 69 9 34 70 
9 34 70 96 36 73 
96 36 73 28 36 82 
28 36 82 43 42 87 
43 42 87 67 42 96 
67 42 96 89 50 97 
89 50 97 70 28 79 
70 28 79 94 18 84 
94 18 84 73 13 88 
73 13 88 42 8 86 
42 8 86 76 3 84 
76 3 84 4 7 94 
4 7 94 40 4 98 
40 4 98 24 14 78 
24 14 78 12 25 94 
12 25 94 52 36 60 
52 36 60 63 34 54 
63 34 54 59 45 58 
59 45 58 19 52 52 
19 52 52 7 25 27 
7 25 27 62 41 26 
62 41 26 99 47 21 
99 47 21 91 53 23 
91 53 23 65 44 15 
65 44 15 54 44 10 
54 44 10 38 39 6 
38 39 6 75 36 9 
75 36 9 82 35 16 
82 35 16 97 23 13 
97 23 13 77 19 13 
77 19 13 16 12 8 
16 12 8 74 15 4 
74 15 4 30 9 0 
30 9 0 5 0 11 
5 0 11 46 53 14 
46 53 14 66 53 10 
66 53 10 1 54 5 
1 54 5 35 68 3 
35 68 3 2 74 1 
2 74 1 45 75 2 
45 75 2 17 75 12 
17 75 12 93 78 16 
93 78 16 61 69 14 
61 69 14 69 47 32 
69 47 32 32 57 35 
32 57 35 55 58 39 
55 58 39 60 61 35 
60 61 35 39 69 39 
39 69 39 72 75 44 
72 75 44 81 79 40 
81 79 40 13 84 37 
13 84 37 29 83 35 
29 83 35 36 87 31 
36 87 31 88 87 29 
88 87 29 78 82 47 
78 82 47 90 87 46 
90 87 46 18 88 48 
18 88 48 68 88 56 
68 88 56 56 83 57 
56 83 57 85 90 64 
85 90 64 44 83 67 
44 83 67 98 87 73 
98 87 73 23 83 79 
23 83 79 20 88 85 
20 88 85 25 94 86 
25 94 86 8 72 64 
8 72 64 57 68 64 
57 68 64 51 66 65 
51 66 65 37 59 67 
37 59 67 79 53 68 
79 53 68 31 53 73 
31 53 73 47 59 82 
47 59 82 95 67 56 
95 67 56 41 99 61 
41 99 61 53 98 57 
53 98 57 10 94 41 
10 94 41 58 94 36 
58 94 36 87 97 31 
87 97 31 0 98 16 
0 98 16 48 99 42 
48 99 42 80 33 34