42 137 69 45 136 70 
45 136 70 29 126 70 
29 126 70 119 115 77 
119 115 77 46 114 75 
46 114 75 47 110 60 
47 110 60 109 104 56 
109 104 56 129 118 53 
129 118 53 137 117 48 
137 117 48 67 118 48 
67 118 48 128 120 45 
128 120 45 60 124 42 
60 124 42 13 131 30 
13 131 30 112 139 39 
112 139 39 57 145 51 
57 145 51 120 141 54 
120 141 54 146 135 16 
146 135 16 70 133 12 
70 133 12 34 138 10 
34 138 10 18 144 6 
18 144 6 35 145 3 
35 145 3 41 133 0 
41 133 0 31 127 13 
31 127 13 10 120 6 
10 120 6 111 107 44 
111 107 44 44 103 34 
44 103 34 52 108 30 
52 108 30 0 110 28 
0 110 28 4 104 23 
4 104 23 17 100 21 
17 100 21 131 100 15 
131 100 15 50 95 3 
50 95 3 69 91 23 
69 91 23 27 95 29 
27 95 29 142 93 33 
142 93 33 22 91 35 
22 91 35 71 95 43 
71 95 43 88 93 49 
88 93 49 23 91 52 
23 91 52 101 83 56 
101 83 56 37 82 58 
37 82 58 61 80 62 
61 80 62 140 80 63 
140 80 63 5 84 78 
5 84 78 83 69 76 
83 69 76 106 65 80 
106 65 80 89 78 53 
89 78 53 62 76 48 
62 76 48 90 67 42 
90 67 42 73 66 30 
73 66 30 108 64 24 
108 64 24 80 56 20 
80 56 20 124 49 25 
124 49 25 132 41 25 
132 41 25 82 26 24 
82 26 24 59 22 17 
59 22 17 16 10 18 
16 10 18 40 5 16 
40 5 16 138 11 12 
138 11 12 117 10 8 
117 10 8 94 28 4 
94 28 4 14 38 8 
14 38 8 102 28 39 
102 28 39 139 28 41 
139 28 41 38 32 45 
38 32 45 63 32 52 
63 32 52 28 29 54 
28 29 54 54 31 56 
54 31 56 123 21 51 
123 21 51 114 18 57 
114 18 57 135 21 63 
135 21 63 6 29 64 
6 29 64 81 32 71 
81 32 71 87 22 81 
87 22 81 26 5 85 
26 5 85 105 2 84 
105 2 84 103 2 89 
103 2 89 21 15 99 
21 15 99 48 24 100 
48 24 100 2 11 62 
2 11 62 3 4 63 
3 4 63 76 10 47 
76 10 47 133 4 41 
133 4 41 66 64 12 
66 64 12 58 64 10 
58 64 10 144 72 12 
144 72 12 25 55 5 
25 55 5 56 61 54 
56 61 54 95 60 55 
95 60 55 84 52 47 
84 52 47 72 47 64 
72 47 64 116 48 76 
116 48 76 86 48 79 
86 48 79 79 93 64 
79 93 64 104 79 32 
104 79 32 55 123 88 
55 123 88 141 124 92 
141 124 92 126 124 98 
126 124 98 75 124 101 
75 124 101 110 121 104 
110 121 104 39 127 110 
39 127 110 118 129 97 
118 129 97 24 138 98 
24 138 98 134 140 100 
134 140 100 11 118 98 
11 118 98 98 115 93 
98 115 93 32 112 103 
32 112 103 12 106 98 
12 106 98 127 98 101 
127 98 101 113 85 99 
113 85 99 1 73 102 
1 73 102 125 67 101 
125 67 101 91 60 103 
91 60 103 30 55 109 
30 55 109 7 52 111 
7 52 111 78 49 97 
78 49 97 96 68 109 
96 68 109 19 63 111 
19 63 111 64 60 120 
64 60 120 107 56 124 
107 56 124 145 49 128 
145 49 128 143 44 133 
143 44 133 74 44 134 
74 44 134 65 52 142 
65 52 142 68 59 142 
68 59 142 121 40 128 
121 40 128 33 20 121 
33 20 121 100 14 140 
100 14 140 9 11 142 
9 11 142 93 22 145 
93 22 145 20 0 129 
20 0 129 51 76 123 
51 76 123 130 79 131 
130 79 131 36 81 144 
36 81 144 15 99 146 
15 99 146 136 108 139 
136 108 139 49 112 137 
49 112 137 99 112 136 
99 112 136 8 125 130 
8 125 130 92 131 136 
92 131 136 43 135 130 
43 135 130 85 127 146 
85 127 146 77 112 142 
77 112 142 53 103 135 
53 103 135 115 108 110 
115 108 110 122 146 74 
122 146 74 97 145 84 
97 145 84 42 137 69