4 67 66 8 67 66 
8 67 66 25 68 56 
25 68 56 52 67 53 
52 67 53 28 65 54 
28 65 54 50 64 47 
50 64 47 16 58 52 
16 58 52 7 50 49 
7 50 49 64 49 52 
64 49 52 31 53 62 
31 53 62 19 47 65 
19 47 65 69 48 67 
69 48 67 70 55 68 
70 55 68 42 48 41 
42 48 41 66 47 39 
66 47 39 26 47 34 
26 47 34 6 50 26 
6 50 26 33 51 20 
33 51 20 43 59 17 
43 59 17 38 61 24 
38 61 24 29 63 25 
29 63 25 32 69 27 
32 69 27 60 61 32 
60 61 32 20 70 13 
20 70 13 30 63 1 
30 63 1 54 41 25 
54 41 25 5 38 19 
5 38 19 58 36 9 
58 36 9 15 39 8 
15 39 8 45 39 6 
45 39 6 53 42 8 
53 42 8 59 38 1 
59 38 1 21 32 4 
21 32 4 35 27 5 
35 27 5 44 28 11 
44 28 11 67 40 41 
67 40 41 62 37 39 
62 37 39 34 36 42 
34 36 42 61 32 43 
61 32 43 57 28 43 
57 28 43 51 21 45 
51 21 45 9 12 39 
9 12 39 23 9 38 
23 9 38 13 13 30 
13 13 30 17 16 25 
17 16 25 40 19 28 
40 19 28 63 20 26 
63 20 26 48 10 19 
48 10 19 10 7 19 
10 7 19 0 7 21 
0 7 21 2 1 21 
2 1 21 49 0 25 
49 0 25 46 2 29 
46 2 29 24 12 12 
24 12 12 22 11 11 
22 11 11 37 13 5 
37 13 5 41 1 8 
41 1 8 55 14 11 
55 14 11 47 10 49 
47 10 49 11 8 55 
11 8 55 65 9 56 
65 9 56 36 4 63 
36 4 63 14 33 47 
14 33 47 27 37 52 
27 37 52 18 34 56 
18 34 56 39 30 55 
39 30 55 68 27 64 
68 27 64 56 26 68 
56 26 68 1 29 68 
1 29 68 3 23 62 
3 23 62 12 56 41 
12 56 41 4 67 66