33 69 40 42 70 41 
42 70 41 59 66 43 
59 66 43 4 64 44 
4 64 44 62 64 46 
62 64 46 35 64 58 
35 64 58 7 63 58 
7 63 58 72 60 60 
72 60 60 28 63 63 
28 63 63 75 64 69 
75 64 69 43 61 71 
43 61 71 27 58 68 
27 58 68 45 51 65 
45 51 65 13 48 66 
13 48 66 9 46 76 
9 46 76 21 67 72 
21 67 72 50 67 74 
50 67 74 53 71 68 
53 71 68 38 55 59 
38 55 59 17 74 33 
17 74 33 36 76 26 
36 76 26 8 75 20 
8 75 20 1 66 17 
1 66 17 68 63 18 
68 63 18 54 56 13 
54 56 13 47 51 13 
47 51 13 10 69 13 
10 69 13 16 69 9 
16 69 9 71 63 4 
71 63 4 60 58 2 
60 58 2 22 51 3 
22 51 3 57 42 3 
57 42 3 51 36 9 
51 36 9 11 30 9 
11 30 9 30 26 6 
30 26 6 73 19 7 
73 19 7 70 10 5 
70 10 5 2 61 36 
2 61 36 24 64 32 
24 64 32 6 55 37 
6 55 37 0 45 45 
0 45 45 65 39 50 
65 39 50 25 39 55 
25 39 55 3 33 61 
3 33 61 66 32 61 
66 32 61 67 24 61 
67 24 61 49 23 59 
49 23 59 14 22 58 
14 22 58 44 20 57 
44 20 57 18 17 55 
18 17 55 58 12 53 
58 12 53 63 7 57 
63 7 57 15 2 61 
15 2 61 26 12 41 
26 12 41 12 9 37 
12 9 37 76 7 33 
76 7 33 39 14 26 
39 14 26 23 17 25 
23 17 25 52 20 25 
52 20 25 64 22 26 
64 22 26 41 27 24 
41 27 24 56 27 31 
56 27 31 31 21 22 
31 21 22 20 11 23 
20 11 23 48 8 19 
48 8 19 37 0 17 
37 0 17 69 2 46 
69 2 46 46 13 61 
46 13 61 32 16 67 
32 16 67 61 19 69 
61 19 69 5 23 68 
5 23 68 55 13 69 
55 13 69 19 13 75 
19 13 75 40 5 74 
40 5 74 74 1 76 
74 1 76 29 5 70 
29 5 70 34 21 52 
34 21 52 33 69 40