14 0 31 29 1 30 
29 1 30 42 5 25 
42 5 25 10 0 22 
10 0 22 5 6 15 
5 6 15 40 2 10 
40 2 10 24 5 5 
24 5 5 6 9 6 
6 9 6 33 12 3 
33 12 3 19 14 5 
19 14 5 44 14 8 
44 14 8 13 15 11 
13 15 11 21 18 18 
21 18 18 39 23 22 
39 23 22 25 24 26 
25 24 26 27 22 27 
27 22 27 9 18 27 
9 18 27 0 15 29 
0 15 29 34 28 34 
34 28 34 37 30 34 
37 30 34 36 34 32 
36 34 32 35 42 29 
35 42 29 45 25 36 
45 25 36 1 28 39 
1 28 39 15 40 46 
15 40 46 30 44 47 
30 44 47 43 21 44 
43 21 44 7 20 47 
7 20 47 32 15 47 
32 15 47 41 13 45 
41 13 45 11 11 42 
11 11 42 23 9 47 
23 9 47 26 20 7 
26 20 7 16 25 5 
16 25 5 46 26 6 
46 26 6 8 29 2 
8 29 2 2 35 2 
2 35 2 18 36 7 
18 36 7 20 38 7 
20 38 7 22 41 8 
22 41 8 28 39 11 
28 39 11 47 43 15 
47 43 15 17 43 20 
17 43 20 4 43 4 
4 43 4 12 29 13 
12 29 13 31 28 14 
31 28 14 3 32 15 
3 32 15 38 8 0 
38 8 0 14 0 31