28 2 50 40 2 49 
40 2 49 3 1 45 
3 1 45 17 4 39 
17 4 39 44 4 35 
44 4 35 29 6 29 
29 6 29 14 5 27 
14 5 27 48 4 27 
48 4 27 36 0 14 
36 0 14 7 0 12 
7 0 12 52 8 8 
52 8 8 39 7 2 
39 7 2 45 3 1 
45 3 1 2 8 26 
2 8 26 4 11 26 
4 11 26 15 14 27 
15 14 27 32 16 24 
32 16 24 12 15 22 
12 15 22 18 17 19 
18 17 19 50 23 17 
50 23 17 47 28 15 
47 28 15 31 28 13 
31 28 13 25 24 9 
25 24 9 51 16 34 
51 16 34 37 11 40 
37 11 40 33 13 46 
33 13 46 8 17 44 
8 17 44 34 24 34 
34 24 34 5 28 29 
5 28 29 53 30 28 
53 30 28 16 33 30 
16 33 30 27 31 32 
27 31 32 9 32 34 
9 32 34 1 29 38 
1 29 38 21 36 40 
21 36 40 13 37 47 
13 37 47 41 37 52 
41 37 52 38 45 48 
38 45 48 23 47 38 
23 47 38 46 53 34 
46 53 34 26 28 53 
26 28 53 35 27 49 
35 27 49 11 38 27 
11 38 27 30 43 25 
30 43 25 10 40 20 
10 40 20 22 44 11 
22 44 11 42 44 9 
42 44 9 54 49 6 
54 49 6 43 50 4 
43 50 4 49 54 6 
49 54 6 20 40 4 
20 40 4 24 54 22 
24 54 22 0 30 25 
0 30 25 6 25 28 
6 25 28 19 6 52 
19 6 52 28 2 50