37 8 30 4 8 30 
4 8 30 16 2 29 
16 2 29 43 1 41 
43 1 41 108 8 47 
108 8 47 78 13 48 
78 13 48 53 17 57 
53 17 57 31 22 55 
31 22 55 29 23 58 
29 23 58 11 34 60 
11 34 60 35 39 67 
35 39 67 17 46 61 
17 46 61 76 48 74 
76 48 74 40 54 70 
40 54 70 0 51 88 
0 51 88 101 38 53 
101 38 53 94 47 51 
94 47 51 7 51 50 
7 51 50 105 53 51 
105 53 51 42 59 54 
42 59 54 27 63 62 
27 63 62 19 42 40 
19 42 40 96 40 31 
96 40 31 20 35 31 
20 35 31 58 29 30 
58 29 30 59 31 23 
59 31 23 63 46 28 
63 46 28 30 49 29 
30 49 29 44 57 29 
44 57 29 8 59 34 
8 59 34 111 55 38 
111 55 38 109 64 35 
109 64 35 60 66 40 
60 66 40 80 73 40 
80 73 40 24 77 40 
24 77 40 48 80 35 
48 80 35 97 81 34 
97 81 34 107 64 22 
107 64 22 102 65 13 
102 65 13 104 68 10 
104 68 10 79 74 2 
79 74 2 92 71 0 
92 71 0 87 80 5 
87 80 5 77 87 5 
77 87 5 110 86 1 
110 86 1 85 91 16 
85 91 16 84 93 16 
84 93 16 72 98 18 
72 98 18 98 103 16 
98 103 16 47 105 16 
47 105 16 9 110 10 
9 110 10 82 108 8 
82 108 8 46 105 21 
46 105 21 112 105 25 
112 105 25 26 104 27 
26 104 27 74 104 31 
74 104 31 25 102 33 
25 102 33 83 106 46 
83 106 46 36 105 48 
36 105 48 73 105 52 
73 105 52 5 102 53 
5 102 53 32 96 60 
32 96 60 23 94 67 
23 94 67 86 91 67 
86 91 67 71 89 67 
71 89 67 51 83 78 
51 83 78 49 88 82 
49 88 82 106 91 85 
106 91 85 61 102 85 
61 102 85 68 104 96 
68 104 96 6 111 103 
6 111 103 90 95 105 
90 95 105 75 99 110 
75 99 110 15 84 101 
15 84 101 81 80 100 
81 80 100 56 73 98 
56 73 98 2 70 105 
2 70 105 100 69 109 
100 69 109 22 59 109 
22 59 109 3 57 111 
3 57 111 93 79 108 
93 79 108 10 71 80 
10 71 80 41 101 70 
41 101 70 99 91 52 
99 91 52 67 91 48 
67 91 48 34 109 54 
34 109 54 39 112 48 
39 112 48 45 105 59 
45 105 59 18 98 11 
18 98 11 21 99 0 
21 99 0 38 88 18 
38 88 18 55 59 3 
55 59 3 103 56 5 
103 56 5 70 52 2 
70 52 2 28 48 3 
28 48 3 57 50 12 
57 50 12 95 12 69 
95 12 69 65 13 80 
65 13 80 52 23 86 
52 23 86 69 24 84 
69 24 84 91 28 103 
91 28 103 62 24 104 
62 24 104 14 11 108 
14 11 108 12 37 109 
12 37 109 64 3 91 
64 3 91 33 13 19 
33 13 19 50 17 21 
50 17 21 1 15 11 
1 15 11 13 11 3 
13 11 3 89 6 0 
89 6 0 66 3 2 
66 3 2 54 0 10 
54 0 10 88 28 10 
88 28 10 37 8 30