4 14 53 42 13 53 
42 13 53 41 16 48 
41 16 48 20 19 37 
20 19 37 47 17 35 
47 17 35 23 10 37 
23 10 37 31 10 36 
31 10 36 37 7 39 
37 7 39 9 25 32 
9 25 32 21 22 28 
21 22 28 40 26 23 
40 26 23 35 29 24 
35 29 24 13 21 19 
13 21 19 39 19 18 
39 19 18 44 15 16 
44 15 16 24 14 18 
24 14 18 50 8 15 
50 8 15 17 0 11 
17 0 11 34 8 23 
34 8 23 26 11 28 
26 11 28 48 13 27 
48 13 27 1 2 21 
1 2 21 2 0 19 
2 0 19 36 15 14 
36 15 14 29 12 7 
29 12 7 45 9 7 
45 9 7 10 15 4 
10 15 4 19 18 1 
19 18 1 46 25 17 
46 25 17 43 26 17 
43 26 17 15 27 14 
15 27 14 16 29 11 
16 29 11 14 25 9 
14 25 9 7 24 10 
7 24 10 12 26 6 
12 26 6 49 25 5 
49 25 5 3 35 17 
3 35 17 0 38 18 
0 38 18 30 44 18 
30 44 18 22 47 11 
22 47 11 11 48 7 
11 48 7 53 47 6 
53 47 6 27 42 1 
27 42 1 6 36 2 
6 36 2 52 37 14 
52 37 14 38 32 37 
38 32 37 5 37 43 
5 37 43 8 35 45 
8 35 45 51 33 50 
51 33 50 32 30 50 
32 30 50 33 46 41 
33 46 41 28 44 34 
28 44 34 25 51 31 
25 51 31 18 52 34 
18 52 34 4 14 53