94 124 28 69 124 28 
69 124 28 84 121 38 
84 121 38 100 121 43 
100 121 43 0 127 51 
0 127 51 50 120 63 
50 120 63 41 114 57 
41 114 57 75 113 57 
75 113 57 23 113 67 
23 113 67 138 106 73 
138 106 73 92 102 72 
92 102 72 149 102 70 
149 102 70 20 132 65 
20 132 65 86 140 64 
86 140 64 68 144 68 
68 144 68 38 134 40 
38 134 40 55 140 44 
55 140 44 12 140 45 
12 140 45 24 149 51 
24 149 51 6 155 34 
6 155 34 135 114 37 
135 114 37 137 105 36 
137 105 36 150 94 30 
150 94 30 18 91 29 
18 91 29 81 81 37 
81 81 37 142 92 42 
142 92 42 127 96 46 
127 96 46 34 92 48 
34 92 48 28 86 49 
28 86 49 87 86 59 
87 86 59 4 75 63 
4 75 63 74 69 58 
74 69 58 53 63 61 
53 63 61 5 65 64 
5 65 64 43 68 69 
43 68 69 102 70 74 
102 70 74 103 78 79 
103 78 79 78 60 80 
78 60 80 128 60 82 
128 60 82 99 59 82 
99 59 82 40 61 96 
40 61 96 80 65 99 
80 65 99 147 61 113 
147 61 113 134 67 114 
134 67 114 33 52 119 
33 52 119 141 44 120 
141 44 120 152 37 112 
152 37 112 116 41 109 
116 41 109 2 33 106 
2 33 106 121 22 100 
121 22 100 62 17 98 
62 17 98 124 13 99 
124 13 99 45 21 109 
45 21 109 89 11 112 
89 11 112 14 5 119 
14 5 119 1 17 125 
1 17 125 7 12 143 
7 12 143 31 0 151 
31 0 151 119 1 104 
119 1 104 90 25 89 
90 25 89 63 23 75 
63 23 75 48 32 71 
48 32 71 27 36 80 
27 36 80 67 10 79 
67 10 79 49 12 83 
49 12 83 9 1 81 
9 1 81 114 9 69 
114 9 69 131 10 67 
131 10 67 129 33 120 
129 33 120 71 33 128 
71 33 128 57 36 129 
57 36 129 93 40 133 
93 40 133 91 35 143 
91 35 143 107 38 149 
107 38 149 126 33 154 
126 33 154 73 53 134 
73 53 134 146 81 96 
146 81 96 120 92 97 
120 92 97 109 91 105 
109 91 105 104 95 106 
104 95 106 82 87 111 
82 87 111 79 88 117 
79 88 117 115 95 114 
115 95 114 61 101 113 
61 101 113 122 107 122 
122 107 122 144 104 131 
144 104 131 35 104 136 
35 104 136 21 99 140 
21 99 140 15 96 137 
15 96 137 132 92 129 
132 92 129 46 83 128 
46 83 128 8 82 129 
8 82 129 98 80 127 
98 80 127 139 70 130 
139 70 130 3 72 139 
3 72 139 19 79 142 
19 79 142 117 82 155 
117 82 155 17 114 135 
17 114 135 72 118 127 
72 118 127 29 126 131 
29 126 131 36 126 137 
36 126 137 106 139 144 
106 139 144 58 139 129 
58 139 129 37 138 121 
37 138 121 108 142 117 
108 142 117 60 135 109 
60 135 109 96 135 107 
96 135 107 77 129 112 
77 129 112 56 124 109 
56 124 109 54 147 102 
54 147 102 97 136 94 
97 136 94 13 134 91 
13 134 91 123 155 91 
123 155 91 59 60 55 
59 60 55 110 55 46 
110 55 46 64 52 46 
64 52 46 113 38 54 
113 38 54 30 71 45 
30 71 45 105 102 23 
105 102 23 42 96 16 
42 96 16 76 87 17 
76 87 17 148 77 15 
148 77 15 143 74 14 
143 74 14 10 68 17 
10 68 17 47 65 13 
47 65 13 22 64 30 
22 64 30 145 55 26 
145 55 26 25 57 24 
25 57 24 32 54 23 
32 54 23 101 50 15 
101 50 15 52 51 8 
52 51 8 39 36 15 
39 36 15 65 30 12 
65 30 12 51 6 0 
51 6 0 136 3 4 
136 3 4 26 30 20 
26 30 20 118 31 25 
118 31 25 11 17 28 
11 17 28 44 18 33 
44 18 33 133 11 35 
133 11 35 111 8 49 
111 8 49 85 5 51 
85 5 51 88 0 49 
88 0 49 151 51 28 
151 51 28 154 78 4 
154 78 4 83 103 10 
83 103 10 125 101 2 
125 101 2 66 120 17 
66 120 17 112 118 14 
112 118 14 153 121 10 
153 121 10 130 129 11 
130 129 11 140 135 11 
140 135 11 95 139 12 
95 139 12 16 146 5 
16 146 5 155 154 13 
155 154 13 70 128 0 
70 128 0 94 124 28