24 11 33 60 10 32 
60 10 32 4 6 29 
4 6 29 91 0 31 
91 0 31 67 7 22 
67 7 22 65 6 20 
65 6 20 101 4 22 
101 4 22 72 12 14 
72 12 14 75 15 15 
75 15 15 70 23 11 
70 23 11 84 28 10 
84 28 10 93 31 15 
93 31 15 46 28 16 
46 28 16 96 24 26 
96 24 26 49 23 28 
49 23 28 22 35 14 
22 35 14 80 42 16 
80 42 16 19 45 21 
19 45 21 82 37 28 
82 37 28 39 38 30 
39 38 30 27 41 32 
27 41 32 15 35 34 
15 35 34 86 48 8 
86 48 8 5 53 4 
5 53 4 89 63 3 
89 63 3 0 60 13 
0 60 13 18 60 22 
18 60 22 87 68 22 
87 68 22 6 68 20 
6 68 20 41 78 24 
41 78 24 54 86 31 
54 86 31 35 89 39 
35 89 39 71 98 36 
71 98 36 77 100 34 
77 100 34 33 99 30 
33 99 30 17 100 27 
17 100 27 55 55 35 
55 55 35 53 62 40 
53 62 40 42 55 46 
42 55 46 23 50 50 
23 50 50 26 43 53 
26 43 53 8 49 62 
8 49 62 13 45 66 
13 45 66 3 48 68 
3 48 68 74 47 71 
74 47 71 47 51 72 
47 51 72 36 49 79 
36 49 79 9 51 86 
9 51 86 45 46 88 
45 46 88 51 45 89 
51 45 89 95 40 86 
95 40 86 10 37 84 
10 37 84 29 34 83 
29 34 83 48 31 80 
48 31 80 61 21 85 
61 21 85 12 7 89 
12 7 89 81 1 84 
81 1 84 28 42 93 
28 42 93 34 39 97 
34 39 97 90 34 95 
90 34 95 7 26 99 
7 26 99 83 46 87 
83 46 87 52 55 89 
52 55 89 68 60 91 
68 60 91 63 65 89 
63 65 89 66 63 83 
66 63 83 30 70 79 
30 70 79 97 75 86 
97 75 86 32 73 71 
32 73 71 21 71 69 
21 71 69 44 54 101 
44 54 101 92 38 62 
92 38 62 38 57 61 
38 57 61 11 60 63 
11 60 63 40 64 57 
40 64 57 88 74 56 
88 74 56 2 71 48 
2 71 48 25 73 40 
25 73 40 64 86 60 
64 86 60 56 86 58 
56 86 58 85 92 59 
85 92 59 99 93 64 
99 93 64 37 100 62 
37 100 62 1 95 73 
1 95 73 78 98 94 
78 98 94 31 76 4 
31 76 4 16 86 4 
16 86 4 50 97 3 
50 97 3 62 97 9 
62 97 9 14 30 4 
14 30 4 69 23 2 
69 23 2 76 13 9 
76 13 9 20 14 8 
20 14 8 58 7 44 
58 7 44 43 14 52 
43 14 52 57 16 51 
57 16 51 98 16 63 
98 16 63 100 22 66 
100 22 66 94 21 71 
94 21 71 59 14 73 
59 14 73 73 10 70 
73 10 70 79 9 69 
79 9 69 24 11 33