11 49 29 33 49 29 
33 49 29 10 46 33 
10 46 33 15 45 32 
15 45 32 8 40 30 
8 40 30 40 33 25 
40 33 25 27 33 21 
27 33 21 38 25 15 
38 25 15 35 26 10 
35 26 10 21 25 6 
21 25 6 25 29 3 
25 29 3 4 39 6 
4 39 6 45 39 4 
45 39 4 18 44 4 
18 44 4 39 49 3 
39 49 3 3 20 6 
3 20 6 17 45 38 
17 45 38 44 43 42 
44 43 42 32 41 42 
32 41 42 34 37 44 
34 37 44 16 37 45 
16 37 45 5 30 49 
5 30 49 37 26 49 
37 26 49 20 24 44 
20 24 44 26 22 36 
26 22 36 48 23 33 
48 23 33 28 17 32 
28 17 32 24 14 26 
24 14 26 7 13 23 
7 13 23 23 11 15 
23 11 15 19 5 15 
19 5 15 30 4 11 
30 4 11 9 2 11 
9 2 11 1 1 8 
1 1 8 41 8 6 
41 8 6 0 8 4 
0 8 4 42 10 3 
42 10 3 2 9 1 
2 9 1 22 11 28 
22 11 28 31 4 32 
31 4 32 6 3 25 
6 3 25 14 12 37 
14 12 37 12 8 41 
12 8 41 36 9 42 
36 9 42 29 15 41 
29 15 41 47 24 25 
47 24 25 43 46 23 
43 46 23 13 42 19 
13 42 19 46 44 17 
46 44 17 49 49 17 
49 49 17 11 49 29