68 6 4 27 7 5 
27 7 5 34 9 2 
34 9 2 73 10 3 
73 10 3 59 12 3 
59 12 3 8 13 10 
8 13 10 52 19 22 
52 19 22 25 21 26 
25 21 26 66 27 30 
66 27 30 30 25 32 
30 25 32 54 23 36 
54 23 36 45 22 35 
45 22 35 61 14 38 
61 14 38 62 30 40 
62 30 40 70 35 46 
70 35 46 1 30 50 
1 30 50 11 24 50 
11 24 50 43 14 53 
43 14 53 65 5 52 
65 5 52 57 4 47 
57 4 47 77 0 60 
77 0 60 44 30 58 
44 30 58 42 35 65 
42 35 65 46 42 64 
46 42 64 40 49 69 
40 49 69 2 51 73 
2 51 73 5 53 81 
5 53 81 85 67 73 
85 67 73 63 75 70 
63 75 70 20 82 72 
20 82 72 3 85 60 
3 85 60 53 72 60 
53 72 60 16 71 47 
16 71 47 48 71 45 
48 71 45 51 69 44 
51 69 44 69 62 37 
69 62 37 75 63 32 
75 63 32 71 58 27 
71 58 27 7 52 35 
7 52 35 41 48 35 
41 48 35 21 47 31 
21 47 31 13 76 44 
13 76 44 49 80 46 
49 80 46 22 81 37 
22 81 37 35 83 31 
35 83 31 56 85 30 
56 85 30 38 80 23 
38 80 23 55 85 22 
55 85 22 18 75 23 
18 75 23 26 76 18 
26 76 18 12 82 13 
12 82 13 60 79 5 
60 79 5 6 78 6 
6 78 6 47 77 3 
47 77 3 72 76 3 
72 76 3 67 78 0 
67 78 0 74 73 4 
74 73 4 19 72 1 
19 72 1 29 67 5 
29 67 5 9 63 9 
9 63 9 79 65 11 
79 65 11 78 63 12 
78 63 12 14 52 14 
14 52 14 33 74 82 
33 74 82 24 50 56 
24 50 56 36 39 74 
36 39 74 0 36 83 
0 36 83 31 28 76 
31 28 76 76 21 79 
76 21 79 10 13 69 
10 13 69 84 11 71 
84 11 71 83 7 73 
83 7 73 17 3 83 
17 3 83 37 31 26 
37 31 26 32 27 18 
32 27 18 23 32 18 
23 32 18 81 33 16 
81 33 16 4 27 10 
4 27 10 28 14 27 
28 14 27 80 7 27 
80 7 27 58 2 24 
58 2 24 39 5 22 
39 5 22 50 0 28 
50 0 28 64 1 28 
64 1 28 15 3 34 
15 3 34 82 6 37 
82 6 37 68 6 4