15 34 17 11 34 18 
11 34 18 6 32 17 
6 32 17 16 29 16 
16 29 16 32 27 15 
32 27 15 23 27 13 
23 27 13 31 25 8 
31 25 8 12 26 4 
12 26 4 3 26 3 
3 26 3 34 29 0 
34 29 0 8 20 7 
8 20 7 2 19 10 
2 19 10 7 20 15 
7 20 15 17 11 13 
17 11 13 22 7 5 
22 7 5 4 9 2 
4 9 2 25 0 5 
25 0 5 29 3 17 
29 3 17 21 1 18 
21 1 18 33 0 21 
33 0 21 24 33 9 
24 33 9 26 26 22 
26 26 22 14 28 24 
14 28 24 5 34 29 
5 34 29 27 28 32 
27 28 32 30 23 23 
30 23 23 20 19 25 
20 19 25 13 14 26 
13 14 26 19 11 25 
19 11 25 18 14 29 
18 14 29 0 14 32 
0 14 32 9 9 32 
9 9 32 28 6 32 
28 6 32 1 6 30 
1 6 30 10 0 34 
10 0 34 15 34 17