52 6 100 3 6 100 
3 6 100 16 5 104 
16 5 104 108 7 114 
108 7 114 32 9 115 
32 9 115 80 19 121 
80 19 121 57 29 124 
57 29 124 85 36 127 
85 36 127 109 31 116 
109 31 116 77 29 108 
77 29 108 42 24 101 
42 24 101 84 26 98 
84 26 98 102 27 87 
102 27 87 7 24 87 
7 24 87 93 20 87 
93 20 87 96 19 84 
96 19 84 61 15 69 
61 15 69 66 11 67 
66 11 67 28 15 63 
28 15 63 73 16 61 
73 16 61 107 15 54 
107 15 54 95 11 48 
95 11 48 38 7 55 
38 7 55 69 0 61 
69 0 61 11 18 43 
11 18 43 34 24 31 
34 24 31 24 31 31 
24 31 31 122 29 25 
122 29 25 92 22 21 
92 22 21 41 25 14 
41 25 14 128 37 9 
128 37 9 68 45 5 
68 45 5 49 45 2 
49 45 2 76 45 12 
76 45 12 88 55 17 
88 55 17 103 62 13 
103 62 13 105 57 9 
105 57 9 40 67 17 
40 67 17 30 75 22 
30 75 22 106 89 19 
106 89 19 125 89 27 
125 89 27 48 87 41 
48 87 41 25 93 47 
25 93 47 75 98 42 
75 98 42 54 99 40 
54 99 40 94 106 2 
94 106 2 115 109 0 
115 109 0 123 121 1 
123 121 1 56 124 0 
56 124 0 120 124 6 
120 124 6 101 123 6 
101 123 6 86 119 9 
86 119 9 112 116 11 
112 116 11 124 61 25 
124 61 25 110 68 33 
110 68 33 99 71 32 
99 71 32 127 67 44 
127 67 44 8 48 27 
8 48 27 4 7 19 
4 7 19 1 4 9 
1 4 9 64 12 1 
64 12 1 91 36 38 
91 36 38 19 40 41 
19 40 41 118 38 44 
118 38 44 83 37 44 
83 37 44 87 41 48 
87 41 48 2 36 54 
2 36 54 100 30 50 
100 30 50 36 44 60 
36 44 60 71 54 62 
71 54 62 74 65 68 
74 65 68 59 66 64 
59 66 64 29 70 64 
29 70 64 121 71 73 
121 71 73 39 77 80 
39 77 80 51 86 78 
51 86 78 89 91 77 
89 91 77 22 91 68 
22 91 68 10 88 63 
10 88 63 114 84 64 
114 84 64 126 83 62 
126 83 62 26 82 64 
26 82 64 20 82 65 
20 82 65 47 85 68 
47 85 68 116 95 63 
116 95 63 13 102 62 
13 102 62 35 114 64 
35 114 64 0 123 67 
0 123 67 67 122 69 
67 122 69 63 116 52 
63 116 52 111 115 40 
111 115 40 15 83 88 
15 83 88 45 91 88 
45 91 88 117 103 90 
117 103 90 98 108 86 
98 108 86 82 111 94 
82 111 94 23 118 92 
23 118 92 70 120 87 
70 120 87 37 122 88 
37 122 88 79 125 84 
79 125 84 46 122 105 
46 122 105 17 123 105 
17 123 105 62 127 108 
62 127 108 90 118 110 
90 118 110 6 113 118 
6 113 118 113 109 116 
113 109 116 18 118 122 
18 118 122 55 112 125 
55 112 125 72 97 99 
72 97 99 78 94 104 
78 94 104 65 96 111 
65 96 111 31 90 120 
31 90 120 43 85 116 
43 85 116 50 84 113 
50 84 113 81 97 122 
81 97 122 33 2 45 
33 2 45 119 34 79 
119 34 79 12 30 73 
12 30 73 58 39 86 
58 39 86 104 43 91 
104 43 91 60 47 88 
60 47 88 5 44 81 
5 44 81 27 57 84 
27 57 84 21 63 90 
21 63 90 53 53 96 
53 53 96 9 58 105 
9 58 105 44 59 106 
44 59 106 14 57 115 
14 57 115 97 0 113 
97 0 113 52 6 100