37 26 42 78 27 41 
78 27 41 73 35 45 
73 35 45 88 36 57 
88 36 57 53 30 64 
53 30 64 130 24 59 
130 24 59 117 17 52 
117 17 52 21 8 51 
21 8 51 85 5 47 
85 5 47 54 46 60 
54 46 60 95 53 49 
95 53 49 134 64 55 
134 64 55 11 62 64 
11 62 64 126 72 66 
126 72 66 72 69 73 
72 69 73 75 66 74 
75 66 74 13 68 80 
13 68 80 140 77 81 
140 77 81 39 82 83 
39 82 83 144 80 88 
144 80 88 34 84 91 
34 84 91 42 83 94 
42 83 94 40 76 94 
40 76 94 32 66 94 
32 66 94 87 65 90 
87 65 90 14 61 100 
14 61 100 131 68 102 
131 68 102 10 80 108 
10 80 108 93 72 115 
93 72 115 65 65 121 
65 65 121 90 58 124 
90 58 124 94 58 121 
94 58 121 113 60 132 
113 60 132 35 63 132 
35 63 132 122 66 133 
122 66 133 30 72 147 
30 72 147 111 49 131 
111 49 131 84 40 139 
84 40 139 70 38 144 
70 38 144 115 31 140 
115 31 140 57 28 136 
57 28 136 77 28 131 
77 28 131 7 36 129 
7 36 129 119 33 116 
119 33 116 26 32 111 
26 32 111 127 43 115 
127 43 115 106 19 140 
106 19 140 92 15 135 
92 15 135 55 16 133 
55 16 133 128 8 128 
128 8 128 147 6 124 
147 6 124 64 14 120 
64 14 120 124 14 116 
124 14 116 4 19 111 
4 19 111 27 16 99 
27 16 99 38 22 93 
38 22 93 148 30 86 
148 30 86 28 32 94 
28 32 94 51 3 115 
51 3 115 104 2 129 
104 2 129 24 10 147 
24 10 147 137 87 116 
137 87 116 105 55 92 
105 55 92 143 47 86 
143 47 86 6 54 78 
6 54 78 41 75 47 
41 75 47 0 83 49 
0 83 49 121 90 54 
121 90 54 63 99 48 
63 99 48 103 105 45 
103 105 45 120 110 50 
120 110 50 135 116 45 
135 116 45 49 117 41 
49 117 41 16 126 33 
16 126 33 23 116 28 
23 116 28 118 106 21 
118 106 21 81 100 14 
81 100 14 17 92 18 
17 92 18 71 82 10 
71 82 10 99 64 2 
99 64 2 112 56 2 
112 56 2 76 100 0 
76 100 0 110 116 0 
110 116 0 101 117 4 
101 117 4 116 131 10 
116 131 10 31 132 7 
31 132 7 59 144 6 
59 144 6 19 130 14 
19 130 14 22 130 50 
22 130 50 89 134 56 
89 134 56 68 139 55 
68 139 55 25 146 56 
25 146 56 109 149 65 
109 149 65 47 144 42 
47 144 42 58 111 60 
58 111 60 123 116 63 
123 116 63 82 110 71 
82 110 71 146 108 79 
146 108 79 2 118 80 
2 118 80 149 124 79 
149 124 79 44 132 77 
44 132 77 62 133 71 
62 133 71 43 144 86 
43 144 86 79 145 89 
79 145 89 108 144 99 
108 144 99 45 146 101 
45 146 101 80 130 102 
80 130 102 142 120 105 
142 120 105 20 114 112 
20 114 112 139 122 121 
139 122 121 133 126 123 
133 126 123 102 129 115 
102 129 115 36 126 133 
36 126 133 48 120 135 
48 120 135 141 136 136 
141 136 136 50 135 142 
50 135 142 9 149 143 
9 149 143 107 141 129 
107 141 129 29 141 128 
29 141 128 125 141 116 
125 141 116 145 108 126 
145 108 126 86 98 137 
86 98 137 60 94 142 
60 94 142 66 87 140 
66 87 140 1 85 134 
1 85 134 129 104 140 
129 104 140 138 104 148 
138 104 148 15 102 93 
15 102 93 67 102 100 
67 102 100 91 99 104 
91 99 104 5 102 58 
5 102 58 98 98 37 
98 98 37 18 78 38 
18 78 38 52 78 31 
52 78 31 132 73 30 
132 73 30 97 69 39 
97 69 39 61 63 30 
61 63 30 69 52 26 
69 52 26 100 27 27 
100 27 27 136 26 25 
136 26 25 96 28 19 
96 28 19 74 36 14 
74 36 14 56 38 15 
56 38 15 12 26 4 
12 26 4 8 27 1 
8 27 1 33 17 6 
33 17 6 46 14 8 
46 14 8 114 8 9 
114 8 9 3 8 1 
3 8 1 83 1 20 
83 1 20 37 26 42