24 47 31 43 47 31 
43 47 31 75 51 34 
75 51 34 77 48 38 
77 48 38 49 54 47 
49 54 47 19 46 54 
19 46 54 82 39 63 
82 39 63 12 34 65 
12 34 65 48 30 59 
48 30 59 79 22 53 
79 22 53 90 25 50 
90 25 50 83 27 49 
83 27 49 11 29 43 
11 29 43 18 9 47 
18 9 47 34 3 41 
34 3 41 80 1 37 
80 1 37 27 2 30 
27 2 30 8 5 19 
8 5 19 93 13 22 
93 13 22 4 25 12 
4 25 12 61 17 6 
61 17 6 50 3 58 
50 3 58 7 41 71 
7 41 71 70 46 77 
70 46 77 16 39 83 
16 39 83 13 34 86 
13 34 86 94 27 87 
94 27 87 59 17 81 
59 17 81 81 11 88 
81 11 88 86 13 92 
86 13 92 33 17 98 
33 17 98 52 21 102 
52 21 102 25 5 100 
25 5 100 64 2 100 
64 2 100 78 15 71 
78 15 71 44 22 68 
44 22 68 88 45 91 
88 45 91 35 44 95 
35 44 95 87 33 99 
87 33 99 46 34 102 
46 34 102 72 55 85 
72 55 85 58 56 93 
58 56 93 37 65 98 
37 65 98 100 71 97 
100 71 97 0 51 24 
0 51 24 95 53 22 
95 53 22 5 55 17 
5 55 17 36 63 13 
36 63 13 21 69 11 
21 69 11 2 59 27 
2 59 27 73 62 32 
73 62 32 15 65 32 
15 65 32 51 66 30 
51 66 30 71 65 27 
71 65 27 54 72 37 
54 72 37 84 71 41 
84 71 41 28 73 42 
28 73 42 1 67 46 
1 67 46 6 70 51 
6 70 51 89 70 52 
89 70 52 62 74 54 
62 74 54 57 75 57 
57 75 57 56 78 49 
56 78 49 60 88 51 
60 88 51 10 94 55 
10 94 55 63 98 58 
63 98 58 26 98 62 
26 98 62 92 102 79 
92 102 79 39 102 84 
39 102 84 67 92 93 
67 92 93 22 99 97 
22 99 97 98 92 61 
98 92 61 91 83 63 
91 83 63 42 73 67 
42 73 67 30 73 72 
30 73 72 40 75 74 
40 75 74 45 72 79 
45 72 79 53 70 81 
53 70 81 14 69 80 
14 69 80 68 63 68 
68 63 68 55 58 68 
55 58 68 3 88 43 
3 88 43 65 83 34 
65 83 34 31 89 27 
31 89 27 76 98 32 
76 98 32 96 100 40 
96 100 40 47 99 42 
47 99 42 101 101 43 
101 101 43 38 101 46 
38 101 46 102 97 20 
102 97 20 97 95 17 
97 95 17 85 96 12 
85 96 12 74 89 5 
74 89 5 41 89 3 
41 89 3 29 85 2 
29 85 2 23 102 16 
23 102 16 9 62 23 
9 62 23 66 47 20 
66 47 20 32 42 18 
32 42 18 20 39 22 
20 39 22 99 49 13 
99 49 13 69 48 2 
69 48 2 17 38 1 
17 38 1 24 47 31