12 25 3 22 25 3 
22 25 3 8 30 7 
8 30 7 38 32 7 
38 32 7 33 31 2 
33 31 2 13 32 2 
13 32 2 1 33 0 
1 33 0 5 40 8 
5 40 8 28 27 10 
28 27 10 4 26 12 
4 26 12 16 30 14 
16 30 14 23 20 15 
23 20 15 32 18 12 
32 18 12 30 18 11 
30 18 11 20 24 18 
20 24 18 11 25 24 
11 25 24 3 26 30 
3 26 30 2 30 33 
2 30 33 25 30 35 
25 30 35 17 34 33 
17 34 33 21 35 31 
21 35 31 7 35 29 
7 35 29 19 34 21 
19 34 21 6 34 36 
6 34 36 37 19 36 
37 19 36 14 18 37 
14 18 37 39 16 38 
39 16 38 29 10 39 
29 10 39 31 9 37 
31 9 37 15 8 30 
15 8 30 18 14 23 
18 14 23 24 9 21 
24 9 21 36 4 15 
36 4 15 40 2 12 
40 2 12 35 7 13 
35 7 13 9 8 8 
9 8 8 10 10 5 
10 10 5 26 8 4 
26 8 4 0 4 6 
0 4 6 34 1 22 
34 1 22 27 25 1 
27 25 1 12 25 3