10 126 44 89 126 44 
89 126 44 48 116 47 
48 116 47 59 114 39 
59 114 39 100 111 56 
100 111 56 124 107 60 
124 107 60 115 101 71 
115 101 71 118 92 72 
118 92 72 73 86 67 
73 86 67 104 86 66 
104 86 66 14 93 57 
14 93 57 112 89 47 
112 89 47 91 94 44 
91 94 44 31 95 41 
31 95 41 69 102 36 
69 102 36 26 93 32 
26 93 32 32 94 30 
32 94 30 45 91 25 
45 91 25 55 86 21 
55 86 21 80 101 26 
80 101 26 113 102 17 
113 102 17 58 113 16 
58 113 16 8 121 20 
8 121 20 128 122 21 
128 122 21 21 91 31 
21 91 31 102 83 29 
102 83 29 33 78 30 
33 78 30 47 68 29 
47 68 29 120 70 24 
120 70 24 28 65 24 
28 65 24 5 64 12 
5 64 12 71 80 47 
71 80 47 72 96 81 
72 96 81 51 96 95 
51 96 95 53 98 99 
53 98 99 86 100 106 
86 100 106 103 102 112 
103 102 112 37 106 101 
37 106 101 50 106 97 
50 106 97 67 119 99 
67 119 99 12 128 103 
12 128 103 64 124 112 
64 124 112 52 128 113 
52 128 113 0 117 111 
0 117 111 56 117 124 
56 117 124 94 112 126 
94 112 126 61 111 125 
61 111 125 13 109 127 
13 109 127 111 90 96 
111 90 96 42 85 98 
42 85 98 123 76 109 
123 76 109 98 67 105 
98 67 105 44 57 108 
44 57 108 95 50 106 
95 50 106 60 46 98 
60 46 98 38 41 102 
38 41 102 63 42 104 
63 42 104 6 37 99 
6 37 99 92 30 100 
92 30 100 46 23 90 
46 23 90 41 24 76 
41 24 76 126 24 66 
126 24 66 129 13 61 
129 13 61 20 9 67 
20 9 67 110 2 68 
110 2 68 39 18 54 
39 18 54 119 8 50 
119 8 50 1 1 40 
1 1 40 29 7 36 
29 7 36 83 18 38 
83 18 38 114 29 33 
114 29 33 116 39 34 
116 39 34 99 40 27 
99 40 27 22 37 24 
22 37 24 79 32 13 
79 32 13 106 40 9 
106 40 9 57 44 10 
57 44 10 18 39 0 
18 39 0 15 45 24 
15 45 24 125 46 29 
125 46 29 3 48 30 
3 48 30 82 47 33 
82 47 33 19 47 40 
19 47 40 105 47 42 
105 47 42 130 50 46 
130 50 46 30 45 56 
30 45 56 88 53 34 
88 53 34 75 23 22 
75 23 22 85 30 46 
85 30 46 66 2 14 
66 2 14 84 8 3 
84 8 3 101 23 113 
101 23 113 2 18 114 
2 18 114 23 19 110 
23 19 110 24 9 111 
24 9 111 87 2 110 
87 2 110 90 2 113 
90 2 113 122 1 129 
122 1 129 43 5 100 
43 5 100 77 2 96 
77 2 96 4 31 121 
4 31 121 35 32 124 
35 32 124 16 22 129 
16 22 129 70 18 128 
70 18 128 108 44 126 
108 44 126 7 45 91 
7 45 91 17 53 88 
17 53 88 96 58 86 
96 58 86 9 58 83 
9 58 83 40 53 76 
40 53 76 74 60 65 
74 60 65 54 64 58 
54 64 58 65 39 84 
65 39 84 76 38 73 
76 38 73 121 60 115 
121 60 115 62 85 115 
62 85 115 27 85 117 
27 85 117 11 85 120 
11 85 120 117 88 127 
117 88 127 93 87 128 
93 87 128 25 91 130 
25 91 130 97 77 130 
97 77 130 127 75 123 
127 75 123 36 76 86 
36 76 86 78 113 73 
78 113 73 34 117 69 
34 117 69 49 118 70 
49 118 70 109 123 69 
109 123 69 107 126 59 
107 126 59 81 129 58 
81 129 58 68 118 82 
68 118 82 10 126 44