37 116 53 61 117 54 
61 117 54 46 122 58 
46 122 58 147 125 56 
147 125 56 100 134 57 
100 134 57 141 144 52 
141 144 52 145 139 45 
145 139 45 88 142 36 
88 142 36 72 149 38 
72 149 38 115 149 37 
115 149 37 32 145 28 
32 145 28 10 148 26 
10 148 26 5 133 32 
5 133 32 25 134 30 
25 134 30 107 134 23 
107 134 23 18 136 21 
18 136 21 12 138 18 
12 138 18 20 130 15 
20 130 15 79 130 12 
79 130 12 121 130 10 
121 130 10 43 128 10 
43 128 10 101 125 12 
101 125 12 22 115 11 
22 115 11 58 115 17 
58 115 17 69 112 27 
69 112 27 104 113 27 
104 113 27 64 119 37 
64 119 37 78 121 36 
78 121 36 125 120 39 
125 120 39 94 111 39 
94 111 39 139 101 26 
139 101 26 48 89 27 
48 89 27 95 86 26 
95 86 26 96 84 18 
96 84 18 44 75 10 
44 75 10 13 72 10 
13 72 10 52 61 6 
52 61 6 129 51 12 
129 51 12 142 44 13 
142 44 13 86 40 14 
86 40 14 109 32 22 
109 32 22 93 19 21 
93 19 21 91 10 19 
91 10 19 50 11 13 
50 11 13 27 9 2 
27 9 2 16 22 6 
16 22 6 2 23 2 
2 23 2 21 2 25 
21 2 25 35 36 37 
35 36 37 118 27 44 
118 27 44 1 35 55 
1 35 55 128 38 60 
128 38 60 131 30 67 
131 30 67 9 23 64 
9 23 64 132 21 71 
132 21 71 15 17 69 
15 17 69 82 11 56 
82 11 56 98 4 49 
98 4 49 29 5 77 
29 5 77 92 4 77 
92 4 77 99 2 75 
99 2 75 33 40 79 
33 40 79 90 47 81 
90 47 81 40 28 88 
40 28 88 55 28 95 
55 28 95 151 23 97 
151 23 97 89 16 92 
89 16 92 114 16 93 
114 16 93 135 15 94 
135 15 94 73 14 99 
73 14 99 68 16 107 
68 16 107 87 13 108 
87 13 108 60 6 113 
60 6 113 116 1 115 
116 1 115 39 15 121 
39 15 121 83 17 131 
83 17 131 127 25 136 
127 25 136 102 26 136 
102 26 136 49 9 140 
49 9 140 23 3 140 
23 3 140 26 1 140 
26 1 140 117 25 105 
117 25 105 120 30 108 
120 30 108 144 29 112 
144 29 112 51 30 122 
51 30 122 146 36 125 
146 36 125 67 39 137 
67 39 137 17 41 147 
17 41 147 19 35 150 
19 35 150 30 54 141 
30 54 141 143 53 133 
143 53 133 59 63 121 
59 63 121 62 71 121 
62 71 121 112 76 133 
112 76 133 97 82 128 
97 82 128 8 87 127 
8 87 127 124 91 124 
124 91 124 126 98 124 
126 98 124 81 105 123 
81 105 123 4 112 119 
4 112 119 103 113 108 
103 113 108 110 111 92 
110 111 92 14 109 87 
14 109 87 133 112 82 
133 112 82 85 101 114 
85 101 114 149 109 133 
149 109 133 45 111 143 
45 111 143 57 125 142 
57 125 142 3 140 134 
3 140 134 150 140 128 
150 140 128 28 137 115 
28 137 115 130 135 109 
130 135 109 123 137 106 
123 137 106 70 130 94 
70 130 94 136 140 86 
136 140 86 84 137 83 
84 137 83 148 150 84 
148 150 84 47 147 75 
47 147 75 77 146 143 
77 146 143 108 98 137 
108 98 137 6 96 137 
6 96 137 80 88 141 
80 88 141 42 84 113 
42 84 113 140 80 98 
140 80 98 7 84 98 
7 84 98 11 63 110 
11 63 110 71 59 103 
71 59 103 134 64 95 
134 64 95 74 40 108 
74 40 108 24 47 65 
24 47 65 34 43 52 
34 43 52 111 56 48 
111 56 48 38 62 48 
38 62 48 41 63 54 
41 63 54 76 67 54 
76 67 54 119 70 48 
119 70 48 56 79 55 
56 79 55 66 81 67 
66 81 67 138 85 43 
138 85 43 75 93 50 
75 93 50 65 97 58 
65 97 58 137 97 65 
137 97 65 31 97 73 
31 97 73 106 52 33 
106 52 33 54 40 7 
54 40 7 63 40 5 
63 40 5 105 43 2 
105 43 2 0 83 0 
0 83 0 53 88 5 
53 88 5 113 73 28 
113 73 28 122 69 30 
122 69 30 36 112 63 
36 112 63 37 116 53