29 130 22 101 130 22 
101 130 22 59 140 26 
59 140 26 139 153 20 
139 153 20 28 155 15 
28 155 15 132 154 5 
132 154 5 60 126 27 
60 126 27 75 129 30 
75 129 30 83 135 35 
83 135 35 42 136 36 
42 136 36 140 152 41 
140 152 41 44 119 33 
44 119 33 150 115 26 
150 115 26 67 111 23 
67 111 23 131 111 42 
131 111 42 72 105 44 
72 105 44 96 107 49 
96 107 49 91 106 57 
91 106 57 155 123 53 
155 123 53 45 138 60 
45 138 60 111 147 71 
111 147 71 73 149 78 
73 149 78 14 157 71 
14 157 71 78 132 73 
78 132 73 26 100 38 
26 100 38 71 96 39 
71 96 39 100 90 44 
100 90 44 10 86 46 
10 86 46 36 92 51 
36 92 51 17 84 64 
17 84 64 151 78 68 
151 78 68 82 70 68 
82 70 68 74 72 61 
74 72 61 35 68 60 
35 68 60 90 66 47 
90 66 47 95 71 34 
95 71 34 18 59 70 
18 59 70 43 51 72 
43 51 72 57 57 79 
57 57 79 47 62 80 
47 62 80 84 65 79 
84 65 79 147 73 81 
147 73 81 142 79 86 
142 79 86 109 82 86 
109 82 86 9 85 79 
9 85 79 20 87 77 
20 87 77 149 95 85 
149 95 85 58 98 87 
58 98 87 50 104 94 
50 104 94 5 103 102 
5 103 102 27 105 104 
27 105 104 94 107 108 
94 107 108 63 109 113 
63 109 113 8 119 110 
8 119 110 103 129 112 
103 129 112 130 136 112 
130 136 112 41 140 108 
41 140 108 24 145 105 
24 145 105 68 145 97 
68 145 97 65 129 122 
65 129 122 54 126 130 
54 126 130 61 119 129 
61 119 129 7 108 138 
7 108 138 51 102 133 
51 102 133 158 96 137 
158 96 137 99 94 137 
99 94 137 120 99 150 
120 99 150 115 115 153 
115 115 153 12 126 154 
12 126 154 154 133 155 
154 133 155 46 144 156 
46 144 156 13 148 147 
13 148 147 118 158 132 
118 158 132 143 100 124 
143 100 124 79 116 89 
79 116 89 81 110 76 
81 110 76 56 61 85 
56 61 85 38 66 93 
38 66 93 127 61 107 
127 61 107 122 54 116 
122 54 116 11 46 118 
11 46 118 25 43 111 
25 43 111 124 40 112 
124 40 112 108 34 115 
108 34 115 104 32 108 
104 32 108 89 27 111 
89 27 111 87 24 108 
87 24 108 129 17 103 
129 17 103 117 16 101 
117 16 101 138 12 99 
138 12 99 144 14 89 
144 14 89 64 8 85 
64 8 85 2 18 82 
2 18 82 77 28 84 
77 28 84 85 29 83 
85 29 83 153 31 77 
153 31 77 125 28 74 
125 28 74 121 17 71 
121 17 71 88 10 61 
88 10 61 6 2 56 
6 2 56 69 37 74 
69 37 74 110 34 67 
110 34 67 31 35 59 
31 35 59 49 32 89 
49 32 89 148 37 96 
148 37 96 86 14 105 
86 14 105 112 9 117 
112 9 117 133 26 117 
133 26 117 40 29 123 
40 29 123 93 25 130 
93 25 130 16 21 131 
16 21 131 98 4 136 
98 4 136 62 0 138 
62 0 138 137 1 146 
137 1 146 53 14 154 
53 14 154 80 18 154 
80 18 154 116 21 157 
116 21 157 55 45 134 
55 45 134 156 63 138 
156 63 138 33 68 135 
33 68 135 157 71 137 
157 71 137 32 76 142 
32 76 142 39 75 143 
39 75 143 128 77 129 
128 77 129 3 67 144 
3 67 144 30 65 147 
30 65 147 48 58 157 
48 58 157 135 50 152 
135 50 152 1 48 155 
1 48 155 113 56 61 
113 56 61 119 48 53 
119 48 53 107 40 44 
107 40 44 106 29 39 
106 29 39 126 20 44 
126 20 44 76 20 49 
76 20 49 4 10 39 
4 10 39 105 9 30 
105 9 30 52 37 30 
52 37 30 19 38 26 
19 38 26 92 45 18 
92 45 18 22 54 12 
22 54 12 66 59 8 
66 59 8 141 66 12 
141 66 12 146 67 18 
146 67 18 102 69 20 
102 69 20 23 60 23 
23 60 23 145 81 8 
145 81 8 114 84 6 
114 84 6 134 89 4 
134 89 4 97 91 3 
97 91 3 37 102 2 
37 102 2 21 105 1 
21 105 1 70 86 13 
70 86 13 15 23 27 
15 23 27 152 19 15 
152 19 15 136 25 11 
136 25 11 123 11 11 
123 11 11 34 7 7 
34 7 7 0 129 9 
0 129 9 29 130 22