11 2 32 6 1 33 
6 1 33 27 4 27 
27 4 27 4 7 22 
4 7 22 60 14 20 
60 14 20 1 21 18 
1 21 18 5 20 13 
5 20 13 39 21 13 
39 21 13 24 25 4 
24 25 4 12 33 7 
12 33 7 32 38 2 
32 38 2 50 41 0 
50 41 0 67 12 8 
67 12 8 14 4 10 
14 4 10 47 1 12 
47 1 12 8 27 19 
8 27 19 57 29 21 
57 29 21 9 27 23 
9 27 23 21 30 24 
21 30 24 13 32 33 
13 32 33 56 22 39 
56 22 39 35 19 34 
35 19 34 17 15 35 
17 15 35 68 26 44 
68 26 44 19 23 47 
19 23 47 16 15 45 
16 15 45 31 8 48 
31 8 48 26 9 50 
26 9 50 42 18 59 
42 18 59 62 18 68 
62 18 68 34 5 67 
34 5 67 61 2 65 
61 2 65 54 33 47 
54 33 47 33 30 52 
33 30 52 59 37 56 
59 37 56 55 34 68 
55 34 68 10 44 45 
10 44 45 45 49 42 
45 49 42 51 52 43 
51 52 43 48 54 44 
48 54 44 43 55 45 
43 55 45 15 55 50 
15 55 50 58 52 51 
58 52 51 23 50 49 
23 50 49 41 51 55 
41 51 55 38 49 60 
38 49 60 64 49 67 
64 49 67 30 58 57 
30 58 57 20 63 68 
20 63 68 7 64 42 
7 64 42 65 65 39 
65 65 39 37 61 37 
37 61 37 36 31 21 
36 31 21 49 36 22 
49 36 22 25 41 21 
25 41 21 46 40 17 
46 40 17 2 39 16 
2 39 16 0 44 17 
0 44 17 44 55 12 
44 55 12 63 59 13 
63 59 13 18 61 15 
18 61 15 28 66 17 
28 66 17 40 55 6 
40 55 6 66 61 4 
66 61 4 53 63 6 
53 63 6 29 67 9 
29 67 9 22 54 0 
22 54 0 52 48 28 
52 48 28 3 0 22 
3 0 22 11 2 32