100 154 107 107 154 107 
107 154 107 128 154 98 
128 154 98 138 143 89 
138 143 89 9 135 91 
9 135 91 85 134 89 
85 134 89 70 134 102 
70 134 102 126 138 114 
126 138 114 51 141 125 
51 141 125 78 158 140 
78 158 140 144 157 159 
144 157 159 122 148 82 
122 148 82 118 144 77 
118 144 77 73 141 72 
73 141 72 123 140 73 
123 140 73 61 139 69 
61 139 69 106 134 66 
106 134 66 111 135 60 
111 135 60 136 135 59 
136 135 59 76 135 57 
76 135 57 135 130 54 
135 130 54 12 120 56 
12 120 56 143 113 41 
143 113 41 58 113 33 
58 113 33 119 96 26 
119 96 26 8 84 27 
8 84 27 42 79 29 
42 79 29 124 70 38 
124 70 38 26 68 37 
26 68 37 29 60 38 
29 60 38 16 65 24 
16 65 24 149 63 19 
149 63 19 80 52 19 
80 52 19 6 47 15 
6 47 15 4 44 18 
4 44 18 75 42 12 
75 42 12 155 33 17 
155 33 17 92 31 9 
92 31 9 99 29 6 
99 29 6 152 13 5 
152 13 5 117 10 5 
117 10 5 21 1 3 
21 1 3 43 8 16 
43 8 16 13 36 31 
13 36 31 120 30 45 
120 30 45 34 38 49 
34 38 49 41 30 55 
41 30 55 38 20 67 
38 20 67 125 12 75 
125 12 75 44 15 52 
44 15 52 108 9 54 
108 9 54 137 4 57 
137 4 57 10 4 41 
10 4 41 33 4 34 
33 4 34 24 19 32 
24 19 32 64 38 73 
64 38 73 22 45 81 
22 45 81 94 46 85 
94 46 85 91 48 94 
91 48 94 7 49 79 
7 49 79 151 54 80 
151 54 80 139 62 78 
139 62 78 52 76 73 
52 76 73 133 73 66 
133 73 66 31 61 59 
31 61 59 146 87 53 
146 87 53 39 94 46 
39 94 46 0 98 58 
0 98 58 28 100 57 
28 100 57 45 82 84 
45 82 84 15 89 82 
15 89 82 153 97 79 
153 97 79 68 81 100 
68 81 100 60 80 101 
60 80 101 30 32 81 
30 32 81 2 32 87 
2 32 87 1 32 93 
1 32 93 20 30 93 
20 30 93 90 21 98 
90 21 98 14 16 98 
14 16 98 156 8 97 
156 8 97 18 6 97 
18 6 97 35 3 111 
35 3 111 101 8 125 
101 8 125 40 1 131 
40 1 131 53 4 136 
53 4 136 131 1 142 
131 1 142 158 0 153 
158 0 153 36 8 152 
36 8 152 96 17 158 
96 17 158 55 30 157 
55 30 157 49 32 158 
49 32 158 27 46 159 
27 46 159 141 57 158 
141 57 158 54 17 147 
54 17 147 37 31 106 
37 31 106 95 35 112 
95 35 112 127 37 115 
127 37 115 88 34 117 
88 34 117 132 27 114 
132 27 114 159 37 124 
159 37 124 105 32 132 
105 32 132 110 28 131 
110 28 131 140 27 129 
140 27 129 5 23 124 
5 23 124 77 38 137 
77 38 137 82 39 136 
82 39 136 121 40 134 
121 40 134 63 35 143 
63 35 143 86 51 142 
86 51 142 62 61 134 
62 61 134 157 73 133 
157 73 133 130 76 133 
130 76 133 129 87 133 
129 87 133 67 89 127 
67 89 127 17 88 124 
17 88 124 57 90 117 
57 90 117 66 95 114 
66 95 114 3 103 119 
3 103 119 50 108 130 
50 108 130 81 113 130 
81 113 130 25 99 138 
25 99 138 145 103 143 
145 103 143 19 92 153 
19 92 153 104 90 151 
104 90 151 113 82 151 
113 82 151 93 74 147 
93 74 147 147 103 158 
147 103 158 32 117 149 
32 117 149 11 120 150 
11 120 150 71 126 159 
71 126 159 97 68 122 
97 68 122 98 46 116 
98 46 116 83 54 112 
83 54 112 134 61 105 
134 61 105 142 61 93 
142 61 93 46 48 126 
46 48 126 47 40 109 
47 40 109 148 35 94 
148 35 94 48 54 5 
48 54 5 87 64 4 
87 64 4 109 80 3 
109 80 3 114 105 0 
114 105 0 65 139 41 
65 139 41 84 142 41 
84 142 41 23 144 43 
23 144 43 102 144 39 
102 144 39 72 144 36 
72 144 36 59 142 31 
59 142 31 79 136 33 
79 136 33 154 138 23 
154 138 23 150 140 17 
150 140 17 74 139 17 
74 139 17 115 154 9 
115 154 9 56 157 3 
56 157 3 89 124 20 
89 124 20 69 151 31 
69 151 31 103 159 26 
103 159 26 116 123 70 
116 123 70 112 154 67 
112 154 67 100 154 107