62 33 19 30 32 19 
30 32 19 52 29 16 
52 29 16 23 29 15 
23 29 15 80 27 10 
80 27 10 49 23 9 
49 23 9 59 18 14 
59 18 14 37 15 13 
37 15 13 67 10 12 
67 10 12 12 15 7 
12 15 7 69 13 2 
69 13 2 18 7 3 
18 7 3 26 6 2 
26 6 2 77 3 0 
77 3 0 21 11 20 
21 11 20 36 10 26 
36 10 26 46 4 24 
46 4 24 48 4 25 
48 4 25 47 3 28 
47 3 28 34 1 16 
34 1 16 24 31 6 
24 31 6 33 28 1 
33 28 1 45 25 18 
45 25 18 3 23 21 
3 23 21 14 28 23 
14 28 23 42 24 28 
42 24 28 64 26 30 
64 26 30 25 31 30 
25 31 30 79 36 30 
79 36 30 8 35 25 
8 35 25 28 41 29 
28 41 29 55 43 26 
55 43 26 81 20 27 
81 20 27 38 17 37 
38 17 37 20 10 38 
20 10 38 43 11 46 
43 11 46 22 9 47 
22 9 47 75 1 44 
75 1 44 5 7 60 
5 7 60 39 1 62 
39 1 62 29 2 67 
29 2 67 68 6 67 
68 6 67 78 7 70 
78 7 70 13 11 71 
13 11 71 51 13 80 
51 13 80 58 19 65 
58 19 65 66 23 63 
66 23 63 41 26 67 
41 26 67 50 31 71 
50 31 71 17 35 71 
17 35 71 71 40 13 
71 40 13 61 44 8 
61 44 8 56 48 15 
56 48 15 11 52 13 
11 52 13 16 54 11 
16 54 11 74 54 8 
74 54 8 2 57 17 
2 57 17 1 62 25 
1 62 25 70 68 28 
70 68 28 35 69 32 
35 69 32 15 73 39 
15 73 39 40 71 43 
40 71 43 27 71 47 
27 71 47 6 73 51 
6 73 51 7 80 54 
7 80 54 54 81 64 
54 81 64 76 81 68 
76 81 68 19 79 79 
19 79 79 10 76 79 
10 76 79 0 65 56 
0 65 56 44 62 62 
44 62 62 57 60 69 
57 60 69 9 54 64 
9 54 64 63 51 55 
63 51 55 60 45 54 
60 45 54 72 54 46 
72 54 46 73 61 44 
73 61 44 4 67 68 
4 67 68 32 70 17 
32 70 17 31 71 15 
31 71 15 53 76 11 
53 76 11 65 73 3 
65 73 3 62 33 19