1 123 98 0 120 112 14
0 120 112 61 106 116 14
61 106 116 37 99 129 14
37 99 129 7 97 135 6
7 97 135 24 91 130 7
24 91 130 55 89 124 6
55 89 124 153 111 135 24
153 111 135 136 121 137 10
136 121 137 93 120 146 9
93 120 146 129 122 133 13
129 122 133 75 121 128 5
75 121 128 147 128 140 13
147 128 140 127 146 137 18
127 146 137 102 149 130 7
102 149 130 146 148 140 10
146 148 140 35 149 151 11
35 149 151 142 108 144 41
142 108 144 66 106 151 7
66 106 151 139 97 153 9
139 97 153 115 93 152 4
115 93 152 104 92 150 2
104 92 150 117 89 152 3
117 89 152 145 89 154 2
145 89 154 36 121 91 70
36 121 91 22 125 84 8
22 125 84 82 125 82 2
82 125 82 97 134 88 10
97 134 88 33 140 88 6
33 140 88 38 142 75 13
38 142 75 77 145 76 3
77 145 76 59 151 74 6
59 151 74 114 145 72 6
114 145 72 26 142 71 3
26 142 71 80 137 67 6
80 137 67 52 137 65 2
52 137 65 90 146 60 10
90 146 60 10 142 43 17
10 142 43 13 128 37 15
13 128 37 154 118 37 10
154 118 37 109 148 42 30
109 148 42 73 152 27 15
73 152 27 47 139 25 13
47 139 25 68 125 16 16
68 125 16 85 119 16 6
85 119 16 106 112 5 13
106 112 5 108 124 10 13
108 124 10 112 154 22 32
112 154 22 41 150 9 13
41 150 9 76 140 0 13
76 140 0 151 127 66 67
151 127 66 128 124 64 3
128 124 64 2 109 61 15
2 109 61 98 107 59 2
98 107 59 99 102 54 7
99 102 54 30 100 50 4
30 100 50 67 96 48 4
67 96 48 50 124 55 28
50 124 55 57 152 91 45
57 152 91 121 153 97 6
121 153 97 19 150 98 3
19 150 98 148 118 88 33
148 118 88 78 111 84 8
78 111 84 125 95 89 16
125 95 89 28 92 95 6
28 92 95 34 86 90 7
34 86 90 45 85 94 4
45 85 94 86 72 81 18
86 72 81 32 67 90 10
32 67 90 130 66 79 11
130 66 79 70 59 77 7
70 59 77 3 59 68 9
3 59 68 120 57 60 8
120 57 60 8 47 59 10
8 47 59 21 43 53 7
21 43 53 110 38 53 5
110 38 53 140 30 56 8
140 30 56 62 36 63 9
62 36 63 122 30 70 9
122 30 70 113 29 56 14
113 29 56 29 24 49 8
29 24 49 15 19 52 5
15 19 52 79 18 61 9
79 18 61 101 20 67 6
101 20 67 152 16 69 4
152 16 69 87 1 72 15
87 1 72 141 14 44 30
141 14 44 31 11 43 3
31 11 43 60 7 48 6
60 7 48 119 65 54 58
119 65 54 56 58 39 16
56 58 39 6 57 34 5
6 57 34 150 50 22 13
150 50 22 43 34 23 16
43 34 23 44 30 33 10
44 30 33 96 19 21 16
96 19 21 54 17 19 2
54 17 19 133 10 16 7
133 10 16 111 16 8 10
111 16 8 11 13 4 5
11 13 4 63 17 7 5
63 17 7 143 18 2 5
143 18 2 84 35 2 17
84 35 2 105 10 25 33
105 10 25 74 59 18 49
74 59 18 135 70 3 18
135 70 3 107 71 0 3
107 71 0 134 83 1 12
134 83 1 42 88 10 10
42 88 10 72 94 26 17
72 94 26 81 93 28 2
81 93 28 95 86 28 7
95 86 28 5 82 30 4
5 82 30 94 78 25 6
94 78 25 83 57 39 25
83 57 39 4 50 88 49
4 50 88 49 48 86 2
49 48 86 71 38 82 10
71 38 82 124 44 91 10
124 44 91 23 38 100 10
23 38 100 17 30 101 8
17 30 101 69 23 98 7
69 23 98 12 18 96 5
12 18 96 53 3 97 15
53 3 97 137 29 108 28
137 29 108 16 22 112 8
16 22 112 126 14 110 8
126 14 110 123 11 116 6
123 11 116 14 15 117 4
14 15 117 132 10 125 9
132 10 125 18 8 132 7
18 8 132 58 9 153 21
58 9 153 89 7 154 2
89 7 154 40 14 126 28
40 14 126 118 32 111 23
118 32 111 51 35 118 7
51 35 118 46 45 110 12
46 45 110 64 55 110 10
64 55 110 144 54 124 14
144 54 124 9 52 125 2
9 52 125 149 62 125 10
149 62 125 20 60 131 6
20 60 131 48 68 144 15
48 68 144 92 60 150 10
92 60 150 103 47 151 13
103 47 151 100 33 151 14
100 33 151 39 28 139 13
39 28 139 91 69 128 42
91 69 128 65 96 95 42
65 96 95 88 89 103 10
88 89 103 25 77 106 12
25 77 106 116 73 111 6
116 73 111 131 129 100 57
131 129 100 27 138 103 9
27 138 103 138 136 117 14
138 136 117 1 123 98 23
