31 24 21 1 15 20 9
1 15 20 87 11 20 4
87 11 20 92 25 22 14
92 25 22 96 28 20 3
96 28 20 74 32 27 8
74 32 27 4 31 17 10
4 31 17 46 34 15 3
46 34 15 26 36 9 6
26 36 9 22 37 7 2
22 37 7 23 33 5 4
23 33 5 89 41 19 16
89 41 19 76 48 15 8
76 48 15 17 51 8 7
17 51 8 69 51 1 7
69 51 1 95 45 2 6
95 45 2 80 53 22 21
80 53 22 48 55 33 11
48 55 33 19 51 40 8
19 51 40 15 49 42 2
15 49 42 86 45 49 8
86 45 49 77 38 40 11
77 38 40 93 27 43 11
93 27 43 38 16 41 11
38 16 41 14 16 37 4
14 16 37 34 18 36 2
34 18 36 39 11 35 7
39 11 35 13 10 39 4
13 10 39 61 5 43 6
61 5 43 29 7 45 2
29 7 45 49 5 33 12
49 5 33 85 31 54 33
85 31 54 54 22 61 11
54 22 61 21 14 62 8
21 14 62 40 13 73 11
40 13 73 7 8 77 6
7 8 77 36 8 86 9
36 8 86 11 2 85 6
11 2 85 70 5 71 14
70 5 71 90 19 78 15
90 19 78 28 22 73 5
28 22 73 79 21 88 15
79 21 88 10 27 93 7
10 27 93 73 32 88 7
73 32 88 81 30 85 3
81 30 85 63 35 78 8
63 35 78 24 39 72 7
24 39 72 30 47 75 8
30 47 75 18 48 73 2
18 48 73 27 58 68 11
27 58 68 82 63 71 5
82 63 71 65 66 67 5
65 66 67 72 71 69 5
72 71 69 8 75 74 6
8 75 74 47 79 67 8
47 79 67 57 81 56 11
57 81 56 83 81 52 4
83 81 52 91 80 47 5
91 80 47 2 73 47 7
2 73 47 68 73 41 6
68 73 41 75 79 36 7
75 79 36 25 77 31 5
25 77 31 37 76 27 4
37 76 27 56 74 21 6
56 74 21 12 81 12 11
12 81 12 5 88 7 8
5 88 7 20 87 2 5
20 87 2 84 95 20 19
84 95 20 33 65 26 30
33 65 26 59 69 16 10
59 69 16 52 68 2 14
52 68 2 67 81 27 28
67 81 27 43 85 35 8
43 85 35 0 86 33 2
0 86 33 53 86 40 7
53 86 40 55 90 39 4
55 90 39 42 94 50 11
42 94 50 3 67 56 27
3 67 56 41 79 75 22
41 79 75 94 86 80 8
94 86 80 32 92 85 7
32 92 85 50 89 74 11
50 89 74 62 56 61 35
62 56 61 78 45 62 11
78 45 62 60 52 81 20
60 52 81 16 48 89 8
16 48 89 6 41 90 7
6 41 90 9 57 90 16
9 57 90 35 61 94 5
35 61 94 58 65 83 11
58 65 83 88 6 58 64
88 6 58 64 4 59 2
64 4 59 71 22 13 49
71 22 13 45 19 4 9
45 19 4 44 13 2 6
44 13 2 51 0 4 13
51 0 4 66 13 9 13
66 13 9 31 24 21 16
