1 46 0 30 43 5 5
30 43 5 53 39 7 4
53 39 7 28 38 6 1
28 38 6 31 37 3 3
31 37 3 26 38 2 1
26 38 2 48 25 0 13
48 25 0 14 35 14 17
14 35 14 5 31 16 4
5 31 16 24 29 18 2
24 29 18 17 29 24 6
17 29 24 12 21 25 8
12 21 25 50 19 32 7
50 19 32 0 19 33 1
0 19 33 35 13 30 6
35 13 30 55 11 20 10
55 11 20 2 2 21 9
2 2 21 13 11 18 9
13 11 18 54 9 15 3
54 9 15 44 16 40 25
44 16 40 19 11 37 5
19 11 37 6 9 37 2
6 9 37 40 1 33 8
40 1 33 45 1 33 0
45 1 33 21 11 38 11
21 11 38 25 18 45 9
25 18 45 46 19 46 1
46 19 46 11 18 48 2
11 18 48 37 17 49 1
37 17 49 57 12 46 5
57 12 46 8 11 46 1
8 11 46 22 12 46 1
22 12 46 51 18 49 6
51 18 49 47 19 52 3
47 19 52 49 15 54 4
49 15 54 58 0 57 15
58 0 57 32 18 40 24
32 18 40 43 22 13 27
43 22 13 36 30 14 8
36 30 14 15 41 19 12
15 41 19 29 45 24 6
29 45 24 18 47 23 2
18 47 23 56 44 28 5
56 44 28 4 50 34 8
4 50 34 23 46 36 4
23 46 36 42 51 42 7
42 51 42 10 49 48 6
10 49 48 27 42 48 7
27 42 48 9 38 57 9
9 38 57 38 41 48 9
38 41 48 16 33 47 8
16 33 47 20 32 44 3
20 32 44 39 56 46 24
39 56 46 3 58 42 4
3 58 42 7 37 28 25
7 37 28 34 34 33 5
34 34 33 52 28 35 6
52 28 35 41 46 11 30
41 46 11 33 54 15 8
33 54 15 1 46 0 17
