1 15 55 9 10 61 7
9 10 61 7 4 61 6
7 4 61 44 0 55 7
44 0 55 79 1 50 5
79 1 50 45 10 46 9
45 10 46 3 21 43 11
3 21 43 34 21 34 9
34 21 34 28 24 32 3
28 24 32 10 34 39 12
10 34 39 23 38 40 4
23 38 40 48 42 44 5
48 42 44 68 43 47 3
68 43 47 63 35 48 8
63 35 48 57 35 48 0
57 35 48 27 48 48 13
27 48 48 13 47 50 2
13 47 50 42 56 54 9
42 56 54 20 53 63 9
20 53 63 17 53 65 2
17 53 65 69 53 71 6
69 53 71 21 60 74 7
21 60 74 25 56 79 6
25 56 79 51 61 74 7
51 61 74 31 60 63 11
31 60 63 38 51 63 9
38 51 63 0 49 40 23
0 49 40 8 58 37 9
8 58 37 74 59 35 2
74 59 35 18 58 31 4
18 58 31 39 56 29 2
39 56 29 5 53 28 3
5 53 28 65 48 31 5
65 48 31 55 57 25 10
55 57 25 19 63 20 7
19 63 20 12 65 22 2
12 65 22 62 69 19 5
62 69 19 56 70 17 2
56 70 17 58 71 13 4
58 71 13 43 65 12 6
43 65 12 61 64 8 4
61 64 8 11 59 10 5
11 59 10 60 53 10 6
60 53 10 70 47 8 6
70 47 8 6 50 4 5
6 50 4 67 45 3 5
67 45 3 14 65 6 20
14 65 6 16 60 0 7
16 60 0 53 71 4 11
53 71 4 52 74 12 8
52 74 12 72 66 24 14
72 66 24 4 66 26 2
4 66 26 33 69 28 3
33 69 28 37 74 33 7
37 74 33 32 75 41 8
32 75 41 78 71 43 4
78 71 43 47 71 50 7
47 71 50 40 66 56 7
40 66 56 54 72 59 6
54 72 59 2 72 63 4
2 72 63 24 73 72 9
24 73 72 73 39 55 38
73 39 55 66 30 59 9
66 30 59 71 40 61 10
71 40 61 76 37 66 5
76 37 66 64 29 27 39
64 29 27 15 34 24 5
15 34 24 35 42 19 9
35 42 19 77 30 20 12
77 30 20 22 24 9 12
22 24 9 30 26 5 4
30 26 5 41 27 3 2
41 27 3 36 15 2 12
36 15 2 49 29 20 22
49 29 20 75 22 31 13
75 22 31 46 15 26 8
46 15 26 59 9 28 6
59 9 28 50 12 71 43
50 12 71 29 13 77 6
29 13 77 26 4 79 9
26 4 79 1 15 55 26
