45 25 36 1 28 39 4
1 28 39 15 40 46 13
15 40 46 30 44 47 4
30 44 47 43 21 44 23
43 21 44 7 20 47 3
7 20 47 32 15 47 5
32 15 47 41 13 45 2
41 13 45 11 11 42 3
11 11 42 23 9 47 5
23 9 47 34 28 34 23
34 28 34 25 24 26 8
25 24 26 27 22 27 2
27 22 27 9 18 27 4
9 18 27 0 15 29 3
0 15 29 39 23 22 10
39 23 22 21 18 18 6
21 18 18 13 15 11 7
13 15 11 26 20 7 6
26 20 7 16 25 5 5
16 25 5 8 29 2 5
8 29 2 2 35 2 6
2 35 2 18 36 7 5
18 36 7 20 38 7 2
20 38 7 22 41 8 3
22 41 8 4 43 4 4
4 43 4 28 39 11 8
28 39 11 47 43 15 5
47 43 15 17 43 20 5
17 43 20 46 26 6 22
46 26 6 12 29 13 7
12 29 13 3 32 15 3
3 32 15 31 28 14 4
31 28 14 44 14 8 15
44 14 8 19 14 5 3
19 14 5 33 12 3 2
33 12 3 6 9 6 4
6 9 6 24 5 5 4
24 5 5 40 2 10 5
40 2 10 5 6 15 6
5 6 15 10 0 22 9
10 0 22 42 5 25 5
42 5 25 29 1 30 6
29 1 30 14 0 31 1
14 0 31 38 8 0 32
38 8 0 37 30 34 40
37 30 34 36 34 32 4
36 34 32 35 42 29 8
35 42 29 45 25 36 18
