1 9 138 117 18 123 17
117 18 123 41 32 114 16
41 32 114 14 31 103 11
14 31 103 50 27 100 5
50 27 100 134 32 92 9
134 32 92 86 27 86 7
86 27 86 128 39 84 12
128 39 84 36 44 77 8
36 44 77 6 50 84 9
6 50 84 57 55 89 7
57 55 89 91 59 85 5
91 59 85 127 59 84 1
127 59 84 112 33 72 28
112 33 72 33 24 71 9
33 24 71 77 28 60 11
77 28 60 47 29 50 10
47 29 50 94 41 63 17
94 41 63 0 43 63 2
0 43 63 80 47 62 4
80 47 62 10 56 70 12
10 56 70 145 63 63 9
145 63 63 99 67 54 9
99 67 54 68 66 43 11
68 66 43 54 74 45 8
54 74 45 95 61 53 15
95 61 53 125 75 56 14
125 75 56 148 85 54 10
148 85 54 146 85 43 11
146 85 43 129 87 41 2
129 87 41 35 84 34 7
35 84 34 65 86 30 4
65 86 30 26 91 33 5
26 91 33 73 96 30 5
73 96 30 92 102 32 6
92 102 32 52 103 44 12
52 103 44 15 103 45 1
15 103 45 22 104 47 2
22 104 47 78 118 47 14
78 118 47 44 120 44 3
44 120 44 102 98 49 22
102 98 49 82 100 55 6
82 100 55 144 107 66 13
144 107 66 106 109 66 2
106 109 66 24 115 67 6
24 115 67 29 121 76 10
29 121 76 130 104 22 56
130 104 22 32 94 18 10
32 94 18 55 88 16 6
55 88 16 13 82 15 6
13 82 15 53 86 3 12
53 86 3 59 92 1 6
59 92 1 109 77 15 20
109 77 15 115 73 15 4
115 73 15 27 72 7 8
27 72 7 67 65 18 13
67 65 18 105 68 26 8
105 68 26 56 61 26 7
56 61 26 58 74 24 13
58 74 24 111 59 14 18
111 59 14 119 55 17 5
119 55 17 123 50 21 6
123 50 21 69 40 26 11
69 40 26 16 38 33 7
16 38 33 2 27 30 11
2 27 30 93 26 23 7
93 26 23 116 19 25 7
116 19 25 40 17 23 2
40 17 23 74 5 5 21
74 5 5 34 0 3 5
34 0 3 98 25 37 42
98 25 37 30 16 39 9
30 16 39 9 10 39 6
9 10 39 103 7 42 4
103 7 42 81 47 35 40
81 47 35 147 40 8 27
147 40 8 87 41 6 2
87 41 6 90 36 4 5
90 36 4 62 35 7 3
62 35 7 101 110 20 76
101 110 20 100 114 14 7
100 114 14 110 124 8 11
110 124 8 8 127 15 7
8 127 15 107 131 18 5
107 131 18 43 131 26 8
43 131 26 38 140 29 9
38 140 29 5 138 41 12
5 138 41 96 140 43 2
96 140 43 114 139 56 13
114 139 56 88 143 59 5
88 143 59 11 149 58 6
11 149 58 121 147 71 13
121 147 71 46 147 79 8
46 147 79 51 152 88 10
51 152 88 79 134 86 18
79 134 86 18 133 90 4
18 133 90 75 127 91 6
75 127 91 64 149 15 79
64 149 15 151 76 66 89
151 76 66 39 78 69 3
39 78 69 19 79 69 1
19 79 69 97 84 70 5
97 84 70 45 89 65 7
45 89 65 83 77 80 19
83 77 80 118 82 83 5
118 82 83 3 83 92 9
3 83 92 120 88 94 5
120 88 94 85 83 105 12
85 83 105 140 75 109 8
140 75 109 138 94 96 23
138 94 96 12 104 90 11
12 104 90 139 104 106 16
139 104 106 28 121 114 18
28 121 114 37 123 127 13
37 123 127 76 119 130 5
76 119 130 113 123 135 6
113 123 135 31 128 140 7
31 128 140 136 135 138 7
136 135 138 71 121 142 14
71 121 142 153 107 144 14
153 107 144 49 106 153 9
49 106 153 133 105 142 11
133 105 142 122 130 128 28
122 130 128 84 135 122 7
84 135 122 108 141 128 8
108 141 128 141 146 129 5
141 146 129 42 49 52 123
42 49 52 137 45 49 5
137 45 49 72 18 96 54
72 18 96 60 16 88 8
60 16 88 4 6 87 10
4 6 87 89 0 87 6
89 0 87 143 5 69 18
143 5 69 17 4 61 8
17 4 61 104 6 60 2
104 6 60 25 41 100 53
25 41 100 7 50 103 9
7 50 103 70 59 101 9
70 59 101 132 67 96 9
132 67 96 135 38 119 37
135 38 119 48 37 121 2
48 37 121 152 4 116 33
152 4 116 21 5 149 33
21 5 149 131 20 146 15
131 20 146 149 29 148 9
149 29 148 20 40 138 14
20 40 138 124 47 137 7
124 47 137 66 52 141 6
66 52 141 63 54 149 8
63 54 149 23 70 142 17
23 70 142 61 76 146 7
61 76 146 150 71 131 15
150 71 131 126 82 132 11
126 82 132 142 60 121 24
142 60 121 1 9 138 53
