8 75 20 1 66 17 9
1 66 17 10 69 13 5
10 69 13 16 69 9 4
16 69 9 71 63 4 7
71 63 4 60 58 2 5
60 58 2 22 51 3 7
22 51 3 57 42 3 9
57 42 3 51 36 9 8
51 36 9 11 30 9 6
11 30 9 30 26 6 5
30 26 6 73 19 7 7
73 19 7 70 10 5 9
70 10 5 68 63 18 54
68 63 18 54 56 13 8
54 56 13 47 51 13 5
47 51 13 36 76 26 28
36 76 26 17 74 33 7
17 74 33 33 69 40 8
33 69 40 2 61 36 8
2 61 36 6 55 37 6
6 55 37 0 45 45 12
0 45 45 65 39 50 7
65 39 50 25 39 55 5
25 39 55 3 33 61 8
3 33 61 66 32 61 1
66 32 61 67 24 61 8
67 24 61 5 23 68 7
5 23 68 61 19 69 4
61 19 69 32 16 67 3
32 16 67 46 13 61 6
46 13 61 55 13 69 8
55 13 69 19 13 75 6
19 13 75 29 5 70 9
29 5 70 40 5 74 4
40 5 74 74 1 76 4
74 1 76 49 23 59 27
49 23 59 14 22 58 1
14 22 58 44 20 57 2
44 20 57 18 17 55 3
18 17 55 58 12 53 5
58 12 53 63 7 57 6
63 7 57 15 2 61 6
15 2 61 69 2 46 15
69 2 46 12 9 37 11
12 9 37 26 12 41 5
26 12 41 76 7 33 9
76 7 33 39 14 26 9
39 14 26 20 11 23 4
20 11 23 48 8 19 5
48 8 19 37 0 17 8
37 0 17 23 17 25 18
23 17 25 52 20 25 3
52 20 25 31 21 22 3
31 21 22 64 22 26 4
64 22 26 41 27 24 5
41 27 24 56 27 31 7
56 27 31 34 21 52 21
34 21 52 24 64 32 47
24 64 32 42 70 41 10
42 70 41 59 66 43 4
59 66 43 4 64 44 2
4 64 44 62 64 46 2
62 64 46 7 63 58 12
7 63 58 35 64 58 1
35 64 58 72 60 60 4
72 60 60 28 63 63 4
28 63 63 75 64 69 6
75 64 69 21 67 72 4
21 67 72 50 67 74 2
50 67 74 53 71 68 7
53 71 68 43 61 71 10
43 61 71 27 58 68 4
27 58 68 38 55 59 9
38 55 59 45 51 65 7
45 51 65 13 48 66 3
13 48 66 9 46 76 10
9 46 76 8 75 20 63
