1 39 33 69 34 25 9
69 34 25 97 32 22 3
97 32 22 7 31 16 6
7 31 16 9 15 11 16
9 15 11 45 2 6 13
45 2 6 34 2 20 14
34 2 20 85 15 10 16
85 15 10 58 25 26 18
58 25 26 26 23 31 5
26 23 31 31 15 34 8
31 15 34 50 4 39 12
50 4 39 5 6 44 5
5 6 44 60 9 51 7
60 9 51 94 11 54 3
94 11 54 39 8 57 4
39 8 57 56 9 64 7
56 9 64 77 6 64 3
77 6 64 25 3 74 10
25 3 74 20 17 48 29
20 17 48 96 22 49 5
96 22 49 86 26 47 4
86 26 47 41 29 58 11
41 29 58 59 39 59 10
59 39 59 90 33 70 12
90 33 70 28 31 82 12
28 31 82 75 26 85 5
75 26 85 13 31 88 5
13 31 88 29 39 91 8
29 39 91 79 47 88 8
79 47 88 66 43 81 8
66 43 81 35 52 85 9
35 52 85 87 58 94 10
87 58 94 24 57 97 3
24 57 97 16 63 89 10
16 63 89 93 67 93 5
93 67 93 40 70 96 4
40 70 96 44 72 96 2
44 72 96 14 77 95 5
14 77 95 80 83 90 7
80 83 90 21 81 89 2
21 81 89 10 89 91 8
10 89 91 46 88 83 8
46 88 83 3 88 79 4
3 88 79 11 85 69 10
11 85 69 6 75 71 10
6 75 71 48 66 68 9
48 66 68 68 60 72 7
68 60 72 88 55 68 6
88 55 68 64 52 69 3
64 52 69 81 55 55 14
81 55 55 23 59 46 9
23 59 46 38 58 44 2
38 58 44 8 59 41 3
8 59 41 47 69 37 10
47 69 37 4 74 42 7
4 74 42 92 77 41 3
92 77 41 82 79 43 2
82 79 43 27 87 40 8
27 87 40 18 91 46 7
18 91 46 19 86 52 7
19 86 52 12 80 54 6
12 80 54 36 92 53 12
36 92 53 78 87 29 24
78 87 29 54 81 22 9
54 81 22 72 78 23 3
72 78 23 33 77 20 3
33 77 20 71 68 16 9
71 68 16 53 72 6 10
53 72 6 30 78 7 6
30 78 7 76 63 1 16
76 63 1 52 59 19 18
52 59 19 0 58 13 6
0 58 13 42 54 9 5
42 54 9 57 46 4 9
57 46 4 65 30 0 16
65 30 0 70 52 16 27
70 52 16 63 93 13 41
63 93 13 62 56 44 48
62 56 44 67 54 42 2
67 54 42 15 53 41 1
15 53 41 89 87 67 42
89 87 67 43 93 79 13
43 93 79 73 95 75 4
73 95 75 17 91 93 18
17 91 93 84 96 90 5
84 96 90 74 34 96 62
74 34 96 83 23 94 11
83 23 94 91 15 84 12
91 15 84 32 14 87 3
32 14 87 49 8 93 8
49 8 93 2 6 87 6
2 6 87 37 5 93 6
37 5 93 61 2 92 3
61 2 92 55 16 78 19
55 16 78 95 2 47 34
95 2 47 22 2 53 6
22 2 53 51 0 60 7
51 0 60 1 39 33 47
