2 25 62 1 24 61 1
1 24 61 22 24 65 4
22 24 65 66 21 64 3
66 21 64 58 16 68 6
58 16 68 67 5 70 11
67 5 70 44 15 59 14
44 15 59 72 6 52 11
72 6 52 29 6 50 2
29 6 50 38 2 44 7
38 2 44 34 2 42 2
34 2 42 36 7 40 5
36 7 40 24 10 37 4
24 10 37 20 12 44 7
20 12 44 40 17 44 5
40 17 44 69 25 49 9
69 25 49 35 25 50 1
35 25 50 5 27 49 2
5 27 49 6 30 46 4
6 30 46 30 33 44 3
30 33 44 59 33 38 6
59 33 38 0 37 31 8
0 37 31 64 41 29 4
64 41 29 4 38 21 8
4 38 21 11 36 20 2
11 36 20 41 42 15 7
41 42 15 15 49 14 7
15 49 14 28 51 19 5
28 51 19 43 53 27 8
43 53 27 13 57 25 4
13 57 25 37 59 22 3
37 59 22 39 63 21 4
39 63 21 27 63 25 4
27 63 25 3 62 28 3
3 62 28 63 62 37 9
63 62 37 14 61 45 8
14 61 45 61 69 44 8
61 69 44 56 67 27 17
56 67 27 16 68 26 1
16 68 26 32 52 33 17
32 52 33 50 39 8 28
50 39 8 8 37 8 2
8 37 8 62 36 6 2
62 36 6 70 33 7 3
70 33 7 7 25 7 8
7 25 7 54 22 9 3
54 22 9 10 11 2 13
10 11 2 9 0 3 11
9 0 3 19 45 6 45
19 45 6 53 45 1 5
53 45 1 68 47 7 6
68 47 7 65 52 5 5
65 52 5 47 67 3 15
47 67 3 57 42 43 47
57 42 43 60 41 50 7
60 41 50 51 46 51 5
51 46 51 31 48 51 2
31 48 51 45 46 53 2
45 46 53 21 42 55 4
21 42 55 33 39 57 3
33 39 57 26 36 61 5
26 36 61 71 38 67 6
71 38 67 52 49 71 11
52 49 71 18 63 69 14
18 63 69 25 63 66 3
25 63 66 42 26 41 44
42 26 41 55 0 36 26
55 0 36 12 0 33 3
12 0 33 49 5 24 10
49 5 24 46 11 22 6
46 11 22 17 9 18 4
17 9 18 48 15 26 10
48 15 26 23 23 68 42
23 23 68 2 25 62 6
