1 19 44 28 24 50 7
28 24 50 14 25 51 1
14 25 51 35 27 54 3
35 27 54 68 34 61 9
68 34 61 47 30 66 6
47 30 66 12 25 69 5
12 25 69 5 22 65 5
5 22 65 36 20 74 9
36 20 74 8 13 75 7
8 13 75 6 8 70 7
6 8 70 11 4 74 5
11 4 74 42 34 73 30
42 34 73 15 29 81 9
15 29 81 32 39 75 11
32 39 75 40 41 79 4
40 41 79 3 45 76 5
3 45 76 49 46 75 1
49 46 75 76 41 61 14
76 41 61 75 48 60 7
75 48 60 26 52 67 8
26 52 67 61 54 71 4
61 54 71 18 55 72 1
18 55 72 83 63 72 8
83 63 72 2 68 77 7
2 68 77 50 69 79 2
50 69 79 56 69 81 2
56 69 81 67 60 80 9
67 60 80 72 52 67 15
72 52 67 10 55 57 10
10 55 57 13 57 55 2
13 57 55 81 62 52 5
81 62 52 73 66 57 6
73 66 57 48 70 65 8
48 70 65 27 74 68 5
27 74 68 37 79 61 8
37 79 61 38 82 76 15
38 82 76 0 73 51 26
0 73 51 66 59 60 16
66 59 60 52 18 53 41
52 18 53 70 14 57 5
70 14 57 82 5 53 9
82 5 53 45 4 53 1
45 4 53 4 18 38 20
4 18 38 69 22 33 6
69 22 33 44 23 32 1
44 23 32 9 32 29 9
9 32 29 41 36 21 8
41 36 21 7 37 12 9
7 37 12 16 42 11 5
16 42 11 17 50 16 9
17 50 16 43 51 24 8
43 51 24 79 59 30 10
79 59 30 30 58 33 3
30 58 33 33 64 33 6
33 64 33 58 44 8 32
58 44 8 55 51 3 8
55 51 3 60 55 8 6
60 55 8 34 58 8 3
34 58 8 23 65 10 7
23 65 10 53 68 19 9
53 68 19 57 68 23 4
57 68 23 64 59 2 22
64 59 2 78 65 0 6
78 65 0 59 80 3 15
59 80 3 51 36 22 47
51 36 22 46 36 33 11
46 36 33 71 40 31 4
71 40 31 80 34 37 8
80 34 37 77 38 41 5
77 38 41 54 48 45 10
54 48 45 31 24 21 33
31 24 21 25 18 12 10
25 18 12 19 25 9 7
19 25 9 39 16 12 9
39 16 12 29 11 18 7
29 11 18 21 11 21 3
21 11 21 24 11 24 3
24 11 24 22 3 34 12
22 3 34 74 3 15 19
74 3 15 63 1 13 2
63 1 13 20 2 10 3
20 2 10 62 0 6 4
62 0 6 65 12 9 12
65 12 9 1 19 44 35
