30 5 40 1 1 35 6
1 1 35 44 10 40 10
44 10 40 35 10 42 2
35 10 42 13 10 45 3
13 10 45 22 14 45 4
22 14 45 38 19 43 5
38 19 43 25 24 39 6
25 24 39 45 26 44 5
45 26 44 31 29 41 4
31 29 41 7 9 35 20
7 9 35 21 13 31 5
21 13 31 6 17 31 4
6 17 31 20 25 31 8
20 25 31 28 13 25 13
28 13 25 27 17 21 5
27 17 21 16 24 14 9
16 24 14 39 29 17 5
39 29 17 36 28 17 1
36 28 17 15 32 12 6
15 32 12 2 28 6 7
2 28 6 8 22 6 6
8 22 6 32 21 4 2
32 21 4 23 17 0 5
23 17 0 43 29 5 13
43 29 5 5 31 5 2
5 31 5 34 35 18 13
34 35 18 18 34 23 5
18 34 23 29 37 25 3
29 37 25 40 43 23 6
40 43 23 0 45 26 3
0 45 26 9 42 30 5
9 42 30 42 41 35 5
42 41 35 24 42 36 1
24 42 36 41 33 23 15
41 33 23 26 36 12 11
26 36 12 4 38 12 2
4 38 12 12 39 7 5
12 39 7 17 38 6 1
17 38 6 37 45 6 7
37 45 6 19 45 5 1
19 45 5 33 11 11 34
33 11 11 11 2 16 10
11 2 16 3 3 18 2
3 3 18 14 0 23 5
14 0 23 10 0 4 19
10 0 4 30 5 40 36
