33 81 112 1 79 104 8
1 79 104 78 74 99 7
78 74 99 115 84 114 18
115 84 114 38 93 111 9
38 93 111 7 110 118 18
7 110 118 109 115 109 10
109 115 109 111 92 108 23
111 92 108 2 98 99 10
2 98 99 72 103 93 7
72 103 93 64 100 90 4
64 100 90 21 102 87 3
21 102 87 69 97 88 5
69 97 88 27 92 85 5
27 92 85 10 92 85 0
10 92 85 76 89 79 6
76 89 79 28 84 80 5
28 84 80 52 81 88 8
52 81 88 34 87 94 8
34 87 94 16 95 70 25
16 95 70 5 97 65 5
5 97 65 93 107 68 10
93 107 68 23 110 65 4
23 110 65 89 113 56 9
89 113 56 60 110 48 8
60 110 48 101 101 44 9
101 101 44 61 98 36 8
61 98 36 46 89 32 9
46 89 32 97 87 26 6
97 87 26 19 91 21 6
19 91 21 103 93 15 6
103 93 15 47 98 11 6
47 98 11 75 101 6 5
75 101 6 8 91 0 11
8 91 0 32 103 1 12
32 103 1 71 107 0 4
71 107 0 31 112 2 5
31 112 2 110 104 17 17
110 104 17 25 107 16 3
25 107 16 99 110 18 3
99 110 18 56 112 26 8
56 112 26 112 114 17 9
112 114 17 86 83 68 59
86 83 68 45 85 60 8
45 85 60 3 79 59 6
3 79 59 98 83 50 9
98 83 50 95 82 45 5
95 82 45 39 82 42 3
39 82 42 44 77 39 5
44 77 39 70 71 39 6
70 71 39 62 69 47 8
62 69 47 6 64 49 5
6 64 49 48 58 52 6
48 58 52 90 50 51 8
90 50 51 79 46 62 11
79 46 62 29 38 55 10
29 38 55 36 47 63 12
36 47 63 113 35 72 15
113 35 72 18 33 74 2
18 33 74 37 36 83 9
37 36 83 50 46 83 10
50 46 83 49 48 83 2
49 48 83 20 55 78 8
20 55 78 67 47 85 10
67 47 85 80 25 87 22
80 25 87 102 20 88 5
102 20 88 54 10 89 10
54 10 89 12 12 80 9
12 12 80 105 10 77 3
105 10 77 17 7 74 4
17 7 74 88 6 72 2
88 6 72 73 2 71 4
73 2 71 104 13 72 11
104 13 72 116 21 71 8
116 21 71 82 17 61 10
82 17 61 13 7 58 10
13 7 58 114 0 50 10
114 0 50 24 22 56 22
24 22 56 117 19 46 10
117 19 46 41 21 43 3
41 21 43 22 22 41 2
22 22 41 51 20 31 10
51 20 31 43 29 26 10
43 29 26 53 33 27 4
53 33 27 107 37 35 8
107 37 35 57 33 13 22
57 33 13 15 34 2 11
15 34 2 106 4 4 30
106 4 4 91 4 4 0
91 4 4 42 12 42 38
42 12 42 14 10 93 51
14 10 93 35 12 101 8
35 12 101 87 14 104 3
87 14 104 85 7 117 14
85 7 117 83 0 111 9
83 0 111 68 5 96 15
68 5 96 118 40 93 35
118 40 93 9 37 96 4
9 37 96 66 37 103 7
66 37 103 59 33 103 4
59 33 103 26 31 111 8
26 31 111 81 43 117 13
81 43 117 108 29 113 14
108 29 113 96 45 102 19
96 45 102 4 65 37 68
4 65 37 11 58 33 8
11 58 33 77 59 29 4
77 59 29 94 58 27 2
94 58 27 65 49 22 10
65 49 22 92 52 11 11
92 52 11 30 53 9 2
30 53 9 0 65 15 13
0 65 15 74 71 15 6
74 71 15 40 71 19 4
40 71 19 119 74 1 18
119 74 1 58 57 39 41
58 57 39 100 97 83 59
100 97 83 55 102 81 5
55 102 81 84 105 79 3
84 105 79 63 75 118 49
63 75 118 33 81 112 8
