1 7 10 21 9 8 2
21 9 8 31 13 11 5
31 13 11 26 18 17 7
26 18 17 24 19 15 2
24 19 15 11 22 17 3
11 22 17 17 22 9 8
17 22 9 7 19 6 4
7 19 6 14 20 4 2
14 20 4 15 23 4 3
15 23 4 20 27 2 4
20 27 2 8 35 5 8
8 35 5 19 16 2 19
19 16 2 16 27 7 12
16 27 7 13 28 11 4
13 28 11 10 29 15 4
10 29 15 3 35 19 7
3 35 19 18 32 22 4
18 32 22 34 28 23 4
34 28 23 4 27 26 3
4 27 26 29 27 30 4
29 27 30 22 30 33 4
22 30 33 12 34 32 4
12 34 32 35 16 21 21
35 16 21 27 17 24 3
27 17 24 9 14 28 5
9 14 28 33 9 31 5
33 9 31 2 8 29 2
2 8 29 28 4 26 5
28 4 26 25 5 25 1
25 5 25 5 2 18 7
5 2 18 0 9 35 18
0 9 35 23 15 30 7
23 15 30 6 18 32 3
6 18 32 32 12 25 9
32 12 25 30 7 7 18
30 7 7 1 7 10 3
