1 39 13 0 41 9 4
0 41 9 48 45 5 5
48 45 5 86 46 0 5
86 46 0 3 48 1 2
3 48 1 45 29 19 26
45 29 19 49 32 28 9
49 32 28 114 33 42 14
114 33 42 70 31 50 8
70 31 50 90 26 54 6
90 26 54 54 25 50 4
54 25 50 6 23 49 2
6 23 49 118 18 55 7
118 18 55 78 17 58 3
78 17 58 99 10 53 8
99 10 53 112 8 48 5
112 8 48 66 6 41 7
66 6 41 43 9 26 15
43 9 26 119 5 50 24
119 5 50 30 1 53 5
30 1 53 104 33 56 32
104 33 56 44 35 57 2
44 35 57 15 40 60 5
15 40 60 105 50 64 10
105 50 64 91 66 65 16
91 66 65 17 82 68 16
17 82 68 85 84 55 13
85 84 55 8 94 51 10
8 94 51 109 102 50 8
109 102 50 29 100 43 7
29 100 43 19 106 41 6
19 106 41 20 106 36 5
20 106 36 28 98 28 11
28 98 28 65 98 22 6
65 98 22 51 93 14 9
51 93 14 72 87 10 7
72 87 10 127 87 9 1
127 87 9 69 87 4 5
69 87 4 77 80 6 7
77 80 6 128 76 1 6
128 76 1 80 73 3 3
80 73 3 92 105 23 37
92 105 23 36 109 16 8
36 109 16 5 107 10 6
5 107 10 74 109 8 2
74 109 8 75 104 10 5
75 104 10 62 117 26 20
62 117 26 64 123 18 10
64 123 18 52 131 16 8
52 131 16 33 112 44 33
33 112 44 35 123 41 11
35 123 41 46 129 44 6
46 129 44 34 133 33 11
34 133 33 130 90 73 58
130 90 73 124 96 73 6
124 96 73 132 100 83 10
132 100 83 61 102 94 11
61 102 94 89 99 97 4
89 99 97 103 92 98 7
103 92 98 27 88 101 5
27 88 101 55 79 103 9
55 79 103 71 69 101 10
71 69 101 16 62 98 7
16 62 98 94 56 106 10
94 56 106 82 43 112 14
82 43 112 68 36 110 7
68 36 110 79 37 104 6
79 37 104 93 47 94 14
93 47 94 108 29 99 18
108 29 99 63 23 93 8
63 23 93 121 24 108 15
121 24 108 14 24 119 11
14 24 119 84 21 121 3
84 21 121 113 23 130 9
113 23 130 25 19 107 23
25 19 107 31 3 112 16
31 3 112 76 2 130 18
76 2 130 115 24 108 31
115 24 108 73 38 123 20
73 38 123 7 53 126 15
7 53 126 38 37 126 16
38 37 126 107 64 90 45
107 64 90 50 66 91 2
50 66 91 106 68 114 23
106 68 114 88 75 117 7
88 75 117 26 79 121 5
26 79 121 83 84 118 5
83 84 118 98 88 122 5
98 88 122 117 91 130 8
117 91 130 100 94 129 3
100 94 129 67 99 120 10
67 99 120 4 105 115 7
4 105 115 129 112 112 7
129 112 112 23 115 104 8
23 115 104 32 121 97 9
32 121 97 56 120 88 9
56 120 88 53 125 83 7
53 125 83 57 118 81 7
57 118 81 47 124 70 12
47 124 70 123 120 61 9
123 120 61 22 128 58 8
22 128 58 110 128 93 35
110 128 93 18 132 101 8
18 132 101 37 122 113 15
37 122 113 42 126 112 4
42 126 112 122 125 117 5
122 125 117 10 131 119 6
10 131 119 21 130 130 11
21 130 130 133 125 119 12
133 125 119 102 88 92 45
102 88 92 126 88 80 12
126 88 80 111 76 82 12
111 76 82 97 68 53 30
97 68 53 95 63 52 5
95 63 52 125 49 70 22
125 49 70 11 50 71 1
11 50 71 39 43 49 23
39 43 49 81 45 47 2
81 45 47 87 33 59 16
87 33 59 41 35 64 5
41 35 64 13 36 69 5
13 36 69 116 36 72 3
116 36 72 12 33 77 5
12 33 77 120 23 75 10
120 23 75 96 8 72 15
96 8 72 40 0 72 8
40 0 72 101 1 81 9
101 1 81 24 1 91 10
24 1 91 2 1 92 1
2 1 92 58 26 64 37
58 26 64 9 24 62 2
9 24 62 131 20 1 61
131 20 1 60 51 25 39
60 51 25 59 69 23 18
59 69 23 1 39 13 31
