1 71 25 79 66 17 9
79 66 17 61 59 16 7
61 59 16 47 63 9 8
47 63 9 39 58 8 5
39 58 8 50 52 15 9
50 52 15 4 50 10 5
4 50 10 40 47 4 6
40 47 4 80 51 18 14
80 51 18 16 48 23 5
16 48 23 56 44 25 4
56 44 25 72 44 27 2
72 44 27 36 35 35 12
36 35 35 59 31 25 10
59 31 25 41 30 18 7
41 30 18 11 28 13 5
11 28 13 34 23 15 5
34 23 15 43 19 22 8
43 19 22 15 24 29 8
15 24 29 17 12 17 16
17 12 17 14 7 20 5
14 7 20 62 7 25 5
62 7 25 26 6 25 1
26 6 25 45 2 22 5
45 2 22 13 4 32 10
13 4 32 0 4 37 5
0 4 37 70 6 40 3
70 6 40 6 3 42 3
6 3 42 21 2 51 9
21 2 51 60 1 53 2
60 1 53 73 8 58 8
73 8 58 9 8 59 1
9 8 59 8 6 65 6
8 6 65 52 0 64 6
52 0 64 55 12 57 13
55 12 57 49 16 49 8
49 16 49 23 17 48 1
23 17 48 75 16 47 1
75 16 47 57 16 38 9
57 16 38 54 13 59 21
54 13 59 7 19 59 6
7 19 59 53 23 60 4
53 23 60 46 23 68 8
46 23 68 3 30 75 9
3 30 75 76 33 69 6
76 33 69 58 21 69 12
58 21 69 12 19 75 6
12 19 75 24 17 77 2
24 17 77 64 8 15 62
64 8 15 77 8 7 8
77 8 7 67 8 3 4
67 8 3 22 18 0 10
22 18 0 18 32 13 19
18 32 13 42 34 9 4
42 34 9 51 32 13 4
51 32 13 48 33 38 25
48 33 38 5 36 40 3
5 36 40 37 30 39 6
37 30 39 10 33 44 5
10 33 44 29 32 49 5
29 32 49 31 34 54 5
31 34 54 19 51 26 32
19 51 26 44 54 30 5
44 54 30 69 52 37 7
69 52 37 71 54 39 2
71 54 39 66 55 49 10
66 55 49 32 73 34 23
32 73 34 63 71 37 3
63 71 37 35 73 39 2
35 73 39 65 71 49 10
65 71 49 68 70 57 8
68 70 57 78 71 60 3
78 71 60 2 77 63 6
2 77 63 25 76 57 6
25 76 57 30 64 69 16
30 64 69 33 59 68 5
33 59 68 28 51 72 8
28 51 72 38 51 68 4
38 51 68 27 47 62 7
27 47 62 74 69 76 26
74 69 76 20 60 79 9
20 60 79 1 71 25 55
