93 117 78 1 114 76 3
1 114 76 68 114 69 7
68 114 69 81 123 75 10
81 123 75 112 128 67 9
112 128 67 21 122 58 10
21 122 58 89 123 54 4
89 123 54 143 137 67 19
143 137 67 25 144 60 9
25 144 60 106 154 53 12
106 154 53 91 149 43 11
91 149 43 109 144 35 9
109 144 35 66 147 28 7
66 147 28 4 146 21 7
4 146 21 28 146 21 0
28 146 21 80 143 73 52
80 143 73 41 145 70 3
41 145 70 20 138 81 13
20 138 81 145 144 83 6
145 144 83 43 144 89 6
43 144 89 76 139 98 10
76 139 98 124 141 105 7
124 141 105 113 140 108 3
113 140 108 51 134 112 7
51 134 112 83 131 106 6
83 131 106 7 123 101 9
7 123 101 54 119 97 5
54 119 97 147 112 102 8
147 112 102 121 113 103 1
121 113 103 115 101 107 12
115 101 107 70 110 116 12
70 110 116 50 109 118 2
50 109 118 61 114 120 5
61 114 120 73 93 97 31
73 93 97 10 86 105 10
10 86 105 148 79 106 7
148 79 106 130 75 117 11
130 75 117 90 84 126 12
90 84 126 14 97 127 13
14 97 127 139 97 128 1
139 97 128 155 99 135 7
155 99 135 63 80 131 19
63 80 131 27 81 143 12
27 81 143 114 74 152 11
114 74 152 110 70 155 5
110 70 155 2 65 154 5
2 65 154 65 77 130 26
65 77 130 127 68 139 12
127 68 139 100 62 135 7
100 62 135 47 58 132 5
47 58 132 108 61 114 18
108 61 114 129 58 104 10
129 58 104 98 60 100 4
98 60 100 120 58 85 15
120 58 85 45 53 77 9
45 53 77 132 56 73 5
132 56 73 22 61 66 8
22 61 66 134 59 51 15
134 59 51 96 71 54 12
96 71 54 5 78 55 7
5 78 55 94 83 58 5
94 83 58 116 84 63 5
116 84 63 58 79 67 6
58 79 67 102 78 80 13
102 78 80 149 73 84 6
149 73 84 125 75 86 2
125 75 86 69 74 90 4
69 74 90 92 89 69 25
92 89 69 12 98 68 9
12 98 68 151 78 50 26
151 78 50 85 82 42 8
85 82 42 3 88 39 6
3 88 39 99 93 44 7
99 93 44 53 89 49 6
53 89 49 78 92 56 7
78 92 56 82 103 47 14
82 103 47 74 110 43 8
74 110 43 6 105 37 7
6 105 37 101 107 30 7
101 107 30 49 117 23 12
49 117 23 24 125 22 8
24 125 22 142 100 17 25
142 100 17 60 95 15 5
60 95 15 105 103 7 11
105 103 7 52 82 38 37
52 82 38 126 54 38 28
126 54 38 64 53 32 6
64 53 32 107 58 28 6
107 58 28 13 55 25 4
13 55 25 23 54 16 9
23 54 16 103 61 13 7
103 61 13 15 62 16 3
15 62 16 32 67 15 5
32 67 15 26 71 16 4
26 71 16 11 74 6 10
11 74 6 46 76 22 16
46 76 22 131 71 27 7
131 71 27 72 72 29 2
72 72 29 117 49 13 28
117 49 13 57 35 10 14
57 35 10 19 25 1 13
19 25 1 30 8 5 17
30 8 5 29 4 1 5
29 4 1 79 0 8 8
79 0 8 150 50 11 50
150 50 11 152 44 49 38
152 44 49 56 39 46 5
56 39 46 33 40 41 5
33 40 41 135 32 37 8
135 32 37 111 34 29 8
111 34 29 133 28 54 25
133 28 54 16 28 55 1
16 28 55 95 41 65 16
95 41 65 55 16 57 26
55 16 57 35 11 68 12
35 11 68 17 7 77 9
17 7 77 137 11 86 9
137 11 86 97 6 95 10
97 6 95 59 10 109 14
59 10 109 37 15 111 5
37 15 111 18 19 118 8
18 19 118 67 30 129 15
67 30 129 39 19 138 14
39 19 138 140 10 156 20
140 10 156 156 34 132 33
156 34 132 128 31 146 14
128 31 146 86 33 152 6
86 33 152 122 15 122 34
122 15 122 84 5 121 10
84 5 121 118 27 104 27
118 27 104 0 36 108 9
0 36 108 38 40 116 8
38 40 116 62 0 112 40
62 0 112 154 23 88 33
154 23 88 75 34 84 11
75 34 84 87 6 43 49
87 6 43 34 4 37 6
34 4 37 36 1 37 3
36 1 37 138 121 105 137
138 121 105 146 134 118 18
146 134 118 71 134 122 4
71 134 122 44 129 136 14
44 129 136 123 137 145 12
123 137 145 42 141 137 8
42 141 137 77 148 133 8
77 148 133 153 149 144 11
153 149 144 88 135 151 15
88 135 151 48 125 154 10
48 125 154 31 117 153 8
31 117 153 119 114 142 11
119 114 142 136 106 150 11
136 106 150 9 99 151 7
9 99 151 8 96 152 3
8 96 152 141 142 117 57
141 142 117 144 145 107 10
144 145 107 40 155 106 10
40 155 106 104 151 95 11
104 151 95 93 117 78 38
