1 0 3 19 0 3 0
19 0 3 9 0 5 2
9 0 5 28 5 1 6
28 5 1 2 5 1 0
2 5 1 15 8 2 3
15 8 2 18 12 10 8
18 12 10 11 18 5 7
11 18 5 4 22 7 4
4 22 7 0 21 14 7
0 21 14 22 26 21 8
22 26 21 12 18 26 9
12 18 26 16 13 27 5
16 13 27 24 7 27 6
24 7 27 5 2 24 5
5 2 24 10 9 22 7
10 9 22 26 12 21 3
26 12 21 27 5 19 7
27 5 19 14 6 17 2
14 6 17 17 2 29 12
17 2 29 20 3 32 3
20 3 32 29 5 33 2
29 5 33 30 17 30 12
30 17 30 6 20 31 3
6 20 31 8 27 31 7
8 27 31 33 27 21 10
33 27 21 25 28 21 1
25 28 21 31 31 18 4
31 31 18 32 31 17 1
32 31 17 3 30 16 1
3 30 16 13 30 8 8
13 30 8 7 32 8 2
7 32 8 21 19 4 13
21 19 4 23 11 0 8
23 11 0 1 0 3 11
