1 63 8 127 59 5 5
127 59 5 124 48 15 14
124 48 15 38 36 9 13
38 36 9 86 29 7 7
86 29 7 66 23 12 7
66 23 12 95 19 19 8
95 19 19 101 13 19 6
101 13 19 8 10 34 15
8 10 34 60 0 16 20
60 0 16 130 32 26 33
130 32 26 10 39 37 13
10 39 37 29 32 40 7
29 32 40 68 40 38 8
68 40 38 37 34 23 16
37 34 23 51 48 26 14
51 48 26 82 52 28 4
82 52 28 21 57 43 15
21 57 43 45 63 49 8
45 63 49 53 60 61 12
53 60 61 48 68 62 8
48 68 62 131 74 66 7
131 74 66 36 71 75 9
36 71 75 117 73 79 4
117 73 79 58 78 91 13
58 78 91 14 80 96 5
14 80 96 17 84 91 6
17 84 91 32 97 98 14
32 97 98 103 65 90 32
103 65 90 67 84 66 30
67 84 66 24 86 57 9
24 86 57 27 88 44 13
27 88 44 79 89 58 14
79 89 58 85 94 62 6
85 94 62 39 105 68 12
39 105 68 56 112 74 9
56 112 74 18 113 80 6
18 113 80 77 113 84 4
77 113 84 104 115 89 5
104 115 89 88 118 102 13
88 118 102 25 115 106 5
25 115 106 99 109 108 6
99 109 108 40 131 96 25
40 131 96 46 138 92 8
46 138 92 133 132 110 18
133 132 110 63 130 121 11
63 130 121 41 126 125 5
41 126 125 105 127 130 5
105 127 130 6 128 137 7
6 128 137 93 138 111 27
93 138 111 123 119 86 31
123 119 86 113 104 81 15
113 104 81 94 99 79 5
94 99 79 122 101 55 24
122 101 55 7 106 53 5
7 106 53 75 113 52 7
75 113 52 35 116 58 6
35 116 58 70 122 57 6
70 122 57 116 128 68 12
116 128 68 120 132 70 4
120 132 70 102 138 63 9
102 138 63 42 117 44 28
42 117 44 47 122 36 9
47 122 36 19 124 33 3
19 124 33 64 126 30 3
64 126 30 22 131 28 5
22 131 28 110 124 28 7
110 124 28 137 120 26 4
137 120 26 15 125 12 14
15 125 12 111 130 14 5
111 130 14 81 133 13 3
81 133 13 33 135 12 2
33 135 12 107 132 9 4
107 132 9 135 125 39 30
135 125 39 78 129 38 4
78 129 38 97 109 37 20
97 109 37 74 56 66 60
74 56 66 34 53 64 3
34 53 64 112 40 60 13
112 40 60 44 34 62 6
44 34 62 30 33 61 1
30 33 61 132 26 62 7
132 26 62 125 22 64 4
125 22 64 54 14 57 10
54 14 57 71 23 69 15
71 23 69 0 16 71 7
0 16 71 57 16 77 6
57 16 77 62 16 91 14
62 16 91 89 22 95 7
89 22 95 65 32 95 10
65 32 95 43 40 95 8
43 40 95 12 45 93 5
12 45 93 61 50 90 5
61 50 90 23 51 91 1
23 51 91 134 39 99 14
134 39 99 28 44 102 5
28 44 102 5 42 108 6
5 42 108 91 52 103 11
91 52 103 136 19 99 33
136 19 99 9 13 108 10
9 13 108 31 19 114 8
31 19 114 83 18 124 10
83 18 124 20 16 130 6
20 16 130 59 7 131 9
59 7 131 96 22 134 15
96 22 134 52 34 130 12
52 34 130 2 37 131 3
2 37 131 26 48 124 13
26 48 124 11 61 136 17
11 61 136 72 67 133 6
72 67 133 69 68 136 3
69 68 136 80 75 133 7
80 75 133 13 72 126 7
13 72 126 115 90 121 18
115 90 121 121 71 123 19
121 71 123 98 50 122 21
98 50 122 16 34 125 16
16 34 125 129 22 113 16
129 22 113 106 31 108 10
106 31 108 138 25 76 32
138 25 76 100 27 76 2
100 27 76 128 36 66 13
128 36 66 119 45 53 15
119 45 53 126 50 70 17
126 50 70 87 51 73 3
87 51 73 3 48 74 3
3 48 74 108 60 74 12
108 60 74 50 70 0 74
50 70 0 4 74 0 4
4 74 0 73 88 0 14
73 88 0 55 92 12 12
55 92 12 109 92 15 3
109 92 15 76 87 22 8
76 87 22 49 84 17 5
49 84 17 92 81 15 3
92 81 15 84 92 27 16
84 92 27 118 99 23 8
118 99 23 114 107 15 11
114 107 15 90 65 10 42
90 65 10 1 63 8 2
