1 75 107 66 75 95 12
66 75 95 46 73 93 2
46 73 93 94 71 89 4
94 71 89 92 72 88 1
92 72 88 15 69 85 4
15 69 85 100 64 85 5
100 64 85 54 62 90 5
54 62 90 85 64 98 8
85 64 98 41 61 101 4
41 61 101 57 77 83 24
57 77 83 32 82 78 7
32 82 78 53 77 73 7
53 77 73 33 73 72 4
33 73 72 72 81 61 13
72 81 61 25 75 58 6
25 75 58 88 79 51 8
88 79 51 13 78 43 8
13 78 43 30 77 35 8
30 77 35 38 74 32 4
38 74 32 24 67 36 8
24 67 36 70 64 39 4
70 64 39 97 57 40 7
97 57 40 77 56 41 1
77 56 41 90 61 49 9
90 61 49 29 57 54 6
29 57 54 23 56 66 12
23 56 66 82 52 69 5
82 52 69 12 56 71 4
12 56 71 47 50 71 6
47 50 71 26 44 76 7
26 44 76 60 38 72 7
60 38 72 51 34 74 4
51 34 74 65 31 72 3
65 31 72 10 29 74 2
10 29 74 83 26 71 4
83 26 71 102 20 75 7
102 20 75 8 22 85 10
8 22 85 73 26 87 4
73 26 87 6 30 85 4
6 30 85 21 36 88 6
21 36 88 48 38 88 2
48 38 88 44 42 91 5
44 42 91 11 43 96 5
11 43 96 64 48 96 5
64 48 96 2 49 96 1
2 49 96 104 16 90 33
104 16 90 93 19 100 10
93 19 100 50 8 103 11
50 8 103 103 8 90 13
103 8 90 5 16 67 24
5 16 67 0 11 65 5
0 11 65 19 10 69 4
19 10 69 43 2 61 11
43 2 61 9 3 50 11
9 3 50 16 0 45 5
16 0 45 75 4 48 5
75 4 48 40 5 44 4
40 5 44 74 5 42 2
74 5 42 58 18 63 24
58 18 63 89 29 56 13
89 29 56 80 42 55 13
80 42 55 91 44 57 2
91 44 57 81 30 45 18
81 30 45 67 41 40 12
67 41 40 98 31 32 12
98 31 32 96 30 23 9
96 30 23 59 23 25 7
59 23 25 22 15 33 11
22 15 33 107 3 29 12
107 3 29 79 10 22 9
79 10 22 78 24 14 16
78 24 14 71 34 10 10
71 34 10 39 42 17 10
39 42 17 62 45 17 3
62 45 17 68 48 10 7
68 48 10 56 57 14 9
56 57 14 87 62 15 5
87 62 15 3 64 7 8
3 64 7 17 71 16 11
17 71 16 42 60 20 11
42 60 20 99 34 6 29
99 34 6 20 40 2 7
20 40 2 76 19 12 23
76 19 12 61 5 3 16
61 5 3 55 1 7 5
55 1 7 28 48 82 88
28 48 82 31 81 107 41
31 81 107 45 93 102 13
45 93 102 69 94 105 3
69 94 105 63 102 104 8
63 102 104 34 103 91 13
34 103 91 105 96 83 10
105 96 83 14 99 80 4
14 99 80 27 99 72 8
27 99 72 37 97 61 11
37 97 61 36 106 51 13
36 106 51 52 106 49 2
52 106 49 49 102 36 13
49 102 36 18 93 32 9
18 93 32 106 97 25 8
106 97 25 86 91 20 7
86 91 20 35 92 10 10
35 92 10 4 88 6 5
4 88 6 101 87 2 4
101 87 2 84 83 1 4
84 83 1 7 78 1 5
7 78 1 95 100 25 32
95 100 25 1 75 107 85
