1 29 68 56 26 68 3
56 26 68 68 27 64 4
68 27 64 3 23 62 4
3 23 62 39 30 55 9
39 30 55 18 34 56 4
18 34 56 27 37 52 5
27 37 52 14 33 47 6
14 33 47 61 32 43 4
61 32 43 34 36 42 4
34 36 42 62 37 39 3
62 37 39 67 40 41 3
67 40 41 66 47 39 7
66 47 39 26 47 34 5
26 47 34 6 50 26 8
6 50 26 33 51 20 6
33 51 20 43 59 17 8
43 59 17 20 70 13 11
20 70 13 30 63 1 13
30 63 1 38 61 24 23
38 61 24 29 63 25 2
29 63 25 32 69 27 6
32 69 27 60 61 32 9
60 61 32 54 41 25 21
54 41 25 5 38 19 6
5 38 19 58 36 9 10
58 36 9 15 39 8 3
15 39 8 45 39 6 2
45 39 6 59 38 1 5
59 38 1 53 42 8 8
53 42 8 21 32 4 10
21 32 4 35 27 5 5
35 27 5 44 28 11 6
44 28 11 42 48 41 36
42 48 41 7 50 49 8
7 50 49 16 58 52 8
16 58 52 50 64 47 7
50 64 47 52 67 53 6
52 67 53 25 68 56 3
25 68 56 4 67 66 10
4 67 66 8 67 66 0
8 67 66 28 65 54 12
28 65 54 64 49 52 16
64 49 52 31 53 62 10
31 53 62 19 47 65 6
19 47 65 69 48 67 2
69 48 67 70 55 68 7
70 55 68 12 56 41 27
12 56 41 57 28 43 28
57 28 43 51 21 45 7
51 21 45 9 12 39 10
9 12 39 23 9 38 3
23 9 38 13 13 30 8
13 13 30 17 16 25 5
17 16 25 48 10 19 8
48 10 19 24 12 12 7
24 12 12 22 11 11 1
22 11 11 37 13 5 6
37 13 5 41 1 8 12
41 1 8 55 14 11 13
55 14 11 0 7 21 12
0 7 21 2 1 21 6
2 1 21 49 0 25 4
49 0 25 46 2 29 4
46 2 29 10 7 19 11
10 7 19 40 19 28 15
40 19 28 63 20 26 2
63 20 26 47 10 49 25
47 10 49 11 8 55 6
11 8 55 36 4 63 8
36 4 63 65 9 56 8
65 9 56 1 29 68 23
