1 1 55 7 2 53 2
7 2 53 45 13 49 11
45 13 49 28 19 45 7
28 19 45 32 22 46 3
32 22 46 30 27 43 5
30 27 43 38 26 41 2
38 26 41 26 23 38 4
26 23 38 16 20 38 3
16 20 38 20 17 37 3
20 17 37 19 20 27 10
19 20 27 15 17 25 3
15 17 25 18 15 24 2
18 15 24 47 10 21 5
47 10 21 8 5 23 5
8 5 23 43 0 31 9
43 0 31 46 13 19 17
46 13 19 6 16 16 4
6 16 16 2 13 15 3
2 13 15 54 11 15 2
54 11 15 52 8 10 5
52 8 10 13 4 11 4
13 4 11 12 0 1 10
12 0 1 36 1 17 16
36 1 17 10 24 10 24
10 24 10 40 28 7 5
40 28 7 4 30 5 2
4 30 5 25 36 10 7
25 36 10 23 39 9 3
23 39 9 56 41 8 2
56 41 8 11 39 4 4
11 39 4 34 42 10 6
34 42 10 17 46 12 4
17 46 12 35 52 14 6
35 52 14 49 53 20 6
49 53 20 27 56 24 5
27 56 24 37 56 26 2
37 56 26 44 46 27 10
44 46 27 48 35 24 11
48 35 24 53 46 7 20
53 46 7 9 48 1 6
9 48 1 42 47 7 6
42 47 7 50 52 7 5
50 52 7 41 56 3 5
41 56 3 29 30 3 26
29 30 3 3 29 2 1
3 29 2 21 16 37 37
21 16 37 55 28 54 20
55 28 54 0 38 50 10
0 38 50 22 43 41 10
22 43 41 31 49 48 9
31 49 48 5 50 51 3
5 50 51 51 49 53 2
51 49 53 14 55 42 12
14 55 42 39 37 38 18
39 37 38 33 2 49 36
33 2 49 24 3 43 6
24 3 43 1 1 55 12
