1 13 41 12 19 46 7
12 19 46 49 23 48 4
49 23 48 21 23 47 1
21 23 47 46 23 48 1
46 23 48 32 28 51 5
32 28 51 65 32 48 5
65 32 48 61 37 42 7
61 37 42 59 40 46 5
59 40 46 33 43 49 4
33 43 49 24 43 52 3
24 43 52 8 36 58 9
8 36 58 4 38 61 3
4 38 61 64 41 64 4
64 41 64 57 41 64 0
57 41 64 43 33 62 8
43 33 62 16 24 65 9
16 24 65 35 36 40 27
35 36 40 14 32 40 4
14 32 40 2 30 37 3
2 30 37 19 25 34 5
19 25 34 48 22 25 9
48 22 25 10 19 22 4
10 19 22 58 16 15 7
58 16 15 26 13 12 4
26 13 12 7 12 4 8
7 12 4 62 1 1 11
62 1 1 47 1 8 7
47 1 8 39 0 12 4
39 0 12 25 31 41 42
25 31 41 53 32 41 1
53 32 41 41 39 36 8
41 39 36 22 41 38 2
22 41 38 52 46 41 5
52 46 41 6 45 42 1
6 45 42 34 44 42 1
34 44 42 13 51 45 7
13 51 45 9 56 56 12
9 56 56 51 60 63 8
51 60 63 31 64 62 4
31 64 62 55 40 34 36
55 40 34 18 36 25 9
18 36 25 5 48 27 12
5 48 27 60 50 25 2
60 50 25 28 57 22 7
28 57 22 27 58 28 6
27 58 28 40 57 36 8
40 57 36 3 52 14 22
3 52 14 30 49 6 8
30 49 6 44 41 4 8
44 41 4 0 33 12 11
0 33 12 20 29 11 4
20 29 11 38 26 5 6
38 26 5 36 63 12 37
36 63 12 23 50 28 20
23 50 28 56 14 37 37
56 14 37 15 12 35 2
15 12 35 42 6 36 6
42 6 36 11 1 44 9
11 1 44 63 1 52 8
63 1 52 45 3 53 2
45 3 53 54 8 65 13
54 8 65 17 5 34 31
17 5 34 29 1 30 5
29 1 30 50 2 28 2
50 2 28 37 7 30 5
37 7 30 1 13 41 12
