1 1 19 5 3 20 2
5 3 20 31 5 13 7
31 5 13 16 8 11 3
16 8 11 30 14 12 6
30 14 12 0 20 11 6
0 20 11 9 18 6 5
9 18 6 26 16 5 2
26 16 5 23 15 5 1
23 15 5 14 22 13 10
14 22 13 8 24 16 3
8 24 16 35 26 14 2
35 26 14 15 29 16 3
15 29 16 18 29 18 2
18 29 18 7 25 22 5
7 25 22 27 23 26 4
27 23 26 28 29 24 6
28 29 24 20 36 23 7
20 36 23 33 31 29 7
33 31 29 2 31 30 1
2 31 30 12 30 32 2
12 30 32 24 25 35 5
24 25 35 36 24 33 2
36 24 33 19 17 32 7
19 17 32 13 15 25 7
13 15 25 17 35 31 20
17 35 31 32 36 12 19
32 36 12 6 34 8 4
6 34 8 11 33 8 1
11 33 8 22 31 5 3
22 31 5 25 28 4 3
25 28 4 29 26 2 2
29 26 2 21 7 24 29
21 7 24 37 10 30 6
37 10 30 3 8 35 5
3 8 35 34 6 33 2
34 6 33 4 5 32 1
4 5 32 10 1 35 5
10 1 35 1 1 19 16
