1 45 22 15 42 25 4
15 42 25 11 47 32 8
11 47 32 74 40 35 7
74 40 35 86 39 36 1
86 39 36 34 35 46 10
34 35 46 54 26 42 9
54 26 42 64 22 49 8
64 22 49 84 12 40 13
84 12 40 5 5 52 13
5 5 52 67 1 53 4
67 1 53 76 9 55 8
76 9 55 65 4 62 8
65 4 62 31 9 66 6
31 9 66 29 14 68 5
29 14 68 32 7 69 7
32 7 69 53 11 75 7
53 11 75 3 9 81 6
3 9 81 82 7 91 10
82 7 91 60 14 91 7
60 14 91 50 20 90 6
50 20 90 26 21 80 10
26 21 80 46 27 88 10
46 27 88 83 34 81 9
83 34 81 79 35 79 2
79 35 79 47 31 71 8
47 31 71 4 30 68 3
4 30 68 66 3 90 34
66 3 90 61 10 35 55
61 10 35 78 4 28 9
78 4 28 19 1 25 4
19 1 25 36 11 25 10
36 11 25 25 16 22 5
25 16 22 40 16 17 5
40 16 17 38 22 17 6
38 22 17 59 22 22 5
59 22 22 62 26 27 6
62 26 27 90 29 15 12
90 29 15 2 29 15 0
2 29 15 0 17 10 13
0 17 10 18 13 1 9
18 13 1 6 13 1 0
6 13 1 75 16 25 24
75 16 25 41 10 21 7
41 10 21 63 38 54 43
63 38 54 13 43 51 5
13 43 51 44 47 52 4
44 47 52 85 52 42 11
85 52 42 24 56 40 4
24 56 40 58 66 43 10
58 66 43 23 68 44 2
23 68 44 28 71 45 3
28 71 45 14 73 47 2
14 73 47 17 75 51 4
17 75 51 9 70 58 8
9 70 58 77 63 57 7
77 63 57 43 78 57 15
43 78 57 71 83 62 7
71 83 62 10 88 60 5
10 88 60 70 89 59 1
70 89 59 57 88 48 11
57 88 48 30 88 35 13
30 88 35 22 91 27 8
22 91 27 51 89 22 5
51 89 22 35 90 20 2
35 90 20 49 88 21 2
49 88 21 7 82 23 6
7 82 23 89 84 12 11
89 84 12 45 75 5 11
45 75 5 27 71 5 4
27 71 5 48 88 11 18
48 88 11 39 89 1 10
39 89 1 72 84 35 34
72 84 35 21 80 66 31
21 80 66 42 79 71 5
42 79 71 20 78 84 13
20 78 84 16 78 87 3
16 78 87 52 90 91 12
52 90 91 68 73 84 18
68 73 84 12 71 83 2
12 71 83 91 85 66 22
91 85 66 37 87 73 7
37 87 73 81 71 39 37
81 71 39 87 52 54 24
87 52 54 8 47 65 12
8 47 65 80 57 68 10
80 57 68 55 59 70 2
55 59 70 88 60 71 1
88 60 71 56 58 73 2
56 58 73 33 60 20 53
33 60 20 69 44 9 19
69 44 9 73 56 2 13
73 56 2 1 45 22 22
