39 29 36 1 31 40 4
1 31 40 29 40 44 9
29 40 44 42 31 41 9
42 31 41 32 31 35 6
32 31 35 15 28 33 3
15 28 33 8 23 36 5
8 23 36 33 21 32 4
33 21 32 19 18 35 4
19 18 35 21 16 38 3
21 16 38 3 12 36 4
3 12 36 41 10 39 3
41 10 39 13 3 40 7
13 3 40 17 3 33 7
17 3 33 36 9 44 12
36 9 44 26 21 44 12
26 21 44 24 25 27 17
24 25 27 6 21 18 9
6 21 18 16 20 14 4
16 20 14 30 19 13 1
30 19 13 18 13 18 7
18 13 18 5 11 23 5
5 11 23 40 7 24 4
40 7 24 43 3 19 6
43 3 19 44 18 7 19
44 18 7 7 22 7 4
7 22 7 9 11 10 11
9 11 10 28 10 9 1
28 10 9 31 8 8 2
31 8 8 0 5 6 3
0 5 6 10 8 2 5
10 8 2 14 3 1 5
14 3 1 25 30 25 36
25 30 25 23 31 23 2
23 31 23 2 31 19 4
2 31 19 38 39 14 9
38 39 14 12 35 4 10
12 35 4 22 36 0 4
22 36 0 35 35 31 31
35 35 31 27 37 30 2
27 37 30 4 38 27 3
4 38 27 20 39 24 3
20 39 24 34 40 29 5
34 40 29 11 44 31 4
11 44 31 37 40 27 5
37 40 27 39 29 36 14
