1 8 9 39 11 9 3
39 11 9 75 19 16 10
75 19 16 41 18 18 2
41 18 18 76 27 28 13
76 27 28 113 33 32 7
113 33 32 50 45 28 12
50 45 28 58 39 19 10
58 39 19 17 49 11 12
17 49 11 12 46 7 5
12 46 7 45 52 7 6
45 52 7 2 56 3 5
2 56 3 77 51 0 5
77 51 0 79 65 8 16
79 65 8 31 68 1 7
31 68 1 27 71 4 4
27 71 4 64 72 7 3
64 72 7 94 74 12 5
94 74 12 100 71 15 4
100 71 15 26 67 16 4
26 67 16 37 63 19 5
37 63 19 55 62 27 8
55 62 27 21 68 27 6
21 68 27 3 71 34 7
3 71 34 85 80 40 10
85 80 40 65 70 49 13
65 70 49 80 93 43 23
80 93 43 60 107 37 15
60 107 37 43 108 45 8
43 108 45 107 76 4 52
107 76 4 62 81 10 7
62 81 10 9 84 6 5
9 84 6 109 84 16 10
109 84 16 32 90 14 6
32 90 14 68 98 16 8
68 98 16 34 101 12 5
34 101 12 30 104 10 3
30 104 10 83 106 12 2
83 106 12 105 103 3 9
105 103 3 70 106 0 4
70 106 0 73 50 37 67
73 50 37 51 52 39 2
51 52 39 111 28 40 24
111 28 40 47 31 48 8
47 31 48 25 20 51 11
25 20 51 13 21 61 10
13 21 61 97 25 73 12
97 25 73 112 21 81 8
112 21 81 18 19 87 6
18 19 87 92 25 97 11
92 25 97 0 14 100 11
0 14 100 114 3 97 11
114 3 97 42 7 90 8
42 7 90 6 3 82 8
6 3 82 110 31 105 36
110 31 105 71 39 111 10
71 39 111 38 46 106 8
38 46 106 69 52 114 10
69 52 114 29 57 112 5
29 57 112 52 63 112 6
52 63 112 5 70 114 7
5 70 114 44 66 102 12
44 66 102 24 68 97 5
24 68 97 56 73 91 7
56 73 91 35 68 103 13
35 68 103 102 48 98 20
102 48 98 14 44 90 8
14 44 90 98 41 86 5
98 41 86 54 49 82 8
54 49 82 61 47 76 6
61 47 76 96 61 86 17
96 61 86 63 36 81 25
63 36 81 10 36 77 4
10 36 77 23 18 62 23
23 18 62 19 9 64 9
19 9 64 106 38 53 31
106 38 53 7 42 62 9
7 42 62 81 55 62 13
81 55 62 48 57 66 4
48 57 66 84 58 66 1
84 58 66 89 60 63 3
89 60 63 67 73 62 13
67 73 62 33 78 67 7
33 78 67 74 80 75 8
74 80 75 90 87 77 7
90 87 77 103 88 86 9
103 88 86 66 86 88 2
66 86 88 86 71 70 23
86 71 70 101 82 67 11
101 82 67 91 80 59 8
91 80 59 22 83 54 5
22 83 54 11 88 60 7
11 88 60 16 94 58 6
16 94 58 72 92 65 7
72 92 65 46 100 64 8
46 100 64 57 103 70 6
57 103 70 8 107 71 4
8 107 71 104 101 76 7
104 101 76 59 106 77 5
59 106 77 108 111 77 5
108 111 77 36 112 78 1
36 112 78 49 110 96 18
49 110 96 4 102 100 8
4 102 100 82 100 107 7
82 100 107 15 97 109 3
15 97 109 99 111 104 14
99 111 104 93 104 63 41
93 104 63 87 57 66 47
87 57 66 78 54 56 10
78 54 56 88 20 32 41
88 20 32 40 5 34 15
40 5 34 53 5 44 10
53 5 44 95 20 35 17
95 20 35 20 6 0 37
20 6 0 28 5 9 9
28 5 9 1 8 9 3
