1 59 47 32 71 43 12
32 71 43 133 74 54 11
133 74 54 127 83 60 10
127 83 60 93 73 69 13
93 73 69 65 67 77 10
65 67 77 13 72 83 7
13 72 83 141 73 84 1
141 73 84 123 72 92 8
123 72 92 98 75 94 3
98 75 94 143 73 101 7
143 73 101 16 74 115 14
16 74 115 4 78 120 6
4 78 120 41 81 122 3
41 81 122 83 88 125 7
83 88 125 91 93 124 5
91 93 124 116 98 120 6
116 98 120 45 105 113 9
45 105 113 2 111 109 7
2 111 109 94 117 111 6
94 117 111 145 119 115 4
145 119 115 58 124 121 7
58 124 121 80 119 124 5
80 119 124 97 135 117 17
97 135 117 7 139 111 7
7 139 111 81 142 109 3
81 142 109 25 143 107 2
25 143 107 23 141 94 13
23 141 94 103 145 122 28
103 145 122 114 143 127 5
114 143 127 17 145 137 10
17 145 137 126 142 144 7
126 142 144 78 106 123 41
78 106 123 139 107 135 12
139 107 135 44 105 140 5
44 105 140 56 59 115 52
56 59 115 9 59 117 2
9 59 117 12 46 129 17
12 46 129 14 41 134 7
14 41 134 20 28 137 13
20 28 137 144 25 143 6
144 25 143 30 54 137 29
30 54 137 36 55 142 5
36 55 142 131 66 137 12
131 66 137 88 40 116 33
88 40 116 82 30 120 10
82 30 120 62 29 118 2
62 29 118 15 24 104 14
15 24 104 63 16 100 8
63 16 100 10 15 94 6
10 15 94 128 19 88 7
128 19 88 111 8 83 12
111 8 83 85 17 74 12
85 17 74 26 16 100 26
26 16 100 43 9 98 7
43 9 98 27 2 95 7
27 2 95 54 13 105 14
54 13 105 40 16 119 14
40 16 119 129 0 116 16
129 0 116 132 0 128 12
132 0 128 100 2 137 9
100 2 137 99 6 137 4
99 6 137 117 58 101 63
117 58 101 59 64 83 18
59 64 83 57 56 81 8
57 56 81 53 49 87 9
53 49 87 87 90 62 48
87 90 62 48 89 55 7
48 89 55 107 89 51 4
107 89 51 29 90 45 6
29 90 45 66 94 42 5
66 94 42 33 101 28 15
33 101 28 11 104 25 4
11 104 25 134 101 64 39
134 101 64 39 111 71 12
39 111 71 52 119 64 10
52 119 64 31 123 63 4
31 123 63 124 125 61 2
124 125 61 110 127 53 8
110 127 53 42 121 51 6
42 121 51 101 116 55 6
101 116 55 119 117 47 8
119 117 47 84 115 47 2
84 115 47 46 109 47 6
46 109 47 68 137 53 28
68 137 53 18 138 62 9
18 138 62 92 144 69 9
92 144 69 21 141 72 4
21 141 72 0 130 76 11
0 130 76 96 123 92 17
96 123 92 136 143 49 47
136 143 49 34 145 53 4
34 145 53 67 143 47 6
67 143 47 106 143 36 11
106 143 36 72 133 36 10
72 133 36 19 125 19 18
19 125 19 112 131 14 7
112 131 14 76 125 1 14
76 125 1 104 142 10 19
104 142 10 79 143 4 6
79 143 4 115 109 76 79
115 109 76 60 105 87 11
60 105 87 118 93 90 12
118 93 90 121 95 98 8
121 95 98 77 91 99 4
77 91 99 142 91 90 9
142 91 90 113 77 34 57
113 77 34 24 81 23 11
24 81 23 47 91 12 14
47 91 12 102 93 13 2
102 93 13 109 95 9 4
109 95 9 75 55 38 49
75 55 38 95 54 30 8
95 54 30 108 51 19 11
108 51 19 3 55 13 7
3 55 13 90 60 16 5
90 60 16 69 60 20 4
69 60 20 71 64 18 4
71 64 18 28 74 11 12
28 74 11 89 45 22 31
89 45 22 55 36 12 13
55 36 12 120 22 7 14
120 22 7 61 35 28 24
61 35 28 51 35 30 2
51 35 30 64 35 31 1
64 35 31 5 33 40 9
5 33 40 140 28 40 5
140 28 40 122 20 47 10
122 20 47 6 28 53 10
6 28 53 74 33 61 9
74 33 61 70 10 50 25
70 10 50 8 10 53 3
8 10 53 86 3 62 11
86 3 62 130 23 37 32
130 23 37 135 15 38 8
135 15 38 22 13 39 2
22 13 39 49 11 38 2
49 11 38 125 56 48 46
125 56 48 35 53 47 3
35 53 47 73 49 50 5
73 49 50 37 46 47 4
37 46 47 138 41 50 5
138 41 50 38 55 61 17
38 55 61 50 62 62 7
50 62 62 137 48 63 14
137 48 63 105 42 72 10
105 42 72 1 59 47 30
