1 50 53 46 51 49 4
46 51 49 41 54 48 3
41 54 48 34 54 51 3
34 54 51 53 55 53 2
53 55 53 64 61 58 7
64 61 58 45 60 63 5
45 60 63 29 56 47 16
29 56 47 40 58 45 2
40 58 45 31 56 44 2
31 56 44 19 62 39 7
19 62 39 56 57 34 7
56 57 34 54 61 30 5
54 61 30 15 56 25 7
15 56 25 2 57 19 6
2 57 19 9 55 18 2
9 55 18 55 52 11 7
55 52 11 36 46 17 8
36 46 17 25 59 12 13
25 59 12 18 62 5 7
18 62 5 49 61 5 1
49 61 5 26 55 4 6
26 55 4 38 64 13 12
38 64 13 0 49 27 20
0 49 27 6 48 27 1
6 48 27 37 39 23 9
37 39 23 13 35 30 8
13 35 30 50 34 35 5
50 34 35 51 27 34 7
51 27 34 7 20 30 8
7 20 30 12 20 24 6
12 20 24 22 13 19 8
22 13 19 32 5 22 8
32 5 22 24 26 18 21
24 26 18 43 29 20 3
43 29 20 47 21 11 12
47 21 11 8 27 9 6
8 27 9 58 20 2 9
58 20 2 33 10 0 10
33 10 0 39 9 4 4
39 9 4 20 5 8 5
20 5 8 48 25 39 36
48 25 39 4 25 43 4
4 25 43 5 28 46 4
5 28 46 28 29 47 1
28 29 47 44 37 44 8
44 37 44 62 38 43 1
62 38 43 63 22 49 17
63 22 49 59 20 49 2
59 20 49 60 15 51 5
60 15 51 23 14 51 1
23 14 51 10 14 51 0
10 14 51 16 11 54 4
16 11 54 30 9 55 2
30 9 55 21 8 60 5
21 8 60 17 10 47 13
17 10 47 11 4 43 7
11 4 43 3 4 37 6
3 4 37 52 8 33 5
52 8 33 35 21 63 32
35 21 63 42 46 30 41
42 46 30 61 45 31 1
61 45 31 57 49 30 4
57 49 30 27 49 63 33
27 49 63 14 40 64 9
14 40 64 1 50 53 14
