1 11 5 3 6 8 5
3 6 8 24 9 14 6
24 9 14 4 11 12 2
4 11 12 13 17 10 6
13 17 10 19 19 10 2
19 19 10 20 22 10 3
20 22 10 23 22 5 5
23 22 5 21 25 3 3
21 25 3 28 29 5 4
28 29 5 30 29 3 2
30 29 3 11 5 14 26
11 5 14 17 11 17 6
17 11 17 27 16 21 6
27 16 21 26 17 20 1
26 17 20 7 19 21 2
7 19 21 2 22 18 4
2 22 18 14 23 23 5
14 23 23 29 26 29 6
29 26 29 6 22 30 4
6 22 30 10 15 27 7
10 15 27 8 7 25 8
8 7 25 15 3 29 5
15 3 29 9 0 27 3
9 0 27 25 1 24 3
25 1 24 0 3 30 6
0 3 30 18 9 17 14
18 9 17 5 6 6 11
5 6 6 22 2 1 6
22 2 1 12 2 0 1
12 2 0 16 0 5 5
16 0 5 1 11 5 11
