1 55 7 42 55 8 1
42 55 8 37 49 5 6
37 49 5 48 55 11 8
48 55 11 41 48 16 8
41 48 16 21 43 13 5
21 43 13 46 39 4 9
46 39 4 31 35 4 4
31 35 4 52 28 3 7
52 28 3 36 20 5 8
36 20 5 20 22 12 7
20 22 12 40 21 15 3
40 21 15 18 19 18 3
18 19 18 8 11 16 8
8 11 16 34 8 14 3
34 8 14 38 7 12 2
38 7 12 16 4 14 3
16 4 14 53 0 17 5
53 0 17 22 0 22 5
22 0 22 39 2 23 2
39 2 23 26 4 29 6
26 4 29 0 11 7 23
0 11 7 44 11 0 7
44 11 0 19 8 20 20
19 8 20 24 22 18 14
24 22 18 49 24 22 4
49 24 22 32 26 23 2
32 26 23 17 24 27 4
17 24 27 23 19 31 6
23 19 31 12 17 32 2
12 17 32 25 19 39 7
25 19 39 4 17 45 6
4 17 45 13 12 50 7
13 12 50 5 0 47 12
5 0 47 14 12 54 13
14 12 54 7 15 53 3
7 15 53 11 21 55 6
11 21 55 43 26 52 5
43 26 52 9 28 52 2
9 28 52 50 30 54 2
50 30 54 10 34 54 4
10 34 54 6 39 54 5
6 39 54 15 41 49 5
15 41 49 28 46 37 13
28 46 37 45 43 55 18
45 43 55 35 24 50 19
35 24 50 33 27 46 5
33 27 46 27 30 47 3
27 30 47 30 28 38 9
30 28 38 29 30 37 2
29 30 37 54 39 20 19
54 39 20 3 38 21 1
3 38 21 51 35 19 3
51 35 19 47 47 16 12
47 47 16 55 51 25 9
55 51 25 2 55 1 24
2 55 1 1 55 7 6
