68 26 69 1 20 62 9
1 20 62 83 16 61 4
83 16 61 49 5 48 17
49 5 48 51 8 70 22
51 8 70 85 2 66 7
85 2 66 59 33 61 31
59 33 61 36 39 60 6
36 39 60 140 43 55 6
140 43 55 84 49 49 8
84 49 49 115 54 48 5
115 54 48 74 60 42 8
74 60 42 11 71 35 13
11 71 35 82 52 31 19
82 52 31 118 50 32 2
118 50 32 64 57 56 25
64 57 56 27 68 54 11
27 68 54 54 71 60 6
54 71 60 20 70 67 7
20 70 67 90 82 60 13
90 82 60 89 85 54 6
89 85 54 77 92 51 7
77 92 51 23 96 51 4
23 96 51 44 103 51 7
44 103 51 5 105 55 4
5 105 55 19 112 64 11
19 112 64 13 110 70 6
13 110 70 148 123 70 13
148 123 70 116 130 65 8
116 130 65 4 129 74 9
4 129 74 146 131 85 11
146 131 85 128 132 92 7
128 132 92 18 130 106 14
18 130 106 66 133 111 5
66 133 111 111 145 113 12
111 145 113 95 145 102 11
95 145 102 126 148 99 4
126 148 99 138 128 108 21
138 128 108 129 120 90 19
129 120 90 119 117 90 3
119 117 90 41 105 85 13
41 105 85 112 95 76 13
112 95 76 108 90 77 5
108 90 77 93 83 87 12
93 83 87 21 92 94 11
21 92 94 106 90 99 5
106 90 99 29 85 101 5
29 85 101 81 87 113 12
81 87 113 57 81 128 16
57 81 128 67 96 129 15
67 96 129 61 99 137 8
61 99 137 24 111 135 12
24 111 135 94 72 133 39
94 72 133 40 73 144 11
40 73 144 144 62 132 16
144 62 132 71 58 135 5
71 58 135 72 57 137 2
72 57 137 30 54 138 3
30 54 138 45 42 143 13
45 42 143 46 29 133 16
46 29 133 35 21 135 8
35 21 135 6 4 147 20
6 4 147 132 8 126 21
132 8 126 97 18 118 12
97 18 118 70 15 115 4
70 15 115 109 3 113 12
109 3 113 48 59 140 62
48 59 140 88 59 124 16
88 59 124 38 58 122 2
38 58 122 12 53 124 5
12 53 124 47 59 120 7
47 59 120 33 57 112 8
33 57 112 136 52 110 5
136 52 110 141 51 102 8
141 51 102 114 66 119 22
114 66 119 0 96 99 36
0 96 99 134 97 103 4
134 97 103 101 101 107 5
101 101 107 69 105 109 4
69 105 109 9 116 118 14
9 116 118 135 125 124 10
135 125 124 26 128 134 10
26 128 134 133 127 137 3
133 127 137 79 127 141 4
79 127 141 137 128 148 7
137 128 148 113 136 144 8
113 136 144 8 137 137 7
8 137 137 87 143 129 10
87 143 129 55 109 103 42
55 109 103 17 140 77 40
17 140 77 10 142 78 2
10 142 78 73 143 67 11
73 143 67 15 145 67 2
15 145 67 96 113 63 32
96 113 63 75 100 43 23
75 100 43 37 104 41 4
37 104 41 86 105 36 5
86 105 36 91 115 33 10
91 115 33 43 117 19 14
43 117 19 56 124 14 8
56 124 14 32 121 7 7
32 121 7 121 115 7 6
121 115 7 58 113 12 5
58 113 12 130 103 6 11
130 103 6 7 94 11 10
7 94 11 60 92 13 2
60 92 13 125 77 18 15
125 77 18 143 73 12 7
143 73 12 53 74 9 3
53 74 9 110 62 4 13
110 62 4 131 52 10 11
131 52 10 14 38 15 14
14 38 15 142 29 25 13
142 29 25 124 26 25 3
124 26 25 39 19 17 10
39 19 17 31 12 29 13
31 12 29 139 20 13 17
139 20 13 2 12 5 11
2 12 5 25 103 6 91
25 103 6 100 104 0 6
100 104 0 50 131 15 30
50 131 15 22 133 18 3
22 133 18 98 134 14 4
98 134 14 122 140 4 11
122 140 4 63 140 2 2
63 140 2 80 136 0 4
80 136 0 103 120 41 44
103 120 41 145 131 45 11
145 131 45 16 131 37 8
16 131 37 3 138 38 7
3 138 38 42 140 32 6
42 140 32 52 141 46 14
52 141 46 102 128 32 19
102 128 32 147 120 51 20
147 120 51 62 95 60 26
62 95 60 65 74 49 23
65 74 49 127 53 61 24
127 53 61 105 52 70 9
105 52 70 34 45 68 7
34 45 68 120 45 85 17
120 45 85 107 54 86 9
107 54 86 104 30 58 36
104 30 58 28 32 56 2
28 32 56 76 26 54 6
76 26 54 78 30 50 5
78 30 50 117 28 71 21
117 28 71 92 21 78 9
92 21 78 99 9 84 13
99 9 84 123 26 85 17
123 26 85 68 26 69 16
