57 76 38 1 84 31 10
1 84 31 2 79 26 7
2 79 26 17 83 17 9
17 83 17 49 83 5 12
49 83 5 29 81 2 3
29 81 2 83 77 25 23
83 77 25 56 73 27 4
56 73 27 47 73 39 12
47 73 39 48 63 46 12
48 63 46 21 59 37 9
21 59 37 40 56 35 3
40 56 35 44 52 33 4
44 52 33 81 46 33 6
81 46 33 11 44 31 2
11 44 31 64 40 31 4
64 40 31 78 39 29 2
78 39 29 67 32 28 7
67 32 28 70 24 29 8
70 24 29 35 20 27 4
35 20 27 36 23 35 8
36 23 35 25 29 40 7
25 29 40 9 23 47 9
9 23 47 12 20 48 3
12 20 48 6 20 51 3
6 20 51 19 15 55 6
19 15 55 58 10 52 5
58 10 52 54 2 58 10
54 2 58 60 18 63 16
60 18 63 62 27 67 9
62 27 67 13 33 72 7
13 33 72 55 40 79 9
55 40 79 43 34 82 6
43 34 82 80 49 75 16
80 49 75 74 51 77 2
74 51 77 46 59 77 8
46 59 77 84 61 73 4
84 61 73 52 61 68 5
52 61 68 41 57 63 6
41 57 63 42 54 59 5
42 54 59 32 52 59 2
32 52 59 16 48 56 5
16 48 56 24 40 54 8
24 40 54 75 44 48 7
75 44 48 50 42 44 4
50 42 44 53 50 44 8
53 50 44 68 54 57 13
68 54 57 73 65 68 15
73 65 68 4 68 73 5
4 68 73 7 68 75 2
7 68 75 45 69 82 7
45 69 82 3 79 84 10
3 79 84 14 79 84 0
14 79 84 39 71 61 24
39 71 61 18 75 58 5
18 75 58 23 79 66 8
23 79 66 26 79 67 1
26 79 67 69 74 52 15
69 74 52 5 82 49 8
5 82 49 65 49 78 43
65 49 78 71 39 68 14
71 39 68 63 3 81 38
63 3 81 72 24 52 35
72 24 52 51 25 54 2
51 25 54 20 13 44 15
20 13 44 37 8 41 5
37 8 41 10 13 37 6
10 13 37 33 8 30 8
33 8 30 76 32 26 24
76 32 26 38 45 24 13
38 45 24 31 48 21 4
31 48 21 59 52 4 17
59 52 4 61 62 1 10
61 62 1 79 39 18 28
79 39 18 27 38 16 2
27 38 16 30 30 17 8
30 30 17 15 27 11 6
15 27 11 22 23 7 5
22 23 7 28 17 2 7
28 17 2 0 16 1 1
0 16 1 66 7 0 9
66 7 0 82 3 3 5
82 3 3 77 25 6 22
77 25 6 8 30 3 5
8 30 3 34 24 14 12
34 24 14 57 76 38 57
