9 88 65 1 99 62 11
1 99 62 69 108 63 9
69 108 63 47 111 62 3
47 111 62 79 119 54 11
79 119 54 27 123 51 5
27 123 51 75 132 52 9
75 132 52 123 109 67 27
123 109 67 89 87 51 27
89 87 51 62 87 42 9
62 87 42 43 81 35 9
43 81 35 61 80 32 3
61 80 32 7 72 26 10
7 72 26 130 64 28 8
130 64 28 38 51 33 13
38 51 33 21 46 31 5
21 46 31 49 42 25 7
49 42 25 32 45 23 3
32 45 23 6 54 19 9
6 54 19 72 50 10 9
72 50 10 107 41 18 12
107 41 18 93 34 16 7
93 34 16 58 32 23 7
58 32 23 103 26 10 14
103 26 10 2 20 17 9
2 20 17 35 19 18 1
35 19 18 98 15 26 8
98 15 26 85 4 27 11
85 4 27 55 1 25 3
55 1 25 127 0 36 11
127 0 36 71 0 48 12
71 0 48 120 24 2 51
120 24 2 108 40 11 18
108 40 11 115 50 37 27
115 50 37 126 48 44 7
126 48 44 94 55 47 7
94 55 47 104 60 44 5
104 60 44 122 69 52 12
122 69 52 39 40 51 29
39 40 51 53 31 53 9
53 31 53 23 26 47 7
23 26 47 101 24 43 4
101 24 43 33 18 48 7
33 18 48 57 12 38 11
57 12 38 111 30 35 18
111 30 35 36 32 36 2
36 32 36 78 28 60 24
78 28 60 77 28 66 6
77 28 66 66 35 66 7
66 35 66 19 36 75 9
19 36 75 37 41 73 5
37 41 73 52 40 81 8
52 40 81 45 37 83 3
45 37 83 46 40 85 3
46 40 85 42 47 87 7
42 47 87 73 45 93 6
73 45 93 44 40 60 33
44 40 60 59 52 61 12
59 52 61 119 19 67 33
119 19 67 105 15 67 4
105 15 67 99 11 68 4
99 11 68 13 10 64 4
13 10 64 30 8 61 3
30 8 61 51 6 76 15
51 6 76 91 17 83 13
91 17 83 65 22 90 8
65 22 90 48 15 93 7
48 15 93 0 7 91 8
0 7 91 124 19 97 13
124 19 97 83 28 101 9
83 28 101 60 25 106 5
60 25 106 12 30 109 5
12 30 109 40 39 111 9
40 39 111 31 48 106 10
31 48 106 112 27 112 21
112 27 112 68 33 118 8
68 33 118 80 21 118 12
80 21 118 86 16 116 5
86 16 116 29 1 116 15
29 1 116 117 20 120 19
117 20 120 131 23 122 3
131 23 122 129 14 105 19
129 14 105 84 9 103 5
84 9 103 132 82 27 105
132 82 27 8 85 16 11
8 85 16 74 79 7 10
74 79 7 118 89 40 34
118 89 40 10 94 33 8
10 94 33 5 97 28 5
5 97 28 102 101 33 6
102 101 33 20 105 28 6
20 105 28 3 115 19 13
3 115 19 14 124 28 12
14 124 28 28 117 18 12
28 117 18 95 112 8 11
95 112 8 56 99 4 13
56 99 4 92 113 1 14
92 113 1 34 100 44 44
34 100 44 22 84 75 34
22 84 75 15 74 78 10
15 74 78 4 70 84 7
4 70 84 41 62 82 8
41 62 82 76 67 89 8
76 67 89 17 74 95 9
17 74 95 106 71 102 7
106 71 102 50 65 102 6
50 65 102 113 63 106 4
113 63 106 87 66 108 3
87 66 108 81 88 76 38
81 88 76 90 98 75 10
90 98 75 67 99 82 7
67 99 82 97 105 83 6
97 105 83 109 110 78 7
109 110 78 82 122 80 12
82 122 80 16 122 79 1
16 122 79 128 128 69 11
128 128 69 116 129 92 23
116 129 92 24 132 96 5
24 132 96 70 118 95 14
70 118 95 100 115 108 13
100 115 108 25 131 119 19
25 131 119 96 105 116 26
96 105 116 11 102 118 3
11 102 118 64 86 120 16
64 86 120 18 85 121 1
18 85 121 26 75 132 14
26 75 132 121 68 132 7
121 68 132 54 53 128 15
54 53 128 63 47 129 6
63 47 129 125 106 87 72
125 106 87 110 88 82 18
110 88 82 114 88 93 11
114 88 93 88 93 103 11
88 93 103 9 88 65 38
