8 35 19 1 29 14 7
1 29 14 44 30 10 4
44 30 10 20 35 2 9
20 35 2 5 28 21 20
5 28 21 11 28 24 3
11 28 24 28 25 28 5
28 25 28 21 27 35 7
21 27 35 38 20 24 13
38 20 24 29 19 21 3
29 19 21 42 14 23 5
42 14 23 33 12 20 3
33 12 20 17 1 21 11
17 1 21 36 0 22 1
36 0 22 34 11 13 14
34 11 13 41 12 5 8
41 12 5 22 11 4 1
22 11 4 3 8 2 3
3 8 2 40 7 2 1
40 7 2 39 4 4 3
39 4 4 32 13 5 9
32 13 5 51 16 3 3
51 16 3 48 22 6 6
48 22 6 4 24 0 6
4 24 0 37 37 21 24
37 37 21 6 42 23 5
6 42 23 9 39 31 8
9 39 31 2 41 35 4
2 41 35 30 42 40 5
30 42 40 47 39 43 4
47 39 43 15 35 42 4
15 35 42 14 28 43 7
14 28 43 19 22 49 8
19 22 49 50 17 45 6
50 17 45 27 13 47 4
27 13 47 49 1 48 12
49 1 48 10 0 46 2
10 0 46 43 17 37 19
43 17 37 24 37 46 21
24 37 46 0 43 47 6
0 43 47 12 44 51 4
12 44 51 18 45 44 7
18 45 44 35 46 47 3
35 46 47 25 51 50 5
25 51 50 7 46 35 15
7 46 35 23 50 39 5
23 50 39 26 47 22 17
26 47 22 31 47 16 6
31 47 16 46 48 22 6
46 48 22 45 36 17 13
45 36 17 16 41 13 6
16 41 13 13 43 8 5
13 43 8 8 35 19 13
