1 49 49 8 43 44 7
8 43 44 57 45 38 6
57 45 38 35 47 38 2
35 47 38 37 52 33 7
37 52 33 38 52 22 11
38 52 22 36 43 19 9
36 43 19 16 43 23 4
16 43 23 31 38 27 6
31 38 27 44 34 33 7
44 34 33 9 28 34 6
9 28 34 34 28 33 1
34 28 33 52 26 28 5
52 26 28 63 13 34 14
63 13 34 41 4 36 9
41 4 36 55 2 34 2
55 2 34 22 1 25 9
22 1 25 13 2 23 2
13 2 23 47 1 20 3
47 1 20 67 2 25 5
67 2 25 62 42 17 40
62 42 17 26 36 13 7
26 36 13 14 29 6 9
14 29 6 70 25 12 7
70 25 12 53 19 6 8
53 19 6 11 12 0 9
11 12 0 27 8 4 5
27 8 4 43 6 6 2
43 6 6 4 7 7 1
4 7 7 24 43 6 36
24 43 6 58 46 5 3
58 46 5 5 49 3 3
5 49 3 66 53 9 7
66 53 9 25 55 10 2
25 55 10 56 58 9 3
56 58 9 42 60 12 3
42 60 12 10 71 6 12
10 71 6 19 68 0 6
19 68 0 50 56 4 12
50 56 4 64 60 24 20
64 60 24 0 66 21 6
0 66 21 48 68 23 2
48 68 23 30 70 26 3
30 70 26 54 70 23 3
54 70 23 40 57 39 20
40 57 39 68 61 41 4
68 61 41 12 44 52 20
12 44 52 49 33 56 11
49 33 56 65 38 64 9
65 38 64 61 40 70 6
61 40 70 69 25 54 21
69 25 54 6 21 47 8
6 21 47 15 14 53 9
15 14 53 29 12 57 4
29 12 57 46 10 66 9
46 10 66 2 2 62 8
2 2 62 59 0 53 9
59 0 53 3 2 52 2
3 2 52 20 9 70 19
20 9 70 18 6 70 3
18 6 70 23 16 67 10
23 16 67 71 21 66 5
71 21 66 7 21 66 0
7 21 66 17 28 68 7
17 28 68 60 9 66 19
60 9 66 39 56 51 49
39 56 51 33 60 54 5
33 60 54 28 60 61 7
28 60 61 21 59 63 2
21 59 63 32 52 62 7
32 52 62 45 70 70 19
45 70 70 51 66 55 15
51 66 55 1 49 49 18
