9 54 10 1 65 17 13
1 65 17 19 67 19 2
19 67 19 28 74 9 12
28 74 9 30 85 15 12
30 85 15 74 86 15 1
74 86 15 87 87 3 12
87 87 3 7 84 0 4
7 84 0 0 52 9 33
0 52 9 18 47 9 5
18 47 9 35 44 12 4
35 44 12 23 38 15 6
23 38 15 78 32 19 7
78 32 19 3 30 14 5
3 30 14 50 29 13 1
50 29 13 6 22 20 9
6 22 20 2 14 10 12
2 14 10 36 12 7 3
36 12 7 8 12 4 3
8 12 4 57 20 22 19
57 20 22 11 12 25 8
11 12 25 47 21 28 9
47 21 28 5 30 34 10
5 30 34 13 20 30 10
13 20 30 25 13 34 8
25 13 34 20 7 41 9
20 7 41 73 10 46 5
73 10 46 53 5 31 15
53 5 31 80 1 20 11
80 1 20 81 42 24 41
81 42 24 24 49 24 7
24 49 24 14 52 26 3
14 52 26 33 57 35 10
33 57 35 34 66 36 9
34 66 36 61 64 42 6
61 64 42 21 69 46 6
21 69 46 15 68 49 3
15 68 49 58 63 57 9
58 63 57 40 62 64 7
40 62 64 31 61 65 1
31 61 65 54 63 69 4
54 63 69 37 66 69 3
37 66 69 38 69 73 5
38 69 73 32 64 77 6
32 64 77 71 84 78 20
71 84 78 63 86 81 3
63 86 81 29 80 85 7
29 80 85 42 79 87 2
42 79 87 75 60 71 24
75 60 71 51 52 72 8
51 52 72 84 53 77 5
84 53 77 27 46 78 7
27 46 78 59 57 81 11
59 57 81 26 63 86 7
26 63 86 46 58 58 28
46 58 58 22 51 62 8
22 51 62 83 51 63 1
83 51 63 48 58 55 10
48 58 55 43 58 51 4
43 58 51 56 56 55 4
56 56 55 70 51 50 7
70 51 50 10 51 45 5
10 51 45 85 48 49 5
85 48 49 77 44 46 5
77 44 46 39 37 47 7
39 37 47 79 43 55 10
79 43 55 67 35 63 11
67 35 63 49 29 70 9
49 29 70 45 23 65 7
45 23 65 76 24 59 6
76 24 59 4 21 59 3
4 21 59 52 25 72 13
52 25 72 64 30 80 9
64 30 80 65 19 75 12
65 19 75 72 11 71 8
72 11 71 86 6 70 5
86 6 70 60 3 75 5
60 3 75 16 9 81 8
16 9 81 62 71 34 77
62 71 34 12 72 39 5
12 72 39 44 77 44 7
44 77 44 69 51 22 34
69 51 22 41 39 6 20
41 39 6 66 33 3 6
66 33 3 55 28 3 5
55 28 3 17 27 4 1
17 27 4 82 53 8 26
82 53 8 68 51 4 4
68 51 4 9 54 10 6
