1 52 42 3 51 39 3
3 51 39 28 51 36 3
28 51 36 0 51 35 1
0 51 35 51 46 31 6
51 46 31 24 41 29 5
24 41 29 39 42 23 6
39 42 23 21 38 19 5
21 38 19 47 34 18 4
47 34 18 38 30 23 6
38 30 23 25 26 17 7
25 26 17 13 25 13 4
13 25 13 4 26 12 1
4 26 12 41 28 8 4
41 28 8 29 33 8 5
29 33 8 36 25 4 8
36 25 4 33 29 1 5
33 29 1 42 22 2 7
42 22 2 18 17 7 7
18 17 7 34 10 4 7
34 10 4 45 8 6 2
45 8 6 37 2 7 6
37 2 7 50 34 28 38
50 34 28 32 45 17 15
32 45 17 9 48 12 5
9 48 12 11 50 12 2
11 50 12 22 48 8 4
22 48 8 26 46 4 4
26 46 4 43 43 1 4
43 43 1 48 50 15 15
48 50 15 12 51 18 3
12 51 18 16 52 21 3
16 52 21 17 50 21 2
17 50 21 19 51 47 26
19 51 47 49 47 49 4
49 47 49 8 47 47 2
8 47 47 31 46 46 1
31 46 46 20 39 43 7
20 39 43 23 38 37 6
23 38 37 2 32 37 6
2 32 37 30 28 35 4
30 28 35 15 19 44 12
15 19 44 35 17 51 7
35 17 51 52 10 50 7
52 10 50 27 3 42 10
27 3 42 46 3 41 1
46 3 41 7 4 40 1
7 4 40 5 3 27 13
5 3 27 14 4 25 2
14 4 25 10 10 22 6
10 10 22 6 11 25 3
6 11 25 40 3 22 8
40 3 22 44 43 49 48
44 43 49 1 52 42 11
