1 1 13 20 18 18 17
20 18 18 100 15 28 10
100 15 28 106 14 32 4
106 14 32 8 1 30 13
8 1 30 63 14 42 17
63 14 42 23 3 55 17
23 3 55 43 5 63 8
43 5 63 12 23 72 20
12 23 72 71 34 84 16
71 34 84 127 42 83 8
127 42 83 88 56 91 16
88 56 91 86 58 96 5
86 58 96 13 65 100 8
13 65 100 37 75 93 12
37 75 93 6 72 88 5
6 72 88 120 65 80 10
120 65 80 49 59 76 7
49 59 76 135 62 68 8
135 62 68 5 58 68 4
5 58 68 80 57 68 1
80 57 68 48 56 68 1
48 56 68 97 63 62 9
97 63 62 39 58 59 5
39 58 59 0 53 57 5
0 53 57 105 59 52 7
105 59 52 98 59 45 7
98 59 45 99 55 35 10
99 55 35 110 47 50 17
110 47 50 65 41 51 6
65 41 51 59 42 59 8
59 42 59 117 80 93 50
117 80 93 53 87 85 10
53 87 85 27 78 76 12
27 78 76 26 78 70 6
26 78 70 31 90 80 15
31 90 80 108 95 73 8
108 95 73 42 94 71 2
42 94 71 93 93 62 9
93 93 62 125 90 55 7
125 90 55 128 96 51 7
128 96 51 51 101 51 5
51 101 51 21 105 38 13
21 105 38 34 98 30 10
34 98 30 116 98 19 11
116 98 19 36 107 6 15
36 107 6 74 103 1 6
74 103 1 133 113 11 14
133 113 11 90 119 13 6
90 119 13 96 129 11 10
96 129 11 102 130 3 8
102 130 3 112 123 1 7
112 123 1 113 88 12 36
113 88 12 82 75 20 15
82 75 20 15 67 13 10
15 67 13 115 87 8 20
115 87 8 76 109 34 34
76 109 34 28 114 37 5
28 114 37 137 124 40 10
137 124 40 109 126 39 2
109 126 39 17 133 42 7
17 133 42 72 134 48 6
72 134 48 9 133 57 9
9 133 57 61 136 66 9
61 136 66 124 133 69 4
124 133 69 78 126 68 7
78 126 68 114 128 77 9
114 128 77 56 125 88 11
56 125 88 101 114 95 13
101 114 95 89 112 104 9
89 112 104 87 107 104 5
87 107 104 91 104 115 11
91 104 115 83 110 118 6
83 110 118 70 116 124 8
70 116 124 50 113 133 9
50 113 133 67 123 132 10
67 123 132 45 130 128 8
45 130 128 44 136 126 6
44 136 126 136 133 101 25
136 133 101 130 127 110 10
130 127 110 52 129 48 62
52 129 48 107 120 53 10
107 120 53 46 121 59 6
46 121 59 25 117 63 5
25 117 63 81 112 61 5
81 112 61 121 137 30 39
121 137 30 40 114 30 23
40 114 30 129 86 54 36
129 86 54 132 80 49 7
132 80 49 16 77 35 14
16 77 35 118 103 72 45
118 103 72 10 103 72 0
10 103 72 77 107 76 5
77 107 76 60 111 80 5
60 111 80 64 106 79 5
64 106 79 55 88 100 27
55 88 100 41 92 98 4
41 92 98 95 92 105 7
95 92 105 122 82 104 10
122 82 104 47 77 107 5
47 77 107 30 75 108 2
30 75 108 119 77 114 6
119 77 114 18 78 115 1
18 78 115 66 74 122 8
66 74 122 38 67 122 7
38 67 122 104 64 134 12
104 64 134 32 53 136 11
32 53 136 7 49 133 5
7 49 133 3 40 136 9
3 40 136 4 37 127 9
4 37 127 58 38 117 10
58 38 117 62 37 114 3
62 37 114 19 45 108 10
19 45 108 24 51 113 7
24 51 113 134 46 106 8
134 46 106 79 43 102 5
79 43 102 85 27 99 16
85 27 99 54 11 102 16
54 11 102 29 10 109 7
29 10 109 75 12 117 8
75 12 117 69 20 122 9
69 20 122 92 10 125 10
92 10 125 68 0 136 14
68 0 136 103 4 122 14
103 4 122 123 5 111 11
123 5 111 33 3 97 14
33 3 97 22 1 102 5
22 1 102 35 2 90 12
35 2 90 11 5 87 4
11 5 87 111 27 99 25
111 27 99 94 74 124 53
94 74 124 73 83 110 16
73 83 110 57 0 66 93
57 0 66 131 18 44 28
131 18 44 126 20 45 2
126 20 45 84 31 13 33
84 31 13 2 35 22 9
2 35 22 14 45 13 13
14 45 13 1 1 13 44
