33 31 2 1 33 0 2
1 33 0 13 32 2 2
13 32 2 8 30 7 5
8 30 7 28 27 10 4
28 27 10 4 26 12 2
4 26 12 20 24 18 6
20 24 18 11 25 24 6
11 25 24 3 26 30 6
3 26 30 2 30 33 5
2 30 33 17 34 33 4
17 34 33 6 34 36 3
6 34 36 21 35 31 5
21 35 31 7 35 29 2
7 35 29 19 34 21 8
19 34 21 25 30 35 14
25 30 35 37 19 36 11
37 19 36 14 18 37 1
14 18 37 39 16 38 2
39 16 38 29 10 39 6
29 10 39 31 9 37 2
31 9 37 15 8 30 7
15 8 30 24 9 21 9
24 9 21 18 14 23 5
18 14 23 36 4 15 12
36 4 15 34 1 22 7
34 1 22 35 7 13 10
35 7 13 9 8 8 5
9 8 8 0 4 6 4
0 4 6 10 10 5 6
10 10 5 26 8 4 2
26 8 4 40 2 12 10
40 2 12 23 20 15 18
23 20 15 32 18 12 3
32 18 12 30 18 11 1
30 18 11 16 30 14 12
16 30 14 22 25 3 12
22 25 3 12 25 3 0
12 25 3 27 25 1 2
27 25 1 38 32 7 9
38 32 7 5 40 8 8
5 40 8 33 31 2 10
