67 7 42 1 5 47 5
1 5 47 33 9 44 5
33 9 44 14 9 41 3
14 9 41 38 12 35 6
38 12 35 30 15 30 5
30 15 30 7 22 35 8
7 22 35 70 23 43 8
70 23 43 24 22 45 2
24 22 45 29 26 54 9
29 26 54 52 34 55 8
52 34 55 50 38 52 5
50 38 52 49 35 44 8
49 35 44 12 42 38 9
12 42 38 66 44 35 3
66 44 35 68 43 30 5
68 43 30 36 43 27 3
36 43 27 40 46 28 3
40 46 28 56 40 52 24
56 40 52 37 42 58 6
37 42 58 64 42 59 1
64 42 59 74 46 66 8
74 46 66 20 55 66 9
20 55 66 6 62 63 7
6 62 63 41 65 63 3
41 65 63 58 69 65 4
58 69 65 34 72 67 3
34 72 67 48 73 71 4
48 73 71 76 67 73 6
76 67 73 10 57 78 11
10 57 78 54 72 61 22
54 72 61 2 70 54 7
2 70 54 16 67 49 5
16 67 49 57 65 51 2
57 65 51 21 59 48 6
21 59 48 45 58 44 4
45 58 44 3 58 40 4
3 58 40 19 57 40 1
19 57 40 77 60 40 3
77 60 40 17 63 42 3
17 63 42 22 52 45 11
22 52 45 9 52 50 5
9 52 50 78 73 61 23
78 73 61 25 77 62 4
25 77 62 43 43 74 36
43 43 74 13 44 76 2
13 44 76 44 38 69 9
44 38 69 35 31 65 8
35 31 65 61 30 66 1
61 30 66 53 23 70 8
53 23 70 69 25 74 4
69 25 74 63 15 52 24
63 15 52 15 14 55 3
15 14 55 47 2 63 14
47 2 63 32 20 26 41
32 20 26 4 17 22 5
4 17 22 65 12 20 5
65 12 20 26 4 12 11
26 4 12 55 26 22 24
55 26 22 0 35 17 10
0 35 17 18 41 8 10
18 41 8 59 47 3 7
59 47 3 23 51 7 5
23 51 7 28 53 18 11
28 53 18 31 56 22 5
31 56 22 62 65 25 9
62 65 25 5 68 31 6
5 68 31 46 74 27 7
46 74 27 51 66 16 13
51 66 16 39 69 15 3
39 69 15 27 73 8 8
27 73 8 11 72 1 7
11 72 1 71 75 17 16
71 75 17 42 62 9 15
42 62 9 60 39 6 23
60 39 6 72 39 3 3
72 39 3 75 25 10 15
75 25 10 73 23 0 10
73 23 0 8 15 3 8
8 15 3 67 7 42 39
