7 5 22 1 9 23 4
1 9 23 3 7 26 3
3 7 26 29 6 38 12
29 6 38 8 4 20 18
8 4 20 25 8 15 6
25 8 15 30 13 14 5
30 13 14 9 10 8 6
9 10 8 10 9 0 8
10 9 0 20 8 0 1
20 8 0 28 4 1 4
28 4 1 19 1 0 3
19 1 0 22 16 9 17
22 16 9 16 20 4 6
16 20 4 2 24 8 5
2 24 8 38 21 4 5
38 21 4 32 16 18 14
32 16 18 26 16 20 2
26 16 20 12 18 27 7
12 18 27 35 21 29 3
35 21 29 6 22 29 1
6 22 29 31 23 29 1
31 23 29 24 28 31 5
24 28 31 23 27 32 1
23 27 32 27 25 36 4
27 25 36 33 29 29 8
33 29 29 14 26 24 5
14 26 24 5 23 24 3
5 23 24 36 32 29 10
36 32 29 11 34 32 3
11 34 32 13 34 36 4
13 34 36 21 35 27 9
21 35 27 18 32 22 5
18 32 22 0 37 19 5
0 37 19 37 34 11 8
37 34 11 4 35 11 1
4 35 11 15 31 4 8
15 31 4 34 30 34 30
34 30 34 17 2 17 32
17 2 17 7 5 22 5
