44 30 58 1 30 50 8
1 30 50 11 24 50 6
11 24 50 43 14 53 10
43 14 53 65 5 52 9
65 5 52 57 4 47 5
57 4 47 77 0 60 13
77 0 60 70 35 46 37
70 35 46 62 30 40 7
62 30 40 54 23 36 8
54 23 36 30 25 32 4
30 25 32 25 21 26 7
25 21 26 28 14 27 7
28 14 27 80 7 27 7
80 7 27 58 2 24 5
58 2 24 39 5 22 3
39 5 22 50 0 28 7
50 0 28 15 3 34 6
15 3 34 82 6 37 4
82 6 37 64 1 28 10
64 1 28 52 19 22 18
52 19 22 8 13 10 13
8 13 10 59 12 3 7
59 12 3 73 10 3 2
73 10 3 27 7 5 3
27 7 5 68 6 4 1
68 6 4 34 9 2 3
34 9 2 66 27 30 33
66 27 30 37 31 26 5
37 31 26 32 27 18 8
32 27 18 4 27 10 8
4 27 10 23 32 18 9
23 32 18 81 33 16 2
81 33 16 45 22 35 21
45 22 35 61 14 38 8
61 14 38 42 35 65 34
42 35 65 36 39 74 9
36 39 74 0 36 83 9
0 36 83 31 28 76 10
31 28 76 76 21 79 7
76 21 79 10 13 69 12
10 13 69 84 11 71 2
84 11 71 83 7 73 4
83 7 73 17 3 83 10
17 3 83 46 42 64 43
46 42 64 24 50 56 11
24 50 56 40 49 69 13
40 49 69 2 51 73 4
2 51 73 5 53 81 8
5 53 81 85 67 73 16
85 67 73 33 74 82 11
33 74 82 63 75 70 12
63 75 70 20 82 72 7
20 82 72 3 85 60 12
3 85 60 53 72 60 13
53 72 60 16 71 47 13
16 71 47 13 76 44 5
13 76 44 22 81 37 8
22 81 37 35 83 31 6
35 83 31 38 80 23 8
38 80 23 18 75 23 5
18 75 23 26 76 18 5
26 76 18 12 82 13 7
12 82 13 60 79 5 8
60 79 5 6 78 6 1
6 78 6 47 77 3 3
47 77 3 67 78 0 3
67 78 0 72 76 3 3
72 76 3 74 73 4 3
74 73 4 19 72 1 3
19 72 1 29 67 5 6
29 67 5 9 63 9 5
9 63 9 79 65 11 2
79 65 11 78 63 12 2
78 63 12 14 52 14 11
14 52 14 55 85 22 33
55 85 22 56 85 30 8
56 85 30 49 80 46 16
49 80 46 48 71 45 9
48 71 45 51 69 44 2
51 69 44 69 62 37 9
69 62 37 7 52 35 10
7 52 35 41 48 35 4
41 48 35 21 47 31 4
21 47 31 75 63 32 16
75 63 32 71 58 27 7
71 58 27 44 30 58 41
