1 48 43 104 49 48 5
104 49 48 30 41 49 8
30 41 49 4 38 44 5
4 38 44 64 39 42 2
64 39 42 25 37 36 6
25 37 36 117 41 26 10
117 41 26 39 31 26 10
39 31 26 8 25 28 6
8 25 28 28 18 22 9
28 18 22 55 10 18 8
55 10 18 86 15 10 9
86 15 10 109 4 12 11
109 4 12 98 1 5 7
98 1 5 79 25 35 38
79 25 35 15 26 36 1
15 26 36 72 46 15 29
72 46 15 45 41 8 8
45 41 8 88 48 3 8
88 48 3 75 59 0 11
75 59 0 52 62 0 3
52 62 0 62 71 9 12
62 71 9 37 82 17 13
37 82 17 6 79 21 5
6 79 21 127 85 23 6
127 85 23 46 89 19 5
46 89 19 74 90 16 3
74 90 16 57 100 18 10
57 100 18 21 96 29 11
21 96 29 22 107 29 11
22 107 29 34 116 33 9
34 116 33 20 121 21 13
20 121 21 82 126 10 12
82 126 10 31 126 40 30
31 126 40 23 120 52 13
23 120 52 91 122 63 11
91 122 63 114 120 65 2
114 120 65 94 116 64 4
94 116 64 38 110 65 6
38 110 65 42 97 69 13
42 97 69 123 96 80 11
123 96 80 119 100 90 10
119 100 90 78 94 97 9
78 94 97 26 91 95 3
26 91 95 53 101 108 16
53 101 108 19 112 101 13
19 112 101 3 117 112 12
3 117 112 93 112 118 7
93 112 118 61 113 129 11
61 113 129 65 123 91 39
65 123 91 85 127 88 5
85 127 88 32 121 83 7
32 121 83 96 125 95 12
96 125 95 99 94 120 39
99 94 120 66 89 121 5
66 89 121 111 84 121 5
111 84 121 44 85 113 8
44 85 113 84 75 121 12
84 75 121 10 70 125 6
10 70 125 76 69 128 3
76 69 128 13 74 115 13
13 74 115 54 68 114 6
54 68 114 24 64 115 4
24 64 115 2 58 112 6
2 58 112 92 50 113 8
92 50 113 43 47 112 3
43 47 112 14 42 106 7
14 42 106 125 41 102 4
125 41 102 121 39 100 2
121 39 100 110 38 91 9
110 38 91 90 30 86 9
90 30 86 87 26 84 4
87 26 84 60 16 86 10
60 16 86 89 11 70 16
89 11 70 17 16 70 5
17 16 70 69 18 56 14
69 18 56 58 15 55 3
58 15 55 48 17 53 2
48 17 53 71 2 56 15
71 2 56 49 5 73 17
49 5 73 112 0 73 5
112 0 73 115 9 90 19
115 9 90 113 16 96 9
113 16 96 27 8 102 10
27 8 102 126 39 106 31
126 39 106 100 43 116 10
100 43 116 9 36 120 8
9 36 120 0 46 128 12
0 46 128 35 56 126 10
35 56 126 70 57 126 1
70 57 126 29 34 115 25
29 34 115 129 24 113 10
129 24 113 67 23 116 3
67 23 116 12 22 123 7
12 22 123 128 12 128 11
128 12 128 97 54 103 48
97 54 103 102 52 99 4
102 52 99 5 58 91 10
5 58 91 47 69 98 13
47 69 98 59 77 91 10
59 77 91 11 80 84 7
11 80 84 120 76 80 5
120 76 80 7 73 71 9
7 73 71 106 73 85 14
106 73 85 95 75 101 16
95 75 101 51 49 82 32
51 49 82 40 58 77 10
40 58 77 33 114 50 62
33 114 50 36 99 51 15
36 99 51 81 90 33 20
81 90 33 80 77 40 14
80 77 40 77 102 12 37
77 102 12 73 102 11 1
73 102 11 41 110 4 10
41 110 4 63 112 8 4
63 112 8 101 92 9 20
101 92 9 83 88 7 4
83 88 7 68 73 6 15
68 73 6 116 32 2 41
116 32 2 18 28 6 5
18 28 6 107 28 14 8
107 28 14 124 32 1 13
124 32 1 56 41 55 54
56 41 55 118 45 64 9
118 45 64 103 41 67 5
103 41 67 108 51 51 18
108 51 51 50 55 41 10
50 55 41 105 62 42 7
105 62 42 122 64 50 8
122 64 50 16 73 54 9
16 73 54 1 48 43 27
