48 4 91 1 10 81 11
1 10 81 91 4 97 17
91 4 97 22 10 98 6
22 10 98 14 13 93 5
14 13 93 92 16 95 3
92 16 95 8 26 86 13
8 26 86 4 26 79 7
4 26 79 77 35 77 9
77 35 77 26 39 84 8
26 39 84 29 35 94 10
29 35 94 63 32 95 3
63 32 95 86 41 96 9
86 41 96 75 48 98 7
75 48 98 37 55 103 8
37 55 103 18 66 99 11
18 66 99 67 73 101 7
67 73 101 89 76 106 5
89 76 106 54 83 109 7
54 83 109 96 88 101 9
96 88 101 94 98 107 11
94 98 107 16 101 109 3
16 101 109 73 61 93 43
73 61 93 31 68 89 8
31 68 89 30 72 91 4
30 72 91 97 38 104 36
97 38 104 68 47 82 23
68 47 82 42 42 73 10
42 42 73 41 49 64 11
41 49 64 69 44 61 5
69 44 61 70 38 60 6
70 38 60 5 37 61 1
5 37 61 12 37 56 5
12 37 56 107 39 55 2
107 39 55 46 42 51 5
46 42 51 95 36 48 6
95 36 48 15 33 42 6
15 33 42 24 26 28 15
24 26 28 38 16 36 12
38 16 36 0 6 40 10
0 6 40 51 0 39 6
51 0 39 90 5 46 8
90 5 46 104 2 51 5
104 2 51 3 0 50 2
3 0 50 101 24 21 37
101 24 21 27 19 13 9
27 19 13 76 10 16 9
76 10 16 23 6 20 5
23 6 20 62 9 7 13
62 9 7 57 35 20 29
57 35 20 93 37 16 4
93 37 16 83 44 18 7
83 44 18 82 55 16 11
82 55 16 32 58 11 5
32 58 11 11 57 3 8
11 57 3 72 70 9 14
72 70 9 34 72 2 7
34 72 2 50 42 41 49
50 42 41 109 41 34 7
109 41 34 49 32 58 25
49 32 58 43 27 55 5
43 27 55 19 26 52 3
19 26 52 99 22 56 5
99 22 56 74 20 60 4
74 20 60 52 12 66 10
52 12 66 59 25 64 13
59 25 64 7 26 65 1
7 26 65 80 55 74 30
80 55 74 79 62 65 11
79 62 65 9 70 70 9
9 70 70 106 74 67 5
106 74 67 39 74 58 9
39 74 58 58 81 55 7
58 81 55 33 90 60 10
33 90 60 20 95 60 5
20 95 60 44 96 65 5
44 96 65 53 104 73 11
53 104 73 13 106 75 2
13 106 75 81 104 75 2
81 104 75 56 105 83 8
56 105 83 85 105 83 0
85 105 83 103 90 67 21
103 90 67 55 100 60 12
55 100 60 64 109 59 9
64 109 59 71 105 48 11
71 105 48 10 100 48 5
10 100 48 105 109 44 9
105 109 44 108 82 52 28
108 82 52 47 82 41 11
47 82 41 25 85 33 8
25 85 33 28 90 39 7
28 90 39 45 92 39 2
45 92 39 102 97 31 9
102 97 31 21 105 29 8
21 105 29 88 108 16 13
88 108 16 6 108 15 1
6 108 15 17 103 12 5
17 103 12 36 95 16 8
36 95 16 84 104 1 17
84 104 1 2 98 2 6
2 98 2 87 97 31 29
87 97 31 35 78 25 19
35 78 25 65 74 25 4
65 74 25 66 73 39 14
66 73 39 40 78 73 34
40 78 73 98 85 83 12
98 85 83 100 90 81 5
100 90 81 78 79 66 18
78 79 66 61 24 78 56
61 24 78 60 9 102 28
60 9 102 48 4 91 12
