4 93 96 1 93 97 1
1 93 97 0 98 96 5
0 98 96 74 103 101 7
74 103 101 41 108 94 8
41 108 94 84 108 110 16
84 108 110 57 99 111 9
57 99 111 34 92 86 25
34 92 86 19 96 84 4
19 96 84 30 98 86 2
30 98 86 86 105 76 12
86 105 76 100 104 63 13
100 104 63 25 102 59 4
25 102 59 48 96 57 6
48 96 57 81 93 64 7
81 93 64 88 89 48 16
88 89 48 27 83 50 6
27 83 50 91 78 62 13
91 78 62 10 72 62 6
10 72 62 42 70 61 2
42 70 61 22 67 51 10
22 67 51 87 55 47 12
87 55 47 15 52 52 5
15 52 52 23 47 48 6
23 47 48 96 42 53 7
96 42 53 18 29 55 13
18 29 55 54 21 48 10
54 21 48 78 16 40 9
78 16 40 16 23 31 11
16 23 31 47 16 25 9
47 16 25 70 8 41 17
70 8 41 43 3 41 5
43 3 41 45 5 37 4
45 5 37 28 0 28 10
28 0 28 35 4 25 5
35 4 25 103 4 12 13
103 4 12 77 1 10 3
77 1 10 94 5 12 4
94 5 12 33 11 7 7
33 11 7 107 15 3 5
107 15 3 6 19 0 5
6 19 0 110 25 13 14
110 25 13 51 3 52 44
51 3 52 53 9 56 7
53 9 56 14 6 66 10
14 6 66 68 3 78 12
68 3 78 98 0 89 11
98 0 89 12 2 98 9
12 2 98 79 6 108 10
79 6 108 26 4 110 2
26 4 110 111 17 109 13
111 17 109 5 26 105 9
5 26 105 7 31 106 5
7 31 106 80 32 106 1
80 32 106 8 18 110 14
8 18 110 62 17 103 7
62 17 103 76 22 63 40
76 22 63 31 22 66 3
31 22 66 67 32 69 10
67 32 69 106 18 71 14
106 18 71 66 20 78 7
66 20 78 52 25 84 7
52 25 84 61 19 89 7
61 19 89 56 52 42 57
56 52 42 46 50 37 5
46 50 37 109 40 36 10
109 40 36 32 39 41 5
32 39 41 105 56 40 17
105 56 40 101 65 35 10
101 65 35 24 68 24 11
24 68 24 9 70 23 2
9 70 23 102 73 21 3
102 73 21 95 80 26 8
95 80 26 75 81 36 10
75 81 36 93 88 21 16
93 88 21 72 90 30 9
72 90 30 65 91 32 2
65 91 32 37 101 29 10
37 101 29 71 105 16 13
71 105 16 55 106 16 1
55 106 16 85 108 4 12
85 108 4 36 109 2 2
36 109 2 92 105 29 27
92 105 29 29 109 34 6
29 109 34 2 111 34 2
2 111 34 89 89 14 29
89 89 14 63 91 7 7
63 91 7 38 60 23 34
38 60 23 82 46 9 19
82 46 9 99 46 4 5
99 46 4 13 56 1 10
13 56 1 44 89 81 86
44 89 81 39 87 82 2
39 87 82 104 87 87 5
104 87 87 64 83 93 7
64 83 93 11 79 103 10
11 79 103 73 72 108 8
73 72 108 20 66 100 10
20 66 100 90 74 92 11
90 74 92 21 72 88 4
21 72 88 69 62 84 10
69 62 84 49 58 92 8
49 58 92 40 56 94 2
40 56 94 59 55 107 13
59 55 107 60 55 92 15
60 55 92 3 52 88 5
3 52 88 108 46 87 6
108 46 87 17 47 80 7
17 47 80 50 48 72 8
50 48 72 97 46 88 16
97 46 88 83 41 91 5
83 41 91 58 38 91 3
58 38 91 4 93 96 55
