1 73 102 113 85 99 12
113 85 99 127 98 101 13
127 98 101 12 106 98 8
12 106 98 32 112 103 7
32 112 103 11 118 98 7
11 118 98 126 124 98 6
126 124 98 75 124 101 3
75 124 101 110 121 104 4
110 121 104 39 127 110 8
39 127 110 118 129 97 13
118 129 97 24 138 98 9
24 138 98 134 140 100 2
134 140 100 141 124 92 17
141 124 92 55 123 88 4
55 123 88 119 115 77 13
119 115 77 46 114 75 2
46 114 75 29 126 70 13
29 126 70 45 136 70 10
45 136 70 42 137 69 1
42 137 69 122 146 74 10
122 146 74 97 145 84 10
97 145 84 47 110 60 42
47 110 60 129 118 53 10
129 118 53 137 117 48 5
137 117 48 67 118 48 1
67 118 48 128 120 45 3
128 120 45 60 124 42 5
60 124 42 13 131 30 13
13 131 30 112 139 39 12
112 139 39 57 145 51 13
57 145 51 120 141 54 5
120 141 54 146 135 16 38
146 135 16 70 133 12 4
70 133 12 31 127 13 6
31 127 13 10 120 6 9
10 120 6 34 138 10 18
34 138 10 18 144 6 7
18 144 6 35 145 3 3
35 145 3 41 133 0 12
41 133 0 111 107 44 51
111 107 44 44 103 34 10
44 103 34 27 95 29 9
27 95 29 69 91 23 7
69 91 23 142 93 33 10
142 93 33 22 91 35 2
22 91 35 71 95 43 8
71 95 43 88 93 49 6
88 93 49 23 91 52 3
23 91 52 79 93 64 12
79 93 64 101 83 56 12
101 83 56 37 82 58 2
37 82 58 61 80 62 4
61 80 62 140 80 63 1
140 80 63 5 84 78 15
5 84 78 83 69 76 15
83 69 76 106 65 80 5
106 65 80 89 78 53 29
89 78 53 62 76 48 5
62 76 48 90 67 42 10
90 67 42 56 61 54 13
56 61 54 84 52 47 11
84 52 47 95 60 55 11
95 60 55 72 47 64 15
72 47 64 116 48 76 12
116 48 76 86 48 79 3
86 48 79 73 66 30 52
73 66 30 108 64 24 6
108 64 24 80 56 20 8
80 56 20 66 64 12 11
66 64 12 58 64 10 2
58 64 10 25 55 5 10
25 55 5 144 72 12 18
144 72 12 124 49 25 26
124 49 25 132 41 25 8
132 41 25 82 26 24 15
82 26 24 59 22 17 8
59 22 17 16 10 18 12
16 10 18 40 5 16 5
40 5 16 138 11 12 7
138 11 12 117 10 8 4
117 10 8 94 28 4 18
94 28 4 14 38 8 10
14 38 8 102 28 39 32
102 28 39 139 28 41 2
139 28 41 38 32 45 5
38 32 45 63 32 52 7
63 32 52 28 29 54 3
28 29 54 54 31 56 2
54 31 56 6 29 64 8
6 29 64 81 32 71 7
81 32 71 87 22 81 14
87 22 81 26 5 85 17
26 5 85 103 2 89 5
103 2 89 21 15 99 16
21 15 99 48 24 100 9
48 24 100 105 2 84 27
105 2 84 123 21 51 38
123 21 51 76 10 47 11
76 10 47 133 4 41 8
133 4 41 114 18 57 21
114 18 57 2 11 62 8
2 11 62 3 4 63 7
3 4 63 135 21 63 17
135 21 63 104 79 32 65
104 79 32 52 108 30 29
52 108 30 0 110 28 2
0 110 28 4 104 23 7
4 104 23 17 100 21 4
17 100 21 131 100 15 6
131 100 15 50 95 3 13
50 95 3 109 104 56 53
109 104 56 98 115 93 38
98 115 93 115 108 110 18
115 108 110 96 68 109 40
96 68 109 19 63 111 5
19 63 111 64 60 120 9
64 60 120 107 56 124 5
107 56 124 145 49 128 8
145 49 128 143 44 133 7
143 44 133 74 44 134 1
74 44 134 65 52 142 11
65 52 142 68 59 142 7
68 59 142 121 40 128 23
121 40 128 33 20 121 21
33 20 121 100 14 140 19
100 14 140 9 11 142 3
9 11 142 20 0 129 17
20 0 129 93 22 145 27
93 22 145 51 76 123 58
51 76 123 130 79 131 8
130 79 131 36 81 144 13
36 81 144 15 99 146 18
15 99 146 136 108 139 11
136 108 139 49 112 137 4
49 112 137 8 125 130 14
8 125 130 92 131 136 8
92 131 136 43 135 130 7
43 135 130 85 127 146 17
85 127 146 99 112 136 18
99 112 136 53 103 135 9
53 103 135 77 112 142 11
77 112 142 125 67 101 60
125 67 101 91 60 103 7
91 60 103 30 55 109 7
30 55 109 7 52 111 3
7 52 111 78 49 97 14
78 49 97 1 73 102 24
