1 2 11 24 9 8 7
24 9 8 28 7 4 4
28 7 4 22 5 2 2
22 5 2 17 11 1 6
17 11 1 26 14 3 3
26 14 3 21 16 8 5
21 16 8 12 13 15 7
12 13 15 9 16 21 6
9 16 21 8 16 23 2
8 16 23 4 19 21 3
4 19 21 14 19 17 4
14 19 17 16 25 14 6
16 25 14 7 25 15 1
7 25 15 27 27 20 5
27 27 20 15 27 22 2
15 27 22 10 25 12 10
10 25 12 20 28 13 3
20 28 13 19 29 12 1
19 29 12 0 20 27 17
0 20 27 2 23 28 3
2 23 28 11 11 27 12
11 11 27 25 9 26 2
25 9 26 5 7 27 2
5 7 27 18 5 23 4
18 5 23 3 4 19 4
3 4 19 6 0 19 4
6 0 19 13 2 24 5
13 2 24 23 10 16 11
23 10 16 29 20 1 18
29 20 1 1 2 11 20
