1 53 101 55 50 99 3
55 50 99 98 50 91 8
98 50 91 64 53 80 11
64 53 80 49 60 74 9
49 60 74 120 55 66 9
120 55 66 124 63 61 9
124 63 61 102 72 59 9
102 72 59 32 75 53 6
32 75 53 37 74 61 8
37 74 61 119 81 67 9
119 81 67 83 81 79 12
83 81 79 38 80 80 1
38 80 80 137 82 87 7
137 82 87 131 88 93 8
131 88 93 25 92 89 5
25 92 89 7 94 88 2
7 94 88 122 87 99 13
122 87 99 14 94 102 7
14 94 102 2 103 96 10
2 103 96 121 110 96 7
121 110 96 86 110 106 10
86 110 106 125 124 92 19
125 124 92 68 128 78 14
68 128 78 111 127 76 2
111 127 76 91 127 93 17
91 127 93 95 132 92 5
95 132 92 34 139 94 7
34 139 94 136 140 95 1
136 140 95 115 128 106 16
115 128 106 3 129 113 7
3 129 113 50 120 124 14
50 120 124 36 120 124 0
36 120 124 48 116 127 5
48 116 127 75 114 130 3
75 114 130 23 116 137 7
23 116 137 42 119 140 4
42 119 140 132 110 137 9
132 110 137 109 105 138 5
109 105 138 19 100 138 5
19 100 138 97 120 131 21
97 120 131 90 141 140 22
90 141 140 127 113 121 33
127 113 121 105 101 123 12
105 101 123 30 99 122 2
30 99 122 123 88 126 11
123 88 126 22 82 123 6
22 82 123 110 80 128 5
110 80 128 84 69 130 11
84 69 130 100 59 121 13
100 59 121 113 60 141 20
113 60 141 54 41 79 64
54 41 79 40 38 90 11
40 38 90 129 41 67 23
129 41 67 87 36 60 8
87 36 60 53 35 52 8
53 35 52 70 37 46 6
70 37 46 59 32 44 5
59 32 44 104 41 37 11
104 41 37 134 34 29 10
134 34 29 69 32 23 6
69 32 23 57 27 25 5
57 27 25 45 24 33 8
45 24 33 26 17 31 7
26 17 31 74 16 23 8
74 16 23 58 8 13 12
58 8 13 130 7 6 7
130 7 6 82 20 16 16
82 20 16 89 11 35 21
89 11 35 35 9 44 9
35 9 44 6 5 49 6
6 5 49 79 13 48 8
79 13 48 73 18 45 5
73 18 45 128 20 58 13
128 20 58 44 19 63 5
44 19 63 63 18 71 8
63 18 71 77 25 73 7
77 25 73 62 27 80 7
62 27 80 139 21 88 10
139 21 88 16 22 99 11
16 22 99 116 22 105 6
116 22 105 61 22 112 7
61 22 112 112 25 119 7
112 25 119 4 15 127 12
4 15 127 11 17 138 11
11 17 138 27 27 140 10
27 27 140 140 6 122 27
140 6 122 66 6 117 5
66 6 117 85 4 112 5
85 4 112 17 8 108 5
17 8 108 56 9 107 1
56 9 107 65 10 109 2
65 10 109 81 0 128 21
81 0 128 51 2 133 5
51 2 133 94 30 115 33
94 30 115 126 34 104 11
126 34 104 101 31 122 18
101 31 122 60 41 123 10
60 41 123 106 44 134 11
106 44 134 47 9 90 56
47 9 90 21 4 82 9
21 4 82 52 5 72 10
52 5 72 107 5 63 9
107 5 63 71 24 35 33
71 24 35 103 38 22 19
103 38 22 96 38 18 4
96 38 18 67 37 15 3
67 37 15 92 46 19 9
92 46 19 99 54 23 8
99 54 23 138 66 23 12
138 66 23 88 67 21 2
88 67 21 5 69 10 11
5 69 10 29 60 12 9
29 60 12 20 57 8 5
20 57 8 114 69 33 27
114 69 33 41 80 35 11
41 80 35 31 89 23 15
31 89 23 76 92 6 17
76 92 6 8 113 8 21
8 113 8 12 116 12 5
12 116 12 43 120 14 4
43 120 14 141 122 16 2
141 122 16 9 125 14 3
9 125 14 18 132 20 9
18 132 20 46 132 24 4
46 132 24 10 133 25 1
10 133 25 13 130 30 5
13 130 30 33 131 38 8
33 131 38 28 127 38 4
28 127 38 133 135 45 10
133 135 45 108 138 28 17
108 138 28 80 127 12 19
80 127 12 15 123 6 7
15 123 6 78 139 1 16
78 139 1 135 115 2 24
135 115 2 118 99 36 37
118 99 36 117 98 44 8
117 98 44 72 61 34 38
72 61 34 93 61 44 10
93 61 44 0 51 46 10
0 51 46 24 52 107 61
24 52 107 39 61 99 12
39 61 99 1 53 101 8
