40 124 105 1 131 99 9
1 131 99 82 120 112 17
82 120 112 21 118 124 12
21 118 124 57 116 129 5
57 116 129 46 103 126 13
46 103 126 63 100 121 5
63 100 121 132 98 122 2
132 98 122 109 97 125 3
109 97 125 75 98 127 2
75 98 127 107 97 129 2
107 97 129 84 97 132 3
84 97 132 91 97 120 12
91 97 120 78 85 120 12
78 85 120 89 82 120 3
89 82 120 15 72 112 12
15 72 112 37 74 107 5
37 74 107 69 81 97 12
69 81 97 64 84 90 7
64 84 90 74 88 98 8
74 88 98 6 89 100 2
6 89 100 79 98 95 10
79 98 95 38 104 88 9
38 104 88 88 103 77 11
88 103 77 43 98 67 11
43 98 67 116 88 63 10
116 88 63 124 82 62 6
124 82 62 134 79 58 5
134 79 58 41 82 56 3
41 82 56 127 77 55 5
127 77 55 12 78 48 7
12 78 48 61 83 44 6
61 83 44 22 92 42 9
22 92 42 27 98 29 14
27 98 29 24 105 22 9
24 105 22 102 107 19 3
102 107 19 76 107 8 11
76 107 8 33 105 1 7
33 105 1 113 112 6 8
113 112 6 49 112 0 6
49 112 0 30 92 42 46
30 92 42 70 94 48 6
70 94 48 54 99 46 5
54 99 46 32 106 51 8
32 106 51 81 110 46 6
81 110 46 45 119 41 10
45 119 41 13 123 43 4
13 123 43 25 123 44 1
25 123 44 103 129 54 11
103 129 54 4 126 64 10
4 126 64 121 127 72 8
121 127 72 72 131 73 4
72 131 73 99 126 82 10
99 126 82 56 77 40 64
56 77 40 16 84 31 11
16 84 31 18 73 31 11
18 73 31 111 68 25 7
111 68 25 131 68 21 4
131 68 21 9 76 18 8
9 76 18 98 76 16 2
98 76 16 100 81 10 7
100 81 10 53 84 2 8
53 84 2 47 84 0 2
47 84 0 42 72 41 42
42 72 41 101 61 42 11
101 61 42 67 59 37 5
67 59 37 52 53 31 8
52 53 31 51 42 40 14
51 42 40 112 51 16 25
112 51 16 92 44 8 10
92 44 8 29 43 10 2
29 43 10 5 40 5 5
5 40 5 0 28 11 13
0 28 11 60 32 21 10
60 32 21 133 19 19 13
133 19 19 10 12 15 8
10 12 15 94 10 4 11
94 10 4 39 15 31 27
39 15 31 7 9 31 6
7 9 31 118 9 32 1
118 9 32 59 21 37 13
59 21 37 95 26 45 9
95 26 45 23 14 52 13
23 14 52 86 10 58 7
86 10 58 17 9 59 1
17 9 59 90 6 50 9
90 6 50 117 20 60 17
117 20 60 3 31 60 11
3 31 60 119 58 58 27
119 58 58 36 52 61 6
36 52 61 28 54 71 10
28 54 71 35 50 75 5
35 50 75 93 55 76 5
93 55 76 105 61 79 6
105 61 79 73 62 77 2
73 62 77 122 62 73 4
122 62 73 129 106 66 44
129 106 66 44 107 65 1
44 107 65 66 113 95 30
66 113 95 106 102 101 12
106 102 101 83 104 103 2
83 104 103 80 88 97 17
80 88 97 62 62 115 31
62 62 115 55 59 125 10
55 59 125 31 46 130 13
31 46 130 2 34 127 12
2 34 127 71 30 119 8
71 30 119 19 26 115 5
19 26 115 104 27 111 4
104 27 111 11 27 105 6
11 27 105 97 15 107 12
97 15 107 48 12 103 5
48 12 103 128 19 90 14
128 19 90 130 23 86 5
130 23 86 8 18 83 5
8 18 83 58 21 81 3
58 21 81 14 25 80 4
14 25 80 87 30 75 7
87 30 75 34 33 80 5
34 33 80 26 20 78 13
26 20 78 120 21 78 1
120 21 78 126 12 83 10
126 12 83 65 0 83 12
65 0 83 114 17 129 49
114 17 129 20 13 127 4
20 13 127 68 3 125 10
68 3 125 77 70 129 67
77 70 129 115 54 112 23
115 54 112 50 54 111 1
50 54 111 123 47 106 8
123 47 106 96 51 102 5
96 51 102 85 46 91 12
85 46 91 110 85 120 48
110 85 120 125 104 119 19
125 104 119 108 121 133 22
108 121 133 40 124 105 28
