1 77 25 27 69 29 8
27 69 29 5 64 28 5
5 64 28 24 59 24 6
24 59 24 78 56 27 4
78 56 27 6 49 21 9
6 49 21 45 57 37 17
45 57 37 59 56 39 2
59 56 39 48 49 44 8
48 49 44 25 51 49 5
25 51 49 91 57 57 10
91 57 57 73 40 48 19
73 40 48 15 42 61 13
15 42 61 29 39 67 6
29 39 67 11 35 69 4
11 35 69 38 26 78 12
38 26 78 37 22 87 9
37 22 87 49 20 86 2
49 20 86 52 19 85 1
52 19 85 21 12 86 7
21 12 86 39 11 87 1
39 11 87 65 23 88 12
65 23 88 3 27 90 4
3 27 90 75 32 92 5
75 32 92 84 31 96 4
84 31 96 92 22 73 24
92 22 73 57 19 68 5
57 19 68 13 20 67 1
13 20 67 32 18 69 2
32 18 69 89 14 71 4
89 14 71 7 4 66 11
7 4 66 94 39 42 42
94 39 42 81 34 36 7
81 34 36 28 31 34 3
28 31 34 9 29 29 5
9 29 29 2 32 21 8
2 32 21 47 37 12 10
47 37 12 31 38 10 2
31 38 10 41 43 7 5
41 43 7 10 49 8 6
10 49 8 40 41 1 10
40 41 1 51 33 0 8
51 33 0 85 31 3 3
85 31 3 96 45 0 14
96 45 0 60 37 27 28
60 37 27 90 22 20 16
90 22 20 71 10 19 12
71 10 19 22 2 22 8
22 2 22 42 1 29 7
42 1 29 98 18 9 26
98 18 9 46 28 37 29
46 28 37 19 24 42 6
19 24 42 14 14 43 10
14 14 43 34 65 42 51
34 65 42 97 66 45 3
97 66 45 64 72 51 8
64 72 51 0 81 56 10
0 81 56 17 83 56 2
17 83 56 23 87 62 7
23 87 62 20 82 69 8
20 82 69 36 78 68 4
36 78 68 12 76 69 2
12 76 69 26 64 73 12
26 64 73 53 62 72 2
53 62 72 87 55 71 7
87 55 71 76 51 77 7
76 51 77 44 55 90 13
44 55 90 33 49 97 9
33 49 97 95 45 98 4
95 45 98 69 59 97 14
69 59 97 70 75 67 34
70 75 67 50 83 73 10
50 83 73 18 88 72 5
18 88 72 61 88 76 4
61 88 76 74 84 82 7
74 84 82 55 91 84 7
55 91 84 72 80 85 11
72 80 85 79 84 92 8
79 84 92 86 86 92 2
86 86 92 68 97 70 24
68 97 70 8 98 67 3
8 98 67 43 84 53 19
43 84 53 56 96 46 13
56 96 46 66 75 45 21
66 75 45 63 62 18 29
63 62 18 93 61 13 5
93 61 13 16 84 26 26
16 84 26 62 96 25 12
62 96 25 77 77 19 19
77 77 19 58 75 19 2
58 75 19 4 73 18 2
4 73 18 35 70 15 4
35 70 15 88 72 12 3
88 72 12 30 71 11 1
30 71 11 80 80 4 11
80 80 4 67 91 2 11
67 91 2 54 92 4 2
54 92 4 82 98 6 6
82 98 6 83 78 2 20
83 78 2 1 77 25 23
