1 27 83 29 31 80 5
29 31 80 61 33 74 6
61 33 74 23 30 70 5
23 30 70 75 28 68 2
75 28 68 82 30 63 5
82 30 63 18 30 57 6
18 30 57 0 23 55 7
0 23 55 19 19 47 8
19 19 47 55 28 43 9
55 28 43 88 24 38 6
88 24 38 31 26 36 2
31 26 36 69 24 37 2
69 24 37 68 24 36 1
68 24 36 84 25 32 4
84 25 32 41 17 27 9
41 17 27 43 12 26 5
43 12 26 42 10 28 2
42 10 28 30 3 25 7
30 3 25 64 8 33 9
64 8 33 73 26 23 20
73 26 23 34 25 20 3
34 25 20 4 24 15 5
4 24 15 59 28 10 6
59 28 10 13 33 16 7
13 33 16 81 35 15 2
81 35 15 47 41 13 6
47 41 13 48 44 19 6
48 44 19 3 44 28 9
3 44 28 46 39 36 9
46 39 36 54 43 37 4
54 43 37 52 42 42 5
52 42 42 51 40 47 5
51 40 47 83 47 45 7
83 47 45 16 52 51 7
16 52 51 14 53 56 5
14 53 56 2 53 56 0
2 53 56 10 51 64 8
10 51 64 22 48 64 3
22 48 64 15 47 65 1
15 47 65 74 44 58 7
74 44 58 49 56 70 16
49 56 70 72 59 74 5
72 59 74 33 55 76 4
33 55 76 20 50 78 5
20 50 78 32 43 74 8
32 43 74 60 42 85 11
60 42 85 80 65 80 23
80 65 80 17 71 83 6
17 71 83 36 72 88 5
36 72 88 44 68 72 16
44 68 72 5 69 68 4
5 69 68 26 72 68 3
26 72 68 27 76 72 5
27 76 72 67 84 74 8
67 84 74 86 73 66 13
86 73 66 25 58 52 20
25 58 52 87 59 54 2
87 59 54 53 55 30 24
53 55 30 21 55 27 3
21 55 27 38 57 24 3
38 57 24 56 60 25 3
56 60 25 40 66 19 8
40 66 19 11 61 13 7
11 61 13 50 58 13 3
50 58 13 65 76 20 19
65 76 20 6 79 17 4
6 79 17 35 82 9 8
35 82 9 78 75 10 7
78 75 10 71 71 10 4
71 71 10 24 65 3 9
24 65 3 39 80 19 21
39 80 19 63 70 37 20
63 70 37 45 75 41 6
45 75 41 58 33 4 55
58 33 4 66 17 12 17
66 17 12 79 17 3 9
79 17 3 70 10 1 7
70 10 1 12 2 9 11
12 2 9 57 13 49 41
57 13 49 9 9 49 4
9 9 49 28 14 61 13
28 14 61 37 9 62 5
37 9 62 77 22 85 26
77 22 85 8 18 77 8
8 18 77 85 16 75 2
85 16 75 76 14 87 12
76 14 87 62 7 83 8
62 7 83 7 6 82 1
7 6 82 1 27 83 21
