0 25 1 1 23 2 2
1 23 2 3 17 3 6
3 17 3 4 15 5 2
4 15 5 7 11 6 4
7 11 6 2 4 8 7
2 4 8 20 5 0 8
20 5 0 11 25 8 21
11 25 8 5 34 6 9
5 34 6 39 34 8 2
39 34 8 12 21 13 13
12 21 13 28 17 13 4
28 17 13 21 29 16 12
21 29 16 9 29 20 4
9 29 20 17 30 26 6
17 30 26 13 25 27 5
13 25 27 38 35 25 10
38 35 25 22 35 28 3
22 35 28 15 38 34 6
15 38 34 34 33 37 5
34 33 37 23 31 39 2
23 31 39 37 29 41 2
37 29 41 36 25 42 4
36 25 42 19 24 41 1
19 24 41 30 22 38 3
30 22 38 32 25 36 3
32 25 36 41 22 34 3
41 22 34 6 18 30 5
6 18 30 29 15 28 3
29 15 28 40 16 33 5
40 16 33 14 8 32 8
14 8 32 26 1 28 8
26 1 28 10 3 23 5
10 3 23 16 1 19 4
16 1 19 24 0 17 2
24 0 17 42 19 37 27
42 19 37 25 34 40 15
25 34 40 31 37 42 3
31 37 42 8 41 42 4
8 41 42 27 37 21 21
27 37 21 33 40 16 5
33 40 16 18 41 14 2
18 41 14 35 38 26 12
35 38 26 0 25 1 28
