95 25 4 1 26 6 2
1 26 6 123 33 7 7
123 33 7 49 37 8 4
49 37 8 9 49 12 12
9 49 12 24 50 10 2
24 50 10 132 49 8 2
132 49 8 52 16 10 33
52 16 10 90 10 13 6
90 10 13 78 1 20 11
78 1 20 136 16 37 22
136 16 37 82 25 35 9
82 25 35 77 21 48 13
77 21 48 71 17 58 10
71 17 58 94 23 61 6
94 23 61 73 18 65 6
73 18 65 135 20 70 5
135 20 70 59 30 75 11
59 30 75 25 36 68 9
25 36 68 57 37 66 2
57 37 66 104 39 65 2
104 39 65 53 51 68 12
53 51 68 13 13 72 38
13 13 72 55 13 76 4
55 13 76 70 20 82 9
70 20 82 26 26 87 7
26 26 87 29 35 86 9
29 35 86 48 38 96 10
48 38 96 98 47 96 9
98 47 96 28 56 101 10
28 56 101 12 67 105 11
12 67 105 15 78 94 15
15 78 94 50 87 93 9
50 87 93 42 89 81 12
42 89 81 127 80 79 9
127 80 79 32 79 74 5
32 79 74 43 72 68 9
43 72 68 75 68 57 11
75 68 57 113 68 52 5
113 68 52 20 61 45 9
20 61 45 17 57 49 5
17 57 49 107 48 47 9
107 48 47 120 43 39 9
120 43 39 86 63 40 20
86 63 40 19 55 36 8
19 55 36 40 74 34 19
40 74 34 45 72 22 12
45 72 22 36 86 17 14
36 86 17 16 85 8 9
16 85 8 63 90 0 9
63 90 0 67 98 1 8
67 98 1 85 98 0 1
85 98 0 121 105 10 12
121 105 10 23 112 9 7
23 112 9 101 113 5 4
101 113 5 88 125 2 12
88 125 2 31 130 6 6
31 130 6 30 136 1 7
30 136 1 35 125 15 17
35 125 15 118 124 18 3
118 124 18 134 132 18 8
134 132 18 22 133 24 6
22 133 24 68 136 16 8
68 136 16 46 88 28 49
46 88 28 76 98 32 10
76 98 32 44 95 40 8
44 95 40 41 101 44 7
41 101 44 66 107 44 6
66 107 44 122 120 48 13
122 120 48 18 128 44 8
18 128 44 72 134 37 9
72 134 37 92 121 52 19
92 121 52 0 123 65 13
0 123 65 83 112 68 11
83 112 68 99 110 70 2
99 110 70 2 107 67 4
2 107 67 74 103 61 7
74 103 61 112 101 59 2
112 101 59 105 96 60 5
105 96 60 100 126 64 30
100 126 64 130 136 76 15
130 136 76 79 134 81 5
79 134 81 87 101 29 61
87 101 29 102 102 24 5
102 102 24 115 106 28 5
115 106 28 65 87 100 74
65 87 100 131 96 105 10
131 96 105 37 98 112 7
37 98 112 5 107 115 9
5 107 115 124 102 127 13
124 102 127 108 97 134 8
108 97 134 106 90 129 8
106 90 129 117 100 93 37
117 100 93 89 101 90 3
89 101 90 11 110 93 9
11 110 93 39 118 100 10
39 118 100 38 126 102 8
38 126 102 54 132 101 6
54 132 101 14 133 104 3
14 133 104 60 135 106 2
60 135 106 96 136 110 4
96 136 110 125 128 117 10
125 128 117 80 127 119 2
80 127 119 110 121 118 6
110 121 118 7 119 124 6
7 119 124 58 114 134 11
58 114 134 111 135 126 22
111 135 126 114 129 131 7
114 129 131 8 126 132 3
8 126 132 93 126 101 31
93 126 101 103 110 90 19
103 110 90 62 75 112 41
62 75 112 133 46 87 38
133 46 87 6 60 83 14
6 60 83 61 34 108 36
61 34 108 4 41 112 8
4 41 112 33 49 117 9
33 49 117 56 58 121 9
56 58 121 27 56 128 7
27 56 128 64 53 132 5
64 53 132 84 48 131 5
84 48 131 51 46 132 2
51 46 132 109 36 124 12
109 36 124 119 23 121 13
119 23 121 21 15 129 11
21 15 129 10 20 136 8
10 20 136 34 6 126 17
34 6 126 81 1 123 5
81 1 123 3 0 119 4
3 0 119 91 68 132 69
91 68 132 116 27 95 55
116 27 95 47 19 95 8
47 19 95 129 9 85 14
129 9 85 128 6 96 11
128 6 96 126 6 104 8
126 6 104 69 0 66 38
69 0 66 97 11 56 14
97 11 56 95 25 4 53
