4 7 19 1 4 9 10
1 4 9 64 12 1 11
64 12 1 92 22 21 22
92 22 21 41 25 14 7
41 25 14 128 37 9 13
128 37 9 68 45 5 8
68 45 5 49 45 2 3
49 45 2 76 45 12 10
76 45 12 88 55 17 11
88 55 17 8 48 27 12
8 48 27 103 62 13 19
103 62 13 40 67 17 6
40 67 17 30 75 22 9
30 75 22 99 71 32 10
99 71 32 110 68 33 3
110 68 33 127 67 44 11
127 67 44 125 89 27 27
125 89 27 48 87 41 14
48 87 41 25 93 47 8
25 93 47 75 98 42 7
75 98 42 54 99 40 2
54 99 40 106 89 19 23
106 89 19 94 106 2 24
94 106 2 115 109 0 3
115 109 0 123 121 1 12
123 121 1 56 124 0 3
56 124 0 101 123 6 6
101 123 6 86 119 9 5
86 119 9 112 116 11 3
112 116 11 120 124 6 9
120 124 6 105 57 9 67
105 57 9 124 61 25 16
124 61 25 122 29 25 32
122 29 25 24 31 31 6
24 31 31 91 36 38 8
91 36 38 19 40 41 5
19 40 41 118 38 44 3
118 38 44 83 37 44 1
83 37 44 87 41 48 5
87 41 48 2 36 54 7
2 36 54 36 44 60 10
36 44 60 71 54 62 10
71 54 62 74 65 68 12
74 65 68 59 66 64 4
59 66 64 29 70 64 4
29 70 64 121 71 73 9
121 71 73 39 77 80 9
39 77 80 51 86 78 9
51 86 78 15 83 88 10
15 83 88 45 91 88 8
45 91 88 117 103 90 12
117 103 90 72 97 99 10
72 97 99 78 94 104 5
78 94 104 65 96 111 7
65 96 111 31 90 120 10
31 90 120 43 85 116 6
43 85 116 50 84 113 3
50 84 113 81 97 122 15
81 97 122 113 109 116 13
113 109 116 6 113 118 4
6 113 118 18 118 122 6
18 118 122 55 112 125 6
55 112 125 90 118 110 16
90 118 110 46 122 105 6
46 122 105 17 123 105 1
17 123 105 62 127 108 5
62 127 108 82 111 94 21
82 111 94 23 118 92 7
23 118 92 70 120 87 5
70 120 87 37 122 88 2
37 122 88 79 125 84 5
79 125 84 98 108 86 17
98 108 86 89 91 77 19
89 91 77 22 91 68 9
22 91 68 10 88 63 5
10 88 63 114 84 64 4
114 84 64 26 82 64 2
26 82 64 20 82 65 1
20 82 65 47 85 68 4
47 85 68 126 83 62 6
126 83 62 116 95 63 12
116 95 63 13 102 62 7
13 102 62 35 114 64 12
35 114 64 0 123 67 9
0 123 67 67 122 69 2
67 122 69 63 116 52 18
63 116 52 111 115 40 12
111 115 40 100 30 50 85
100 30 50 11 18 43 13
11 18 43 95 11 48 8
95 11 48 33 2 45 9
33 2 45 38 7 55 11
38 7 55 69 0 61 9
69 0 61 107 15 54 16
107 15 54 73 16 61 7
73 16 61 28 15 63 2
28 15 63 66 11 67 5
66 11 67 61 15 69 4
61 15 69 96 19 84 15
96 19 84 93 20 87 3
93 20 87 7 24 87 4
7 24 87 84 26 98 11
84 26 98 42 24 101 3
42 24 101 77 29 108 8
77 29 108 109 31 116 8
109 31 116 57 29 124 8
57 29 124 80 19 121 10
80 19 121 32 9 115 11
32 9 115 108 7 114 2
108 7 114 16 5 104 10
16 5 104 52 6 100 4
52 6 100 3 6 100 0
3 6 100 97 0 113 14
97 0 113 85 36 127 38
85 36 127 102 27 87 41
102 27 87 119 34 79 10
119 34 79 12 30 73 7
12 30 73 58 39 86 15
58 39 86 5 44 81 7
5 44 81 104 43 91 10
104 43 91 60 47 88 5
60 47 88 27 57 84 10
27 57 84 21 63 90 8
21 63 90 53 53 96 11
53 53 96 9 58 105 10
9 58 105 44 59 106 1
44 59 106 14 57 115 9
14 57 115 34 24 31 90
34 24 31 4 7 19 20
