1 63 16 34 60 19 4
34 60 19 42 55 14 7
42 55 14 20 56 12 2
20 56 12 59 49 9 7
59 49 9 43 46 14 5
43 46 14 8 38 8 10
8 38 8 69 39 5 3
69 39 5 23 38 1 4
23 38 1 14 32 0 6
14 32 0 66 31 4 4
66 31 4 67 28 3 3
67 28 3 5 22 10 9
5 22 10 17 24 19 9
17 24 19 75 26 26 7
75 26 26 10 32 26 6
10 32 26 24 37 29 5
24 37 29 72 41 34 6
72 41 34 51 38 40 6
51 38 40 38 45 43 7
38 45 43 31 49 44 4
31 49 44 6 50 50 6
6 50 50 65 52 53 3
65 52 53 32 53 53 1
32 53 53 16 54 52 1
16 54 52 9 56 51 2
9 56 51 68 64 49 8
68 64 49 50 67 51 3
50 67 51 2 64 54 4
2 64 54 48 69 55 5
48 69 55 27 67 62 7
27 67 62 46 63 68 7
46 63 68 11 60 74 6
11 60 74 55 70 62 15
55 70 62 28 73 62 3
28 73 62 74 75 74 12
74 75 74 57 67 47 28
57 67 47 49 71 43 5
49 71 43 47 65 32 12
47 65 32 60 72 43 13
60 72 43 4 75 43 3
4 75 43 58 47 64 35
58 47 64 70 44 48 16
70 44 48 15 33 45 11
15 33 45 30 28 46 5
30 28 46 73 23 38 9
73 23 38 54 22 38 1
54 22 38 35 21 38 1
35 21 38 25 14 40 7
25 14 40 21 13 47 7
21 13 47 13 16 52 5
13 16 52 3 23 58 9
3 23 58 12 26 64 6
12 26 64 41 16 68 10
41 16 68 26 15 73 5
26 15 73 22 19 75 4
22 19 75 71 19 74 1
71 19 74 29 0 74 19
29 0 74 36 7 60 15
36 7 60 53 9 40 20
53 9 40 0 2 36 8
0 2 36 18 0 48 12
18 0 48 37 15 16 35
37 15 16 7 12 6 10
7 12 6 62 6 2 7
62 6 2 63 5 2 1
63 5 2 39 10 18 16
39 10 18 40 9 19 1
40 9 19 19 7 20 2
19 7 20 45 59 4 54
45 59 4 64 65 1 6
64 65 1 33 73 4 8
33 73 4 52 54 14 21
52 54 14 44 56 21 7
44 56 21 61 64 11 12
61 64 11 56 73 14 9
56 73 14 1 63 16 10
