119 8 50 1 1 40 12
1 1 40 29 7 36 7
29 7 36 66 2 14 22
66 2 14 84 8 3 12
84 8 3 83 18 38 36
83 18 38 114 29 33 12
114 29 33 75 23 22 12
75 23 22 85 30 46 25
85 30 46 116 39 34 15
116 39 34 99 40 27 7
99 40 27 15 45 24 5
15 45 24 125 46 29 5
125 46 29 3 48 30 2
3 48 30 82 47 33 3
82 47 33 19 47 40 7
19 47 40 105 47 42 2
105 47 42 130 50 46 5
130 50 46 30 45 56 11
30 45 56 88 53 34 23
88 53 34 22 37 24 18
22 37 24 79 32 13 12
79 32 13 106 40 9 8
106 40 9 18 39 0 9
18 39 0 57 44 10 11
57 44 10 39 18 54 51
39 18 54 129 13 61 8
129 13 61 20 9 67 7
20 9 67 110 2 68 7
110 2 68 126 24 66 22
126 24 66 41 24 76 10
41 24 76 76 38 73 14
76 38 73 65 39 84 11
65 39 84 7 45 91 9
7 45 91 60 46 98 7
60 46 98 38 41 102 6
38 41 102 6 37 99 5
6 37 99 92 30 100 7
92 30 100 23 19 110 14
23 19 110 2 18 114 4
2 18 114 24 9 111 9
24 9 111 87 2 110 7
87 2 110 43 5 100 10
43 5 100 77 2 96 5
77 2 96 90 2 113 17
90 2 113 122 1 129 16
122 1 129 101 23 113 27
101 23 113 4 31 121 11
4 31 121 35 32 124 3
35 32 124 16 22 129 11
16 22 129 70 18 128 4
70 18 128 108 44 126 26
108 44 126 46 23 90 41
46 23 90 63 42 104 23
63 42 104 95 50 106 8
95 50 106 44 57 108 7
44 57 108 98 67 105 10
98 67 105 123 76 109 9
123 76 109 62 85 115 10
62 85 115 27 85 117 2
27 85 117 11 85 120 3
11 85 120 117 88 127 7
117 88 127 25 91 130 4
25 91 130 93 87 128 4
93 87 128 127 75 123 13
127 75 123 97 77 130 7
97 77 130 42 85 98 32
42 85 98 36 76 86 15
36 76 86 111 90 96 17
111 90 96 51 96 95 6
51 96 95 53 98 99 4
53 98 99 86 100 106 7
86 100 106 37 106 101 7
37 106 101 67 119 99 13
67 119 99 12 128 103 9
12 128 103 64 124 112 9
64 124 112 52 128 113 4
52 128 113 0 117 111 11
0 117 111 56 117 124 13
56 117 124 94 112 126 5
94 112 126 61 111 125 1
61 111 125 13 109 127 2
13 109 127 50 106 97 30
50 106 97 103 102 112 15
103 102 112 72 96 81 31
72 96 81 118 92 72 9
118 92 72 73 86 67 7
73 86 67 104 86 66 1
104 86 66 14 93 57 11
14 93 57 112 89 47 10
112 89 47 71 80 47 9
71 80 47 91 94 44 14
91 94 44 31 95 41 3
31 95 41 26 93 32 9
26 93 32 21 91 31 2
21 91 31 102 83 29 8
102 83 29 33 78 30 5
33 78 30 47 68 29 10
47 68 29 28 65 24 5
28 65 24 5 64 12 12
5 64 12 120 70 24 13
120 70 24 32 94 30 24
32 94 30 45 91 25 5
45 91 25 55 86 21 6
55 86 21 80 101 26 15
80 101 26 113 102 17 9
113 102 17 58 113 16 11
58 113 16 8 121 20 8
8 121 20 128 122 21 1
128 122 21 69 102 36 25
69 102 36 59 114 39 12
59 114 39 48 116 47 8
48 116 47 10 126 44 10
10 126 44 89 126 44 0
89 126 44 100 111 56 19
100 111 56 124 107 60 5
124 107 60 115 101 71 12
115 101 71 78 113 73 12
78 113 73 34 117 69 5
34 117 69 49 118 70 1
49 118 70 109 123 69 5
109 123 69 107 126 59 10
107 126 59 81 129 58 3
81 129 58 68 118 82 26
68 118 82 121 60 115 66
121 60 115 17 53 88 27
17 53 88 96 58 86 5
96 58 86 9 58 83 3
9 58 83 40 53 76 8
40 53 76 74 60 65 13
74 60 65 54 64 58 8
54 64 58 119 8 50 56
