98 50 54 1 46 53 4
1 46 53 108 44 53 2
108 44 53 7 39 64 12
7 39 64 58 55 50 21
58 55 50 61 61 59 10
61 61 59 113 72 60 11
113 72 60 34 69 72 12
34 69 72 96 76 80 10
96 76 80 142 81 64 16
142 81 64 116 88 59 8
116 88 59 23 93 55 6
23 93 55 112 105 55 12
112 105 55 68 104 66 11
68 104 66 3 99 72 7
3 99 72 148 102 88 16
148 102 88 18 99 98 10
18 99 98 162 110 95 11
162 110 95 42 109 107 12
42 109 107 48 113 111 5
48 113 111 70 120 106 8
70 120 106 16 134 109 14
16 134 109 155 143 104 10
155 143 104 49 149 116 13
49 149 116 44 146 120 5
44 146 120 146 144 124 4
146 144 124 141 141 128 5
141 141 128 136 145 130 4
136 145 130 46 158 137 14
46 158 137 60 158 147 10
60 158 147 107 159 160 13
107 159 160 69 160 160 1
69 160 160 82 161 162 2
82 161 162 89 162 162 1
89 162 162 110 145 158 17
110 145 158 28 142 159 3
28 142 159 97 139 161 3
97 139 161 144 139 152 9
144 139 152 13 131 156 8
13 131 156 65 128 159 4
65 128 159 66 124 156 5
66 124 156 78 122 144 12
78 122 144 128 127 137 8
128 127 137 99 154 117 33
99 154 117 133 149 98 19
133 149 98 0 160 78 22
0 160 78 31 159 76 2
31 159 76 124 110 122 67
124 110 122 14 104 119 6
14 104 119 53 103 128 9
53 103 128 95 96 125 7
95 96 125 94 96 132 7
94 96 132 59 94 134 2
59 94 134 160 95 139 5
160 95 139 109 95 144 5
109 95 144 159 96 151 7
159 96 151 37 97 156 5
37 97 156 54 102 158 5
54 102 158 57 84 162 18
57 84 162 161 81 145 17
161 81 145 79 71 152 12
79 71 152 32 67 140 12
32 67 140 47 70 154 14
47 70 154 157 60 158 10
157 60 158 29 48 150 14
29 48 150 51 45 144 6
51 45 144 2 42 137 7
2 42 137 30 50 131 10
30 50 131 86 54 123 8
86 54 123 119 67 114 15
119 67 114 75 78 120 12
75 78 120 45 31 145 53
45 31 145 33 30 148 3
33 30 148 90 16 158 17
90 16 158 62 10 157 6
62 10 157 138 7 155 3
138 7 155 106 8 150 5
106 8 150 115 4 146 5
115 4 146 105 27 137 24
105 27 137 19 28 124 13
19 28 124 102 26 122 2
102 26 122 24 22 117 6
24 22 117 25 23 114 3
25 23 114 21 33 112 10
21 33 112 50 36 104 8
50 36 104 117 36 96 8
117 36 96 41 51 97 15
41 51 97 12 57 96 6
12 57 96 123 29 86 29
123 29 86 36 20 116 31
36 20 116 147 111 132 92
147 111 132 56 93 71 63
56 93 71 104 119 73 26
104 119 73 71 125 81 10
71 125 81 140 129 87 7
140 129 87 154 130 75 12
154 130 75 80 130 65 10
80 130 65 22 129 59 6
22 129 59 137 139 64 11
137 139 64 149 100 43 44
149 100 43 143 112 41 12
143 112 41 158 118 40 6
158 118 40 6 132 40 14
6 132 40 9 147 48 17
9 147 48 101 158 43 12
101 158 43 153 160 45 2
153 160 45 76 136 29 28
76 136 29 39 142 30 6
39 142 30 73 154 11 22
73 154 11 81 159 14 5
81 159 14 139 134 25 27
139 134 25 67 115 26 19
67 115 26 145 118 12 14
145 118 12 132 118 10 2
132 118 10 134 130 5 13
134 130 5 77 53 48 88
77 53 48 43 53 45 3
43 53 45 55 49 43 4
55 49 43 127 46 36 7
127 46 36 4 45 31 5
4 45 31 72 51 26 7
72 51 26 35 50 22 4
35 50 22 156 60 16 11
156 60 16 88 68 21 9
88 68 21 11 82 13 16
11 82 13 122 92 21 12
122 92 21 131 97 17 6
131 97 17 26 77 30 23
26 77 30 63 69 33 8
63 69 33 91 86 41 18
91 86 41 93 65 5 41
93 65 5 87 57 28 24
87 57 28 118 40 32 17
118 40 32 40 36 31 4
40 36 31 74 34 36 5
74 34 36 85 29 41 7
85 29 41 17 25 34 8
17 25 34 103 30 43 10
103 30 43 121 34 49 7
121 34 49 126 24 48 10
126 24 48 125 27 56 8
125 27 56 150 17 47 13
150 17 47 5 5 44 12
5 5 44 111 6 37 7
111 6 37 151 1 47 11
151 1 47 64 0 54 7
64 0 54 92 6 73 19
92 6 73 100 5 76 3
100 5 76 129 10 79 5
129 10 79 8 12 76 3
8 12 76 84 36 23 58
84 36 23 83 34 20 3
83 34 20 10 34 18 2
10 34 18 15 40 14 7
15 40 14 120 46 1 14
120 46 1 152 33 16 19
152 33 16 20 19 20 14
20 19 20 27 33 13 15
27 33 13 38 30 1 12
38 30 1 114 21 1 9
114 21 1 135 7 8 15
135 7 8 52 1 14 8
52 1 14 130 1 14 0
130 1 14 98 50 54 63
