1 43 2 102 50 12 12
102 50 12 10 55 8 6
10 55 8 40 59 9 4
40 59 9 44 65 9 6
44 65 9 19 73 14 9
19 73 14 28 67 20 8
28 67 20 3 74 23 7
3 74 23 89 70 33 10
89 70 33 105 61 20 15
105 61 20 27 63 4 16
27 63 4 25 63 3 1
25 63 3 29 51 14 16
29 51 14 72 48 19 5
72 48 19 66 50 24 5
66 50 24 33 46 28 5
33 46 28 15 36 34 11
15 36 34 99 33 42 8
99 33 42 64 32 53 11
64 32 53 48 25 59 9
48 25 59 39 15 51 12
39 15 51 96 7 49 8
96 7 49 20 1 49 6
20 1 49 83 0 45 4
83 0 45 49 4 57 12
49 4 57 90 42 48 39
90 42 48 97 48 32 17
97 48 32 106 55 32 7
106 55 32 51 57 35 3
51 57 35 41 57 40 5
41 57 40 93 61 47 8
93 61 47 78 63 48 2
78 63 48 13 62 54 6
13 62 54 61 60 56 2
61 60 56 23 67 48 10
23 67 48 7 73 49 6
7 73 49 74 78 60 12
74 78 60 35 72 65 7
35 72 65 60 74 73 8
60 74 73 94 86 62 16
94 86 62 45 87 58 4
45 87 58 30 89 49 9
30 89 49 82 97 52 8
82 97 52 38 99 53 2
38 99 53 11 106 56 7
11 106 56 67 99 41 16
67 99 41 54 107 31 12
54 107 31 62 106 30 1
62 106 30 77 100 24 8
77 100 24 47 93 24 7
47 93 24 32 93 25 1
32 93 25 76 92 18 7
76 92 18 31 96 17 4
31 96 17 52 99 17 3
52 99 17 55 97 5 12
55 97 5 87 89 69 64
87 89 69 56 95 69 6
56 95 69 34 97 72 3
34 97 72 6 107 78 11
6 107 78 103 105 88 10
103 105 88 57 105 101 13
57 105 101 81 106 67 34
81 106 67 98 96 74 12
98 96 74 108 85 75 11
108 85 75 26 82 79 5
26 82 79 9 74 82 8
9 74 82 5 67 84 7
5 67 84 59 71 95 11
59 71 95 0 68 96 3
0 68 96 36 55 95 13
36 55 95 71 52 83 12
71 52 83 88 45 82 7
88 45 82 4 41 76 7
4 41 76 75 41 67 9
75 41 67 16 44 62 5
16 44 62 100 44 90 28
100 44 90 17 30 89 14
17 30 89 86 20 102 16
86 20 102 43 11 96 10
43 11 96 46 7 107 11
46 7 107 53 0 97 12
53 0 97 80 0 95 2
80 0 95 50 27 106 29
50 27 106 101 28 87 19
101 28 87 24 26 84 3
24 26 84 68 24 76 8
68 24 76 37 8 76 16
37 8 76 84 0 74 8
84 0 74 85 55 97 59
85 55 97 65 43 104 13
65 43 104 79 74 95 32
79 74 95 91 80 94 6
91 80 94 22 82 94 2
22 82 94 14 85 101 7
14 85 101 69 85 106 5
69 85 106 104 91 85 21
104 91 85 107 45 27 74
107 45 27 95 49 14 13
95 49 14 2 29 7 21
2 29 7 8 24 15 9
8 24 15 21 25 18 3
21 25 18 58 19 20 6
58 19 20 70 14 14 7
70 14 14 42 14 11 3
42 14 11 63 11 10 3
63 11 10 12 7 11 4
12 7 11 73 6 15 4
73 6 15 92 16 33 20
92 16 33 18 25 0 34
18 25 0 1 43 2 18
