1 15 116 91 24 116 9
91 24 116 53 29 113 5
53 29 113 85 34 105 9
85 34 105 4 38 104 4
4 38 104 43 42 104 4
43 42 104 93 45 109 5
93 45 109 41 51 104 7
41 51 104 105 44 113 11
105 44 113 115 48 116 5
115 48 116 28 31 100 23
28 31 100 20 36 97 5
20 36 97 102 26 91 11
102 26 91 59 28 82 9
59 28 82 52 25 80 3
52 25 80 62 24 82 2
62 24 82 92 16 88 10
92 16 88 63 12 98 10
63 12 98 86 23 72 28
86 23 72 38 33 70 10
38 33 70 13 43 63 12
13 43 63 5 37 50 14
5 37 50 76 32 46 6
76 32 46 80 33 43 3
80 33 43 46 26 37 9
46 26 37 21 20 47 11
21 20 47 84 10 42 11
84 10 42 36 9 39 3
36 9 39 40 9 42 3
40 9 42 39 4 44 5
39 4 44 31 23 25 26
31 23 25 78 13 23 10
78 13 23 56 1 24 12
56 1 24 109 26 20 25
109 26 20 22 23 13 7
22 23 13 107 13 12 10
107 13 12 61 10 9 4
61 10 9 57 2 11 8
57 2 11 111 9 1 12
111 9 1 50 10 76 75
50 10 76 3 8 67 9
3 8 67 17 8 58 9
17 8 58 54 35 86 38
54 35 86 79 43 87 8
79 43 87 113 53 88 10
113 53 88 15 57 82 7
15 57 82 81 47 75 12
81 47 75 26 57 92 19
26 57 92 90 62 89 5
90 62 89 24 67 93 6
24 67 93 23 69 94 2
23 69 94 2 76 95 7
2 76 95 12 77 103 8
12 77 103 45 70 109 9
45 70 109 108 75 113 6
108 75 113 106 73 82 31
106 73 82 114 79 80 6
114 79 80 42 74 74 7
42 74 74 71 64 70 10
71 64 70 66 86 72 22
66 86 72 74 93 71 7
74 93 71 29 100 68 7
29 100 68 94 103 68 3
94 103 68 97 102 63 5
97 102 63 103 108 57 8
103 108 57 11 111 57 3
11 111 57 44 92 64 20
44 92 64 48 91 59 5
48 91 59 10 94 46 13
10 94 46 18 90 43 5
18 90 43 6 79 37 12
6 79 37 33 74 35 5
33 74 35 27 79 25 11
27 79 25 16 87 24 8
16 87 24 14 87 26 2
14 87 26 35 91 27 4
35 91 27 87 89 31 4
87 89 31 25 90 31 1
25 90 31 34 87 21 10
34 87 21 104 90 21 3
104 90 21 7 98 11 12
7 98 11 88 97 9 2
88 97 9 72 93 0 9
72 93 0 100 108 17 22
100 108 17 65 112 21 5
65 112 21 30 112 22 1
30 112 22 98 114 39 17
98 114 39 68 110 12 27
68 110 12 73 62 39 55
73 62 39 47 60 36 3
47 60 36 96 62 26 10
96 62 26 67 55 21 8
67 55 21 89 56 16 5
89 56 16 64 49 13 7
64 49 13 19 44 13 5
19 44 13 58 49 17 6
58 49 17 9 46 18 3
9 46 18 49 41 21 5
49 41 21 95 60 12 21
95 60 12 8 65 5 8
8 65 5 32 64 3 2
32 64 3 0 66 0 3
0 66 0 75 54 37 38
75 54 37 110 67 48 17
110 67 48 82 74 49 7
82 74 49 116 79 36 13
116 79 36 77 94 72 39
77 94 72 60 94 85 13
60 94 85 69 95 101 16
69 95 101 51 100 103 5
51 100 103 55 109 95 12
55 109 95 112 111 93 2
112 111 93 70 108 107 14
70 108 107 37 111 110 4
37 111 110 101 101 115 11
101 101 115 83 95 101 15
83 95 101 99 22 109 73
99 22 109 1 15 116 9
