135 50 152 1 48 155 3
1 48 155 48 58 157 10
48 58 157 30 65 147 12
30 65 147 3 67 144 3
3 67 144 156 63 138 7
156 63 138 33 68 135 5
33 68 135 128 77 129 10
128 77 129 157 71 137 10
157 71 137 32 76 142 7
32 76 142 39 75 143 1
39 75 143 55 45 134 31
55 45 134 11 46 118 16
11 46 118 25 43 111 7
25 43 111 124 40 112 3
124 40 112 108 34 115 6
108 34 115 104 32 108 7
104 32 108 89 27 111 5
89 27 111 87 24 108 4
87 24 108 129 17 103 8
129 17 103 86 14 105 3
86 14 105 112 9 117 13
112 9 117 117 16 101 17
117 16 101 138 12 99 4
138 12 99 144 14 89 10
144 14 89 64 8 85 7
64 8 85 2 18 82 10
2 18 82 77 28 84 10
77 28 84 85 29 83 1
85 29 83 49 32 89 6
49 32 89 148 37 96 8
148 37 96 153 31 77 19
153 31 77 125 28 74 4
125 28 74 121 17 71 11
121 17 71 88 10 61 12
88 10 61 6 2 56 9
6 2 56 69 37 74 39
69 37 74 43 51 72 14
43 51 72 18 59 70 8
18 59 70 82 70 68 11
82 70 68 74 72 61 7
74 72 61 35 68 60 4
35 68 60 90 66 47 13
90 66 47 95 71 34 13
95 71 34 151 78 68 34
151 78 68 17 84 64 7
17 84 64 36 92 51 15
36 92 51 100 90 44 7
100 90 44 10 86 46 4
10 86 46 71 96 39 12
71 96 39 26 100 38 4
26 100 38 72 105 44 7
72 105 44 131 111 42 6
131 111 42 44 119 33 12
44 119 33 60 126 27 9
60 126 27 29 130 22 6
29 130 22 0 129 9 13
0 129 9 59 140 26 20
59 140 26 139 153 20 14
139 153 20 28 155 15 5
28 155 15 132 154 5 10
132 154 5 101 130 22 29
101 130 22 75 129 30 8
75 129 30 83 135 35 7
83 135 35 42 136 36 1
42 136 36 140 152 41 16
140 152 41 150 115 26 39
150 115 26 67 111 23 5
67 111 23 155 123 53 32
155 123 53 45 138 60 16
45 138 60 78 132 73 14
78 132 73 111 147 71 15
111 147 71 14 157 71 10
14 157 71 73 149 78 10
73 149 78 96 107 49 51
96 107 49 91 106 57 8
91 106 57 57 57 79 53
57 57 79 47 62 80 5
47 62 80 56 61 85 5
56 61 85 38 66 93 9
38 66 93 84 65 79 14
84 65 79 147 73 81 8
147 73 81 142 79 86 7
142 79 86 109 82 86 3
109 82 86 9 85 79 7
9 85 79 20 87 77 2
20 87 77 149 95 85 11
149 95 85 58 98 87 3
58 98 87 50 104 94 9
50 104 94 5 103 102 8
5 103 102 27 105 104 2
27 105 104 94 107 108 4
94 107 108 63 109 113 5
63 109 113 8 119 110 10
8 119 110 103 129 112 10
103 129 112 65 129 122 10
65 129 122 54 126 130 8
54 126 130 61 119 129 7
61 119 129 130 136 112 24
130 136 112 41 140 108 5
41 140 108 24 145 105 5
24 145 105 68 145 97 8
68 145 97 143 100 124 52
143 100 124 51 102 133 9
51 102 133 7 108 138 7
7 108 138 115 115 153 16
115 115 153 12 126 154 11
12 126 154 154 133 155 7
154 133 155 46 144 156 11
46 144 156 13 148 147 9
13 148 147 118 158 132 18
118 158 132 158 96 137 62
158 96 137 99 94 137 2
99 94 137 120 99 150 13
120 99 150 79 116 89 63
79 116 89 81 110 76 14
81 110 76 113 56 61 56
113 56 61 119 48 53 11
119 48 53 107 40 44 12
107 40 44 106 29 39 12
106 29 39 15 23 27 13
15 23 27 152 19 15 12
152 19 15 123 11 11 8
123 11 11 34 7 7 5
34 7 7 136 25 11 18
136 25 11 52 37 30 22
52 37 30 19 38 26 4
19 38 26 92 45 18 10
92 45 18 22 54 12 10
22 54 12 66 59 8 6
66 59 8 141 66 12 8
141 66 12 145 81 8 15
145 81 8 70 86 13 7
70 86 13 114 84 6 7
114 84 6 134 89 4 5
134 89 4 97 91 3 2
97 91 3 37 102 2 11
37 102 2 21 105 1 3
21 105 1 146 67 18 41
146 67 18 23 60 23 8
23 60 23 102 69 20 9
102 69 20 126 20 44 54
126 20 44 4 10 39 11
4 10 39 105 9 30 9
105 9 30 76 20 49 21
76 20 49 110 34 67 22
110 34 67 31 35 59 8
31 35 59 133 26 117 58
133 26 117 40 29 123 6
40 29 123 93 25 130 8
93 25 130 16 21 131 4
16 21 131 98 4 136 17
98 4 136 62 0 138 4
62 0 138 137 1 146 8
137 1 146 53 14 154 15
53 14 154 80 18 154 4
80 18 154 116 21 157 4
116 21 157 122 54 116 52
122 54 116 127 61 107 11
127 61 107 135 50 152 46
