1 51 10 16 53 16 6
16 53 16 40 42 21 12
40 42 21 20 38 25 5
20 38 25 42 38 27 2
42 38 27 47 38 35 8
47 38 35 30 29 39 9
30 29 39 3 23 40 6
3 23 40 99 18 45 7
99 18 45 12 9 47 9
12 9 47 61 7 54 7
61 7 54 57 15 60 10
57 15 60 52 4 70 14
52 4 70 66 3 80 10
66 3 80 49 15 78 12
49 15 78 2 21 75 6
2 21 75 17 16 89 14
17 16 89 4 16 92 3
4 16 92 77 13 95 4
77 13 95 94 6 98 7
94 6 98 83 21 89 17
83 21 89 28 30 87 9
28 30 87 75 29 83 4
75 29 83 92 23 93 11
92 23 93 64 29 100 9
64 29 100 95 22 57 43
95 22 57 38 29 53 8
38 29 53 58 40 54 11
58 40 54 86 40 65 11
86 40 65 18 41 68 3
18 41 68 13 44 68 3
13 44 68 5 47 71 4
5 47 71 29 45 77 6
29 45 77 48 52 82 8
48 52 82 24 54 78 4
24 54 78 63 53 77 1
63 53 77 21 57 84 8
21 57 84 19 62 91 8
19 62 91 22 66 94 5
22 66 94 70 70 94 4
70 70 94 73 70 87 7
73 70 87 45 70 87 0
45 70 87 69 71 83 4
69 71 83 46 69 82 2
46 69 82 7 67 82 2
7 67 82 55 70 73 9
55 70 73 9 78 73 8
9 78 73 36 79 73 1
36 79 73 39 87 80 10
39 87 80 8 92 80 5
8 92 80 51 100 84 8
51 100 84 32 99 76 8
32 99 76 80 96 70 6
80 96 70 62 93 91 21
62 93 91 56 89 93 4
56 89 93 0 94 96 5
0 94 96 90 84 67 30
90 84 67 41 83 62 5
41 83 62 68 90 56 9
68 90 56 72 97 43 14
72 97 43 91 73 65 32
91 73 65 84 48 91 36
84 48 91 78 45 93 3
78 45 93 98 53 96 8
98 53 96 85 49 70 26
85 49 70 54 55 68 6
54 55 68 97 4 55 52
97 4 55 81 23 34 28
81 23 34 35 23 28 6
35 23 28 96 16 26 7
96 16 26 15 18 22 4
15 18 22 60 20 14 8
60 20 14 26 18 8 6
26 18 8 31 24 1 9
31 24 1 25 30 6 7
25 30 6 82 31 10 4
82 31 10 37 32 10 1
37 32 10 79 15 4 18
79 15 4 6 14 2 2
6 14 2 65 11 4 3
65 11 4 67 5 0 7
67 5 0 74 43 35 51
74 43 35 59 45 36 2
59 45 36 53 60 21 21
53 60 21 10 59 28 7
10 59 28 43 54 28 5
43 54 28 89 63 17 14
89 63 17 33 64 9 8
33 64 9 100 73 12 9
100 73 12 23 82 2 13
23 82 2 44 90 8 10
44 90 8 76 89 14 6
76 89 14 71 89 24 10
71 89 24 50 89 27 3
50 89 27 88 81 36 12
88 81 36 27 78 39 4
27 78 39 34 70 41 8
34 70 41 14 67 52 11
14 67 52 93 73 14 38
93 73 14 87 75 19 5
87 75 19 11 74 22 3
11 74 22 1 51 10 25
