27 6 22 1 3 28 6
1 3 28 8 1 26 2
8 1 26 13 7 14 13
13 7 14 3 8 14 1
3 8 14 16 11 13 3
16 11 13 9 10 11 2
9 10 11 23 13 10 3
23 13 10 26 12 2 8
26 12 2 6 11 1 1
6 11 1 10 8 2 3
10 8 2 22 3 3 5
22 3 3 28 11 0 8
28 11 0 20 15 0 4
20 15 0 11 3 12 16
11 3 12 19 14 23 15
19 14 23 4 21 21 7
4 21 21 17 24 26 5
17 24 26 0 25 26 1
0 25 26 12 27 25 2
12 27 25 7 26 20 5
7 26 20 5 24 17 3
5 24 17 15 24 16 1
15 24 16 24 24 10 6
24 24 10 18 23 6 4
18 23 6 2 24 5 1
2 24 5 14 26 2 3
14 26 2 25 24 2 2
25 24 2 21 22 26 24
21 22 26 27 6 22 16
