6 107 16 1 115 8 11
1 115 8 102 117 7 2
102 117 7 88 102 14 16
88 102 14 9 103 6 8
9 103 6 74 91 12 13
74 91 12 72 90 9 3
72 90 9 34 91 2 7
34 91 2 70 80 4 11
70 80 4 86 71 7 9
86 71 7 29 72 19 12
29 72 19 32 68 7 12
32 68 7 71 61 2 8
71 61 2 115 55 10 10
115 55 10 73 52 19 9
73 52 19 53 43 19 9
53 43 19 8 40 25 6
8 40 25 16 87 19 47
16 87 19 66 86 25 6
66 86 25 62 81 31 7
62 81 31 27 91 29 10
27 91 29 31 95 38 9
31 95 38 64 99 42 5
64 99 42 30 97 48 6
30 97 48 94 93 50 4
94 93 50 25 83 49 10
25 83 49 99 76 55 9
99 76 55 78 78 59 4
78 78 59 10 87 58 9
10 87 58 100 77 67 13
100 77 67 52 70 69 7
52 70 69 54 85 74 15
54 85 74 40 91 82 10
40 91 82 44 101 93 14
44 101 93 65 94 99 9
65 94 99 92 111 88 20
92 111 88 57 113 98 10
57 113 98 83 115 108 10
83 115 108 77 105 117 13
77 105 117 90 97 74 43
90 97 74 91 74 56 29
91 74 56 2 71 56 3
2 71 56 47 61 55 10
47 61 55 80 57 62 8
80 57 62 36 52 60 5
36 52 60 26 47 70 11
26 47 70 60 47 72 2
60 47 72 38 53 78 8
38 53 78 113 55 83 5
113 55 83 19 55 84 1
19 55 84 109 52 89 5
109 52 89 81 55 92 4
81 55 92 0 47 101 12
0 47 101 103 36 100 11
103 36 100 79 30 97 6
79 30 97 39 18 100 12
39 18 100 23 13 106 7
23 13 106 116 8 108 5
116 8 108 45 8 117 9
45 8 117 58 3 108 10
58 3 108 43 24 110 21
43 24 110 50 11 94 20
50 11 94 22 13 87 7
22 13 87 75 3 79 12
75 3 79 48 6 69 10
48 6 69 117 27 82 24
117 27 82 93 33 83 6
93 33 83 97 61 97 31
97 61 97 95 60 100 3
95 60 100 114 62 101 2
114 62 101 24 64 105 4
24 64 105 28 61 110 5
28 61 110 35 67 113 6
35 67 113 55 70 111 3
55 70 111 3 72 110 2
3 72 110 5 82 116 11
5 82 116 111 51 113 31
111 51 113 42 42 114 9
42 42 114 68 66 99 28
68 66 99 106 67 88 11
106 67 88 13 77 83 11
13 77 83 98 79 89 6
98 79 89 67 59 77 23
67 59 77 51 39 63 24
51 39 63 11 37 61 2
11 37 61 14 36 63 2
14 36 63 87 36 59 4
87 36 59 4 28 52 10
4 28 52 15 29 48 4
15 29 48 108 16 47 13
108 16 47 85 12 57 10
85 12 57 56 11 57 1
56 11 57 112 15 43 14
112 15 43 37 6 37 10
37 6 37 49 1 29 9
49 1 29 59 3 24 5
59 3 24 61 9 16 10
61 9 16 18 18 16 9
18 18 16 89 12 9 9
89 12 9 41 20 7 8
41 20 7 63 27 10 7
63 27 10 21 27 10 0
21 27 10 82 11 5 16
82 11 5 110 6 3 5
110 6 3 105 4 45 42
105 4 45 69 61 52 57
69 61 52 20 68 44 10
20 68 44 101 55 41 13
101 55 41 12 56 36 5
12 56 36 96 47 46 13
96 47 46 76 105 56 58
76 105 56 17 109 55 4
17 109 55 104 111 44 11
104 111 44 46 109 68 24
46 109 68 33 91 41 32
33 91 41 107 95 25 16
107 95 25 84 112 20 17
84 112 20 7 107 30 11
7 107 30 6 107 16 14
