34 8 23 1 2 21 6
1 2 21 2 0 19 2
2 0 19 26 11 28 14
26 11 28 48 13 27 2
48 13 27 24 14 18 9
24 14 18 44 15 16 2
44 15 16 36 15 14 2
36 15 14 29 12 7 7
29 12 7 10 15 4 4
10 15 4 19 18 1 4
19 18 1 45 9 7 10
45 9 7 39 19 18 14
39 19 18 13 21 19 2
13 21 19 46 25 17 4
46 25 17 43 26 17 1
43 26 17 40 26 23 6
40 26 23 21 22 28 6
21 22 28 9 25 32 5
9 25 32 20 19 37 7
20 19 37 41 16 48 11
41 16 48 42 13 53 5
42 13 53 4 14 53 1
4 14 53 47 17 35 18
47 17 35 23 10 37 7
23 10 37 31 10 36 1
31 10 36 37 7 39 4
37 7 39 38 32 37 25
38 32 37 5 37 43 7
5 37 43 8 35 45 2
8 35 45 51 33 50 5
51 33 50 32 30 50 3
32 30 50 33 46 41 18
33 46 41 28 44 34 7
28 44 34 25 51 31 7
25 51 31 18 52 34 3
18 52 34 35 29 24 25
35 29 24 15 27 14 10
15 27 14 16 29 11 3
16 29 11 14 25 9 4
14 25 9 7 24 10 1
7 24 10 12 26 6 4
12 26 6 49 25 5 1
49 25 5 3 35 17 15
3 35 17 0 38 18 3
0 38 18 30 44 18 6
30 44 18 22 47 11 7
22 47 11 11 48 7 4
11 48 7 53 47 6 1
53 47 6 27 42 1 7
27 42 1 6 36 2 6
6 36 2 52 37 14 12
52 37 14 50 8 15 29
50 8 15 17 0 11 8
17 0 11 34 8 23 14
