1 56 97 112 75 102 19
112 75 102 110 81 104 6
110 81 104 65 81 115 11
65 81 115 75 83 119 4
75 83 119 18 80 123 5
18 80 123 43 76 125 4
43 76 125 9 79 94 31
9 79 94 77 83 94 4
77 83 94 42 90 91 7
42 90 91 4 95 97 7
4 95 97 117 100 95 5
117 100 95 109 106 104 10
109 106 104 69 110 102 4
69 110 102 103 106 106 5
103 106 106 55 100 110 7
55 100 110 105 108 117 10
105 108 117 27 103 120 5
27 103 120 123 96 124 8
123 96 124 36 100 129 6
36 100 129 17 90 136 12
17 90 136 135 106 134 16
135 106 134 136 105 89 45
136 105 89 45 112 83 9
45 112 83 22 111 80 3
22 111 80 13 107 69 11
13 107 69 32 109 67 2
32 109 67 107 118 67 9
107 118 67 79 125 72 8
79 125 72 53 129 85 13
53 129 85 37 133 94 9
37 133 94 56 130 97 4
56 130 97 93 124 105 10
93 124 105 12 126 115 10
12 126 115 38 129 127 12
38 129 127 108 138 131 9
108 138 131 14 142 134 5
14 142 134 121 139 136 3
121 139 136 98 139 136 0
98 139 136 97 137 105 31
97 137 105 73 120 56 51
73 120 56 140 122 51 5
140 122 51 64 133 41 14
64 133 41 33 130 32 9
33 130 32 95 123 29 7
95 123 29 67 110 26 13
67 110 26 48 108 26 2
48 108 26 85 102 26 6
85 102 26 6 101 13 13
6 101 13 54 101 6 7
54 101 6 10 86 1 15
10 86 1 114 99 33 34
114 99 33 129 98 34 1
129 98 34 16 84 37 14
16 84 37 120 79 31 7
120 79 31 24 76 23 8
24 76 23 31 70 15 10
31 70 15 118 60 6 13
118 60 6 34 57 11 5
34 57 11 86 52 12 5
86 52 12 106 47 16 6
106 47 16 41 39 7 12
41 39 7 3 34 6 5
3 34 6 46 46 17 16
46 46 17 91 36 24 12
91 36 24 23 28 22 8
23 28 22 83 25 24 3
83 25 24 111 25 30 6
111 25 30 102 28 17 13
102 28 17 104 10 11 18
104 10 11 124 8 13 2
124 8 13 96 5 15 3
96 5 15 57 7 22 7
57 7 22 58 54 3 50
58 54 3 72 71 32 33
72 71 32 62 69 39 7
62 69 39 50 58 45 12
50 58 45 5 55 39 6
5 55 39 71 49 39 6
71 49 39 21 50 31 8
21 50 31 70 49 45 14
70 49 45 47 40 51 10
47 40 51 142 28 57 13
142 28 57 81 23 66 10
81 23 66 90 17 68 6
90 17 68 137 29 75 13
137 29 75 11 27 78 3
11 27 78 131 24 79 3
131 24 79 130 21 79 3
130 21 79 39 19 83 4
39 19 83 61 17 86 3
61 17 86 101 20 98 12
101 20 98 8 21 100 2
8 21 100 60 24 108 8
60 24 108 30 19 111 5
30 19 111 89 15 113 4
89 15 113 52 30 113 15
52 30 113 138 31 121 8
138 31 121 66 42 118 11
66 42 118 76 29 122 13
76 29 122 44 22 128 9
44 22 128 49 18 128 4
49 18 128 122 13 127 5
122 13 127 51 1 122 13
51 1 122 141 33 137 35
141 33 137 74 36 135 3
74 36 135 68 49 141 14
68 49 141 29 56 131 12
29 56 131 127 56 129 2
127 56 129 119 6 88 64
119 6 88 78 8 94 6
78 8 94 25 31 74 30
25 31 74 92 23 53 22
92 23 53 35 15 44 12
35 15 44 84 17 56 12
84 17 56 80 12 59 5
80 12 59 2 5 60 7
2 5 60 134 53 50 49
134 53 50 100 60 58 10
100 60 58 26 62 59 2
26 62 59 28 70 56 8
28 70 56 88 50 62 20
88 50 62 132 43 62 7
132 43 62 133 55 75 17
133 55 75 139 56 38 37
139 56 38 94 102 46 46
94 102 46 63 101 47 1
63 101 47 59 98 52 5
59 98 52 0 94 58 7
0 94 58 116 108 42 21
116 108 42 115 133 19 33
115 133 19 87 134 13 6
87 134 13 20 133 11 2
20 133 11 99 121 13 12
99 121 13 125 123 56 43
125 123 56 82 126 55 3
82 126 55 113 134 64 12
113 134 64 7 141 62 7
7 141 62 128 95 79 49
128 95 79 126 86 77 9
126 86 77 40 83 69 8
40 83 69 15 82 66 3
15 82 66 19 53 96 41
19 53 96 1 56 97 3
