1 16 14 12 19 21 7
12 19 21 65 26 24 7
65 26 24 33 27 20 4
33 27 20 45 32 18 5
45 32 18 20 33 9 9
20 33 9 32 39 8 6
32 39 8 66 49 16 12
66 49 16 18 53 13 5
18 53 13 42 58 12 5
42 58 12 24 60 15 3
24 60 15 10 60 18 3
10 60 18 60 60 11 7
60 60 11 41 58 9 2
41 58 9 43 57 6 3
43 57 6 51 64 13 9
51 64 13 16 72 6 10
16 72 6 23 69 17 11
23 69 17 53 69 18 1
53 69 18 14 70 27 9
14 70 27 64 73 16 11
64 73 16 56 53 21 20
56 53 21 38 55 25 4
38 55 25 21 57 30 5
21 57 30 59 30 6 36
59 30 6 6 34 4 4
6 34 4 35 25 8 9
35 25 8 40 19 1 9
40 19 1 34 11 5 8
34 11 5 9 8 2 4
9 8 2 30 30 31 36
30 30 31 8 38 31 8
8 38 31 57 43 30 5
57 43 30 50 44 38 8
50 44 38 49 28 34 16
49 28 34 58 21 32 7
58 21 32 28 20 34 2
28 20 34 47 19 35 1
47 19 35 69 14 38 5
69 14 38 25 9 35 5
25 9 35 27 11 31 4
27 11 31 36 10 24 7
36 10 24 52 2 16 11
52 2 16 17 10 43 28
17 10 43 71 15 48 7
71 15 48 55 15 54 6
55 15 54 31 14 55 1
31 14 55 22 17 56 3
22 17 56 5 24 55 7
5 24 55 54 31 49 9
54 31 49 37 37 52 6
37 37 52 46 38 60 8
46 38 60 4 31 72 13
4 31 72 62 48 60 20
62 48 60 63 52 59 4
63 52 59 67 54 47 12
67 54 47 68 53 62 15
68 53 62 15 52 65 3
15 52 65 2 53 68 3
2 53 68 3 51 69 2
3 51 69 13 56 73 6
13 56 73 48 69 68 13
48 69 68 39 69 64 4
39 69 64 7 69 63 1
7 69 63 72 69 52 11
72 69 52 61 38 47 31
61 38 47 11 15 58 25
11 15 58 19 14 63 5
19 14 63 73 11 64 3
73 11 64 29 3 63 8
29 3 63 26 3 58 5
26 3 58 0 15 72 18
0 15 72 70 8 73 7
70 8 73 44 6 50 23
44 6 50 1 16 14 37
