1 29 38 9 32 34 5
9 32 34 27 31 32 2
27 31 32 16 33 30 2
16 33 30 11 38 27 5
11 38 27 30 43 25 5
30 43 25 10 40 20 5
10 40 20 22 44 11 9
22 44 11 42 44 9 2
42 44 9 20 40 4 6
20 40 4 54 49 6 9
54 49 6 43 50 4 2
43 50 4 49 54 6 4
49 54 6 24 54 22 16
24 54 22 53 30 28 24
53 30 28 5 28 29 2
5 28 29 6 25 28 3
6 25 28 34 24 34 6
34 24 34 51 16 34 8
51 16 34 15 14 27 7
15 14 27 4 11 26 3
4 11 26 2 8 26 3
2 8 26 29 6 29 3
29 6 29 14 5 27 2
14 5 27 36 0 14 13
36 0 14 7 0 12 2
7 0 12 52 8 8 8
52 8 8 39 7 2 6
39 7 2 45 3 1 4
45 3 1 48 4 27 26
48 4 27 44 4 35 8
44 4 35 17 4 39 4
17 4 39 3 1 45 6
3 1 45 40 2 49 4
40 2 49 28 2 50 1
28 2 50 19 6 52 4
19 6 52 32 16 24 29
32 16 24 12 15 22 2
12 15 22 18 17 19 3
18 17 19 50 23 17 6
50 23 17 47 28 15 5
47 28 15 31 28 13 2
31 28 13 25 24 9 5
25 24 9 37 11 40 33
37 11 40 33 13 46 6
33 13 46 8 17 44 4
8 17 44 0 30 25 23
0 30 25 21 36 40 16
21 36 40 13 37 47 7
13 37 47 38 45 48 8
38 45 48 23 47 38 10
23 47 38 46 53 34 7
46 53 34 41 37 52 24
41 37 52 26 28 53 9
26 28 53 35 27 49 4
35 27 49 1 29 38 11
