28 6 32 1 6 30 2
1 6 30 10 0 34 7
10 0 34 9 9 32 9
9 9 32 0 14 32 5
0 14 32 18 14 29 3
18 14 29 13 14 26 3
13 14 26 19 11 25 3
19 11 25 20 19 25 8
20 19 25 30 23 23 4
30 23 23 26 26 22 3
26 26 22 14 28 24 2
14 28 24 5 34 29 7
5 34 29 27 28 32 6
27 28 32 16 29 16 16
16 29 16 6 32 17 3
6 32 17 15 34 17 2
15 34 17 11 34 18 1
11 34 18 32 27 15 7
32 27 15 23 27 13 2
23 27 13 24 33 9 7
24 33 9 31 25 8 8
31 25 8 8 20 7 5
8 20 7 2 19 10 3
2 19 10 7 20 15 5
7 20 15 17 11 13 9
17 11 13 22 7 5 8
22 7 5 4 9 2 3
4 9 2 25 0 5 9
25 0 5 29 3 17 12
29 3 17 21 1 18 2
21 1 18 33 0 21 3
33 0 21 12 26 4 31
12 26 4 3 26 3 1
3 26 3 34 29 0 4
34 29 0 28 6 32 39
