2 40 42 1 39 47 5
1 39 47 48 37 47 2
48 37 47 13 38 39 8
13 38 39 7 38 37 2
7 38 37 46 37 37 1
46 37 37 10 42 37 5
10 42 37 12 42 32 5
12 42 32 43 40 30 2
43 40 30 3 35 32 5
3 35 32 37 30 37 7
37 30 37 31 26 33 5
31 26 33 20 25 33 1
20 25 33 24 22 32 3
24 22 32 23 19 36 5
23 19 36 9 12 34 7
9 12 34 25 9 36 3
25 9 36 15 8 39 3
15 8 39 6 2 40 6
6 2 40 33 3 31 9
33 3 31 21 0 33 3
21 0 33 29 0 31 2
29 0 31 39 7 27 8
39 7 27 14 6 20 7
14 6 20 44 7 19 1
44 7 19 30 8 18 1
30 8 18 45 0 19 8
45 0 19 18 16 24 16
18 16 24 47 17 48 24
47 17 48 4 38 26 30
4 38 26 11 37 20 6
11 37 20 41 36 18 2
41 36 18 40 34 16 2
40 34 16 19 31 17 3
19 31 17 35 24 13 8
35 24 13 0 22 15 2
0 22 15 27 22 13 2
27 22 13 16 19 6 7
16 19 6 26 15 8 4
26 15 8 28 12 9 3
28 12 9 8 9 3 6
8 9 3 22 5 8 6
22 5 8 34 42 19 38
34 42 19 17 43 22 3
17 43 22 36 47 21 4
36 47 21 32 44 12 9
32 44 12 38 40 6 7
38 40 6 5 38 3 3
5 38 3 42 44 42 39
42 44 42 2 40 42 4
