1 17 0 50 17 2 2
50 17 2 113 21 8 7
113 21 8 94 21 19 11
94 21 19 58 23 22 3
58 23 22 80 19 33 11
80 19 33 64 26 36 7
64 26 36 83 17 33 9
83 17 33 22 13 30 5
22 13 30 24 5 26 8
24 5 26 49 1 35 9
49 1 35 0 26 6 38
0 26 6 78 34 8 8
78 34 8 47 38 19 11
47 38 19 108 42 21 4
108 42 21 93 39 32 11
93 39 32 86 42 34 3
86 42 34 18 49 35 7
18 49 35 31 58 38 9
31 58 38 28 68 37 10
28 68 37 61 65 29 8
61 65 29 99 77 33 12
99 77 33 43 81 32 4
43 81 32 11 84 30 3
11 84 30 104 86 22 8
104 86 22 55 89 12 10
55 89 12 59 77 3 15
59 77 3 12 73 6 5
12 73 6 76 65 12 10
76 65 12 65 62 11 3
65 62 11 79 98 3 36
79 98 3 3 108 2 10
3 108 2 60 110 1 2
60 110 1 15 114 4 5
15 114 4 54 113 9 5
54 113 9 34 119 18 10
34 119 18 5 121 30 12
5 121 30 27 121 34 4
27 121 34 14 117 45 11
14 117 45 114 116 45 1
114 116 45 56 117 34 11
56 117 34 10 103 12 26
10 103 12 107 103 14 2
107 103 14 91 84 41 33
91 84 41 87 85 48 7
87 85 48 45 85 55 7
45 85 55 7 78 57 7
7 78 57 35 66 61 12
35 66 61 96 57 54 11
96 57 54 97 67 65 14
97 67 65 92 66 70 5
92 66 70 9 75 74 9
9 75 74 90 66 85 14
90 66 85 95 90 56 37
95 90 56 68 87 66 10
68 87 66 119 90 69 4
119 90 69 69 98 76 10
69 98 76 29 93 91 15
29 93 91 52 91 90 2
52 91 90 40 102 77 17
40 102 77 73 97 54 23
73 97 54 82 100 54 3
82 100 54 21 104 53 4
21 104 53 71 102 47 6
71 102 47 36 96 46 6
36 96 46 115 98 41 5
115 98 41 23 96 38 3
23 96 38 19 96 37 1
19 96 37 26 102 60 23
26 102 60 81 102 63 3
81 102 63 111 111 63 9
111 111 63 2 112 70 7
2 112 70 103 117 77 8
103 117 77 66 118 85 8
66 118 85 72 116 87 2
72 116 87 30 110 95 10
30 110 95 6 103 106 13
6 103 106 116 92 115 14
116 92 115 17 78 119 14
17 78 119 67 119 106 43
67 119 106 37 116 112 6
37 116 112 105 121 89 23
105 121 89 33 58 42 78
33 58 42 85 48 45 10
85 48 45 70 36 44 12
70 36 44 46 32 56 12
46 32 56 57 31 55 1
57 31 55 74 20 55 11
74 20 55 77 20 52 3
77 20 52 84 12 62 12
84 12 62 101 6 67 7
101 6 67 38 0 69 6
38 0 69 42 15 76 16
42 15 76 16 15 80 4
16 15 80 41 21 84 7
41 21 84 4 29 85 8
4 29 85 25 30 83 2
25 30 83 51 29 89 6
51 29 89 62 24 100 12
62 24 100 110 33 91 12
110 33 91 109 36 102 11
109 36 102 98 34 107 5
98 34 107 44 43 114 11
44 43 114 8 46 113 3
8 46 113 89 57 120 13
89 57 120 120 62 118 5
120 62 118 20 65 108 10
20 65 108 88 57 101 10
88 57 101 100 37 121 28
100 37 121 13 34 120 3
13 34 120 118 43 100 21
118 43 100 63 32 86 17
63 32 86 112 6 85 26
112 6 85 102 5 93 8
102 5 93 106 2 97 5
106 2 97 32 11 101 9
32 11 101 121 42 69 44
121 42 69 117 44 18 51
117 44 18 39 47 16 3
39 47 16 53 12 8 35
53 12 8 48 4 10 8
48 4 10 75 2 12 2
75 2 12 1 17 0 19
