1 20 7 21 24 6 4
21 24 6 6 25 0 6
6 25 0 32 26 12 12
32 26 12 24 35 15 9
24 35 15 49 42 18 7
49 42 18 0 43 18 1
0 43 18 3 47 21 5
3 47 21 37 52 28 8
37 52 28 35 57 30 5
35 57 30 43 47 34 10
43 47 34 53 46 36 2
53 46 36 5 51 40 6
5 51 40 38 54 46 6
38 54 46 39 51 49 4
39 51 49 2 47 49 4
2 47 49 10 53 55 8
10 53 55 58 53 57 2
58 53 57 9 55 58 2
9 55 58 4 57 59 2
4 57 59 59 48 60 9
59 48 60 40 43 37 23
40 43 37 8 43 42 5
8 43 42 11 39 37 6
11 39 37 55 38 34 3
55 38 34 44 32 35 6
44 32 35 48 52 20 25
48 52 20 54 51 16 4
54 51 16 36 42 21 10
36 42 21 14 40 24 3
14 40 24 41 38 4 20
41 38 4 57 43 0 6
57 43 0 42 58 1 15
42 58 1 17 59 2 1
17 59 2 12 15 12 45
12 15 12 15 14 21 9
15 14 21 16 15 25 4
16 15 25 34 17 26 2
34 17 26 29 20 27 3
29 20 27 7 22 33 6
7 22 33 46 18 34 4
46 18 34 50 20 39 5
50 20 39 25 24 40 4
25 24 40 33 23 51 11
33 23 51 13 31 56 9
13 31 56 27 33 55 2
27 33 55 28 13 58 20
28 13 58 31 8 51 8
31 8 51 18 1 48 7
18 1 48 22 1 41 7
22 1 41 60 11 59 20
60 11 59 51 19 23 36
51 19 23 26 21 21 2
26 21 21 23 13 11 12
23 13 11 52 7 10 6
52 7 10 30 7 7 3
30 7 7 47 6 2 5
47 6 2 56 0 1 6
56 0 1 45 19 5 19
45 19 5 19 17 3 2
19 17 3 20 16 1 2
20 16 1 1 20 7 7
