104 64 103 1 66 111 8
1 66 111 18 63 120 9
18 63 120 76 50 117 13
76 50 117 46 50 113 4
46 50 113 26 42 102 13
26 42 102 74 68 99 26
74 68 99 54 65 96 4
54 65 96 11 58 98 7
11 58 98 107 66 90 11
107 66 90 108 69 85 5
108 69 85 4 70 83 2
4 70 83 79 72 85 2
79 72 85 14 76 83 4
14 76 83 36 80 79 5
36 80 79 43 87 70 11
43 87 70 9 82 67 5
9 82 67 102 87 65 5
102 87 65 78 88 54 11
78 88 54 33 93 52 5
33 93 52 41 90 48 5
41 90 48 122 83 45 7
122 83 45 29 86 39 6
29 86 39 83 91 32 8
83 91 32 17 99 24 11
17 99 24 87 106 26 7
87 106 26 12 109 20 6
12 109 20 70 108 18 2
70 108 18 15 113 15 5
15 113 15 113 104 8 11
113 104 8 112 99 13 7
112 99 13 48 95 13 4
48 95 13 75 109 27 19
75 109 27 31 109 35 8
31 109 35 23 108 37 2
23 108 37 101 119 34 11
101 119 34 84 121 45 11
84 121 45 30 116 53 9
30 116 53 69 118 66 13
69 118 66 2 119 66 1
2 119 66 50 112 71 8
50 112 71 91 104 82 13
91 104 82 39 104 84 2
39 104 84 8 101 87 4
8 101 87 49 105 87 4
49 105 87 77 112 95 10
77 112 95 51 111 101 6
51 111 101 10 105 100 6
10 105 100 88 99 102 6
88 99 102 109 119 92 22
109 119 92 114 120 94 2
114 120 94 55 121 103 9
55 121 103 110 123 115 12
110 123 115 66 124 116 1
66 124 116 119 114 73 44
119 114 73 103 121 26 47
103 121 26 89 79 51 48
89 79 51 25 73 50 6
25 73 50 56 98 48 25
56 98 48 53 104 51 6
53 104 51 16 103 57 6
16 103 57 58 76 85 38
58 76 85 92 83 86 7
92 83 86 80 84 90 4
80 84 90 47 78 96 8
47 78 96 6 80 105 9
6 80 105 124 86 120 16
124 86 120 19 83 122 3
19 83 122 111 92 124 9
111 92 124 61 86 96 28
61 86 96 94 61 80 29
94 61 80 121 65 68 12
121 65 68 32 55 65 10
32 55 65 28 55 58 7
28 55 58 27 47 47 13
27 47 47 98 51 36 11
98 51 36 97 57 37 6
97 57 37 24 62 36 5
24 62 36 65 66 32 5
65 66 32 37 76 29 10
37 76 29 95 66 30 10
95 66 30 81 68 23 7
81 68 23 62 67 17 6
62 67 17 40 48 32 24
40 48 32 63 49 26 6
63 49 26 35 44 21 7
35 44 21 100 46 18 3
100 46 18 3 38 15 8
3 38 15 60 34 25 10
60 34 25 0 22 19 13
0 22 19 34 18 24 6
34 18 24 38 13 27 5
38 13 27 85 20 28 7
85 20 28 71 18 39 11
71 18 39 67 39 8 37
67 39 8 64 26 4 13
64 26 4 90 56 58 61
90 56 58 96 50 75 18
96 50 75 82 41 69 10
82 41 69 116 34 70 7
116 34 70 105 25 67 9
105 25 67 115 13 74 13
115 13 74 93 15 88 14
93 15 88 68 22 93 8
68 22 93 72 26 102 9
72 26 102 20 24 109 7
20 24 109 42 20 107 4
42 20 107 21 18 112 5
21 18 112 57 2 119 17
57 2 119 13 0 116 3
13 0 116 7 0 111 5
7 0 111 45 3 123 12
45 3 123 59 21 120 18
59 21 120 117 28 115 8
117 28 115 86 30 91 24
86 30 91 44 32 84 7
44 32 84 99 15 97 21
99 15 97 123 3 69 30
123 3 69 73 2 66 3
73 2 66 5 7 63 5
5 7 63 118 3 79 16
118 3 79 106 0 90 11
106 0 90 120 20 56 39
120 20 56 52 24 53 5
52 24 53 22 34 56 10
22 34 56 104 64 103 55
