1 122 67 79 121 74 7
79 121 74 77 121 86 12
77 121 86 119 112 70 18
119 112 70 0 109 67 4
0 109 67 6 106 61 6
6 106 61 23 99 58 7
23 99 58 104 93 62 7
104 93 62 81 94 69 7
81 94 69 35 95 70 1
35 95 70 99 84 72 11
99 84 72 102 82 78 6
102 82 78 110 83 82 4
110 83 82 4 76 85 7
4 76 85 78 71 81 6
78 71 81 84 64 87 9
84 64 87 48 58 96 10
48 58 96 8 47 100 11
8 47 100 71 44 111 11
71 44 111 22 48 111 4
22 48 111 55 52 115 5
55 52 115 107 53 116 1
107 53 116 89 32 118 21
89 32 118 108 31 120 2
108 31 120 115 21 112 12
115 21 112 112 61 103 41
112 61 103 38 67 105 6
38 67 105 51 67 108 3
51 67 108 97 67 115 7
97 67 115 44 66 119 4
44 66 119 52 70 120 4
52 70 120 43 78 117 8
43 78 117 59 82 122 6
59 82 122 37 90 115 10
37 90 115 30 88 105 10
30 88 105 17 82 104 6
17 82 104 67 79 101 4
67 79 101 61 92 104 13
61 92 104 40 94 117 13
40 94 117 54 96 115 2
54 96 115 72 98 115 2
72 98 115 3 104 115 6
3 104 115 9 106 113 2
9 106 113 118 120 112 14
118 120 112 64 120 101 11
64 120 101 113 70 73 57
113 70 73 45 67 74 3
45 67 74 76 57 75 10
76 57 75 28 47 84 13
28 47 84 57 46 85 1
57 46 85 32 51 65 20
32 51 65 63 46 66 5
63 46 66 49 35 65 11
49 35 65 68 32 62 4
68 32 62 24 29 60 3
24 29 60 11 27 48 12
11 27 48 122 28 65 17
122 28 65 16 29 71 6
16 29 71 92 28 71 1
92 28 71 96 32 74 5
96 32 74 18 30 78 4
18 30 78 14 24 79 6
14 24 79 85 25 87 8
85 25 87 42 29 99 12
42 29 99 80 18 88 15
80 18 88 100 9 87 9
100 9 87 36 6 87 3
36 6 87 26 4 77 10
26 4 77 95 5 65 12
95 5 65 60 10 53 13
60 10 53 13 3 50 7
13 3 50 91 3 47 3
91 3 47 120 8 33 14
120 8 33 15 1 28 8
15 1 28 69 7 102 74
69 7 102 105 51 60 60
105 51 60 109 62 53 13
109 62 53 5 69 44 11
5 69 44 10 79 48 10
10 79 48 21 70 39 12
21 70 39 103 64 33 8
103 64 33 34 55 30 9
34 55 30 39 60 23 8
39 60 23 82 56 20 5
82 56 20 25 54 18 2
25 54 18 29 54 5 13
29 54 5 101 68 22 22
101 68 22 50 68 23 1
50 68 23 70 66 16 7
70 66 16 90 72 18 6
90 72 18 73 75 23 5
73 75 23 116 80 20 5
116 80 20 47 82 24 4
47 82 24 53 95 29 13
53 95 29 19 96 27 2
19 96 27 86 103 19 10
86 103 19 7 117 22 14
7 117 22 93 82 16 35
93 82 16 27 80 2 14
27 80 2 58 52 31 40
58 52 31 2 46 31 6
2 46 31 62 42 28 5
62 42 28 33 38 23 6
33 38 23 12 40 18 5
12 40 18 66 32 14 8
66 32 14 31 22 19 11
31 22 19 83 11 14 12
83 11 14 117 4 7 9
117 4 7 88 25 28 29
88 25 28 74 37 2 28
74 37 2 111 43 40 38
111 43 40 20 39 43 5
20 39 43 46 59 49 20
46 59 49 56 72 57 15
56 72 57 65 88 84 31
65 88 84 87 107 56 33
87 107 56 94 119 53 12
94 119 53 114 115 41 12
114 115 41 121 114 37 4
121 114 37 75 106 70 33
75 106 70 106 104 76 6
106 104 76 41 109 87 12
41 109 87 98 103 91 7
98 103 91 1 122 67 30
