50 14 44 1 24 39 11
1 24 39 83 28 47 8
83 28 47 36 26 52 5
36 26 52 38 30 53 4
38 30 53 20 30 54 1
20 30 54 57 28 60 6
57 28 60 2 24 61 4
2 24 61 79 35 48 17
79 35 48 64 40 49 5
64 40 49 74 52 46 12
74 52 46 11 54 48 2
11 54 48 40 58 54 7
40 58 54 34 60 54 2
34 60 54 13 68 60 10
13 68 60 41 73 54 7
41 73 54 65 83 54 10
65 83 54 76 70 63 15
76 70 63 92 79 77 16
92 79 77 48 87 73 8
48 87 73 12 88 74 1
12 88 74 69 88 79 5
69 88 79 44 88 81 2
44 88 81 30 90 82 2
30 90 82 19 94 80 4
19 94 80 35 90 87 8
35 90 87 29 85 94 8
29 85 94 81 79 92 6
81 79 92 71 89 71 23
71 89 71 63 75 79 16
63 75 79 67 72 79 3
67 72 79 70 72 82 3
70 72 82 86 78 81 6
86 78 81 84 47 38 53
84 47 38 17 46 34 4
17 46 34 22 46 26 8
22 46 26 58 47 18 8
58 47 18 26 41 16 6
26 41 16 75 35 20 7
75 35 20 16 30 28 9
16 30 28 31 28 17 11
31 28 17 39 29 11 6
39 29 11 61 40 35 26
61 40 35 60 51 34 11
60 51 34 33 61 35 10
33 61 35 46 67 37 6
46 67 37 18 74 33 8
18 74 33 4 76 38 5
4 76 38 15 79 38 3
15 79 38 55 93 42 14
55 93 42 68 77 41 16
68 77 41 5 84 25 17
5 84 25 27 81 18 7
27 81 18 10 75 12 8
10 75 12 14 68 13 7
14 68 13 66 65 10 4
66 65 10 23 61 14 5
23 61 14 89 68 18 8
89 68 18 49 88 12 20
49 88 12 47 85 7 5
47 85 7 88 61 39 40
88 61 39 73 56 26 13
73 56 26 90 39 52 31
90 39 52 51 11 43 29
51 11 43 9 8 36 7
9 8 36 45 7 35 1
45 7 35 37 16 31 9
37 16 31 72 3 26 13
72 3 26 82 8 23 5
82 8 23 0 12 19 5
0 12 19 6 15 14 5
6 15 14 42 15 20 6
42 15 20 85 6 51 32
85 6 51 53 5 53 2
53 5 53 7 0 52 5
7 0 52 8 6 58 8
8 6 58 28 10 58 4
28 10 58 59 11 69 11
59 11 69 78 15 70 4
78 15 70 32 23 78 11
32 23 78 21 19 81 5
21 19 81 62 20 90 9
62 20 90 77 14 94 7
77 14 94 87 26 91 12
87 26 91 94 30 93 4
94 30 93 93 39 93 9
93 39 93 43 39 88 5
43 39 88 91 45 91 6
91 45 91 24 45 92 1
24 45 92 54 54 94 9
54 54 94 56 55 83 11
56 55 83 52 25 80 30
52 25 80 25 31 81 6
25 31 81 80 3 76 28
80 3 76 3 0 71 5
3 0 71 50 14 44 30
