13 91 66 1 94 63 4
1 94 63 6 90 53 10
6 90 53 59 101 49 11
59 101 49 33 97 39 10
33 97 39 32 101 36 5
32 101 36 4 100 33 3
4 100 33 49 99 30 3
49 99 30 73 101 30 2
73 101 30 80 99 26 4
80 99 26 82 86 52 29
82 86 52 18 97 63 15
18 97 63 103 100 66 4
103 100 66 45 99 70 4
45 99 70 58 77 63 23
58 77 63 68 74 62 3
68 74 62 38 67 55 9
38 67 55 5 65 48 7
5 65 48 20 66 56 8
20 66 56 9 67 75 19
9 67 75 96 60 74 7
96 60 74 44 54 73 6
44 54 73 37 55 69 4
37 55 69 47 51 67 4
47 51 67 76 45 72 7
76 45 72 41 41 72 4
41 41 72 7 38 58 14
7 38 58 19 46 53 9
19 46 53 3 47 49 4
3 47 49 83 43 48 4
83 43 48 23 37 47 6
23 37 47 43 41 41 7
43 41 41 92 36 39 5
92 36 39 0 40 30 9
0 40 30 42 47 27 7
42 47 27 78 50 20 7
78 50 20 56 54 13 8
56 54 13 79 56 5 8
79 56 5 64 63 1 8
64 63 1 86 61 17 16
86 61 17 2 68 20 7
2 68 20 21 74 26 8
21 74 26 31 71 12 14
31 71 12 10 71 10 2
10 71 10 105 75 6 5
105 75 6 53 82 4 7
53 82 4 11 93 11 13
11 93 11 61 98 9 5
61 98 9 12 99 10 1
12 99 10 77 102 4 6
77 102 4 101 74 3 28
101 74 3 8 73 1 2
8 73 1 71 59 26 28
71 59 26 66 35 27 24
66 35 27 57 27 32 9
57 27 32 104 23 30 4
104 23 30 88 26 17 13
88 26 17 51 26 13 4
51 26 13 16 19 3 12
16 19 3 50 8 9 12
50 8 9 14 8 10 1
14 8 10 62 2 6 7
62 2 6 36 0 0 6
36 0 0 94 40 25 47
94 40 25 81 39 17 8
81 39 17 48 42 5 12
48 42 5 17 41 0 5
17 41 0 65 33 75 75
65 33 75 46 30 80 5
46 30 80 25 29 81 1
25 29 81 67 19 84 10
67 19 84 54 3 99 21
54 3 99 69 0 102 4
69 0 102 63 18 80 28
63 18 80 84 19 71 9
84 19 71 34 24 65 7
34 24 65 35 22 60 5
35 22 60 75 24 65 5
75 24 65 55 7 63 17
55 7 63 27 6 57 6
27 6 57 95 2 55 4
95 2 55 97 13 45 14
97 13 45 29 6 42 7
29 6 42 90 1 41 5
90 1 41 60 1 36 5
60 1 36 74 2 28 8
74 2 28 28 0 67 39
28 0 67 93 47 78 48
93 47 78 72 50 81 4
72 50 81 85 54 94 13
85 54 94 30 66 92 12
30 66 92 98 75 95 9
98 75 95 15 77 100 5
15 77 100 99 81 98 4
99 81 98 87 88 99 7
87 88 99 100 92 90 9
100 92 90 40 100 91 8
40 100 91 22 104 100 9
22 104 100 39 75 92 30
39 75 92 24 74 86 6
24 74 86 52 79 80 7
52 79 80 102 83 80 4
102 83 80 26 83 86 6
26 83 86 70 48 98 37
70 48 98 91 37 99 11
91 37 99 89 34 94 5
89 34 94 13 91 66 63
