1 8 17 74 3 35 18
74 3 35 17 4 40 5
17 4 40 43 11 46 9
43 11 46 71 10 50 4
71 10 50 51 12 53 3
51 12 53 3 10 57 4
3 10 57 9 16 67 11
9 16 67 38 12 78 11
38 12 78 11 19 82 8
11 19 82 8 17 87 5
8 17 87 60 23 84 6
60 23 84 39 25 84 2
39 25 84 4 33 79 9
4 33 79 22 36 74 5
22 36 74 10 37 68 6
10 37 68 46 46 61 11
46 46 61 63 51 62 5
63 51 62 73 60 56 10
73 60 56 14 56 50 7
14 56 50 26 58 47 3
26 58 47 5 57 44 3
5 57 44 89 65 53 12
89 65 53 13 69 56 5
13 69 56 59 72 51 5
59 72 51 37 70 45 6
37 70 45 81 77 59 15
81 77 59 21 80 56 4
21 80 56 84 80 52 4
84 80 52 65 81 46 6
65 81 46 41 84 42 5
41 84 42 90 78 36 8
90 78 36 32 76 37 2
32 76 37 55 73 32 5
55 73 32 29 65 27 9
29 65 27 6 68 19 8
6 68 19 2 66 17 2
2 66 17 25 61 30 13
25 61 30 12 55 23 9
12 55 23 34 54 20 3
34 54 20 47 46 19 8
47 46 19 44 46 15 4
44 46 15 82 42 15 4
82 42 15 54 41 9 6
54 41 9 48 36 9 5
48 36 9 87 43 8 7
87 43 8 61 43 21 13
61 43 21 18 39 19 4
18 39 19 50 29 21 10
50 29 21 23 29 29 8
23 29 29 70 26 29 3
70 26 29 64 22 30 4
64 22 30 85 26 36 7
85 26 36 72 24 39 3
72 24 39 80 27 38 3
80 27 38 83 34 37 7
83 34 37 53 40 32 7
53 40 32 49 49 33 9
49 49 33 57 37 43 15
57 37 43 56 29 55 14
56 29 55 66 27 54 2
66 27 54 78 57 11 52
78 57 11 52 57 1 10
52 57 1 86 74 30 33
86 74 30 58 84 30 10
58 84 30 31 86 20 10
31 86 20 28 79 13 9
28 79 13 36 85 3 11
36 85 3 35 87 2 2
35 87 2 76 73 3 14
76 73 3 19 72 3 1
19 72 3 68 88 51 50
68 88 51 75 79 68 19
75 79 68 30 80 69 1
30 80 69 88 80 74 5
88 80 74 7 80 81 7
7 80 81 42 76 68 13
42 76 68 69 68 71 8
69 68 71 40 58 73 10
40 58 73 15 59 85 12
15 59 85 62 57 87 2
62 57 87 16 42 73 20
16 42 73 79 36 85 13
79 36 85 0 6 76 31
0 6 76 77 0 84 10
77 0 84 45 6 87 6
45 6 87 27 5 54 33
27 5 54 20 4 12 42
20 4 12 24 8 5 8
24 8 5 33 2 3 6
33 2 3 67 1 3 1
67 1 3 1 8 17 15
