20 47 54 1 52 50 6
1 52 50 46 50 61 11
46 50 61 4 52 65 4
4 52 65 0 63 67 11
0 63 67 47 43 51 25
47 43 51 37 40 45 6
37 40 45 29 41 41 4
29 41 41 54 46 39 5
54 46 39 12 52 37 6
12 52 37 14 56 37 4
14 56 37 32 63 36 7
32 63 36 10 63 28 8
10 63 28 2 60 25 4
2 60 25 42 58 26 2
42 58 26 58 65 28 7
58 65 28 64 67 20 8
64 67 20 33 52 39 24
33 52 39 57 36 41 16
57 36 41 52 32 36 6
52 32 36 16 36 29 8
16 36 29 9 38 30 2
9 38 30 18 39 24 6
18 39 24 45 46 17 9
45 46 17 5 47 17 1
5 47 17 53 49 15 2
53 49 15 13 52 7 8
13 52 7 59 43 7 9
59 43 7 8 38 2 7
8 38 2 23 31 4 7
23 31 4 44 23 4 8
44 23 4 17 18 7 5
17 18 7 3 22 11 5
3 22 11 27 19 17 6
27 19 17 26 14 12 7
26 14 12 34 10 15 5
34 10 15 11 10 22 7
11 10 22 36 10 23 1
36 10 23 25 6 7 16
25 6 7 21 5 8 1
21 5 8 30 6 2 6
30 6 2 43 7 1 1
43 7 1 55 17 5 10
55 17 5 31 17 1 4
31 17 1 66 30 12 17
66 30 12 15 32 16 4
15 32 16 6 31 18 2
6 31 18 50 32 12 6
50 32 12 62 57 3 26
62 57 3 61 60 2 3
61 60 2 41 63 3 3
41 63 3 65 30 37 47
65 30 37 40 25 36 5
40 25 36 28 22 29 7
28 22 29 67 29 42 14
67 29 42 60 24 42 5
60 24 42 19 17 42 7
19 17 42 56 8 41 9
56 8 41 63 2 40 6
63 2 40 7 1 33 7
7 1 33 49 0 31 2
49 0 31 22 1 49 18
22 1 49 38 24 47 23
38 24 47 35 21 58 11
35 21 58 48 16 60 5
48 16 60 39 12 63 5
39 12 63 51 39 60 27
51 39 60 24 39 62 2
24 39 62 20 47 54 11
