21 5 15 1 7 14 2
1 7 14 53 6 11 3
53 6 11 23 3 5 6
23 3 5 11 4 4 1
11 4 4 41 4 5 1
41 4 5 25 3 17 12
25 3 17 39 6 21 5
39 6 21 51 0 31 11
51 0 31 27 6 39 10
27 6 39 18 13 36 7
18 13 36 6 15 32 4
6 15 32 57 14 38 6
57 14 38 8 18 38 4
8 18 38 14 15 45 7
14 15 45 58 21 47 6
58 21 47 9 26 47 5
9 26 47 2 26 46 1
2 26 46 5 34 49 8
5 34 49 29 38 47 4
29 38 47 28 35 44 4
28 35 44 7 44 48 9
7 44 48 10 51 48 7
10 51 48 31 53 43 5
31 53 43 13 56 40 4
13 56 40 47 52 38 4
47 52 38 20 50 36 2
20 50 36 38 42 35 8
38 42 35 4 40 26 9
4 40 26 42 38 24 2
42 38 24 44 32 29 7
44 32 29 48 26 24 7
48 26 24 45 32 14 11
45 32 14 40 38 5 10
40 38 5 16 42 0 6
16 42 0 49 34 3 8
49 34 3 37 29 0 5
37 29 0 0 22 24 25
0 22 24 54 52 34 31
54 52 34 15 56 29 6
15 56 29 30 53 27 3
30 53 27 35 54 19 8
35 54 19 3 48 19 6
3 48 19 32 45 16 4
32 45 16 36 56 12 11
36 56 12 43 55 5 7
43 55 5 12 55 4 1
12 55 4 52 52 38 34
52 52 38 46 54 54 16
46 54 54 24 54 54 0
24 54 54 50 52 54 2
50 52 54 55 51 58 4
55 51 58 56 48 57 3
56 48 57 22 47 55 2
22 47 55 34 32 55 15
34 32 55 59 22 51 10
59 22 51 19 21 52 1
19 21 52 33 22 54 2
33 22 54 26 22 51 3
26 22 51 17 12 53 10
17 12 53 21 5 15 38
