1 1 20 0 1 22 2
0 1 22 26 1 25 3
26 1 25 27 7 20 7
27 7 20 6 10 19 3
6 10 19 4 13 21 3
4 13 21 2 16 17 5
2 16 17 8 21 14 5
8 21 14 3 21 16 2
3 21 16 7 23 12 4
7 23 12 18 25 8 4
18 25 8 25 24 14 6
25 24 14 12 24 14 0
12 24 14 15 16 15 8
15 16 15 20 15 11 4
20 15 11 21 16 9 2
21 16 9 19 17 8 1
19 17 8 24 19 5 3
24 19 5 17 20 6 1
17 20 6 23 14 7 6
23 14 7 10 18 24 17
10 18 24 9 1 14 19
9 1 14 5 1 12 2
5 1 12 11 2 10 2
11 2 10 14 2 5 5
14 2 5 13 0 3 2
13 0 3 16 7 4 7
16 7 4 22 3 14 10
22 3 14 1 1 20 6
