1 68 121 102 77 109 15
102 77 109 63 80 107 3
63 80 107 86 83 107 3
86 83 107 134 80 98 9
134 80 98 61 82 92 6
61 82 92 65 84 88 4
65 84 88 16 88 79 9
16 88 79 88 98 77 10
88 98 77 127 109 71 12
127 109 71 52 117 75 8
52 117 75 26 117 87 12
26 117 87 45 111 96 10
45 111 96 2 110 99 3
2 110 99 39 110 105 6
39 110 105 7 97 111 14
7 97 111 47 122 109 25
47 122 109 0 128 106 6
0 128 106 60 127 103 3
60 127 103 130 139 106 12
130 139 106 28 144 108 5
28 144 108 138 147 109 3
138 147 109 131 154 100 11
131 154 100 132 155 88 12
132 155 88 21 152 83 5
21 152 83 124 149 75 8
124 149 75 33 158 66 12
33 158 66 70 152 57 10
70 152 57 145 141 63 12
145 141 63 96 134 57 9
96 134 57 149 138 46 11
149 138 46 69 143 40 7
69 143 40 142 138 35 7
142 138 35 95 125 32 13
95 125 32 79 117 20 14
79 117 20 22 118 9 11
22 118 9 87 112 21 13
87 112 21 57 111 23 2
57 111 23 37 111 25 2
37 111 25 141 109 27 2
141 109 27 25 106 31 5
25 106 31 71 103 17 14
71 103 17 5 91 8 15
5 91 8 6 86 19 12
6 86 19 111 79 29 12
111 79 29 42 85 31 6
42 85 31 97 74 27 11
97 74 27 89 67 21 9
89 67 21 3 62 16 7
3 62 16 40 67 8 9
40 67 8 82 66 1 7
82 66 1 159 57 14 15
159 57 14 108 55 18 4
108 55 18 148 58 22 5
148 58 22 73 42 32 18
73 42 32 78 39 41 9
78 39 41 64 34 48 8
64 34 48 125 26 49 8
125 26 49 80 20 48 6
80 20 48 19 11 57 12
19 11 57 157 20 65 12
157 20 65 55 24 69 5
55 24 69 15 31 69 7
15 31 69 46 38 67 7
46 38 67 160 39 68 1
160 39 68 32 38 69 1
32 38 69 139 42 84 15
139 42 84 43 57 76 17
43 57 76 54 47 94 20
54 47 94 18 44 97 4
18 44 97 50 49 100 5
50 49 100 103 24 71 38
103 24 71 120 21 74 4
120 21 74 30 20 41 33
30 20 41 153 30 31 14
153 30 31 152 54 12 30
152 54 12 12 34 1 22
12 34 1 36 23 4 11
36 23 4 31 14 6 9
31 14 6 90 16 11 5
90 16 11 113 1 9 15
113 1 9 156 79 33 81
156 79 33 27 89 0 34
27 89 0 143 142 28 59
143 142 28 44 152 25 10
44 152 25 35 153 30 5
35 153 30 62 155 9 21
62 155 9 10 160 1 9
10 160 1 114 152 6 9
114 152 6 93 144 5 8
93 144 5 74 132 45 41
74 132 45 158 125 46 7
158 125 46 129 111 48 14
129 111 48 94 107 54 7
94 107 54 48 100 46 10
48 100 46 77 96 60 14
77 96 60 119 89 58 7
119 89 58 116 87 60 2
116 87 60 14 76 60 11
14 76 60 59 60 52 17
59 60 52 115 144 76 87
115 144 76 8 137 81 8
8 137 81 91 139 91 10
91 139 91 144 132 118 27
144 132 118 106 110 119 22
106 110 119 100 117 124 8
100 117 124 83 117 126 2
83 117 126 99 124 134 10
99 124 134 9 122 141 7
9 122 141 161 125 148 7
161 125 148 24 118 148 7
24 118 148 140 114 159 11
140 114 159 107 137 145 26
107 137 145 67 150 137 15
67 150 137 123 154 129 8
123 154 129 13 158 121 8
13 158 121 121 159 119 2
121 159 119 146 158 131 12
146 158 131 101 106 127 52
101 106 127 38 105 140 13
38 105 140 84 99 93 47
84 99 93 29 88 76 20
29 88 76 147 74 90 19
147 74 90 56 68 126 36
56 68 126 49 59 129 9
49 59 129 136 58 130 1
136 58 130 151 58 132 2
151 58 132 85 46 142 15
85 46 142 34 42 130 12
34 42 130 104 42 128 2
104 42 128 20 38 122 7
20 38 122 51 37 119 3
51 37 119 112 26 121 11
112 26 121 4 24 132 11
4 24 132 110 24 133 1
110 24 133 133 25 116 17
133 25 116 11 20 104 13
11 20 104 58 26 93 12
58 26 93 155 10 93 16
155 10 93 105 4 99 8
105 4 99 128 2 113 14
128 2 113 150 5 91 22
150 5 91 92 0 85 7
92 0 85 137 1 76 9
137 1 76 98 35 144 76
98 35 144 135 34 149 5
135 34 149 17 21 156 14
17 21 156 41 17 155 4
41 17 155 23 12 159 6
23 12 159 68 11 158 1
68 11 158 122 15 147 11
122 15 147 66 2 145 13
66 2 145 72 2 130 15
72 2 130 109 38 153 42
109 38 153 53 43 154 5
53 43 154 154 64 142 24
154 64 142 81 66 153 11
81 66 153 117 71 139 14
117 71 139 76 85 143 14
76 85 143 126 81 155 12
126 81 155 118 93 157 12
118 93 157 75 62 120 48
75 62 120 1 68 121 6
