1 85 134 66 87 140 6
66 87 140 60 94 142 7
60 94 142 86 98 137 6
86 98 137 145 108 126 14
145 108 126 139 122 121 14
139 122 121 133 126 123 4
133 126 123 36 126 133 10
36 126 133 48 120 135 6
48 120 135 141 136 136 16
141 136 136 9 149 143 14
9 149 143 50 135 142 14
50 135 142 107 141 129 14
107 141 129 29 141 128 1
29 141 128 102 129 115 17
102 129 115 125 141 116 12
125 141 116 20 114 112 27
20 114 112 142 120 105 9
142 120 105 80 130 102 10
80 130 102 108 144 99 14
108 144 99 45 146 101 2
45 146 101 79 145 89 12
79 145 89 43 144 86 3
43 144 86 44 132 77 15
44 132 77 149 124 79 8
149 124 79 2 118 80 6
2 118 80 146 108 79 10
146 108 79 15 102 93 15
15 102 93 67 102 100 7
67 102 100 91 99 104 5
91 99 104 82 110 71 34
82 110 71 123 116 63 10
123 116 63 58 111 60 5
58 111 60 5 102 58 9
5 102 58 63 99 48 10
63 99 48 121 90 54 10
121 90 54 0 83 49 8
0 83 49 41 75 47 8
41 75 47 18 78 38 9
18 78 38 52 78 31 7
52 78 31 132 73 30 5
132 73 30 61 63 30 10
61 63 30 69 52 26 11
69 52 26 97 69 39 21
97 69 39 134 64 55 16
134 64 55 11 62 64 9
11 62 64 126 72 66 10
126 72 66 72 69 73 7
72 69 73 75 66 74 3
75 66 74 13 68 80 6
13 68 80 87 65 90 10
87 65 90 32 66 94 4
32 66 94 14 61 100 7
14 61 100 131 68 102 7
131 68 102 10 80 108 13
10 80 108 93 72 115 10
93 72 115 65 65 121 9
65 65 121 90 58 124 7
90 58 124 94 58 121 3
94 58 121 111 49 131 13
111 49 131 84 40 139 12
84 40 139 70 38 144 5
70 38 144 115 31 140 8
115 31 140 57 28 136 5
57 28 136 77 28 131 5
77 28 131 7 36 129 8
7 36 129 106 19 140 20
106 19 140 24 10 147 11
24 10 147 92 15 135 13
92 15 135 55 16 133 2
55 16 133 128 8 128 9
128 8 128 104 2 129 6
104 2 129 147 6 124 6
147 6 124 51 3 115 9
51 3 115 64 14 120 12
64 14 120 124 14 116 4
124 14 116 4 19 111 7
4 19 111 26 32 111 13
26 32 111 119 33 116 5
119 33 116 127 43 115 10
127 43 115 27 16 99 31
27 16 99 38 22 93 8
38 22 93 148 30 86 10
148 30 86 28 32 94 8
28 32 94 113 60 132 47
113 60 132 35 63 132 3
35 63 132 122 66 133 3
122 66 133 30 72 147 15
30 72 147 137 87 116 34
137 87 116 105 55 92 40
105 55 92 143 47 86 10
143 47 86 6 54 78 10
6 54 78 140 77 81 23
140 77 81 39 82 83 5
39 82 83 144 80 88 5
144 80 88 34 84 91 5
34 84 91 42 83 94 3
42 83 94 40 76 94 7
40 76 94 95 53 49 50
95 53 49 54 46 60 13
54 46 60 88 36 57 10
88 36 57 53 30 64 9
53 30 64 130 24 59 7
130 24 59 117 17 52 9
117 17 52 21 8 51 9
21 8 51 85 5 47 5
85 5 47 73 35 45 30
73 35 45 78 27 41 8
78 27 41 37 26 42 1
37 26 42 100 27 27 15
100 27 27 136 26 25 2
136 26 25 96 28 19 6
96 28 19 74 36 14 9
74 36 14 12 26 4 14
12 26 4 8 27 1 3
8 27 1 33 17 6 11
33 17 6 46 14 8 3
46 14 8 114 8 9 6
114 8 9 3 8 1 8
3 8 1 83 1 20 20
83 1 20 56 38 15 37
56 38 15 103 105 45 73
103 105 45 98 98 37 10
98 98 37 120 110 50 17
120 110 50 135 116 45 7
135 116 45 22 130 50 14
22 130 50 89 134 56 7
89 134 56 68 139 55 5
68 139 55 25 146 56 7
25 146 56 109 149 65 9
109 149 65 47 144 42 23
47 144 42 49 117 41 27
49 117 41 16 126 33 12
16 126 33 23 116 28 11
23 116 28 118 106 21 12
118 106 21 81 100 14 9
81 100 14 17 92 18 8
17 92 18 71 82 10 12
71 82 10 99 64 2 19
99 64 2 112 56 2 8
112 56 2 76 100 0 44
76 100 0 110 116 0 16
110 116 0 101 117 4 4
101 117 4 116 131 10 15
116 131 10 19 130 14 4
19 130 14 31 132 7 7
31 132 7 59 144 6 12
59 144 6 62 133 71 65
62 133 71 129 104 140 74
129 104 140 138 104 148 8
138 104 148 1 85 134 23
