1 34 47 65 42 44 8
65 42 44 22 41 41 3
22 41 41 54 37 38 5
54 37 38 2 33 39 4
2 33 39 71 26 39 7
71 26 39 13 25 36 3
13 25 36 64 19 46 11
64 19 46 23 11 45 8
23 11 45 69 41 35 31
69 41 35 40 41 33 2
40 41 33 55 41 26 7
55 41 26 29 40 22 4
29 40 22 31 41 21 1
31 41 21 67 42 14 7
67 42 14 12 38 14 4
12 38 14 74 31 7 9
74 31 7 38 28 6 3
38 28 6 18 23 4 5
18 23 4 19 13 8 10
19 13 8 30 10 2 6
30 10 2 34 11 18 16
34 11 18 20 8 19 3
20 8 19 36 0 27 11
36 0 27 14 2 33 6
14 2 33 60 19 19 22
60 19 19 32 19 24 5
32 19 24 49 22 24 3
49 22 24 62 29 20 8
62 29 20 61 10 8 22
61 10 8 28 27 10 17
28 27 10 41 36 3 11
41 36 3 42 42 35 32
42 42 35 59 49 34 7
59 49 34 25 59 33 10
25 59 33 37 60 34 1
37 60 34 15 62 40 6
15 62 40 4 66 36 5
4 66 36 56 72 38 6
56 72 38 63 70 22 16
63 70 22 16 70 15 7
16 70 15 17 57 14 13
17 57 14 53 76 14 19
53 76 14 48 74 6 8
48 74 6 5 70 4 4
5 70 4 9 68 5 2
9 68 5 45 66 46 41
45 66 46 76 65 50 4
76 65 50 66 43 51 22
66 43 51 75 46 57 6
75 46 57 44 43 62 5
44 43 62 10 43 75 13
10 43 75 6 50 58 18
6 50 58 52 53 57 3
52 53 57 43 58 58 5
43 58 58 3 61 61 4
3 61 61 7 72 63 11
7 72 63 46 74 67 4
46 74 67 35 58 69 16
35 58 69 57 60 69 2
57 60 69 24 61 72 3
24 61 72 21 55 51 21
21 55 51 8 51 49 4
8 51 49 0 52 47 2
0 52 47 58 51 64 17
58 51 64 77 28 54 25
77 28 54 47 24 55 4
47 24 55 50 30 62 9
50 30 62 26 28 63 2
26 28 63 11 22 68 7
11 22 68 68 22 67 1
68 22 67 70 14 64 8
70 14 64 39 7 71 9
39 7 71 27 1 67 7
27 1 67 72 2 58 9
72 2 58 51 9 77 20
51 9 77 33 14 75 5
33 14 75 73 33 65 21
73 33 65 1 34 47 18
