1 9 57 42 11 51 6
42 11 51 19 16 50 5
19 16 50 23 21 43 8
23 21 43 93 27 44 6
93 27 44 14 32 45 5
14 32 45 47 37 49 6
47 37 49 39 39 58 9
39 39 58 89 41 48 10
89 41 48 9 45 49 4
9 45 49 34 29 33 22
34 29 33 78 26 29 5
78 26 29 61 29 24 5
61 29 24 12 41 21 12
12 41 21 91 44 19 3
91 44 19 55 49 10 10
55 49 10 33 56 9 7
33 56 9 24 66 9 10
24 66 9 87 71 5 6
87 71 5 29 81 9 10
29 81 9 31 83 2 7
31 83 2 32 89 2 6
32 89 2 30 89 4 2
30 89 4 73 84 11 8
73 84 11 81 81 13 3
81 81 13 40 77 17 5
40 77 17 82 66 25 13
82 66 25 17 65 31 6
17 65 31 10 59 30 6
10 59 30 54 57 30 2
54 57 30 67 65 36 10
67 65 36 5 64 43 7
5 64 43 18 75 47 11
18 75 47 22 75 36 11
22 75 36 35 77 33 3
35 77 33 44 88 33 11
44 88 33 21 92 27 7
21 92 27 80 91 24 3
80 91 24 85 87 43 19
85 87 43 72 89 48 5
72 89 48 74 91 55 7
74 91 55 2 85 55 6
2 85 55 64 83 64 9
64 83 64 26 83 64 0
26 83 64 50 84 71 7
50 84 71 13 90 77 8
13 90 77 41 77 74 13
41 77 74 56 70 76 7
56 70 76 37 67 73 4
37 67 73 57 64 70 4
57 64 70 7 63 73 3
7 63 73 86 62 79 6
86 62 79 53 54 87 11
53 54 87 43 61 70 18
43 61 70 83 52 70 9
83 52 70 92 52 73 3
92 52 73 16 52 75 2
16 52 75 60 63 67 13
60 63 67 69 63 64 3
69 63 64 3 62 57 7
3 62 57 38 73 84 29
38 73 84 62 81 79 9
62 81 79 63 93 58 24
63 93 58 58 56 5 64
58 56 5 77 52 1 5
77 52 1 15 26 23 34
15 26 23 0 27 15 8
0 27 15 68 32 10 7
68 32 10 4 35 6 5
4 35 6 51 17 19 22
51 17 19 27 14 23 5
27 14 23 88 3 22 11
88 3 22 25 1 24 2
25 1 24 65 4 36 12
65 4 36 90 0 15 21
90 0 15 79 1 4 11
79 1 4 52 4 0 5
52 4 0 75 6 0 2
75 6 0 70 38 34 46
70 38 34 49 18 52 26
49 18 52 45 17 55 3
45 17 55 6 8 65 13
6 8 65 46 9 71 6
46 9 71 36 12 72 3
36 12 72 66 13 74 2
66 13 74 59 21 70 8
59 21 70 48 25 71 4
48 25 71 8 36 71 11
8 36 71 20 36 75 4
20 36 75 71 15 79 21
71 15 79 11 13 87 8
11 13 87 76 22 84 9
76 22 84 28 29 92 10
28 29 92 84 25 80 12
84 25 80 1 9 57 28
