20 39 53 1 28 50 11
1 28 50 77 46 53 18
77 46 53 31 45 59 6
31 45 59 15 46 61 2
15 46 61 11 52 62 6
11 52 62 24 56 69 8
24 56 69 12 53 78 9
12 53 78 74 60 86 10
74 60 86 95 67 81 8
95 67 81 4 73 81 6
4 73 81 81 87 83 14
81 87 83 21 86 87 4
21 86 87 37 84 91 4
37 84 91 40 86 96 5
40 86 96 28 85 104 8
28 85 104 93 78 96 10
93 78 96 104 94 90 17
104 94 90 0 93 80 10
0 93 80 91 89 69 11
91 89 69 50 90 59 10
50 90 59 99 96 68 10
99 96 68 100 62 95 43
100 62 95 103 63 99 4
103 63 99 98 50 79 23
98 50 79 58 57 57 23
58 57 57 72 45 66 15
72 45 66 55 38 64 7
55 38 64 32 30 64 8
32 30 64 64 22 69 9
64 22 69 14 19 65 5
14 19 65 22 22 78 13
22 22 78 16 27 84 7
16 27 84 2 25 95 11
2 25 95 65 16 99 9
65 16 99 46 11 101 5
46 11 101 33 7 101 4
33 7 101 10 6 93 8
10 6 93 84 31 96 25
84 31 96 27 38 101 8
27 38 101 19 46 98 8
19 46 98 35 46 101 3
35 46 101 36 38 92 12
36 38 92 70 39 87 5
70 39 87 3 39 84 3
3 39 84 52 38 84 1
52 38 84 59 20 78 18
59 20 78 57 14 77 6
57 14 77 90 1 66 17
90 1 66 80 53 47 55
80 53 47 53 53 44 3
53 53 44 6 50 33 11
6 50 33 17 58 28 9
17 58 28 42 54 20 8
42 54 20 38 64 17 10
38 64 17 68 67 14 4
68 67 14 92 78 4 14
92 78 4 29 79 4 1
29 79 4 30 86 6 7
30 86 6 78 89 4 3
78 89 4 88 93 10 7
88 93 10 61 92 19 9
61 92 19 49 84 29 12
49 84 29 13 73 30 11
13 73 30 101 84 34 11
101 84 34 5 78 41 9
5 78 41 89 88 43 10
89 88 43 44 90 42 2
44 90 42 23 102 45 12
23 102 45 97 77 1 50
97 77 1 18 47 32 43
18 47 32 48 42 31 5
48 42 31 34 38 35 5
34 38 35 25 34 32 5
25 34 32 76 26 36 8
76 26 36 43 27 38 2
43 27 38 94 31 26 12
94 31 26 9 24 25 7
9 24 25 71 22 21 4
71 22 21 26 20 14 7
26 20 14 63 26 12 6
63 26 12 41 25 5 7
41 25 5 45 30 14 10
45 30 14 87 33 12 3
87 33 12 86 36 4 8
86 36 4 7 37 3 1
7 37 3 85 42 9 7
85 42 9 8 43 14 5
8 43 14 79 17 13 26
79 17 13 56 12 8 7
56 12 8 51 11 7 1
51 11 7 102 7 2 6
102 7 2 54 4 0 3
54 4 0 83 6 3 3
83 6 3 60 3 8 5
60 3 8 62 9 16 10
62 9 16 73 21 22 13
73 21 22 96 17 24 4
96 17 24 75 9 27 8
75 9 27 67 2 26 7
67 2 26 82 1 35 9
82 1 35 39 8 43 10
39 8 43 69 57 46 49
69 57 46 66 63 47 6
66 63 47 47 64 46 1
47 64 46 20 39 53 25
