1 35 54 6 38 55 3
6 38 55 25 39 54 1
25 39 54 55 40 53 1
55 40 53 63 41 44 9
63 41 44 62 33 38 10
62 33 38 70 38 30 9
70 38 30 28 35 22 8
28 35 22 0 38 17 5
0 38 17 10 41 19 3
10 41 19 74 46 18 5
74 46 18 38 47 21 3
38 47 21 81 50 24 4
81 50 24 18 55 22 5
18 55 22 12 57 27 5
12 57 27 64 60 22 5
64 60 22 22 65 10 13
22 65 10 40 69 6 5
40 69 6 29 69 0 6
29 69 0 61 77 10 12
61 77 10 30 77 5 5
30 77 5 11 77 2 3
11 77 2 32 81 17 15
32 81 17 23 70 24 13
23 70 24 36 41 13 31
36 41 13 37 47 8 7
37 47 8 27 41 0 10
27 41 0 49 26 21 25
49 26 21 44 26 18 3
44 26 18 15 22 9 9
15 22 9 56 29 6 7
56 29 6 66 14 15 17
66 14 15 16 3 7 13
16 3 7 69 1 6 2
69 1 6 65 14 18 17
65 14 18 54 26 21 12
54 26 21 68 25 25 4
68 25 25 33 14 35 14
33 14 35 20 7 34 7
20 7 34 2 8 43 9
2 8 43 35 3 43 5
35 3 43 3 1 54 11
3 1 54 45 18 41 21
45 18 41 19 17 50 9
19 17 50 42 36 59 21
42 36 59 48 30 64 7
48 30 64 52 34 67 5
52 34 67 31 33 71 4
31 33 71 21 30 77 6
21 30 77 80 40 71 11
80 40 71 57 39 76 5
57 39 76 67 40 80 4
67 40 80 5 47 77 7
5 47 77 58 25 70 23
58 25 70 79 14 81 15
79 14 81 14 7 79 7
14 7 79 73 10 73 6
73 10 73 82 40 61 32
82 40 61 9 43 60 3
9 43 60 53 46 57 4
53 46 57 77 47 51 6
77 47 51 26 59 54 12
26 59 54 4 62 58 5
4 62 58 60 59 62 5
60 59 62 76 69 57 11
76 69 57 13 76 56 7
13 76 56 34 79 56 3
34 79 56 47 80 59 3
47 80 59 43 81 67 8
43 81 67 39 77 77 10
39 77 77 46 79 78 2
46 79 78 51 70 70 12
51 70 70 7 62 73 8
7 62 73 17 62 76 3
17 62 76 8 62 78 2
8 62 78 59 79 55 28
59 79 55 50 61 49 18
50 61 49 24 64 41 8
24 64 41 41 69 44 5
41 69 44 71 79 40 10
71 79 40 72 82 39 3
72 82 39 75 62 49 22
75 62 49 78 47 61 19
78 47 61 1 35 54 13
