1 119 101 7 110 98 9
7 110 98 106 105 97 5
106 105 97 87 103 99 2
87 103 99 64 107 110 11
64 107 110 71 102 96 14
71 102 96 35 91 92 11
35 91 92 113 90 99 7
113 90 99 21 95 108 10
21 95 108 103 91 116 8
103 91 116 31 87 113 5
31 87 113 36 87 119 6
36 87 119 89 92 126 8
89 92 126 55 90 132 6
55 90 132 24 93 133 3
24 93 133 80 85 142 12
80 85 142 97 78 120 23
97 78 120 12 70 118 8
12 70 118 142 61 119 9
142 61 119 66 64 125 6
66 64 125 125 64 131 6
125 64 131 30 70 129 6
30 70 129 121 58 140 16
121 58 140 84 69 142 11
84 69 142 109 81 102 41
109 81 102 50 79 94 8
50 79 94 90 65 91 14
90 65 91 43 64 103 12
43 64 103 60 66 85 18
60 66 85 11 52 84 14
11 52 84 61 51 90 6
61 51 90 93 45 89 6
93 45 89 95 40 88 5
95 40 88 114 34 100 13
114 34 100 52 35 107 7
52 35 107 38 23 109 12
38 23 109 39 20 115 6
39 20 115 96 9 117 11
96 9 117 28 10 108 9
28 10 108 127 6 91 17
127 6 91 26 3 85 6
26 3 85 17 5 82 3
17 5 82 138 7 73 9
138 7 73 98 5 72 2
98 5 72 40 13 60 14
40 13 60 15 22 62 9
15 22 62 62 16 54 10
62 16 54 78 16 49 5
78 16 49 132 25 47 9
132 25 47 141 29 41 7
141 29 41 88 31 32 9
88 31 32 49 19 28 12
49 19 28 139 17 23 5
139 17 23 5 17 19 4
5 17 19 27 19 14 5
27 19 14 104 19 11 3
104 19 11 107 11 16 9
107 11 16 2 10 14 2
2 10 14 112 0 11 10
112 0 11 59 22 21 24
59 22 21 92 8 27 15
92 8 27 124 6 38 11
124 6 38 0 34 29 29
0 34 29 37 46 42 17
37 46 42 77 43 25 17
77 43 25 123 43 22 3
123 43 22 41 44 8 14
41 44 8 8 39 4 6
8 39 4 102 37 4 2
102 37 4 68 59 4 22
68 59 4 126 60 20 16
126 60 20 122 74 22 14
122 74 22 65 69 33 12
65 69 33 129 77 12 22
129 77 12 63 77 6 6
63 77 6 72 83 12 8
72 83 12 83 89 15 6
83 89 15 20 88 23 8
20 88 23 133 86 29 6
133 86 29 110 96 6 25
110 96 6 33 98 2 4
33 98 2 6 98 1 1
6 98 1 25 113 0 15
25 113 0 70 121 11 13
70 121 11 13 132 11 11
13 132 11 57 139 9 7
57 139 9 119 136 3 6
119 136 3 140 114 23 29
140 114 23 105 106 36 15
105 106 36 116 113 42 9
116 113 42 22 103 48 11
22 103 48 117 103 66 18
117 103 66 76 107 68 4
76 107 68 29 110 67 3
29 110 67 85 124 38 32
85 124 38 115 129 41 5
115 129 41 69 130 44 3
69 130 44 56 139 40 9
56 139 40 120 138 52 12
120 138 52 58 129 63 14
58 129 63 79 3 57 126
79 3 57 42 16 83 29
42 16 83 118 37 112 35
118 37 112 32 43 107 7
32 43 107 136 44 104 3
136 44 104 100 47 106 3
100 47 106 54 37 118 15
54 37 118 47 33 122 5
47 33 122 130 26 137 16
130 26 137 45 28 141 4
45 28 141 51 12 134 17
51 12 134 143 2 139 11
143 2 139 91 38 119 41
91 38 119 46 42 121 4
46 42 121 53 47 129 9
53 47 129 99 44 81 48
99 44 81 19 44 75 6
19 44 75 101 48 70 6
101 48 70 86 67 77 20
86 67 77 4 79 76 12
4 79 76 137 80 80 4
137 80 80 16 63 71 19
16 63 71 67 67 61 10
67 67 61 9 66 55 6
9 66 55 131 76 64 13
131 76 64 44 77 54 10
44 77 54 82 78 51 3
82 78 51 10 83 53 5
10 83 53 18 67 77 28
18 67 77 94 117 90 51
94 117 90 48 123 84 8
48 123 84 108 123 111 27
108 123 111 3 127 118 8
3 127 118 34 133 121 6
34 133 121 23 135 132 11
23 135 132 128 130 136 6
128 130 136 111 126 141 6
111 126 141 73 132 115 26
73 132 115 74 136 109 7
74 136 109 14 134 106 3
14 134 106 75 136 106 2
75 136 106 135 119 126 26
135 119 126 81 115 123 5
81 115 123 134 115 134 11
134 115 134 1 119 101 33
