1 54 8 20 52 0 8
20 52 0 0 41 2 11
0 41 2 22 58 14 20
22 58 14 14 57 21 7
14 57 21 50 54 26 5
50 54 26 24 58 30 5
24 58 30 19 55 31 3
19 55 31 54 53 34 3
54 53 34 38 51 39 5
38 51 39 16 53 48 9
16 53 48 8 56 47 3
8 56 47 59 55 50 3
59 55 50 2 56 50 1
2 56 50 53 60 51 4
53 60 51 46 61 54 3
46 61 54 45 65 60 7
45 65 60 13 66 65 5
13 66 65 56 55 53 16
56 55 53 21 52 59 6
21 52 59 43 53 63 4
43 53 63 62 55 65 2
62 55 65 49 43 54 16
49 43 54 35 41 56 2
35 41 56 39 37 58 4
39 37 58 27 37 60 2
27 37 60 64 28 65 10
64 28 65 66 37 45 21
66 37 45 15 32 41 6
15 32 41 60 31 32 9
60 31 32 42 30 26 6
42 30 26 3 31 26 1
3 31 26 44 38 18 10
44 38 18 18 40 15 3
18 40 15 40 26 15 14
40 26 15 26 28 10 5
26 28 10 52 24 29 19
52 24 29 12 22 28 2
12 22 28 36 15 24 8
36 15 24 41 14 26 2
41 14 26 30 12 28 2
30 12 28 34 11 29 1
34 11 29 61 12 24 5
61 12 24 9 10 22 2
9 10 22 4 7 24 3
4 7 24 10 8 26 2
10 8 26 11 4 28 4
11 4 28 25 10 7 21
25 10 7 28 7 2 5
28 7 2 5 9 0 2
5 9 0 63 15 2 6
63 15 2 47 21 32 30
47 21 32 33 13 39 10
33 13 39 57 5 44 9
57 5 44 6 0 44 5
6 0 44 31 8 51 10
31 8 51 37 5 53 3
37 5 53 32 7 58 5
32 7 58 48 14 63 8
48 14 63 55 1 65 13
55 1 65 58 29 50 31
58 29 50 7 19 50 10
7 19 50 65 59 32 43
65 59 32 51 63 32 4
51 63 32 17 66 38 6
17 66 38 23 64 13 25
23 64 13 29 64 6 7
29 64 6 1 54 8 10
