9 2 11 1 1 8 3
1 1 8 30 4 11 4
30 4 11 19 5 15 4
19 5 15 23 11 15 6
23 11 15 7 13 23 8
7 13 23 24 14 26 3
24 14 26 22 11 28 3
22 11 28 6 3 25 8
6 3 25 31 4 32 7
31 4 32 28 17 32 13
28 17 32 14 12 37 7
14 12 37 12 8 41 5
12 8 41 36 9 42 1
36 9 42 29 15 41 6
29 15 41 48 23 33 11
48 23 33 26 22 36 3
26 22 36 20 24 44 8
20 24 44 37 26 49 5
37 26 49 5 30 49 4
5 30 49 16 37 45 8
16 37 45 34 37 44 1
34 37 44 32 41 42 4
32 41 42 44 43 42 2
44 43 42 17 45 38 4
17 45 38 10 46 33 5
10 46 33 11 49 29 5
11 49 29 33 49 29 0
33 49 29 43 46 23 6
43 46 23 13 42 19 5
13 42 19 46 44 17 2
46 44 17 49 49 17 5
49 49 17 15 45 32 15
15 45 32 8 40 30 5
8 40 30 40 33 25 8
40 33 25 27 33 21 4
27 33 21 47 24 25 9
47 24 25 41 8 6 24
41 8 6 0 8 4 2
0 8 4 42 10 3 2
42 10 3 2 9 1 2
2 9 1 3 20 6 12
3 20 6 21 25 6 5
21 25 6 25 29 3 5
25 29 3 45 39 4 10
45 39 4 4 39 6 2
4 39 6 18 44 4 5
18 44 4 39 49 3 5
39 49 3 35 26 10 24
35 26 10 38 25 15 5
38 25 15 9 2 11 23
