1 15 37 67 21 46 10
67 21 46 71 16 60 14
71 16 60 6 18 72 12
6 18 72 40 15 80 8
40 15 80 14 12 88 8
14 12 88 12 22 83 11
12 22 83 59 27 82 5
59 27 82 48 36 85 9
48 36 85 7 36 88 3
7 36 88 68 40 97 9
68 40 97 114 45 97 5
114 45 97 64 45 109 12
64 45 109 66 35 111 10
66 35 111 42 30 116 7
42 30 116 60 17 114 13
60 17 114 100 1 114 16
100 1 114 69 48 114 47
69 48 114 53 52 115 4
53 52 115 81 63 118 11
81 63 118 98 46 116 17
98 46 116 102 45 115 1
102 45 115 77 53 95 21
77 53 95 89 41 79 20
89 41 79 49 37 73 7
49 37 73 33 35 69 4
33 35 69 15 38 65 5
15 38 65 0 41 63 3
0 41 63 82 38 54 9
82 38 54 16 40 47 7
16 40 47 28 36 45 4
28 36 45 11 35 36 9
11 35 36 20 36 36 1
20 36 36 101 35 32 4
101 35 32 31 47 28 12
31 47 28 95 53 16 13
95 53 16 119 41 14 12
119 41 14 3 36 13 5
3 36 13 103 51 46 36
103 51 46 36 61 45 10
36 61 45 96 67 50 7
96 67 50 105 67 56 6
105 67 56 47 79 60 12
47 79 60 46 83 55 6
46 83 55 13 88 58 5
13 88 58 19 91 54 5
19 91 54 80 97 55 6
80 97 55 10 100 49 6
10 100 49 35 97 59 10
35 97 59 99 99 64 5
99 99 64 94 102 71 7
94 102 71 17 96 76 7
17 96 76 78 91 73 5
78 91 73 29 105 81 16
29 105 81 32 110 85 6
32 110 85 8 115 91 7
8 115 91 120 115 83 8
120 115 83 18 119 80 5
18 119 80 63 99 90 22
63 99 90 30 89 89 10
30 89 89 22 81 83 10
22 81 83 4 73 88 9
4 73 88 111 74 99 11
111 74 99 9 78 99 4
9 78 99 74 76 108 9
74 76 108 38 82 109 6
38 82 109 50 83 114 5
50 83 114 2 85 118 4
2 85 118 25 80 120 5
25 80 120 62 84 114 7
62 84 114 54 76 112 8
54 76 112 92 76 113 1
92 76 113 84 74 73 40
84 74 73 110 70 72 4
110 70 72 87 103 101 43
87 103 101 24 107 104 5
24 107 104 108 109 110 6
108 109 110 116 107 71 39
116 107 71 112 85 52 29
112 85 52 26 84 48 4
26 84 48 88 85 47 1
88 85 47 21 88 44 4
21 88 44 5 86 38 6
5 86 38 43 90 34 5
43 90 34 57 79 41 13
57 79 41 55 73 38 6
55 73 38 70 62 32 12
70 62 32 51 69 23 11
51 69 23 91 77 18 9
91 77 18 37 71 13 7
37 71 13 75 69 12 2
75 69 12 85 70 4 8
85 70 4 72 80 14 14
72 80 14 34 91 8 12
34 91 8 52 101 8 10
52 101 8 39 102 15 7
39 102 15 113 96 20 7
113 96 20 106 103 8 13
106 103 8 23 115 5 12
23 115 5 56 119 10 6
56 119 10 73 116 15 5
73 116 15 117 111 27 13
117 111 27 45 119 32 9
45 119 32 83 118 39 7
83 118 39 65 109 32 11
65 109 32 90 104 32 5
90 104 32 79 84 35 20
79 84 35 109 56 54 33
109 56 54 41 30 58 26
41 30 58 61 38 72 16
61 38 72 86 44 72 6
86 44 72 104 25 72 19
104 25 72 76 12 57 19
76 12 57 107 1 56 11
107 1 56 44 15 27 32
44 15 27 27 15 13 14
27 15 13 115 13 9 4
115 13 9 58 1 7 12
58 1 7 118 15 0 15
118 15 0 93 24 3 9
93 24 3 97 1 32 37
97 1 32 1 15 37 14
