78 53 66 1 53 68 2
1 53 68 31 50 56 12
31 50 56 25 54 49 8
25 54 49 26 61 56 9
26 61 56 10 66 52 6
10 66 52 7 69 62 10
7 69 62 97 73 65 5
97 73 65 32 76 63 3
32 76 63 53 77 55 8
53 77 55 72 87 51 10
72 87 51 87 82 44 8
87 82 44 74 88 41 6
74 88 41 65 91 37 5
65 91 37 49 90 32 5
49 90 32 9 91 24 8
9 91 24 64 97 19 7
64 97 19 69 98 18 1
69 98 18 19 103 16 5
19 103 16 73 103 11 5
73 103 11 58 95 11 8
58 95 11 95 89 10 6
95 89 10 55 84 6 6
55 84 6 27 75 12 10
27 75 12 29 59 0 20
29 59 0 70 94 36 50
70 94 36 50 106 38 12
50 106 38 67 104 50 12
67 104 50 66 85 36 23
66 85 36 96 77 39 8
96 77 39 91 90 51 17
91 90 51 5 90 54 3
5 90 54 103 90 54 0
103 90 54 18 75 72 23
18 75 72 51 87 77 13
51 87 77 35 87 79 2
35 87 79 38 89 82 3
38 89 82 63 95 76 8
63 95 76 52 96 67 9
52 96 67 14 104 64 8
14 104 64 99 103 80 16
99 103 80 93 104 82 2
93 104 82 41 98 90 10
41 98 90 4 99 99 9
4 99 99 56 90 94 10
56 90 94 105 82 105 13
105 82 105 71 72 104 10
71 72 104 16 61 97 13
16 61 97 102 57 93 5
102 57 93 83 66 88 10
83 66 88 0 49 100 20
0 49 100 17 42 106 9
17 42 106 36 46 44 62
36 46 44 98 40 38 8
98 40 38 22 47 36 7
22 47 36 94 38 45 12
94 38 45 81 35 46 3
81 35 46 20 35 58 12
20 35 58 48 38 61 4
48 38 61 23 41 66 5
23 41 66 106 29 59 13
106 29 59 101 27 69 10
101 27 69 43 28 39 30
43 28 39 2 18 42 10
2 18 42 89 12 45 6
89 12 45 57 7 46 5
57 7 46 8 0 44 7
8 0 44 61 0 43 1
61 0 43 86 1 38 5
86 1 38 13 2 28 10
13 2 28 37 9 26 7
37 9 26 60 16 23 7
60 16 23 85 1 25 15
85 1 25 75 3 19 6
75 3 19 54 4 17 2
54 4 17 6 8 8 9
6 8 8 21 8 19 11
21 8 19 59 10 57 38
59 10 57 77 3 59 7
77 3 59 79 14 67 13
79 14 67 88 14 72 5
88 14 72 47 16 77 5
47 16 77 90 19 86 9
90 19 86 80 23 91 6
80 23 91 76 28 89 5
76 28 89 100 17 100 15
100 17 100 40 20 102 3
40 20 102 62 20 106 4
62 20 106 92 16 88 18
92 16 88 30 7 87 9
30 7 87 28 3 86 4
28 3 86 24 1 84 2
24 1 84 33 0 81 3
33 0 81 45 4 82 4
45 4 82 34 5 82 1
34 5 82 104 3 100 18
104 3 100 68 9 40 60
68 9 40 46 30 36 21
46 30 36 39 23 31 8
39 23 31 44 28 24 8
44 28 24 11 27 10 14
11 27 10 3 35 4 10
3 35 4 42 35 29 25
42 35 29 15 47 19 15
15 47 19 12 59 23 12
12 59 23 84 67 25 8
84 67 25 82 59 39 16
82 59 39 78 53 66 27
