32 7 14 1 5 19 5
1 5 19 8 1 11 8
8 1 11 22 5 5 7
22 5 5 2 14 0 10
2 14 0 17 1 0 13
17 1 0 23 11 14 17
23 11 14 19 11 11 3
19 11 11 7 12 15 4
7 12 15 35 14 15 2
35 14 15 9 16 20 5
9 16 20 6 17 28 8
6 17 28 15 13 30 4
15 13 30 16 10 33 4
16 10 33 5 9 34 1
5 9 34 33 4 40 7
33 4 40 38 4 41 1
38 4 41 12 7 30 11
12 7 30 27 8 29 1
27 8 29 26 12 35 7
26 12 35 25 15 40 5
25 15 40 11 20 38 5
11 20 38 24 22 34 4
24 22 34 18 25 32 3
18 25 32 0 28 27 5
0 28 27 29 26 24 3
29 26 24 40 29 23 3
40 29 23 28 32 17 6
28 32 17 4 33 13 4
4 33 13 13 38 10 5
13 38 10 36 41 6 5
36 41 6 14 29 9 12
14 29 9 20 31 7 2
20 31 7 21 26 1 7
21 26 1 37 32 23 22
37 32 23 3 39 23 7
3 39 23 30 40 22 1
30 40 22 31 29 41 21
31 29 41 34 33 38 5
34 33 38 10 41 38 8
10 41 38 41 16 12 36
41 16 12 39 17 13 1
39 17 13 32 7 14 10
