66 53 10 1 54 5 5
1 54 5 35 68 3 14
35 68 3 2 74 1 6
2 74 1 45 75 2 1
45 75 2 17 75 12 10
17 75 12 61 69 14 6
61 69 14 93 78 16 9
93 78 16 46 53 14 25
46 53 14 99 47 21 9
99 47 21 65 44 15 6
65 44 15 54 44 10 5
54 44 10 38 39 6 6
38 39 6 75 36 9 4
75 36 9 82 35 16 7
82 35 16 97 23 13 12
97 23 13 77 19 13 4
77 19 13 16 12 8 8
16 12 8 5 0 11 12
5 0 11 22 8 22 13
22 8 22 74 15 4 19
74 15 4 30 9 0 7
30 9 0 91 53 23 49
91 53 23 62 41 26 12
62 41 26 69 47 32 8
69 47 32 32 57 35 10
32 57 35 60 61 35 4
60 61 35 39 69 39 8
39 69 39 72 75 44 7
72 75 44 81 79 40 5
81 79 40 78 82 47 7
78 82 47 90 87 46 5
90 87 46 18 88 48 2
18 88 48 68 88 56 8
68 88 56 56 83 57 5
56 83 57 85 90 64 9
85 90 64 41 99 61 9
41 99 61 53 98 57 4
53 98 57 44 83 67 18
44 83 67 8 72 64 11
8 72 64 57 68 64 4
57 68 64 51 66 65 2
51 66 65 37 59 67 7
37 59 67 79 53 68 6
79 53 68 31 53 73 5
31 53 73 47 59 82 10
47 59 82 95 67 56 27
95 67 56 98 87 73 26
98 87 73 23 83 79 7
23 83 79 20 88 85 7
20 88 85 25 94 86 6
25 94 86 13 84 37 50
13 84 37 29 83 35 2
29 83 35 36 87 31 5
36 87 31 58 94 36 8
58 94 36 10 94 41 5
10 94 41 48 99 42 5
48 99 42 87 97 31 11
87 97 31 0 98 16 15
0 98 16 88 87 29 17
88 87 29 55 58 39 30
55 58 39 80 33 34 25
80 33 34 6 32 35 1
6 32 35 33 31 40 5
33 31 40 26 29 43 3
26 29 43 15 23 48 7
15 23 48 86 24 51 3
86 24 51 92 24 61 10
92 24 61 3 28 63 4
3 28 63 21 31 69 6
21 31 69 9 34 70 3
9 34 70 96 36 73 3
96 36 73 28 36 82 9
28 36 82 43 42 87 7
43 42 87 67 42 96 9
67 42 96 89 50 97 8
89 50 97 70 28 79 28
70 28 79 94 18 84 11
94 18 84 12 25 94 12
12 25 94 24 14 78 19
24 14 78 73 13 88 10
73 13 88 4 7 94 8
4 7 94 40 4 98 5
40 4 98 42 8 86 12
42 8 86 76 3 84 5
76 3 84 52 36 60 40
52 36 60 59 45 58 9
59 45 58 19 52 52 9
19 52 52 63 34 54 18
63 34 54 11 23 62 13
11 23 62 84 19 65 5
84 19 65 71 8 66 11
71 8 66 27 4 64 4
27 4 64 64 2 56 8
64 2 56 14 6 54 4
14 6 54 50 4 52 2
50 4 52 34 4 47 5
34 4 47 49 3 34 13
49 3 34 83 7 47 13
83 7 47 7 25 27 26
7 25 27 66 53 10 32
