8 27 19 1 21 18 6
1 21 18 5 20 13 5
5 20 13 39 21 13 1
39 21 13 24 25 4 9
24 25 4 12 33 7 8
12 33 7 32 38 2 7
32 38 2 50 41 0 3
50 41 0 67 12 8 30
67 12 8 14 4 10 8
14 4 10 47 1 12 3
47 1 12 60 14 20 15
60 14 20 4 7 22 7
4 7 22 27 4 27 5
27 4 27 3 0 22 6
3 0 22 11 2 32 10
11 2 32 6 1 33 1
6 1 33 57 29 21 30
57 29 21 9 27 23 2
9 27 23 36 31 21 4
36 31 21 21 30 24 3
21 30 24 13 32 33 9
13 32 33 56 22 39 11
56 22 39 35 19 34 5
35 19 34 17 15 35 4
17 15 35 68 26 44 14
68 26 44 19 23 47 4
19 23 47 16 15 45 8
16 15 45 31 8 48 7
31 8 48 26 9 50 2
26 9 50 42 18 59 12
42 18 59 62 18 68 9
62 18 68 34 5 67 13
34 5 67 61 2 65 3
61 2 65 54 33 47 35
54 33 47 10 44 45 11
10 44 45 45 49 42 5
45 49 42 51 52 43 3
51 52 43 48 54 44 2
48 54 44 43 55 45 1
43 55 45 7 64 42 9
7 64 42 65 65 39 3
65 65 39 37 61 37 4
37 61 37 15 55 50 14
15 55 50 30 58 57 7
30 58 57 20 63 68 12
20 63 68 58 52 51 20
58 52 51 23 50 49 2
23 50 49 41 51 55 6
41 51 55 38 49 60 5
38 49 60 64 49 67 7
64 49 67 33 30 52 24
33 30 52 59 37 56 8
59 37 56 55 34 68 12
55 34 68 49 36 22 46
49 36 22 25 41 21 5
25 41 21 46 40 17 4
46 40 17 2 39 16 1
2 39 16 0 44 17 5
0 44 17 44 55 12 12
44 55 12 40 55 6 6
40 55 6 22 54 0 6
22 54 0 66 61 4 8
66 61 4 53 63 6 2
53 63 6 29 67 9 5
29 67 9 63 59 13 8
63 59 13 18 61 15 2
18 61 15 28 66 17 5
28 66 17 52 48 28 21
52 48 28 8 27 19 22
