97 64 31 1 65 40 9
1 65 40 47 66 46 6
47 66 46 23 61 51 7
23 61 51 2 66 60 10
2 66 60 56 68 60 2
56 68 60 99 77 60 9
99 77 60 87 59 40 26
87 59 40 73 50 46 10
73 50 46 6 47 41 5
6 47 41 22 45 35 6
22 45 35 77 51 29 8
77 51 29 55 67 25 16
55 67 25 30 66 17 8
30 66 17 8 76 14 10
8 76 14 68 82 14 6
68 82 14 34 86 15 4
34 86 15 10 91 8 8
10 91 8 75 97 4 7
75 97 4 16 99 1 3
16 99 1 90 103 5 5
90 103 5 58 103 6 1
58 103 6 9 62 14 41
9 62 14 102 53 17 9
102 53 17 80 44 14 9
80 44 14 103 37 15 7
103 37 15 52 36 22 7
52 36 22 61 36 13 9
61 36 13 49 32 8 6
49 32 8 36 27 4 6
36 27 4 20 18 5 9
20 18 5 100 16 13 8
100 16 13 96 19 23 10
96 19 23 91 20 28 5
91 20 28 83 22 28 2
83 22 28 25 17 29 5
25 17 29 35 8 27 9
35 8 27 7 6 29 2
7 6 29 74 2 37 8
74 2 37 71 1 42 5
71 1 42 43 5 46 5
43 5 46 63 4 51 5
63 4 51 50 9 53 5
50 9 53 37 15 50 6
37 15 50 57 22 53 7
57 22 53 13 25 44 9
13 25 44 42 30 55 12
42 30 55 4 29 64 9
4 29 64 11 15 68 14
11 15 68 67 14 69 1
67 14 69 53 0 74 14
53 0 74 39 15 75 15
39 15 75 51 20 78 5
51 20 78 32 15 93 15
32 15 93 94 15 96 3
94 15 96 60 11 96 4
60 11 96 88 1 93 10
88 1 93 79 25 100 25
79 25 100 84 31 98 6
84 31 98 29 31 92 6
29 31 92 12 35 92 4
12 35 92 5 39 82 10
5 39 82 48 37 79 3
48 37 79 0 44 93 15
0 44 93 21 45 95 2
21 45 95 33 41 102 8
33 41 102 93 52 91 15
93 52 91 70 51 86 5
70 51 86 72 60 86 9
72 60 86 76 55 99 13
76 55 99 81 52 101 3
81 52 101 82 62 97 10
82 62 97 65 63 98 1
65 63 98 85 64 96 2
85 64 96 66 71 94 7
66 71 94 14 74 88 6
14 74 88 15 77 89 3
15 77 89 19 84 95 9
19 84 95 18 89 94 5
18 89 94 59 101 95 12
59 101 95 64 101 95 0
64 101 95 38 86 90 15
38 86 90 41 81 78 13
41 81 78 31 87 73 7
31 87 73 62 97 65 12
62 97 65 3 101 61 5
3 101 61 101 99 59 2
101 99 59 92 102 78 19
92 102 78 98 55 101 52
98 55 101 95 43 64 38
95 43 64 17 53 70 11
17 53 70 69 1 29 66
69 1 29 46 13 2 29
46 13 2 28 8 0 5
28 8 0 54 1 10 12
54 1 10 45 57 2 56
45 57 2 26 69 1 12
26 69 1 86 73 26 25
86 73 26 78 77 25 4
78 77 25 40 86 31 10
40 86 31 27 90 27 5
27 90 27 44 95 29 5
44 95 29 24 101 42 14
24 101 42 89 89 27 19
89 89 27 97 64 31 25
