99 93 64 1 95 73 9
1 95 73 78 98 94 21
78 98 94 37 100 62 32
37 100 62 85 92 59 8
85 92 59 56 86 58 6
56 86 58 88 74 56 12
88 74 56 2 71 48 8
2 71 48 25 73 40 8
25 73 40 40 64 57 19
40 64 57 11 60 63 7
11 60 63 38 57 61 3
38 57 61 8 49 62 8
8 49 62 13 45 66 5
13 45 66 3 48 68 3
3 48 68 74 47 71 3
74 47 71 47 51 72 4
47 51 72 36 49 79 7
36 49 79 9 51 86 7
9 51 86 45 46 88 5
45 46 88 51 45 89 1
51 45 89 28 42 93 5
28 42 93 34 39 97 5
34 39 97 90 34 95 5
90 34 95 7 26 99 8
7 26 99 95 40 86 19
95 40 86 10 37 84 3
10 37 84 29 34 83 3
29 34 83 48 31 80 4
48 31 80 61 21 85 11
61 21 85 12 7 89 14
12 7 89 81 1 84 7
81 1 84 59 14 73 17
59 14 73 94 21 71 7
94 21 71 100 22 66 5
100 22 66 98 16 63 6
98 16 63 43 14 52 11
43 14 52 58 7 44 10
58 7 44 24 11 33 11
24 11 33 60 10 32 1
60 10 32 4 6 29 5
4 6 29 67 7 22 7
67 7 22 65 6 20 2
65 6 20 72 12 14 8
72 12 14 75 15 15 3
75 15 15 70 23 11 8
70 23 11 84 28 10 5
84 28 10 14 30 4 6
14 30 4 69 23 2 7
69 23 2 93 31 15 15
93 31 15 46 28 16 3
46 28 16 96 24 26 10
96 24 26 49 23 28 2
49 23 28 22 35 14 18
22 35 14 80 42 16 7
80 42 16 19 45 21 5
19 45 21 82 37 28 10
82 37 28 39 38 30 2
39 38 30 15 35 34 5
15 35 34 27 41 32 6
27 41 32 86 48 8 25
86 48 8 5 53 4 6
5 53 4 89 63 3 10
89 63 3 31 76 4 13
31 76 4 16 86 4 10
16 86 4 50 97 3 11
50 97 3 62 97 9 6
62 97 9 0 60 13 37
0 60 13 18 60 22 9
18 60 22 87 68 22 8
87 68 22 6 68 20 2
6 68 20 41 78 24 10
41 78 24 54 86 31 10
54 86 31 35 89 39 8
35 89 39 71 98 36 9
71 98 36 77 100 34 2
77 100 34 33 99 30 4
33 99 30 17 100 27 3
17 100 27 76 13 9 88
76 13 9 20 14 8 1
20 14 8 101 4 22 17
101 4 22 91 0 31 9
91 0 31 57 16 51 25
57 16 51 73 10 70 19
73 10 70 79 9 69 1
79 9 69 83 46 87 41
83 46 87 52 55 89 9
52 55 89 68 60 91 5
68 60 91 44 54 101 11
44 54 101 63 65 89 16
63 65 89 66 63 83 6
66 63 83 30 70 79 8
30 70 79 32 73 71 8
32 73 71 21 71 69 2
21 71 69 97 75 86 17
97 75 86 92 38 62 44
92 38 62 26 43 53 10
26 43 53 23 50 50 7
23 50 50 42 55 46 6
42 55 46 53 62 40 9
53 62 40 55 55 35 8
55 55 35 64 86 60 39
64 86 60 99 93 64 8
