1 78 72 71 75 73 3
71 75 73 106 65 75 10
106 65 75 47 60 68 8
47 60 68 111 63 63 5
111 63 63 122 70 54 11
122 70 54 120 70 43 11
120 70 43 57 60 41 10
57 60 41 63 53 31 12
63 53 31 112 60 27 8
112 60 27 123 63 21 6
123 63 21 81 68 23 5
81 68 23 61 74 16 9
61 74 16 95 79 7 10
95 79 7 131 75 30 23
131 75 30 58 79 32 4
58 79 32 25 85 22 11
25 85 22 36 87 16 6
36 87 16 59 62 18 25
59 62 18 115 64 11 7
115 64 11 0 64 5 6
0 64 5 84 46 30 30
84 46 30 38 43 30 3
38 43 30 94 37 26 7
94 37 26 33 36 16 10
33 36 16 16 28 11 9
16 28 11 89 19 8 9
89 19 8 34 14 12 6
34 14 12 88 14 4 8
88 14 4 77 12 3 2
77 12 3 109 38 13 27
109 38 13 45 39 6 7
45 39 6 50 43 5 4
50 43 5 97 39 4 4
97 39 4 116 28 27 25
116 28 27 98 21 38 13
98 21 38 82 15 42 7
82 15 42 35 20 49 8
35 20 49 10 15 56 8
10 15 56 43 3 50 13
43 3 50 69 15 60 15
69 15 60 78 28 45 19
78 28 45 65 45 39 18
65 45 39 75 44 24 15
75 44 24 74 48 22 4
74 48 22 117 58 77 55
117 58 77 4 53 91 14
4 53 91 119 55 102 11
119 55 102 125 65 102 10
125 65 102 23 69 107 6
23 69 107 72 77 110 8
72 77 110 28 68 101 12
28 68 101 42 45 72 37
42 45 72 5 40 70 5
5 40 70 127 37 65 5
127 37 65 73 38 58 7
73 38 58 129 33 58 5
129 33 58 86 28 72 14
86 28 72 9 33 83 12
9 33 83 53 35 95 12
53 35 95 60 29 104 10
60 29 104 103 27 107 3
103 27 107 2 24 112 5
2 24 112 12 21 110 3
12 21 110 40 10 122 16
40 10 122 79 4 114 10
79 4 114 46 0 117 5
46 0 117 108 3 110 7
108 3 110 26 28 124 28
26 28 124 6 37 120 9
6 37 120 7 37 126 6
7 37 126 100 39 135 9
100 39 135 67 53 132 14
67 53 132 51 65 123 15
51 65 123 8 76 133 14
8 76 133 14 78 134 2
14 78 134 15 80 134 2
15 80 134 105 81 135 1
105 81 135 134 24 98 67
134 24 98 66 16 98 8
66 16 98 56 6 86 15
56 6 86 52 14 81 9
52 14 81 104 7 75 9
104 7 75 17 82 68 75
17 82 68 19 80 61 7
19 80 61 68 91 73 16
68 91 73 55 99 69 8
55 99 69 87 106 62 9
87 106 62 49 107 61 1
49 107 61 21 109 63 2
21 109 63 118 106 73 10
118 106 73 64 111 79 7
64 111 79 27 122 76 11
27 122 76 80 125 78 3
80 125 78 102 128 78 3
102 128 78 18 134 89 12
18 134 89 76 128 91 6
76 128 91 3 133 97 7
3 133 97 39 128 103 7
39 128 103 32 124 103 4
32 124 103 24 121 103 3
24 121 103 101 114 117 15
101 114 117 91 109 116 5
91 109 116 13 106 114 3
13 106 114 70 96 106 12
70 96 106 130 102 127 21
130 102 127 99 105 134 7
99 105 134 114 109 133 4
114 109 133 110 113 133 4
110 113 133 29 124 135 11
29 124 135 133 113 135 11
133 113 135 93 134 118 27
93 134 118 92 134 74 44
92 134 74 96 132 65 9
96 132 65 121 129 53 12
121 129 53 48 125 43 10
48 125 43 107 116 36 11
107 116 36 44 124 28 11
44 124 28 37 126 15 13
37 126 15 22 129 7 8
22 129 7 124 135 6 6
124 135 6 132 128 4 7
132 128 4 11 124 0 5
11 124 0 30 113 3 11
30 113 3 62 113 15 12
62 113 15 90 105 31 17
90 105 31 20 100 42 12
20 100 42 54 97 49 7
54 97 49 135 88 45 9
135 88 45 128 102 27 22
128 102 27 31 109 92 65
31 109 92 126 91 82 20
126 91 82 85 93 91 9
85 93 91 41 95 91 2
41 95 91 113 81 94 14
113 81 94 83 80 76 18
83 80 76 1 78 72 4
