1 62 25 70 68 28 6
70 68 28 32 70 17 11
32 70 17 31 71 15 2
31 71 15 53 76 11 6
53 76 11 65 73 3 8
65 73 3 35 69 32 29
35 69 32 15 73 39 8
15 73 39 40 71 43 4
40 71 43 27 71 47 4
27 71 47 6 73 51 4
6 73 51 0 65 56 9
0 65 56 44 62 62 6
44 62 62 4 67 68 7
4 67 68 57 60 69 7
57 60 69 9 54 64 7
9 54 64 63 51 55 9
63 51 55 60 45 54 6
60 45 54 72 54 46 12
72 54 46 73 61 44 7
73 61 44 7 80 54 21
7 80 54 54 81 64 10
54 81 64 76 81 68 4
76 81 68 19 79 79 11
19 79 79 10 76 79 3
10 76 79 2 57 17 64
2 57 17 11 52 13 6
11 52 13 16 54 11 2
16 54 11 74 54 8 3
74 54 8 56 48 15 9
56 48 15 71 40 13 8
71 40 13 61 44 8 6
61 44 8 62 33 19 15
62 33 19 30 32 19 1
30 32 19 14 28 23 5
14 28 23 52 29 16 7
52 29 16 23 29 15 1
23 29 15 80 27 10 5
80 27 10 24 31 6 5
24 31 6 33 28 1 5
33 28 1 49 23 9 9
49 23 9 59 18 14 7
59 18 14 37 15 13 3
37 15 13 12 15 7 6
12 15 7 69 13 2 5
69 13 2 18 7 3 6
18 7 3 26 6 2 1
26 6 2 77 3 0 3
77 3 0 21 11 20 21
21 11 20 36 10 26 6
36 10 26 46 4 24 6
46 4 24 34 1 16 8
34 1 16 48 4 25 9
48 4 25 47 3 28 3
47 3 28 67 10 12 17
67 10 12 45 25 18 16
45 25 18 3 23 21 3
3 23 21 81 20 27 6
81 20 27 38 17 37 10
38 17 37 20 10 38 7
20 10 38 43 11 46 8
43 11 46 22 9 47 2
22 9 47 5 7 60 13
5 7 60 39 1 62 6
39 1 62 29 2 67 5
29 2 67 68 6 67 4
68 6 67 78 7 70 3
78 7 70 13 11 71 4
13 11 71 51 13 80 9
51 13 80 58 19 65 16
58 19 65 66 23 63 4
66 23 63 41 26 67 5
41 26 67 50 31 71 6
50 31 71 17 35 71 4
17 35 71 75 1 44 43
75 1 44 42 24 28 28
42 24 28 64 26 30 2
64 26 30 25 31 30 5
25 31 30 79 36 30 5
79 36 30 8 35 25 5
8 35 25 28 41 29 7
28 41 29 55 43 26 3
55 43 26 1 62 25 19
