14 5 119 1 17 125 13
1 17 125 7 12 143 18
7 12 143 31 0 151 14
31 0 151 89 11 112 40
89 11 112 45 21 109 10
45 21 109 121 22 100 9
121 22 100 62 17 98 5
62 17 98 124 13 99 4
124 13 99 90 25 89 15
90 25 89 27 36 80 14
27 36 80 48 32 71 9
48 32 71 63 23 75 9
63 23 75 67 10 79 13
67 10 79 9 1 81 9
9 1 81 49 12 83 11
49 12 83 114 9 69 14
114 9 69 131 10 67 2
131 10 67 2 33 106 45
2 33 106 152 37 112 7
152 37 112 116 41 109 5
116 41 109 129 33 120 13
129 33 120 71 33 128 8
71 33 128 57 36 129 3
57 36 129 93 40 133 5
93 40 133 73 53 134 13
73 53 134 91 35 143 20
91 35 143 107 38 149 6
107 38 149 126 33 154 7
126 33 154 141 44 120 35
141 44 120 33 52 119 8
33 52 119 147 61 113 10
147 61 113 134 67 114 6
134 67 114 80 65 99 15
80 65 99 40 61 96 5
40 61 96 128 60 82 14
128 60 82 99 59 82 1
99 59 82 78 60 80 2
78 60 80 102 70 74 11
102 70 74 43 68 69 5
43 68 69 5 65 64 5
5 65 64 53 63 61 3
53 63 61 74 69 58 6
74 69 58 4 75 63 7
4 75 63 87 86 59 11
87 86 59 28 86 49 10
28 86 49 34 92 48 6
34 92 48 127 96 46 4
127 96 46 142 92 42 5
142 92 42 150 94 30 12
150 94 30 18 91 29 3
18 91 29 81 81 37 12
81 81 37 30 71 45 12
30 71 45 105 102 23 38
105 102 23 42 96 16 9
42 96 16 76 87 17 9
76 87 17 148 77 15 10
148 77 15 143 74 14 3
143 74 14 10 68 17 6
10 68 17 22 64 30 13
22 64 30 145 55 26 9
145 55 26 25 57 24 2
25 57 24 32 54 23 3
32 54 23 101 50 15 8
101 50 15 39 36 15 14
39 36 15 26 30 20 7
26 30 20 118 31 25 5
118 31 25 11 17 28 14
11 17 28 44 18 33 5
44 18 33 133 11 35 7
133 11 35 111 8 49 14
111 8 49 85 5 51 3
85 5 51 88 0 49 5
88 0 49 65 30 12 47
65 30 12 51 6 0 26
51 6 0 136 3 4 5
136 3 4 52 51 8 48
52 51 8 151 51 28 20
151 51 28 47 65 13 20
47 65 13 154 78 4 15
154 78 4 83 103 10 25
83 103 10 125 101 2 8
125 101 2 137 105 36 34
137 105 36 135 114 37 9
135 114 37 84 121 38 7
84 121 38 100 121 43 5
100 121 43 0 127 51 10
0 127 51 38 134 40 13
38 134 40 55 140 44 7
55 140 44 6 155 34 18
6 155 34 12 140 45 18
12 140 45 24 149 51 10
24 149 51 50 120 63 31
50 120 63 20 132 65 12
20 132 65 86 140 64 8
86 140 64 68 144 68 5
68 144 68 23 113 67 31
23 113 67 138 106 73 9
138 106 73 92 102 72 4
92 102 72 149 102 70 2
149 102 70 41 114 57 17
41 114 57 75 113 57 1
75 113 57 94 124 28 31
94 124 28 66 120 17 11
66 120 17 112 118 14 3
112 118 14 153 121 10 5
153 121 10 130 129 11 8
130 129 11 70 128 0 11
70 128 0 140 135 11 13
140 135 11 95 139 12 4
95 139 12 16 146 5 9
16 146 5 155 154 13 11
155 154 13 69 124 28 33
69 124 28 59 60 55 69
59 60 55 110 55 46 10
110 55 46 64 52 46 3
64 52 46 113 38 54 16
113 38 54 103 78 79 47
103 78 79 146 81 96 17
146 81 96 120 92 97 11
120 92 97 109 91 105 8
109 91 105 82 87 111 7
82 87 111 79 88 117 6
79 88 117 115 95 114 7
115 95 114 61 101 113 6
61 101 113 122 107 122 10
122 107 122 144 104 131 9
144 104 131 17 114 135 10
17 114 135 72 118 127 8
72 118 127 29 126 131 8
29 126 131 36 126 137 6
36 126 137 106 139 144 14
106 139 144 58 139 129 15
58 139 129 37 138 121 8
37 138 121 108 142 117 5
108 142 117 60 135 109 10
60 135 109 54 147 102 13
54 147 102 123 155 91 13
123 155 91 77 129 112 33
77 129 112 56 124 109 5
56 124 109 96 135 107 11
96 135 107 97 136 94 13
97 136 94 13 134 91 3
13 134 91 35 104 136 54
35 104 136 21 99 140 6
21 99 140 15 96 137 4
15 96 137 132 92 129 8
132 92 129 46 83 128 9
46 83 128 8 82 129 1
8 82 129 98 80 127 2
98 80 127 139 70 130 10
139 70 130 3 72 139 9
3 72 139 19 79 142 7
19 79 142 117 82 155 13
117 82 155 104 95 106 50
104 95 106 119 1 104 94
119 1 104 14 5 119 15
