21 6 28 1 13 34 9
1 13 34 7 17 35 4
7 17 35 26 4 29 14
26 4 29 3 3 34 5
3 3 34 5 1 23 11
5 1 23 9 4 20 4
9 4 20 2 0 19 4
2 0 19 8 6 14 7
8 6 14 19 10 11 5
19 10 11 33 13 10 3
33 13 10 0 14 10 1
0 14 10 10 16 4 6
10 16 4 14 21 0 6
14 21 0 23 14 15 16
23 14 15 27 18 19 5
27 18 19 18 24 16 6
18 24 16 22 23 14 2
22 23 14 30 28 16 5
30 28 16 29 30 16 2
29 30 16 12 32 10 6
12 32 10 4 31 6 4
4 31 6 16 31 3 3
16 31 3 11 28 1 3
11 28 1 6 30 0 2
6 30 0 32 36 0 6
32 36 0 31 36 23 23
31 36 23 17 34 29 6
17 34 29 20 27 35 9
20 27 35 13 4 14 31
13 4 14 28 4 10 4
28 4 10 34 5 6 4
34 5 6 15 7 5 2
15 7 5 25 8 2 3
25 8 2 35 4 5 5
35 4 5 24 2 4 2
24 2 4 36 1 3 1
36 1 3 21 6 28 25
