1 39 107 50 29 107 10
50 29 107 32 24 105 5
32 24 105 27 16 97 11
27 16 97 111 15 94 3
111 15 94 41 10 85 10
41 10 85 6 8 83 2
6 8 83 31 3 85 5
31 3 85 100 2 84 1
100 2 84 60 6 69 15
60 6 69 137 30 93 33
137 30 93 88 26 82 11
88 26 82 78 33 74 10
78 33 74 16 39 78 7
16 39 78 14 41 73 5
14 41 73 23 43 81 8
23 43 81 66 21 66 26
66 21 66 47 21 57 9
47 21 57 59 22 53 4
59 22 53 56 31 49 9
56 31 49 42 26 42 8
42 26 42 69 15 36 12
69 15 36 77 22 29 9
77 22 29 38 27 23 7
38 27 23 37 27 19 4
37 27 19 46 31 19 4
46 31 19 87 23 14 9
87 23 14 130 18 12 5
130 18 12 57 12 12 6
57 12 12 89 12 13 1
89 12 13 9 10 17 4
9 10 17 112 8 19 2
112 8 19 26 3 16 5
26 3 16 143 1 6 10
143 1 6 18 1 1 5
18 1 1 58 0 0 1
58 0 0 63 2 30 30
63 2 30 97 12 1 30
97 12 1 118 26 121 120
118 26 121 8 40 124 14
8 40 124 40 48 124 8
40 48 124 36 57 118 10
36 57 118 33 67 110 12
33 67 110 82 60 100 12
82 60 100 134 55 100 5
134 55 100 30 55 105 5
30 55 105 84 52 95 10
84 52 95 22 60 88 10
22 60 88 116 70 77 14
116 70 77 43 78 79 8
43 78 79 65 82 71 8
65 82 71 52 98 67 16
52 98 67 109 102 56 11
109 102 56 13 118 57 16
13 118 57 21 123 62 7
21 123 62 83 125 75 13
83 125 75 4 124 76 1
4 124 76 91 118 78 6
91 118 78 71 132 81 14
71 132 81 61 136 82 4
61 136 82 108 126 93 14
108 126 93 74 116 98 11
74 116 98 34 124 108 12
34 124 108 76 133 111 9
76 133 111 11 136 114 4
11 136 114 129 137 122 8
129 137 122 120 141 127 6
120 141 127 24 135 130 6
24 135 130 142 128 132 7
142 128 132 104 118 128 10
104 118 128 119 125 140 13
119 125 140 44 144 124 24
44 144 124 128 116 110 31
128 116 110 73 105 88 24
73 105 88 107 140 64 42
107 140 64 35 120 54 22
35 120 54 79 100 55 20
79 100 55 85 104 43 12
85 104 43 140 102 41 2
140 102 41 121 97 33 9
121 97 33 106 85 42 15
106 85 42 0 84 43 1
0 84 43 20 84 46 3
20 84 46 64 80 46 4
64 80 46 101 65 45 15
101 65 45 53 67 37 8
53 67 37 92 78 26 15
92 78 26 55 83 22 6
55 83 22 2 88 14 9
2 88 14 28 87 4 10
28 87 4 48 90 2 3
48 90 2 54 94 3 4
54 94 3 39 98 5 4
39 98 5 131 109 2 11
131 109 2 115 110 2 1
115 110 2 132 124 4 14
132 124 4 102 133 14 13
102 133 14 5 133 27 13
5 133 27 45 137 40 13
45 137 40 72 124 17 26
72 124 17 49 77 18 47
49 77 18 98 79 16 2
98 79 16 127 64 9 16
127 64 9 94 56 12 8
94 56 12 117 46 4 12
117 46 4 122 51 50 46
122 51 50 15 46 42 9
15 46 42 67 46 26 16
67 46 26 110 55 59 34
110 55 59 124 58 60 3
124 58 60 126 100 25 54
126 100 25 68 109 26 9
68 109 26 80 111 29 3
80 111 29 29 111 37 8
29 111 37 51 48 129 111
51 48 129 70 49 138 9
70 49 138 75 64 134 15
75 64 134 139 76 144 15
139 76 144 99 86 139 11
99 86 139 10 86 130 9
10 86 130 138 80 129 6
138 80 129 95 80 121 8
95 80 121 86 87 112 11
86 87 112 3 88 109 3
3 88 109 135 84 97 12
135 84 97 133 89 114 17
133 89 114 125 97 120 10
125 97 120 144 97 125 5
144 97 125 90 42 139 56
90 42 139 25 37 144 7
25 37 144 93 42 138 7
93 42 138 136 39 134 5
136 39 134 62 37 134 2
62 37 134 17 40 122 12
17 40 122 123 25 122 15
123 25 122 12 19 126 7
12 19 126 7 15 130 5
7 15 130 81 23 139 12
81 23 139 105 11 121 21
105 11 121 19 8 124 4
19 8 124 113 0 136 14
113 0 136 114 3 141 5
114 3 141 103 7 144 5
103 7 144 141 3 108 36
141 3 108 96 41 106 38
96 41 106 1 39 107 2
