1 62 6 8 50 9 12
8 50 9 93 45 9 5
93 45 9 19 46 13 4
19 46 13 78 47 2 11
78 47 2 33 42 1 5
33 42 1 20 42 9 8
20 42 9 89 38 12 5
89 38 12 47 41 19 7
47 41 19 58 28 15 13
58 28 15 45 26 21 6
45 26 21 39 20 27 8
39 20 27 53 15 31 6
53 15 31 2 17 37 6
2 17 37 16 22 39 5
16 22 39 37 24 40 2
37 24 40 67 25 50 10
67 25 50 32 28 54 5
32 28 54 48 35 51 7
48 35 51 62 43 49 8
62 43 49 23 44 46 3
23 44 46 35 52 55 12
35 52 55 6 50 65 10
6 50 65 44 50 72 7
44 50 72 10 56 79 9
10 56 79 81 66 79 10
81 66 79 46 66 70 9
46 66 70 57 66 82 12
57 66 82 17 66 85 3
17 66 85 27 79 92 14
27 79 92 49 81 91 2
49 81 91 85 81 84 7
85 81 84 36 82 81 3
36 82 81 25 92 78 10
25 92 78 56 92 79 1
56 92 79 95 84 94 17
95 84 94 13 88 90 5
13 88 90 88 46 79 43
88 46 79 22 51 87 9
22 51 87 26 39 83 12
26 39 83 31 37 81 2
31 37 81 4 30 84 7
4 30 84 68 47 64 26
68 47 64 21 39 69 9
21 39 69 71 21 52 24
71 21 52 54 23 55 3
54 23 55 69 18 55 5
69 18 55 60 18 59 4
60 18 59 52 19 69 10
52 19 69 18 16 80 11
18 16 80 73 26 69 14
73 26 69 77 9 56 21
77 9 56 79 3 59 6
79 3 59 40 2 68 9
40 2 68 38 0 69 2
38 0 69 76 22 34 41
76 22 34 51 9 36 13
51 9 36 3 4 39 5
3 4 39 30 3 35 4
30 3 35 14 0 24 11
14 0 24 28 31 29 31
28 31 29 43 33 32 3
43 33 32 83 39 37 7
83 39 37 61 43 30 8
61 43 30 65 52 35 10
65 52 35 94 54 33 2
94 54 33 42 63 36 9
42 63 36 74 68 35 5
74 68 35 24 63 28 8
24 63 28 9 70 25 7
9 70 25 5 72 36 11
5 72 36 11 84 29 13
11 84 29 91 93 29 9
91 93 29 80 92 35 6
80 92 35 0 94 26 9
0 94 26 59 78 47 26
59 78 47 29 78 55 8
29 78 55 55 73 56 5
55 73 56 84 67 54 6
84 67 54 90 73 60 8
90 73 60 72 77 64 5
72 77 64 12 82 66 5
12 82 66 82 82 63 3
82 82 63 34 84 59 4
34 84 59 63 89 63 6
63 89 63 87 19 18 83
87 19 18 50 18 19 1
50 18 19 70 18 19 0
70 18 19 92 16 4 15
92 16 4 66 10 3 6
66 10 3 7 2 5 8
7 2 5 75 28 15 27
75 28 15 15 77 0 51
15 77 0 41 79 6 6
41 79 6 86 87 4 8
86 87 4 64 90 1 4
64 90 1 1 62 6 28
