68 38 97 1 29 100 9
1 29 100 77 25 91 9
77 25 91 84 23 92 2
84 23 92 64 16 94 7
64 16 94 11 17 100 6
11 17 100 38 10 100 7
38 10 100 54 6 98 4
54 6 98 65 16 94 10
65 16 94 100 37 111 27
100 37 111 55 44 96 16
55 44 96 24 54 101 11
24 54 101 18 61 104 7
18 61 104 74 72 100 11
74 72 100 73 73 104 4
73 73 104 16 80 101 7
16 80 101 87 81 103 2
87 81 103 14 85 101 4
14 85 101 107 80 108 8
107 80 108 33 83 110 3
33 83 110 111 68 92 23
111 68 92 89 78 86 11
89 78 86 58 80 88 2
58 80 88 35 91 86 11
35 91 86 44 101 79 12
44 101 79 93 94 69 12
93 94 69 7 95 62 7
7 95 62 0 86 59 9
0 86 59 19 80 54 7
19 80 54 78 86 61 9
78 86 61 103 96 62 10
103 96 62 17 103 54 10
17 103 54 28 105 52 2
28 105 52 36 109 55 5
36 109 55 50 105 48 8
50 105 48 10 113 45 8
10 113 45 110 105 45 8
110 105 45 75 98 33 13
75 98 33 91 93 33 5
91 93 33 59 111 87 56
59 111 87 80 104 99 13
80 104 99 26 109 104 7
26 109 104 96 100 108 9
96 100 108 12 100 108 0
12 100 108 92 113 75 35
92 113 75 94 61 108 61
94 61 108 57 47 92 21
57 47 92 30 43 88 5
30 43 88 21 44 84 4
21 44 84 105 37 78 9
105 37 78 32 39 74 4
32 39 74 3 36 70 5
3 36 70 48 28 71 8
48 28 71 31 19 65 10
31 19 65 43 14 73 9
43 14 73 53 3 79 12
53 3 79 5 2 79 1
5 2 79 83 17 64 21
83 17 64 2 7 65 10
2 7 65 46 27 72 21
46 27 72 62 28 77 5
62 28 77 72 35 67 12
72 35 67 86 30 61 7
86 30 61 95 36 58 6
95 36 58 29 36 58 0
29 36 58 108 35 56 2
108 35 56 13 44 70 16
13 44 70 40 55 71 11
40 55 71 101 57 66 5
101 57 66 82 62 63 5
82 62 63 106 55 54 11
106 55 54 9 50 50 6
9 50 50 70 55 46 6
70 55 46 20 50 39 8
20 50 39 71 44 43 7
71 44 43 102 41 39 5
102 41 39 81 56 36 15
81 56 36 37 52 28 8
37 52 28 39 56 26 4
39 56 26 42 57 18 8
42 57 18 66 69 11 13
66 69 11 6 68 0 11
6 68 0 27 61 0 7
27 61 0 98 69 26 27
98 69 26 79 78 28 9
79 78 28 49 78 38 10
49 78 38 52 88 18 22
52 88 18 47 91 3 15
47 91 3 60 95 0 5
60 95 0 99 103 0 8
99 103 0 25 109 8 10
25 109 8 41 49 29 63
41 49 29 63 43 31 6
63 43 31 112 46 21 10
112 46 21 56 44 4 17
56 44 4 85 41 22 18
85 41 22 15 35 27 7
15 35 27 61 35 33 6
61 35 33 8 29 36 6
8 29 36 4 30 43 7
4 30 43 90 24 33 11
90 24 33 51 15 43 13
51 15 43 23 9 34 10
23 9 34 76 1 30 8
76 1 30 104 3 49 19
104 3 49 69 28 19 39
69 28 19 34 28 15 4
34 28 15 22 24 14 4
22 24 14 88 58 44 45
88 58 44 97 63 48 6
97 63 48 109 65 65 17
109 65 65 113 61 73 8
113 61 73 45 63 72 2
45 63 72 67 53 90 20
67 53 90 68 38 97 16
