7 30 18 1 34 16 4
1 34 16 29 39 19 5
29 39 19 20 41 12 7
20 41 12 9 39 11 2
9 39 11 18 37 1 10
18 37 1 41 40 21 20
41 40 21 6 43 27 6
6 43 27 24 24 16 21
24 24 16 17 22 20 4
17 22 20 26 17 17 5
26 17 17 5 18 17 1
5 18 17 34 15 18 3
34 15 18 2 8 21 7
2 8 21 32 5 21 3
32 5 21 3 4 18 3
3 4 18 36 2 22 4
36 2 22 39 2 27 5
39 2 27 31 4 32 5
31 4 32 14 3 33 1
14 3 33 16 8 35 5
16 8 35 25 10 37 2
25 10 37 8 5 39 5
8 5 39 22 12 34 8
22 12 34 11 12 40 6
11 12 40 27 18 43 6
27 18 43 10 22 39 5
10 22 39 0 25 40 3
0 25 40 19 11 41 14
19 11 41 35 14 26 15
35 14 26 28 20 12 15
28 20 12 40 25 11 5
40 25 11 15 25 8 3
15 25 8 43 19 12 7
43 19 12 37 15 8 5
37 15 8 12 17 4 4
12 17 4 30 13 2 4
30 13 2 38 9 7 6
38 9 7 21 4 7 5
21 4 7 42 27 24 28
42 27 24 23 30 28 5
23 30 28 33 36 29 6
33 36 29 4 34 35 6
4 34 35 13 39 39 6
13 39 39 7 30 18 22
