1 44 99 7 45 98 1
7 45 98 86 48 88 10
86 48 88 76 61 89 13
76 61 89 46 66 98 10
46 66 98 52 72 102 7
52 72 102 97 69 109 7
97 69 109 49 62 114 8
49 62 114 110 60 106 8
110 60 106 128 64 118 12
128 64 118 151 72 122 8
151 72 122 6 83 115 13
6 83 115 105 94 112 11
105 94 112 89 99 111 5
89 99 111 101 108 126 17
101 108 126 103 119 126 11
103 119 126 20 128 127 9
20 128 127 23 128 132 5
23 128 132 123 123 138 7
123 123 138 13 128 144 7
13 128 144 73 118 151 12
73 118 151 51 114 152 4
51 114 152 2 111 159 7
2 111 159 131 98 158 13
131 98 158 124 84 160 14
124 84 160 96 112 152 29
96 112 152 27 102 144 12
27 102 144 33 92 143 10
33 92 143 122 115 136 24
122 115 136 130 132 123 21
130 132 123 40 147 124 15
40 147 124 28 156 113 14
28 156 113 53 158 110 3
53 158 110 142 154 108 4
142 154 108 74 160 127 19
74 160 127 139 156 136 9
139 156 136 160 154 146 10
160 154 146 78 152 158 12
78 152 158 116 157 160 5
116 157 160 155 144 158 13
155 144 158 61 132 113 46
61 132 113 39 139 111 7
39 139 111 134 138 96 15
134 138 96 92 137 94 2
92 137 94 64 124 93 13
64 124 93 68 139 82 18
68 139 82 158 151 91 15
158 151 91 150 90 101 61
150 90 101 82 73 125 29
82 73 125 14 75 127 2
14 75 127 16 64 137 14
16 64 137 11 58 158 21
11 58 158 47 49 138 21
47 49 138 18 32 145 18
18 32 145 153 22 141 10
153 22 141 29 17 140 5
29 17 140 77 12 139 5
77 12 139 38 5 155 17
38 5 155 143 7 157 2
143 7 157 83 16 159 9
83 16 159 133 18 128 31
133 18 128 50 73 142 56
50 73 142 152 61 74 69
152 61 74 136 63 70 4
136 63 70 63 74 74 11
63 74 74 70 81 73 7
70 81 73 141 83 75 2
141 83 75 108 81 86 11
108 81 86 157 91 85 10
157 91 85 154 40 83 51
154 40 83 118 31 70 15
118 31 70 114 26 64 7
114 26 64 24 31 55 10
24 31 55 119 35 52 5
119 35 52 127 40 57 7
127 40 57 140 19 68 23
140 19 68 17 9 85 19
17 9 85 44 15 63 22
44 15 63 121 15 61 2
121 15 61 8 11 51 10
8 11 51 0 12 48 3
0 12 48 10 14 43 5
10 14 43 126 14 40 3
126 14 40 26 17 33 7
26 17 33 15 22 23 11
15 22 23 72 27 11 13
72 27 11 146 33 9 6
146 33 9 98 42 14 10
98 42 14 21 44 5 9
21 44 5 85 45 0 5
85 45 0 94 49 7 8
94 49 7 115 58 11 9
115 58 11 60 62 16 6
60 62 16 144 63 2 14
144 63 2 132 75 9 13
132 75 9 45 85 9 10
45 85 9 90 94 9 9
90 94 9 12 102 4 9
12 102 4 135 117 1 15
135 117 1 75 125 9 11
75 125 9 48 130 11 5
48 130 11 95 136 13 6
95 136 13 19 139 4 9
19 139 4 55 141 1 3
55 141 1 156 146 8 8
156 146 8 42 135 22 17
42 135 22 34 137 26 4
34 137 26 66 134 27 3
66 134 27 120 126 33 10
120 126 33 3 128 42 9
3 128 42 69 118 34 12
69 118 34 56 116 29 5
56 116 29 79 110 30 6
79 110 30 30 95 35 15
30 95 35 9 91 41 7
9 91 41 31 98 43 7
31 98 43 148 100 45 2
148 100 45 65 96 52 8
65 96 52 84 93 51 3
84 93 51 4 85 53 8
4 85 53 43 75 55 10
43 75 55 117 66 53 9
117 66 53 37 60 55 6
37 60 55 41 53 47 10
41 53 47 67 49 42 6
67 49 42 35 55 39 6
35 55 39 71 54 36 3
71 54 36 57 64 49 16
57 64 49 147 73 47 9
147 73 47 99 75 33 14
99 75 33 145 105 56 37
145 105 56 5 113 61 9
5 113 61 129 109 75 14
129 109 75 106 101 71 8
106 101 71 138 118 56 22
138 118 56 88 138 32 31
88 138 32 100 142 34 4
100 142 34 32 144 35 2
32 144 35 59 152 35 8
59 152 35 111 149 49 14
111 149 49 81 158 51 9
81 158 51 36 158 53 2
36 158 53 25 159 65 12
25 159 65 102 143 55 18
102 143 55 54 141 61 6
54 141 61 112 83 3 82
112 83 3 93 32 31 58
93 32 31 58 35 25 6
58 35 25 107 34 32 7
107 34 32 109 2 26 32
109 2 26 104 7 16 11
104 7 16 137 9 0 16
137 9 0 80 20 49 50
80 20 49 149 2 44 18
149 2 44 22 1 55 11
22 1 55 87 0 54 1
87 0 54 62 43 105 66
62 43 105 91 39 98 8
91 39 98 159 33 100 6
159 33 100 125 30 108 8
125 30 108 113 18 102 13
113 18 102 1 44 99 26
