1 32 93 2 32 87 6
2 32 87 30 32 81 6
30 32 81 64 38 73 10
64 38 73 22 45 81 10
22 45 81 7 49 79 4
7 49 79 151 54 80 5
151 54 80 139 62 78 8
139 62 78 52 76 73 14
52 76 73 45 82 84 12
45 82 84 15 89 82 7
15 89 82 153 97 79 8
153 97 79 68 81 100 26
68 81 100 60 80 101 1
60 80 101 133 73 66 35
133 73 66 31 61 59 13
31 61 59 94 46 85 30
94 46 85 91 48 94 9
91 48 94 38 20 67 38
38 20 67 41 30 55 15
41 30 55 120 30 45 10
120 30 45 34 38 49 8
34 38 49 13 36 31 18
13 36 31 155 33 17 14
155 33 17 92 31 9 8
92 31 9 99 29 6 3
99 29 6 152 13 5 16
152 13 5 117 10 5 3
117 10 5 21 1 3 9
21 1 3 43 8 16 14
43 8 16 75 42 12 34
75 42 12 6 47 15 5
6 47 15 4 44 18 4
4 44 18 80 52 19 8
80 52 19 149 63 19 11
149 63 19 16 65 24 5
16 65 24 26 68 37 13
26 68 37 124 70 38 2
124 70 38 42 79 29 12
42 79 29 8 84 27 5
8 84 27 119 96 26 12
119 96 26 58 113 33 18
58 113 33 143 113 41 8
143 113 41 12 120 56 16
12 120 56 135 130 54 10
135 130 54 65 139 41 15
65 139 41 84 142 41 3
84 142 41 23 144 43 2
23 144 43 102 144 39 4
102 144 39 72 144 36 3
72 144 36 59 142 31 5
59 142 31 79 136 33 6
79 136 33 154 138 23 10
154 138 23 89 124 20 14
89 124 20 150 140 17 16
150 140 17 74 139 17 1
74 139 17 115 154 9 17
115 154 9 56 157 3 6
56 157 3 69 151 31 28
69 151 31 103 159 26 9
103 159 26 76 135 57 39
76 135 57 136 135 59 2
136 135 59 111 135 60 1
111 135 60 106 134 66 6
106 134 66 61 139 69 5
61 139 69 73 141 72 3
73 141 72 112 154 67 13
112 154 67 118 144 77 14
118 144 77 122 148 82 6
122 148 82 138 143 89 8
138 143 89 9 135 91 8
9 135 91 70 134 102 11
70 134 102 126 138 114 12
126 138 114 51 141 125 11
51 141 125 78 158 140 22
78 158 140 144 157 159 19
144 157 159 85 134 89 73
85 134 89 128 154 98 21
128 154 98 107 154 107 9
107 154 107 100 154 107 0
100 154 107 123 140 73 36
123 140 73 116 123 70 17
116 123 70 39 94 46 37
39 94 46 0 98 58 12
0 98 58 28 100 57 2
28 100 57 146 87 53 13
146 87 53 29 60 38 30
29 60 38 48 54 5 33
48 54 5 87 64 4 10
87 64 4 109 80 3 16
109 80 3 114 105 0 25
114 105 0 44 15 52 103
44 15 52 108 9 54 6
108 9 54 10 4 41 13
10 4 41 33 4 34 7
33 4 34 24 19 32 15
24 19 32 137 4 57 29
137 4 57 125 12 75 19
125 12 75 20 30 93 25
20 30 93 90 21 98 10
90 21 98 14 16 98 5
14 16 98 156 8 97 8
156 8 97 18 6 97 2
18 6 97 35 3 111 14
35 3 111 148 35 94 36
148 35 94 37 31 106 12
37 31 106 95 35 112 7
95 35 112 47 40 109 5
47 40 109 127 37 115 6
127 37 115 88 34 117 3
88 34 117 132 27 114 7
132 27 114 159 37 124 14
159 37 124 105 32 132 9
105 32 132 77 38 137 7
77 38 137 63 35 143 6
63 35 143 55 30 157 14
55 30 157 49 32 158 2
49 32 158 27 46 159 14
27 46 159 141 57 158 11
141 57 158 96 17 158 40
96 17 158 36 8 152 10
36 8 152 54 17 147 10
54 17 147 158 0 153 18
158 0 153 131 1 142 11
131 1 142 53 4 136 6
53 4 136 40 1 131 5
40 1 131 101 8 125 9
101 8 125 82 39 136 32
82 39 136 121 40 134 2
121 40 134 86 51 142 13
86 51 142 62 61 134 12
62 61 134 157 73 133 12
157 73 133 93 74 147 14
93 74 147 113 82 151 8
113 82 151 104 90 151 8
104 90 151 19 92 153 2
19 92 153 147 103 158 12
147 103 158 97 68 122 50
97 68 122 130 76 133 13
130 76 133 129 87 133 11
129 87 133 67 89 127 6
67 89 127 17 88 124 3
17 88 124 57 90 117 7
57 90 117 66 95 114 5
66 95 114 3 103 119 9
3 103 119 50 108 130 12
50 108 130 25 99 138 12
25 99 138 145 103 143 6
145 103 143 32 117 149 15
32 117 149 11 120 150 3
11 120 150 71 126 159 10
71 126 159 81 113 130 31
81 113 130 110 28 131 85
110 28 131 140 27 129 2
140 27 129 5 23 124 6
5 23 124 98 46 116 24
98 46 116 46 48 126 10
46 48 126 83 54 112 15
83 54 112 134 61 105 9
134 61 105 142 61 93 12
142 61 93 1 32 93 29
