19 27 12 1 26 12 1
1 26 12 23 22 13 4
23 22 13 9 14 12 8
9 14 12 14 15 9 3
14 15 9 28 7 9 8
28 7 9 13 0 11 7
13 0 11 8 0 14 3
8 0 14 6 2 17 3
6 2 17 21 4 19 2
21 4 19 12 5 23 4
12 5 23 15 4 24 1
15 4 24 5 2 27 3
5 2 27 2 29 10 31
2 29 10 16 28 9 1
16 28 9 20 25 8 3
20 25 8 4 25 3 5
4 25 3 3 21 1 4
3 21 1 26 20 1 1
26 20 1 29 19 1 1
29 19 1 7 14 1 5
7 14 1 27 11 1 3
27 11 1 22 30 11 21
22 30 11 0 30 17 6
0 30 17 10 29 18 1
10 29 18 11 24 20 5
11 24 20 24 20 22 4
24 20 22 30 20 25 3
30 20 25 17 16 27 4
17 16 27 18 27 29 11
18 27 29 31 16 21 13
31 16 21 25 31 20 15
25 31 20 19 27 12 8
