15 36 21 1 39 28 7
1 39 28 4 39 30 2
4 39 30 22 38 32 2
22 38 32 25 39 33 1
25 39 33 38 42 40 7
38 42 40 2 49 45 8
2 49 45 7 37 44 12
7 37 44 13 33 44 4
13 33 44 20 30 39 5
20 30 39 50 32 38 2
50 32 38 40 28 50 12
40 28 50 8 24 47 5
8 24 47 12 21 49 3
12 21 49 47 23 45 4
47 23 45 17 22 42 3
17 22 42 33 17 41 5
33 17 41 19 11 46 7
19 11 46 28 8 47 3
28 8 47 30 6 47 2
30 6 47 46 0 48 6
46 0 48 31 17 35 21
31 17 35 23 33 21 21
23 33 21 36 30 21 3
36 30 21 48 29 15 6
48 29 15 37 26 8 7
37 26 8 6 20 11 6
6 20 11 21 14 7 7
21 14 7 9 11 4 4
9 11 4 32 12 2 2
32 12 2 11 12 10 8
11 12 10 43 5 13 7
43 5 13 24 4 10 3
24 4 10 41 0 6 5
41 0 6 39 0 3 3
39 0 3 45 3 19 16
45 3 19 16 2 25 6
16 2 25 27 5 35 10
27 5 35 35 7 21 14
35 7 21 34 15 18 8
34 15 18 26 16 23 5
26 16 23 14 26 0 25
14 26 0 5 34 10 12
5 34 10 49 43 11 9
49 43 11 29 47 12 4
29 47 12 0 49 9 3
0 49 9 3 45 2 8
3 45 2 44 50 9 8
44 50 9 18 39 21 16
18 39 21 42 49 25 10
42 49 25 10 49 22 3
10 49 22 15 36 21 13
