1 22 139 41 18 129 10
41 18 129 44 20 122 7
44 20 122 49 12 118 8
49 12 118 53 13 111 7
53 13 111 113 14 100 11
113 14 100 61 9 94 7
61 9 94 32 18 98 9
32 18 98 58 24 97 6
58 24 97 17 25 94 3
17 25 94 59 34 96 9
59 34 96 135 36 88 8
135 36 88 115 31 82 7
115 31 82 63 22 74 12
63 22 74 84 30 66 11
84 30 66 62 38 57 12
62 38 57 85 8 68 31
85 8 68 69 7 55 13
69 7 55 5 12 50 7
5 12 50 154 14 46 4
154 14 46 39 13 43 3
39 13 43 9 5 41 8
9 5 41 132 14 34 11
132 14 34 25 13 25 9
25 13 25 147 24 26 11
147 24 26 101 16 44 19
101 16 44 105 43 81 45
105 43 81 4 50 77 8
4 50 77 126 52 78 2
126 52 78 79 63 75 11
79 63 75 24 66 68 7
24 66 68 77 66 64 4
77 66 64 2 77 62 11
2 77 62 112 77 52 10
112 77 52 64 64 48 13
64 64 48 142 90 46 26
142 90 46 38 90 46 0
38 90 46 78 105 56 18
78 105 56 122 122 54 17
122 122 54 80 125 63 9
80 125 63 29 136 63 11
29 136 63 52 138 57 6
52 138 57 11 138 51 6
11 138 51 90 129 44 11
90 129 44 54 127 41 3
54 127 41 66 127 33 8
66 127 33 118 123 31 4
118 123 31 144 120 34 4
144 120 34 153 134 20 19
153 134 20 8 149 32 19
8 149 32 3 155 34 6
3 155 34 65 157 29 5
65 157 29 110 130 18 29
110 130 18 26 123 6 13
26 123 6 6 125 3 3
6 125 3 45 136 6 11
45 136 6 72 142 8 6
72 142 8 129 154 7 12
129 154 7 15 116 2 38
15 116 2 56 146 58 63
56 146 58 37 156 57 10
37 156 57 133 145 62 12
133 145 62 95 149 79 17
95 149 79 103 155 83 7
103 155 83 141 82 36 86
141 82 36 97 79 31 5
97 79 31 23 83 20 11
23 83 20 92 72 13 13
92 72 13 13 77 0 13
13 77 0 146 64 13 18
146 64 13 7 68 21 8
7 68 21 123 63 7 14
123 63 7 48 62 3 4
48 62 3 57 60 2 2
57 60 2 109 59 3 1
109 59 3 140 57 9 6
140 57 9 0 56 18 9
0 56 18 96 58 27 9
96 58 27 47 54 34 8
47 54 34 19 54 37 3
19 54 37 68 39 37 15
68 39 37 124 48 15 23
124 48 15 35 42 9 8
35 42 9 50 39 1 8
50 39 1 87 30 9 12
87 30 9 20 19 11 11
20 19 11 93 18 0 11
93 18 0 108 11 3 7
108 11 3 121 89 21 80
121 89 21 34 93 13 8
34 93 13 22 90 2 11
22 90 2 99 98 13 13
99 98 13 111 101 28 15
111 101 28 130 99 33 5
130 99 33 10 102 34 3
10 102 34 81 82 69 40
81 82 69 131 90 69 8
131 90 69 148 68 88 29
148 68 88 21 61 95 9
21 61 95 117 50 97 11
117 50 97 91 48 102 5
91 48 102 27 51 105 4
27 51 105 71 52 114 9
71 52 114 134 50 114 2
134 50 114 12 49 117 3
12 49 117 30 72 96 31
30 72 96 16 79 90 9
16 79 90 155 90 84 12
155 90 84 18 101 89 12
18 101 89 100 108 81 10
100 108 81 98 113 87 7
98 113 87 150 122 95 12
150 122 95 74 130 91 8
74 130 91 104 108 80 24
104 108 80 46 105 77 4
46 105 77 106 100 101 24
106 100 101 36 106 105 7
36 106 105 33 111 113 9
33 111 113 88 116 108 7
88 116 108 40 120 113 6
40 120 113 14 137 112 17
14 137 112 136 142 119 8
136 142 119 83 139 125 6
83 139 125 70 138 135 10
70 138 135 157 145 147 13
157 145 147 149 143 151 4
149 143 151 125 141 153 2
125 141 153 116 108 119 47
116 108 119 67 101 136 18
67 101 136 55 118 135 17
55 118 135 143 114 154 19
143 114 154 119 104 156 10
119 104 156 82 96 155 8
82 96 155 120 99 101 54
120 99 101 151 97 104 3
151 97 104 73 97 107 3
73 97 107 102 79 102 18
102 79 102 156 22 113 58
156 22 113 75 32 116 10
75 32 116 60 40 128 14
60 40 128 43 45 136 9
43 45 136 137 50 133 5
137 50 133 152 56 136 6
152 56 136 114 64 136 8
114 64 136 51 68 146 10
51 68 146 28 76 145 8
28 76 145 139 67 148 9
139 67 148 89 63 150 4
89 63 150 127 63 149 1
127 63 149 94 74 125 26
94 74 125 76 72 120 5
76 72 120 86 81 125 10
86 81 125 31 84 126 3
31 84 126 42 20 141 65
42 20 141 107 13 140 7
107 13 140 138 3 140 10
138 3 140 145 21 154 22
145 21 154 128 7 155 14
128 7 155 1 22 139 21
