1 15 11 33 13 19 8
33 13 19 50 17 21 4
50 17 21 4 8 30 12
4 8 30 16 2 29 6
16 2 29 43 1 41 12
43 1 41 108 8 47 9
108 8 47 78 13 48 5
78 13 48 53 17 57 9
53 17 57 31 22 55 5
31 22 55 29 23 58 3
29 23 58 11 34 60 11
11 34 60 35 39 67 8
35 39 67 17 46 61 9
17 46 61 76 48 74 13
76 48 74 40 54 70 7
40 54 70 0 51 88 18
0 51 88 101 38 53 37
101 38 53 94 47 51 9
94 47 51 7 51 50 4
7 51 50 105 53 51 2
105 53 51 42 59 54 6
42 59 54 27 63 62 8
27 63 62 19 42 40 30
19 42 40 96 40 31 9
96 40 31 20 35 31 5
20 35 31 58 29 30 6
58 29 30 59 31 23 7
59 31 23 88 28 10 13
88 28 10 63 46 28 25
63 46 28 30 49 29 3
30 49 29 44 57 29 8
44 57 29 8 59 34 5
8 59 34 109 64 35 5
109 64 35 60 66 40 5
60 66 40 80 73 40 7
80 73 40 24 77 40 4
24 77 40 48 80 35 5
48 80 35 97 81 34 1
97 81 34 111 55 38 26
111 55 38 107 64 22 18
107 64 22 102 65 13 9
102 65 13 55 59 3 11
55 59 3 103 56 5 3
103 56 5 57 50 12 9
57 50 12 70 52 2 10
70 52 2 28 48 3 4
28 48 3 104 68 10 21
104 68 10 79 74 2 10
79 74 2 87 80 5 6
87 80 5 77 87 5 7
77 87 5 85 91 16 11
85 91 16 38 88 18 3
38 88 18 84 93 16 5
84 93 16 18 98 11 7
18 98 11 21 99 0 11
21 99 0 72 98 18 18
72 98 18 98 103 16 5
98 103 16 46 105 21 5
46 105 21 112 105 25 4
112 105 25 26 104 27 2
26 104 27 74 104 31 4
74 104 31 25 102 33 2
25 102 33 83 106 46 13
83 106 46 36 105 48 2
36 105 48 73 105 52 4
73 105 52 5 102 53 3
5 102 53 32 96 60 9
32 96 60 23 94 67 7
23 94 67 41 101 70 7
41 101 70 86 91 67 10
86 91 67 71 89 67 2
71 89 67 51 83 78 12
51 83 78 10 71 80 12
10 71 80 49 88 82 17
49 88 82 106 91 85 4
106 91 85 61 102 85 11
61 102 85 68 104 96 11
68 104 96 6 111 103 9
6 111 103 90 95 105 16
90 95 105 15 84 101 11
15 84 101 81 80 100 4
81 80 100 56 73 98 7
56 73 98 2 70 105 7
2 70 105 100 69 109 4
100 69 109 22 59 109 10
22 59 109 3 57 111 2
3 57 111 93 79 108 22
93 79 108 75 99 110 20
75 99 110 99 91 52 58
99 91 52 67 91 48 4
67 91 48 45 105 59 17
45 105 59 34 109 54 6
34 109 54 39 112 48 6
39 112 48 47 105 16 32
47 105 16 9 110 10 7
9 110 10 82 108 8 2
82 108 8 110 86 1 23
110 86 1 92 71 0 15
92 71 0 95 12 69 90
95 12 69 65 13 80 11
65 13 80 52 23 86 11
52 23 86 69 24 84 2
69 24 84 91 28 103 19
91 28 103 12 37 109 10
12 37 109 62 24 104 13
62 24 104 14 11 108 13
14 11 108 64 3 91 18
64 3 91 37 8 30 61
37 8 30 13 11 3 27
13 11 3 89 6 0 5
89 6 0 66 3 2 3
66 3 2 54 0 10 8
54 0 10 1 15 11 15
