1 47 34 65 47 41 7
65 47 41 3 51 42 4
3 51 42 11 51 56 14
11 51 56 79 56 67 12
79 56 67 84 61 77 11
84 61 77 25 54 79 7
25 54 79 14 56 83 4
14 56 83 105 52 85 4
105 52 85 64 49 89 5
64 49 89 12 43 89 6
12 43 89 40 37 88 6
40 37 88 45 33 76 12
45 33 76 63 32 68 8
63 32 68 121 26 80 13
121 26 80 119 25 83 3
119 25 83 22 12 82 13
22 12 82 93 2 78 10
93 2 78 83 6 67 11
83 6 67 102 30 95 36
102 30 95 27 25 105 11
27 25 105 33 36 109 11
33 36 109 44 40 112 5
44 40 112 36 41 115 3
36 41 115 86 40 117 2
86 40 117 47 33 123 9
47 33 123 68 30 119 5
68 30 119 91 47 118 17
91 47 118 114 48 115 3
114 48 115 109 23 104 27
109 23 104 52 19 105 4
52 19 105 116 15 108 5
116 15 108 41 13 103 5
41 13 103 29 12 103 1
29 12 103 76 7 99 6
76 7 99 107 9 105 6
107 9 105 13 6 108 4
13 6 108 7 4 122 14
7 4 122 106 58 89 63
106 58 89 66 56 99 10
66 56 99 98 69 106 14
98 69 106 82 74 104 5
82 74 104 110 76 103 2
110 76 103 53 83 116 14
53 83 116 50 87 112 5
50 87 112 97 66 75 42
97 66 75 96 39 40 44
96 39 40 81 38 46 6
81 38 46 26 28 49 10
26 28 49 28 28 49 0
28 28 49 23 33 36 13
23 33 36 4 26 27 11
4 26 27 123 28 22 5
123 28 22 101 28 14 8
101 28 14 43 21 15 7
43 21 15 120 17 12 5
120 17 12 59 10 7 8
59 10 7 72 4 12 7
72 4 12 88 0 19 8
88 0 19 38 1 23 4
38 1 23 74 0 38 15
74 0 38 17 5 52 14
17 5 52 61 11 49 6
61 11 49 48 25 4 47
48 25 4 115 18 0 8
115 18 0 0 39 12 24
0 39 12 67 42 0 12
67 42 0 46 42 0 0
46 42 0 92 51 1 9
92 51 1 54 13 28 46
54 13 28 5 51 33 38
5 51 33 90 63 37 12
90 63 37 80 70 30 9
80 70 30 78 71 29 1
78 71 29 8 70 28 1
8 70 28 31 66 26 4
31 66 26 71 72 22 7
71 72 22 30 78 16 8
30 78 16 89 75 13 4
89 75 13 55 72 11 3
55 72 11 35 74 5 6
35 74 5 42 84 6 10
42 84 6 69 89 0 7
69 89 0 113 104 4 15
113 104 4 20 100 12 8
20 100 12 118 99 14 2
118 99 14 16 100 15 1
16 100 15 94 100 18 3
94 100 18 103 114 19 14
103 114 19 21 116 12 7
21 116 12 58 117 20 8
58 117 20 57 121 18 4
57 121 18 85 120 24 6
85 120 24 70 62 13 59
70 62 13 10 63 6 7
10 63 6 99 77 31 28
99 77 31 2 82 33 5
2 82 33 32 89 37 8
32 89 37 87 99 47 14
87 99 47 37 92 52 8
37 92 52 77 91 60 8
77 91 60 49 89 74 14
49 89 74 19 90 77 3
19 90 77 100 95 75 5
100 95 75 51 104 66 12
51 104 66 24 114 66 10
24 114 66 104 115 74 8
104 115 74 75 108 78 8
75 108 78 122 121 61 21
122 121 61 108 112 53 12
108 112 53 117 114 43 10
117 114 43 95 119 40 5
95 119 40 62 122 41 3
62 122 41 111 97 84 49
111 97 84 9 93 88 5
9 93 88 39 108 90 15
39 108 90 15 115 90 7
15 115 90 112 117 95 5
112 117 95 73 123 110 16
73 123 110 60 123 114 4
60 123 114 34 106 95 25
34 106 95 18 103 106 11
18 103 106 6 103 119 13
6 103 119 56 86 26 94
56 86 26 1 47 34 39
