44 55 16 1 51 21 6
1 51 21 66 49 30 9
66 49 30 55 51 40 10
55 51 40 2 62 43 11
2 62 43 71 50 44 12
71 50 44 79 54 57 13
79 54 57 64 45 68 14
64 45 68 46 37 63 9
46 37 63 32 34 62 3
32 34 62 47 35 60 2
47 35 60 19 34 58 2
19 34 58 30 31 55 4
30 31 55 91 26 52 5
91 26 52 25 12 50 14
25 12 50 78 8 47 5
78 8 47 62 14 32 16
62 14 32 99 21 21 13
99 21 21 130 24 12 9
130 24 12 34 19 6 7
34 19 6 93 20 4 2
93 20 4 50 25 4 5
50 25 4 118 16 3 9
118 16 3 131 17 7 4
131 17 7 84 9 14 10
84 9 14 94 5 4 10
94 5 4 128 3 1 3
128 3 1 119 0 60 59
119 0 60 29 26 49 28
29 26 49 56 29 68 19
56 29 68 4 24 64 6
4 24 64 114 30 79 16
114 30 79 21 25 85 7
21 25 85 38 24 90 5
38 24 90 106 19 95 7
106 19 95 10 17 93 2
10 17 93 85 16 93 1
85 16 93 39 14 92 2
39 14 92 18 5 88 9
18 5 88 111 2 90 3
111 2 90 115 7 82 9
115 7 82 61 22 98 21
61 22 98 87 24 99 2
87 24 99 116 11 106 14
116 11 106 127 10 107 1
127 10 107 31 3 122 16
31 3 122 51 17 128 15
51 17 128 126 2 106 26
126 2 106 124 34 88 36
124 34 88 16 33 94 6
16 33 94 120 37 87 8
120 37 87 11 39 92 5
11 39 92 27 47 96 8
27 47 96 13 51 100 5
13 51 100 7 45 113 14
7 45 113 70 40 119 7
70 40 119 129 36 119 4
129 36 119 6 36 112 7
6 36 112 75 51 116 15
75 51 116 48 47 120 5
48 47 120 76 47 87 33
76 47 87 41 53 88 6
41 53 88 109 61 87 8
109 61 87 3 69 87 8
3 69 87 103 73 90 5
103 73 90 88 64 99 12
88 64 99 59 52 73 28
59 52 73 125 57 75 5
125 57 75 82 65 70 9
82 65 70 77 43 16 58
77 43 16 54 54 6 14
54 54 6 108 55 3 3
108 55 3 23 62 4 7
23 62 4 123 74 5 12
123 74 5 24 73 18 13
24 73 18 122 78 0 18
122 78 0 63 85 7 9
63 85 7 20 91 13 8
20 91 13 8 88 18 5
8 88 18 49 95 8 12
49 95 8 80 104 11 9
80 104 11 28 108 12 4
28 108 12 104 115 12 7
104 115 12 36 119 16 5
36 119 16 69 118 22 6
69 118 22 45 113 19 5
45 113 19 117 116 33 14
117 116 33 102 126 33 10
102 126 33 89 114 43 15
89 114 43 33 116 50 7
33 116 50 121 107 58 12
121 107 58 15 103 56 4
15 103 56 86 96 40 17
86 96 40 12 86 38 10
12 86 38 100 106 63 32
100 106 63 42 113 64 7
42 113 64 37 122 62 9
37 122 62 73 124 60 2
73 124 60 101 98 73 29
101 98 73 26 90 72 8
26 90 72 105 89 80 8
105 89 80 68 89 81 1
68 89 81 90 85 79 4
90 85 79 107 83 57 22
107 83 57 60 104 79 30
60 104 79 92 99 88 10
92 99 88 81 105 97 10
81 105 97 40 115 94 10
40 115 94 112 128 91 13
112 128 91 17 128 84 7
17 128 84 65 124 82 4
65 124 82 74 130 98 17
74 130 98 5 90 101 40
5 90 101 0 84 107 8
0 84 107 9 92 112 9
9 92 112 14 92 125 13
14 92 125 35 82 126 10
35 82 126 43 74 122 8
43 74 122 22 68 118 7
22 68 118 58 95 125 27
58 95 125 72 98 127 3
72 98 127 95 109 118 14
95 109 118 52 115 130 13
52 115 130 53 125 124 11
53 125 124 110 117 5 119
110 117 5 67 119 5 2
67 119 5 97 124 6 5
97 124 6 83 130 9 6
83 130 9 98 131 15 6
98 131 15 96 114 2 21
96 114 2 113 49 1 65
113 49 1 57 62 25 27
57 62 25 44 55 16 11
