15 10 18 1 10 19 1
1 10 19 9 11 21 2
9 11 21 4 2 18 9
4 2 18 19 12 17 10
19 12 17 0 13 18 1
0 13 18 24 15 21 3
24 15 21 16 14 22 1
16 14 22 21 12 26 4
21 12 26 28 11 29 3
28 11 29 25 16 32 5
25 16 32 29 5 29 11
29 5 29 7 4 29 1
7 4 29 22 2 30 2
22 2 30 23 13 13 20
23 13 13 5 10 8 5
5 10 8 2 4 7 6
2 4 7 18 4 8 1
18 4 8 30 15 12 11
30 15 12 10 18 8 5
10 18 8 14 20 5 3
14 20 5 32 21 11 6
32 21 11 3 24 15 5
3 24 15 13 22 19 4
13 22 19 8 22 22 3
8 22 22 20 29 12 12
20 29 12 12 26 9 4
12 26 9 17 30 13 5
17 30 13 31 32 19 6
31 32 19 11 31 24 5
11 31 24 27 28 30 6
27 28 30 26 31 19 11
26 31 19 6 28 20 3
6 28 20 15 10 18 18
