1 115 111 34 109 110 6
34 109 110 26 102 107 7
26 102 107 32 94 111 8
32 94 111 89 91 106 5
89 91 106 14 84 109 7
14 84 109 2 83 102 7
2 83 102 20 88 95 8
20 88 95 0 83 88 8
0 83 88 29 75 88 8
29 75 88 63 74 82 6
63 74 82 101 73 95 13
101 73 95 40 85 76 22
40 85 76 43 82 64 12
43 82 64 92 75 66 7
92 75 66 107 66 70 9
107 66 70 33 60 75 7
33 60 75 53 59 72 3
53 59 72 90 55 66 7
90 55 66 42 49 73 9
42 49 73 75 40 68 10
75 40 68 56 38 62 6
56 38 62 93 34 61 4
93 34 61 7 30 63 4
7 30 63 16 18 64 12
16 18 64 18 14 53 11
18 14 53 17 8 48 7
17 8 48 36 10 44 4
36 10 44 82 18 35 12
82 18 35 21 26 30 9
21 26 30 98 27 28 2
98 27 28 72 35 22 10
72 35 22 28 40 8 14
28 40 8 22 45 11 5
22 45 11 88 33 6 13
88 33 6 113 38 29 23
113 38 29 37 45 36 9
37 45 36 106 46 27 9
106 46 27 25 15 29 31
25 15 29 94 8 20 11
94 8 20 112 0 19 8
112 0 19 114 20 18 20
114 20 18 48 15 7 12
48 15 7 35 12 7 3
35 12 7 96 8 5 4
96 8 5 85 9 0 5
85 9 0 95 5 49 49
95 5 49 117 29 59 26
117 29 59 86 53 59 24
86 53 59 9 64 53 12
9 64 53 58 66 52 2
58 66 52 73 58 41 13
73 58 41 49 45 54 18
49 45 54 69 61 85 34
69 61 85 55 55 94 10
55 55 94 62 50 96 5
62 50 96 84 43 96 7
84 43 96 118 37 93 6
118 37 93 8 34 103 10
8 34 103 71 24 97 11
71 24 97 111 20 88 9
111 20 88 74 21 87 1
74 21 87 70 22 84 3
70 22 84 19 24 78 6
19 24 78 5 25 77 1
5 25 77 64 20 83 7
64 20 83 51 15 76 8
51 15 76 65 3 66 15
65 3 66 68 5 84 18
68 5 84 108 25 110 32
108 25 110 83 15 113 10
83 15 113 109 29 114 14
109 29 114 44 38 82 33
44 38 82 91 94 71 57
91 94 71 31 96 97 26
31 96 97 23 102 96 6
23 102 96 105 99 88 8
105 99 88 13 110 84 11
13 110 84 3 113 81 4
3 113 81 11 109 73 8
11 109 73 76 110 70 3
76 110 70 66 107 58 12
66 107 58 4 109 55 3
4 109 55 54 102 49 9
54 102 49 110 92 53 10
110 92 53 27 90 48 5
27 90 48 50 96 39 10
50 96 39 97 91 32 8
97 91 32 57 99 27 9
57 99 27 115 101 26 2
115 101 26 99 101 20 6
99 101 20 103 107 14 8
103 107 14 39 110 21 7
39 110 21 102 104 11 11
102 104 11 12 99 5 7
12 99 5 24 100 3 2
24 100 3 59 102 1 2
59 102 1 100 106 1 4
100 106 1 80 89 3 17
80 89 3 38 90 12 9
38 90 12 52 90 20 8
52 90 20 87 79 26 12
87 79 26 61 76 28 3
61 76 28 79 69 18 12
79 69 18 10 63 23 7
10 63 23 15 69 6 18
15 69 6 30 65 6 4
30 65 6 41 68 2 5
41 68 2 81 75 4 7
81 75 4 6 75 0 4
6 75 0 78 106 10 32
78 106 10 67 112 54 44
67 112 54 77 118 40 15
77 118 40 47 118 82 42
47 118 82 104 74 109 51
104 74 109 46 58 112 16
46 58 112 45 50 113 8
45 50 113 60 58 117 8
60 58 117 116 117 107 59
116 117 107 1 115 111 4
