1 10 36 34 7 31 5
34 7 31 31 6 33 2
31 6 33 11 8 27 6
11 8 27 10 8 23 4
10 8 23 23 10 17 6
23 10 17 24 10 11 6
24 10 11 16 12 6 5
16 12 6 19 14 4 2
19 14 4 18 21 1 7
18 21 1 15 21 1 0
15 21 1 26 11 4 10
26 11 4 25 4 0 8
25 4 0 21 16 13 17
21 16 13 36 19 18 5
36 19 18 28 24 12 7
28 24 12 29 29 10 5
29 29 10 9 28 9 1
9 28 9 6 29 5 4
6 29 5 33 30 0 5
33 30 0 32 32 8 8
32 32 8 14 35 7 3
14 35 7 3 38 4 4
3 38 4 4 39 4 1
4 39 4 7 36 1 4
7 36 1 27 18 25 30
27 18 25 35 22 29 5
35 22 29 8 28 31 6
8 28 31 0 25 39 8
0 25 39 17 20 39 5
17 20 39 20 33 33 14
20 33 33 30 35 33 2
30 35 33 37 34 35 2
37 34 35 38 35 36 1
38 35 36 22 29 26 11
22 29 26 12 28 20 6
12 28 20 2 32 17 5
2 32 17 5 38 18 6
5 38 18 13 1 22 37
13 1 22 39 0 14 8
39 0 14 1 10 36 24
