1 41 34 19 36 33 5
19 36 33 6 38 38 5
6 38 38 37 33 32 7
37 33 32 20 33 30 2
20 33 30 31 33 27 3
31 33 27 3 37 25 4
3 37 25 38 42 26 5
38 42 26 4 46 29 5
4 46 29 13 32 23 15
13 32 23 33 30 35 12
33 30 35 40 26 39 5
40 26 39 11 20 44 7
11 20 44 17 26 38 8
17 26 38 30 25 33 5
30 25 33 25 22 28 5
25 22 28 26 21 24 4
26 21 24 44 21 20 4
44 21 20 16 16 20 5
16 16 20 9 10 25 7
9 10 25 39 7 25 3
39 7 25 28 5 26 2
28 5 26 23 1 27 4
23 1 27 34 0 28 1
34 0 28 7 2 32 4
7 2 32 2 8 34 6
2 8 34 12 8 41 7
12 8 41 46 1 46 8
46 1 46 18 10 17 30
18 10 17 29 4 10 9
29 4 10 10 2 10 2
10 2 10 35 0 13 3
35 0 13 43 0 9 4
43 0 9 21 2 6 3
21 2 6 14 4 1 5
14 4 1 22 7 1 3
22 7 1 32 5 6 5
32 5 6 42 22 15 19
42 22 15 27 30 12 8
27 30 12 5 32 11 2
5 32 11 24 30 9 2
24 30 9 36 20 2 12
36 20 2 45 35 13 18
45 35 13 15 43 9 8
15 43 9 41 41 7 2
41 41 7 0 29 43 37
0 29 43 8 31 45 2
8 31 45 1 41 34 14
