20 39 53 1 28 50 11
1 28 50 55 38 64 17
55 38 64 32 30 64 8
32 30 64 24 56 69 26
24 56 69 12 53 78 9
12 53 78 52 38 84 16
52 38 84 3 39 84 1
3 39 84 70 39 87 3
70 39 87 36 38 92 5
36 38 92 98 50 79 17
98 50 79 0 93 80 43
0 93 80 37 84 91 14
37 84 91 21 86 87 4
21 86 87 28 85 104 17
28 85 104 40 86 96 8
40 86 96 93 78 96 8
93 78 96 50 90 59 38
50 90 59 5 78 41 21
5 78 41 49 84 29 13
49 84 29 13 73 30 11
13 73 30 101 84 34 11
101 84 34 23 102 45 21
23 102 45 44 90 42 12
44 90 42 89 88 43 2
89 88 43 78 89 4 39
78 89 4 30 86 6 3
30 86 6 29 79 4 7
29 79 4 92 78 4 1
92 78 4 97 77 1 3
97 77 1 88 93 10 18
88 93 10 61 92 19 9
61 92 19 91 89 69 50
91 89 69 99 96 68 7
99 96 68 81 87 83 17
81 87 83 104 94 90 9
104 94 90 58 57 57 49
58 57 57 11 52 62 7
11 52 62 31 45 59 7
31 45 59 15 46 61 2
15 46 61 77 46 53 8
77 46 53 47 64 46 19
47 64 46 66 63 47 1
66 63 47 80 53 47 10
80 53 47 53 53 44 3
53 53 44 69 57 46 4
69 57 46 74 60 86 40
74 60 86 4 73 81 13
4 73 81 95 67 81 6
95 67 81 35 46 101 29
35 46 101 19 46 98 3
19 46 98 27 38 101 8
27 38 101 84 31 96 8
84 31 96 2 25 95 6
2 25 95 103 63 99 38
103 63 99 100 62 95 4
100 62 95 87 33 12 87
87 33 12 25 34 32 20
25 34 32 34 38 35 5
34 38 35 48 42 31 5
48 42 31 18 47 32 5
18 47 32 6 50 33 3
6 50 33 43 27 38 23
43 27 38 76 26 36 2
76 26 36 94 31 26 11
94 31 26 41 25 5 21
41 25 5 102 7 2 18
102 7 2 54 4 0 3
54 4 0 56 12 8 11
56 12 8 51 11 7 1
51 11 7 60 3 8 8
60 3 8 83 6 3 5
83 6 3 45 30 14 26
45 30 14 63 26 12 4
63 26 12 71 22 21 9
71 22 21 9 24 25 4
9 24 25 73 21 22 4
73 21 22 96 17 24 4
96 17 24 79 17 13 11
79 17 13 26 20 14 3
26 20 14 62 9 16 11
62 9 16 85 42 9 33
85 42 9 7 37 3 7
7 37 3 86 36 4 1
86 36 4 8 43 14 12
8 43 14 38 64 17 21
38 64 17 42 54 20 10
42 54 20 17 58 28 8
17 58 28 68 67 14 16
68 67 14 90 1 66 84
90 1 66 14 19 65 18
14 19 65 22 22 78 13
22 22 78 16 27 84 7
16 27 84 57 14 77 14
57 14 77 59 20 78 6
59 20 78 64 22 69 9
64 22 69 33 7 101 35
33 7 101 10 6 93 8
10 6 93 46 11 101 9
46 11 101 65 16 99 5
65 16 99 82 1 35 65
82 1 35 39 8 43 10
39 8 43 67 2 26 18
67 2 26 75 9 27 7
75 9 27 72 45 66 53
72 45 66 20 39 53 14
