16 84 26 1 77 25 7
1 77 25 62 96 25 19
62 96 25 0 81 56 34
0 81 56 17 83 56 2
17 83 56 43 84 53 3
43 84 53 23 87 62 9
23 87 62 18 88 72 10
18 88 72 50 83 73 5
50 83 73 61 88 76 5
61 88 76 74 84 82 7
74 84 82 55 91 84 7
55 91 84 72 80 85 11
72 80 85 68 97 70 22
68 97 70 8 98 67 3
8 98 67 86 86 92 27
86 86 92 79 84 92 2
79 84 92 26 64 73 27
26 64 73 53 62 72 2
53 62 72 87 55 71 7
87 55 71 76 51 77 7
76 51 77 69 59 97 21
69 59 97 44 55 90 8
44 55 90 84 31 96 24
84 31 96 39 11 87 21
39 11 87 21 12 86 1
21 12 86 52 19 85 7
52 19 85 37 22 87 3
37 22 87 65 23 88 1
65 23 88 49 20 86 3
49 20 86 75 32 92 13
75 32 92 3 27 90 5
3 27 90 95 45 98 19
95 45 98 33 49 97 4
33 49 97 56 96 46 69
56 96 46 70 75 67 29
70 75 67 12 76 69 2
12 76 69 36 78 68 2
36 78 68 20 82 69 4
20 82 69 90 22 20 77
90 22 20 2 32 21 10
2 32 21 60 37 27 7
60 37 27 31 38 10 17
31 38 10 6 49 21 15
6 49 21 40 41 1 21
40 41 1 96 45 0 4
96 45 0 41 43 7 7
41 43 7 10 49 8 6
10 49 8 47 37 12 12
47 37 12 85 31 3 10
85 31 3 51 33 0 3
51 33 0 42 1 29 43
42 1 29 22 2 22 7
22 2 22 46 28 37 30
46 28 37 13 20 67 31
13 20 67 11 35 69 15
11 35 69 29 39 67 4
29 39 67 15 42 61 6
15 42 61 32 18 69 25
32 18 69 7 4 66 14
7 4 66 89 14 71 11
89 14 71 92 22 73 8
92 22 73 38 26 78 6
38 26 78 57 19 68 12
57 19 68 14 14 43 25
14 14 43 19 24 42 10
19 24 42 28 31 34 10
28 31 34 9 29 29 5
9 29 29 81 34 36 8
81 34 36 73 40 48 13
73 40 48 94 39 42 6
94 39 42 71 10 19 37
71 10 19 98 18 9 12
98 18 9 97 66 45 60
97 66 45 27 69 29 16
27 69 29 4 73 18 11
4 73 18 58 75 19 2
58 75 19 77 77 19 2
77 77 19 88 72 12 8
88 72 12 30 71 11 1
30 71 11 35 70 15 4
35 70 15 5 64 28 14
5 64 28 63 62 18 10
63 62 18 93 61 13 5
93 61 13 78 56 27 14
78 56 27 24 59 24 4
24 59 24 34 65 42 18
34 65 42 59 56 39 9
59 56 39 45 57 37 2
45 57 37 64 72 51 20
64 72 51 66 75 45 6
66 75 45 91 57 57 21
91 57 57 25 51 49 10
25 51 49 48 49 44 5
48 49 44 80 80 4 50
80 80 4 54 92 4 12
54 92 4 67 91 2 2
67 91 2 82 98 6 8
82 98 6 83 78 2 20
83 78 2 16 84 26 24
