11 9 54 1 5 56 4
1 5 56 15 15 56 10
15 15 56 51 32 56 17
51 32 56 47 48 57 16
47 48 57 39 54 55 6
39 54 55 8 51 51 5
8 51 51 9 47 51 4
9 47 51 28 53 56 7
28 53 56 0 57 57 4
0 57 57 3 36 6 55
3 36 6 14 37 23 17
14 37 23 7 45 27 8
7 45 27 50 47 21 6
50 47 21 16 38 32 14
16 38 32 22 34 44 12
22 34 44 36 26 44 8
36 26 44 18 29 45 3
18 29 45 40 22 42 7
40 22 42 41 35 28 19
41 35 28 2 32 28 3
2 32 28 12 30 32 4
12 30 32 43 40 18 17
43 40 18 53 36 15 5
53 36 15 48 6 27 32
48 6 27 4 2 33 7
4 2 33 17 8 43 11
17 8 43 13 16 26 18
13 16 26 35 17 27 1
35 17 27 21 3 13 19
21 3 13 31 7 12 4
31 7 12 29 2 25 13
29 2 25 23 1 26 1
23 1 26 57 19 36 20
57 19 36 33 17 45 9
33 17 45 54 14 35 10
54 14 35 20 43 0 45
20 43 0 26 33 1 10
26 33 1 42 44 10 14
42 44 10 52 32 8 12
52 32 8 44 18 7 14
44 18 7 38 18 12 5
38 18 12 30 20 17 5
30 20 17 45 10 5 15
45 10 5 24 0 0 11
24 0 0 6 3 5 5
6 3 5 19 2 0 5
19 2 0 37 6 1 4
37 6 1 5 5 1 1
5 5 1 55 31 9 27
55 31 9 49 53 40 38
49 53 40 27 57 32 8
27 57 32 32 54 28 5
32 54 28 10 57 27 3
10 57 27 46 47 42 18
46 47 42 56 39 53 13
56 39 53 25 16 54 23
25 16 54 34 14 51 3
34 14 51 11 9 54 5
