1 0 3 19 0 3 0
19 0 3 9 0 5 2
9 0 5 28 5 1 6
28 5 1 2 5 1 0
2 5 1 15 8 2 3
15 8 2 23 11 0 3
23 11 0 0 21 14 17
0 21 14 3 30 16 9
3 30 16 7 32 8 8
7 32 8 13 30 8 2
13 30 8 22 26 21 13
22 26 21 25 28 21 2
25 28 21 33 27 21 1
33 27 21 32 31 17 5
32 31 17 31 31 18 1
31 31 18 4 22 7 14
4 22 7 11 18 5 4
11 18 5 21 19 4 1
21 19 4 18 12 10 9
18 12 10 26 12 21 11
26 12 21 10 9 22 3
10 9 22 24 7 27 5
24 7 27 27 5 19 8
27 5 19 5 2 24 5
5 2 24 14 6 17 8
14 6 17 29 5 33 16
29 5 33 17 2 29 5
17 2 29 20 3 32 3
20 3 32 30 17 30 14
30 17 30 6 20 31 3
6 20 31 8 27 31 7
8 27 31 12 18 26 10
12 18 26 16 13 27 5
16 13 27 1 0 3 27
