1 31 40 15 28 33 7
15 28 33 24 25 27 6
24 25 27 3 12 36 15
3 12 36 17 3 33 9
17 3 33 13 3 40 7
13 3 40 21 16 38 13
21 16 38 19 18 35 3
19 18 35 26 21 44 9
26 21 44 41 10 39 12
41 10 39 36 9 44 5
36 9 44 27 37 30 31
27 37 30 4 38 27 3
4 38 27 20 39 24 3
20 39 24 34 40 29 5
34 40 29 37 40 27 2
37 40 27 38 39 14 13
38 39 14 12 35 4 10
12 35 4 22 36 0 4
22 36 0 11 44 31 32
11 44 31 29 40 44 13
29 40 44 0 5 6 51
0 5 6 9 11 10 7
9 11 10 16 20 14 9
16 20 14 6 21 18 4
6 21 18 30 19 13 5
30 19 13 18 13 18 7
18 13 18 28 10 9 9
28 10 9 43 3 19 12
43 3 19 40 7 24 6
40 7 24 5 11 23 4
5 11 23 44 18 7 17
44 18 7 7 22 7 4
7 22 7 10 8 2 14
10 8 2 14 3 1 5
14 3 1 31 8 8 8
31 8 8 35 35 31 35
35 35 31 25 30 25 7
25 30 25 23 31 23 2
23 31 23 2 31 19 4
2 31 19 33 21 32 16
33 21 32 8 23 36 4
8 23 36 32 31 35 8
32 31 35 39 29 36 2
39 29 36 42 31 41 5
42 31 41 1 31 40 1
