90 65 10 1 63 8 2
1 63 8 127 59 5 5
127 59 5 50 70 0 12
50 70 0 4 74 0 4
4 74 0 51 48 26 36
51 48 26 68 40 38 14
68 40 38 10 39 37 1
10 39 37 22 131 28 92
22 131 28 42 117 44 21
42 117 44 7 106 53 14
7 106 53 122 101 55 5
122 101 55 70 122 57 21
70 122 57 35 116 58 6
35 116 58 75 113 52 6
75 113 52 97 109 37 15
97 109 37 56 112 74 37
56 112 74 18 113 80 6
18 113 80 77 113 84 4
77 113 84 39 105 68 17
39 105 68 113 104 81 13
113 104 81 32 97 98 18
32 97 98 94 99 79 19
94 99 79 120 132 70 34
120 132 70 102 138 63 9
102 138 63 116 128 68 11
116 128 68 123 119 86 20
123 119 86 104 115 89 5
104 115 89 133 132 110 27
133 132 110 6 128 137 27
6 128 137 105 127 130 7
105 127 130 46 138 92 39
46 138 92 40 131 96 8
40 131 96 63 130 121 25
63 130 121 41 126 125 5
41 126 125 88 118 102 24
88 118 102 25 115 106 5
25 115 106 99 109 108 6
99 109 108 93 138 111 29
93 138 111 78 129 38 73
78 129 38 135 125 39 4
135 125 39 110 124 28 11
110 124 28 19 124 33 5
19 124 33 47 122 36 3
47 122 36 64 126 30 7
64 126 30 137 120 26 7
137 120 26 111 130 14 15
111 130 14 15 125 12 5
15 125 12 33 135 12 10
33 135 12 81 133 13 2
81 133 13 107 132 9 4
107 132 9 114 107 15 25
114 107 15 118 99 23 11
118 99 23 55 92 12 13
55 92 12 73 88 0 12
73 88 0 92 81 15 16
92 81 15 49 84 17 3
49 84 17 109 92 15 8
109 92 15 84 92 27 12
84 92 27 76 87 22 7
76 87 22 29 32 40 57
29 32 40 45 63 49 32
45 63 49 21 57 43 8
21 57 43 24 86 57 32
24 86 57 27 88 44 13
27 88 44 67 84 66 22
67 84 66 79 89 58 9
79 89 58 85 94 62 6
85 94 62 53 60 61 34
53 60 61 48 68 62 8
48 68 62 131 74 66 7
131 74 66 74 56 66 18
74 56 66 34 53 64 3
34 53 64 0 16 71 37
0 16 71 20 16 130 59
20 16 130 9 13 108 22
9 13 108 129 22 113 10
129 22 113 31 19 114 3
31 19 114 59 7 131 20
59 7 131 83 18 124 13
83 18 124 96 22 134 10
96 22 134 16 34 125 15
16 34 125 2 37 131 6
2 37 131 26 48 124 13
26 48 124 98 50 122 2
98 50 122 52 34 130 17
52 34 130 30 33 61 69
30 33 61 44 34 62 1
44 34 62 128 36 66 4
128 36 66 87 51 73 16
87 51 73 3 48 74 3
3 48 74 108 60 74 12
108 60 74 36 71 75 11
36 71 75 117 73 79 4
117 73 79 58 78 91 13
58 78 91 14 80 96 5
14 80 96 17 84 91 6
17 84 91 103 65 90 19
103 65 90 126 50 70 25
126 50 70 112 40 60 14
112 40 60 119 45 53 8
119 45 53 132 26 62 21
132 26 62 125 22 64 4
125 22 64 43 40 95 35
43 40 95 12 45 93 5
12 45 93 91 52 103 12
91 52 103 121 71 123 27
121 71 123 11 61 136 16
11 61 136 69 68 136 7
69 68 136 72 67 133 3
72 67 133 13 72 126 8
13 72 126 115 90 121 18
115 90 121 80 75 133 19
80 75 133 61 50 90 49
61 50 90 23 51 91 1
23 51 91 65 32 95 19
65 32 95 106 31 108 13
106 31 108 134 39 99 12
134 39 99 28 44 102 5
28 44 102 5 42 108 6
5 42 108 54 14 57 58
54 14 57 57 16 77 20
57 16 77 62 16 91 14
62 16 91 89 22 95 7
89 22 95 136 19 99 5
136 19 99 71 23 69 30
71 23 69 138 25 76 7
138 25 76 100 27 76 2
100 27 76 101 13 19 58
101 13 19 8 10 34 15
8 10 34 60 0 16 20
60 0 16 95 19 19 19
95 19 19 66 23 12 8
66 23 12 130 32 26 16
130 32 26 37 34 23 3
37 34 23 82 52 28 18
82 52 28 124 48 15 13
124 48 15 38 36 9 13
38 36 9 86 29 7 7
86 29 7 90 65 10 36
