83 16 61 1 20 62 4
1 20 62 68 26 69 9
68 26 69 117 28 71 2
117 28 71 49 5 48 32
49 5 48 76 26 54 21
76 26 54 78 30 50 5
78 30 50 34 45 68 23
34 45 68 64 57 56 16
64 57 56 27 68 54 11
27 68 54 54 71 60 6
54 71 60 65 74 49 11
65 74 49 0 96 99 54
0 96 99 38 58 122 44
38 58 122 12 53 124 5
12 53 124 46 29 133 25
46 29 133 35 21 135 8
35 21 135 6 4 147 20
6 4 147 45 42 143 38
45 42 143 132 8 126 38
132 8 126 97 18 118 12
97 18 118 70 15 115 4
70 15 115 109 3 113 12
109 3 113 47 59 120 56
47 59 120 33 57 112 8
33 57 112 136 52 110 5
136 52 110 114 66 119 16
114 66 119 141 51 102 22
141 51 102 48 59 140 38
48 59 140 40 73 144 14
40 73 144 72 57 137 17
72 57 137 30 54 138 3
30 54 138 71 58 135 5
71 58 135 144 62 132 5
144 62 132 88 59 124 8
88 59 124 56 124 14 127
56 124 14 32 121 7 7
32 121 7 121 115 7 6
121 115 7 58 113 12 5
58 113 12 130 103 6 11
130 103 6 25 103 6 0
25 103 6 60 92 13 13
60 92 13 7 94 11 2
7 94 11 143 73 12 21
143 73 12 53 74 9 3
53 74 9 125 77 18 9
125 77 18 100 104 0 32
100 104 0 43 117 19 23
43 117 19 98 134 14 17
98 134 14 50 131 15 3
50 131 15 22 133 18 3
22 133 18 122 140 4 15
122 140 4 63 140 2 2
63 140 2 80 136 0 4
80 136 0 102 128 32 32
102 128 32 16 131 37 5
16 131 37 42 140 32 10
42 140 32 3 138 38 6
3 138 38 91 115 33 23
91 115 33 86 105 36 10
86 105 36 103 120 41 15
103 120 41 145 131 45 11
145 131 45 52 141 46 10
52 141 46 147 120 51 21
147 120 51 69 105 109 59
69 105 109 9 116 118 14
9 116 118 135 125 124 10
135 125 124 55 109 103 26
55 109 103 101 101 107 8
101 101 107 81 87 113 15
81 87 113 57 81 128 16
57 81 128 67 96 129 15
67 96 129 61 99 137 8
61 99 137 94 72 133 27
94 72 133 87 143 129 71
87 143 129 8 137 137 10
8 137 137 113 136 144 7
113 136 144 95 145 102 42
95 145 102 111 145 113 11
111 145 113 126 148 99 14
126 148 99 133 127 137 43
133 127 137 24 111 135 16
24 111 135 26 128 134 17
26 128 134 79 127 141 7
79 127 141 137 128 148 7
137 128 148 93 83 87 75
93 83 87 108 90 77 12
108 90 77 112 95 76 5
112 95 76 106 90 99 23
106 90 99 21 92 94 5
21 92 94 29 85 101 9
29 85 101 119 117 90 33
119 117 90 41 105 85 13
41 105 85 116 130 65 32
116 130 65 15 145 67 15
15 145 67 10 142 78 11
10 142 78 17 140 77 2
17 140 77 73 143 67 10
73 143 67 96 113 63 30
96 113 63 13 110 70 7
13 110 70 19 112 64 6
19 112 64 148 123 70 12
148 123 70 4 129 74 7
4 129 74 128 132 92 18
128 132 92 18 130 106 14
18 130 106 66 133 111 5
66 133 111 138 128 108 5
138 128 108 146 131 85 23
146 131 85 129 120 90 12
129 120 90 134 97 103 26
134 97 103 84 49 49 72
84 49 49 115 54 48 5
115 54 48 74 60 42 8
74 60 42 11 71 35 13
11 71 35 90 82 60 27
90 82 60 20 70 67 13
20 70 67 23 96 51 30
23 96 51 44 103 51 7
44 103 51 5 105 55 4
5 105 55 62 95 60 11
62 95 60 75 100 43 17
75 100 43 37 104 41 4
37 104 41 77 92 51 15
77 92 51 89 85 54 7
89 85 54 118 50 32 41
118 50 32 82 52 31 2
82 52 31 127 53 61 30
127 53 61 139 20 13 58
139 20 13 2 12 5 11
2 12 5 14 38 15 27
14 38 15 131 52 10 14
131 52 10 110 62 4 11
110 62 4 31 12 29 55
31 12 29 39 19 17 13
39 19 17 124 26 25 10
124 26 25 142 29 25 3
142 29 25 36 39 60 36
36 39 60 59 33 61 6
59 33 61 28 32 56 5
28 32 56 104 30 58 2
104 30 58 140 43 55 13
140 43 55 105 52 70 17
105 52 70 120 45 85 16
120 45 85 107 54 86 9
107 54 86 123 26 85 28
123 26 85 92 21 78 8
92 21 78 99 9 84 13
99 9 84 85 2 66 19
85 2 66 51 8 70 7
51 8 70 83 16 61 12
