78 74 99 1 79 104 7
1 79 104 52 81 88 16
52 81 88 34 87 94 8
34 87 94 64 100 90 13
64 100 90 21 102 87 3
21 102 87 55 102 81 6
55 102 81 84 105 79 3
84 105 79 100 97 83 8
100 97 83 89 113 56 31
89 113 56 60 110 48 8
60 110 48 61 98 36 16
61 98 36 101 101 44 8
101 101 44 0 65 15 46
0 65 15 74 71 15 6
74 71 15 40 71 19 4
40 71 19 119 74 1 18
119 74 1 75 101 6 27
75 101 6 8 91 0 11
8 91 0 32 103 1 12
32 103 1 31 112 2 9
31 112 2 71 107 0 5
71 107 0 47 98 11 14
47 98 11 103 93 15 6
103 93 15 19 91 21 6
19 91 21 97 87 26 6
97 87 26 46 89 32 6
46 89 32 112 114 17 29
112 114 17 25 107 16 7
25 107 16 99 110 18 3
99 110 18 110 104 17 6
110 104 17 56 112 26 12
56 112 26 87 14 104 125
87 14 104 14 10 93 11
14 10 93 54 10 89 4
54 10 89 12 12 80 9
12 12 80 105 10 77 3
105 10 77 68 5 96 19
68 5 96 26 31 111 30
26 31 111 59 33 103 8
59 33 103 66 37 103 4
66 37 103 81 43 117 15
81 43 117 108 29 113 14
108 29 113 35 12 101 20
35 12 101 85 7 117 16
85 7 117 83 0 111 9
83 0 111 118 40 93 43
118 40 93 9 37 96 4
9 37 96 37 36 83 13
37 36 83 18 33 74 9
18 33 74 113 35 72 2
113 35 72 80 25 87 18
80 25 87 102 20 88 5
102 20 88 116 21 71 17
116 21 71 104 13 72 8
104 13 72 67 47 85 36
67 47 85 49 48 83 2
49 48 83 20 55 78 8
20 55 78 50 46 83 10
50 46 83 96 45 102 19
96 45 102 92 52 11 91
92 52 11 15 34 2 20
15 34 2 57 33 13 11
57 33 13 91 4 4 30
91 4 4 106 4 4 0
106 4 4 30 53 9 49
30 53 9 94 58 27 18
94 58 27 4 65 37 12
4 65 37 62 69 47 10
62 69 47 6 64 49 5
6 64 49 48 58 52 6
48 58 52 70 71 39 18
70 71 39 11 58 33 14
11 58 33 58 57 39 6
58 57 39 90 50 51 13
90 50 51 29 38 55 12
29 38 55 36 47 63 12
36 47 63 79 46 62 1
79 46 62 42 12 42 39
42 12 42 13 7 58 16
13 7 58 73 2 71 13
73 2 71 88 6 72 4
88 6 72 17 7 74 2
17 7 74 82 17 61 16
82 17 61 24 22 56 7
24 22 56 114 0 50 22
114 0 50 41 21 43 22
41 21 43 22 22 41 2
22 22 41 51 20 31 10
51 20 31 117 19 46 15
117 19 46 65 49 22 38
65 49 22 107 37 35 17
107 37 35 53 33 27 8
53 33 27 43 29 26 4
43 29 26 77 59 29 30
77 59 29 93 107 68 61
93 107 68 5 97 65 10
5 97 65 16 95 70 5
16 95 70 23 110 65 15
23 110 65 98 83 50 30
98 83 50 3 79 59 9
3 79 59 45 85 60 6
45 85 60 86 83 68 8
86 83 68 76 89 79 12
76 89 79 28 84 80 5
28 84 80 95 82 45 35
95 82 45 39 82 42 3
39 82 42 44 77 39 5
44 77 39 69 97 88 52
69 97 88 10 92 85 5
10 92 85 27 92 85 0
27 92 85 72 103 93 13
72 103 93 2 98 99 7
2 98 99 109 115 109 19
109 115 109 7 110 118 10
7 110 118 115 84 114 26
115 84 114 33 81 112 3
33 81 112 63 75 118 8
63 75 118 111 92 108 19
111 92 108 38 93 111 3
38 93 111 78 74 99 22
