33 31 2 1 33 0 2
1 33 0 13 32 2 2
13 32 2 38 32 7 5
38 32 7 8 30 7 2
8 30 7 28 27 10 4
28 27 10 4 26 12 2
4 26 12 5 40 8 14
5 40 8 7 35 29 21
7 35 29 11 25 24 11
11 25 24 3 26 30 6
3 26 30 17 34 33 8
17 34 33 2 30 33 4
2 30 33 25 30 35 2
25 30 35 6 34 36 4
6 34 36 19 34 21 15
19 34 21 21 35 31 10
21 35 31 12 25 3 29
12 25 3 22 25 3 0
22 25 3 27 25 1 2
27 25 1 16 30 14 13
16 30 14 0 4 6 27
0 4 6 9 8 8 4
9 8 8 26 8 4 4
26 8 4 10 10 5 2
10 10 5 31 9 37 32
31 9 37 15 8 30 7
15 8 30 18 14 23 9
18 14 23 24 9 21 5
24 9 21 29 10 39 18
29 10 39 37 19 36 9
37 19 36 14 18 37 1
14 18 37 39 16 38 2
39 16 38 40 2 12 29
40 2 12 34 1 22 10
34 1 22 35 7 13 10
35 7 13 36 4 15 3
36 4 15 30 18 11 14
30 18 11 23 20 15 4
23 20 15 20 24 18 5
20 24 18 32 18 12 8
32 18 12 33 31 2 16
