31 24 21 1 15 20 9
1 15 20 87 11 20 4
87 11 20 14 16 37 17
14 16 37 15 49 42 33
15 49 42 3 67 56 22
3 67 56 2 73 47 10
2 73 47 68 73 41 6
68 73 41 83 81 52 13
83 81 52 57 81 56 4
57 81 56 91 80 47 9
91 80 47 0 86 33 15
0 86 33 25 77 31 9
25 77 31 37 76 27 4
37 76 27 56 74 21 6
56 74 21 33 65 26 10
33 65 26 59 69 16 10
59 69 16 52 68 2 14
52 68 2 67 81 27 28
67 81 27 75 79 36 9
75 79 36 43 85 35 6
43 85 35 55 90 39 6
55 90 39 42 94 50 11
42 94 50 53 86 40 12
53 86 40 84 95 20 21
84 95 20 20 87 2 19
20 87 2 5 88 7 5
5 88 7 12 81 12 8
12 81 12 94 86 80 68
94 86 80 32 92 85 7
32 92 85 41 79 75 16
41 79 75 8 75 74 4
8 75 74 72 71 69 6
72 71 69 47 79 67 8
47 79 67 50 89 74 12
50 89 74 19 51 40 50
19 51 40 48 55 33 8
48 55 33 80 53 22 11
80 53 22 73 32 88 69
73 32 88 10 27 93 7
10 27 93 16 48 89 21
16 48 89 6 41 90 7
6 41 90 9 57 90 16
9 57 90 35 61 94 5
35 61 94 58 65 83 11
58 65 83 60 52 81 13
60 52 81 36 8 86 44
36 8 86 11 2 85 6
11 2 85 40 13 73 16
40 13 73 7 8 77 6
7 8 77 70 5 71 6
70 5 71 90 19 78 15
90 19 78 28 22 73 5
28 22 73 63 35 78 13
63 35 78 24 39 72 7
24 39 72 79 21 88 24
79 21 88 81 30 85 9
81 30 85 77 38 40 45
77 38 40 93 27 43 11
93 27 43 85 31 54 11
85 31 54 54 22 61 11
54 22 61 21 14 62 8
21 14 62 78 45 62 31
78 45 62 18 48 73 11
18 48 73 30 47 75 2
30 47 75 27 58 68 13
27 58 68 62 56 61 7
62 56 61 82 63 71 12
82 63 71 65 66 67 5
65 66 67 86 45 49 27
86 45 49 95 45 2 47
95 45 2 17 51 8 8
17 51 8 76 48 15 7
76 48 15 22 37 7 13
22 37 7 23 33 5 4
23 33 5 26 36 9 5
26 36 9 44 13 2 24
44 13 2 45 19 4 6
45 19 4 51 0 4 19
51 0 4 66 13 9 13
66 13 9 69 51 1 38
69 51 1 89 41 19 20
89 41 19 46 34 15 8
46 34 15 4 31 17 3
4 31 17 34 18 36 23
34 18 36 38 16 41 5
38 16 41 29 7 45 9
29 7 45 61 5 43 2
61 5 43 64 4 59 16
64 4 59 88 6 58 2
88 6 58 39 11 35 23
39 11 35 13 10 39 4
13 10 39 49 5 33 7
49 5 33 71 22 13 26
71 22 13 92 25 22 9
92 25 22 74 32 27 8
74 32 27 96 28 20 8
96 28 20 31 24 21 4
