30 72 94 1 67 99 7
1 67 99 44 62 113 14
44 62 113 83 61 98 15
83 61 98 141 60 100 2
141 60 100 145 69 105 10
145 69 105 133 71 104 2
133 71 104 11 54 82 27
11 54 82 69 61 87 8
69 61 87 70 48 70 21
70 48 70 10 39 67 9
10 39 67 88 31 103 36
88 31 103 3 29 103 2
3 29 103 73 20 84 21
73 20 84 72 27 77 9
72 27 77 94 0 96 33
94 0 96 137 43 110 45
137 43 110 26 42 108 2
26 42 108 0 64 40 71
0 64 40 14 72 38 8
14 72 38 142 82 34 10
142 82 34 64 53 49 32
64 53 49 18 41 57 14
18 41 57 22 29 45 16
22 29 45 74 66 56 38
74 66 56 62 82 63 17
62 82 63 67 79 66 4
67 79 66 107 79 74 8
107 79 74 77 89 72 10
77 89 72 79 86 60 12
79 86 60 15 84 53 7
15 84 53 93 45 50 39
93 45 50 134 54 56 10
134 54 56 101 93 28 48
101 93 28 49 93 27 1
49 93 27 56 97 47 20
56 97 47 89 93 46 4
89 93 46 66 90 41 5
66 90 41 110 110 45 20
110 110 45 135 119 54 12
135 119 54 121 110 57 9
121 110 57 138 109 38 19
138 109 38 21 109 35 3
21 109 35 87 110 12 23
87 110 12 36 99 8 11
36 99 8 92 102 5 4
92 102 5 12 97 0 7
12 97 0 47 125 4 28
47 125 4 42 133 17 15
42 133 17 76 132 35 18
76 132 35 25 126 42 9
25 126 42 41 122 31 11
41 122 31 78 145 33 23
78 145 33 4 142 31 3
4 142 31 108 138 49 18
108 138 49 116 145 3 46
116 145 3 125 116 22 34
125 116 22 109 95 36 25
109 95 36 112 88 13 24
112 88 13 27 77 18 12
27 77 18 117 80 9 9
117 80 9 119 90 19 14
119 90 19 131 86 2 17
131 86 2 127 119 71 76
127 119 71 55 124 78 8
55 124 78 52 107 86 18
52 107 86 59 119 70 20
59 119 70 113 124 95 25
113 124 95 13 117 102 9
13 117 102 29 114 96 6
29 114 96 5 108 96 6
5 108 96 115 116 113 18
115 116 113 57 131 97 21
57 131 97 71 134 94 4
71 134 94 100 132 87 7
100 132 87 124 125 98 13
124 125 98 140 146 105 22
140 146 105 50 138 113 11
50 138 113 6 134 124 11
6 134 124 37 126 121 8
37 126 121 43 122 118 5
43 122 118 60 142 140 29
60 142 140 103 142 129 11
103 142 129 31 136 112 18
31 136 112 8 131 109 5
8 131 109 120 40 14 131
120 40 14 35 52 1 17
35 52 1 58 42 0 10
58 42 0 51 21 27 34
51 21 27 7 14 39 13
7 14 39 63 1 32 14
63 1 32 82 0 26 6
82 0 26 75 15 56 33
75 15 56 40 14 58 2
40 14 58 147 6 68 12
147 6 68 98 19 56 17
98 19 56 99 15 30 26
99 15 30 54 13 22 8
54 13 22 61 32 6 24
61 32 6 32 10 6 22
32 10 6 34 16 5 6
34 16 5 45 6 2 10
45 6 2 86 46 21 44
86 46 21 144 56 27 11
144 56 27 23 57 28 1
23 57 28 90 64 25 7
90 64 25 24 70 20 7
24 70 20 104 55 32 19
104 55 32 123 48 36 8
123 48 36 19 45 31 5
19 45 31 91 69 132 103
91 69 132 16 97 139 28
16 97 139 39 116 128 21
39 116 128 96 121 140 13
96 121 140 129 119 135 5
129 119 135 122 116 123 12
122 116 123 80 112 123 4
80 112 123 48 87 130 25
48 87 130 85 33 145 56
85 33 145 105 5 126 33
105 5 126 28 6 133 7
28 6 133 81 18 125 14
81 18 125 106 18 145 20
106 18 145 17 10 146 8
17 10 146 20 8 144 2
20 8 144 84 5 145 3
84 5 145 38 1 144 4
38 1 144 132 14 137 14
132 14 137 136 19 142 7
136 19 142 114 47 134 29
114 47 134 33 49 126 8
33 49 126 65 40 122 9
65 40 122 46 33 128 9
46 33 128 139 37 127 4
139 37 127 95 66 129 29
95 66 129 9 59 136 9
9 59 136 53 63 129 8
53 63 129 143 69 140 12
143 69 140 68 64 147 8
68 64 147 126 56 145 8
126 56 145 118 65 140 10
118 65 140 111 77 109 33
111 77 109 97 75 103 6
97 75 103 146 96 109 21
146 96 109 102 98 102 7
102 98 102 130 80 93 20
130 80 93 128 82 90 3
128 82 90 2 77 87 5
2 77 87 30 72 94 8
