1 43 2 102 50 12 12
102 50 12 29 51 14 2
29 51 14 105 61 20 11
105 61 20 28 67 20 6
28 67 20 3 74 23 7
3 74 23 19 73 14 9
19 73 14 44 65 9 9
44 65 9 25 63 3 6
25 63 3 27 63 4 1
27 63 4 40 59 9 6
40 59 9 10 55 8 4
10 55 8 89 70 33 29
89 70 33 97 48 32 22
97 48 32 51 57 35 9
51 57 35 41 57 40 5
41 57 40 106 55 32 8
106 55 32 107 45 27 11
107 45 27 33 46 28 1
33 46 28 61 60 56 31
61 60 56 13 62 54 2
13 62 54 0 68 96 42
0 68 96 54 107 31 75
54 107 31 11 106 56 25
11 106 56 38 99 53 7
38 99 53 82 97 52 2
82 97 52 30 89 49 8
30 89 49 81 106 67 24
81 106 67 52 99 17 50
52 99 17 31 96 17 3
31 96 17 55 97 5 12
55 97 5 76 92 18 13
76 92 18 77 100 24 10
77 100 24 32 93 25 7
32 93 25 47 93 24 1
47 93 24 62 106 30 14
62 106 30 67 99 41 13
67 99 41 59 71 95 60
59 71 95 5 67 84 11
5 67 84 9 74 82 7
9 74 82 14 85 101 21
14 85 101 22 82 94 7
22 82 94 91 80 94 2
91 80 94 69 85 106 13
69 85 106 79 74 95 15
79 74 95 85 55 97 19
85 55 97 36 55 95 2
36 55 95 65 43 104 15
65 43 104 86 20 102 23
86 20 102 24 26 84 18
24 26 84 68 24 76 8
68 24 76 101 28 87 11
101 28 87 17 30 89 2
17 30 89 43 11 96 20
43 11 96 46 7 107 11
46 7 107 50 27 106 20
50 27 106 80 0 95 29
80 0 95 53 0 97 2
53 0 97 84 0 74 23
84 0 74 37 8 76 8
37 8 76 83 0 45 32
83 0 45 20 1 49 4
20 1 49 96 7 49 6
96 7 49 39 15 51 8
39 15 51 49 4 57 12
49 4 57 100 44 90 51
100 44 90 71 52 83 10
71 52 83 88 45 82 7
88 45 82 4 41 76 7
4 41 76 104 91 85 50
104 91 85 26 82 79 10
26 82 79 60 74 73 10
60 74 73 108 85 75 11
108 85 75 87 89 69 7
87 89 69 45 87 58 11
45 87 58 74 78 60 9
74 78 60 35 72 65 7
35 72 65 94 86 62 14
94 86 62 56 95 69 11
56 95 69 98 96 74 5
98 96 74 34 97 72 2
34 97 72 103 105 88 17
103 105 88 6 107 78 10
6 107 78 57 105 101 23
57 105 101 78 63 48 67
78 63 48 7 73 49 10
7 73 49 23 67 48 6
23 67 48 93 61 47 6
93 61 47 90 42 48 19
90 42 48 16 44 62 14
16 44 62 75 41 67 5
75 41 67 64 32 53 16
64 32 53 48 25 59 9
48 25 59 99 33 42 18
99 33 42 15 36 34 8
15 36 34 58 19 20 22
58 19 20 8 24 15 7
8 24 15 18 25 0 15
18 25 0 2 29 7 8
2 29 7 21 25 18 11
21 25 18 12 7 11 19
12 7 11 63 11 10 4
63 11 10 73 6 15 7
73 6 15 70 14 14 8
70 14 14 42 14 11 3
42 14 11 92 16 33 22
92 16 33 72 48 19 34
72 48 19 66 50 24 5
66 50 24 95 49 14 10
95 49 14 1 43 2 13
