62 33 38 1 35 54 16
1 35 54 42 36 59 5
42 36 59 52 34 67 8
52 34 67 31 33 71 4
31 33 71 21 30 77 6
21 30 77 48 30 64 13
48 30 64 58 25 70 7
58 25 70 67 40 80 18
67 40 80 5 47 77 7
5 47 77 57 39 76 8
57 39 76 80 40 71 5
80 40 71 55 40 53 18
55 40 53 6 38 55 2
6 38 55 9 43 60 7
9 43 60 53 46 57 4
53 46 57 78 47 61 4
78 47 61 82 40 61 7
82 40 61 25 39 54 7
25 39 54 77 47 51 8
77 47 51 28 35 22 31
28 35 22 0 38 17 5
0 38 17 10 41 19 3
10 41 19 27 41 0 19
27 41 0 36 41 13 13
36 41 13 37 47 8 7
37 47 8 66 14 15 33
66 14 15 15 22 9 10
15 22 9 56 29 6 7
56 29 6 33 14 35 32
33 14 35 14 7 79 44
14 7 79 73 10 73 6
73 10 73 79 14 81 8
79 14 81 19 17 50 31
19 17 50 20 7 34 18
20 7 34 35 3 43 9
35 3 43 2 8 43 5
2 8 43 3 1 54 13
3 1 54 45 18 41 21
45 18 41 65 14 18 23
65 14 18 69 1 6 17
69 1 6 16 3 7 2
16 3 7 81 50 24 49
81 50 24 18 55 22 5
18 55 22 24 64 41 21
24 64 41 41 69 44 5
41 69 44 50 61 49 9
50 61 49 26 59 54 5
26 59 54 75 62 49 5
75 62 49 71 79 40 19
71 79 40 72 82 39 3
72 82 39 38 47 21 39
38 47 21 74 46 18 3
74 46 18 43 81 67 60
43 81 67 46 79 78 11
46 79 78 39 77 77 2
39 77 77 47 80 59 18
47 80 59 59 79 55 4
59 79 55 13 76 56 3
13 76 56 34 79 56 3
34 79 56 51 70 70 16
51 70 70 8 62 78 11
8 62 78 17 62 76 2
17 62 76 7 62 73 3
7 62 73 76 69 57 17
76 69 57 4 62 58 7
4 62 58 60 59 62 5
60 59 62 61 77 10 55
61 77 10 11 77 2 8
11 77 2 30 77 5 3
30 77 5 32 81 17 12
32 81 17 40 69 6 16
40 69 6 22 65 10 5
22 65 10 29 69 0 10
29 69 0 64 60 22 23
64 60 22 12 57 27 5
12 57 27 23 70 24 13
23 70 24 68 25 25 45
68 25 25 44 26 18 7
44 26 18 54 26 21 3
54 26 21 49 26 21 0
49 26 21 70 38 30 15
70 38 30 63 41 44 14
63 41 44 62 33 38 10
