1 20 7 45 19 5 2
45 19 5 19 17 3 2
19 17 3 0 43 18 30
0 43 18 3 47 21 5
3 47 21 48 52 20 5
48 52 20 54 51 16 4
54 51 16 13 31 56 44
13 31 56 4 57 59 26
4 57 59 9 55 58 2
9 55 58 10 53 55 3
10 53 55 58 53 57 2
58 53 57 59 48 60 5
59 48 60 27 33 55 15
27 33 55 33 23 51 10
33 23 51 60 11 59 14
60 11 59 28 13 58 2
28 13 58 50 20 39 20
50 20 39 7 22 33 6
7 22 33 46 18 34 4
46 18 34 22 1 41 18
22 1 41 18 1 48 7
18 1 48 31 8 51 7
31 8 51 25 24 40 19
25 24 40 34 17 26 15
34 17 26 16 15 25 2
16 15 25 15 14 21 4
15 14 21 29 20 27 8
29 20 27 51 19 23 4
51 19 23 26 21 21 2
26 21 21 24 35 15 15
24 35 15 36 42 21 9
36 42 21 14 40 24 3
14 40 24 40 43 37 13
40 43 37 2 47 49 12
2 47 49 39 51 49 4
39 51 49 38 54 46 4
38 54 46 5 51 40 6
5 51 40 8 43 42 8
8 43 42 43 47 34 8
43 47 34 37 52 28 7
37 52 28 35 57 30 5
35 57 30 53 46 36 12
53 46 36 44 32 35 14
44 32 35 55 38 34 6
55 38 34 11 39 37 3
11 39 37 41 38 4 33
41 38 4 17 59 2 21
17 59 2 42 58 1 1
42 58 1 57 43 0 15
57 43 0 49 42 18 18
49 42 18 20 16 1 31
20 16 1 21 24 6 9
21 24 6 6 25 0 6
6 25 0 32 26 12 12
32 26 12 23 13 11 13
23 13 11 12 15 12 2
12 15 12 52 7 10 8
52 7 10 30 7 7 3
30 7 7 47 6 2 5
47 6 2 56 0 1 6
56 0 1 1 20 7 20
