1 8 9 39 11 9 3
39 11 9 75 19 16 10
75 19 16 41 18 18 2
41 18 18 76 27 28 13
76 27 28 25 20 51 24
25 20 51 13 21 61 10
13 21 61 19 9 64 12
19 9 64 23 18 62 9
23 18 62 6 3 82 25
6 3 82 0 14 100 21
0 14 100 18 19 87 13
18 19 87 10 36 77 19
10 36 77 61 47 76 11
61 47 76 54 49 82 6
54 49 82 87 57 66 17
87 57 66 48 57 66 0
48 57 66 81 55 62 4
81 55 62 78 54 56 6
78 54 56 84 58 66 10
84 58 66 89 60 63 3
89 60 63 63 36 81 30
63 36 81 112 21 81 15
112 21 81 97 25 73 8
97 25 73 49 110 96 88
49 110 96 4 102 100 8
4 102 100 82 100 107 7
82 100 107 15 97 109 3
15 97 109 36 112 78 34
36 112 78 59 106 77 6
59 106 77 104 101 76 5
104 101 76 108 111 77 10
108 111 77 46 100 64 17
46 100 64 16 94 58 8
16 94 58 11 88 60 6
11 88 60 72 92 65 6
72 92 65 57 103 70 12
57 103 70 8 107 71 4
8 107 71 91 80 59 29
91 80 59 22 83 54 5
22 83 54 80 93 43 14
80 93 43 67 73 62 27
67 73 62 65 70 49 13
65 70 49 86 71 70 21
86 71 70 101 82 67 11
101 82 67 33 78 67 4
33 78 67 93 104 63 26
93 104 63 43 108 45 18
43 108 45 60 107 37 8
60 107 37 99 111 104 67
99 111 104 103 88 86 29
103 88 86 66 86 88 2
66 86 88 56 73 91 13
56 73 91 74 80 75 17
74 80 75 90 87 77 7
90 87 77 64 72 7 71
64 72 7 2 56 3 16
2 56 3 12 46 7 10
12 46 7 17 49 11 5
17 49 11 45 52 7 5
45 52 7 77 51 0 7
77 51 0 26 67 16 22
26 67 16 37 63 19 5
37 63 19 55 62 27 8
55 62 27 21 68 27 6
21 68 27 3 71 34 7
3 71 34 85 80 40 10
85 80 40 50 45 28 37
50 45 28 51 52 39 13
51 52 39 73 50 37 2
73 50 37 58 39 19 21
58 39 19 100 71 15 32
100 71 15 27 71 4 11
27 71 4 31 68 1 4
31 68 1 32 90 14 25
32 90 14 34 101 12 11
34 101 12 68 98 16 5
68 98 16 70 106 0 17
70 106 0 105 103 3 4
105 103 3 83 106 12 9
83 106 12 30 104 10 2
30 104 10 109 84 16 20
109 84 16 79 65 8 20
79 65 8 94 74 12 9
94 74 12 107 76 4 8
107 76 4 9 84 6 8
9 84 6 62 81 10 5
62 81 10 110 31 105 107
110 31 105 71 39 111 10
71 39 111 92 25 97 19
92 25 97 102 48 98 23
102 48 98 14 44 90 8
14 44 90 98 41 86 5
98 41 86 38 46 106 20
38 46 106 52 63 112 18
52 63 112 5 70 114 7
5 70 114 29 57 112 13
29 57 112 69 52 114 5
69 52 114 44 66 102 18
44 66 102 24 68 97 5
24 68 97 35 68 103 6
35 68 103 96 61 86 18
96 61 86 114 3 97 59
114 3 97 42 7 90 8
42 7 90 40 5 34 56
40 5 34 53 5 44 10
53 5 44 106 38 53 34
106 38 53 7 42 62 9
7 42 62 47 31 48 17
47 31 48 88 20 32 19
88 20 32 95 20 35 3
95 20 35 111 28 40 9
111 28 40 113 33 32 9
113 33 32 20 6 0 41
20 6 0 28 5 9 9
28 5 9 1 8 9 3
