1 62 6 15 77 0 16
15 77 0 41 79 6 6
41 79 6 0 94 26 25
0 94 26 7 2 5 94
7 2 5 50 18 19 21
50 18 19 14 0 24 18
14 0 24 30 3 35 11
30 3 35 3 4 39 4
3 4 39 51 9 36 5
51 9 36 70 18 19 19
70 18 19 76 22 34 15
76 22 34 2 17 37 5
2 17 37 37 24 40 7
37 24 40 16 22 39 2
16 22 39 53 15 31 10
53 15 31 39 20 27 6
39 20 27 67 25 50 23
67 25 50 32 28 54 5
32 28 54 54 23 55 5
54 23 55 71 21 52 3
71 21 52 69 18 55 4
69 18 55 60 18 59 4
60 18 59 87 19 18 41
87 19 18 45 26 21 7
45 26 21 58 28 15 6
58 28 15 75 28 15 0
75 28 15 66 10 3 21
66 10 3 92 16 4 6
92 16 4 11 84 29 72
11 84 29 57 66 82 55
57 66 82 17 66 85 3
17 66 85 22 51 87 15
22 51 87 10 56 79 9
10 56 79 27 79 92 26
27 79 92 49 81 91 2
49 81 91 95 84 94 4
95 84 94 13 88 90 5
13 88 90 31 37 81 51
31 37 81 4 30 84 7
4 30 84 18 16 80 14
18 16 80 40 2 68 18
40 2 68 38 0 69 2
38 0 69 79 3 59 10
79 3 59 77 9 56 6
77 9 56 21 39 69 32
21 39 69 68 47 64 9
68 47 64 6 50 65 3
6 50 65 73 26 69 24
73 26 69 52 19 69 7
52 19 69 26 39 83 24
26 39 83 88 46 79 8
88 46 79 44 50 72 8
44 50 72 46 66 70 16
46 66 70 56 92 79 27
56 92 79 25 92 78 1
25 92 78 36 82 81 10
36 82 81 85 81 84 3
85 81 84 81 66 79 15
81 66 79 90 73 60 20
90 73 60 55 73 56 4
55 73 56 29 78 55 5
29 78 55 59 78 47 8
59 78 47 72 77 64 17
72 77 64 82 82 63 5
82 82 63 12 82 66 3
12 82 66 34 84 59 7
34 84 59 63 89 63 6
63 89 63 84 67 54 23
84 67 54 91 93 29 36
91 93 29 80 92 35 6
80 92 35 94 54 33 38
94 54 33 24 63 28 10
24 63 28 9 70 25 7
9 70 25 42 63 36 13
42 63 36 74 68 35 5
74 68 35 5 72 36 4
5 72 36 47 41 19 35
47 41 19 20 42 9 10
20 42 9 8 50 9 8
8 50 9 19 46 13 5
19 46 13 33 42 1 12
33 42 1 78 47 2 5
78 47 2 89 38 12 13
89 38 12 93 45 9 7
93 45 9 65 52 35 26
65 52 35 83 39 37 13
83 39 37 43 33 32 7
43 33 32 28 31 29 3
28 31 29 61 43 30 12
61 43 30 62 43 49 19
62 43 49 23 44 46 3
23 44 46 35 52 55 12
35 52 55 48 35 51 17
48 35 51 86 87 4 70
86 87 4 64 90 1 4
64 90 1 1 62 6 28
