93 117 78 1 114 76 3
1 114 76 68 114 69 7
68 114 69 81 123 75 10
81 123 75 12 98 68 25
12 98 68 3 88 39 30
3 88 39 52 82 38 6
52 82 38 72 72 29 13
72 72 29 131 71 27 2
131 71 27 46 76 22 7
46 76 22 85 82 42 20
85 82 42 99 93 44 11
99 93 44 53 89 49 6
53 89 49 82 103 47 14
82 103 47 25 144 60 43
25 144 60 0 36 108 118
0 36 108 18 19 118 19
18 19 118 37 15 111 8
37 15 111 59 10 109 5
59 10 109 62 0 112 10
62 0 112 84 5 121 10
84 5 121 67 30 129 26
67 30 129 39 19 138 14
39 19 138 140 10 156 20
140 10 156 86 33 152 23
86 33 152 128 31 146 6
128 31 146 156 34 132 14
156 34 132 122 15 122 21
122 15 122 38 40 116 25
38 40 116 75 34 84 32
75 34 84 16 28 55 29
16 28 55 55 16 57 12
55 16 57 56 39 46 25
56 39 46 33 40 41 5
33 40 41 135 32 37 8
135 32 37 111 34 29 8
111 34 29 152 44 49 22
152 44 49 95 41 65 16
95 41 65 133 28 54 17
133 28 54 17 7 77 31
17 7 77 35 11 68 9
35 11 68 97 6 95 27
97 6 95 137 11 86 10
137 11 86 22 61 66 53
22 61 66 45 53 77 13
45 53 77 120 58 85 9
120 58 85 132 56 73 12
132 56 73 96 71 54 24
96 71 54 134 59 51 12
134 59 51 151 78 50 19
151 78 50 126 54 38 26
126 54 38 64 53 32 6
64 53 32 107 58 28 6
107 58 28 13 55 25 4
13 55 25 149 73 84 61
149 73 84 69 74 90 6
69 74 90 102 78 80 10
102 78 80 125 75 86 6
125 75 86 79 0 8 108
79 0 8 29 4 1 8
29 4 1 30 8 5 5
30 8 5 57 35 10 27
57 35 10 19 25 1 13
19 25 1 117 49 13 26
117 49 13 23 54 16 5
23 54 16 150 50 11 6
150 50 11 34 4 37 52
34 4 37 36 1 37 3
36 1 37 87 6 43 7
87 6 43 154 23 88 48
154 23 88 108 61 114 46
108 61 114 47 58 132 18
47 58 132 100 62 135 5
100 62 135 65 77 130 15
65 77 130 63 80 131 3
63 80 131 90 84 126 6
90 84 126 127 68 139 20
127 68 139 129 58 104 36
129 58 104 98 60 100 4
98 60 100 148 79 106 19
148 79 106 10 86 105 7
10 86 105 73 93 97 10
73 93 97 130 75 117 26
130 75 117 118 27 104 49
118 27 104 119 114 142 94
119 114 142 8 96 152 20
8 96 152 9 99 151 3
9 99 151 136 106 150 7
136 106 150 114 74 152 32
114 74 152 2 65 154 9
2 65 154 27 81 143 19
27 81 143 110 70 155 16
110 70 155 31 117 153 47
31 117 153 48 125 154 8
48 125 154 70 110 116 40
70 110 116 50 109 118 2
50 109 118 61 114 120 5
61 114 120 115 101 107 18
115 101 107 121 113 103 12
121 113 103 7 123 101 10
7 123 101 54 119 97 5
54 119 97 138 121 105 8
138 121 105 147 112 102 9
147 112 102 123 137 145 49
123 137 145 42 141 137 8
42 141 137 77 148 133 8
77 148 133 153 149 144 11
153 149 144 44 129 136 21
44 129 136 88 135 151 16
88 135 151 155 99 135 39
155 99 135 14 97 127 8
14 97 127 139 97 128 1
139 97 128 49 117 23 106
49 117 23 24 125 22 8
24 125 22 101 107 30 19
101 107 30 6 105 37 7
6 105 37 74 110 43 7
74 110 43 142 100 17 27
142 100 17 60 95 15 5
60 95 15 11 74 6 22
11 74 6 26 71 16 10
26 71 16 32 67 15 4
32 67 15 103 61 13 6
103 61 13 15 62 16 3
15 62 16 105 103 7 41
105 103 7 80 143 73 77
80 143 73 20 138 81 9
20 138 81 43 144 89 10
43 144 89 104 151 95 9
104 151 95 145 144 83 13
145 144 83 41 145 70 13
41 145 70 143 137 67 8
143 137 67 112 128 67 9
112 128 67 144 145 107 43
144 145 107 40 155 106 10
40 155 106 124 141 105 14
124 141 105 51 134 112 9
51 134 112 83 131 106 6
83 131 106 76 139 98 11
76 139 98 113 140 108 10
113 140 108 141 142 117 9
141 142 117 71 134 122 9
71 134 122 146 134 118 4
146 134 118 89 123 54 64
89 123 54 21 122 58 4
21 122 58 106 154 53 32
106 154 53 66 147 28 25
66 147 28 4 146 21 7
4 146 21 28 146 21 0
28 146 21 109 144 35 14
109 144 35 91 149 43 9
91 149 43 78 92 56 58
78 92 56 94 83 58 9
94 83 58 5 78 55 5
5 78 55 116 84 63 10
116 84 63 58 79 67 6
58 79 67 92 89 69 10
92 89 69 93 117 78 29
