101 35 32 1 15 37 20
1 15 37 44 15 27 10
44 15 27 67 21 46 19
67 21 46 97 1 32 24
97 1 32 3 36 13 39
3 36 13 115 13 9 23
115 13 9 27 15 13 4
27 15 13 58 1 7 15
58 1 7 93 24 3 23
93 24 3 118 15 0 9
118 15 0 119 41 14 29
119 41 14 95 53 16 12
95 53 16 11 35 36 26
11 35 36 20 36 36 1
20 36 36 31 47 28 13
31 47 28 37 71 13 28
37 71 13 51 69 23 10
51 69 23 70 62 32 11
70 62 32 72 80 14 25
72 80 14 91 77 18 5
91 77 18 75 69 12 10
75 69 12 85 70 4 8
85 70 4 0 41 63 65
0 41 63 15 38 65 3
15 38 65 40 15 80 27
40 15 80 6 18 72 8
6 18 72 104 25 72 7
104 25 72 12 22 83 11
12 22 83 59 27 82 5
59 27 82 14 12 88 16
14 12 88 100 1 114 28
100 1 114 60 17 114 16
60 17 114 71 16 60 54
71 16 60 76 12 57 5
76 12 57 107 1 56 11
107 1 56 49 37 73 39
49 37 73 33 35 69 4
33 35 69 48 36 85 16
48 36 85 7 36 88 3
7 36 88 61 38 72 16
61 38 72 86 44 72 6
86 44 72 89 41 79 7
89 41 79 114 45 97 18
114 45 97 68 40 97 5
68 40 97 77 53 95 13
77 53 95 102 45 115 21
102 45 115 66 35 111 10
66 35 111 42 30 116 7
42 30 116 69 48 114 18
69 48 114 53 52 115 4
53 52 115 81 63 118 11
81 63 118 64 45 109 20
64 45 109 98 46 116 7
98 46 116 82 38 54 62
82 38 54 28 36 45 9
28 36 45 16 40 47 4
16 40 47 41 30 58 14
41 30 58 109 56 54 26
109 56 54 17 96 76 45
17 96 76 29 105 81 10
29 105 81 30 89 89 17
30 89 89 4 73 88 16
4 73 88 22 81 83 9
22 81 83 25 80 120 37
25 80 120 50 83 114 6
50 83 114 2 85 118 4
2 85 118 38 82 109 9
38 82 109 62 84 114 5
62 84 114 74 76 108 10
74 76 108 54 76 112 4
54 76 112 92 76 113 1
92 76 113 111 74 99 14
111 74 99 9 78 99 4
9 78 99 63 99 90 22
63 99 90 87 103 101 11
87 103 101 24 107 104 5
24 107 104 108 109 110 6
108 109 110 35 97 59 52
35 97 59 19 91 54 7
19 91 54 13 88 58 5
13 88 58 80 97 55 9
80 97 55 10 100 49 6
10 100 49 99 99 64 15
99 99 64 78 91 73 12
78 91 73 94 102 71 11
94 102 71 116 107 71 5
116 107 71 120 115 83 14
120 115 83 8 115 91 8
8 115 91 18 119 80 11
18 119 80 32 110 85 10
32 110 85 36 61 45 63
36 61 45 57 79 41 18
57 79 41 21 88 44 9
21 88 44 88 85 47 4
88 85 47 26 84 48 1
26 84 48 55 73 38 14
55 73 38 73 116 15 48
73 116 15 23 115 5 10
23 115 5 52 101 8 14
52 101 8 34 91 8 10
34 91 8 39 102 15 13
39 102 15 113 96 20 7
113 96 20 106 103 8 13
106 103 8 56 119 10 16
56 119 10 90 104 32 26
90 104 32 45 119 32 15
45 119 32 83 118 39 7
83 118 39 65 109 32 11
65 109 32 117 111 27 5
117 111 27 79 84 35 28
79 84 35 5 86 38 3
5 86 38 43 90 34 5
43 90 34 103 51 46 40
103 51 46 105 67 56 18
105 67 56 47 79 60 12
47 79 60 46 83 55 6
46 83 55 112 85 52 3
112 85 52 84 74 73 23
84 74 73 110 70 72 4
110 70 72 96 67 50 22
96 67 50 101 35 32 36
