1 24 61 0 37 31 32
0 37 31 11 36 20 11
11 36 20 4 38 21 2
4 38 21 41 42 15 7
41 42 15 46 11 22 31
46 11 22 17 9 18 4
17 9 18 9 0 3 17
9 0 3 10 11 2 11
10 11 2 48 15 26 24
48 15 26 49 5 24 10
49 5 24 19 45 6 43
19 45 6 15 49 14 8
15 49 14 28 51 19 5
28 51 19 47 67 3 22
47 67 3 53 45 1 22
53 45 1 62 36 6 10
62 36 6 7 25 7 11
7 25 7 54 22 9 3
54 22 9 8 37 8 15
8 37 8 50 39 8 2
50 39 8 70 33 7 6
70 33 7 65 52 5 19
65 52 5 68 47 7 5
68 47 7 30 33 44 39
30 33 44 5 27 49 7
5 27 49 35 25 50 2
35 25 50 69 25 49 1
69 25 49 6 30 46 5
6 30 46 42 26 41 6
42 26 41 59 33 38 7
59 33 38 31 48 51 19
31 48 51 14 61 45 14
14 61 45 61 69 44 8
61 69 44 63 62 37 9
63 62 37 18 63 69 32
18 63 69 25 63 66 3
25 63 66 52 49 71 14
52 49 71 45 46 53 18
45 46 53 21 42 55 4
21 42 55 33 39 57 3
33 39 57 60 41 50 7
60 41 50 57 42 43 7
57 42 43 51 46 51 8
51 46 51 56 67 27 31
56 67 27 16 68 26 1
16 68 26 27 63 25 5
27 63 25 3 62 28 3
3 62 28 37 59 22 6
37 59 22 13 57 25 3
13 57 25 43 53 27 4
43 53 27 39 63 21 11
39 63 21 64 41 29 23
64 41 29 32 52 33 11
32 52 33 2 25 62 39
2 25 62 22 24 65 3
22 24 65 23 23 68 3
23 23 68 26 36 61 14
26 36 61 71 38 67 6
71 38 67 44 15 59 24
44 15 59 58 16 68 9
58 16 68 67 5 70 11
67 5 70 66 21 64 17
66 21 64 72 6 52 19
72 6 52 20 12 44 10
20 12 44 24 10 37 7
24 10 37 36 7 40 4
36 7 40 40 17 44 10
40 17 44 29 6 50 12
29 6 50 38 2 44 7
38 2 44 34 2 42 2
34 2 42 55 0 36 6
55 0 36 12 0 33 3
12 0 33 1 24 61 36
