66 53 10 1 54 5 5
1 54 5 46 53 14 9
46 53 14 38 39 6 16
38 39 6 74 15 4 24
74 15 4 5 0 11 16
5 0 11 22 8 22 13
22 8 22 49 3 34 13
49 3 34 83 7 47 13
83 7 47 34 4 47 3
34 4 47 50 4 52 5
50 4 52 14 6 54 2
14 6 54 64 2 56 4
64 2 56 16 12 8 49
16 12 8 30 9 0 8
30 9 0 0 98 16 90
0 98 16 17 75 12 23
17 75 12 35 68 3 11
35 68 3 2 74 1 6
2 74 1 45 75 2 1
45 75 2 61 69 14 13
61 69 14 93 78 16 9
93 78 16 85 90 64 49
85 90 64 41 99 61 9
41 99 61 53 98 57 4
53 98 57 44 83 67 18
44 83 67 23 83 79 12
23 83 79 25 94 86 13
25 94 86 20 88 85 6
20 88 85 98 87 73 12
98 87 73 56 83 57 16
56 83 57 68 88 56 5
68 88 56 57 68 64 21
57 68 64 8 72 64 4
8 72 64 51 66 65 6
51 66 65 95 67 56 9
95 67 56 78 82 47 17
78 82 47 72 75 44 7
72 75 44 39 69 39 7
39 69 39 81 79 40 10
81 79 40 90 87 46 10
90 87 46 18 88 48 2
18 88 48 96 36 73 57
96 36 73 9 34 70 3
9 34 70 21 31 69 3
21 31 69 24 14 78 19
24 14 78 40 4 98 22
40 4 98 4 7 94 5
4 7 94 42 8 86 8
42 8 86 73 13 88 5
73 13 88 76 3 84 10
76 3 84 94 18 84 15
94 18 84 12 25 94 12
12 25 94 92 24 61 33
92 24 61 3 28 63 4
3 28 63 11 23 62 5
11 23 62 84 19 65 5
84 19 65 71 8 66 11
71 8 66 27 4 64 4
27 4 64 28 36 82 36
28 36 82 43 42 87 7
43 42 87 67 42 96 9
67 42 96 89 50 97 8
89 50 97 70 28 79 28
70 28 79 31 53 73 25
31 53 73 47 59 82 10
47 59 82 79 53 68 15
79 53 68 37 59 67 6
37 59 67 59 45 58 16
59 45 58 19 52 52 9
19 52 52 52 36 60 17
52 36 60 63 34 54 6
63 34 54 87 97 31 67
87 97 31 36 87 31 10
36 87 31 29 83 35 5
29 83 35 13 84 37 2
13 84 37 88 87 29 8
88 87 29 58 94 36 9
58 94 36 10 94 41 5
10 94 41 48 99 42 5
48 99 42 80 33 34 66
80 33 34 6 32 35 1
6 32 35 26 29 43 8
26 29 43 15 23 48 7
15 23 48 86 24 51 3
86 24 51 33 31 40 13
33 31 40 7 25 27 14
7 25 27 69 47 32 22
69 47 32 32 57 35 10
32 57 35 55 58 39 4
55 58 39 60 61 35 5
60 61 35 62 41 26 21
62 41 26 91 53 23 12
91 53 23 97 23 13 31
97 23 13 77 19 13 4
77 19 13 65 44 15 25
65 44 15 54 44 10 5
54 44 10 99 47 21 11
99 47 21 75 36 9 16
75 36 9 82 35 16 7
82 35 16 66 53 10 18
