1 17 0 50 17 2 2
50 17 2 0 26 6 9
0 26 6 78 34 8 8
78 34 8 93 39 32 24
93 39 32 11 84 30 45
11 84 30 12 73 6 26
12 73 6 59 77 3 5
59 77 3 65 62 11 17
65 62 11 76 65 12 3
76 65 12 19 96 37 39
19 96 37 23 96 38 1
23 96 38 115 98 41 3
115 98 41 36 96 46 5
36 96 46 71 102 47 6
71 102 47 82 100 54 7
82 100 54 21 104 53 4
21 104 53 73 97 54 7
73 97 54 43 81 32 27
43 81 32 99 77 33 4
99 77 33 61 65 29 12
61 65 29 28 68 37 8
28 68 37 54 113 9 53
54 113 9 3 108 2 8
3 108 2 60 110 1 2
60 110 1 79 98 3 12
79 98 3 15 114 4 16
15 114 4 34 119 18 14
34 119 18 5 121 30 12
5 121 30 27 121 34 4
27 121 34 56 117 34 4
56 117 34 107 103 14 24
107 103 14 10 103 12 2
10 103 12 87 85 48 40
87 85 48 45 85 55 7
45 85 55 7 78 57 7
7 78 57 68 87 66 12
68 87 66 119 90 69 4
119 90 69 95 90 56 13
95 90 56 91 84 41 16
91 84 41 111 111 63 34
111 111 63 2 112 70 7
2 112 70 103 117 77 8
103 117 77 81 102 63 20
81 102 63 26 102 60 3
26 102 60 69 98 76 16
69 98 76 40 102 77 4
40 102 77 114 116 45 34
114 116 45 14 117 45 1
14 117 45 104 86 22 38
104 86 22 55 89 12 10
55 89 12 44 43 114 111
44 43 114 8 46 113 3
8 46 113 89 57 120 13
89 57 120 120 62 118 5
120 62 118 13 34 120 28
13 34 120 100 37 121 3
100 37 121 32 11 101 32
32 11 101 41 21 84 19
41 21 84 25 30 83 9
25 30 83 4 29 85 2
4 29 85 63 32 86 3
63 32 86 110 33 91 5
110 33 91 51 29 89 4
51 29 89 42 15 76 19
42 15 76 16 15 80 4
16 15 80 106 2 97 21
106 2 97 102 5 93 5
102 5 93 112 6 85 8
112 6 85 88 57 101 53
88 57 101 17 78 119 27
17 78 119 116 92 115 14
116 92 115 20 65 108 27
20 65 108 30 110 95 46
30 110 95 6 103 106 13
6 103 106 52 91 90 20
52 91 90 29 93 91 2
29 93 91 67 119 106 30
67 119 106 37 116 112 6
37 116 112 105 121 89 23
105 121 89 66 118 85 5
66 118 85 72 116 87 2
72 116 87 90 66 85 50
90 66 85 9 75 74 14
9 75 74 98 34 107 52
98 34 107 62 24 100 12
62 24 100 109 36 102 12
109 36 102 118 43 100 7
118 43 100 70 36 44 56
70 36 44 85 48 45 12
85 48 45 33 58 42 10
33 58 42 31 58 38 4
31 58 38 96 57 54 16
96 57 54 35 66 61 11
35 66 61 97 67 65 4
97 67 65 92 66 70 5
92 66 70 74 20 55 48
74 20 55 57 31 55 11
57 31 55 46 32 56 1
46 32 56 121 42 69 16
121 42 69 77 20 52 27
77 20 52 101 6 67 20
101 6 67 38 0 69 6
38 0 69 84 12 62 13
84 12 62 86 42 34 41
86 42 34 18 49 35 7
18 49 35 117 44 18 17
117 44 18 39 47 16 3
39 47 16 108 42 21 7
108 42 21 47 38 19 4
47 38 19 94 21 19 17
94 21 19 58 23 22 3
58 23 22 80 19 33 11
80 19 33 22 13 30 6
22 13 30 24 5 26 8
24 5 26 49 1 35 9
49 1 35 64 26 36 25
64 26 36 83 17 33 9
83 17 33 113 21 8 25
113 21 8 53 12 8 9
53 12 8 75 2 12 10
75 2 12 48 4 10 2
48 4 10 1 17 0 16
