1 39 33 69 34 25 9
69 34 25 31 15 34 21
31 15 34 20 17 48 14
20 17 48 86 26 47 9
86 26 47 96 22 49 4
96 22 49 26 23 31 18
26 23 31 58 25 26 5
58 25 26 95 2 47 31
95 2 47 5 6 44 5
5 6 44 22 2 53 9
22 2 53 51 0 60 7
51 0 60 50 4 39 21
50 4 39 60 9 51 13
60 9 51 94 11 54 3
94 11 54 39 8 57 4
39 8 57 0 58 13 66
0 58 13 30 78 7 20
30 78 7 53 72 6 6
53 72 6 42 54 9 18
42 54 9 57 46 4 9
57 46 4 65 30 0 16
65 30 0 52 59 19 34
52 59 19 67 54 42 23
67 54 42 15 53 41 1
15 53 41 55 16 78 52
55 16 78 13 31 88 18
13 31 88 29 39 91 8
29 39 91 74 34 96 7
74 34 96 66 43 81 17
66 43 81 35 52 85 9
35 52 85 79 47 88 5
79 47 88 75 26 85 21
75 26 85 28 31 82 5
28 31 82 83 23 94 14
83 23 94 25 3 74 28
25 3 74 56 9 64 11
56 9 64 77 6 64 3
77 6 64 49 8 93 29
49 8 93 2 6 87 6
2 6 87 37 5 93 6
37 5 93 61 2 92 3
61 2 92 91 15 84 15
91 15 84 32 14 87 3
32 14 87 59 39 59 37
59 39 59 41 29 58 10
41 29 58 90 33 70 12
90 33 70 62 56 44 34
62 56 44 8 59 41 4
8 59 41 23 59 46 5
23 59 46 81 55 55 9
81 55 55 38 58 44 11
38 58 44 70 52 16 28
70 52 16 71 68 16 16
71 68 16 73 95 75 64
73 95 75 6 75 71 20
6 75 71 68 60 72 15
68 60 72 48 66 68 7
48 66 68 88 55 68 11
88 55 68 64 52 69 3
64 52 69 17 91 93 45
17 91 93 10 89 91 2
10 89 91 44 72 96 17
44 72 96 14 77 95 5
14 77 95 24 57 97 20
24 57 97 87 58 94 3
87 58 94 40 70 96 12
40 70 96 93 67 93 4
93 67 93 16 63 89 5
16 63 89 80 83 90 20
80 83 90 21 81 89 2
21 81 89 84 96 90 15
84 96 90 36 92 53 37
36 92 53 18 91 46 7
18 91 46 27 87 40 7
27 87 40 19 86 52 12
19 86 52 12 80 54 6
12 80 54 43 93 79 28
43 93 79 46 88 83 6
46 88 83 3 88 79 4
3 88 79 89 87 67 12
89 87 67 11 85 69 2
11 85 69 76 63 1 71
76 63 1 78 87 29 36
78 87 29 54 81 22 9
54 81 22 63 93 13 15
63 93 13 72 78 23 18
72 78 23 33 77 20 3
33 77 20 82 79 43 23
82 79 43 4 74 42 5
4 74 42 47 69 37 7
47 69 37 92 77 41 8
92 77 41 85 15 10 69
85 15 10 9 15 11 1
9 15 11 45 2 6 13
45 2 6 34 2 20 14
34 2 20 97 32 22 30
97 32 22 7 31 16 6
7 31 16 1 39 33 18
