99 22 109 1 15 116 9
1 15 116 53 29 113 14
53 29 113 91 24 116 5
91 24 116 28 31 100 17
28 31 100 20 36 97 5
20 36 97 4 38 104 7
4 38 104 43 42 104 4
43 42 104 41 51 104 9
41 51 104 113 53 88 16
113 53 88 15 57 82 7
15 57 82 71 64 70 13
71 64 70 81 47 75 17
81 47 75 54 35 86 16
54 35 86 59 28 82 8
59 28 82 52 25 80 3
52 25 80 62 24 82 2
62 24 82 79 43 87 19
79 43 87 86 23 72 25
86 23 72 38 33 70 10
38 33 70 102 26 91 22
102 26 91 92 16 88 10
92 16 88 63 12 98 10
63 12 98 90 62 89 50
90 62 89 24 67 93 6
24 67 93 23 69 94 2
23 69 94 2 76 95 7
2 76 95 26 57 92 19
26 57 92 45 70 109 21
45 70 109 12 77 103 9
12 77 103 108 75 113 10
108 75 113 14 87 26 87
14 87 26 6 79 37 13
6 79 37 18 90 43 12
18 90 43 10 94 46 5
10 94 46 33 74 35 22
33 74 35 82 74 49 14
82 74 49 110 67 48 7
110 67 48 116 79 36 16
116 79 36 0 66 0 38
0 66 0 32 64 3 3
32 64 3 8 65 5 2
8 65 5 58 49 17 20
58 49 17 9 46 18 3
9 46 18 19 44 13 5
19 44 13 49 41 21 8
49 41 21 109 26 20 15
109 26 20 22 23 13 7
22 23 13 107 13 12 10
107 13 12 57 2 11 11
57 2 11 61 10 9 8
61 10 9 111 9 1 8
111 9 1 31 23 25 27
31 23 25 78 13 23 10
78 13 23 36 9 39 16
36 9 39 39 4 44 7
39 4 44 40 9 42 5
40 9 42 84 10 42 1
84 10 42 56 1 24 20
56 1 24 64 49 13 49
64 49 13 67 55 21 10
67 55 21 89 56 16 5
89 56 16 95 60 12 5
95 60 12 96 62 26 14
96 62 26 75 54 37 13
75 54 37 73 62 39 8
73 62 39 47 60 36 3
47 60 36 80 33 43 27
80 33 43 13 43 63 22
13 43 63 17 8 58 35
17 8 58 3 8 67 9
3 8 67 50 10 76 9
50 10 76 46 26 37 42
46 26 37 21 20 47 11
21 20 47 76 32 46 12
76 32 46 5 37 50 6
5 37 50 16 87 24 56
16 87 24 27 79 25 8
27 79 25 30 112 22 33
30 112 22 65 112 21 1
65 112 21 68 110 12 9
68 110 12 88 97 9 13
88 97 9 7 98 11 2
7 98 11 72 93 0 12
72 93 0 100 108 17 22
100 108 17 98 114 39 22
98 114 39 11 111 57 18
11 111 57 103 108 57 3
103 108 57 34 87 21 41
34 87 21 104 90 21 3
104 90 21 35 91 27 6
35 91 27 87 89 31 4
87 89 31 25 90 31 1
25 90 31 106 73 82 53
106 73 82 77 94 72 23
77 94 72 60 94 85 13
60 94 85 66 86 72 15
66 86 72 74 93 71 7
74 93 71 44 92 64 7
44 92 64 48 91 59 5
48 91 59 94 103 68 15
94 103 68 29 100 68 3
29 100 68 97 102 63 5
97 102 63 112 111 93 31
112 111 93 55 109 95 2
55 109 95 37 111 110 15
37 111 110 70 108 107 4
70 108 107 101 101 115 10
101 101 115 83 95 101 15
83 95 101 51 100 103 5
51 100 103 69 95 101 5
69 95 101 114 79 80 26
114 79 80 42 74 74 7
42 74 74 93 45 109 45
93 45 109 105 44 113 4
105 44 113 115 48 116 5
115 48 116 85 34 105 17
85 34 105 99 22 109 12
