66 49 30 1 51 21 9
1 51 21 44 55 16 6
44 55 16 77 43 16 12
77 43 16 23 62 4 22
23 62 4 113 49 1 13
113 49 1 108 55 3 6
108 55 3 54 54 6 3
54 54 6 122 78 0 24
122 78 0 63 85 7 9
63 85 7 20 91 13 8
20 91 13 8 88 18 5
8 88 18 49 95 8 12
49 95 8 123 74 5 21
123 74 5 57 62 25 23
57 62 25 24 73 18 13
24 73 18 82 65 70 52
82 65 70 59 52 73 13
59 52 73 64 45 68 8
64 45 68 46 37 63 9
46 37 63 32 34 62 3
32 34 62 19 34 58 4
19 34 58 47 35 60 2
47 35 60 125 57 75 26
125 57 75 109 61 87 12
109 61 87 41 53 88 8
41 53 88 13 51 100 12
13 51 100 27 47 96 5
27 47 96 76 47 87 9
76 47 87 88 64 99 20
88 64 99 103 73 90 12
103 73 90 3 69 87 5
3 69 87 0 84 107 25
0 84 107 5 90 101 8
5 90 101 9 92 112 11
9 92 112 14 92 125 13
14 92 125 58 95 125 3
58 95 125 72 98 127 3
72 98 127 22 68 118 31
22 68 118 43 74 122 7
43 74 122 35 82 126 8
35 82 126 48 47 120 35
48 47 120 7 45 113 7
7 45 113 51 17 128 31
51 17 128 31 3 122 15
31 3 122 70 40 119 37
70 40 119 129 36 119 4
129 36 119 6 36 112 7
6 36 112 75 51 116 15
75 51 116 52 115 130 65
52 115 130 53 125 124 11
53 125 124 95 109 118 17
95 109 118 92 99 88 31
92 99 88 60 104 79 10
60 104 79 101 98 73 8
101 98 73 73 124 60 29
73 124 60 33 116 50 12
33 116 50 89 114 43 7
89 114 43 37 122 62 20
37 122 62 42 113 64 9
42 113 64 100 106 63 7
100 106 63 15 103 56 7
15 103 56 121 107 58 4
121 107 58 69 118 22 37
69 118 22 45 113 19 5
45 113 19 98 131 15 18
98 131 15 83 130 9 6
83 130 9 102 126 33 24
102 126 33 117 116 33 10
117 116 33 104 115 12 21
104 115 12 28 108 12 7
28 108 12 80 104 11 4
80 104 11 36 119 16 15
36 119 16 96 114 2 14
96 114 2 67 119 5 5
67 119 5 110 117 5 2
110 117 5 97 124 6 7
97 124 6 81 105 97 92
81 105 97 40 115 94 10
40 115 94 65 124 82 15
65 124 82 17 128 84 4
17 128 84 74 130 98 14
74 130 98 112 128 91 7
112 128 91 90 85 79 44
90 85 79 26 90 72 8
26 90 72 68 89 81 9
68 89 81 105 89 80 1
105 89 80 120 37 87 52
120 37 87 11 39 92 5
11 39 92 16 33 94 6
16 33 94 106 19 95 14
106 19 95 61 22 98 4
61 22 98 87 24 99 2
87 24 99 85 16 93 10
85 16 93 10 17 93 1
10 17 93 39 14 92 3
39 14 92 115 7 82 12
115 7 82 111 2 90 9
111 2 90 18 5 88 3
18 5 88 116 11 106 18
116 11 106 127 10 107 1
127 10 107 126 2 106 8
126 2 106 114 30 79 38
114 30 79 21 25 85 7
21 25 85 38 24 90 5
38 24 90 25 12 50 41
25 12 50 78 8 47 5
78 8 47 62 14 32 16
62 14 32 91 26 52 23
91 26 52 29 26 49 3
29 26 49 30 31 55 7
30 31 55 119 0 60 31
119 0 60 56 29 68 30
56 29 68 4 24 64 6
4 24 64 124 34 88 26
124 34 88 107 83 57 57
107 83 57 86 96 40 21
86 96 40 12 86 38 10
12 86 38 71 50 44 36
71 50 44 55 51 40 4
55 51 40 2 62 43 11
2 62 43 79 54 57 16
79 54 57 94 5 4 72
94 5 4 50 25 4 20
50 25 4 93 20 4 5
93 20 4 34 19 6 2
34 19 6 131 17 7 2
131 17 7 118 16 3 4
118 16 3 130 24 12 12
130 24 12 99 21 21 9
99 21 21 84 9 14 13
84 9 14 128 3 1 14
128 3 1 66 49 30 54
