122 100 135 1 107 128 9
1 107 128 128 112 126 5
128 112 126 104 107 149 23
104 107 149 129 88 137 22
129 88 137 2 70 129 19
2 70 129 32 79 129 9
32 79 129 11 77 146 17
11 77 146 10 90 152 14
10 90 152 68 88 149 3
68 88 149 16 78 144 11
16 78 144 100 64 143 14
100 64 143 120 75 107 37
120 75 107 3 1 65 85
3 1 65 135 17 61 16
135 17 61 14 30 44 21
14 30 44 18 25 48 6
18 25 48 42 22 50 3
42 22 50 86 31 11 40
86 31 11 23 33 23 12
23 33 23 146 13 9 24
146 13 9 139 8 1 9
139 8 1 130 34 46 51
130 34 46 85 33 52 6
85 33 52 48 25 68 17
48 25 68 6 33 60 11
6 33 60 78 42 63 9
78 42 63 149 25 71 18
149 25 71 72 21 61 10
72 21 61 142 2 74 23
142 2 74 94 12 74 10
94 12 74 22 16 74 4
22 16 74 107 2 103 32
107 2 103 54 3 114 11
54 3 114 75 1 94 20
75 1 94 131 16 108 20
131 16 108 93 25 106 9
93 25 106 150 3 55 55
150 3 55 27 4 35 20
27 4 35 9 1 35 3
9 1 35 67 9 36 8
67 9 36 82 13 33 5
82 13 33 40 17 152 119
40 17 152 21 34 144 18
21 34 144 119 38 144 4
119 38 144 81 49 143 11
81 49 143 83 16 149 33
83 16 149 53 16 141 8
53 16 141 55 13 128 13
55 13 128 87 8 123 7
87 8 123 49 100 98 95
49 100 98 30 102 93 5
30 102 93 127 102 87 6
127 102 87 88 89 95 15
88 89 95 115 87 87 8
115 87 87 141 101 109 26
141 101 109 110 102 107 2
110 102 107 79 104 109 2
79 104 109 138 104 115 6
138 104 115 70 90 115 14
70 90 115 25 99 122 11
25 99 122 71 75 84 44
71 75 84 73 85 78 11
73 85 78 134 83 73 5
134 83 73 5 78 64 10
5 78 64 113 70 100 36
113 70 100 0 137 42 88
0 137 42 8 134 39 4
8 134 39 24 131 33 6
24 131 33 66 130 40 7
66 130 40 50 125 40 5
50 125 40 43 111 50 17
43 111 50 45 106 46 6
45 106 46 63 103 54 8
63 103 54 96 103 57 3
96 103 57 109 108 66 10
109 108 66 101 92 54 20
101 92 54 103 86 49 7
103 86 49 47 87 8 41
47 87 8 13 84 1 7
13 84 1 19 86 2 2
19 86 2 26 103 9 18
26 103 9 77 99 15 7
77 99 15 52 84 30 21
52 84 30 34 87 27 4
34 87 27 62 74 39 17
62 74 39 31 73 39 1
31 73 39 124 69 42 5
124 69 42 114 92 29 26
114 92 29 121 66 18 28
121 66 18 33 57 9 12
33 57 9 140 61 11 4
140 61 11 152 58 8 4
152 58 8 145 55 24 16
145 55 24 65 51 25 4
65 51 25 36 51 22 3
36 51 22 38 48 24 3
38 48 24 147 69 4 29
147 69 4 92 115 27 51
92 115 27 98 123 30 8
98 123 30 89 124 82 52
89 124 82 20 128 103 21
20 128 103 44 122 108 7
44 122 108 39 115 107 7
39 115 107 51 116 98 9
51 116 98 112 123 106 10
112 123 106 64 130 108 7
64 130 108 37 139 81 28
37 139 81 105 138 86 5
105 138 86 46 126 91 13
46 126 91 57 109 86 17
57 109 86 91 101 76 12
91 101 76 97 121 73 20
97 121 73 143 150 130 63
143 150 130 29 152 120 10
29 152 120 84 135 121 17
84 135 121 69 127 139 19
69 127 139 95 148 37 104
95 148 37 56 148 13 24
56 148 13 111 139 49 37
111 139 49 12 147 57 11
12 147 57 59 135 49 14
59 135 49 99 135 48 1
99 135 48 133 51 122 111
133 51 122 35 56 130 9
35 56 130 108 33 121 24
108 33 121 28 36 115 6
28 36 115 136 53 74 44
136 53 74 41 45 74 8
41 45 74 58 38 78 8
58 38 78 80 24 82 14
80 24 82 102 26 77 5
102 26 77 126 25 86 9
126 25 86 151 32 72 15
151 32 72 76 45 92 23
76 45 92 4 44 101 9
4 44 101 61 36 103 8
61 36 103 15 32 100 5
15 32 100 123 46 99 14
123 46 99 144 50 91 8
144 50 91 60 60 91 10
60 60 91 90 56 64 27
90 56 64 7 52 65 4
7 52 65 125 64 57 14
125 64 57 132 56 42 17
132 56 42 17 50 39 6
17 50 39 106 41 32 11
106 41 32 116 62 35 21
116 62 35 117 63 46 11
117 63 46 118 56 79 33
118 56 79 74 63 76 7
74 63 76 137 56 81 8
137 56 81 148 94 134 65
148 94 134 122 100 135 6
