1 21 18 13 32 33 18
13 32 33 0 44 17 20
0 44 17 2 39 16 5
2 39 16 46 40 17 1
46 40 17 25 41 21 4
25 41 21 49 36 22 5
49 36 22 52 48 28 13
52 48 28 32 38 2 27
32 38 2 12 33 7 7
12 33 7 24 25 4 8
24 25 4 50 41 0 16
50 41 0 53 63 6 22
53 63 6 29 67 9 5
29 67 9 63 59 13 8
63 59 13 18 61 15 2
18 61 15 28 66 17 5
28 66 17 44 55 12 12
44 55 12 66 61 4 10
66 61 4 40 55 6 6
40 55 6 22 54 0 6
22 54 0 58 52 51 51
58 52 51 15 55 50 3
15 55 50 30 58 57 7
30 58 57 20 63 68 12
20 63 68 23 50 49 23
23 50 49 41 51 55 6
41 51 55 38 49 60 5
38 49 60 64 49 67 7
64 49 67 45 49 42 25
45 49 42 10 44 45 5
10 44 45 37 61 37 18
37 61 37 7 64 42 5
7 64 42 65 65 39 3
65 65 39 48 54 44 12
48 54 44 43 55 45 1
43 55 45 51 52 43 3
51 52 43 55 34 68 30
55 34 68 59 37 56 12
59 37 56 54 33 47 9
54 33 47 33 30 52 5
33 30 52 62 18 68 20
62 18 68 42 18 59 9
42 18 59 61 2 65 17
61 2 65 34 5 67 3
34 5 67 21 30 24 49
21 30 24 9 27 23 3
9 27 23 8 27 19 4
8 27 19 57 29 21 2
57 29 21 36 31 21 2
36 31 21 56 22 39 20
56 22 39 19 23 47 8
19 23 47 16 15 45 8
16 15 45 31 8 48 7
31 8 48 26 9 50 2
26 9 50 68 26 44 18
68 26 44 35 19 34 12
35 19 34 6 1 33 18
6 1 33 11 2 32 1
11 2 32 17 15 35 13
17 15 35 5 20 13 22
5 20 13 39 21 13 1
39 21 13 14 4 10 17
14 4 10 47 1 12 3
47 1 12 67 12 8 11
67 12 8 60 14 20 12
60 14 20 4 7 22 7
4 7 22 3 0 22 7
3 0 22 27 4 27 6
27 4 27 1 21 18 19
