73 50 46 1 65 40 16
1 65 40 47 66 46 6
47 66 46 23 61 51 7
23 61 51 87 59 40 11
87 59 40 6 47 41 12
6 47 41 22 45 35 6
22 45 35 77 51 29 8
77 51 29 9 62 14 18
9 62 14 26 69 1 14
26 69 1 45 57 2 12
45 57 2 30 66 17 17
30 66 17 55 67 25 8
55 67 25 78 77 25 10
78 77 25 86 73 26 4
86 73 26 97 64 31 10
97 64 31 80 44 14 26
80 44 14 49 32 8 13
49 32 8 36 27 4 6
36 27 4 103 37 15 14
103 37 15 52 36 22 7
52 36 22 61 36 13 9
61 36 13 102 53 17 17
102 53 17 42 30 55 44
42 30 55 4 29 64 9
4 29 64 13 25 44 20
13 25 44 57 22 53 9
57 22 53 37 15 50 7
37 15 50 0 44 93 51
0 44 93 12 35 92 9
12 35 92 29 31 92 4
29 31 92 17 53 70 31
17 53 70 2 66 60 16
2 66 60 56 68 60 2
56 68 60 99 77 60 9
99 77 60 95 43 64 34
95 43 64 21 45 95 31
21 45 95 33 41 102 8
33 41 102 48 37 79 23
48 37 79 5 39 82 3
5 39 82 79 25 100 22
79 25 100 32 15 93 12
32 15 93 88 1 93 14
88 1 93 94 15 96 14
94 15 96 60 11 96 4
60 11 96 53 0 74 24
53 0 74 11 15 68 16
11 15 68 51 20 78 11
51 20 78 39 15 75 5
39 15 75 67 14 69 6
67 14 69 84 31 98 33
84 31 98 82 62 97 31
82 62 97 65 63 98 1
65 63 98 66 71 94 8
66 71 94 14 74 88 6
14 74 88 15 77 89 3
15 77 89 85 64 96 14
85 64 96 98 55 101 10
98 55 101 76 55 99 2
76 55 99 81 52 101 3
81 52 101 92 102 78 55
92 102 78 24 101 42 36
24 101 42 89 89 27 19
89 89 27 27 90 27 1
27 90 27 40 86 31 5
40 86 31 44 95 29 9
44 95 29 68 82 14 19
68 82 14 8 76 14 6
8 76 14 34 86 15 10
34 86 15 75 97 4 15
75 97 4 10 91 8 7
10 91 8 16 99 1 10
16 99 1 58 103 6 6
58 103 6 90 103 5 1
90 103 5 38 86 90 86
38 86 90 18 89 94 5
18 89 94 59 101 95 12
59 101 95 64 101 95 0
64 101 95 19 84 95 17
19 84 95 41 81 78 17
41 81 78 31 87 73 7
31 87 73 62 97 65 12
62 97 65 101 99 59 6
101 99 59 3 101 61 2
3 101 61 93 52 91 57
93 52 91 70 51 86 5
70 51 86 72 60 86 9
72 60 86 96 19 23 75
96 19 23 25 17 29 6
25 17 29 28 8 0 30
28 8 0 46 13 2 5
46 13 2 20 18 5 5
20 18 5 54 1 10 17
54 1 10 35 8 27 18
35 8 27 7 6 29 2
7 6 29 69 1 29 5
69 1 29 74 2 37 8
74 2 37 43 5 46 9
43 5 46 63 4 51 5
63 4 51 50 9 53 5
50 9 53 71 1 42 13
71 1 42 83 22 28 25
83 22 28 91 20 28 2
91 20 28 100 16 13 15
100 16 13 73 50 46 47
