131 129 100 1 123 98 6
1 123 98 27 138 103 15
27 138 103 36 121 91 20
36 121 91 22 125 84 8
22 125 84 82 125 82 2
82 125 82 148 118 88 9
148 118 88 0 120 112 24
0 120 112 6 57 34 100
6 57 34 21 43 53 23
21 43 53 3 59 68 21
3 59 68 70 59 77 9
70 59 77 119 65 54 23
119 65 54 120 57 60 10
120 57 60 4 50 88 28
4 50 88 32 67 90 17
32 67 90 86 72 81 10
86 72 81 130 66 79 6
130 66 79 49 48 86 19
49 48 86 124 44 91 6
124 44 91 23 38 100 10
23 38 100 71 38 82 18
71 38 82 8 47 59 24
8 47 59 62 36 63 11
62 36 63 113 29 56 9
113 29 56 29 24 49 8
29 24 49 15 19 52 5
15 19 52 140 30 56 11
140 30 56 122 30 70 14
122 30 70 87 1 72 29
87 1 72 101 20 67 19
101 20 67 79 18 61 6
79 18 61 152 16 69 8
152 16 69 110 38 53 27
110 38 53 42 88 10 65
42 88 10 41 150 9 62
41 150 9 76 140 0 13
76 140 0 112 154 22 26
112 154 22 73 152 27 5
73 152 27 47 139 25 13
47 139 25 81 93 28 46
81 93 28 72 94 26 2
72 94 26 94 78 25 16
94 78 25 95 86 28 8
95 86 28 5 82 30 4
5 82 30 106 112 5 39
106 112 5 108 124 10 13
108 124 10 68 125 16 6
68 125 16 85 119 16 6
85 119 16 134 83 1 39
134 83 1 135 70 3 13
135 70 3 107 71 0 3
107 71 0 54 17 19 57
54 17 19 44 30 33 19
44 30 33 43 34 23 10
43 34 23 141 14 44 29
141 14 44 31 11 43 3
31 11 43 60 7 48 6
60 7 48 84 35 2 53
84 35 2 96 19 21 24
96 19 21 105 10 25 9
105 10 25 133 10 16 9
133 10 16 111 16 8 10
111 16 8 11 13 4 5
11 13 4 143 18 2 5
143 18 2 63 17 7 5
63 17 7 83 57 39 51
83 57 39 56 58 39 1
56 58 39 150 50 22 18
150 50 22 74 59 18 9
74 59 18 57 152 91 118
57 152 91 19 150 98 7
19 150 98 121 153 97 3
121 153 97 33 140 88 15
33 140 88 97 134 88 6
97 134 88 59 151 74 22
59 151 74 114 145 72 6
114 145 72 26 142 71 3
26 142 71 80 137 67 6
80 137 67 52 137 65 2
52 137 65 90 146 60 10
90 146 60 38 142 75 15
38 142 75 77 145 76 3
77 145 76 61 106 116 55
61 106 116 37 99 129 14
37 99 129 7 97 135 6
7 97 135 55 89 124 13
55 89 124 24 91 130 6
24 91 130 104 92 150 20
104 92 150 115 93 152 2
115 93 152 139 97 153 4
139 97 153 117 89 152 8
117 89 152 145 89 154 2
145 89 154 65 96 95 59
65 96 95 9 52 125 53
9 52 125 46 45 110 16
46 45 110 51 35 118 12
51 35 118 64 55 110 21
64 55 110 91 69 128 22
91 69 128 20 60 131 9
20 60 131 149 62 125 6
149 62 125 48 68 144 19
48 68 144 92 60 150 10
92 60 150 116 73 111 41
116 73 111 25 77 106 6
25 77 106 103 47 151 54
103 47 151 100 33 151 14
100 33 151 39 28 139 13
39 28 139 126 14 110 32
126 14 110 12 18 96 14
12 18 96 53 3 97 15
53 3 97 69 23 98 20
69 23 98 17 30 101 7
17 30 101 16 22 112 13
16 22 112 137 29 108 8
137 29 108 118 32 111 4
118 32 111 40 14 126 23
40 14 126 18 8 132 8
18 8 132 89 7 154 22
89 7 154 58 9 153 2
58 9 153 132 10 125 28
132 10 125 123 11 116 9
123 11 116 14 15 117 4
14 15 117 144 54 124 39
144 54 124 28 92 95 47
28 92 95 34 86 90 7
34 86 90 45 85 94 4
45 85 94 88 89 103 9
88 89 103 78 111 84 29
78 111 84 98 107 59 25
98 107 59 2 109 61 2
2 109 61 128 124 64 15
128 124 64 50 124 55 9
50 124 55 151 127 66 11
151 127 66 30 100 50 31
30 100 50 67 96 48 4
67 96 48 99 102 54 8
99 102 54 154 118 37 23
154 118 37 10 142 43 24
10 142 43 109 148 42 6
109 148 42 13 128 37 20
13 128 37 125 95 89 61
125 95 89 75 121 128 46
75 121 128 129 122 133 5
129 122 133 136 121 137 4
136 121 137 147 128 140 7
147 128 140 93 120 146 10
93 120 146 153 111 135 14
153 111 135 142 108 144 9
142 108 144 66 106 151 7
66 106 151 102 149 130 47
102 149 130 127 146 137 7
127 146 137 35 149 151 14
35 149 151 146 148 140 11
146 148 140 138 136 117 25
138 136 117 131 129 100 18
