9 2 11 1 1 8 3
1 1 8 30 4 11 4
30 4 11 19 5 15 4
19 5 15 6 3 25 10
6 3 25 31 4 32 7
31 4 32 23 11 15 18
23 11 15 7 13 23 8
7 13 23 22 11 28 5
22 11 28 24 14 26 3
24 14 26 0 8 4 22
0 8 4 2 9 1 3
2 9 1 38 25 15 21
38 25 15 3 20 6 10
3 20 6 27 33 21 19
27 33 21 40 33 25 4
40 33 25 28 17 32 17
28 17 32 36 9 42 12
36 9 42 12 8 41 1
12 8 41 14 12 37 5
14 12 37 29 15 41 5
29 15 41 47 24 25 18
47 24 25 48 23 33 8
48 23 33 26 22 36 3
26 22 36 35 26 10 26
35 26 10 21 25 6 4
21 25 6 25 29 3 5
25 29 3 41 8 6 21
41 8 6 42 10 3 3
42 10 3 43 46 23 41
43 46 23 5 30 49 30
5 30 49 20 24 44 7
20 24 44 34 37 44 13
34 37 44 16 37 45 1
16 37 45 37 26 49 11
37 26 49 8 40 30 23
8 40 30 11 49 29 9
11 49 29 33 49 29 0
33 49 29 17 45 38 9
17 45 38 10 46 33 5
10 46 33 15 45 32 1
15 45 32 44 43 42 10
44 43 42 32 41 42 2
32 41 42 39 49 3 39
39 49 3 18 44 4 5
18 44 4 45 39 4 5
45 39 4 4 39 6 2
4 39 6 46 44 17 12
46 44 17 13 42 19 2
13 42 19 49 49 17 7
49 49 17 9 2 11 47
