16 88 57 1 88 57 0
1 88 57 48 84 56 4
48 84 56 45 91 64 10
45 91 64 3 90 65 1
3 90 65 0 87 36 29
0 87 36 22 90 31 5
22 90 31 28 92 31 2
28 92 31 62 83 29 9
62 83 29 27 63 76 51
27 63 76 4 35 61 31
4 35 61 17 20 50 18
17 20 50 31 16 52 4
31 16 52 57 17 60 8
57 17 60 79 15 61 2
79 15 61 36 16 68 7
36 16 68 84 18 41 27
84 18 41 37 35 74 37
37 35 74 52 38 66 8
52 38 66 59 36 55 11
59 36 55 85 48 54 12
85 48 54 30 52 55 4
30 52 55 53 49 59 5
53 49 59 23 1 87 55
23 1 87 39 1 67 20
39 1 67 26 1 48 19
26 1 48 91 2 69 21
91 2 69 49 12 86 19
49 12 86 78 20 82 8
78 20 82 8 25 77 7
8 25 77 19 28 88 11
19 28 88 55 63 74 37
55 63 74 29 65 67 7
29 65 67 68 71 78 12
68 71 78 5 77 81 6
5 77 81 6 78 83 2
6 78 83 66 79 81 2
66 79 81 56 82 74 7
56 82 74 73 49 73 33
73 49 73 9 49 68 5
9 49 68 54 50 79 11
54 50 79 81 46 80 4
81 46 80 7 47 83 3
7 47 83 77 67 87 20
77 67 87 35 71 86 4
35 71 86 58 76 88 5
58 76 88 47 75 48 40
47 75 48 10 79 51 5
10 79 51 12 80 48 3
12 80 48 41 67 50 13
41 67 50 51 58 55 10
51 58 55 87 55 47 8
87 55 47 50 79 42 24
50 79 42 64 74 1 41
64 74 1 38 71 2 3
38 71 2 20 68 5 4
20 68 5 74 60 3 8
74 60 3 69 59 8 5
69 59 8 67 54 7 5
67 54 7 24 70 1 17
24 70 1 61 87 5 17
61 87 5 76 73 12 15
76 73 12 2 71 10 2
2 71 10 80 66 11 5
80 66 11 72 68 27 16
72 68 27 18 59 22 10
18 59 22 75 51 18 8
75 51 18 21 26 14 25
21 26 14 15 31 22 9
15 31 22 34 37 24 6
34 37 24 63 13 22 24
63 13 22 25 6 21 7
25 6 21 46 17 22 11
46 17 22 71 1 29 17
71 1 29 43 7 38 10
43 7 38 65 24 7 35
65 24 7 82 9 4 15
82 9 4 14 8 4 1
14 8 4 86 37 10 29
86 37 10 33 42 4 7
33 42 4 60 48 2 6
60 48 2 42 70 21 29
42 70 21 44 51 31 21
44 51 31 40 42 31 9
40 42 31 32 36 42 12
32 36 42 13 45 42 9
13 45 42 70 67 33 23
70 67 33 92 59 40 10
92 59 40 83 91 40 32
83 91 40 90 92 45 5
90 92 45 89 80 58 17
89 80 58 11 80 64 6
11 80 64 88 76 60 5
88 76 60 16 88 57 12
