1 67 46 84 71 41 6
84 71 41 28 73 42 2
28 73 42 54 72 37 5
54 72 37 38 101 46 30
38 101 46 60 88 51 13
60 88 51 3 88 43 8
3 88 43 63 98 58 18
63 98 58 10 94 55 5
10 94 55 26 98 62 8
26 98 62 98 92 61 6
98 92 61 101 101 43 20
101 101 43 47 99 42 2
47 99 42 96 100 40 2
96 100 40 76 98 32 8
76 98 32 71 65 27 33
71 65 27 2 59 27 6
2 59 27 9 62 23 5
9 62 23 51 66 30 8
51 66 30 15 65 32 2
15 65 32 73 62 32 3
73 62 32 0 51 24 13
0 51 24 27 2 30 49
27 2 30 34 3 41 11
34 3 41 18 9 47 8
18 9 47 50 3 58 12
50 3 58 80 1 37 21
80 1 37 93 13 22 19
93 13 22 4 25 12 15
4 25 12 61 17 6 10
61 17 6 8 5 19 17
8 5 19 36 63 13 58
36 63 13 21 69 11 6
21 69 11 23 102 16 33
23 102 16 85 96 12 7
85 96 12 102 97 20 8
102 97 20 97 95 17 3
97 95 17 29 85 2 18
29 85 2 41 89 3 4
41 89 3 74 89 5 2
74 89 5 66 47 20 44
66 47 20 20 39 22 8
20 39 22 32 42 18 5
32 42 18 75 51 34 18
75 51 34 14 69 80 49
14 69 80 37 65 98 18
37 65 98 100 71 97 6
100 71 97 67 92 93 21
67 92 93 22 99 97 8
22 99 97 39 102 84 13
39 102 84 92 102 79 5
92 102 79 42 73 67 31
42 73 67 30 73 72 5
30 73 72 40 75 74 2
40 75 74 55 58 68 18
55 58 68 68 63 68 5
68 63 68 62 74 54 17
62 74 54 56 78 49 6
56 78 49 57 75 57 8
57 75 57 89 70 52 7
89 70 52 6 70 51 1
6 70 51 91 83 63 17
91 83 63 53 70 81 22
53 70 81 45 72 79 2
45 72 79 72 55 85 18
72 55 85 35 44 95 14
35 44 95 46 34 102 12
46 34 102 87 33 99 3
87 33 99 88 45 91 14
88 45 91 58 56 93 11
58 56 93 43 47 31 62
43 47 31 24 47 31 0
24 47 31 77 48 38 7
77 48 38 49 54 47 10
49 54 47 19 46 54 10
19 46 54 83 27 49 19
83 27 49 11 29 43 6
11 29 43 64 2 100 63
64 2 100 25 5 100 3
25 5 100 52 21 102 16
52 21 102 33 17 98 5
33 17 98 81 11 88 11
81 11 88 59 17 81 9
59 17 81 94 27 87 11
94 27 87 86 13 92 14
86 13 92 79 22 53 40
79 22 53 82 39 63 19
82 39 63 7 41 71 8
7 41 71 16 39 83 12
16 39 83 13 34 86 5
13 34 86 70 46 77 15
70 46 77 12 34 65 16
12 34 65 48 30 59 7
48 30 59 44 22 68 12
44 22 68 78 15 71 7
78 15 71 90 25 50 23
90 25 50 95 53 22 39
95 53 22 5 55 17 5
5 55 17 99 49 13 7
99 49 13 69 48 2 11
69 48 2 17 38 1 10
17 38 1 65 83 34 55
65 83 34 31 89 27 9
31 89 27 1 67 46 29
