5 28 21 1 29 14 7
1 29 14 44 30 10 4
44 30 10 13 43 8 13
13 43 8 0 43 47 39
0 43 47 7 46 35 12
7 46 35 9 39 31 8
9 39 31 2 41 35 4
2 41 35 23 50 39 9
23 50 39 12 44 51 13
12 44 51 18 45 44 7
18 45 44 25 51 50 8
25 51 50 35 46 47 5
35 46 47 47 39 43 8
47 39 43 14 28 43 11
14 28 43 19 22 49 8
19 22 49 50 17 45 6
50 17 45 27 13 47 4
27 13 47 21 27 35 18
21 27 35 43 17 37 10
43 17 37 49 1 48 19
49 1 48 10 0 46 2
10 0 46 15 35 42 35
15 35 42 24 37 46 4
24 37 46 30 42 40 7
30 42 40 16 41 13 27
16 41 13 20 35 2 12
20 35 2 4 24 0 11
4 24 0 48 22 6 6
48 22 6 31 47 16 26
31 47 16 26 47 22 6
26 47 22 6 42 23 5
6 42 23 46 48 22 6
46 48 22 8 35 19 13
8 35 19 37 37 21 2
37 37 21 45 36 17 4
45 36 17 11 28 24 10
11 28 24 28 25 28 5
28 25 28 17 1 21 25
17 1 21 34 11 13 12
34 11 13 41 12 5 8
41 12 5 22 11 4 1
22 11 4 32 13 5 2
32 13 5 40 7 2 6
40 7 2 3 8 2 1
3 8 2 39 4 4 4
39 4 4 51 16 3 12
51 16 3 36 0 22 24
36 0 22 38 20 24 20
38 20 24 29 19 21 3
29 19 21 42 14 23 5
42 14 23 33 12 20 3
33 12 20 5 28 21 16
