63 15 52 1 5 47 11
1 5 47 15 14 55 12
15 14 55 47 2 63 14
47 2 63 24 22 45 26
24 22 45 70 23 43 2
70 23 43 53 23 70 27
53 23 70 44 38 69 15
44 38 69 35 31 65 8
35 31 65 61 30 66 1
61 30 66 43 43 74 15
43 43 74 13 44 76 2
13 44 76 0 35 17 59
0 35 17 36 43 27 12
36 43 27 40 46 28 3
40 46 28 68 43 30 3
68 43 30 66 44 35 5
66 44 35 12 42 38 3
12 42 38 51 66 16 32
51 66 16 28 53 18 13
28 53 18 31 56 22 5
31 56 22 39 69 15 14
39 69 15 27 73 8 8
27 73 8 11 72 1 7
11 72 1 42 62 9 12
42 62 9 62 65 25 16
62 65 25 5 68 31 6
5 68 31 46 74 27 7
46 74 27 71 75 17 10
71 75 17 55 26 22 49
55 26 22 30 15 30 13
30 15 30 4 17 22 8
4 17 22 32 20 26 5
32 20 26 65 12 20 10
65 12 20 7 22 35 18
7 22 35 38 12 35 10
38 12 35 14 9 41 6
14 9 41 67 7 42 2
67 7 42 33 9 44 2
33 9 44 59 47 3 55
59 47 3 23 51 7 5
23 51 7 60 39 6 12
60 39 6 18 41 8 2
18 41 8 72 39 3 5
72 39 3 75 25 10 15
75 25 10 26 4 12 21
26 4 12 73 23 0 22
73 23 0 8 15 3 8
8 15 3 48 73 71 89
48 73 71 2 70 54 17
2 70 54 16 67 49 5
16 67 49 57 65 51 2
57 65 51 34 72 67 17
34 72 67 25 77 62 7
25 77 62 78 73 61 4
78 73 61 54 72 61 1
54 72 61 41 65 63 7
41 65 63 6 62 63 3
6 62 63 58 69 65 7
58 69 65 76 67 73 8
76 67 73 10 57 78 11
10 57 78 50 38 52 32
50 38 52 22 52 45 15
22 52 45 9 52 50 5
9 52 50 17 63 42 13
17 63 42 19 57 40 6
19 57 40 3 58 40 1
3 58 40 77 60 40 2
77 60 40 21 59 48 8
21 59 48 45 58 44 4
45 58 44 37 42 58 21
37 42 58 64 42 59 1
64 42 59 49 35 44 16
49 35 44 52 34 55 11
52 34 55 29 26 54 8
29 26 54 56 40 52 14
56 40 52 74 46 66 15
74 46 66 20 55 66 9
20 55 66 69 25 74 31
69 25 74 63 15 52 24
