1 1 40 114 29 33 28
114 29 33 22 37 24 12
22 37 24 99 40 27 4
99 40 27 116 39 34 7
116 39 34 75 23 22 20
75 23 22 79 32 13 12
79 32 13 18 39 0 14
18 39 0 106 40 9 9
106 40 9 57 44 10 4
57 44 10 84 8 3 36
84 8 3 66 2 14 12
66 2 14 83 18 38 28
83 18 38 85 30 46 14
85 30 46 88 53 34 25
88 53 34 3 48 30 6
3 48 30 15 45 24 6
15 45 24 82 47 33 9
82 47 33 125 46 29 4
125 46 29 5 64 12 24
5 64 12 47 68 29 17
47 68 29 28 65 24 5
28 65 24 33 78 30 14
33 78 30 102 83 29 5
102 83 29 120 70 24 13
120 70 24 72 96 81 62
72 96 81 9 58 83 38
9 58 83 40 53 76 8
40 53 76 41 24 76 29
41 24 76 46 23 90 14
46 23 90 126 24 66 24
126 24 66 65 39 84 23
65 39 84 6 37 99 15
6 37 99 38 41 102 5
38 41 102 60 46 98 6
60 46 98 63 42 104 7
63 42 104 92 30 100 12
92 30 100 76 38 73 28
76 38 73 74 60 65 23
74 60 65 54 64 58 8
54 64 58 96 58 86 28
96 58 86 17 53 88 5
17 53 88 7 45 91 8
7 45 91 42 85 98 40
42 85 98 36 76 86 15
36 76 86 98 67 105 21
98 67 105 44 57 108 10
44 57 108 95 50 106 7
95 50 106 121 60 115 13
121 60 115 123 76 109 17
123 76 109 111 90 96 19
111 90 96 0 117 111 30
0 117 111 11 85 120 33
11 85 120 62 85 115 5
62 85 115 27 85 117 2
27 85 117 93 87 128 11
93 87 128 25 91 130 4
25 91 130 117 88 127 4
117 88 127 108 44 126 44
108 44 126 4 31 121 13
4 31 121 35 32 124 3
35 32 124 70 18 128 14
70 18 128 16 22 129 4
16 22 129 101 23 113 16
101 23 113 2 18 114 5
2 18 114 23 19 110 4
23 19 110 87 2 110 17
87 2 110 24 9 111 7
24 9 111 43 5 100 11
43 5 100 77 2 96 5
77 2 96 90 2 113 17
90 2 113 122 1 129 16
122 1 129 127 75 123 74
127 75 123 97 77 130 7
97 77 130 37 106 101 41
37 106 101 50 106 97 4
50 106 97 53 98 99 8
53 98 99 51 96 95 4
51 96 95 103 102 112 18
103 102 112 86 100 106 6
86 100 106 64 124 112 24
64 124 112 52 128 113 4
52 128 113 67 119 99 16
67 119 99 12 128 103 9
12 128 103 94 112 126 28
94 112 126 56 117 124 5
56 117 124 61 111 125 6
61 111 125 13 109 127 2
13 109 127 109 123 69 59
109 123 69 49 118 70 5
49 118 70 34 117 69 1
34 117 69 78 113 73 5
78 113 73 68 118 82 10
68 118 82 81 129 58 26
81 129 58 89 126 44 14
89 126 44 10 126 44 0
10 126 44 107 126 59 15
107 126 59 124 107 60 19
124 107 60 100 111 56 5
100 111 56 112 89 47 23
112 89 47 14 93 57 10
14 93 57 31 95 41 16
31 95 41 91 94 44 3
91 94 44 69 102 36 11
69 102 36 59 114 39 12
59 114 39 48 116 47 8
48 116 47 71 80 47 36
71 80 47 113 102 17 37
113 102 17 45 91 25 13
45 91 25 26 93 32 7
26 93 32 21 91 31 2
21 91 31 32 94 30 3
32 94 30 55 86 21 12
55 86 21 58 113 16 27
58 113 16 8 121 20 8
8 121 20 128 122 21 1
128 122 21 80 101 26 21
80 101 26 118 92 72 46
118 92 72 104 86 66 8
104 86 66 73 86 67 1
73 86 67 115 101 71 15
115 101 71 105 47 42 61
105 47 42 19 47 40 2
19 47 40 30 45 56 16
30 45 56 130 50 46 11
130 50 46 29 7 36 44
29 7 36 119 8 50 14
119 8 50 39 18 54 10
39 18 54 110 2 68 21
110 2 68 20 9 67 7
20 9 67 129 13 61 7
129 13 61 1 1 40 24
