21 5 15 1 7 14 2
1 7 14 53 6 11 3
53 6 11 11 4 4 7
11 4 4 23 3 5 1
23 3 5 41 4 5 1
41 4 5 0 22 24 26
0 22 24 6 15 32 10
6 15 32 51 0 31 15
51 0 31 57 14 38 15
57 14 38 8 18 38 4
8 18 38 18 13 36 5
18 13 36 27 6 39 7
27 6 39 17 12 53 15
17 12 53 58 21 47 10
58 21 47 9 26 47 5
9 26 47 2 26 46 1
2 26 46 14 15 45 11
14 15 45 33 22 54 11
33 22 54 59 22 51 3
59 22 51 19 21 52 1
19 21 52 26 22 51 1
26 22 51 44 32 29 24
44 32 29 4 40 26 8
4 40 26 32 45 16 11
32 45 16 3 48 19 4
3 48 19 35 54 19 6
35 54 19 38 42 35 20
38 42 35 42 38 24 11
42 38 24 13 56 40 24
13 56 40 30 53 27 13
30 53 27 15 56 29 3
15 56 29 31 53 43 14
31 53 43 10 51 48 5
10 51 48 50 52 54 6
50 52 54 22 47 55 5
22 47 55 56 48 57 2
56 48 57 24 54 54 6
24 54 54 46 54 54 0
46 54 54 55 51 58 5
55 51 58 52 52 38 20
52 52 38 20 50 36 2
20 50 36 47 52 38 2
47 52 38 54 52 34 4
54 52 34 29 38 47 19
29 38 47 5 34 49 4
5 34 49 7 44 48 10
7 44 48 28 35 44 9
28 35 44 34 32 55 11
34 32 55 45 32 14 41
45 32 14 12 55 4 25
12 55 4 36 56 12 8
36 56 12 43 55 5 7
43 55 5 49 34 3 21
49 34 3 16 42 0 8
16 42 0 37 29 0 13
37 29 0 40 38 5 10
40 38 5 48 26 24 22
48 26 24 25 3 17 24
25 3 17 39 6 21 5
39 6 21 21 5 15 6
