78 24 47 1 31 49 7
1 31 49 25 37 38 12
25 37 38 18 40 41 4
18 40 41 86 41 40 1
86 41 40 23 25 26 21
23 25 26 12 63 38 39
12 63 38 5 72 20 20
5 72 20 36 70 10 10
36 70 10 61 80 16 11
61 80 16 39 83 23 7
39 83 23 11 66 51 32
11 66 51 45 68 53 2
45 68 53 38 67 36 17
38 67 36 73 54 34 13
73 54 34 0 12 2 52
0 12 2 4 23 9 13
4 23 9 60 20 13 5
60 20 13 3 21 16 3
3 21 16 71 20 8 8
71 20 8 24 13 82 74
24 13 82 13 44 76 31
13 44 76 32 48 56 20
32 48 56 7 51 48 8
7 51 48 69 47 50 4
69 47 50 43 43 51 4
43 43 51 14 38 54 5
14 38 54 82 34 54 4
82 34 54 33 56 80 34
33 56 80 34 61 84 6
34 61 84 65 46 69 21
65 46 69 21 44 67 2
21 44 67 42 51 65 7
42 51 65 68 42 69 9
68 42 69 67 37 71 5
67 37 71 75 37 79 8
75 37 79 35 32 76 5
35 32 76 6 28 78 4
6 28 78 56 30 79 2
56 30 79 41 32 76 3
41 32 76 19 21 86 14
19 21 86 47 21 86 0
47 21 86 48 29 83 8
48 29 83 29 86 70 58
29 86 70 8 85 50 20
8 85 50 49 77 42 11
49 77 42 57 77 61 19
57 77 61 81 68 76 17
81 68 76 9 73 80 6
9 73 80 30 79 81 6
30 79 81 54 61 65 24
54 61 65 52 23 71 38
52 23 71 63 5 49 28
63 5 49 27 0 57 9
27 0 57 76 1 60 3
76 1 60 59 6 42 18
59 6 42 77 29 68 34
77 29 68 37 23 62 8
37 23 62 85 31 61 8
85 31 61 58 2 78 33
58 2 78 31 11 10 68
31 11 10 79 11 17 7
79 11 17 10 15 15 4
10 15 15 22 10 20 7
22 10 20 62 12 21 2
62 12 21 64 8 22 4
64 8 22 72 8 2 20
72 8 2 26 18 22 22
26 18 22 28 7 30 13
28 7 30 44 16 23 11
44 16 23 50 18 21 2
50 18 21 66 41 20 23
66 41 20 2 43 18 2
2 43 18 16 42 28 10
16 42 28 17 52 23 11
17 52 23 20 36 19 16
20 36 19 55 45 22 9
55 45 22 74 47 23 2
74 47 23 84 44 12 11
84 44 12 46 45 3 9
46 45 3 51 54 9 10
51 54 9 53 56 12 3
53 56 12 70 30 20 27
70 30 20 15 34 26 7
15 34 26 40 28 16 11
40 28 16 83 33 13 5
83 33 13 80 41 36 24
80 41 36 78 24 47 20
