1 73 102 113 85 99 12
113 85 99 5 84 78 21
5 84 78 79 93 64 16
79 93 64 48 24 100 77
48 24 100 7 52 111 30
7 52 111 30 55 109 3
30 55 109 19 63 111 8
19 63 111 96 68 109 5
96 68 109 78 49 97 22
78 49 97 91 60 103 12
91 60 103 107 56 124 21
107 56 124 64 60 120 5
64 60 120 21 15 99 49
21 15 99 103 2 89 16
103 2 89 26 5 85 5
26 5 85 105 2 84 3
105 2 84 33 20 121 41
33 20 121 81 32 71 51
81 32 71 6 29 64 7
6 29 64 2 11 62 18
2 11 62 3 4 63 7
3 4 63 133 4 41 22
133 4 41 76 10 47 8
76 10 47 63 32 52 22
63 32 52 38 32 45 7
38 32 45 139 28 41 5
139 28 41 102 28 39 2
102 28 39 54 31 56 17
54 31 56 28 29 54 2
28 29 54 123 21 51 8
123 21 51 135 21 63 12
135 21 63 114 18 57 6
114 18 57 87 22 81 24
87 22 81 93 22 145 64
93 22 145 9 11 142 11
9 11 142 20 0 129 17
20 0 129 100 14 140 17
100 14 140 74 44 134 30
74 44 134 68 59 142 17
68 59 142 65 52 142 7
65 52 142 143 44 133 12
143 44 133 121 40 128 6
121 40 128 145 49 128 9
145 49 128 53 103 135 54
53 103 135 15 99 146 11
15 99 146 92 131 136 33
92 131 136 8 125 130 8
8 125 130 43 135 130 10
43 135 130 85 127 146 17
85 127 146 99 112 136 18
99 112 136 49 112 137 1
49 112 137 77 112 142 5
77 112 142 136 108 139 5
136 108 139 130 79 131 30
130 79 131 36 81 144 13
36 81 144 51 76 123 21
51 76 123 61 80 62 61
61 80 62 37 82 58 4
37 82 58 101 83 56 2
101 83 56 89 78 53 5
89 78 53 62 76 48 5
62 76 48 140 80 63 15
140 80 63 0 110 28 46
0 110 28 4 104 23 7
4 104 23 17 100 21 4
17 100 21 69 91 23 9
69 91 23 131 100 15 12
131 100 15 25 55 5 46
25 55 5 14 38 8 17
14 38 8 94 28 4 10
94 28 4 58 64 10 36
58 64 10 66 64 12 2
66 64 12 144 72 12 8
144 72 12 108 64 24 14
108 64 24 73 66 30 6
73 66 30 80 56 20 14
80 56 20 124 49 25 8
124 49 25 132 41 25 8
132 41 25 117 10 8 35
117 10 8 40 5 16 9
40 5 16 16 10 18 5
16 10 18 59 22 17 12
59 22 17 82 26 24 8
82 26 24 138 11 12 19
138 11 12 44 103 34 94
44 103 34 22 91 35 12
22 91 35 104 79 32 12
104 79 32 142 93 33 14
142 93 33 27 95 29 4
27 95 29 111 107 44 19
111 107 44 50 95 3 42
50 95 3 52 108 30 29
52 108 30 70 133 12 30
70 133 12 10 120 6 14
10 120 6 31 127 13 9
31 127 13 34 138 10 11
34 138 10 35 145 3 9
35 145 3 18 144 6 3
18 144 6 41 133 0 12
41 133 0 146 135 16 16
146 135 16 128 120 45 32
128 120 45 60 124 42 5
60 124 42 13 131 30 13
13 131 30 112 139 39 12
112 139 39 120 141 54 15
120 141 54 57 145 51 5
57 145 51 129 118 53 27
129 118 53 29 126 70 18
29 126 70 137 117 48 23
137 117 48 67 118 48 1
67 118 48 88 93 49 25
88 93 49 23 91 52 3
23 91 52 71 95 43 9
71 95 43 95 60 55 37
95 60 55 56 61 54 1
56 61 54 72 47 64 17
72 47 64 116 48 76 12
116 48 76 86 48 79 3
86 48 79 84 52 47 32
84 52 47 90 67 42 15
90 67 42 109 104 56 39
109 104 56 47 110 60 7
47 110 60 141 124 92 34
141 124 92 55 123 88 4
55 123 88 119 115 77 13
119 115 77 46 114 75 2
46 114 75 75 124 101 27
75 124 101 110 121 104 4
110 121 104 39 127 110 8
39 127 110 118 129 97 13
118 129 97 126 124 98 5
126 124 98 134 140 100 16
134 140 100 24 138 98 2
24 138 98 98 115 93 23
98 115 93 11 118 98 5
11 118 98 12 106 98 12
12 106 98 32 112 103 7
32 112 103 115 108 110 8
115 108 110 127 98 101 13
127 98 101 122 146 74 55
122 146 74 42 137 69 10
42 137 69 45 136 70 1
45 136 70 97 145 84 16
97 145 84 83 69 76 76
83 69 76 106 65 80 5
106 65 80 125 67 101 21
125 67 101 1 73 102 6
