1 53 68 0 49 100 32
0 49 100 17 42 106 9
17 42 106 40 20 102 22
40 20 102 28 3 86 23
28 3 86 24 1 84 2
24 1 84 30 7 87 6
30 7 87 33 0 81 9
33 0 81 34 5 82 5
34 5 82 45 4 82 1
45 4 82 104 3 100 18
104 3 100 62 20 106 18
62 20 106 76 28 89 18
76 28 89 80 23 91 5
80 23 91 90 19 86 6
90 19 86 47 16 77 9
47 16 77 92 16 88 11
92 16 88 100 17 100 12
100 17 100 44 28 24 76
44 28 24 2 18 42 20
2 18 42 59 10 57 17
59 10 57 77 3 59 7
77 3 59 79 14 67 13
79 14 67 88 14 72 5
88 14 72 61 0 43 32
61 0 43 8 0 44 1
8 0 44 86 1 38 6
86 1 38 68 9 40 8
68 9 40 57 7 46 6
57 7 46 89 12 45 5
89 12 45 11 27 10 38
11 27 10 3 35 4 10
3 35 4 15 47 19 19
15 47 19 12 59 23 12
12 59 23 84 67 25 8
84 67 25 21 8 19 59
21 8 19 6 8 8 11
6 8 8 37 9 26 18
37 9 26 13 2 28 7
13 2 28 85 1 25 3
85 1 25 60 16 23 15
60 16 23 75 3 19 13
75 3 19 54 4 17 2
54 4 17 39 23 31 23
39 23 31 43 28 39 9
43 28 39 46 30 36 3
46 30 36 42 35 29 8
42 35 29 55 84 6 54
55 84 6 27 75 12 10
27 75 12 29 59 0 20
29 59 0 95 89 10 31
95 89 10 58 95 11 6
58 95 11 64 97 19 8
64 97 19 9 91 24 7
9 91 24 19 103 16 14
19 103 16 73 103 11 5
73 103 11 69 98 18 8
69 98 18 98 40 38 61
98 40 38 22 47 36 7
22 47 36 36 46 44 8
36 46 44 81 35 46 11
81 35 46 94 38 45 3
94 38 45 51 87 77 58
51 87 77 18 75 72 13
18 75 72 32 76 63 9
32 76 63 53 77 55 8
53 77 55 97 73 65 10
97 73 65 7 69 62 5
7 69 62 35 87 79 24
35 87 79 38 89 82 3
38 89 82 56 90 94 12
56 90 94 41 98 90 8
41 98 90 4 99 99 9
4 99 99 63 95 76 23
63 95 76 52 96 67 9
52 96 67 14 104 64 8
14 104 64 93 104 82 18
93 104 82 99 103 80 2
99 103 80 91 90 51 31
91 90 51 5 90 54 3
5 90 54 103 90 54 0
103 90 54 50 106 38 22
50 106 38 67 104 50 12
67 104 50 66 85 36 23
66 85 36 70 94 36 9
70 94 36 49 90 32 5
49 90 32 65 91 37 5
65 91 37 74 88 41 5
74 88 41 72 87 51 10
72 87 51 87 82 44 8
87 82 44 96 77 39 7
96 77 39 71 72 104 65
71 72 104 105 82 105 10
105 82 105 102 57 93 27
102 57 93 16 61 97 5
16 61 97 83 66 88 10
83 66 88 23 41 66 33
23 41 66 20 35 58 10
20 35 58 48 38 61 4
48 38 61 106 29 59 9
106 29 59 101 27 69 10
101 27 69 26 61 56 36
26 61 56 10 66 52 6
10 66 52 25 54 49 12
25 54 49 31 50 56 8
31 50 56 82 59 39 19
82 59 39 78 53 66 27
78 53 66 1 53 68 2
