61 52 33 1 59 34 7
1 59 34 28 56 34 3
28 56 34 3 51 28 7
3 51 28 29 50 33 5
29 50 33 37 46 35 4
37 46 35 60 48 37 2
60 48 37 44 52 35 4
44 52 35 50 54 43 8
50 54 43 23 58 45 4
23 58 45 31 62 43 4
31 62 43 34 49 49 14
34 49 49 20 49 61 12
20 49 61 40 38 53 13
40 38 53 8 32 61 10
8 32 61 9 23 58 9
9 23 58 10 30 52 9
10 30 52 4 28 48 4
4 28 48 43 41 46 13
43 41 46 42 53 38 14
42 53 38 0 40 11 29
0 40 11 12 40 30 19
12 40 30 5 35 24 7
5 35 24 17 27 25 8
17 27 25 39 26 21 4
39 26 21 58 34 22 8
58 34 22 7 44 27 11
7 44 27 30 39 36 10
30 39 36 19 35 40 5
19 35 40 62 29 34 8
62 29 34 51 19 47 16
51 19 47 36 0 59 22
36 0 59 24 1 47 12
24 1 47 38 5 57 10
38 5 57 47 7 62 5
47 7 62 49 12 40 22
49 12 40 21 31 12 33
21 31 12 6 27 11 4
6 27 11 32 34 17 9
32 34 17 35 33 18 1
35 33 18 27 29 3 15
27 29 3 15 22 0 7
15 22 0 41 33 4 11
41 33 4 45 51 19 23
45 51 19 2 57 20 6
2 57 20 16 51 9 12
16 51 9 59 47 20 11
59 47 20 13 44 21 3
13 44 21 56 0 19 44
56 0 19 11 1 19 1
11 1 19 14 3 17 2
14 3 17 46 5 15 2
46 5 15 18 2 15 3
18 2 15 22 8 5 11
22 8 5 33 14 3 6
33 14 3 26 3 27 26
26 3 27 25 8 21 7
25 8 21 52 16 21 8
52 16 21 53 9 17 8
53 9 17 63 10 14 3
63 10 14 48 0 27 16
48 0 27 55 4 23 5
55 4 23 57 54 48 55
57 54 48 54 56 55 7
54 56 55 61 52 33 22
