1 1 55 33 2 49 6
33 2 49 24 3 43 6
24 3 43 43 0 31 12
43 0 31 8 5 23 9
8 5 23 36 1 17 7
36 1 17 19 20 27 21
19 20 27 6 16 16 11
6 16 16 46 13 19 4
46 13 19 47 10 21 3
47 10 21 54 11 15 6
54 11 15 2 13 15 2
2 13 15 52 8 10 7
52 8 10 12 0 1 12
12 0 1 13 4 11 10
13 4 11 18 15 24 17
18 15 24 15 17 25 2
15 17 25 0 38 50 32
0 38 50 27 56 24 31
27 56 24 37 56 26 2
37 56 26 44 46 27 10
44 46 27 48 35 24 11
48 35 24 49 53 20 18
49 53 20 35 52 14 6
35 52 14 31 49 48 34
31 49 48 14 55 42 8
14 55 42 51 49 53 12
51 49 53 5 50 51 2
5 50 51 38 26 41 26
38 26 41 26 23 38 4
26 23 38 16 20 38 3
16 20 38 30 27 43 8
30 27 43 32 22 46 5
32 22 46 28 19 45 3
28 19 45 45 13 49 7
45 13 49 39 37 38 26
39 37 38 22 43 41 6
22 43 41 55 28 54 19
55 28 54 21 16 37 20
21 16 37 20 17 37 1
20 17 37 25 36 10 33
25 36 10 11 39 4 6
11 39 4 9 48 1 9
9 48 1 41 56 3 8
41 56 3 23 39 9 18
23 39 9 29 30 3 10
29 30 3 3 29 2 1
3 29 2 4 30 5 3
4 30 5 10 24 10 7
10 24 10 40 28 7 5
40 28 7 34 42 10 14
34 42 10 17 46 12 4
17 46 12 42 47 7 5
42 47 7 50 52 7 5
50 52 7 53 46 7 6
53 46 7 56 41 8 5
56 41 8 7 2 53 59
7 2 53 1 1 55 2
