1 66 111 47 78 96 19
47 78 96 6 80 105 9
6 80 105 79 72 85 21
79 72 85 4 70 83 2
4 70 83 108 69 85 2
108 69 85 14 76 83 7
14 76 83 36 80 79 5
36 80 79 58 76 85 7
58 76 85 28 55 58 34
28 55 58 7 0 111 76
7 0 111 13 0 116 5
13 0 116 57 2 119 3
57 2 119 42 20 107 21
42 20 107 20 24 109 4
20 24 109 21 18 112 6
21 18 112 72 26 102 12
72 26 102 117 28 115 13
117 28 115 59 21 120 8
59 21 120 45 3 123 18
45 3 123 106 0 90 33
106 0 90 118 3 79 11
118 3 79 115 13 74 11
115 13 74 25 73 50 64
25 73 50 29 86 39 17
29 86 39 17 99 24 19
17 99 24 48 95 13 11
48 95 13 112 99 13 4
112 99 13 70 108 18 10
70 108 18 12 109 20 2
12 109 20 15 113 15 6
15 113 15 113 104 8 11
113 104 8 87 106 26 18
87 106 26 75 109 27 3
75 109 27 83 91 32 18
83 91 32 101 119 34 28
101 119 34 23 108 37 11
23 108 37 31 109 35 2
31 109 35 84 121 45 15
84 121 45 30 116 53 9
30 116 53 103 121 26 27
103 121 26 122 83 45 42
122 83 45 78 88 54 10
78 88 54 16 103 57 15
16 103 57 53 104 51 6
53 104 51 33 93 52 11
33 93 52 56 98 48 6
56 98 48 41 90 48 8
41 90 48 102 87 65 17
102 87 65 9 82 67 5
9 82 67 43 87 70 5
43 87 70 89 79 51 20
89 79 51 95 66 30 24
95 66 30 24 62 36 7
24 62 36 97 57 37 5
97 57 37 37 76 29 20
37 76 29 62 67 17 15
62 67 17 81 68 23 6
81 68 23 65 66 32 9
65 66 32 27 47 47 24
27 47 47 22 34 56 15
22 34 56 52 24 53 10
52 24 53 120 20 56 5
120 20 56 98 51 36 36
98 51 36 40 48 32 5
40 48 32 63 49 26 6
63 49 26 0 22 19 27
0 22 19 60 34 25 13
60 34 25 67 39 8 17
67 39 8 3 38 15 7
3 38 15 64 26 4 16
64 26 4 100 46 18 24
100 46 18 35 44 21 3
35 44 21 85 20 28 25
85 20 28 34 18 24 4
34 18 24 38 13 27 5
38 13 27 71 18 39 13
71 18 39 5 7 63 26
5 7 63 123 3 69 7
123 3 69 73 2 66 3
73 2 66 32 55 65 53
32 55 65 96 50 75 11
96 50 75 121 65 68 16
121 65 68 44 32 84 36
44 32 84 68 22 93 13
68 22 93 93 15 88 8
93 15 88 99 15 97 9
99 15 97 86 30 91 16
86 30 91 26 42 102 16
26 42 102 46 50 113 13
46 50 113 76 50 117 4
76 50 117 116 34 70 49
116 34 70 82 41 69 7
82 41 69 105 25 67 16
105 25 67 90 56 58 32
90 56 58 94 61 80 22
94 61 80 107 66 90 11
107 66 90 74 68 99 9
74 68 99 54 65 96 4
54 65 96 104 64 103 7
104 64 103 11 58 98 7
11 58 98 109 119 92 61
109 119 92 8 101 87 18
8 101 87 49 105 87 4
49 105 87 91 104 82 5
91 104 82 39 104 84 2
39 104 84 55 121 103 25
55 121 103 66 124 116 13
66 124 116 110 123 115 1
110 123 115 77 112 95 22
77 112 95 51 111 101 6
51 111 101 10 105 100 6
10 105 100 88 99 102 6
88 99 102 114 120 94 22
114 120 94 119 114 73 21
119 114 73 2 119 66 8
2 119 66 69 118 66 1
69 118 66 50 112 71 7
50 112 71 80 84 90 33
80 84 90 61 86 96 6
61 86 96 92 83 86 10
92 83 86 111 92 124 39
111 92 124 19 83 122 9
19 83 122 124 86 120 3
124 86 120 18 63 120 23
18 63 120 1 66 111 9
