41 25 14 1 4 9 21
1 4 9 4 7 19 10
4 7 19 64 12 1 18
64 12 1 19 40 41 48
19 40 41 2 36 54 13
2 36 54 12 30 73 19
12 30 73 96 19 84 15
96 19 84 93 20 87 3
93 20 87 7 24 87 4
7 24 87 102 27 87 3
102 27 87 119 34 79 10
119 34 79 36 44 60 21
36 44 60 69 0 61 44
69 0 61 33 2 45 16
33 2 45 38 7 55 11
38 7 55 95 11 48 8
95 11 48 66 11 67 19
66 11 67 61 15 69 4
61 15 69 73 16 61 8
73 16 61 28 15 63 2
28 15 63 107 15 54 9
107 15 54 71 54 62 39
71 54 62 74 65 68 12
74 65 68 29 70 64 6
29 70 64 59 66 64 4
59 66 64 121 71 73 10
121 71 73 100 30 50 47
100 30 50 11 18 43 13
11 18 43 0 123 67 107
0 123 67 23 118 92 25
23 118 92 46 122 105 13
46 122 105 17 123 105 1
17 123 105 62 127 108 5
62 127 108 90 118 110 9
90 118 110 70 120 87 23
70 120 87 37 122 88 2
37 122 88 79 125 84 5
79 125 84 82 111 94 17
82 111 94 117 103 90 8
117 103 90 45 91 88 12
45 91 88 15 83 88 8
15 83 88 39 77 80 10
39 77 80 98 108 86 31
98 108 86 35 114 64 22
35 114 64 13 102 62 12
13 102 62 116 95 63 7
116 95 63 22 91 68 6
22 91 68 89 91 77 9
89 91 77 51 86 78 5
51 86 78 126 83 62 16
126 83 62 26 82 64 2
26 82 64 20 82 65 1
20 82 65 114 84 64 2
114 84 64 10 88 63 4
10 88 63 47 85 68 5
47 85 68 54 99 40 31
54 99 40 48 87 41 12
48 87 41 75 98 42 11
75 98 42 25 93 47 7
25 93 47 120 124 6 51
120 124 6 56 124 0 6
56 124 0 123 121 1 3
123 121 1 115 109 0 12
115 109 0 94 106 2 3
94 106 2 86 119 9 14
86 119 9 112 116 11 3
112 116 11 101 123 6 8
101 123 6 63 116 52 46
63 116 52 111 115 40 12
111 115 40 67 122 69 29
67 122 69 81 97 122 58
81 97 122 6 113 118 16
6 113 118 18 118 122 6
18 118 122 55 112 125 6
55 112 125 113 109 116 9
113 109 116 31 90 120 19
31 90 120 50 84 113 9
50 84 113 43 85 116 3
43 85 116 57 29 124 56
57 29 124 80 19 121 10
80 19 121 85 36 127 18
85 36 127 14 57 115 24
14 57 115 9 58 105 10
9 58 105 44 59 106 1
44 59 106 97 0 113 59
97 0 113 3 6 100 14
3 6 100 16 5 104 4
16 5 104 52 6 100 4
52 6 100 32 9 115 15
32 9 115 108 7 114 2
108 7 114 104 43 91 42
104 43 91 5 44 81 10
5 44 81 21 63 90 21
21 63 90 27 57 84 8
27 57 84 58 39 86 18
58 39 86 60 47 88 8
60 47 88 53 53 96 10
53 53 96 84 26 98 27
84 26 98 42 24 101 3
42 24 101 109 31 116 16
109 31 116 77 29 108 8
77 29 108 65 96 111 67
65 96 111 78 94 104 7
78 94 104 72 97 99 5
72 97 99 24 31 31 94
24 31 31 34 24 31 7
34 24 31 122 29 25 7
122 29 25 91 36 38 14
91 36 38 118 38 44 6
118 38 44 83 37 44 1
83 37 44 87 41 48 5
87 41 48 124 61 25 30
124 61 25 40 67 17 10
40 67 17 30 75 22 9
30 75 22 103 62 13 15
103 62 13 105 57 9 6
105 57 9 106 89 19 33
106 89 19 125 89 27 8
125 89 27 76 45 12 46
76 45 12 49 45 2 10
49 45 2 68 45 5 3
68 45 5 128 37 9 8
128 37 9 88 55 17 19
88 55 17 8 48 27 12
8 48 27 110 68 33 20
110 68 33 99 71 32 3
99 71 32 127 67 44 12
127 67 44 92 22 21 50
92 22 21 41 25 14 7
