0 109 67 1 122 67 13
1 122 67 79 121 74 7
79 121 74 30 88 105 45
30 88 105 3 104 115 18
3 104 115 9 106 113 2
9 106 113 72 98 115 8
72 98 115 54 96 115 2
54 96 115 37 90 115 6
37 90 115 40 94 117 4
40 94 117 43 78 117 16
43 78 117 52 70 120 8
52 70 120 44 66 119 4
44 66 119 97 67 115 4
97 67 115 59 82 122 16
59 82 122 61 92 104 20
61 92 104 67 79 101 13
67 79 101 8 47 100 32
8 47 100 22 48 111 11
22 48 111 55 52 115 5
55 52 115 107 53 116 1
107 53 116 71 44 111 10
71 44 111 89 32 118 13
89 32 118 108 31 120 2
108 31 120 115 21 112 12
115 21 112 57 46 85 36
57 46 85 28 47 84 1
28 47 84 17 82 104 40
17 82 104 51 67 108 15
51 67 108 38 67 105 3
38 67 105 112 61 103 6
112 61 103 48 58 96 7
48 58 96 84 64 87 10
84 64 87 76 57 75 13
76 57 75 78 71 81 15
78 71 81 4 76 85 6
4 76 85 113 70 73 13
113 70 73 45 67 74 3
45 67 74 35 95 70 28
35 95 70 56 72 57 26
56 72 57 10 79 48 11
10 79 48 5 69 44 10
5 69 44 21 70 39 5
21 70 39 46 59 49 14
46 59 49 109 62 53 5
109 62 53 63 46 66 20
63 46 66 32 51 65 5
32 51 65 105 51 60 5
105 51 60 68 32 62 19
68 32 62 24 29 60 3
24 29 60 49 35 65 7
49 35 65 122 28 65 7
122 28 65 65 88 84 62
65 88 84 102 82 78 8
102 82 78 99 84 72 6
99 84 72 110 83 82 10
110 83 82 81 94 69 17
81 94 69 104 93 62 7
104 93 62 75 106 70 15
75 106 70 87 107 56 14
87 107 56 6 106 61 5
6 106 61 23 99 58 7
23 99 58 94 119 53 20
94 119 53 121 114 37 16
121 114 37 114 115 41 4
114 115 41 93 82 16 41
93 82 16 15 1 28 81
15 1 28 36 6 87 59
36 6 87 26 4 77 10
26 4 77 95 5 65 12
95 5 65 69 7 102 37
69 7 102 85 25 87 23
85 25 87 18 30 78 10
18 30 78 14 24 79 6
14 24 79 96 32 74 9
96 32 74 92 28 71 5
92 28 71 16 29 71 1
16 29 71 42 29 99 28
42 29 99 80 18 88 15
80 18 88 100 9 87 9
100 9 87 83 11 14 73
83 11 14 117 4 7 9
117 4 7 88 25 28 29
88 25 28 11 27 48 20
11 27 48 20 39 43 13
20 39 43 111 43 40 5
111 43 40 31 22 19 29
31 22 19 33 38 23 16
33 38 23 12 40 18 5
12 40 18 66 32 14 8
66 32 14 120 8 33 30
120 8 33 91 3 47 14
91 3 47 13 3 50 3
13 3 50 60 10 53 7
60 10 53 19 96 27 89
19 96 27 53 95 29 2
53 95 29 86 103 19 12
86 103 19 7 117 22 14
7 117 22 27 80 2 42
27 80 2 29 54 5 26
29 54 5 74 37 2 17
74 37 2 70 66 16 32
70 66 16 34 55 30 17
34 55 30 2 46 31 9
2 46 31 62 42 28 5
62 42 28 58 52 31 10
58 52 31 103 64 33 12
103 64 33 82 56 20 15
82 56 20 25 54 18 2
25 54 18 39 60 23 7
39 60 23 101 68 22 8
101 68 22 50 68 23 1
50 68 23 90 72 18 6
90 72 18 116 80 20 8
116 80 20 47 82 24 4
47 82 24 73 75 23 7
73 75 23 106 104 76 60
106 104 76 41 109 87 12
41 109 87 64 120 101 17
64 120 101 118 120 112 11
118 120 112 77 121 86 26
77 121 86 98 103 91 18
98 103 91 119 112 70 22
119 112 70 0 109 67 4
