1 63 16 34 60 19 4
34 60 19 20 56 12 8
20 56 12 42 55 14 2
42 55 14 52 54 14 1
52 54 14 45 59 4 11
45 59 4 64 65 1 6
64 65 1 59 49 9 17
59 49 9 43 46 14 5
43 46 14 49 71 43 38
49 71 43 47 65 32 12
47 65 32 16 54 52 22
16 54 52 2 64 54 10
2 64 54 50 67 51 4
50 67 51 48 69 55 4
48 69 55 6 50 50 19
6 50 50 9 56 51 6
9 56 51 0 2 36 56
0 2 36 7 12 6 31
7 12 6 5 22 10 10
5 22 10 14 32 0 14
14 32 0 23 38 1 6
23 38 1 69 39 5 4
69 39 5 8 38 8 3
8 38 8 66 31 4 8
66 31 4 67 28 3 3
67 28 3 17 24 19 16
17 24 19 39 10 18 14
39 10 18 19 7 20 3
19 7 20 37 15 16 8
37 15 16 40 9 19 6
40 9 19 63 5 2 17
63 5 2 62 6 2 1
62 6 2 18 0 48 46
18 0 48 29 0 74 26
29 0 74 26 15 73 15
26 15 73 22 19 75 4
22 19 75 71 19 74 1
71 19 74 41 16 68 6
41 16 68 36 7 60 12
36 7 60 53 9 40 20
53 9 40 21 13 47 8
21 13 47 3 23 58 14
3 23 58 12 26 64 6
12 26 64 13 16 52 15
13 16 52 25 14 40 12
25 14 40 35 21 38 7
35 21 38 54 22 38 1
54 22 38 73 23 38 1
73 23 38 28 73 62 55
28 73 62 27 67 62 6
27 67 62 46 63 68 7
46 63 68 11 60 74 6
11 60 74 55 70 62 15
55 70 62 74 75 74 13
74 75 74 32 53 53 30
32 53 53 65 52 53 1
65 52 53 51 38 40 19
51 38 40 10 32 26 15
10 32 26 24 37 29 5
24 37 29 75 26 26 11
75 26 26 15 33 45 20
15 33 45 30 28 46 5
30 28 46 38 45 43 17
38 45 43 31 49 44 4
31 49 44 70 44 48 6
70 44 48 72 41 34 14
72 41 34 58 47 64 30
58 47 64 57 67 47 26
57 67 47 68 64 49 3
68 64 49 60 72 43 10
60 72 43 4 75 43 3
4 75 43 44 56 21 29
44 56 21 61 64 11 12
61 64 11 33 73 4 11
33 73 4 56 73 14 10
56 73 14 1 63 16 10
