116 117 107 1 115 111 4
1 115 111 26 102 107 13
26 102 107 89 91 106 11
89 91 106 14 84 109 7
14 84 109 2 83 102 7
2 83 102 32 94 111 14
32 94 111 0 83 88 25
0 83 88 20 88 95 8
20 88 95 29 75 88 14
29 75 88 63 74 82 6
63 74 82 69 61 85 13
69 61 85 101 73 95 15
101 73 95 40 85 76 22
40 85 76 91 94 71 10
91 94 71 92 75 66 19
92 75 66 9 64 53 17
9 64 53 37 45 36 25
37 45 36 106 46 27 9
106 46 27 58 66 52 32
58 66 52 73 58 41 13
73 58 41 42 49 73 33
42 49 73 56 38 62 15
56 38 62 49 45 54 10
49 45 54 75 40 68 14
75 40 68 93 34 61 9
93 34 61 117 29 59 5
117 29 59 7 30 63 4
7 30 63 16 18 64 12
16 18 64 90 55 66 37
90 55 66 86 53 59 7
86 53 59 43 82 64 29
43 82 64 107 66 70 17
107 66 70 33 60 75 7
33 60 75 53 59 72 3
53 59 72 97 91 32 51
97 91 32 24 100 3 30
24 100 3 12 99 5 2
12 99 5 59 102 1 5
59 102 1 78 106 10 9
78 106 10 102 104 11 2
102 104 11 103 107 14 4
103 107 14 39 110 21 7
39 110 21 100 106 1 20
100 106 1 27 90 48 49
27 90 48 110 92 53 5
110 92 53 30 65 6 54
30 65 6 15 69 6 4
15 69 6 28 40 8 29
28 40 8 22 45 11 5
22 45 11 72 35 22 14
72 35 22 98 27 28 10
98 27 28 21 26 30 2
21 26 30 113 38 29 12
113 38 29 88 33 6 23
88 33 6 41 68 2 35
41 68 2 6 75 0 7
6 75 0 81 75 4 4
81 75 4 48 15 7 60
48 15 7 35 12 7 3
35 12 7 85 9 0 7
85 9 0 96 8 5 5
96 8 5 94 8 20 15
94 8 20 25 15 29 11
25 15 29 82 18 35 6
82 18 35 112 0 19 24
112 0 19 114 20 18 20
114 20 18 79 69 18 49
79 69 18 10 63 23 7
10 63 23 50 96 39 36
50 96 39 52 90 20 19
52 90 20 38 90 12 8
38 90 12 80 89 3 9
80 89 3 57 99 27 26
57 99 27 99 101 20 7
99 101 20 115 101 26 6
115 101 26 77 118 40 22
77 118 40 4 109 55 17
4 109 55 54 102 49 9
54 102 49 66 107 58 10
66 107 58 67 112 54 6
67 112 54 87 79 26 43
87 79 26 61 76 28 3
61 76 28 105 99 88 64
105 99 88 13 110 84 11
13 110 84 3 113 81 4
3 113 81 76 110 70 11
76 110 70 11 109 73 3
11 109 73 47 118 82 12
47 118 82 23 102 96 21
23 102 96 31 96 97 6
31 96 97 108 25 110 72
108 25 110 68 5 84 32
68 5 84 19 24 78 19
19 24 78 5 25 77 1
5 25 77 51 15 76 10
51 15 76 65 3 66 15
65 3 66 17 8 48 18
17 8 48 18 14 53 7
18 14 53 36 10 44 9
36 10 44 95 5 49 7
95 5 49 71 24 97 51
71 24 97 111 20 88 9
111 20 88 74 21 87 1
74 21 87 64 20 83 4
64 20 83 70 22 84 2
70 22 84 83 15 113 29
83 15 113 109 29 114 14
109 29 114 118 37 93 22
118 37 93 8 34 103 10
8 34 103 44 38 82 21
44 38 82 62 50 96 18
62 50 96 55 55 94 5
55 55 94 84 43 96 12
84 43 96 104 74 109 33
104 74 109 60 58 117 17
60 58 117 45 50 113 8
45 50 113 46 58 112 8
46 58 112 34 109 110 51
34 109 110 116 117 107 8
