19 27 12 1 26 12 1
1 26 12 16 28 9 3
16 28 9 2 29 10 1
2 29 10 22 30 11 1
22 30 11 0 30 17 6
0 30 17 5 2 27 29
5 2 27 15 4 24 3
15 4 24 12 5 23 1
12 5 23 21 4 19 4
21 4 19 6 2 17 2
6 2 17 8 0 14 3
8 0 14 13 0 11 3
13 0 11 10 29 18 29
10 29 18 11 24 20 5
11 24 20 18 27 29 9
18 27 29 25 31 20 9
25 31 20 31 16 21 15
31 16 21 14 15 9 12
14 15 9 9 14 12 3
9 14 12 27 11 1 11
27 11 1 7 14 1 3
7 14 1 28 7 9 10
28 7 9 29 19 1 14
29 19 1 3 21 1 2
3 21 1 26 20 1 1
26 20 1 17 16 27 26
17 16 27 24 20 22 6
24 20 22 30 20 25 3
30 20 25 20 25 8 17
20 25 8 4 25 3 5
4 25 3 23 22 13 10
23 22 13 19 27 12 5
