8 1 30 1 1 13 17
1 1 13 100 15 28 20
100 15 28 20 18 18 10
20 18 18 131 18 44 26
131 18 44 63 14 42 4
63 14 42 126 20 45 6
126 20 45 23 3 55 19
23 3 55 12 23 72 26
12 23 72 0 53 57 33
0 53 57 17 133 42 81
17 133 42 46 121 59 20
46 121 59 25 117 63 5
25 117 63 81 112 61 5
81 112 61 107 120 53 11
107 120 53 114 128 77 25
114 128 77 56 125 88 11
56 125 88 78 126 68 20
78 126 68 52 129 48 20
52 129 48 9 133 57 9
9 133 57 61 136 66 9
61 136 66 124 133 69 4
124 133 69 72 134 48 21
72 134 48 96 129 11 37
96 129 11 90 119 13 10
90 119 13 36 107 6 13
36 107 6 74 103 1 6
74 103 1 133 113 11 14
133 113 11 102 130 3 18
102 130 3 112 123 1 7
112 123 1 109 126 39 38
109 126 39 28 114 37 12
28 114 37 21 105 38 9
21 105 38 34 98 30 10
34 98 30 40 114 30 16
40 114 30 76 109 34 6
76 109 34 137 124 40 16
137 124 40 121 137 30 16
121 137 30 130 127 110 80
130 127 110 67 123 132 22
67 123 132 45 130 128 8
45 130 128 44 136 126 6
44 136 126 50 113 133 24
50 113 133 89 112 104 29
89 112 104 83 110 118 14
83 110 118 70 116 124 8
70 116 124 91 104 115 15
91 104 115 87 107 104 11
87 107 104 95 92 105 15
95 92 105 55 88 100 6
55 88 100 41 92 98 4
41 92 98 101 114 95 22
101 114 95 136 133 101 19
136 133 101 39 58 59 85
39 58 59 97 63 62 5
97 63 62 48 56 68 9
48 56 68 5 58 68 2
5 58 68 135 62 68 4
135 62 68 49 59 76 8
49 59 76 88 56 91 15
88 56 91 13 65 100 12
13 65 100 30 75 108 12
30 75 108 18 78 115 7
18 78 115 119 77 114 1
119 77 114 47 77 107 7
47 77 107 73 83 110 6
73 83 110 122 82 104 6
122 82 104 86 58 96 25
86 58 96 120 65 80 17
120 65 80 6 72 88 10
6 72 88 37 75 93 5
37 75 93 117 80 93 5
117 80 93 80 57 68 33
80 57 68 85 27 99 43
85 27 99 35 2 90 26
35 2 90 11 5 87 4
11 5 87 33 3 97 10
33 3 97 22 1 102 5
22 1 102 71 34 84 37
71 34 84 127 42 83 8
127 42 83 75 12 117 45
75 12 117 68 0 136 22
68 0 136 69 20 122 24
69 20 122 92 10 125 10
92 10 125 103 4 122 6
103 4 122 123 5 111 11
123 5 111 29 10 109 5
29 10 109 54 11 102 7
54 11 102 111 27 99 16
111 27 99 134 46 106 20
134 46 106 19 45 108 2
19 45 108 24 51 113 7
24 51 113 38 67 122 18
38 67 122 32 53 136 19
32 53 136 7 49 133 5
7 49 133 104 64 134 15
104 64 134 66 74 122 15
66 74 122 94 74 124 2
94 74 124 58 38 117 36
58 38 117 4 37 127 10
4 37 127 3 40 136 9
3 40 136 62 37 114 22
62 37 114 79 43 102 13
79 43 102 65 41 51 51
65 41 51 59 42 59 8
59 42 59 110 47 50 10
110 47 50 82 75 20 41
82 75 20 15 67 13 10
15 67 13 16 77 35 24
16 77 35 113 88 12 25
113 88 12 115 87 8 4
115 87 8 116 98 19 15
116 98 19 99 55 35 45
99 55 35 84 31 13 32
84 31 13 2 35 22 9
2 35 22 14 45 13 13
14 45 13 105 59 52 41
105 59 52 98 59 45 7
98 59 45 129 86 54 28
129 86 54 26 78 70 17
26 78 70 27 78 76 6
27 78 76 93 93 62 20
93 93 62 42 94 71 9
42 94 71 31 90 80 9
31 90 80 53 87 85 5
53 87 85 108 95 73 14
108 95 73 118 103 72 8
118 103 72 10 103 72 0
10 103 72 60 111 80 11
60 111 80 77 107 76 5
77 107 76 64 106 79 3
64 106 79 125 90 55 28
125 90 55 51 101 51 11
51 101 51 128 96 51 5
128 96 51 132 80 49 16
132 80 49 43 5 63 76
43 5 63 57 0 66 5
57 0 66 106 14 32 36
106 14 32 8 1 30 13
