1 85 134 65 65 121 23
65 65 121 35 63 132 11
35 63 132 113 60 132 3
113 60 132 122 66 133 6
122 66 133 30 72 147 15
30 72 147 105 55 92 57
105 55 92 6 54 78 14
6 54 78 87 65 90 16
87 65 90 32 66 94 4
32 66 94 53 30 64 46
53 30 64 12 26 4 60
12 26 4 8 27 1 3
8 27 1 46 14 8 14
46 14 8 3 8 1 9
3 8 1 33 17 6 10
33 17 6 114 8 9 9
114 8 9 83 1 20 13
83 1 20 96 28 19 27
96 28 19 74 36 14 9
74 36 14 56 38 15 2
56 38 15 136 26 25 15
136 26 25 100 27 27 2
100 27 27 99 64 2 44
99 64 2 71 82 10 19
71 82 10 112 56 2 27
112 56 2 51 3 115 124
51 3 115 4 19 111 16
4 19 111 119 33 116 14
119 33 116 26 32 111 5
26 32 111 127 43 115 11
127 43 115 124 14 116 29
124 14 116 64 14 120 4
64 14 120 24 10 147 27
24 10 147 106 19 140 11
106 19 140 57 28 136 9
57 28 136 7 36 129 10
7 36 129 77 28 131 8
77 28 131 115 31 140 9
115 31 140 92 15 135 16
92 15 135 55 16 133 2
55 16 133 128 8 128 9
128 8 128 104 2 129 6
104 2 129 147 6 124 6
147 6 124 0 83 49 107
0 83 49 41 75 47 8
41 75 47 18 78 38 9
18 78 38 97 69 39 9
97 69 39 132 73 30 9
132 73 30 52 78 31 5
52 78 31 61 63 30 15
61 63 30 63 99 48 40
63 99 48 23 116 28 26
23 116 28 16 126 33 11
16 126 33 101 117 4 30
101 117 4 19 130 14 16
19 130 14 116 131 10 4
116 131 10 31 132 7 3
31 132 7 59 144 6 12
59 144 6 76 100 0 44
76 100 0 110 116 0 16
110 116 0 118 106 21 23
118 106 21 81 100 14 9
81 100 14 17 92 18 8
17 92 18 58 111 60 46
58 111 60 5 102 58 9
5 102 58 62 133 71 33
62 133 71 44 132 77 6
44 132 77 79 145 89 17
79 145 89 43 144 86 3
43 144 86 80 130 102 21
80 130 102 102 129 115 13
102 129 115 125 141 116 12
125 141 116 139 122 121 19
139 122 121 133 126 123 4
133 126 123 142 120 105 18
142 120 105 20 114 112 9
20 114 112 108 144 99 32
108 144 99 45 146 101 2
45 146 101 89 134 56 46
89 134 56 22 130 50 7
22 130 50 68 139 55 10
68 139 55 47 144 42 13
47 144 42 109 149 65 23
109 149 65 25 146 56 9
25 146 56 149 124 79 31
149 124 79 2 118 80 6
2 118 80 123 116 63 17
123 116 63 82 110 71 10
82 110 71 146 108 79 8
146 108 79 103 105 45 34
103 105 45 98 98 37 10
98 98 37 120 110 50 17
120 110 50 135 116 45 7
135 116 45 49 117 41 4
49 117 41 121 90 54 29
121 90 54 134 64 55 26
134 64 55 11 62 64 9
11 62 64 95 53 49 17
95 53 49 69 52 26 23
69 52 26 126 72 66 44
126 72 66 72 69 73 7
72 69 73 75 66 74 3
75 66 74 13 68 80 6
13 68 80 140 77 81 9
140 77 81 39 82 83 5
39 82 83 144 80 88 5
144 80 88 54 46 60 44
54 46 60 78 27 41 26
78 27 41 37 26 42 1
37 26 42 73 35 45 9
73 35 45 88 36 57 12
88 36 57 130 24 59 12
130 24 59 117 17 52 9
117 17 52 85 5 47 13
85 5 47 21 8 51 5
21 8 51 148 30 86 41
148 30 86 28 32 94 8
28 32 94 38 22 93 10
38 22 93 27 16 99 8
27 16 99 131 68 102 52
131 68 102 14 61 100 7
14 61 100 40 76 94 16
40 76 94 34 84 91 8
34 84 91 42 83 94 3
42 83 94 67 102 100 19
67 102 100 15 102 93 7
15 102 93 91 99 104 11
91 99 104 143 47 86 55
143 47 86 90 58 124 39
90 58 124 94 58 121 3
94 58 121 93 72 115 15
93 72 115 10 80 108 10
10 80 108 137 87 116 10
137 87 116 111 49 131 40
111 49 131 84 40 139 12
84 40 139 70 38 144 5
70 38 144 138 104 148 66
138 104 148 129 104 140 8
129 104 140 86 98 137 6
86 98 137 60 94 142 6
60 94 142 145 108 126 21
145 108 126 141 136 136 29
141 136 136 9 149 143 14
9 149 143 48 120 135 30
48 120 135 36 126 133 6
36 126 133 50 135 142 12
50 135 142 107 141 129 14
107 141 129 29 141 128 1
29 141 128 66 87 140 55
66 87 140 1 85 134 6
