81 88 76 1 99 62 17
1 99 62 34 100 44 18
34 100 44 20 105 28 16
20 105 28 28 117 18 15
28 117 18 3 115 19 2
3 115 19 14 124 28 12
14 124 28 102 101 33 23
102 101 33 22 84 75 45
22 84 75 9 88 65 10
9 88 65 15 74 78 19
15 74 78 59 52 61 27
59 52 61 41 62 82 23
41 62 82 76 67 89 8
76 67 89 4 70 84 5
4 70 84 44 40 60 38
44 40 60 39 40 51 9
39 40 51 66 35 66 15
66 35 66 0 7 91 37
0 7 91 29 1 116 25
29 1 116 51 6 76 40
51 6 76 65 22 90 21
65 22 90 46 40 85 18
46 40 85 45 37 83 3
45 37 83 52 40 81 3
52 40 81 37 41 73 8
37 41 73 19 36 75 5
19 36 75 73 45 93 20
73 45 93 42 47 87 6
42 47 87 91 17 83 30
91 17 83 124 19 97 14
124 19 97 48 15 93 5
48 15 93 71 0 48 47
71 0 48 57 12 38 15
57 12 38 33 18 48 11
33 18 48 101 24 43 7
101 24 43 23 26 47 4
23 26 47 98 15 26 23
98 15 26 120 24 2 25
120 24 2 103 26 10 8
103 26 10 2 20 17 9
2 20 17 35 19 18 1
35 19 18 108 40 11 22
108 40 11 72 50 10 10
72 50 10 93 34 16 17
93 34 16 58 32 23 7
58 32 23 127 0 36 34
127 0 36 55 1 25 11
55 1 25 85 4 27 3
85 4 27 84 9 103 76
84 9 103 129 14 105 5
129 14 105 112 27 112 14
112 27 112 11 102 118 75
11 102 118 25 131 119 29
25 131 119 24 132 96 23
24 132 96 116 129 92 5
116 129 92 70 118 95 11
70 118 95 64 86 120 40
64 86 120 18 85 121 1
18 85 121 88 93 103 19
88 93 103 114 88 93 11
114 88 93 96 105 116 28
96 105 116 100 115 108 12
100 115 108 12 30 109 85
12 30 109 40 39 111 9
40 39 111 60 25 106 14
60 25 106 83 28 101 5
83 28 101 63 47 129 33
63 47 129 54 53 128 6
54 53 128 121 68 132 15
121 68 132 26 75 132 7
26 75 132 68 33 118 44
68 33 118 80 21 118 12
80 21 118 86 16 116 5
86 16 116 117 20 120 5
117 20 120 131 23 122 3
131 23 122 113 63 106 43
113 63 106 31 48 106 15
31 48 106 50 65 102 17
50 65 102 87 66 108 6
87 66 108 106 71 102 7
106 71 102 17 74 95 7
17 74 95 119 19 67 61
119 19 67 30 8 61 12
30 8 61 13 10 64 3
13 10 64 78 28 60 18
78 28 60 53 31 53 7
53 31 53 77 28 66 13
77 28 66 105 15 67 13
105 15 67 99 11 68 4
99 11 68 104 60 44 54
104 60 44 21 46 31 19
21 46 31 32 45 23 8
32 45 23 6 54 19 9
6 54 19 49 42 25 13
49 42 25 107 41 18 7
107 41 18 38 51 33 18
38 51 33 115 50 37 4
115 50 37 111 30 35 20
111 30 35 36 32 36 2
36 32 36 61 80 32 48
61 80 32 43 81 35 3
43 81 35 62 87 42 9
62 87 42 10 94 33 11
10 94 33 5 97 28 5
5 97 28 89 87 51 25
89 87 51 118 89 40 11
118 89 40 132 82 27 14
132 82 27 74 79 7 20
74 79 7 8 85 16 10
8 85 16 56 99 4 18
56 99 4 92 113 1 14
92 113 1 95 112 8 7
95 112 8 94 55 47 69
94 55 47 126 48 44 7
126 48 44 122 69 52 22
122 69 52 130 64 28 24
130 64 28 7 72 26 8
7 72 26 90 98 75 55
90 98 75 109 110 78 12
109 110 78 16 122 79 12
16 122 79 82 122 80 1
82 122 80 128 128 69 12
128 128 69 75 132 52 17
75 132 52 27 123 51 9
27 123 51 79 119 54 5
79 119 54 97 105 83 32
97 105 83 67 99 82 6
67 99 82 125 106 87 8
125 106 87 123 109 67 20
123 109 67 69 108 63 4
69 108 63 47 111 62 3
47 111 62 110 88 82 30
110 88 82 81 88 76 6
