1 29 100 77 25 91 9
77 25 91 21 44 84 20
21 44 84 30 43 88 4
30 43 88 57 47 92 5
57 47 92 55 44 96 5
55 44 96 32 39 74 22
32 39 74 13 44 70 6
13 44 70 72 35 67 9
72 35 67 3 36 70 3
3 36 70 95 36 58 12
95 36 58 29 36 58 0
29 36 58 86 30 61 6
86 30 61 108 35 56 7
108 35 56 105 37 78 22
105 37 78 67 53 90 20
67 53 90 38 10 100 44
38 10 100 11 17 100 7
11 17 100 65 16 94 6
65 16 94 64 16 94 0
64 16 94 53 3 79 19
53 3 79 5 2 79 1
5 2 79 43 14 73 13
43 14 73 2 7 65 10
2 7 65 83 17 64 10
83 17 64 31 19 65 2
31 19 65 54 6 98 35
54 6 98 62 28 77 30
62 28 77 48 28 71 6
48 28 71 46 27 72 1
46 27 72 0 86 59 60
0 86 59 19 80 54 7
19 80 54 39 56 26 36
39 56 26 37 52 28 4
37 52 28 41 49 29 3
41 49 29 63 43 31 6
63 43 31 112 46 21 10
112 46 21 85 41 22 5
85 41 22 42 57 18 16
42 57 18 56 44 4 19
56 44 4 66 69 11 25
66 69 11 6 68 0 11
6 68 0 27 61 0 7
27 61 0 88 58 44 44
88 58 44 9 50 50 10
9 50 50 106 55 54 6
106 55 54 70 55 46 8
70 55 46 81 56 36 10
81 56 36 20 50 39 6
20 50 39 97 63 48 15
97 63 48 90 24 33 41
90 24 33 8 29 36 5
8 29 36 4 30 43 7
4 30 43 61 35 33 11
61 35 33 15 35 27 6
15 35 27 102 41 39 13
102 41 39 71 44 43 5
71 44 43 22 24 14 35
22 24 14 34 28 15 4
34 28 15 69 28 19 4
69 28 19 51 15 43 27
51 15 43 23 9 34 10
23 9 34 76 1 30 8
76 1 30 104 3 49 19
104 3 49 98 69 26 69
98 69 26 79 78 28 9
79 78 28 78 86 61 33
78 86 61 89 78 86 26
89 78 86 58 80 88 2
58 80 88 35 91 86 11
35 91 86 111 68 92 23
111 68 92 18 61 104 13
18 61 104 24 54 101 7
24 54 101 94 61 108 9
94 61 108 74 72 100 13
74 72 100 73 73 104 4
73 73 104 107 80 108 8
107 80 108 33 83 110 3
33 83 110 87 81 103 7
87 81 103 14 85 101 4
14 85 101 16 80 101 5
16 80 101 96 100 108 21
96 100 108 12 100 108 0
12 100 108 80 104 99 9
80 104 99 26 109 104 7
26 109 104 91 93 33 72
91 93 33 49 78 38 15
49 78 38 52 88 18 22
52 88 18 99 103 0 23
99 103 0 25 109 8 10
25 109 8 47 91 3 18
47 91 3 60 95 0 5
60 95 0 75 98 33 33
75 98 33 101 57 66 52
101 57 66 40 55 71 5
40 55 71 82 62 63 10
82 62 63 109 65 65 3
109 65 65 113 61 73 8
113 61 73 45 63 72 2
45 63 72 103 96 62 34
103 96 62 7 95 62 1
7 95 62 36 109 55 15
36 109 55 17 103 54 6
17 103 54 28 105 52 2
28 105 52 50 105 48 4
50 105 48 10 113 45 8
10 113 45 110 105 45 8
110 105 45 44 101 79 34
44 101 79 59 111 87 12
59 111 87 92 113 75 12
92 113 75 93 94 69 19
93 94 69 84 23 92 74
84 23 92 68 38 97 15
68 38 97 100 37 111 14
100 37 111 1 29 100 13
