1 44 99 62 43 105 6
62 43 105 154 40 83 22
154 40 83 86 48 88 9
86 48 88 127 40 57 32
127 40 57 35 55 39 23
35 55 39 41 53 47 8
41 53 47 57 64 49 11
57 64 49 37 60 55 7
37 60 55 117 66 53 6
117 66 53 147 73 47 9
147 73 47 43 75 55 8
43 75 55 67 49 42 29
67 49 42 71 54 36 7
71 54 36 118 31 70 41
118 31 70 114 26 64 7
114 26 64 119 35 52 15
119 35 52 24 31 55 5
24 31 55 0 12 48 20
0 12 48 8 11 51 3
8 11 51 10 14 43 8
10 14 43 58 35 25 27
58 35 25 15 22 23 13
15 22 23 72 27 11 13
72 27 11 146 33 9 6
146 33 9 93 32 31 22
93 32 31 107 34 32 2
107 34 32 98 42 14 19
98 42 14 115 58 11 16
115 58 11 60 62 16 6
60 62 16 94 49 7 15
94 49 7 21 44 5 5
21 44 5 85 45 0 5
85 45 0 144 63 2 18
144 63 2 104 7 16 57
104 7 16 109 2 26 11
109 2 26 137 9 0 26
137 9 0 126 14 40 40
126 14 40 26 17 33 7
26 17 33 44 15 63 30
44 15 63 121 15 61 2
121 15 61 140 19 68 8
140 19 68 17 9 85 19
17 9 85 66 134 27 137
66 134 27 3 128 42 16
3 128 42 69 118 34 12
69 118 34 56 116 29 5
56 116 29 79 110 30 6
79 110 30 120 126 33 16
120 126 33 12 102 4 37
12 102 4 90 94 9 9
90 94 9 112 83 3 12
112 83 3 45 85 9 6
45 85 9 132 75 9 10
132 75 9 135 117 1 42
135 117 1 34 137 26 32
34 137 26 42 135 22 4
42 135 22 55 141 1 21
55 141 1 19 139 4 3
19 139 4 95 136 13 9
95 136 13 48 130 11 6
48 130 11 75 125 9 5
75 125 9 156 146 8 21
156 146 8 100 142 34 26
100 142 34 32 144 35 2
32 144 35 36 158 53 22
36 158 53 25 159 65 12
25 159 65 81 158 51 14
81 158 51 111 149 49 9
111 149 49 54 141 61 14
54 141 61 102 143 55 6
102 143 55 59 152 35 21
59 152 35 88 138 32 14
88 138 32 148 100 45 40
148 100 45 9 91 41 9
9 91 41 30 95 35 7
30 95 35 99 75 33 20
99 75 33 31 98 43 25
31 98 43 84 93 51 9
84 93 51 4 85 53 8
4 85 53 65 96 52 11
65 96 52 106 101 71 19
106 101 71 129 109 75 8
129 109 75 157 91 85 20
157 91 85 108 81 86 10
108 81 86 145 105 56 38
145 105 56 138 118 56 13
138 118 56 5 113 61 7
5 113 61 80 20 49 93
80 20 49 87 0 54 20
87 0 54 22 1 55 1
22 1 55 124 84 160 133
124 84 160 6 83 115 45
6 83 115 52 72 102 17
52 72 102 46 66 98 7
46 66 98 76 61 89 10
76 61 89 49 62 114 25
49 62 114 110 60 106 8
110 60 106 128 64 118 12
128 64 118 97 69 109 10
97 69 109 82 73 125 16
82 73 125 14 75 127 2
14 75 127 151 72 122 5
151 72 122 89 99 111 29
89 99 111 101 108 126 17
101 108 126 103 119 126 11
103 119 126 105 94 112 28
105 94 112 150 90 101 11
150 90 101 11 58 158 65
11 58 158 47 49 138 21
47 49 138 77 12 139 37
77 12 139 29 17 140 5
29 17 140 18 32 145 15
18 32 145 153 22 141 10
153 22 141 83 16 159 18
83 16 159 38 5 155 11
38 5 155 143 7 157 2
143 7 157 133 18 128 31
133 18 128 50 73 142 56
50 73 142 16 64 137 10
16 64 137 131 98 158 39
131 98 158 33 92 143 16
33 92 143 27 102 144 10
27 102 144 96 112 152 12
96 112 152 2 111 159 7
2 111 159 51 114 152 7
51 114 152 73 118 151 4
73 118 151 123 123 138 13
123 123 138 13 128 144 7
13 128 144 23 128 132 12
23 128 132 20 128 127 5
20 128 127 130 132 123 5
130 132 123 122 115 136 21
122 115 136 160 154 146 40
160 154 146 53 158 110 36
53 158 110 28 156 113 3
28 156 113 92 137 94 26
92 137 94 64 124 93 13
64 124 93 68 139 82 18
68 139 82 134 138 96 14
134 138 96 158 151 91 13
158 151 91 142 154 108 17
142 154 108 39 139 111 15
39 139 111 61 132 113 7
61 132 113 139 156 136 33
139 156 136 74 160 127 9
74 160 127 40 147 124 13
40 147 124 155 144 158 34
155 144 158 78 152 158 8
78 152 158 116 157 160 5
116 157 160 149 2 44 193
149 2 44 136 63 70 66
136 63 70 63 74 74 11
63 74 74 141 83 75 9
141 83 75 70 81 73 2
70 81 73 152 61 74 20
152 61 74 159 33 100 38
159 33 100 113 18 102 15
113 18 102 125 30 108 13
125 30 108 7 45 98 18
7 45 98 91 39 98 6
91 39 98 1 44 99 5
