1 28 39 0 15 29 16
0 15 29 9 18 27 3
9 18 27 11 11 42 16
11 11 42 23 9 47 5
23 9 47 41 13 45 4
41 13 45 32 15 47 2
32 15 47 22 41 8 46
22 41 8 2 35 2 8
2 35 2 8 29 2 6
8 29 2 4 43 4 14
4 43 4 18 36 7 7
18 36 7 20 38 7 2
20 38 7 28 39 11 4
28 39 11 3 32 15 8
3 32 15 31 28 14 4
31 28 14 12 29 13 1
12 29 13 47 43 15 14
47 43 15 27 22 27 24
27 22 27 21 18 18 9
21 18 18 25 24 26 10
25 24 26 39 23 22 4
39 23 22 38 8 0 26
38 8 0 24 5 5 5
24 5 5 6 9 6 4
6 9 6 40 2 10 8
40 2 10 5 6 15 6
5 6 15 26 20 7 16
26 20 7 13 15 11 6
13 15 11 44 14 8 3
44 14 8 16 25 5 11
16 25 5 46 26 6 1
46 26 6 33 12 3 14
33 12 3 19 14 5 2
19 14 5 42 5 25 21
42 5 25 10 0 22 5
10 0 22 14 0 31 9
14 0 31 29 1 30 1
29 1 30 15 40 46 42
15 40 46 30 44 47 4
30 44 47 35 42 29 18
35 42 29 17 43 20 9
17 43 20 37 30 34 19
37 30 34 34 28 34 2
34 28 34 36 34 32 6
36 34 32 43 21 44 17
43 21 44 7 20 47 3
7 20 47 45 25 36 12
45 25 36 1 28 39 4
