1 79 14 68 84 6 9
68 84 6 44 86 10 4
44 86 10 7 79 29 20
7 79 29 111 60 35 19
111 60 35 24 47 5 32
24 47 5 52 69 39 40
52 69 39 83 65 24 15
83 65 24 76 65 24 0
76 65 24 122 54 62 39
122 54 62 10 0 53 54
10 0 53 67 7 8 45
67 7 8 22 9 16 8
22 9 16 77 10 15 1
77 10 15 28 11 15 1
28 11 15 96 1 21 11
96 1 21 85 24 10 25
85 24 10 31 32 6 8
31 32 6 4 35 10 5
4 35 10 34 35 7 3
34 35 7 113 28 22 16
113 28 22 3 25 25 4
3 25 25 92 7 5 26
92 7 5 105 12 7 5
105 12 7 93 9 47 40
93 9 47 47 17 48 8
47 17 48 106 5 34 18
106 5 34 19 10 36 5
19 10 36 100 13 33 4
100 13 33 81 6 39 9
81 6 39 109 13 28 13
109 13 28 29 58 67 59
29 58 67 16 60 64 3
16 60 64 5 60 62 2
5 60 62 78 57 54 8
78 57 54 33 64 47 9
33 64 47 98 54 45 10
98 54 45 95 44 52 12
95 44 52 15 44 50 2
15 44 50 56 32 36 18
56 32 36 72 25 41 8
72 25 41 69 42 61 26
69 42 61 0 70 71 29
0 70 71 12 57 75 13
12 57 75 25 50 86 13
25 50 86 112 43 77 11
112 43 77 23 39 78 4
23 39 78 66 30 82 9
66 30 82 127 41 92 14
127 41 92 32 36 94 5
32 36 94 37 83 83 48
37 83 83 6 73 87 10
6 73 87 39 114 91 41
39 114 91 70 123 97 10
70 123 97 61 127 106 9
61 127 106 36 120 119 14
36 120 119 43 124 118 4
43 124 118 119 123 115 3
119 123 115 80 123 115 0
80 123 115 38 120 110 5
38 120 110 74 100 109 20
74 100 109 20 98 114 5
20 98 114 82 96 121 7
82 96 121 101 88 124 8
101 88 124 30 106 126 18
30 106 126 46 96 100 27
46 96 100 59 87 100 9
59 87 100 120 92 109 10
120 92 109 9 91 115 6
9 91 115 97 126 62 63
97 126 62 2 123 63 3
2 123 63 114 114 59 9
114 114 59 26 111 67 8
26 111 67 88 113 65 2
88 113 65 124 125 49 20
124 125 49 40 119 48 6
40 119 48 107 110 76 29
107 110 76 58 118 78 8
58 118 78 41 62 119 69
41 62 119 11 64 117 2
11 64 117 42 73 123 10
42 73 123 60 59 104 23
60 59 104 8 71 107 12
8 71 107 104 75 104 5
104 75 104 53 50 111 25
53 50 111 62 52 108 3
62 52 108 79 49 98 10
79 49 98 64 55 96 6
64 55 96 90 53 103 7
90 53 103 89 62 119 18
89 62 119 115 31 121 31
115 31 121 21 8 109 25
21 8 109 14 14 105 7
14 14 105 48 18 114 9
48 18 114 75 4 121 15
75 4 121 125 5 122 1
125 5 122 45 31 106 30
45 31 106 121 31 96 10
121 31 96 102 26 93 5
102 26 93 50 27 91 2
50 27 91 108 18 82 12
108 18 82 118 24 82 6
118 24 82 84 37 127 46
84 37 127 91 40 119 8
91 40 119 55 45 122 5
55 45 122 63 74 63 65
63 74 63 57 75 56 7
57 75 56 27 69 58 6
27 69 58 110 76 52 9
110 76 52 116 75 75 23
116 75 75 123 95 58 26
123 95 58 35 99 69 11
35 99 69 87 111 47 25
87 111 47 13 119 11 36
13 119 11 49 125 25 15
49 125 25 18 121 20 6
18 121 20 65 108 3 21
65 108 3 73 99 3 9
73 99 3 99 105 3 6
99 105 3 103 103 49 46
103 103 49 117 52 27 55
117 52 27 17 48 24 5
17 48 24 51 51 31 7
51 51 31 86 50 17 14
86 50 17 54 94 32 46
54 94 32 71 100 30 6
71 100 30 94 82 4 31
94 82 4 126 72 6 10
126 72 6 1 79 14 10
