1 9 57 42 11 51 6
42 11 51 49 18 52 7
49 18 52 19 16 50 2
19 16 50 45 17 55 5
45 17 55 34 29 33 25
34 29 33 10 59 30 30
10 59 30 5 64 43 13
5 64 43 18 75 47 11
18 75 47 17 65 31 18
17 65 31 67 65 36 5
67 65 36 82 66 25 11
82 66 25 54 57 30 10
54 57 30 0 27 15 33
0 27 15 16 52 75 65
16 52 75 20 36 75 16
20 36 75 8 36 71 4
8 36 71 48 25 71 11
48 25 71 59 21 70 4
59 21 70 76 22 84 14
76 22 84 11 13 87 9
11 13 87 28 29 92 16
28 29 92 71 15 79 19
71 15 79 66 13 74 5
66 13 74 36 12 72 2
36 12 72 46 9 71 3
46 9 71 84 25 80 18
84 25 80 41 77 74 52
41 77 74 2 85 55 20
2 85 55 74 91 55 6
74 91 55 63 93 58 3
63 93 58 38 73 84 32
38 73 84 50 84 71 17
50 84 71 13 90 77 8
13 90 77 26 83 64 14
26 83 64 64 83 64 0
64 83 64 56 70 76 17
56 70 76 37 67 73 4
37 67 73 62 81 79 15
62 81 79 83 52 70 30
83 52 70 86 62 79 13
86 62 79 43 61 70 9
43 61 70 3 62 57 13
3 62 57 7 63 73 16
7 63 73 57 64 70 3
57 64 70 60 63 67 3
60 63 67 69 63 64 3
69 63 64 53 54 87 24
53 54 87 92 52 73 14
92 52 73 27 14 23 62
27 14 23 51 17 19 5
51 17 19 65 4 36 21
65 4 36 52 4 0 36
52 4 0 75 6 0 2
75 6 0 79 1 4 6
79 1 4 90 0 15 11
90 0 15 25 1 24 9
25 1 24 88 3 22 2
88 3 22 61 29 24 26
61 29 24 15 26 23 3
15 26 23 91 44 19 18
91 44 19 12 41 21 3
12 41 21 68 32 10 14
68 32 10 4 35 6 5
4 35 6 73 84 11 49
73 84 11 21 92 27 17
21 92 27 44 88 33 7
44 88 33 35 77 33 11
35 77 33 22 75 36 3
22 75 36 85 87 43 13
85 87 43 72 89 48 5
72 89 48 80 91 24 24
80 91 24 24 66 9 29
24 66 9 77 52 1 16
77 52 1 55 49 10 9
55 49 10 58 56 5 8
58 56 5 33 56 9 4
33 56 9 87 71 5 15
87 71 5 29 81 9 10
29 81 9 31 83 2 7
31 83 2 32 89 2 6
32 89 2 30 89 4 2
30 89 4 40 77 17 17
40 77 17 81 81 13 5
81 81 13 47 37 49 56
47 37 49 9 45 49 8
9 45 49 39 39 58 10
39 39 58 89 41 48 10
89 41 48 70 38 34 14
70 38 34 78 26 29 13
78 26 29 93 27 44 15
93 27 44 14 32 45 5
14 32 45 23 21 43 11
23 21 43 6 8 65 25
6 8 65 1 9 57 8
