136 59 74 1 57 68 6
1 57 68 117 63 77 10
117 63 77 22 55 83 10
22 55 83 66 58 89 6
66 58 89 16 40 81 19
16 40 81 54 34 68 14
54 34 68 92 33 72 4
92 33 72 126 29 62 10
126 29 62 44 30 61 1
44 30 61 58 44 79 22
58 44 79 26 46 101 22
26 46 101 80 48 103 2
80 48 103 51 45 107 5
51 45 107 0 95 101 50
0 95 101 9 116 70 37
9 116 70 7 117 82 12
7 117 82 2 139 96 26
2 139 96 17 136 99 4
17 136 99 87 133 102 4
87 133 102 62 134 95 7
62 134 95 105 134 90 5
105 134 90 57 119 85 15
57 119 85 30 115 75 10
30 115 75 34 113 57 18
34 113 57 29 115 31 26
29 115 31 11 117 26 5
11 117 26 104 124 26 7
104 124 26 60 133 24 9
60 133 24 59 133 18 6
59 133 18 122 127 8 11
122 127 8 86 131 7 4
86 131 7 77 117 50 45
77 117 50 48 122 44 7
48 122 44 74 128 63 19
74 128 63 18 135 56 9
18 135 56 85 123 56 12
85 123 56 14 124 54 2
14 124 54 118 129 47 8
118 129 47 103 100 70 37
103 100 70 23 83 60 19
23 83 60 64 77 51 10
64 77 51 65 69 55 8
65 69 55 69 74 47 9
69 74 47 89 72 49 2
89 72 49 100 70 44 5
100 70 44 134 79 54 13
134 79 54 35 89 71 19
35 89 71 36 84 68 5
36 84 68 115 113 68 29
115 113 68 15 24 118 102
15 24 118 46 10 98 24
46 10 98 73 16 99 6
73 16 99 108 25 90 12
108 25 90 107 15 77 16
107 15 77 5 22 68 11
5 22 68 101 8 76 16
101 8 76 113 5 90 14
113 5 90 119 1 82 8
119 1 82 67 24 110 36
67 24 110 10 34 108 10
10 34 108 70 32 122 14
70 32 122 71 40 132 12
71 40 132 40 43 139 7
40 43 139 75 45 129 10
75 45 129 83 16 115 32
83 16 115 93 6 120 11
93 6 120 88 8 112 8
88 8 112 56 9 108 4
56 9 108 124 17 126 19
124 17 126 28 97 106 82
28 97 106 96 102 104 5
96 102 104 37 67 131 44
37 67 131 12 74 134 7
12 74 134 55 55 125 21
55 55 125 130 53 116 9
130 53 116 102 57 110 7
102 57 110 120 82 127 30
120 82 127 132 82 124 3
132 82 124 41 79 7 117
41 79 7 32 67 1 13
32 67 1 49 52 10 17
49 52 10 19 53 26 16
19 53 26 31 58 28 5
31 58 28 109 44 32 14
109 44 32 131 39 36 6
131 39 36 82 39 1 35
82 39 1 84 41 7 6
84 41 7 116 38 18 11
116 38 18 125 35 11 7
125 35 11 68 12 25 26
68 12 25 72 24 49 26
72 24 49 21 29 45 6
21 29 45 47 22 43 7
47 22 43 13 25 42 3
13 25 42 121 14 38 11
121 14 38 111 9 57 19
111 9 57 45 1 59 8
45 1 59 76 0 51 8
76 0 51 97 16 55 16
97 16 55 133 41 49 25
133 41 49 33 50 52 9
33 50 52 52 59 55 9
52 59 55 3 55 60 6
3 55 60 78 57 49 11
78 57 49 128 56 51 2
128 56 51 114 41 58 16
114 41 58 123 23 7 54
123 23 7 25 22 9 2
25 22 9 138 22 31 22
138 22 31 43 24 33 2
43 24 33 99 22 30 3
99 22 30 127 83 12 63
127 83 12 6 89 20 10
6 89 20 39 76 26 14
39 76 26 110 69 34 10
110 69 34 50 104 19 38
50 104 19 95 107 15 5
95 107 15 42 99 8 10
42 99 8 91 102 98 90
91 102 98 4 108 101 6
4 108 101 20 106 104 3
20 106 104 129 91 89 21
129 91 89 8 98 88 7
8 98 88 135 81 109 27
135 81 109 94 79 115 6
94 79 115 139 113 122 34
139 113 122 79 115 117 5
79 115 117 81 120 125 9
81 120 125 27 136 119 17
27 136 119 53 134 117 2
53 134 117 106 134 111 6
106 134 111 90 137 121 10
90 137 121 112 100 138 40
112 100 138 24 107 134 8
24 107 134 98 57 94 64
98 57 94 137 73 92 16
137 73 92 38 72 85 7
38 72 85 61 74 81 4
61 74 81 63 74 91 10
63 74 91 136 59 74 22
