4 93 96 1 93 97 1
1 93 97 0 98 96 5
0 98 96 19 96 84 12
19 96 84 30 98 86 2
30 98 86 34 92 86 6
34 92 86 48 96 57 29
48 96 57 81 93 64 7
81 93 64 88 89 48 16
88 89 48 27 83 50 6
27 83 50 100 104 63 24
100 104 63 25 102 59 4
25 102 59 71 105 16 43
71 105 16 29 109 34 18
29 109 34 2 111 34 2
2 111 34 92 105 29 7
92 105 29 37 101 29 4
37 101 29 36 109 2 28
36 109 2 85 108 4 2
85 108 4 55 106 16 12
55 106 16 72 90 30 21
72 90 30 65 91 32 2
65 91 32 75 81 36 10
75 81 36 95 80 26 10
95 80 26 9 70 23 10
9 70 23 24 68 24 2
24 68 24 102 73 21 5
102 73 21 89 89 14 17
89 89 14 63 91 7 7
63 91 7 93 88 21 14
93 88 21 86 105 76 57
86 105 76 104 87 87 21
104 87 87 39 87 82 5
39 87 82 44 89 81 2
44 89 81 64 83 93 13
64 83 93 74 103 101 21
74 103 101 41 108 94 8
41 108 94 83 41 91 67
83 41 91 58 38 91 3
58 38 91 52 25 84 14
52 25 84 61 19 89 7
61 19 89 60 55 92 36
60 55 92 3 52 88 5
3 52 88 40 56 94 7
40 56 94 49 58 92 2
49 58 92 59 55 107 15
59 55 107 69 62 84 24
69 62 84 21 72 88 10
21 72 88 90 74 92 4
90 74 92 67 32 69 47
67 32 69 18 29 55 14
18 29 55 68 3 78 34
68 3 78 14 6 66 12
14 6 66 98 0 89 23
98 0 89 12 2 98 9
12 2 98 78 16 40 59
78 16 40 47 16 25 15
47 16 25 16 23 31 9
16 23 31 35 4 25 19
35 4 25 28 0 28 5
28 0 28 94 5 12 16
94 5 12 33 11 7 7
33 11 7 77 1 10 10
77 1 10 103 4 12 3
103 4 12 110 25 13 21
110 25 13 6 19 0 14
6 19 0 107 15 3 5
107 15 3 54 21 48 45
54 21 48 70 8 41 14
70 8 41 43 3 41 5
43 3 41 45 5 37 4
45 5 37 51 3 52 15
51 3 52 53 9 56 7
53 9 56 87 55 47 46
87 55 47 15 52 52 5
15 52 52 23 47 48 6
23 47 48 96 42 53 7
96 42 53 22 67 51 25
22 67 51 10 72 62 12
10 72 62 42 70 61 2
42 70 61 91 78 62 8
91 78 62 56 52 42 32
56 52 42 32 39 41 13
32 39 41 109 40 36 5
109 40 36 38 60 23 23
38 60 23 82 46 9 19
82 46 9 99 46 4 5
99 46 4 13 56 1 10
13 56 1 46 50 37 36
46 50 37 105 56 40 6
105 56 40 101 65 35 10
101 65 35 106 18 71 59
106 18 71 66 20 78 7
66 20 78 76 22 63 15
76 22 63 31 22 66 3
31 22 66 108 46 87 31
108 46 87 17 47 80 7
17 47 80 50 48 72 8
50 48 72 97 46 88 16
97 46 88 111 17 109 35
111 17 109 5 26 105 9
5 26 105 7 31 106 5
7 31 106 80 32 106 1
80 32 106 8 18 110 14
8 18 110 62 17 103 7
62 17 103 79 6 108 12
79 6 108 26 4 110 2
26 4 110 84 108 110 104
84 108 110 57 99 111 9
57 99 111 11 79 103 21
11 79 103 73 72 108 8
73 72 108 20 66 100 10
20 66 100 4 93 96 27
