0 52 47 1 34 47 18
1 34 47 65 42 44 8
65 42 44 22 41 41 3
22 41 41 66 43 51 10
66 43 51 71 26 39 20
71 26 39 13 25 36 3
13 25 36 64 19 46 11
64 19 46 23 11 45 8
23 11 45 77 28 54 19
77 28 54 47 24 55 4
47 24 55 8 51 49 27
8 51 49 10 43 75 27
10 43 75 39 7 71 36
39 7 71 27 1 67 7
27 1 67 33 14 75 15
33 14 75 51 9 77 5
51 9 77 70 14 64 13
70 14 64 11 22 68 8
11 22 68 68 22 67 1
68 22 67 72 2 58 21
72 2 58 58 51 64 49
58 51 64 24 61 72 12
24 61 72 35 58 69 4
35 58 69 57 60 69 2
57 60 69 44 43 62 18
44 43 62 73 33 65 10
73 33 65 50 30 62 4
50 30 62 26 28 63 2
26 28 63 21 55 51 29
21 55 51 52 53 57 6
52 53 57 6 50 58 3
6 50 58 75 46 57 4
75 46 57 43 58 58 12
43 58 58 3 61 61 4
3 61 61 37 60 34 27
37 60 34 15 62 40 6
15 62 40 4 66 36 5
4 66 36 25 59 33 7
25 59 33 48 74 6 30
48 74 6 9 68 5 6
9 68 5 5 70 4 2
5 70 4 17 57 14 16
17 57 14 53 76 14 19
53 76 14 16 70 15 6
16 70 15 63 70 22 7
63 70 22 55 41 26 29
55 41 26 20 8 19 33
20 8 19 14 2 33 15
14 2 33 36 0 27 6
36 0 27 34 11 18 14
34 11 18 60 19 19 8
60 19 19 32 19 24 5
32 19 24 49 22 24 3
49 22 24 62 29 20 8
62 29 20 61 10 8 22
61 10 8 19 13 8 3
19 13 8 30 10 2 6
30 10 2 31 41 21 36
31 41 21 29 40 22 1
29 40 22 67 42 14 8
67 42 14 12 38 14 4
12 38 14 74 31 7 9
74 31 7 28 27 10 5
28 27 10 38 28 6 4
38 28 6 18 23 4 5
18 23 4 41 36 3 13
41 36 3 42 42 35 32
42 42 35 40 41 33 2
40 41 33 54 37 38 6
54 37 38 2 33 39 4
2 33 39 59 49 34 16
59 49 34 69 41 35 8
69 41 35 76 65 50 28
76 65 50 45 66 46 4
45 66 46 56 72 38 10
56 72 38 46 74 67 29
46 74 67 7 72 63 4
7 72 63 0 52 47 25
