1 35 55 128 38 60 5
128 38 60 24 47 65 10
24 47 65 131 30 67 17
131 30 67 9 23 64 7
9 23 64 82 11 56 14
82 11 56 98 4 49 9
98 4 49 33 40 79 46
33 40 79 40 28 88 15
40 28 88 55 28 95 7
55 28 95 151 23 97 5
151 23 97 90 47 81 28
90 47 81 39 15 121 51
39 15 121 23 3 140 22
23 3 140 26 1 140 2
26 1 140 49 9 140 8
49 9 140 51 30 122 27
51 30 122 146 36 125 6
146 36 125 67 39 137 12
67 39 137 17 41 147 10
17 41 147 19 35 150 6
19 35 150 30 54 141 21
30 54 141 143 53 133 8
143 53 133 68 16 107 45
68 16 107 73 14 99 8
73 14 99 114 16 93 6
114 16 93 89 16 92 1
89 16 92 135 15 94 2
135 15 94 87 13 108 14
87 13 108 120 30 108 17
120 30 108 74 40 108 10
74 40 108 117 25 105 15
117 25 105 144 29 112 8
144 29 112 83 17 131 22
83 17 131 102 26 136 10
102 26 136 127 25 136 1
127 25 136 116 1 115 31
116 1 115 60 6 113 5
60 6 113 71 59 103 53
71 59 103 11 63 110 8
11 63 110 59 63 121 11
59 63 121 62 71 121 8
62 71 121 134 64 95 26
134 64 95 140 80 98 16
140 80 98 7 84 98 4
7 84 98 42 84 113 15
42 84 113 13 72 10 103
13 72 10 0 83 0 14
0 83 0 53 88 5 7
53 88 5 64 119 37 44
64 119 37 4 112 119 82
4 112 119 81 105 123 8
81 105 123 85 101 114 9
85 101 114 126 98 124 10
126 98 124 8 87 127 11
8 87 127 97 82 128 5
97 82 128 112 76 133 7
112 76 133 124 91 124 17
124 91 124 103 113 108 27
103 113 108 123 137 106 24
123 137 106 3 140 134 28
3 140 134 77 146 143 10
77 146 143 150 140 128 16
150 140 128 70 130 94 35
70 130 94 130 135 109 15
130 135 109 28 137 115 6
28 137 115 149 109 133 33
149 109 133 45 111 143 10
45 111 143 57 125 142 14
57 125 142 108 98 137 27
108 98 137 6 96 137 2
6 96 137 80 88 141 8
80 88 141 10 148 26 129
10 148 26 18 136 21 13
18 136 21 5 133 32 11
5 133 32 25 134 30 2
25 134 30 12 138 18 12
12 138 18 107 134 23 6
107 134 23 32 145 28 12
32 145 28 72 149 38 10
72 149 38 88 142 36 7
88 142 36 115 149 37 7
115 149 37 31 97 73 63
31 97 73 133 112 82 17
133 112 82 14 109 87 5
14 109 87 110 111 92 5
110 111 92 137 97 65 30
137 97 65 65 97 58 7
65 97 58 37 116 53 19
37 116 53 36 112 63 10
36 112 63 61 117 54 10
61 117 54 69 112 27 27
69 112 27 58 115 17 10
58 115 17 22 115 11 6
22 115 11 101 125 12 10
101 125 12 20 130 15 5
20 130 15 43 128 10 5
43 128 10 79 130 12 2
79 130 12 121 130 10 2
121 130 10 104 113 27 24
104 113 27 139 101 26 12
139 101 26 78 121 36 22
78 121 36 94 111 39 10
94 111 39 100 134 57 29
100 134 57 47 147 75 22
47 147 75 84 137 83 12
84 137 83 136 140 86 4
136 140 86 148 150 84 10
148 150 84 141 144 52 32
141 144 52 145 139 45 8
145 139 45 147 125 56 17
147 125 56 46 122 58 3
46 122 58 125 120 39 19
125 120 39 16 22 6 103
16 22 6 2 23 2 4
2 23 2 21 2 25 31
21 2 25 50 11 13 15
50 11 13 27 9 2 11
27 9 2 91 10 19 17
91 10 19 93 19 21 9
93 19 21 109 32 22 13
109 32 22 35 36 37 15
35 36 37 118 27 44 11
118 27 44 44 75 10 58
44 75 10 96 84 18 12
96 84 18 48 89 27 10
48 89 27 95 86 26 3
95 86 26 52 61 6 32
52 61 6 113 73 28 25
113 73 28 122 69 30 4
122 69 30 138 85 43 20
138 85 43 56 79 55 13
56 79 55 66 81 67 12
66 81 67 75 93 50 20
75 93 50 129 51 12 56
129 51 12 86 40 14 11
86 40 14 142 44 13 4
142 44 13 105 43 2 11
105 43 2 54 40 7 5
54 40 7 63 40 5 2
63 40 5 106 52 33 30
106 52 33 38 62 48 18
38 62 48 76 67 54 7
76 67 54 41 63 54 4
41 63 54 119 70 48 9
119 70 48 111 56 48 14
111 56 48 132 21 71 41
132 21 71 15 17 69 4
15 17 69 92 4 77 15
92 4 77 29 5 77 1
29 5 77 99 2 75 3
99 2 75 34 43 52 47
34 43 52 1 35 55 8
