1 39 28 22 38 32 4
22 38 32 4 39 30 2
4 39 30 20 30 39 12
20 30 39 13 33 44 5
13 33 44 7 37 44 4
7 37 44 17 22 42 15
17 22 42 19 11 46 11
19 11 46 28 8 47 3
28 8 47 30 6 47 2
30 6 47 33 17 41 12
33 17 41 36 30 21 23
36 30 21 5 34 10 11
5 34 10 14 26 0 12
14 26 0 23 33 21 22
23 33 21 15 36 21 3
15 36 21 18 39 21 3
18 39 21 26 16 23 23
26 16 23 16 2 25 14
16 2 25 27 5 35 10
27 5 35 35 7 21 14
35 7 21 45 3 19 4
45 3 19 31 17 35 21
31 17 35 46 0 48 21
46 0 48 34 15 18 33
34 15 18 0 49 9 35
0 49 9 3 45 2 8
3 45 2 29 47 12 10
29 47 12 49 43 11 4
49 43 11 42 49 25 15
42 49 25 10 49 22 3
10 49 22 44 50 9 13
44 50 9 39 0 3 50
39 0 3 11 12 10 13
11 12 10 9 11 4 6
9 11 4 32 12 2 2
32 12 2 21 14 7 5
21 14 7 24 4 10 10
24 4 10 43 5 13 3
43 5 13 41 0 6 8
41 0 6 48 29 15 30
48 29 15 37 26 8 7
37 26 8 6 20 11 6
6 20 11 40 28 50 39
40 28 50 8 24 47 5
8 24 47 12 21 49 3
12 21 49 47 23 45 4
47 23 45 50 32 38 11
50 32 38 25 39 33 8
25 39 33 38 42 40 7
38 42 40 2 49 45 8
2 49 45 1 39 28 19
