48 55 11 1 55 7 4
1 55 7 42 55 8 1
42 55 8 41 48 16 10
41 48 16 21 43 13 5
21 43 13 2 55 1 16
2 55 1 37 49 5 7
37 49 5 31 35 4 14
31 35 4 36 20 5 15
36 20 5 0 11 7 9
0 11 7 16 4 14 9
16 4 14 34 8 14 4
34 8 14 8 11 16 3
8 11 16 19 8 20 5
19 8 20 38 7 12 8
38 7 12 53 0 17 8
53 0 17 18 19 18 19
18 19 18 20 22 12 6
20 22 12 24 22 18 6
24 22 18 40 21 15 3
40 21 15 23 19 31 16
23 19 31 12 17 32 2
12 17 32 17 24 27 8
17 24 27 32 26 23 4
32 26 23 49 24 22 2
49 24 22 51 35 19 11
51 35 19 3 38 21 3
3 38 21 54 39 20 1
54 39 20 25 19 39 27
25 19 39 4 17 45 6
4 17 45 26 4 29 20
26 4 29 39 2 23 6
39 2 23 22 0 22 2
22 0 22 30 28 38 32
30 28 38 29 30 37 2
29 30 37 55 51 25 24
55 51 25 28 46 37 13
28 46 37 35 24 50 25
35 24 50 11 21 55 5
11 21 55 13 12 50 10
13 12 50 5 0 47 12
5 0 47 14 12 54 13
14 12 54 7 15 53 3
7 15 53 33 27 46 13
33 27 46 27 30 47 3
27 30 47 43 26 52 6
43 26 52 9 28 52 2
9 28 52 50 30 54 2
50 30 54 10 34 54 4
10 34 54 6 39 54 5
6 39 54 15 41 49 5
15 41 49 45 43 55 6
45 43 55 44 11 0 63
44 11 0 46 39 4 28
46 39 4 52 28 3 11
52 28 3 47 47 16 23
47 47 16 48 55 11 9
