1 39 13 0 41 9 4
0 41 9 30 1 53 59
30 1 53 40 0 72 19
40 0 72 2 1 92 20
2 1 92 24 1 91 1
24 1 91 96 8 72 20
96 8 72 101 1 81 11
101 1 81 112 8 48 33
112 8 48 66 6 41 7
66 6 41 99 10 53 12
99 10 53 119 5 50 5
119 5 50 45 29 19 39
45 29 19 43 9 26 21
43 9 26 49 32 28 23
49 32 28 131 20 1 29
131 20 1 48 45 5 25
48 45 5 86 46 0 5
86 46 0 3 48 1 2
3 48 1 91 66 65 66
91 66 65 4 105 115 63
4 105 115 27 88 101 22
27 88 101 55 79 103 9
55 79 103 89 99 97 20
89 99 97 61 102 94 4
61 102 94 102 88 92 14
102 88 92 103 92 98 7
103 92 98 42 126 112 36
42 126 112 18 132 101 12
18 132 101 110 128 93 8
110 128 93 32 121 97 8
32 121 97 37 122 113 16
37 122 113 122 125 117 5
122 125 117 10 131 119 6
10 131 119 21 130 130 11
21 130 130 133 125 119 12
133 125 119 67 99 120 26
67 99 120 117 91 130 12
117 91 130 83 84 118 13
83 84 118 26 79 121 5
26 79 121 98 88 122 9
98 88 122 100 94 129 9
100 94 129 129 112 112 24
129 112 112 23 115 104 8
23 115 104 13 36 69 86
13 36 69 11 50 71 14
11 50 71 105 50 64 7
105 50 64 125 49 70 6
125 49 70 12 33 77 17
12 33 77 120 23 75 10
120 23 75 15 40 60 22
15 40 60 39 43 49 11
39 43 49 81 45 47 2
81 45 47 44 35 57 14
44 35 57 87 33 59 2
87 33 59 104 33 56 3
104 33 56 41 35 64 8
41 35 64 90 26 54 13
90 26 54 9 24 62 8
9 24 62 58 26 64 2
58 26 64 54 25 50 14
54 25 50 6 23 49 2
6 23 49 70 31 50 8
70 31 50 114 33 42 8
114 33 42 118 18 55 19
118 18 55 78 17 58 3
78 17 58 116 36 72 23
116 36 72 33 112 44 80
33 112 44 20 106 36 10
20 106 36 19 106 41 5
19 106 41 46 129 44 23
46 129 44 34 133 33 11
34 133 33 35 123 41 12
35 123 41 109 102 50 22
109 102 50 8 94 51 8
8 94 51 29 100 43 10
29 100 43 123 120 61 26
123 120 61 22 128 58 8
22 128 58 47 124 70 12
47 124 70 53 125 83 13
53 125 83 56 120 88 7
56 120 88 57 118 81 7
57 118 81 94 56 106 66
94 56 106 7 53 126 20
7 53 126 71 69 101 29
71 69 101 16 62 98 7
16 62 98 106 68 114 17
106 68 114 88 75 117 7
88 75 117 107 64 90 29
107 64 90 50 66 91 2
50 66 91 82 43 112 31
82 43 112 68 36 110 7
68 36 110 79 37 104 6
79 37 104 73 38 123 19
73 38 123 38 37 126 3
38 37 126 93 47 94 33
93 47 94 115 24 108 26
115 24 108 14 24 119 11
14 24 119 84 21 121 3
84 21 121 25 19 107 14
25 19 107 31 3 112 16
31 3 112 108 29 99 29
108 29 99 63 23 93 8
63 23 93 113 23 130 37
113 23 130 76 2 130 21
76 2 130 121 24 108 31
121 24 108 97 68 53 70
97 68 53 85 84 55 16
85 84 55 95 63 52 21
95 63 52 111 76 82 32
111 76 82 124 96 73 21
124 96 73 130 90 73 6
130 90 73 17 82 68 9
17 82 68 126 88 80 13
126 88 80 132 100 83 12
132 100 83 128 76 1 85
128 76 1 5 107 10 32
5 107 10 36 109 16 6
36 109 16 64 123 18 14
64 123 18 52 131 16 8
52 131 16 62 117 26 17
62 117 26 65 98 22 19
65 98 22 28 98 28 6
28 98 28 92 105 23 8
92 105 23 74 109 8 15
74 109 8 75 104 10 5
75 104 10 59 69 23 37
59 69 23 69 87 4 26
69 87 4 72 87 10 6
72 87 10 51 93 14 7
51 93 14 127 87 9 7
127 87 9 77 80 6 7
77 80 6 80 73 3 7
80 73 3 60 51 25 31
60 51 25 1 39 13 16
