1 2 21 48 13 27 12
48 13 27 26 11 28 2
26 11 28 34 8 23 5
34 8 23 47 17 35 15
47 17 35 20 19 37 2
20 19 37 21 22 28 9
21 22 28 9 25 32 5
9 25 32 23 10 37 15
23 10 37 31 10 36 1
31 10 36 37 7 39 4
37 7 39 39 19 18 24
39 19 18 13 21 19 2
13 21 19 0 38 18 17
0 38 18 3 35 17 3
3 35 17 30 44 18 9
30 44 18 22 47 11 7
22 47 11 53 47 6 5
53 47 6 11 48 7 1
11 48 7 25 51 31 24
25 51 31 18 52 34 3
18 52 34 28 44 34 8
28 44 34 51 33 50 19
51 33 50 5 37 43 8
5 37 43 8 35 45 2
8 35 45 33 46 41 11
33 46 41 38 32 37 14
38 32 37 32 30 50 13
32 30 50 42 13 53 17
42 13 53 4 14 53 1
4 14 53 41 16 48 5
41 16 48 52 37 14 39
52 37 14 27 42 1 13
27 42 1 6 36 2 6
6 36 2 43 26 17 18
43 26 17 15 27 14 3
15 27 14 16 29 11 3
16 29 11 35 29 24 13
35 29 24 40 26 23 3
40 26 23 46 25 17 6
46 25 17 44 15 16 10
44 15 16 24 14 18 2
24 14 18 36 15 14 4
36 15 14 50 8 15 7
50 8 15 17 0 11 8
17 0 11 49 25 5 25
49 25 5 10 15 4 10
10 15 4 19 18 1 4
19 18 1 45 9 7 10
45 9 7 29 12 7 3
29 12 7 12 26 6 14
12 26 6 14 25 9 3
14 25 9 7 24 10 1
7 24 10 2 0 19 25
2 0 19 1 2 21 2
