75 55 38 1 59 47 9
1 59 47 35 53 47 6
35 53 47 125 56 48 3
125 56 48 37 46 47 10
37 46 47 73 49 50 4
73 49 50 138 41 50 8
138 41 50 32 71 43 30
32 71 43 0 130 76 67
0 130 76 9 59 117 81
9 59 117 16 74 115 15
16 74 115 4 78 120 6
4 78 120 41 81 122 3
41 81 122 83 88 125 7
83 88 125 91 93 124 5
91 93 124 143 73 101 30
143 73 101 98 75 94 7
98 75 94 123 72 92 3
123 72 92 20 28 137 62
20 28 137 14 41 134 13
14 41 134 12 46 129 7
12 46 129 144 25 143 25
144 25 143 99 6 137 19
99 6 137 100 2 137 4
100 2 137 132 0 128 9
132 0 128 26 16 100 32
26 16 100 10 15 94 6
10 15 94 15 24 104 13
15 24 104 27 2 95 23
27 2 95 43 9 98 7
43 9 98 54 13 105 8
54 13 105 40 16 119 14
40 16 119 129 0 116 16
129 0 116 63 16 100 22
63 16 100 128 19 88 12
128 19 88 85 17 74 14
85 17 74 86 3 62 18
86 3 62 8 10 53 11
8 10 53 70 10 50 3
70 10 50 111 8 83 33
111 8 83 53 49 87 41
53 49 87 13 72 83 23
13 72 83 65 67 77 7
65 67 77 59 64 83 6
59 64 83 93 73 69 16
93 73 69 141 73 84 15
141 73 84 57 56 81 17
57 56 81 137 48 63 19
137 48 63 38 55 61 7
38 55 61 105 42 72 17
105 42 72 56 59 115 46
56 59 115 117 58 101 14
117 58 101 88 40 116 23
88 40 116 82 30 120 10
82 30 120 62 29 118 2
62 29 118 131 66 137 41
131 66 137 30 54 137 12
30 54 137 36 55 142 5
36 55 142 52 119 64 100
52 119 64 31 123 63 4
31 123 63 124 125 61 2
124 125 61 39 111 71 17
39 111 71 115 109 76 5
115 109 76 92 144 69 35
92 144 69 18 138 62 9
18 138 62 21 141 72 10
21 141 72 67 143 47 25
67 143 47 34 145 53 6
34 145 53 106 143 36 17
106 143 36 72 133 36 10
72 133 36 136 143 49 16
136 143 49 68 137 53 7
68 137 53 96 123 92 41
96 123 92 23 141 94 18
23 141 94 45 105 113 40
45 105 113 78 106 123 10
78 106 123 116 98 120 8
116 98 120 139 107 135 17
139 107 135 44 105 140 5
44 105 140 94 117 111 31
94 117 111 2 111 109 6
2 111 109 145 119 115 10
145 119 115 60 105 87 31
60 105 87 121 95 98 14
121 95 98 77 91 99 4
77 91 99 142 91 90 9
142 91 90 118 93 90 2
118 93 90 103 145 122 61
103 145 122 17 145 137 15
17 145 137 126 142 144 7
126 142 144 97 135 117 27
97 135 117 7 139 111 7
7 139 111 81 142 109 3
81 142 109 25 143 107 2
25 143 107 80 119 124 29
80 119 124 58 124 121 5
58 124 121 114 143 127 19
114 143 127 119 117 47 84
119 117 47 42 121 51 5
42 121 51 84 115 47 7
84 115 47 46 109 47 6
46 109 47 101 116 55 10
101 116 55 110 127 53 11
110 127 53 112 131 14 39
112 131 14 19 125 19 7
19 125 19 76 125 1 18
76 125 1 104 142 10 19
104 142 10 79 143 4 6
79 143 4 89 45 22 99
89 45 22 5 33 40 21
5 33 40 6 28 53 13
6 28 53 74 33 61 9
74 33 61 135 15 38 29
135 15 38 22 13 39 2
22 13 39 49 11 38 2
49 11 38 122 20 47 12
122 20 47 140 28 40 10
140 28 40 130 23 37 5
130 23 37 55 36 12 28
55 36 12 61 35 28 16
61 35 28 64 35 31 3
64 35 31 51 35 30 1
51 35 30 71 64 18 31
71 64 18 28 74 11 12
28 74 11 69 60 20 16
69 60 20 90 60 16 4
90 60 16 3 55 13 5
3 55 13 108 51 19 7
108 51 19 120 22 7 31
120 22 7 109 95 9 73
109 95 9 11 104 25 18
11 104 25 33 101 28 4
33 101 28 47 91 12 18
47 91 12 102 93 13 2
102 93 13 113 77 34 26
113 77 34 24 81 23 11
24 81 23 29 90 45 23
29 90 45 66 94 42 5
66 94 42 133 74 54 23
133 74 54 50 62 62 14
50 62 62 87 90 62 28
87 90 62 48 89 55 7
48 89 55 107 89 51 4
107 89 51 127 83 60 10
127 83 60 134 101 64 18
134 101 64 95 54 30 58
95 54 30 75 55 38 8
